<?xml version="1.0" encoding="UTF-8"?>
<testsuite xmlns:xsi="http://www.w3.org/2001/XMLSchema-instance" xsi:noNamespaceSchemaLocation="https://maven.apache.org/surefire/maven-surefire-plugin/xsd/surefire-test-report-3.0.xsd" version="3.0" name="cucumber.Options.TestRunner" time="13.468" tests="5" errors="0" skipped="0" failures="0">
  <properties>
    <property name="java.specification.version" value="21"/>
    <property name="sun.cpu.isalist" value="amd64"/>
    <property name="sun.jnu.encoding" value="Cp1252"/>
    <property name="java.class.path" value="C:\Users\karth\newWorkspace\RestAssuredCucumberJava\target\test-classes;C:\Users\karth\newWorkspace\RestAssuredCucumberJava\target\classes;C:\Users\karth\.m2\repository\io\cucumber\gherkin\29.0.0\gherkin-29.0.0.jar;C:\Users\karth\.m2\repository\io\cucumber\messages\24.1.0\messages-24.1.0.jar;C:\Users\karth\.m2\repository\io\cucumber\cucumber-java\7.20.0\cucumber-java-7.20.0.jar;C:\Users\karth\.m2\repository\io\cucumber\cucumber-core\7.20.0\cucumber-core-7.20.0.jar;C:\Users\karth\.m2\repository\io\cucumber\cucumber-gherkin\7.20.0\cucumber-gherkin-7.20.0.jar;C:\Users\karth\.m2\repository\io\cucumber\cucumber-gherkin-messages\7.20.0\cucumber-gherkin-messages-7.20.0.jar;C:\Users\karth\.m2\repository\io\cucumber\testng-xml-formatter\0.2.0\testng-xml-formatter-0.2.0.jar;C:\Users\karth\.m2\repository\io\cucumber\query\12.2.0\query-12.2.0.jar;C:\Users\karth\.m2\repository\io\cucumber\tag-expressions\6.1.0\tag-expressions-6.1.0.jar;C:\Users\karth\.m2\repository\io\cucumber\cucumber-expressions\17.1.0\cucumber-expressions-17.1.0.jar;C:\Users\karth\.m2\repository\io\cucumber\datatable\7.20.0\datatable-7.20.0.jar;C:\Users\karth\.m2\repository\io\cucumber\cucumber-plugin\7.20.0\cucumber-plugin-7.20.0.jar;C:\Users\karth\.m2\repository\io\cucumber\docstring\7.20.0\docstring-7.20.0.jar;C:\Users\karth\.m2\repository\io\cucumber\html-formatter\21.7.0\html-formatter-21.7.0.jar;C:\Users\karth\.m2\repository\io\cucumber\junit-xml-formatter\0.5.0\junit-xml-formatter-0.5.0.jar;C:\Users\karth\.m2\repository\io\cucumber\ci-environment\10.0.1\ci-environment-10.0.1.jar;C:\Users\karth\.m2\repository\org\apiguardian\apiguardian-api\1.1.2\apiguardian-api-1.1.2.jar;C:\Users\karth\.m2\repository\io\cucumber\cucumber-junit\7.20.0\cucumber-junit-7.20.0.jar;C:\Users\karth\.m2\repository\junit\junit\4.13.2\junit-4.13.2.jar;C:\Users\karth\.m2\repository\org\hamcrest\hamcrest-core\1.3\hamcrest-core-1.3.jar;C:\Users\karth\.m2\repository\org\apache\groovy\groovy\4.0.23\groovy-4.0.23.jar;C:\Users\karth\.m2\repository\io\rest-assured\rest-assured\5.5.0\rest-assured-5.5.0.jar;C:\Users\karth\.m2\repository\org\apache\groovy\groovy-xml\4.0.22\groovy-xml-4.0.22.jar;C:\Users\karth\.m2\repository\org\apache\httpcomponents\httpclient\4.5.13\httpclient-4.5.13.jar;C:\Users\karth\.m2\repository\org\apache\httpcomponents\httpcore\4.4.13\httpcore-4.4.13.jar;C:\Users\karth\.m2\repository\commons-logging\commons-logging\1.2\commons-logging-1.2.jar;C:\Users\karth\.m2\repository\commons-codec\commons-codec\1.11\commons-codec-1.11.jar;C:\Users\karth\.m2\repository\org\apache\httpcomponents\httpmime\4.5.13\httpmime-4.5.13.jar;C:\Users\karth\.m2\repository\org\hamcrest\hamcrest\2.2\hamcrest-2.2.jar;C:\Users\karth\.m2\repository\org\ccil\cowan\tagsoup\tagsoup\1.2.1\tagsoup-1.2.1.jar;C:\Users\karth\.m2\repository\io\rest-assured\json-path\5.5.0\json-path-5.5.0.jar;C:\Users\karth\.m2\repository\org\apache\groovy\groovy-json\4.0.22\groovy-json-4.0.22.jar;C:\Users\karth\.m2\repository\io\rest-assured\rest-assured-common\5.5.0\rest-assured-common-5.5.0.jar;C:\Users\karth\.m2\repository\io\rest-assured\xml-path\5.5.0\xml-path-5.5.0.jar;C:\Users\karth\.m2\repository\org\apache\commons\commons-lang3\3.11\commons-lang3-3.11.jar;C:\Users\karth\.m2\repository\org\apache\poi\poi-ooxml\5.3.0\poi-ooxml-5.3.0.jar;C:\Users\karth\.m2\repository\org\apache\poi\poi\5.3.0\poi-5.3.0.jar;C:\Users\karth\.m2\repository\org\apache\commons\commons-math3\3.6.1\commons-math3-3.6.1.jar;C:\Users\karth\.m2\repository\com\zaxxer\SparseBitSet\1.3\SparseBitSet-1.3.jar;C:\Users\karth\.m2\repository\org\apache\poi\poi-ooxml-lite\5.3.0\poi-ooxml-lite-5.3.0.jar;C:\Users\karth\.m2\repository\org\apache\xmlbeans\xmlbeans\5.2.1\xmlbeans-5.2.1.jar;C:\Users\karth\.m2\repository\org\apache\commons\commons-compress\1.26.2\commons-compress-1.26.2.jar;C:\Users\karth\.m2\repository\commons-io\commons-io\2.16.1\commons-io-2.16.1.jar;C:\Users\karth\.m2\repository\com\github\virtuald\curvesapi\1.08\curvesapi-1.08.jar;C:\Users\karth\.m2\repository\org\apache\logging\log4j\log4j-api\2.23.1\log4j-api-2.23.1.jar;C:\Users\karth\.m2\repository\org\apache\commons\commons-collections4\4.4\commons-collections4-4.4.jar;C:\Users\karth\.m2\repository\io\rest-assured\json-schema-validator\5.3.0\json-schema-validator-5.3.0.jar;C:\Users\karth\.m2\repository\com\github\java-json-tools\json-schema-validator\2.2.14\json-schema-validator-2.2.14.jar;C:\Users\karth\.m2\repository\com\google\guava\guava\28.2-android\guava-28.2-android.jar;C:\Users\karth\.m2\repository\com\google\guava\failureaccess\1.0.1\failureaccess-1.0.1.jar;C:\Users\karth\.m2\repository\com\google\guava\listenablefuture\9999.0-empty-to-avoid-conflict-with-guava\listenablefuture-9999.0-empty-to-avoid-conflict-with-guava.jar;C:\Users\karth\.m2\repository\org\checkerframework\checker-compat-qual\2.5.5\checker-compat-qual-2.5.5.jar;C:\Users\karth\.m2\repository\com\google\j2objc\j2objc-annotations\1.3\j2objc-annotations-1.3.jar;C:\Users\karth\.m2\repository\com\github\java-json-tools\jackson-coreutils-equivalence\1.0\jackson-coreutils-equivalence-1.0.jar;C:\Users\karth\.m2\repository\com\github\java-json-tools\jackson-coreutils\2.0\jackson-coreutils-2.0.jar;C:\Users\karth\.m2\repository\com\github\java-json-tools\msg-simple\1.2\msg-simple-1.2.jar;C:\Users\karth\.m2\repository\com\github\java-json-tools\btf\1.3\btf-1.3.jar;C:\Users\karth\.m2\repository\com\github\java-json-tools\json-schema-core\1.2.14\json-schema-core-1.2.14.jar;C:\Users\karth\.m2\repository\com\github\java-json-tools\uri-template\0.10\uri-template-0.10.jar;C:\Users\karth\.m2\repository\org\mozilla\rhino\1.7.7.2\rhino-1.7.7.2.jar;C:\Users\karth\.m2\repository\com\sun\mail\mailapi\1.6.2\mailapi-1.6.2.jar;C:\Users\karth\.m2\repository\joda-time\joda-time\2.10.5\joda-time-2.10.5.jar;C:\Users\karth\.m2\repository\com\googlecode\libphonenumber\libphonenumber\8.11.1\libphonenumber-8.11.1.jar;C:\Users\karth\.m2\repository\com\google\code\findbugs\jsr305\3.0.2\jsr305-3.0.2.jar;C:\Users\karth\.m2\repository\net\sf\jopt-simple\jopt-simple\5.0.4\jopt-simple-5.0.4.jar;C:\Users\karth\.m2\repository\com\fasterxml\jackson\core\jackson-databind\2.18.0\jackson-databind-2.18.0.jar;C:\Users\karth\.m2\repository\com\fasterxml\jackson\core\jackson-annotations\2.18.0\jackson-annotations-2.18.0.jar;C:\Users\karth\.m2\repository\com\fasterxml\jackson\core\jackson-core\2.18.0\jackson-core-2.18.0.jar;C:\Users\karth\.m2\repository\com\google\code\gson\gson\2.11.0\gson-2.11.0.jar;C:\Users\karth\.m2\repository\com\google\errorprone\error_prone_annotations\2.27.0\error_prone_annotations-2.27.0.jar;"/>
    <property name="java.vm.vendor" value="Oracle Corporation"/>
    <property name="sun.arch.data.model" value="64"/>
    <property name="user.variant" value=""/>
    <property name="java.vendor.url" value="https://java.oracle.com/"/>
    <property name="user.timezone" value="Asia/Calcutta"/>
    <property name="os.name" value="Windows 11"/>
    <property name="java.vm.specification.version" value="21"/>
    <property name="sun.java.launcher" value="SUN_STANDARD"/>
    <property name="user.country" value="IN"/>
    <property name="sun.boot.library.path" value="C:\Program Files\Java\jdk-21\bin"/>
    <property name="sun.java.command" value="C:\Users\karth\AppData\Local\Temp\surefire8893771745942543756\surefirebooter-20241012010809386_3.jar C:\Users\karth\AppData\Local\Temp\surefire8893771745942543756 2024-10-12T01-08-08_920-jvmRun1 surefire-20241012010809386_1tmp surefire_0-20241012010809386_2tmp"/>
    <property name="jdk.debug" value="release"/>
    <property name="surefire.test.class.path" value="C:\Users\karth\newWorkspace\RestAssuredCucumberJava\target\test-classes;C:\Users\karth\newWorkspace\RestAssuredCucumberJava\target\classes;C:\Users\karth\.m2\repository\io\cucumber\gherkin\29.0.0\gherkin-29.0.0.jar;C:\Users\karth\.m2\repository\io\cucumber\messages\24.1.0\messages-24.1.0.jar;C:\Users\karth\.m2\repository\io\cucumber\cucumber-java\7.20.0\cucumber-java-7.20.0.jar;C:\Users\karth\.m2\repository\io\cucumber\cucumber-core\7.20.0\cucumber-core-7.20.0.jar;C:\Users\karth\.m2\repository\io\cucumber\cucumber-gherkin\7.20.0\cucumber-gherkin-7.20.0.jar;C:\Users\karth\.m2\repository\io\cucumber\cucumber-gherkin-messages\7.20.0\cucumber-gherkin-messages-7.20.0.jar;C:\Users\karth\.m2\repository\io\cucumber\testng-xml-formatter\0.2.0\testng-xml-formatter-0.2.0.jar;C:\Users\karth\.m2\repository\io\cucumber\query\12.2.0\query-12.2.0.jar;C:\Users\karth\.m2\repository\io\cucumber\tag-expressions\6.1.0\tag-expressions-6.1.0.jar;C:\Users\karth\.m2\repository\io\cucumber\cucumber-expressions\17.1.0\cucumber-expressions-17.1.0.jar;C:\Users\karth\.m2\repository\io\cucumber\datatable\7.20.0\datatable-7.20.0.jar;C:\Users\karth\.m2\repository\io\cucumber\cucumber-plugin\7.20.0\cucumber-plugin-7.20.0.jar;C:\Users\karth\.m2\repository\io\cucumber\docstring\7.20.0\docstring-7.20.0.jar;C:\Users\karth\.m2\repository\io\cucumber\html-formatter\21.7.0\html-formatter-21.7.0.jar;C:\Users\karth\.m2\repository\io\cucumber\junit-xml-formatter\0.5.0\junit-xml-formatter-0.5.0.jar;C:\Users\karth\.m2\repository\io\cucumber\ci-environment\10.0.1\ci-environment-10.0.1.jar;C:\Users\karth\.m2\repository\org\apiguardian\apiguardian-api\1.1.2\apiguardian-api-1.1.2.jar;C:\Users\karth\.m2\repository\io\cucumber\cucumber-junit\7.20.0\cucumber-junit-7.20.0.jar;C:\Users\karth\.m2\repository\junit\junit\4.13.2\junit-4.13.2.jar;C:\Users\karth\.m2\repository\org\hamcrest\hamcrest-core\1.3\hamcrest-core-1.3.jar;C:\Users\karth\.m2\repository\org\apache\groovy\groovy\4.0.23\groovy-4.0.23.jar;C:\Users\karth\.m2\repository\io\rest-assured\rest-assured\5.5.0\rest-assured-5.5.0.jar;C:\Users\karth\.m2\repository\org\apache\groovy\groovy-xml\4.0.22\groovy-xml-4.0.22.jar;C:\Users\karth\.m2\repository\org\apache\httpcomponents\httpclient\4.5.13\httpclient-4.5.13.jar;C:\Users\karth\.m2\repository\org\apache\httpcomponents\httpcore\4.4.13\httpcore-4.4.13.jar;C:\Users\karth\.m2\repository\commons-logging\commons-logging\1.2\commons-logging-1.2.jar;C:\Users\karth\.m2\repository\commons-codec\commons-codec\1.11\commons-codec-1.11.jar;C:\Users\karth\.m2\repository\org\apache\httpcomponents\httpmime\4.5.13\httpmime-4.5.13.jar;C:\Users\karth\.m2\repository\org\hamcrest\hamcrest\2.2\hamcrest-2.2.jar;C:\Users\karth\.m2\repository\org\ccil\cowan\tagsoup\tagsoup\1.2.1\tagsoup-1.2.1.jar;C:\Users\karth\.m2\repository\io\rest-assured\json-path\5.5.0\json-path-5.5.0.jar;C:\Users\karth\.m2\repository\org\apache\groovy\groovy-json\4.0.22\groovy-json-4.0.22.jar;C:\Users\karth\.m2\repository\io\rest-assured\rest-assured-common\5.5.0\rest-assured-common-5.5.0.jar;C:\Users\karth\.m2\repository\io\rest-assured\xml-path\5.5.0\xml-path-5.5.0.jar;C:\Users\karth\.m2\repository\org\apache\commons\commons-lang3\3.11\commons-lang3-3.11.jar;C:\Users\karth\.m2\repository\org\apache\poi\poi-ooxml\5.3.0\poi-ooxml-5.3.0.jar;C:\Users\karth\.m2\repository\org\apache\poi\poi\5.3.0\poi-5.3.0.jar;C:\Users\karth\.m2\repository\org\apache\commons\commons-math3\3.6.1\commons-math3-3.6.1.jar;C:\Users\karth\.m2\repository\com\zaxxer\SparseBitSet\1.3\SparseBitSet-1.3.jar;C:\Users\karth\.m2\repository\org\apache\poi\poi-ooxml-lite\5.3.0\poi-ooxml-lite-5.3.0.jar;C:\Users\karth\.m2\repository\org\apache\xmlbeans\xmlbeans\5.2.1\xmlbeans-5.2.1.jar;C:\Users\karth\.m2\repository\org\apache\commons\commons-compress\1.26.2\commons-compress-1.26.2.jar;C:\Users\karth\.m2\repository\commons-io\commons-io\2.16.1\commons-io-2.16.1.jar;C:\Users\karth\.m2\repository\com\github\virtuald\curvesapi\1.08\curvesapi-1.08.jar;C:\Users\karth\.m2\repository\org\apache\logging\log4j\log4j-api\2.23.1\log4j-api-2.23.1.jar;C:\Users\karth\.m2\repository\org\apache\commons\commons-collections4\4.4\commons-collections4-4.4.jar;C:\Users\karth\.m2\repository\io\rest-assured\json-schema-validator\5.3.0\json-schema-validator-5.3.0.jar;C:\Users\karth\.m2\repository\com\github\java-json-tools\json-schema-validator\2.2.14\json-schema-validator-2.2.14.jar;C:\Users\karth\.m2\repository\com\google\guava\guava\28.2-android\guava-28.2-android.jar;C:\Users\karth\.m2\repository\com\google\guava\failureaccess\1.0.1\failureaccess-1.0.1.jar;C:\Users\karth\.m2\repository\com\google\guava\listenablefuture\9999.0-empty-to-avoid-conflict-with-guava\listenablefuture-9999.0-empty-to-avoid-conflict-with-guava.jar;C:\Users\karth\.m2\repository\org\checkerframework\checker-compat-qual\2.5.5\checker-compat-qual-2.5.5.jar;C:\Users\karth\.m2\repository\com\google\j2objc\j2objc-annotations\1.3\j2objc-annotations-1.3.jar;C:\Users\karth\.m2\repository\com\github\java-json-tools\jackson-coreutils-equivalence\1.0\jackson-coreutils-equivalence-1.0.jar;C:\Users\karth\.m2\repository\com\github\java-json-tools\jackson-coreutils\2.0\jackson-coreutils-2.0.jar;C:\Users\karth\.m2\repository\com\github\java-json-tools\msg-simple\1.2\msg-simple-1.2.jar;C:\Users\karth\.m2\repository\com\github\java-json-tools\btf\1.3\btf-1.3.jar;C:\Users\karth\.m2\repository\com\github\java-json-tools\json-schema-core\1.2.14\json-schema-core-1.2.14.jar;C:\Users\karth\.m2\repository\com\github\java-json-tools\uri-template\0.10\uri-template-0.10.jar;C:\Users\karth\.m2\repository\org\mozilla\rhino\1.7.7.2\rhino-1.7.7.2.jar;C:\Users\karth\.m2\repository\com\sun\mail\mailapi\1.6.2\mailapi-1.6.2.jar;C:\Users\karth\.m2\repository\joda-time\joda-time\2.10.5\joda-time-2.10.5.jar;C:\Users\karth\.m2\repository\com\googlecode\libphonenumber\libphonenumber\8.11.1\libphonenumber-8.11.1.jar;C:\Users\karth\.m2\repository\com\google\code\findbugs\jsr305\3.0.2\jsr305-3.0.2.jar;C:\Users\karth\.m2\repository\net\sf\jopt-simple\jopt-simple\5.0.4\jopt-simple-5.0.4.jar;C:\Users\karth\.m2\repository\com\fasterxml\jackson\core\jackson-databind\2.18.0\jackson-databind-2.18.0.jar;C:\Users\karth\.m2\repository\com\fasterxml\jackson\core\jackson-annotations\2.18.0\jackson-annotations-2.18.0.jar;C:\Users\karth\.m2\repository\com\fasterxml\jackson\core\jackson-core\2.18.0\jackson-core-2.18.0.jar;C:\Users\karth\.m2\repository\com\google\code\gson\gson\2.11.0\gson-2.11.0.jar;C:\Users\karth\.m2\repository\com\google\errorprone\error_prone_annotations\2.27.0\error_prone_annotations-2.27.0.jar;"/>
    <property name="sun.cpu.endian" value="little"/>
    <property name="user.home" value="C:\Users\karth"/>
    <property name="user.language" value="en"/>
    <property name="java.specification.vendor" value="Oracle Corporation"/>
    <property name="java.version.date" value="2024-07-16"/>
    <property name="java.home" value="C:\Program Files\Java\jdk-21"/>
    <property name="file.separator" value="\"/>
    <property name="basedir" value="C:\Users\karth\newWorkspace\RestAssuredCucumberJava"/>
    <property name="java.vm.compressedOopsMode" value="Zero based"/>
    <property name="line.separator" value="&#10;"/>
    <property name="java.vm.specification.vendor" value="Oracle Corporation"/>
    <property name="java.specification.name" value="Java Platform API Specification"/>
    <property name="surefire.real.class.path" value="C:\Users\karth\AppData\Local\Temp\surefire8893771745942543756\surefirebooter-20241012010809386_3.jar"/>
    <property name="user.script" value=""/>
    <property name="sun.management.compiler" value="HotSpot 64-Bit Tiered Compilers"/>
    <property name="java.runtime.version" value="21.0.4+8-LTS-274"/>
    <property name="user.name" value="Aishwarya K"/>
    <property name="stdout.encoding" value="Cp1252"/>
    <property name="path.separator" value=";"/>
    <property name="os.version" value="10.0"/>
    <property name="java.runtime.name" value="Java(TM) SE Runtime Environment"/>
    <property name="file.encoding" value="UTF-8"/>
    <property name="java.vm.name" value="Java HotSpot(TM) 64-Bit Server VM"/>
    <property name="localRepository" value="C:\Users\karth\.m2\repository"/>
    <property name="java.vendor.url.bug" value="https://bugreport.java.com/bugreport/"/>
    <property name="java.io.tmpdir" value="C:\Users\karth\AppData\Local\Temp\"/>
    <property name="java.version" value="21.0.4"/>
    <property name="user.dir" value="C:\Users\karth\newWorkspace\RestAssuredCucumberJava"/>
    <property name="os.arch" value="amd64"/>
    <property name="java.vm.specification.name" value="Java Virtual Machine Specification"/>
    <property name="sun.os.patch.level" value=""/>
    <property name="native.encoding" value="Cp1252"/>
    <property name="java.library.path" value="C:\Program Files\Java\jdk-21\bin;C:\windows\Sun\Java\bin;C:\windows\system32;C:\windows;C:\Python312\Scripts\;C:\Python312\;C:\Program Files\Common Files\Oracle\Java\javapath;C:\windows\system32;C:\windows;C:\windows\System32\Wbem;C:\windows\System32\WindowsPowerShell\v1.0\;C:\windows\System32\OpenSSH\;C:\Program Files (x86)\Microsoft SQL Server\160\Tools\Binn\;C:\Program Files\Microsoft SQL Server\160\Tools\Binn\;C:\Program Files\Microsoft SQL Server\Client SDK\ODBC\170\Tools\Binn\;C:\Program Files\Microsoft SQL Server\160\DTS\Binn\;C:\Android;C:\Windows\System32;C:\Program Files\Java\jdk-20\bin;C:\Program Files\apache-maven-3.9.4\bin;C:\Program Files\nodejs\;C:\ProgramData\chocolatey\bin;C:\Program Files\Microsoft VS Code\bin;C:\Program Files\HP\HP One Agent;C:\Program Files\Git\cmd;C:\Program Files\MySQL\MySQL Shell 8.0\bin\;C:\Users\karth\anaconda3;C:\Users\karth\anaconda3\Library\mingw-w64\bin;C:\Users\karth\anaconda3\Library\usr\bin;C:\Users\karth\anaconda3\Library\bin;C:\Users\karth\anaconda3\Scripts;C:\Users\karth\AppData\Local\Microsoft\WindowsApps;C:\Program Files\Azure Data Studio\bin;C:\Program Files\Java\jdk-21\bin;C:\Program Files\apache-maven-3.9.4\bin;C:\Users\karth\AppData\Roaming\npm;C:\Users\karth\AppData\Roaming\Python\Python312;C:\Users\karth\AppData\Roaming\Python\Python312\Scripts;C:\Program Files\JetBrains\PyCharm Community Edition 2024.2.3\bin;;C:\Program Files\nodejs;;."/>
    <property name="java.vm.info" value="mixed mode, sharing"/>
    <property name="stderr.encoding" value="Cp1252"/>
    <property name="java.vendor" value="Oracle Corporation"/>
    <property name="java.vm.version" value="21.0.4+8-LTS-274"/>
    <property name="sun.io.unicode.encoding" value="UnicodeLittle"/>
    <property name="java.class.version" value="65.0"/>
  </properties>
  <testcase name="Validate Jira Issue Creation" classname="Validate E2E Jira Issue creation, modification and deletion" time="6.766">
    <system-out><![CDATA[
@JiraValidation @createIssue
Scenario: Validate Jira Issue Creation                             # src/test/resources/features/JiraValidation.feature:5
  Given I add the payload for "CreateIssueInJiraAPI"               # stepDefinitions.Test.i_add_the_payload_for(java.lang.String)
Request method:	POST
Request URI:	https://aishwaryakandavel.atlassian.net/rest/api/3/issue/
Proxy:			<none>
Request params:	<none>
Query params:	<none>
Form params:	<none>
Path params:	<none>
Headers:		Authorization=Basic YWlzaHdhcnlhLmthbmRhdmVsQGdtYWlsLmNvbTpBVEFUVDN4RmZHRjAzV05BaU5BMlo0RDVzek8wdnZlS29PeklQRXFLeW91OXF4UU5xS2RkZ1JkZVQ3S3VidV9iVFdmZ2V4TXAtS3B5Y2c0NU1qZmUzNVFMTlpyckZVTFplSG5ic0ItRTg3anVGbDIwdmxINFBmVHdOZ2t2UHotV2lPcHFsWU5aNVNjUUxOeklrWE5zM2pFMERvLV9ZcDc3YnptTmhTVXNzdTBub0F1MkZjdmszaW89RUFGMEJGREQ=
				Accept=*/*
				Content-Type=application/json
Cookies:		<none>
Multiparts:		<none>
Body:
{
    "fields": {
        "project": {
            "key": "SCRUM"
        },
        "summary": "Incorrect total price calculation on the checkout page",
        "description": {
            "content": [
                {
                    "content": [
                        {
                            "text": "Given: I have added products to the cart. When: I navigate to the checkout page. Then: Expected: The total price should be calculated correctly. Actual: The total price is higher than the actual price of products in the cart",
                            "type": "text"
                        }
                    ],
                    "type": "paragraph"
                }
            ],
            "type": "doc",
            "version": 1
        },
        "issuetype": {
            "name": "Bug"
        }
    }
}
Request method:	POST
Request URI:	https://aishwaryakandavel.atlassian.net/rest/api/3/issue/
Proxy:			<none>
Request params:	<none>
Query params:	<none>
Form params:	<none>
Path params:	<none>
Headers:		Authorization=Basic YWlzaHdhcnlhLmthbmRhdmVsQGdtYWlsLmNvbTpBVEFUVDN4RmZHRjAzV05BaU5BMlo0RDVzek8wdnZlS29PeklQRXFLeW91OXF4UU5xS2RkZ1JkZVQ3S3VidV9iVFdmZ2V4TXAtS3B5Y2c0NU1qZmUzNVFMTlpyckZVTFplSG5ic0ItRTg3anVGbDIwdmxINFBmVHdOZ2t2UHotV2lPcHFsWU5aNVNjUUxOeklrWE5zM2pFMERvLV9ZcDc3YnptTmhTVXNzdTBub0F1MkZjdmszaW89RUFGMEJGREQ=
				Accept=*/*
				Content-Type=application/json
Cookies:		<none>
Multiparts:		<none>
Body:
{
    "fields": {
        "project": {
            "key": "SCRUM"
        },
        "summary": "Incorrect total price calculation on the checkout page",
        "description": {
            "content": [
                {
                    "content": [
                        {
                            "text": "Given: I have added products to the cart. When: I navigate to the checkout page. Then: Expected: The total price should be calculated correctly. Actual: The total price is higher than the actual price of products in the cart",
                            "type": "text"
                        }
                    ],
                    "type": "paragraph"
                }
            ],
            "type": "doc",
            "version": 1
        },
        "issuetype": {
            "name": "Bug"
        }
    }
}
  When I call "createIssueResource" with "POST" http request       # stepDefinitions.Test.i_call_with_post_http_request(java.lang.String,java.lang.String)
  Then I verify API call got success with staus code 201           # stepDefinitions.Test.i_verify_api_call_got_success_with_status_code(int)
  Then I verify API response schema with JSON scehma "CreateIssue" # stepDefinitions.Test.i_verify_api_response_schema_with_json_schema(java.lang.String)
  Then I capture the API response values for "id;key;self"         # stepDefinitions.Test.i_capture_the_api_response_values_for(java.lang.String)
]]></system-out>
  </testcase>
  <testcase name="Validate Jira Add Attachment" classname="Validate E2E Jira Issue creation, modification and deletion" time="1.983">
    <system-out><![CDATA[
@JiraValidation @addAttachment
Scenario: Validate Jira Add Attachment                           # src/test/resources/features/JiraValidation.feature:13
  Given I set headers for "addAttachmentInJira"                  # stepDefinitions.Test.i_set_headers_for(java.lang.String)
  Given I set "issueId" path parameter with "id"                 # stepDefinitions.Test.i_set_path_parameter(java.lang.String,java.lang.String)
  Given I set file value for "addAttachmentFile"                 # stepDefinitions.Test.i_set_file_value_for(java.lang.String)
  Given I build the request                                      # stepDefinitions.Test.i_build_the_request()
Request method:	POST
Request URI:	https://aishwaryakandavel.atlassian.net/rest/api/3/issue/10090/attachments
Proxy:			<none>
Request params:	<none>
Query params:	<none>
Form params:	<none>
Path params:	issueId=10090
Headers:		Authorization=Basic YWlzaHdhcnlhLmthbmRhdmVsQGdtYWlsLmNvbTpBVEFUVDN4RmZHRjAzV05BaU5BMlo0RDVzek8wdnZlS29PeklQRXFLeW91OXF4UU5xS2RkZ1JkZVQ3S3VidV9iVFdmZ2V4TXAtS3B5Y2c0NU1qZmUzNVFMTlpyckZVTFplSG5ic0ItRTg3anVGbDIwdmxINFBmVHdOZ2t2UHotV2lPcHFsWU5aNVNjUUxOeklrWE5zM2pFMERvLV9ZcDc3YnptTmhTVXNzdTBub0F1MkZjdmszaW89RUFGMEJGREQ=
				X-Atlassian-Token=no-check
				Accept=*/*
				Content-Type=multipart/form-data
Cookies:		<none>
Multiparts:		------------
				Content-Disposition: form-data; name = file; filename = incorrectTotal.png
				Content-Type: application/octet-stream

				�PNG
				&amp#26;
&amp#0;&amp#0;&amp#0;IHDR&amp#0;&amp#0;
z&amp#0;&amp#0;&amp#7;^&amp#8;&amp#2;&amp#0;&amp#0;&amp#0;D&amp#14;�&amp#0;&amp#0;
�iCCPICC Profile&amp#0;&amp#0;H���&amp#7;T��&amp#22;����CB&amp#11;]J�&amp#29;�&amp#4;�&amp#18;z&amp#0;�WQ	I ���&amp#16;PĆ,��*""����&amp#2;
�.EւX� &amp#2;&amp#22;,�,
�X&amp#16;&amp#21;���G��w�{��s&�;w�g�?w&amp#0; �1&amp#5;�TX&amp#22;�4~�0�׃&amp#26;&amp#29;&amp#19;K�=&amp#3;&amp#16; &amp#2;<�&amp#2;��&amp#18;	����&amp#0;������&amp#30;b��m�i_���&amp#21;y6G�&amp#2;&amp#0;�C8�-b�!܆�&amp#23;,�0&amp#3;&amp#0;�1D���!��n�&amp#21;�H�&amp#8;�6�I��q�&amp#19;f&amp#24;M��	&amp#15;�D�
&amp#0;��d
�&amp#0; �!zj&+	�C�������&amp#17;�Aؕ�e�&amp#17;>��YZZ�4� l��&amp#11;&amp#0; #�&amp#1;����L���&amp#4;�&3I³y�&amp#8;ދ'&amp#18;�2W����ߒ�*���&amp#0;&amp#25;$��/t��H�&amp#7;H���$h�y�ٺO3W�&amp#23;1�,�g�&amp#28;��^&amp#1;���K&amp#2;�8��Ð��`��1G�&amp#29;6���P�^�BO�&amp#28;3����S"$z.�!�����L^�9&amp#22;��&amp#5;��xJ�Bq�$~&amp#14;��c~_&amp#31;I�i����cH�fp��$�3������>Eђ��&amp#28;/�y�&amp#8;�� �C�� 5Xb�I���E�a��&amp#25;��_&amp#27;,�a2�?x�A �E�&amp#31;�&amp#2;��l&amp#11;��38�2�&amp#19;�L&amp#23;�&amp#22;�&amp#25;T:r�8T&amp#6;�eaF����&amp#6;`���&amp#30;�w!3w&amp#18;R�ץ&amp#31;@��8r_��u	�&amp#1;h�&amp#12;�ʃy�^%&amp#0;2y&amp#0;4]d����:��&amp#15;&amp#6;�&�&amp#0;&amp#5;�
4�.0&amp#2;��&amp#26;�&amp#3;g�&amp#14;��?&amp#8;&amp#2;� &amp#6;,&amp#7;,�&amp#5;i@&amp#8;�@&amp#14;�&amp#8;�A!(&amp#2;�@9�&amp#4;��(8&amp#14;N�fp&amp#6;\&amp#0;W���G`&amp#0;&amp#12;��`&amp#12;|&amp#0;�&amp#16;&amp#4;� 2D�T!-H&amp#31;2��!&amp#26;�
yC�P(&amp#20;&amp#3;�CI&amp#16;&amp#31;&amp#18;C9�&�&amp#16;*�ʡ�P�&amp#19;t&amp#26;�&amp#0;]�z�&amp#7;� 4
��>�(�&amp#4;+�&amp#26;�&amp#1;�&amp#16;��t8&amp#0;&amp#14;���I�J8&amp#27;΃��ep&amp#21;|&amp#12;n�/�7��&amp#0;�&amp#18;&amp#30;G&amp#1;�&amp#20;J	��2G�P�� T,*&amp#17;%D�C&amp#21;�JQU�zT+�&amp#3;u&amp#27;5�z���Ƣ)h*�&amp#28;��CG�Y��u��r�Qt&amp#19;�&amp#18;�6z&amp#16;=���!c�1�&amp#24;'&amp#12;&amp#3;&amp#19;�I�da�1��ØF�e�]�0�&amp#3;&amp#22;�U�&amp#26;b&amp#29;�~�&amp#24;l2vv+v&amp#31;�&amp#1;ۆ��&amp#14;a�q8�*�&amp#20;�&amp#11;�1q&amp#25;�|�&amp#30;�1�y\/n&amp#24;�&amp#17;/���[�}�x>>&amp#23;_��ş����'	�&amp#4;}�&amp#19;!��&�&l'&amp#28;"�&amp#18;n&amp#17;�	�D9�!х&amp#24;NL&n$�&amp#17;뉗���wRRR:R�R!R<�ReR'��JJ}"ɓLH��8����t��Fz@zG&����Xr&amp#6;y&amp#27;��|����Q�"m!͐fK����n��~-C�ї��,�ɖ)�9%sK�,A�@�S�)�N�B��l��&amp#28;E�J.H.Mn�\��5�&amp#17;y�����<[>O�Z���&amp#16;&amp#5;EѥxRX�M�C�˔a&amp#5;���&amp#2;C!Y�P�B�����b��*�
ų�&amp#3;J(%&amp#3;%�R��v��J��>+k(ӕ9�[��{�'T&amp#22;���pT
T&amp#26;T�|V��z����PmV}��V3Q&amp#11;Q�RۯvY��&amp#2;�&amp#5;�&amp#11;X&amp#11;
&amp#22;�\�P&amp#29;V7Q&amp#15;U_�^�ީ>����!�أqQ㕦���f�f��9�Q-���&amp#22;O�D��&amp#11;�"�NM��Q/QǴյ����&amp#7;���'u&amp#12;u"tru&amp#26;t&amp#30;�&amp#18;ui���%��czZz��r���&amp#30;�&amp#19;�i�\���&amp#29;�&amp#19;&amp#6;�&amp#6;Q&amp#6;��F&amp#12;U&amp#12;&amp#25;�نu��Fd#7��FUFw���4�&amp#20;�}��&���	פ��)ljo�3�g�c�1s4�U��������u�&amp#22;J&amp#22;�&amp#22;�&amp#22;�&amp#22;�&amp#23;�-�]�ca��o�v����,&amp#31;Y�[�[�Z�Z��6�fYWX߱!��ج�i�yckj˱�o{ߎb��n�]��W{&amp#7;{�}�����C��^�>�&amp#2;-���v�&amp#17;������''{�&amp#12;��N8�;�8�:�,2\�Ythѐ��&amp#11;��ˀ+�5���뀛�&amp#27;ӭ���;����s�1=�~�����C���1���ֳ�&amp#11;���U���-�&amp#29;�]���G�'ɧ�g���w�o�&amp#31;�/�o�_&amp#31;C��b�0��&amp#29;���_
 &amp#5;�&amp#5;�&amp#7;<4	&amp#20;&amp#6;�.�&amp#23;�/޹���&amp#18;��� &amp#16;�&amp#8;�&amp#25;�8�0xe�/!ؐ����g�V�9�&amp#29;a��&amp#21;a�a&amp#31;�=·�?�0�&amp#16;G�G�D�E�DNDyE&amp#21;GD/�^&amp#27;}#F-�&amp#23;�&amp#18;����=&amp#28;;��{鮥�qvq�q��&amp#25;.[���r���Ϯ�Y�\q*&amp#30;&amp#19;&amp#31;&amp#21;_&amp#27;��&amp#25;Ĭb�'0&amp#18;�&��<Y�Y/���&amp#18;�(ǅS�y��X�8�䒴3i���-��y��yo���+�'R�R��L�F�6�����N���)�K���{&amp#4;��|��J���V�	&amp#3;��E�h��%C&amp#1;i�:�F��ă���&amp#21;�&amp#31;�"�N��[�_չ�d���ϳ}�\�^�ZӞ���1gp-}��uк�u��u��&amp#31;����F�Ɣ�7s-s�s�o��Ԛ���!o�;������}��7W~����}�&amp#22;�-{�|+`&amp#23;\/�,,-������&amp#15;V?��0�-q[�v�����E��{;�v&amp#28;-�+�.&amp#30;ڹxgS	������&amp#21;���ږV�&�&amp#22;�&amp#30;(&amp#11;,k٣��hϗrn��
�����{�����׻�}}�Fea��&amp#3;�&amp#3;�&amp#15;�&amp#30;l�2�*��VgV?;&amp#20;y��Gڏ5��&amp#14;&amp#23;&amp#30;�z�d�h��K5&amp#14;55�����:q�豸c�ǽ��ԛ�&amp#31;lPj(<&amp#1;N�O��)��{'&amp#3;N������Y�罍�Ƃ&�iu�X3�y�%������V���_,~9rF�L�Yų��&amp#17;�坛:�}~�M���B҅��&amp#21;�.F_�s)�R���W��\��A�8���kN�N_�]o�a��Ӯ�����.���[&amp#14;�Z�&amp#29;�[{&amp#22;���u�p����;�;7�.��s/����������#&amp#15;R&amp#31;�y��p�ц~L�c�ǥOԟT�j�kÀ���A��ΧaO&amp#31;��^�&���p�3���Z�kF�GΌ��v�X�b��������~���������9&amp#22;=6�F�f���w��}�>&amp#30;<��Cڇɉ���&amp#31;�~�}��&amp#28;���d�&amp#23;ܗ���_[�&amp#5;|�J��&amp#18;0�̙V&amp#0;�&amp#12;81&amp#17;��G��8&amp#6;&amp#0;
җ&amp#19;����3&amp#2;;&amp#7;f&amp#8;�'��g�&amp#30;��>&amp#0;��&amp#0;&amp#16;x&amp#19;�=�H;���A�&amp#4;�dD�&amp#8;`&amp#27;&amp#27;����&amp#18;m�g}���&amp#15;�dj�&amp#29;�&amp#3;�v&amp#2;�hjj�jj�k5&amp#18;l?&amp#0;m�ٞ~Z4��E&amp#22;&amp#14;���&amp#15;�je�&amp#31;2���%��`:&amp#2;[���O��&amp#26;��5\d&amp#0;&amp#0;&amp#0;8eXIfMM&amp#0;*&amp#0;&amp#0;&amp#0;&amp#8;&amp#0;&amp#1;�i&amp#0;&amp#4;&amp#0;&amp#0;&amp#0;&amp#1;&amp#0;&amp#0;&amp#0;&amp#26;&amp#0;&amp#0;&amp#0;&amp#0;&amp#0;&amp#2;�&amp#2;&amp#0;&amp#4;&amp#0;&amp#0;&amp#0;&amp#1;&amp#0;&amp#0;
z�&amp#3;&amp#0;&amp#4;&amp#0;&amp#0;&amp#0;&amp#1;&amp#0;&amp#0;&amp#7;^&amp#0;&amp#0;&amp#0;&amp#0;�&amp#23;Ȁ&amp#0;&amp#0;@&amp#0;IDATx&amp#1;��y�]ey(�uN�y&amp#14;$��$�D� �&amp#19;�8ϕ���R�D�8Tk��������V��V��j����jUp�"&amp#14;&amp#21;&amp#5;	��)&amp#16;H&amp#2;!�<&amp#15;���Â�f&amp#15;k�����&amp#12;��>!���wx��:9���}�z{{&amp#19;&amp#23;&amp#1;&amp#2;&amp#4;&amp#8;&amp#16; @�&amp#0;&amp#1;&amp#2;&amp#4;&amp#8;&amp#16; @�&amp#0;&amp#1;&amp#2;&amp#4;&amp#8;&amp#16; @�&amp#0;&amp#1;&amp#2;&amp#4;&amp#8;&amp#16; P�@w=��%@�&amp#0;&amp#1;&amp#2;&amp#4;&amp#8;&amp#16; @�&amp#0;&amp#1;&amp#2;&amp#4;&amp#8;&amp#16; @�&amp#0;&amp#1;&amp#2;&amp#4;&amp#8;&amp#16; @�&amp#0;&amp#1;&amp#2;&amp#4;�&amp#4;���&amp#28;&amp#16; @�&amp#0;&amp#1;&amp#2;&amp#4;&amp#8;&amp#16; @�&amp#0;&amp#1;&amp#2;&amp#4;&amp#8;&amp#16; @�&amp#0;&amp#1;&amp#2;&amp#4;&amp#8;&amp#16; @�&amp#0;��&amp#4;zzz����ꪯ��&amp#4;&amp#8;&amp#16; @�&amp#0;&amp#1;&amp#2;&amp#4;&amp#8;&amp#16; @�&amp#0;&amp#1;&amp#2;&amp#4;&amp#8;&amp#16; @�&amp#0;&amp#1;&amp#2;&amp#4;&amp#8;&amp#16; @��&amp#5;�����?&amp#0;fO�&amp#0;&amp#1;&amp#2;&amp#4;&amp#8;&amp#16; @�&amp#0;&amp#1;&amp#2;&amp#4;&amp#8;&amp#16; @�&amp#0;&amp#1;&amp#2;&amp#4;&amp#8;&amp#16; @�&amp#0;&amp#1;&amp#2;u&amp#11;D��K��n6&amp#8;&amp#16; @�&amp#0;&amp#1;&amp#2;&amp#4;&amp#8;&amp#16; @�&amp#0;&amp#1;&amp#2;&amp#4;&amp#8;&amp#16; @�&amp#0;&amp#1;&amp#2;&amp#4;&amp#8;&amp#16; @��&amp#5;"������&amp#17;0{&amp#2;&amp#4;&amp#8;&amp#16; @�&amp#0;&amp#1;&amp#2;&amp#4;&amp#8;&amp#16; @�&amp#0;&amp#1;&amp#2;&amp#4;&amp#8;&amp#16; @�&amp#0;&amp#1;&amp#2;&amp#4;&amp#8;&amp#16;�_�/�&amp#30;g���P&amp#11;&amp#2;&amp#4;&amp#8;&amp#16; @�&amp#0;&amp#1;&amp#2;&amp#4;&amp#8;&amp#16; @�&amp#0;&amp#1;&amp#2;&amp#4;&amp#8;&amp#16; @�&amp#0;&amp#1;&amp#2;&amp#4;&amp#8;&amp#16; й&amp#2;���6����o�&amp#4;&amp#8;&amp#16; @�&amp#0;&amp#1;&amp#2;&amp#4;&amp#8;&amp#16; @�&amp#0;&amp#1;&amp#2;&amp#4;&amp#8;&amp#16; @�&amp#0;&amp#1;&amp#2;&amp#4;&amp#8;&amp#16; а@���&amp#27;�Ӑ&amp#0;&amp#1;&amp#2;&amp#4;&amp#8;&amp#16; @�&amp#0;&amp#1;&amp#2;&amp#4;&amp#8;&amp#16; @�&amp#0;&amp#1;&amp#2;&amp#4;&amp#8;&amp#16; @�&amp#0;&amp#1;&amp#2;&amp#4;:V����}�&N�&amp#0;&amp#1;&amp#2;&amp#4;&amp#8;&amp#16; @�&amp#0;&amp#1;&amp#2;&amp#4;&amp#8;&amp#16; @�&amp#0;&amp#1;&amp#2;&amp#4;&amp#8;&amp#16; @�&amp#0;&amp#1;&amp#2;�&amp#11;t7�TK&amp#2;&amp#4;&amp#8;&amp#16; @�&amp#0;&amp#1;&amp#2;&amp#4;&amp#8;&amp#16; @�&amp#0;&amp#1;&amp#2;&amp#4;&amp#8;&amp#16; @�&amp#0;&amp#1;&amp#2;&amp#4;&amp#8;&amp#16; Б&amp#2;��|wOOOG�ݤ	&amp#16; @�&amp#0;&amp#1;&amp#2;&amp#4;&amp#8;&amp#16; @�&amp#0;&amp#1;&amp#2;&amp#4;&amp#8;&amp#16; @�&amp#0;&amp#1;&amp#2;&amp#4;&amp#8;&amp#16; @�@�&amp#2;]q9��A<�&amp#8;&amp#16; @�&amp#0;&amp#1;&amp#2;&amp#4;&amp#8;&amp#16; @�&amp#0;&amp#1;&amp#2;&amp#4;&amp#8;&amp#16; @�&amp#0;&amp#1;&amp#2;&amp#4;&amp#8;&amp#16; @��&amp#5;l&��/��	&amp#16; @�&amp#0;&amp#1;&amp#2;&amp#4;&amp#8;&amp#16; @�&amp#0;&amp#1;&amp#2;&amp#4;&amp#8;&amp#16; @�&amp#0;&amp#1;&amp#2;&amp#4;&amp#8;&amp#16; @�!����&amp#27;j�&amp#17;&amp#1;&amp#2;&amp#4;&amp#8;&amp#16; @�&amp#0;&amp#1;&amp#2;&amp#4;&amp#8;&amp#16; @�&amp#0;&amp#1;&amp#2;&amp#4;&amp#8;&amp#16; @�&amp#0;&amp#1;&amp#2;&amp#4;&amp#8;&amp#16;�\�H��L�s_��&amp#19; @�&amp#0;&amp#1;&amp#2;&amp#4;&amp#8;&amp#16; @�&amp#0;&amp#1;&amp#2;&amp#4;&amp#8;&amp#16; @�&amp#0;&amp#1;&amp#2;&amp#4;&amp#8;&amp#16; @�@�&amp#2;V�7L�!&amp#1;&amp#2;&amp#4;&amp#8;&amp#16; @�&amp#0;&amp#1;&amp#2;&amp#4;&amp#8;&amp#16; @�&amp#0;&amp#1;&amp#2;&amp#4;&amp#8;&amp#16; @�&amp#0;&amp#1;&amp#2;&amp#4;&amp#8;t�@�f��_��޴	&amp#16; @�&amp#0;&amp#1;&amp#2;&amp#4;&amp#8;&amp#16; @�&amp#0;&amp#1;&amp#2;&amp#4;&amp#8;&amp#16; @�&amp#0;&amp#1;&amp#2;&amp#4;&amp#8;&amp#16; @�@�&amp#2;6�oTN;&amp#2;&amp#4;&amp#8;&amp#16; @�&amp#0;&amp#1;&amp#2;&amp#4;&amp#8;&amp#16; @�&amp#0;&amp#1;&amp#2;&amp#4;&amp#8;&amp#16; @�&amp#0;&amp#1;&amp#2;&amp#4;&amp#8;&amp#16;�`&amp#1;��w��7u&amp#2;&amp#4;&amp#8;&amp#16; @�&amp#0;&amp#1;&amp#2;&amp#4;&amp#8;&amp#16; @�&amp#0;&amp#1;&amp#2;&amp#4;&amp#8;&amp#16; @�&amp#0;&amp#1;&amp#2;&amp#4;&amp#8;&amp#16;hT@��Q9�&amp#8;&amp#16; @�&amp#0;&amp#1;&amp#2;&amp#4;&amp#8;&amp#16; @�&amp#0;&amp#1;&amp#2;&amp#4;&amp#8;&amp#16; @�&amp#0;&amp#1;&amp#2;&amp#4;&amp#8;&amp#16; @��&amp#5;��;��:&amp#1;&amp#2;&amp#4;&amp#8;&amp#16; @�&amp#0;&amp#1;&amp#2;&amp#4;&amp#8;&amp#16; @�&amp#0;&amp#1;&amp#2;&amp#4;&amp#8;&amp#16; @�&amp#0;&amp#1;&amp#2;&amp#4;&amp#8;4$���+�ސ�F&amp#4;&amp#8;&amp#16; @�&amp#0;&amp#1;&amp#2;&amp#4;&amp#8;&amp#16; @�&amp#0;&amp#1;&amp#2;&amp#4;&amp#8;&amp#16; @�&amp#0;&amp#1;&amp#2;&amp#4;&amp#8;&amp#16; ��&amp#2;�n��:X��	&amp#16; @�&amp#0;&amp#1;&amp#2;&amp#4;&amp#8;&amp#16; @�&amp#0;&amp#1;&amp#2;&amp#4;&amp#8;&amp#16; @�&amp#0;&amp#1;&amp#2;&amp#4;&amp#8;&amp#16; @�@#&amp#2;V�7��&amp#1;&amp#2;&amp#4;&amp#8;&amp#16; @�&amp#0;&amp#1;&amp#2;&amp#4;&amp#8;&amp#16; @�&amp#0;&amp#1;&amp#2;&amp#4;&amp#8;&amp#16; @�&amp#0;&amp#1;&amp#2;&amp#4;&amp#8;t��t{��&amp#0;�>&amp#1;&amp#2;&amp#4;&amp#8;&amp#16; @�&amp#0;&amp#1;&amp#2;&amp#4;&amp#8;&amp#16; @�&amp#0;&amp#1;&amp#2;&amp#4;&amp#8;&amp#16; @�&amp#0;&amp#1;&amp#2;&amp#4;&amp#8;4" �ވ�6&amp#4;&amp#8;&amp#16; @�&amp#0;&amp#1;&amp#2;&amp#4;&amp#8;&amp#16; @�&amp#0;&amp#1;&amp#2;&amp#4;&amp#8;&amp#16; @�&amp#0;&amp#1;&amp#2;&amp#4;&amp#8;&amp#16; ��&amp#2;===�n��&amp#31;&amp#0;s'@�&amp#0;&amp#1;&amp#2;&amp#4;&amp#8;&amp#16; @�&amp#0;&amp#1;&amp#2;&amp#4;&amp#8;&amp#16; @�&amp#0;&amp#1;&amp#2;&amp#4;&amp#8;&amp#16; @�&amp#0;�&amp#6;&amp#5;�no&amp#16;N3&amp#2;&amp#4;&amp#8;&amp#16; @�&amp#0;&amp#1;&amp#2;&amp#4;&amp#8;&amp#16; @�&amp#0;&amp#1;&amp#2;&amp#4;&amp#8;&amp#16; @�&amp#0;&amp#1;&amp#2;&amp#4;&amp#8;&amp#16;�d&amp#1;��N~��N�&amp#0;&amp#1;&amp#2;&amp#4;&amp#8;&amp#16; @�&amp#0;&amp#1;&amp#2;&amp#4;&amp#8;&amp#16; @�&amp#0;&amp#1;&amp#2;&amp#4;&amp#8;&amp#16; @�&amp#0;&amp#1;&amp#2;
				H�7&amp#8;�&amp#25;&amp#1;&amp#2;&amp#4;&amp#8;&amp#16; @�&amp#0;&amp#1;&amp#2;&amp#4;&amp#8;&amp#16; @�&amp#0;&amp#1;&amp#2;&amp#4;&amp#8;&amp#16; @�&amp#0;&amp#1;&amp#2;&amp#4;&amp#8;t�@oo���;��8&amp#1;&amp#2;&amp#4;&amp#8;&amp#16; @�&amp#0;&amp#1;&amp#2;&amp#4;&amp#8;&amp#16; @�&amp#0;&amp#1;&amp#2;&amp#4;&amp#8;&amp#16; @�&amp#0;&amp#1;&amp#2;&amp#4;&amp#8;4.`u{�vZ&amp#18; @�&amp#0;&amp#1;&amp#2;&amp#4;&amp#8;&amp#16; @�&amp#0;&amp#1;&amp#2;&amp#4;&amp#8;&amp#16; @�&amp#0;&amp#1;&amp#2;&amp#4;&amp#8;&amp#16; @�@�
H�w�7q&amp#2;&amp#4;&amp#8;&amp#16; @�&amp#0;&amp#1;&amp#2;&amp#4;&amp#8;&amp#16; @�&amp#0;&amp#1;&amp#2;&amp#4;&amp#8;&amp#16; @�&amp#0;&amp#1;&amp#2;&amp#4;&amp#8;&amp#16;hP�����￮�&amp#6;;Ќ&amp#0;&amp#1;&amp#2;&amp#4;&amp#8;&amp#16; @�&amp#0;&amp#1;&amp#2;&amp#4;&amp#8;&amp#16; @�&amp#0;&amp#1;&amp#2;&amp#4;&amp#8;&amp#16; @�&amp#0;&amp#1;&amp#2;&amp#4;&amp#8;t�@w��ޑ&amp#19;7i&amp#2;&amp#4;&amp#8;&amp#16; @�&amp#0;&amp#1;&amp#2;&amp#4;&amp#8;&amp#16; @�&amp#0;&amp#1;&amp#2;&amp#4;&amp#8;&amp#16; @�&amp#0;&amp#1;&amp#2;&amp#4;&amp#8;&amp#16; Р@�ڻ��&amp#27;�ӌ&amp#0;&amp#1;&amp#2;&amp#4;&amp#8;&amp#16; @�&amp#0;&amp#1;&amp#2;&amp#4;&amp#8;&amp#16; @�&amp#0;&amp#1;&amp#2;&amp#4;&amp#8;&amp#16; @�&amp#0;&amp#1;&amp#2;&amp#4;:U R��n�ԗo�&amp#4;&amp#8;&amp#16; @�&amp#0;&amp#1;&amp#2;&amp#4;&amp#8;&amp#16; @�&amp#0;&amp#1;&amp#2;&amp#4;&amp#8;&amp#16; @�&amp#0;&amp#1;&amp#2;&amp#4;&amp#8;&amp#16; Ш@_�=�no��v&amp#4;&amp#8;&amp#16; @�&amp#0;&amp#1;&amp#2;&amp#4;&amp#8;&amp#16; @�&amp#0;&amp#1;&amp#2;&amp#4;&amp#8;&amp#16; @�&amp#0;&amp#1;&amp#2;&amp#4;&amp#8;&amp#16; @�&amp#19;&amp#5;���m&?�/���� n��ws�&amp#3;�����&amp#20;";o��sg�-|l�f�ۣՍ�|��6-������便ӛ�$��o&amp#2;&amp#4;&amp#8;&amp#16; @�&amp#0;&amp#1;&amp#2;&amp#4;&amp#8;&amp#16; @�&amp#0;&amp#1;&amp#2;&amp#4;&amp#8;&amp#16; @�&amp#0;&amp#1;&amp#2;&amp#4;&amp#8;&amp#16;�(�&amp#21;�ۻ��*>S�R�Ȳ_u��B���X�qOs�W�6�f�B���&amp#20;{!�����.����9��F�&amp#0;&amp#1;&amp#2;&amp#4;&amp#8;&amp#16; @�&amp#0;&amp#1;&amp#2;&amp#4;&amp#8;&amp#16; @�&amp#0;&amp#1;&amp#2;&amp#4;&amp#8;&amp#16; @�&amp#0;��&amp#18;���ݯ��,{���qڔ�%�\_���?�/j��C�By��P�&amp#17; @�&amp#0;&amp#1;&amp#2;&amp#4;&amp#8;&amp#16; @�&amp#0;&amp#1;&amp#2;&amp#4;&amp#8;&amp#16; @�&amp#0;&amp#1;&amp#2;&amp#4;&amp#8;&amp#16; �i&amp#2;���{�W����&amp#21;;�;^�݋&amp#23;�����]�^3$I��D*&amp#16; @�&amp#0;&amp#1;&amp#2;&amp#4;&amp#8;&amp#16; @�&amp#0;&amp#1;&amp#2;&amp#4;&amp#8;&amp#16; @�&amp#0;&amp#1;&amp#2;&amp#4;&amp#8;&amp#16; �Q&amp#2;���]G�&amp#28;�#�;j��lSV�W&amp#11;;2��(��7��b��V���t��|�&amp#25;�@�&amp#0;&amp#1;&amp#2;&amp#4;&amp#8;&amp#16; @�&amp#0;&amp#1;&amp#2;&amp#4;&amp#8;&amp#16; @�&amp#0;&amp#1;&amp#2;&amp#4;&amp#8;&amp#16; @���&amp#16;����ﱥ��B�&amp#11;&��7��SF�\(iݍ�{�l�L�&amp#0;&amp#1;&amp#2;&amp#4;&amp#8;&amp#16; @�&amp#0;&amp#1;&amp#2;&amp#4;&amp#8;&amp#16; @�&amp#0;&amp#1;&amp#2;&amp#4;&amp#8;&amp#16; @��&amp#16;&amp#18;�no��j�����.�z�w&amp#30;�Z�_0k�3&amp#14;N꽯�NsKdܛ�7&amp#2;&amp#4;&amp#8;&amp#16; @�&amp#0;&amp#1;&amp#2;&amp#4;&amp#8;&amp#16; @�&amp#0;&amp#1;&amp#2;&amp#4;&amp#8;&amp#16; @�&amp#0;&amp#1;&amp#2;&amp#4;��@�f��ߐ�{H&amp#4;ܞ\�ı��uˊb�7-:����M9��c/����vO�&amp#0;&amp#1;&amp#2;&amp#4;&amp#8;&amp#16; @�&amp#0;&amp#1;&amp#2;&amp#4;&amp#8;&amp#16; @�&amp#0;&amp#1;&amp#2;&amp#4;&amp#8;&amp#16; @�&amp#0;�&amp#14;&amp#17;���noɻ~Ï6�6�-麨��\{��=&amp#25;�&amp#24;�2����&amp#0;&amp#1;&amp#2;&amp#4;&amp#8;&amp#16; @�&amp#0;&amp#1;&amp#2;&amp#4;&amp#8;&amp#16; @�&amp#0;&amp#1;&amp#2;&amp#4;&amp#8;&amp#16; @�&amp#0;��&amp#18;�no���,{�ڛ�i����Ӻ2�̔&amp#17; @�&amp#0;&amp#1;&amp#2;&amp#4;&amp#8;&amp#16; @�&amp#0;&amp#1;&amp#2;&amp#4;&amp#8;&amp#16; @�&amp#0;&amp#1;&amp#2;&amp#4;&amp#8;&amp#16; @�9&amp#2;��|���c�d/�!�&amp#30;�|a���&amp#28;:�ɠZ��7����&amp#29;��p&amp#0;]&amp#19; @�&amp#0;&amp#1;&amp#2;&amp#4;&amp#8;&amp#16; @�&amp#0;&amp#1;&amp#2;&amp#4;&amp#8;&amp#16; @�&amp#0;&amp#1;&amp#2;&amp#4;&amp#8;&amp#16; @`P
X����Ҟ=�{G|j��{"�3G͋��&amp#30;&amp#24;]<��c&amp#14;��۷�J&�j�&amp#26;�מ�q�&amp#23;�&amp#5;�&amp#4;&amp#8;&amp#16; @�&amp#0;&amp#1;&amp#2;&amp#4;&amp#8;&amp#16; @�&amp#0;&amp#1;&amp#2;&amp#4;&amp#8;&amp#16; @�&amp#0;&amp#1;&amp#2;&amp#4;&amp#8;&amp#12;{&amp#1;�����Vl�Ԋ&amp#29;M뮬��#v�ٿ�w�ϯ��e&amp#15;�&amp#22;���.Z8e��=�F=X�R�&amp#31;D�=2���F&amp#7;&amp#4;&amp#8;&amp#16; @�&amp#0;&amp#1;&amp#2;&amp#4;&amp#8;&amp#16; @�&amp#0;&amp#1;&amp#2;&amp#4;&amp#8;&amp#16; @�&amp#0;&amp#1;&amp#2;&amp#4;&amp#8;&amp#16;&amp#24;2&amp#2;���yU�˵G�}׺�L��k׿���_�ﺳ��c�t��qV�&amp#28;�~gs���^dܟ��&amp#19;&amp#1;&amp#2;&amp#4;&amp#8;&amp#16; @�&amp#0;&amp#1;&amp#2;&amp#4;&amp#8;&amp#16; @�&amp#0;&amp#1;&amp#2;&amp#4;&amp#8;&amp#16; @�&amp#0;&amp#1;&amp#2;�\`�0�_[�ע\�ɇ&amp#30;ټu�O׮/LbՆ�&amp#20;����\���&amp#15;�WԿ���V�woz�=Np�?����^�$@�&amp#0;&amp#1;&amp#2;&amp#4;&amp#8;&amp#16; @�&amp#0;&amp#1;&amp#2;&amp#4;&amp#8;&amp#16; @�&amp#0;&amp#1;&amp#2;&amp#4;&amp#8;&amp#16; @`�
���Z�ބ���#��M�pǊ��Ο���{�]R���e�-��V���&amp#21;I��]���!�F�&amp#0;&amp#1;&amp#2;&amp#4;&amp#8;&amp#16; @�&amp#0;&amp#1;&amp#2;&amp#4;&amp#8;&amp#16; @�&amp#0;&amp#1;&amp#2;&amp#4;&amp#8;&amp#16; @�&amp#0;��+���#�����ܥ��<�&amp#30;!6��|��
[�&amp#23;&amp#23;�}s��&amp#23;λ<��&amp#12;�#&amp#1;&amp#2;&amp#4;&amp#8;&amp#16; @�&amp#0;&amp#1;&amp#2;&amp#4;&amp#8;&amp#16; @�&amp#0;&amp#1;&amp#2;&amp#4;&amp#8;&amp#16; @�&amp#0;&amp#1;&amp#2;&amp#4;��@��R�g��&amp#21;;�2b,j��ᎊ�����{���(��N��C�0���E�&amp#14;-�����&amp#27;�~��&�&amp#19; @�&amp#0;&amp#1;&amp#2;&amp#4;&amp#8;&amp#16; @�&amp#0;&amp#1;&amp#2;&amp#4;&amp#8;&amp#16; @�&amp#0;&amp#1;&amp#2;&amp#4;&amp#8;&amp#16; @`(
H������~��q,j��M?����'���oϑ�&amp#30;ڼ�����kV,����GW����&amp#31;��r>�Z�j�2��d�&amp#19; @�&amp#0;&amp#1;&amp#2;&amp#4;&amp#8;&amp#16; @�&amp#0;&amp#1;&amp#2;&amp#4;&amp#8;&amp#16; @�&amp#0;&amp#1;&amp#2;&amp#4;&amp#8;&amp#16; 0�&amp#4;����6���={Q{&amp#26;�܉&amp#15;�+�'&amp#27;W[��>O��?Y����t��&amp#29;�7�^K&amp#2;&amp#4;&amp#8;&amp#16; @�&amp#0;&amp#1;&amp#2;&amp#4;&amp#8;&amp#16; @�&amp#0;&amp#1;&amp#2;&amp#4;&amp#8;&amp#16; @�&amp#0;&amp#1;&amp#2;&amp#4;&amp#8;&amp#12;z�8�]�������k�XԞF֔��iW&amp#25;&amp#11;��
����&amp#27;�4kc��e�$@�&amp#0;&amp#1;&amp#2;&amp#4;&amp#8;&amp#16; @�&amp#0;&amp#1;&amp#2;&amp#4;&amp#8;&amp#16; @�&amp#0;&amp#1;&amp#2;&amp#4;&amp#8;&amp#16; @���&amp#22;�kpG8��Ks�5g�[�T�N�
&amp#27;�g׬����o|�5GQ�&amp#0;&amp#1;&amp#2;&amp#4;&amp#8;&amp#16; @�&amp#0;&amp#1;&amp#2;&amp#4;&amp#8;&amp#16; @�&amp#0;&amp#1;&amp#2;&amp#4;&amp#8;&amp#16; @�&amp#0;&amp#1;&amp#2;CZ@����ן������}��&amp#31;䩖�Ω&amp#11;��S36���Q�6�σ�&amp#14;&amp#1;&amp#2;&amp#4;&amp#8;&amp#16; @�&amp#0;&amp#1;&amp#2;&amp#4;&amp#8;&amp#16; @�&amp#0;&amp#1;&amp#2;&amp#4;&amp#8;&amp#16; @�&amp#0;&amp#1;&amp#2;CZ@����ן��#���;V�&amp#28;���w嬙��g~v]�jQ'2���U^�=��j&amp#4;&amp#8;&amp#16; @�&amp#0;&amp#1;&amp#2;&amp#4;&amp#8;&amp#16; @�&amp#0;&amp#1;&amp#2;&amp#4;&amp#8;&amp#16; @�&amp#0;&amp#1;&amp#2;&amp#4;&amp#8;&amp#12;E���^��v���C>���gMnz|�-��g�*�p��~�9�U#@�&amp#0;&amp#1;&amp#2;&amp#4;&amp#8;&amp#16; @�&amp#0;&amp#1;&amp#2;&amp#4;&amp#8;&amp#16; @�&amp#0;&amp#1;&amp#2;&amp#4;&amp#8;&amp#16; @`(
tuuI�7��&amp#26;�I��7�,��7ܛw1z�>&amp#31;ޱ+�u&amp#15;��\\���b�&amp#4;&amp#8;&amp#16; @�&amp#0;&amp#1;&amp#2;&amp#4;&amp#8;&amp#16; @�&amp#0;&amp#1;&amp#2;&amp#4;&amp#8;&amp#16; @�&amp#0;&amp#1;&amp#2;&amp#4;&amp#8;&amp#12;?���oJ�yF37��H=�M&amp#25;7�Z��N8�9'�&amp#29;O�sb�߅����&amp#26;�?^y�V�ݔ_{�'$=�ŕK&amp#30;|t���i'���X)&amp#1;&amp#2;&amp#4;&amp#8;&amp#16; @�&amp#0;&amp#1;&amp#2;&amp#4;&amp#8;&amp#16; @�&amp#0;&amp#1;&amp#2;&amp#4;&amp#8;&amp#16; @�&amp#0;&amp#1;&amp#2;&amp#4;:R���gdl(&amp#31;��;r��O���&amp#27;h�wd���u5�:vtI�&amp#15;���Q���]�4|�<2�����W˻&amp#23;�e�D����g&amp#29;�~gv���}ޔ3��[T�|���}�s�_q�&amp#21;K�.-/obI�^�lYy���(X"��~�%�*/o���(�F[���sNy����W_]^��&amp#0;&amp#1;&amp#2;&amp#4;&amp#8;&amp#16; @�&amp#0;&amp#1;&amp#2;&amp#4;&amp#8;&amp#16; @�&amp#0;&amp#1;&amp#2;&amp#4;&amp#8;&amp#16; @�@&amp#19;&amp#5;����ۛ��Uߑ�ȪQ�Yq�<&amp#18;�&amp#25;Y�J��H�_���ģ?�����ϧu~����sGU�_��;n{�3O�7��j&amp#21;&amp#6;IyŤr&amp#20;�:�&amp#30;ӯ8t�Y*v[~\��Da�4&amp#5;'r�q�&amp#15;��4e���3FL�V�D	&amp#1;&amp#2;&amp#4;&amp#8;&amp#16; @�&amp#0;&amp#1;&amp#2;&amp#4;&amp#8;&amp#16; @�&amp#0;&amp#1;&amp#2;&amp#4;&amp#8;&amp#16; @�&amp#0;�f	���ȸ;��nϛ6ս�}׺�sՑh���/�͵&amp#23;�*�����������&amp#31;�&amp#8;5�/P-c]o$���q�կ���j��&amp#19; @�&amp#0;&amp#1;&amp#2;&amp#4;&amp#8;&amp#16; @�&amp#0;&amp#1;&amp#2;&amp#4;&amp#8;&amp#16; @�&amp#0;&amp#1;&amp#2;&amp#4;&amp#8;&amp#16;hL@��1��Z�6�׹�|&amp#12;p�Q���&amp#31;��3�I�&amp#23;&amp#7;&amp#26;�Do����&amp#5;g&amp#21;�繏-�Gl==O�B��;o/ܻ&amp#25;�&amp#2;������=4��&amp#29;�����,4!@�&amp#0;&amp#1;&amp#2;&amp#4;&amp#8;&amp#16; @�&amp#0;&amp#1;&amp#2;&amp#4;&amp#8;&amp#16; @�&amp#0;&amp#1;&amp#2;&amp#4;&amp#8;&amp#16;&amp#24;�&amp#2;}������;��&amp#18;�&amp#15;�{&amp#27;���+N??��&amp#23;�����Fo�q?u~#G�ǖ�u&amp#5; �^&amp#23;�@U��tւG��&amp#31;|͘kVh�F$@�&amp#0;&amp#1;&amp#2;&amp#4;&amp#8;&amp#16; @�&amp#0;&amp#1;&amp#2;&amp#4;&amp#8;&amp#16; @�&amp#0;&amp#1;&amp#2;&amp#4;&amp#8;&amp#16;&amp#24;N&amp#2;};��5��Ԟ�ܼ�@��bi{�ʅ�|��?�ti�cso^��7��Y��@�u-p�7���~&amp#3;Qi�O�����Ӷ?a�&amp#28;�f����-&amp#1;&amp#2;&amp#4;&amp#8;&amp#16; @�&amp#0;&amp#1;&amp#2;&amp#4;&amp#8;&amp#16; @�&amp#0;&amp#1;&amp#2;&amp#4;&amp#8;&amp#16; @�&amp#0;�&amp#16;�&amp#21;� Z*���������6�q�w�{Kau�,�X&amp#8;��Z��Ji�&amp#25;��I5KU?&amp#4;&amp#8;&amp#16; @�&amp#0;&amp#1;&amp#2;&amp#4;&amp#8;&amp#16; @�&amp#0;&amp#1;&amp#2;&amp#4;&amp#8;&amp#16; @�&amp#0;&amp#1;&amp#2;�^����k�O��&amp#19;<w֘�}6�����4�4�h켜sI��;����*&amp#15;	�e˖�&amp#27;g����6O���欖gDu&amp#8;&amp#16; @�&amp#0;&amp#1;&amp#2;&amp#4;&amp#8;&amp#16; @�&amp#0;&amp#1;&amp#2;&amp#4;&amp#8;&amp#16; @�&amp#0;&amp#1;&amp#2;&amp#4;&amp#8;�&amp#11;�,/R�D��K�/<��1�6&amp#31;��p:�q����+�&amp#24;@vW�q_���M�sMZm�IK�̞&amp#17;�wt=T�ẇz��X��!,&amp#16;&amp#25;����:�&amp#4;&amp#6;*���t��ҥ�:�!���&amp#4;&amp#8;&amp#16; @�&amp#0;&amp#1;&amp#2;&amp#4;&amp#8;&amp#16; @�&amp#0;&amp#1;&amp#2;&amp#4;&amp#8;&amp#16; @�&amp#0;&amp#1;&amp#2;�O 6�����&amp#25;~&amp#19;k��Λ56�&amp#16;Ֆ�G�=��zڍg�z�����o�Z����ｸ�E�y"ɨ�7���t�}w=��&amp#31;ǟ	?YsF���SxT�y�ѕ9&amp#23;�;���6$n��}=r�Q@�Uq�+���%����&amp#1;��A	&amp#16; @�&amp#0;&amp#1;&amp#2;&amp#4;&amp#8;&amp#16; @�&amp#0;&amp#1;&amp#2;&amp#4;&amp#8;&amp#16; @�&amp#0;&amp#1;&amp#2;&amp#4;��@l$�&amp#29;�Н���<ͲG�=�D~�$�7�䊳Nl�JܓN�����{!��{�0��&amp#5;�%%&amp#21;?Λrf�r��V r:��N�Z�?��&amp#21;W�W��77$�&amp#17; @�&amp#0;&amp#1;&amp#2;&amp#4;&amp#8;&amp#16; @�&amp#0;&amp#1;&amp#2;&amp#4;&amp#8;&amp#16; @�&amp#0;&amp#1;&amp#2;&amp#4;&amp#8;t��\{#���ٹV�&amp#23;�$_H��g�&amp#11;&amp#17;��Kڽ�=&amp#29;�&amp#21;oxO!���b��GJ��@$������i�L����&amp#2;w&amp#25;�v�&amp#11;c&amp#17; @�&amp#0;&amp#1;&amp#2;&amp#4;&amp#8;&amp#16; @�&amp#0;&amp#1;&amp#2;&amp#4;&amp#8;&amp#16; @�&amp#0;&amp#1;&amp#2;&amp#4;:G�o3�ΙmsgZ3�p��t�<���&amp#25;Kۛ&amp#27;a]�U\�^�Cq�=�~�&amp#23;���j��&amp#11;S�
q&amp#21;>��&c�X�^q�{F�6&amp#7;o8&amp#2;&amp#4;&amp#8;&amp#16; @�&amp#0;&amp#1;&amp#2;&amp#4;&amp#8;&amp#16; @�&amp#0;&amp#1;&amp#2;&amp#4;&amp#8;&amp#16; @�&amp#0;��$ ��·9f�����c�U�7�|��ZڞF����&amp#16;m$�O�0��1����&amp#25;8��Q��tĖ��������&N���1��Ѕ��Acu�&amp#5;�� �	&amp#16; @�&amp#0;&amp#1;&amp#2;&amp#4;&amp#8;&amp#16; @�&amp#0;&amp#1;&amp#2;&amp#4;&amp#8;&amp#16; @�&amp#0;�<&amp#2;{&amp#14;&amp#30;��ݛ>���{�����k��_�cI���g�ߟ|��&amp#15;��&amp#15;��&amp#8;/b�?�&amp#14;&amp#28;&amp#30;�&amp#0;:mP&amp#7;�7�Ư<uJv�)&amp#7;V�zڍ+��Vv����.mOc8�������&�d���5�E�nσ9�u����&amp#1;Dr�bb;*W+�<w�Tw��&amp#27;.�8z��j�!�ذ�04$@�&amp#0;&amp#1;&amp#2;&amp#4;&amp#8;&amp#16; @�&amp#0;&amp#1;&amp#2;&amp#4;&amp#8;&amp#16; @�&amp#0;&amp#1;&amp#2;&amp#4;�����O��9&amp#31;���?s����]&amp#31;���&amp#31;��ʸ���/?�O���o�����ݦW<���]W^��Б�'�&amp#6;��wϦ�9�ܳ��}�&amp#7;,��&amp#24;�ou{��&amp#25;�m�,�7�դ&amp#31;<x��3�i/���&amp#19;�))i��W����&amp#7;=��΅��dԷ�|&amp#6;��yT-�&amp#30;���&amp#21;�Q&amp#24;W��&amp#7;*�&amp#30;��&amp#12;]�1��oy���&amp#21;#WH�&amp#0;&amp#1;&amp#2;&amp#4;&amp#8;&amp#16; @�&amp#0;&amp#1;&amp#2;&amp#4;&amp#8;&amp#16; @�&amp#0;&amp#1;&amp#2;&amp#4;&amp#8;&amp#16;(&amp#17;x�5+��ջ&amp#11;&amp#11;�O�=a��1�:�k�4fD��S������Gvw&amp#21;
�t��Ȯ./���&amp#29;&amp#25;��7��&amp#23;&amp#17;}E�}ݚ���ӳN\ZW�VT>��&amp#11;�w{ߝ���w��d�C&amp#11;�*ou���&amp#11;�&amp#12;B�t9x�Ttd�K��&amp#3;�k&amp#15;����'׋&amp#23;�&amp#23;��O���{&amp#2;&amp#4;&amp#8;&amp#16; @�&amp#0;&amp#1;&amp#2;&amp#4;&amp#8;&amp#16; @�&amp#0;&amp#1;&amp#2;&amp#4;&amp#8;&amp#16; @�@*p�m���q?i��/���<��4�&amp#30;Kޗ���;7<�i�is&&amp#21;����g~{Ŧ�O�!�Z0霛H���&amp#18;�s,&amp#26;�i����\�)sO���`ȵ����O�0������&amp#26;w��&amp#2;��)ɩ&amp#23;&amp#2;�&amp#28;|q����P'n"�]��.�Д�������q�����J&amp#8;&amp#16; @�&amp#0;&amp#1;&amp#2;&amp#4;&amp#8;&amp#16; @�&amp#0;&amp#1;&amp#2;&amp#4;&amp#8;&amp#16; @�&amp#0;�&amp#14;&amp#23;���ק&amp#2;���g��9�5�qs�qS���O���;��ho�p���&amp#11;�w���Ιj�g&amp#26;��K&amp#22;�&amp#23;ֵoٺ-�pg�0�K��h#�&amp#30;��sF>vƂ�[V�eܟ��]�='��&amp#22;&amp#25;�e˖��&amp#19;I�t�{��U^!Jڐk�8n��&amp#17;R��&amp#12;`��f��&amp#0;&amp#1;&amp#2;&amp#4;&amp#8;&amp#16; @�&amp#0;&amp#1;&amp#2;&amp#4;&amp#8;&amp#16; @�&amp#0;&amp#1;&amp#2;&amp#4;&amp#8;&amp#16;&amp#24;T&amp#2;�lߗ��&amp#19;f�	�ֵ;6�:8u���ZRߡ#?^�u��k��1a�q��M&amp#28;���l�=�ܓf���ڹ�p,�&amp#31;5�+>F&amp#15;��&amp#30;Z�v�/Wo����Y&amp#19;�̙tּ�%=���&amp#7;�m>|��&amp#25;��Œ��*&amp#14;��e��G��?n���*�Y�O/|��ޞ���&amp#27;eр@,pÓ�ɿ��G��U}{�70� lR�q�n&amp#31;��(;��[�&amp#15;x��Z&amp#0;&amp#21;�Um:щt{E1�&amp#4;&amp#8;&amp#16; @�&amp#0;&amp#1;&amp#2;&amp#4;&amp#8;&amp#16; @�&amp#0;&amp#1;&amp#2;&amp#4;&amp#8;&amp#16; @�@A����b��&amp#15;o�{�1���&amp#31;�ƽ߿w���L���.t&amp#18;7_�}����"R�Ņ%�[>����Gݵn׋>ss<��/�ԏ&amp#31;��o�WR��|�,�=itIyΏ��ɥW�&amp#20;����s#���O��U|E����g�=oJq��<&amp#2;���6��&amp#3;U�N��=}|���P����}͛�O8�f��T8����&amp#15;4�&amp#19;
�#�~��E�Q��`2�n2����R<f&amp#23;���d�+��#��1z�G��&amp#31;Z?��%@�&amp#0;&amp#1;&amp#2;&amp#4;&amp#8;&amp#16; @�&amp#0;&amp#1;&amp#2;&amp#4;&amp#8;&amp#16; @�&amp#0;&amp#1;&amp#2;�&amp#23;8娉���&amp#7;&amp#14;&amp#29;�m,��<��7>�<͵�璅W]v�&amp#7;��8V���͞4�-Ϙ�ᗞ4~Ԉ��_����\��SǾ��YO_��r�kn{��k�*�����]w�k�H.:aF�IC�����&amp#7;�4�m'��no��OOp^�UM�kHu��ч����{�t{��к�ȸW�H��v���)��n��3]�^^�bW�Ք&amp#16; @�&amp#0;&amp#1;&amp#2;&amp#4;&amp#8;&amp#16; @�&amp#0;&amp#1;&amp#2;&amp#4;&amp#8;&amp#16; @�&amp#0;&amp#1;&amp#2;&amp#29;+�ڥs#&amp#29;&amp#30;���[&amp#31;{�gy���P��?�N[=�.�ثO}�s���/?���}q���q#�~����&amp#11;�&amp#31;;�)K��j[l����?s�_<��o?��?|ƽzѢ�O��`b��&amp#6;")n&amp#18;&amp#27;�G~�_�x�Ώ���w�&amp#31;V��W�~Tԉo&amp#6;�Ík�+��#�&amp#29;W�z�d&amp#8;�&amp#2;��Z�i׎'��d�&amp#28;��^{�m�~��x��R�&amp#21;�<���&amp#8;�f&amp#0;&amp#21;+��v&amp#11;�+�P�&amp#4;&amp#8;&amp#16; @�&amp#0;&amp#1;&amp#2;&amp#4;&amp#8;&amp#16; @�&amp#0;&amp#1;&amp#2;&amp#4;&amp#8;&amp#16; @�@*0y��/����{�l:�/~��O�&amp#28;;�&amp#31;<ғ�(�bOS���E�&amp#31;O�����&amp#15;\�8��߸��&amp#29;�7���mO?g��7u?�	��O��x���I̟���z�1��i�G��k��~�5�r7�&amp#5;���[U����/���c&amp#30;̙5g���:�궎��0�h�&amp#5;�%S�Lv�dvI��|��&amp#30;=���큊&amp#1;T�bM�&amp#4;&amp#8;&amp#16; @�&amp#0;&amp#1;&amp#2;&amp#4;&amp#8;&amp#16; @�&amp#0;&amp#1;&amp#2;&amp#4;&amp#8;&amp#16; @�@g
���Y��Y�X4-�~$�cg�y���_&amp#15;��q}��}i�&amp#5;�Ǖ&amp#0;�Kգp��%��c��~¬	%��&amp#29;�Ė�&amp#21;��T��&amp#24;k���sK�̙2&��G�}&amp#27;���/�&amp#19;>J���-o����&amp#23;�qX{��&amp#28;t&amp#29;&amp#28;s���?�1�:��/&amp#12;��&amp#4;T�@��{�lw=cV�[-5�3���,p���&amp#1;&amp#1;&amp#2;&amp#4;&amp#8;&amp#16; @�&amp#0;&amp#1;&amp#2;&amp#4;&amp#8;&amp#16; @�&amp#0;&amp#1;&amp#2;&amp#4;&amp#8;&amp#16; ��&amp#25;�L��?���W���3�N�6�:��o޻�C7,_ScS��-{&amp#14;=��&amp#19;��aׁ�.��/y&amp#20;&amp#31;�8vry��I���&amp#29;�K{+��]�d���#*d�ӯ&amp#5;l�����G&amp#31;�O{zz*�&amp#14;˩�jR��<�n?e��_u�q�Q�&amp#29;}l�~&amp#8;��{�/�G;&��?�ӓ=i�X�n�{~�AX���&amp#21;s��H�&amp#0;,po�{1&amp#22;&amp#1;&amp#2;&amp#4;&amp#8;&amp#16; @�&amp#0;&amp#1;&amp#2;&amp#4;&amp#8;&amp#16; @�&amp#0;&amp#1;&amp#2;&amp#4;&amp#8;&amp#16;&amp#24;~&amp#2;�;i��޲t�_>�/_vR�z&amp#30;&amp#19;���ş���]&amp#7;3&;~�&amp#23;�2+*|�'�7��u���z>q�CQ&amp#30;]-�;���c��-/���*/l�d~�j���&&amp#14;�X`C�U&amp#28;�^�{&amp#19;Cw>&amp#3;&amp#16;��&amp#27;&amp#11;��j�W��5__�p�����O%�u��[�:����9{&amp#24;�jg�r��uw&amp#20;b�&amp#5;��&amp#22;]U��a�j��W�"7<PI�X�~�9�&amp#20;�&amp#31;#՝?�]����������(�&���~6�9�j&amp#4;&amp#8;&amp#16; @�&amp#0;&amp#1;&amp#2;&amp#4;&amp#8;&amp#16; @�&amp#0;&amp#1;&amp#2;&amp#4;&amp#8;&amp#16; @���&amp#16;�����&amp#5;�_~��/���q���&amp#3;����&amp#15;&amp#20;�T�8�7_8/������&amp#15;���K&amp#23;/�1.ֵG�=�&amp#16;�ӯ]R1�=}Bk�Ӟ>����&amp#21;cVؘ�t{cnO�z|i��&amp#31;��{����m+�׬Ӟ
��Y���&amp#25;�g<�eu�ڟV�k�8�&amp#5;�#&amp#22;�՞���
�ȸ/[������ˇ..��<zh��&amp#22;�&amp#3;vO�&amp#0;&amp#1;&amp#2;&amp#4;&amp#8;&amp#16; @�&amp#0;&amp#1;&amp#2;&amp#4;&amp#8;&amp#16; @�&amp#0;&amp#1;&amp#2;&amp#4;&amp#8;&amp#12;u��S�~�&amp#29;�&amp#31;����D~�j[�t^s֜o.;��W�&amp#18;��?���B�X����8��&amp#30;S(q3�&amp#5;l&ߏ7��\{�Qd�cW����������d��ѕ�����Yw�	��&amp#18;�&amp#21;&amp#23;g����R9�X%5cF�js���z%3*����K��&amp#0;&amp#1;&amp#2;&amp#4;&amp#8;&amp#16; @�&amp#0;&amp#1;&amp#2;&amp#4;&amp#8;&amp#16; @�&amp#0;&amp#1;&amp#2;&amp#4;&amp#8;&amp#16;&amp#24;&amp#30;&amp#2;q����'�\Vm�WsF����s��?�d�G_}�^q�ڿxn,|��V��"���ku{?^V�t{t��q��;6��:2�&amp#3;���}w�<�Q�Z�=&amp#30;9��.�z+�'���!O��-��6���<�R�����*C\�l
�N&amp#8;&amp#16; @�&amp#0;&amp#1;&amp#2;&amp#4;&amp#8;&amp#16; @�&amp#0;&amp#1;&amp#2;&amp#4;&amp#8;&amp#16; @�&amp#0;�� �؎&amp#3;&amp#17;��q5r��v����;��ڷ=�%��&amp#30;&amp#12;���&amp#21;&amp#2;]]]V�7
[%מv&amp#23;&amp#25;��^xn�����W�ܢ��ޑw'��ǟ�[O?�d&amp#15;���:-�^1q��tKd���r�8P�>�&amp#25;&amp#25;�B�v��cЊs/&amp#4;Ӕ�6&amp#12;є8uB�&amp#0;&amp#1;&amp#2;&amp#4;&amp#8;&amp#16; @�&amp#0;&amp#1;&amp#2;&amp#4;&amp#8;&amp#16; @�&amp#0;&amp#1;&amp#2;&amp#4;&amp#8;�S 2�Ն�ď&amp#30;�����K�&amp#28;U�NZ~㓻�ϛ:6���C]��7/���&amp#6;0�K��xΉ7m�k���c�&amp#22;�`�O�����j�&amp#21;�?��g&amp#30;�Ȋc&amp#23;��l~������C�u���&amp#5;��z	B|��nqҺ�B��j��v��c��b^�/�&amp#30;��!b��^�r&amp#2;&amp#4;&amp#8;&amp#16; @�&amp#0;&amp#1;&amp#2;&amp#4;&amp#8;&amp#16; @�&amp#0;&amp#1;&amp#2;&amp#4;&amp#8;&amp#16; @�&amp#3;&amp#5;����c��8|��&amp#5;S�L&amp#25;3{☽���޺�&amp#31;o\�&amp#31;��OA�x��l�3���V8�����yS&amp#22;�&amp#24;�~�4v��GM|�I3�Ο�݃�CB���gdl(&amp#31;�܇D��+�}7f�3{��	{7^2!9�̥��^!&amp#17;[�|`����?�]I<�&amp#31;cQ�&amp#25;&amp#19;�M|dE<��[�D�H���0�K�em&amp#27;��VK���0�+&amp#16;�&amp#12;�t{H6�e�6�&amp#5;�&amp#17; @�&amp#0;&amp#1;&amp#2;&amp#4;&amp#8;&amp#16; @�&amp#0;&amp#1;&amp#2;&amp#4;&amp#8;&amp#16; @�&amp#0;&amp#1;&amp#2;�&amp#20;����&amp#7;������{�Q}'�g\󧍻��߿wsԹu��SR������:�[���e�}���no����Yv�ٓ"�>/�,:���&amp#11;���j$�c?�O����>[�4{i�&amp#19;���&amp#15;&��&amp#8;aU���L���@N7#����w̢�#V�{�џH�-[V��@yI᭹!@�&amp#0;&amp#1;&amp#2;&amp#4;&amp#8;&amp#16; @�&amp#0;&amp#1;&amp#2;&amp#4;&amp#8;&amp#16; @�&amp#0;&amp#1;&amp#2;&amp#4;:S��~��o�j�&amp#15;��R2�IcF�璅W>縙&amp#19;G&amp#23;?&amp#26;�ݷ�yd����g��~���6��h����&amp#30;=�����&amp#31;ݾ�&amp#23;&amp#15;o��/�⑧ϟ��g/����{��&amp#17;O��}��&amp#14;T^^\R&amp#8;�b�#*��N������%&amp#2;��=���K&amp#30;�XU�V�=m8{�	&amp#27;&amp#31;[&amp#25;���&amp#23;\&amp#14;.�ɪ�U��&amp#31;����^���-{����<��7�3b'��5��Wd�;j?�H&amp#6;WL&amp#21;GN7r�����N*�&amp#19;���7g������s���&amp#22;ʧ&amp#25;��칼O%&amp#4;&amp#8;&amp#16; @�&amp#0;&amp#1;&amp#2;&amp#4;&amp#8;&amp#16; @�&amp#0;&amp#1;&amp#2;&amp#4;&amp#8;&amp#16; @���&amp#21;x��&amp#11;��ރG6�:�s��&amp#3;�{&�&amp#30;1oڸ�c+&amp#31;���[<كGz^��["�&amp#30;;��w�<g���$�/Wo?�o���^{׆4�~�qS{?���NJ&amp#22;W~ù�ğⒸ�%��=�L�����&amp#2;r��>U���I>mv���B�J�H���̥K&amp#22;�T��&amp#23;��\�&amp#15;q��Ο�/m�,���<'�<c�����ݕC #k&amp#27;&amp#25;�s�9�Z&amp#18;��w��Ϩ�1D���~Sq���x�n�C]L�&amp#4;&amp#8;&amp#16; @�&amp#0;&amp#1;&amp#2;&amp#4;&amp#8;&amp#16; @�&amp#0;&amp#1;&amp#2;&amp#4;&amp#8;&amp#16; @�@�&amp#5;Ə&amp#30;�p��3��&amp#28;'��6gR�\{�����&amp#17;{�G�߼��Z�k��/�&amp#26;������j�=(&amp#25;B&amp#2;}����v&amp#11;�[��
�ɗ�&amp#31;I�E&amp#19;�K&amp#30;_�&amp#30;�&amp#30;޶�����uڿ��7���\OG?f괙�����w�+�&amp#27;_&amp#18;||<*����&amp#22;Ƿ&amp#15;���î��-�WFI�toT�&amp#24;+&amp#30;E0��M��pQ&amp#24;���Ba�M�&amp#24;�&amp#27;&amp#14;��jzM�{ŷ&amp#19;�q�&amp#27;&amp#25;BJB%@�&amp#0;&amp#1;&amp#2;&amp#4;&amp#8;&amp#16; @�&amp#0;&amp#1;&amp#2;&amp#4;&amp#8;&amp#16; @�&amp#0;&amp#1;&amp#2;&amp#4;&amp#6;����&amp#7;��fLxʞ󅀏��>�}|\<s|���&amp#16;&amp#21;�;�]���/ﴧ-Y񫻪&amp#17;y�x�����=ɴɻ���%�V���Z'�)��=o�&amp#19;���~"�^�ʹ�|�n��<ͧ�s���ި�=\�ӌ ��2*&amp#12;�G&amp#21;��͚x��z&amp#12;�����l&amp#22;&amp#4;&amp#8;&amp#16; @�&amp#0;&amp#1;&amp#2;&amp#4;&amp#8;&amp#16; @�&amp#0;&amp#1;&amp#2;&amp#4;&amp#8;&amp#16; @�@�&amp#4;�v̤�����&amp#11;&amp#23;N��܋�أ�����4���Sf&amp#21;?r?D&amp#5;F�
����<D�2(�^2�;+~5/gh}G�����G�6d�#׾�??�3�B��K�&amp#11;�;�&&amp#18;�qFx�՛;�f���&amp#27;Us{��ko�&amp#16;�&amp#2;�&�&amp#14;D�d|&amp#19;&amp#3;�&amp#21;&amp#1;&amp#2;&amp#4;&amp#8;&amp#16; @�&amp#0;&amp#1;&amp#2;&amp#4;&amp#8;&amp#16; @�&amp#0;&amp#1;&amp#2;&amp#4;&amp#8;&amp#16; 0�&amp#5;��9�&amp#19;f�h����_������&amp#28;;ml�z�&amp#3;w?�;
S���My۳&amp#22;&amp#12;{�N�`�\{#�9���iϳ�P�&amp#16;+n�\�q��U]�&amp#27;˵�-m�}�f��&amp#14;���&amp#26;ob�6�ꐵ�&amp#21;��1�&~ՠZW&amp#21;�&amp#30;V?�&C�&amp#0;&amp#1;&amp#2;&amp#4;&amp#8;&amp#16; @�&amp#0;&amp#1;&amp#2;&amp#4;&amp#8;&amp#16; @�&amp#0;&amp#1;&amp#2;&amp#4;&amp#8;�E �9���/:�o�������7�}×n�?���=i�}Ҙ��t��}~&amp#28;&amp#15;ߖ�&amp#12;�Z����^�Ir��;6>V7DdܣM�ָ7�k�x�Z�>b�YuO{X4H&amp#19;���&amp#18;��s���&amp#16;&amp#2;M����������"@�&amp#0;&amp#1;&amp#2;&amp#4;&amp#8;&amp#16; @�&amp#0;&amp#1;&amp#2;&amp#4;&amp#8;&amp#16; @�&amp#0;&amp#1;&amp#2;&amp#4;J&amp#4;��&amp#27;��{����^���&amp#29;�&amp#31;ٶDw��)c�L&amp#25;s��	/8e�Q&amp#18;�%fC�cl$?������u��q&amp#23;&�����I�O{ڋ2Np���#�\���?=�7�<�iu�)��[�������w���1�͐;�=��ZQ3]H�p�=���]%ߊ9���j��&amp#27;&amp#30;::���˛G&amp#14;>��˕&amp#16; @�&amp#0;&amp#1;&amp#2;&amp#4;&amp#8;&amp#16; @�&amp#0;&amp#1;&amp#2;&amp#4;&amp#8;&amp#16; @�&amp#0;&amp#1;&amp#2;&amp#4;&amp#26;&amp#16;8��񧁆�&amp#12;!��H>R��C(�!&amp#26;j������;z&amp#30;\����냿&amp#29;7e�h��KO���]u��&amp#7;&amp#26;谮���?��Df��[n�7k&amp#30;I��=>����F����&amp#18;��k���j�&amp#21;&amp#3;&amp#24;~?�fD�&amp#0;&amp#1;&amp#2;&amp#4;&amp#8;&amp#16; @�&amp#0;&amp#1;&amp#2;&amp#4;&amp#8;&amp#16; @�&amp#0;&amp#1;&amp#2;&amp#4;&amp#8;&amp#16; �D��X����:��Xھ�UuMv㮥7�tc]M����L��&amp#2;��,s�D{d�&amp#11;�/�1�p��&��כn&amp#31;��F,j�~�囄�]�j�r�5&amp#27;&amp#22;WH&amp#19;�i��P�{�71_�y�}a��:�C�<j�c&amp#6;�ض�&amp#17;��8V<j�p�ajE�&amp#0;&amp#1;&amp#2;&amp#4;&amp#8;&amp#16; @�&amp#0;&amp#1;&amp#2;&amp#4;&amp#8;&amp#16; @�&amp#0;&amp#1;&amp#2;&amp#4;&amp#8;&amp#16; 0�&amp#5;"�.���;�?�&amp#30;��p�%&amp#27;&amp#31;[Y�x&amp#19;V&amp#29;����&amp#11;MҤ{|̿�|I�=��\|��&amp#11;}�i �&amp#30;ݶ?ݞg.�&amp#16; @�&amp#0;&amp#1;&amp#2;&amp#4;&amp#8;&amp#16; @�&amp#0;&amp#1;&amp#2;&amp#4;&amp#8;&amp#16; @�&amp#0;&amp#1;&amp#2;&amp#4;&amp#8;&amp#16; @��&amp#2;qn�������&amp#2;&amp#23;���{l^��&amp#21;�Ů��?ط�|�n���i�B�=�v~���&amp#23;/g��[��)ǝ\����6/m�9&amp#29;�&amp#8;&amp#16; @�&amp#0;&amp#1;&amp#2;&amp#4;&amp#8;&amp#16; @�&amp#0;&amp#1;&amp#2;&amp#4;&amp#8;&amp#16; @�&amp#0;&amp#1;&amp#2;&amp#4;&amp#8;&amp#16; ��8�]��!Ʊ�h�Yr�f׵���9S��+&amp#12;�����{�ǙE����|^�p���ɖ�B�	&amp#16; @�&amp#0;&amp#1;&amp#2;&amp#4;&amp#8;&amp#16; @�&amp#0;&amp#1;&amp#2;&amp#4;&amp#8;&amp#16; @�&amp#0;&amp#1;&amp#2;&amp#4;&amp#8;&amp#16; ��&amp#2;��|���&amp#27;�	h(�>{��ȸ�&amp#31;�Ȅ}�+�9c���5��1��Oز*�B���}S��&amp#1;&amp#2;&amp#4;&amp#8;&amp#16; @�&amp#0;&amp#1;&amp#2;&amp#4;&amp#8;&amp#16; @�&amp#0;&amp#1;&amp#2;&amp#4;&amp#8;&amp#16; @�&amp#0;&amp#1;&amp#2;&amp#4;��@wWW��U;f4�}��&amp#18;&amp#25;�Ӟ�$g�&amp#29;=&amp#15;欙����&amp#30;�Y9�l?��֜�U#@�&amp#0;&amp#1;&amp#2;&amp#4;&amp#8;&amp#16; @�&amp#0;&amp#1;&amp#2;&amp#4;&amp#8;&amp#16; @�&amp#0;&amp#1;&amp#2;&amp#4;&amp#8;&amp#16; @�@�&amp#8;D���sf;xf�d�w�g܏�k�&amp#24;��9y&amp#15;��\{cG���Z��ķ�+&amp#2;&amp#4;&amp#8;&amp#16; @�&amp#0;&amp#1;&amp#2;&amp#4;&amp#8;&amp#16; @�&amp#0;&amp#1;&amp#2;&amp#4;&amp#8;&amp#16; @�&amp#0;&amp#1;&amp#2;&amp#4;&amp#6;��t{�/%6�oh?�t��&amp#25;�����h�&amp#21;��?�
�eEr�e$
&amp#8;&amp#16; @�&amp#0;&amp#1;&amp#2;&amp#4;&amp#8;&amp#16; @�&amp#0;&amp#1;&amp#2;&amp#4;&amp#8;&amp#16; @�&amp#0;&amp#1;&amp#2;&amp#4;&amp#8;&amp#16; �&amp#20;&amp#1;���p�������Qrf�&amp#15;&amp#28;����w�t]�9�|���Y�^�&amp#21;&amp#8;&amp#16; @�&amp#0;&amp#1;&amp#2;&amp#4;&amp#8;&amp#16; @�&amp#0;&amp#1;&amp#2;&amp#4;&amp#8;&amp#16; @�&amp#0;&amp#1;&amp#2;&amp#4;&amp#8;&amp#16; 0�&amp#5;z{{��&amp#7;�%F���gͮ&amp#25;���\X�N�
yv��\��-����Q�N�&amp#25;8&amp#30;&amp#17; @�&amp#0;&amp#1;&amp#2;&amp#4;&amp#8;&amp#16; @�&amp#0;&amp#1;&amp#2;&amp#4;&amp#8;&amp#16; @�&amp#0;&amp#1;&amp#2;&amp#4;&amp#8;&amp#16; 0&amp#12;&amp#4;����&amp#18;���|:��I�_���G�o&amp#29;wW�&amp#2;}���=�2��r��K��(מA�&amp#17;&amp#1;&amp#2;&amp#4;&amp#8;&amp#16; @�&amp#0;&amp#1;&amp#2;&amp#4;&amp#8;&amp#16; @�&amp#0;&amp#1;&amp#2;&amp#4;&amp#8;&amp#16; @�&amp#0;&amp#1;&amp#2;&amp#4;R��X�K���&amp#23;������/}M�rc7��}�&amp#17;��Ƣ��&amp#15;=R�i]営�ť2&amp#1;&amp#2;&amp#4;&amp#8;&amp#16; @�&amp#0;&amp#1;&amp#2;&amp#4;&amp#8;&amp#16; @�&amp#0;&amp#1;&amp#2;&amp#4;&amp#8;&amp#16; @�&amp#0;&amp#1;&amp#2;CT@��/.&amp#22;�O���u�D�ȸg,s?pԖ~�2��&amp#11;*�ЬE�i�r�&amp#21;�&amp#21;&amp#18; @�&amp#0;&amp#1;&amp#2;&amp#4;&amp#8;&amp#16; @�&amp#0;&amp#1;&amp#2;&amp#4;&amp#8;&amp#16; @�&amp#0;&amp#1;&amp#2;&amp#4;&amp#8;&amp#16; 0�&amp#4;�bC��7�v�hU����t��&amp#23;E�&amp#21;�*�@~��%������&amp#20;�\&amp#16;��5w&amp#22;��}$��L&amp#30;����&amp#11;�F�]����&amp#0;&amp#1;&amp#2;&amp#4;&amp#8;&amp#16; @�&amp#0;&amp#1;&amp#2;&amp#4;&amp#8;&amp#16; @�&amp#0;&amp#1;&amp#2;&amp#4;&amp#8;&amp#16; @�&amp#0;�a,���cu{3�o�&amp#22;����2��+��&amp#4;�ƶ�?�i���#ў�&amp#30;��\{3&amp#28;�A�&amp#0;&amp#1;&amp#2;&amp#4;&amp#8;&amp#16; @�&amp#0;&amp#1;&amp#2;&amp#4;&amp#8;&amp#16; @�&amp#0;&amp#1;&amp#2;&amp#4;&amp#8;&amp#16; @�&amp#0;��!&amp#16;G��&amp#28;&amp#26;�&amp#14;�(#ݾ��d�Ϛ&amp#27;��y�$&amp#22;�o�|`�c+��ƶ��=o��u}k���=�i�����s���T�g&amp#2;&amp#4;&amp#8;&amp#16; @�&amp#0;&amp#1;&amp#2;&amp#4;&amp#8;&amp#16; @�&amp#0;&amp#1;&amp#2;&amp#4;&amp#8;&amp#16; @�&amp#0;&amp#1;&amp#2;&amp#4;������z׽��&amp#25;����M�&amp#31;�����=\\�}�&amp#5;&amp#23;�=����Ɨ�(�^n��&amp#0;&amp#1;&amp#2;&amp#4;&amp#8;&amp#16; @�&amp#0;&amp#1;&amp#2;&amp#4;&amp#8;&amp#16; @�&amp#0;&amp#1;&amp#2;&amp#4;&amp#8;&amp#16; @�&amp#0;��- �޼�&amp#27;��#����Ъ���k_��=��k��ͦ���ag͞&amp#22;7�;&amp#30;�}T�ͬ&amp#25;�&amp#15;�Szd{Z���Xtָ7_��&amp#14;uE�&amp#0;&amp#1;&amp#2;&amp#4;&amp#8;&amp#16; @�&amp#0;&amp#1;&amp#2;&amp#4;&amp#8;&amp#16; @�&amp#0;&amp#1;&amp#2;&amp#4;&amp#8;&amp#16; @�&amp#0;�A.���+���w�ƌ���wg��=���&amp#15;<�]�)O'���nJ?:!@�&amp#0;&amp#1;&amp#2;&amp#4;&amp#8;&amp#16; @�&amp#0;&amp#1;&amp#2;&amp#4;&amp#8;&amp#16; @�&amp#0;&amp#1;&amp#2;&amp#4;&amp#8;&amp#16; @��&amp#16;&amp#18;�&amp#30;B�&amp#14;�P�>#�s�[�Ztݨ��f�Ӷ\�u�&amp#25;o�#&amp#2;&amp#4;&amp#8;&amp#16; @�&amp#0;&amp#1;&amp#2;&amp#4;&amp#8;&amp#16; @�&amp#0;&amp#1;&amp#2;&amp#4;&amp#8;&amp#16; @�&amp#0;&amp#1;&amp#2;&amp#4;�����-x���&�?��bW��k�ۓk��|�߰&amp#17;&amp#8;&amp#16; @�&amp#0;&amp#1;&amp#2;&amp#4;&amp#8;&amp#16; @�&amp#0;&amp#1;&amp#2;&amp#4;&amp#8;&amp#16; @�&amp#0;&amp#1;&amp#2;&amp#4;&amp#8;&amp#16;&amp#24;�&amp#2;===]}�uu�&amp#0;�nX&amp#3;��|�ܥm8�}�s�&amp#20;���&amp#17;9&amp#1;&amp#2;&amp#4;&amp#8;&amp#16; @�&amp#0;&amp#1;&amp#2;&amp#4;&amp#8;&amp#16; @�&amp#0;&amp#1;&amp#2;&amp#4;&amp#8;&amp#16; @�&amp#0;&amp#1;&amp#2;&amp#4;�)�u�ȑ�n[����J�u�J"���g�9��kK:�\{��uO�&amp#0;&amp#1;&amp#2;&amp#4;&amp#8;&amp#16; @�&amp#0;&amp#1;&amp#2;&amp#4;&amp#8;&amp#16; @�&amp#0;&amp#1;&amp#2;&amp#4;&amp#8;&amp#16; @�&amp#0;�>���^�ɷ�G�m&amp#27;˯y��{V&amp#31;Y�`K�&amp#19;&amp#27;ȏ��M�wKG�9&amp#1;&amp#2;&amp#4;&amp#8;&amp#16; @�&amp#0;&amp#1;&amp#2;&amp#4;&amp#8;&amp#16; @�&amp#0;&amp#1;&amp#2;&amp#4;&amp#8;&amp#16; @�&amp#0;&amp#1;&amp#2;&amp#4;&amp#6;��t{�^P�����0���&amp#7;��B�'���&amp#19;�ho:�&amp#14;	&amp#16; @�&amp#0;&amp#1;&amp#2;&amp#4;&amp#8;&amp#16; @�&amp#0;&amp#1;&amp#2;&amp#4;&amp#8;&amp#16; @�&amp#0;&amp#1;&amp#2;&amp#4;&amp#8;&amp#16;&amp#24;�&amp#2;}��L�M�/2�q�7qȱ�H��/����"��􌻓ڟ���&amp#4;&amp#8;&amp#16; @�&amp#0;&amp#1;&amp#2;&amp#4;&amp#8;&amp#16; @�&amp#0;&amp#1;&amp#2;&amp#4;&amp#8;&amp#16; @�&amp#0;&amp#1;&amp#2;&amp#4;&amp#8;&amp#16;xB�f���QhV�=���.��S�h/�ISV�[�^L�&amp#0;&amp#1;&amp#2;&amp#4;&amp#8;&amp#16; @�&amp#0;&amp#1;&amp#2;&amp#4;&amp#8;&amp#16; @�&amp#0;&amp#1;&amp#2;&amp#4;&amp#8;&amp#16; @�&amp#0;&amp#1;&amp#2;�&amp#2;]}+ܻ���ܷC���{�\�r��hӼ���n;��욅���&amp#5;
7&amp#4;&amp#8;&amp#16; @�&amp#0;&amp#1;&amp#2;&amp#4;&amp#8;&amp#16; @�&amp#0;&amp#1;&amp#2;&amp#4;&amp#8;&amp#16; @�&amp#0;&amp#1;&amp#2;&amp#4;&amp#8;&amp#16;�&`u{5�v���Y���'&amp#6;Ko�$��W�דb�&amp#22;zd�#�^x�ޏXxV����,���"@�&amp#0;&amp#1;&amp#2;&amp#4;&amp#8;&amp#16; @�&amp#0;&amp#1;&amp#2;&amp#4;&amp#8;&amp#16; @�&amp#0;&amp#1;&amp#2;&amp#4;&amp#8;&amp#16; @�&amp#0;�l&amp#1;��l&amp#31;O	&amp#16; @�&amp#0;&amp#1;&amp#2;&amp#4;&amp#8;&amp#16; @�&amp#0;&amp#1;&amp#2;&amp#4;&amp#8;&amp#16; @�&amp#0;&amp#1;&amp#2;&amp#4;&amp#8;&amp#16; @�@�@ooowl&_Z�3&amp#1;&amp#2;&amp#4;&amp#8;&amp#16; @�&amp#0;&amp#1;&amp#2;&amp#4;&amp#8;&amp#16; @�&amp#0;&amp#1;&amp#2;&amp#4;&amp#8;&amp#16; @�&amp#0;&amp#1;&amp#2;&amp#4;&amp#8;&amp#16; P] &amp#14;m���:�'&amp#4;&amp#8;&amp#16; @�&amp#0;&amp#1;&amp#2;&amp#4;&amp#8;&amp#16; @�&amp#0;&amp#1;&amp#2;&amp#4;&amp#8;&amp#16; @�&amp#0;&amp#1;&amp#2;&amp#4;&amp#8;&amp#16; @��@w�r�&amp#4;&amp#8;&amp#16; @�&amp#0;&amp#1;&amp#2;&amp#4;&amp#8;&amp#16; @�&amp#0;&amp#1;&amp#2;&amp#4;&amp#8;&amp#16; @�&amp#0;&amp#1;&amp#2;&amp#4;&amp#8;&amp#16; @�@e����+?QJ�&amp#0;&amp#1;&amp#2;&amp#4;&amp#8;&amp#16; @�&amp#0;&amp#1;&amp#2;&amp#4;&amp#8;&amp#16; @�&amp#0;&amp#1;&amp#2;&amp#4;&amp#8;&amp#16; @�&amp#0;&amp#1;&amp#2;&amp#4;&amp#8;T&amp#17;�t����(&@�&amp#0;&amp#1;&amp#2;&amp#4;&amp#8;&amp#16; @�&amp#0;&amp#1;&amp#2;&amp#4;&amp#8;&amp#16; @�&amp#0;&amp#1;&amp#2;&amp#4;&amp#8;&amp#16; @�&amp#0;&amp#1;&amp#2;�&amp#5;�n�n�	&amp#1;&amp#2;&amp#4;&amp#8;&amp#16; @�&amp#0;&amp#1;&amp#2;&amp#4;&amp#8;&amp#16; @�&amp#0;&amp#1;&amp#2;&amp#4;&amp#8;&amp#16; @�&amp#0;&amp#1;&amp#2;&amp#4;&amp#8;&amp#16;�$з�|�W�2&amp#2;&amp#4;&amp#8;&amp#16; @�&amp#0;&amp#1;&amp#2;&amp#4;&amp#8;&amp#16; @�&amp#0;&amp#1;&amp#2;&amp#4;&amp#8;&amp#16; @�&amp#0;&amp#1;&amp#2;&amp#4;&amp#8;&amp#16; @������x@�&amp#0;&amp#1;&amp#2;&amp#4;&amp#8;&amp#16; @�&amp#0;&amp#1;&amp#2;&amp#4;&amp#8;&amp#16; @�&amp#0;&amp#1;&amp#2;&amp#4;&amp#8;&amp#16; @�&amp#0;&amp#1;&amp#2;&amp#4;�	�L���r&amp#2;&amp#4;&amp#8;&amp#16; @�&amp#0;&amp#1;&amp#2;&amp#4;&amp#8;&amp#16; @�&amp#0;&amp#1;&amp#2;&amp#4;&amp#8;&amp#16; @�&amp#0;&amp#1;&amp#2;&amp#4;&amp#8;&amp#16; PU@��*�&amp#7;&amp#4;&amp#8;&amp#16; @�&amp#0;&amp#1;&amp#2;&amp#4;&amp#8;&amp#16; @�&amp#0;&amp#1;&amp#2;&amp#4;&amp#8;&amp#16; @�&amp#0;&amp#1;&amp#2;&amp#4;&amp#8;&amp#16; @���t{5&amp#25;�&amp#4;&amp#8;&amp#16; @�&amp#0;&amp#1;&amp#2;&amp#4;&amp#8;&amp#16; @�&amp#0;&amp#1;&amp#2;&amp#4;&amp#8;&amp#16; @�&amp#0;&amp#1;&amp#2;&amp#4;&amp#8;&amp#16; @��@oo�t{e&amp#26;�&amp#4;&amp#8;&amp#16; @�&amp#0;&amp#1;&amp#2;&amp#4;&amp#8;&amp#16; @�&amp#0;&amp#1;&amp#2;&amp#4;&amp#8;&amp#16; @�&amp#0;&amp#1;&amp#2;&amp#4;&amp#8;&amp#16; @��@�ۻ�j��&amp#19; @�&amp#0;&amp#1;&amp#2;&amp#4;&amp#8;&amp#16; @�&amp#0;&amp#1;&amp#2;&amp#4;&amp#8;&amp#16; @�&amp#0;&amp#1;&amp#2;&amp#4;&amp#8;&amp#16; @�&amp#0;&amp#1;&amp#2;&amp#21;&amp#5;�n�Ȣ�&amp#0;&amp#1;&amp#2;&amp#4;&amp#8;&amp#16; @�&amp#0;&amp#1;&amp#2;&amp#4;&amp#8;&amp#16; @�&amp#0;&amp#1;&amp#2;&amp#4;&amp#8;&amp#16; @�&amp#0;&amp#1;&amp#2;&amp#4;&amp#8;d	H�g�xF�&amp#0;&amp#1;&amp#2;&amp#4;&amp#8;&amp#16; @�&amp#0;&amp#1;&amp#2;&amp#4;&amp#8;&amp#16; @�&amp#0;&amp#1;&amp#2;&amp#4;&amp#8;&amp#16; @�&amp#0;&amp#1;&amp#2;&amp#4;*
H�WdQH�&amp#0;&amp#1;&amp#2;&amp#4;&amp#8;&amp#16; @�&amp#0;&amp#1;&amp#2;&amp#4;&amp#8;&amp#16; @�&amp#0;&amp#1;&amp#2;&amp#4;&amp#8;&amp#16; @�&amp#0;&amp#1;&amp#2;&amp#4;�
���8����&amp#7;&amp#4;&amp#8;&amp#16; @�&amp#0;&amp#1;&amp#2;&amp#4;&amp#8;&amp#16; @�&amp#0;&amp#1;&amp#2;&amp#4;&amp#8;&amp#16; @�&amp#0;&amp#1;&amp#2;&amp#4;&amp#8;&amp#16; @������d�&amp#19; @�&amp#0;&amp#1;&amp#2;&amp#4;&amp#8;&amp#16; @�&amp#0;&amp#1;&amp#2;&amp#4;&amp#8;&amp#16; @�&amp#0;&amp#1;&amp#2;&amp#4;&amp#8;&amp#16; @�&amp#0;��&amp#2;��Ui< @�&amp#0;&amp#1;&amp#2;&amp#4;&amp#8;&amp#16; @�&amp#0;&amp#1;&amp#2;&amp#4;&amp#8;&amp#16; @�&amp#0;&amp#1;&amp#2;&amp#4;&amp#8;&amp#16; @�&amp#0;&amp#1;&amp#2;�&amp#4;�۫�('@�&amp#0;&amp#1;&amp#2;&amp#4;&amp#8;&amp#16; @�&amp#0;&amp#1;&amp#2;&amp#4;&amp#8;&amp#16; @�&amp#0;&amp#1;&amp#2;&amp#4;&amp#8;&amp#16; @�&amp#0;&amp#1;&amp#2;�&amp#5;z{{��^�F)&amp#1;&amp#2;&amp#4;&amp#8;&amp#16; @�&amp#0;&amp#1;&amp#2;&amp#4;&amp#8;&amp#16; @�&amp#0;&amp#1;&amp#2;&amp#4;&amp#8;&amp#16; @�&amp#0;&amp#1;&amp#2;&amp#4;&amp#8;&amp#16;�&amp#16;��=&amp#3;�#&amp#2;&amp#4;&amp#8;&amp#16; @�&amp#0;&amp#1;&amp#2;&amp#4;&amp#8;&amp#16; @�&amp#0;&amp#1;&amp#2;&amp#4;&amp#8;&amp#16; @�&amp#0;&amp#1;&amp#2;&amp#4;&amp#8;&amp#16; PY@����R&amp#2;&amp#4;&amp#8;&amp#16; @�&amp#0;&amp#1;&amp#2;&amp#4;&amp#8;&amp#16; @�&amp#0;&amp#1;&amp#2;&amp#4;&amp#8;&amp#16; @�&amp#0;&amp#1;&amp#2;&amp#4;&amp#8;&amp#16; PM�����￮�j5�&amp#19; @�&amp#0;&amp#1;&amp#2;&amp#4;&amp#8;&amp#16; @�&amp#0;&amp#1;&amp#2;&amp#4;&amp#8;&amp#16; @�&amp#0;&amp#1;&amp#2;&amp#4;&amp#8;&amp#16; @�&amp#0;&amp#1;&amp#2;�&amp#2;�q~{y�&amp#18;&amp#2;&amp#4;&amp#8;&amp#16; @�&amp#0;&amp#1;&amp#2;&amp#4;&amp#8;&amp#16; @�&amp#0;&amp#1;&amp#2;&amp#4;&amp#8;&amp#16; @�&amp#0;&amp#1;&amp#2;&amp#4;&amp#8;&amp#16; @��@�ڻ�۫�('@�&amp#0;&amp#1;&amp#2;&amp#4;&amp#8;&amp#16; @�&amp#0;&amp#1;&amp#2;&amp#4;&amp#8;&amp#16; @�&amp#0;&amp#1;&amp#2;&amp#4;&amp#8;&amp#16; @�&amp#0;&amp#1;&amp#2;&amp#21;&amp#5;"�����2
	&amp#16; @�&amp#0;&amp#1;&amp#2;&amp#4;&amp#8;&amp#16; @�&amp#0;&amp#1;&amp#2;&amp#4;&amp#8;&amp#16; @�&amp#0;&amp#1;&amp#2;&amp#4;&amp#8;&amp#16; @�@U��t{��^��&amp#7;&amp#4;&amp#8;&amp#16; @�&amp#0;&amp#1;&amp#2;&amp#4;&amp#8;&amp#16; @�&amp#0;&amp#1;&amp#2;&amp#4;&amp#8;&amp#16; @�&amp#0;&amp#1;&amp#2;&amp#4;&amp#8;&amp#16; @�@�@ww����T&amp#20;&amp#16; @�&amp#0;&amp#1;&amp#2;&amp#4;&amp#8;&amp#16; @�&amp#0;&amp#1;&amp#2;&amp#4;&amp#8;&amp#16; @�&amp#0;&amp#1;&amp#2;&amp#4;&amp#8;&amp#16; @�&amp#0;�Z&amp#2;��n�E�9&amp#1;&amp#2;&amp#4;&amp#8;&amp#16; @�&amp#0;&amp#1;&amp#2;&amp#4;&amp#8;&amp#16; @�&amp#0;&amp#1;&amp#2;&amp#4;&amp#8;&amp#16; @�&amp#0;&amp#1;&amp#2;&amp#4;&amp#8;&amp#16;(&amp#21;���T�g&amp#2;&amp#4;&amp#8;&amp#16; @�&amp#0;&amp#1;&amp#2;&amp#4;&amp#8;&amp#16; @�&amp#0;&amp#1;&amp#2;&amp#4;&amp#8;&amp#16; @�&amp#0;&amp#1;&amp#2;&amp#4;&amp#8;&amp#16; PS��f&amp#21;&amp#8;&amp#16; @�&amp#0;&amp#1;&amp#2;&amp#4;&amp#8;&amp#16; @�&amp#0;&amp#1;&amp#2;&amp#4;&amp#8;&amp#16; @�&amp#0;&amp#1;&amp#2;&amp#4;&amp#8;&amp#16; @�&amp#0;�b��H�������=&amp#1;&amp#2;&amp#4;&amp#8;&amp#16; @�&amp#0;&amp#1;&amp#2;&amp#4;&amp#8;&amp#16; @�&amp#0;&amp#1;&amp#2;&amp#4;&amp#8;&amp#16; @�&amp#0;&amp#1;&amp#2;&amp#4;&amp#8;&amp#16; �-�&amp#21;��۳�<%@�&amp#0;&amp#1;&amp#2;&amp#4;&amp#8;&amp#16; @�&amp#0;&amp#1;&amp#2;&amp#4;&amp#8;&amp#16; @�&amp#0;&amp#1;&amp#2;&amp#4;&amp#8;&amp#16; @�&amp#0;&amp#1;&amp#2;�&amp#2;6�/7QB�&amp#0;&amp#1;&amp#2;&amp#4;&amp#8;&amp#16; @�&amp#0;&amp#1;&amp#2;&amp#4;&amp#8;&amp#16; @�&amp#0;&amp#1;&amp#2;&amp#4;&amp#8;&amp#16; @�&amp#0;&amp#1;&amp#2;&amp#4;�&amp#4;�6��z�&amp#25;&amp#1;&amp#2;&amp#4;&amp#8;&amp#16; @�&amp#0;&amp#1;&amp#2;&amp#4;&amp#8;&amp#16; @�&amp#0;&amp#1;&amp#2;&amp#4;&amp#8;&amp#16; @�&amp#0;&amp#1;&amp#2;&amp#4;&amp#8;&amp#16; P&&amp#16;�v�ɗ�( @�&amp#0;&amp#1;&amp#2;&amp#4;&amp#8;&amp#16; @�&amp#0;&amp#1;&amp#2;&amp#4;&amp#8;&amp#16; @�&amp#0;&amp#1;&amp#2;&amp#4;&amp#8;&amp#16; @�&amp#0;&amp#1;&amp#2;�&amp#4;�n�%�9&amp#1;&amp#2;&amp#4;&amp#8;&amp#16; @�&amp#0;&amp#1;&amp#2;&amp#4;&amp#8;&amp#16; @�&amp#0;&amp#1;&amp#2;&amp#4;&amp#8;&amp#16; @�&amp#0;&amp#1;&amp#2;&amp#4;&amp#8;&amp#16;x�@�f���S&amp#11;}"@�&amp#0;&amp#1;&amp#2;&amp#4;&amp#8;&amp#16; @�&amp#0;&amp#1;&amp#2;&amp#4;&amp#8;&amp#16; @�&amp#0;&amp#1;&amp#2;&amp#4;&amp#8;&amp#16; @�&amp#0;&amp#1;&amp#2;&amp#4;j&amp#8;�L�&amp#6;��&amp#4;&amp#8;&amp#16; @�&amp#0;&amp#1;&amp#2;&amp#4;&amp#8;&amp#16; @�&amp#0;&amp#1;&amp#2;&amp#4;&amp#8;&amp#16; @�&amp#0;&amp#1;&amp#2;&amp#4;&amp#8;&amp#16; @�\�f��&J&amp#8;&amp#16; @�&amp#0;&amp#1;&amp#2;&amp#4;&amp#8;&amp#16; @�&amp#0;&amp#1;&amp#2;&amp#4;&amp#8;&amp#16; @�&amp#0;&amp#1;&amp#2;&amp#4;&amp#8;&amp#16; @�@&amp#1;��&amp#26;@&amp#30;&amp#19; @�&amp#0;&amp#1;&amp#2;&amp#4;&amp#8;&amp#16; @�&amp#0;&amp#1;&amp#2;&amp#4;&amp#8;&amp#16; @�&amp#0;&amp#1;&amp#2;&amp#4;&amp#8;&amp#16; @�&amp#0;�r&amp#1;��r&amp#19;%&amp#4;&amp#8;&amp#16; @�&amp#0;&amp#1;&amp#2;&amp#4;&amp#8;&amp#16; @�&amp#0;&amp#1;&amp#2;&amp#4;&amp#8;&amp#16; @�&amp#0;&amp#1;&amp#2;&amp#4;&amp#8;&amp#16; @ K���W�=&amp#11;�3&amp#2;&amp#4;&amp#8;&amp#16; @�&amp#0;&amp#1;&amp#2;&amp#4;&amp#8;&amp#16; @�&amp#0;&amp#1;&amp#2;&amp#4;&amp#8;&amp#16; @�&amp#0;&amp#1;&amp#2;&amp#4;&amp#8;&amp#16; P.&amp#16;�������&amp#18;&amp#2;&amp#4;&amp#8;&amp#16; @�&amp#0;&amp#1;&amp#2;&amp#4;&amp#8;&amp#16; @�&amp#0;&amp#1;&amp#2;&amp#4;&amp#8;&amp#16; @�&amp#0;&amp#1;&amp#2;&amp#4;&amp#8;&amp#16; @ C���&amp#12;&amp#28;�&amp#8;&amp#16; @�&amp#0;&amp#1;&amp#2;&amp#4;&amp#8;&amp#16; @�&amp#0;&amp#1;&amp#2;&amp#4;&amp#8;&amp#16; @�&amp#0;&amp#1;&amp#2;&amp#4;&amp#8;&amp#16; @�@e&amp#1;���.J	&amp#16; @�&amp#0;&amp#1;&amp#2;&amp#4;&amp#8;&amp#16; @�&amp#0;&amp#1;&amp#2;&amp#4;&amp#8;&amp#16; @�&amp#0;&amp#1;&amp#2;&amp#4;&amp#8;&amp#16; @�@��t{&amp#6;�G&amp#4;&amp#8;&amp#16; @�&amp#0;&amp#1;&amp#2;&amp#4;&amp#8;&amp#16; @�&amp#0;&amp#1;&amp#2;&amp#4;&amp#8;&amp#16; @�&amp#0;&amp#1;&amp#2;&amp#4;&amp#8;&amp#16; @��@OO���+�("@�&amp#0;&amp#1;&amp#2;&amp#4;&amp#8;&amp#16; @�&amp#0;&amp#1;&amp#2;&amp#4;&amp#8;&amp#16; @�&amp#0;&amp#1;&amp#2;&amp#4;&amp#8;&amp#16; @�&amp#0;&amp#1;&amp#2;�&amp#2;#�&amp#31;{J�@M�C�&amp#14;�ݻw߾}���?x�`|<|��#Gz{{�mWW׈&amp#17;#F�&amp#28;9jԨѣG�&amp#29;;vܸq�Ǐ��5{V�&amp#0;�&amp#14;&amp#21;ؾ>Y�<YsW����Ƈ�m�][�����&amp#7;�@F�N�NJ&�H��Mf&amp#31;��91��$Y�4�zt�r�6&amp#1;&amp#2;&amp#4;&amp#8;&amp#16; @�&amp#0;&amp#1;&amp#2;&amp#4;&amp#8;&amp#16; @�&amp#0;&amp#1;&amp#2;&amp#4;&amp#8;&amp#16;&amp#24; &amp#1;��&amp#7;&amp#8;ްC\ R�;v�عs�]�"���l"�>iҤɓ'O�2%R���	&amp#1;&amp#2;�J����k�;�+Y�d�}�Lm�I�i&amp#23;%g<?9���H_�i�P&amp#27;&amp#2;&amp#4;&amp#8;&amp#16; @�&amp#0;&amp#1;&amp#2;&amp#4;&amp#8;&amp#16; @�&amp#0;&amp#1;&amp#2;&amp#4;&amp#8;&amp#16; P��t{]\*&amp#19;H"˾u��m۶���C$��T=�t&amp#21;{��W&amp#20;�&amp#21;O�Z\qrC\��X�&amp#30;W&amp#20;��QmڴiӧO��;_&amp#2;&amp#4;:Q��뒟}%��W�C&amp#7;�3�Qc��_�<�u��/iN�z!@�&amp#0;&amp#1;&amp#2;&amp#4;&amp#8;&amp#16; @�&amp#0;&amp#1;&amp#2;&amp#4;&amp#8;&amp#16; @�&amp#0;&amp#1;&amp#2;&amp#4;�&amp#4;"�'�^���@%��ײq��͛7&amp#23;ֲ���q�&amp#25;3&&amp#18;�Z�(����&amp#3;&amp#7;b���Ҫ��}�̙�g�N��5�{L��P&amp#23;��������kp-{���z�K�H^��}�ϻ&amp#8;&amp#16; @�&amp#0;&amp#1;&amp#2;&amp#4;&amp#8;&amp#16; @�&amp#0;&amp#1;&amp#2;&amp#4;&amp#8;&amp#16; @�&amp#0;�f&amp#11;H�7[T�Q`���&amp#27;6l���1�8�===ֲ7e�q�{z�{����:�裝��&amp#20;]�&amp#16;&amp#24;�&amp#2;���ɷ>���܎�&�L^���Ԏ��A�&amp#0;&amp#1;&amp#2;&amp#4;&amp#8;&amp#16; @�&amp#0;&amp#1;&amp#2;&amp#4;&amp#8;&amp#16; @�&amp#0;&amp#1;&amp#2;&amp#4;:I@���޶��/�e˖�&amp#30;{,��G�X�>~��ȵ��M�&amp#22;�n~�޽�b�X4?gΜ&amp#25;3f�j�&amp#18;&amp#1;&amp#2;CH��_N���d�C�&amp#14;y���$��&amp#0;&amp#0;@&amp#0;IDAT�&amp#15;%���v�k<&amp#2;&amp#4;&amp#8;&amp#16; @�&amp#0;&amp#1;&amp#2;&amp#4;&amp#8;&amp#16; @�&amp#0;&amp#1;&amp#2;&amp#4;&amp#8;&amp#16; 0L&amp#5;�,鮾�&amp#30;?az��Ѵ&amp#8;4(&amp#16;)�G&amp#30;yd����>&amp#18;�&amp#19;&L�&amp#20;x�}��,�ݳgO�t�:u��&amp#30;۞q�Q]&amp#2;&amp#4;&amp#26;&amp#18;xle�����͆&amp#26;7��9/O��7ɜ&amp#19;�ԝn&amp#8;&amp#16; @�&amp#0;&amp#1;&amp#2;&amp#4;&amp#8;&amp#16; @�&amp#0;&amp#1;&amp#2;&amp#4;&amp#8;&amp#16; @�@G&amp#11;t�F����&amp#29;m`�&amp#4;�&amp#4;��5k��y��c�ĉ����Jk&amp#11;b���ݻ�o�̟??�to�xz'@��&amp#2;�>�ɡ��2&amp#6;�&amp#26;5&y�U�s�<�a&amp#24;�&amp#0;&amp#1;&amp#2;&amp#4;&amp#8;&amp#16; @�&amp#0;&amp#1;&amp#2;&amp#4;&amp#8;&amp#16; @�&amp#0;&amp#1;&amp#2;&amp#4;&amp#8;&amp#12;q�H&�L~��C�@ &amp#18;�6m��Ǎ&amp#27;7iҤ��>J��w��&amp#21;ǺG$�f͊�{&amp#11;�K&amp#2;&amp#4;�"�&amp#15;oK�u[F�=ȥ˒��}��*&amp#18; @�&amp#0;&amp#1;&amp#2;&amp#4;&amp#8;&amp#16; @�&amp#0;&amp#1;&amp#2;&amp#4;&amp#8;&amp#16; @�&amp#0;&amp#1;&amp#2;�&amp#2;��">w���C�&amp#30;z�Hr���ɓۿ���?���ܹ3�#�p��Q�F��QB���&amp#21;��X��NV�0&amp#24;#<���]��L�3&amp#24;c&amp#19;&amp#19;&amp#1;&amp#2;&amp#4;&amp#8;&amp#16; @�&amp#0;&amp#1;&amp#2;&amp#4;&amp#8;&amp#16; @�&amp#0;&amp#1;&amp#2;&amp#4;&amp#8;&amp#16;&amp#24;�&amp#2;};U�L~п&&amp#1;�I ֑�Z�j���#G��2e��IlǗ&amp#0;v��q���c�.Z�(�ܷI�0&amp#4;&amp#8;�S`�]�G/K����nZ�|�I�{�I�-i�&amp#16;�&@�&amp#0;&amp#1;&amp#2;&amp#4;&amp#8;&amp#16; @�&amp#0;&amp#1;&amp#2;&amp#4;&amp#8;&amp#16; @�&amp#0;&amp#1;&amp#2;�W�f���ݚY=&amp#2;����&amp#7;&amp#30;����ѣ�N�:P&amp#27;�W&amp#11;9�&amp#26;�}���&amp#7;&amp#15;Ɨ&amp#0;�?�����Z��	&amp#16;xB�[��~y�u�`&amp#7;�>7��o&&amp#11;�&amp#30;�q��&amp#0;&amp#1;&amp#2;&amp#4;&amp#8;&amp#16; @�&amp#0;&amp#1;&amp#2;&amp#4;&amp#8;&amp#16; @�&amp#0;&amp#1;&amp#2;&amp#4;&amp#8;&amp#12;>���&amp#21;�]]�/0&amp#17;&amp#17;h�@�k_�re��ǌ&amp#25;3mڴ�&amp#6;�\x�&amp#16;k��Vq�i�U����}\�h>�ȗGF��!�m�v�����&amp#19;N�ƽ1C�&amp#8;�I ֵ��&amp#11;�@�=刌��|�&amp#26;�6�l&amp#24;�&amp#0;&amp#1;&amp#2;&amp#4;&amp#8;&amp#16; @�&amp#0;&amp#1;&amp#2;&amp#4;&amp#8;&amp#16; @�&amp#0;&amp#1;&amp#2;&amp#4;�������e�JC&amp#2;�#����c&amp#15;��r��0�Ȃ���<!D&amp#2;>Ɗ����S��N�q��'�x����8B�&amp#4;&amp#8;$q^���dP�!_��bW���C縗�(!@�&amp#0;&amp#1;&amp#2;&amp#4;&amp#8;&amp#16; @�&amp#0;&amp#1;&amp#2;&amp#4;&amp#8;&amp#16; @�&amp#0;&amp#1;&amp#2;&amp#25;&amp#2;��&amp#25;8&amp#30;u�@��w��&amp#21;+ΧO��±x}Ϟ=�,>n�V��|�ĉ��{�£�X�&amp#30;+��QT����=��e��ݻ�U�$*D�	&amp#19;&�5s��u���mҤI�q��D5&amp#2;&amp#4;�*���MV�Є&amp#17;&amp#23;���ta��$r�3�'�f&c��u{`o�ks�yM_F��ے�nLV�ф�N�8���M�G&amp#23;&amp#4;&amp#8;&amp#16; @�&amp#0;&amp#1;&amp#2;&amp#4;&amp#8;&amp#16; @�&amp#0;&amp#1;&amp#2;&amp#4;&amp#8;&amp#16; @�3&amp#4;b9nב#G�J�u��Yv���5k6m�&amp#20;��ȵ���&amp#16;�l"e&amp#30;���(���6�{ϿE|$�� �Ț&amp#23;w&amp#18;����:D�>�F
֬Y����We�&amp#4;���?�-����
���&amp#11;_�<�&amp#21;ɬ&amp#5;y�ٴ:��7�&amp#27;������M*ֻtY򖿯�D!&amp#1;&amp#2;&amp#4;&amp#8;&amp#16; @�&amp#0;&amp#1;&amp#2;&amp#4;&amp#8;&amp#16; @�&amp#0;&amp#1;&amp#2;&amp#4;&amp#8;&amp#16; P.`u{���N&amp#17;ؼy��իc�3f�ȹ1{�P����%�h&amp#21;��Ϟ=;��{E�~�ƍ�?|�0bĈX��s{��&amp#0;˖-�j��&amp#5;3g�l8&amp#0;	&amp#16;h����O����>/�,y�;�S��x&amp#15;��4��_�x&amp#15;�>�<�͍7ג&amp#0;&amp#1;&amp#2;&amp#4;&amp#8;&amp#16; @�&amp#0;&amp#1;&amp#2;&amp#4;&amp#8;&amp#16; @�&amp#0;&amp#1;&amp#2;&amp#4;&amp#8;t��t{'�ms-&amp#18;���W�X&amp#17;K�'O�&amp#28;;�&amp#23;=�z�s���>&amp#30;G^|�ܹ�I�&amp#23;�&amp#17;I�u��E&amp#22;?
#����i���$�&amp#5;�vZ�&amp#4;_��r&amp#2;&amp#4;�'����}�'�&amp#14;42�K��>ԯD{�t��ϓ�~X\��~Ԙ�o�L朐��z&amp#4;&amp#8;&amp#16; @�&amp#0;&amp#1;&amp#2;&amp#4;&amp#8;&amp#16; @�&amp#0;&amp#1;&amp#2;&amp#4;&amp#8;&amp#16; @�S&amp#5;�6���:u����&amp#2;&amp#15;>�`��&amp#30;G�O�2�&D,g�ʱ�<jΛ7/&amp#22;��lRo�X�v��h&amp#21;��ck�X�^��&amp#29;;v�1�Qy���5+�@�@�&amp#5;>���o62��&amp#31;O^��F&amp#26;f���'�/�;�J��<y�V~��&amp#0;&amp#1;&amp#2;&amp#4;&amp#8;&amp#16; @�&amp#0;&amp#1;&amp#2;&amp#4;&amp#8;&amp#16; @�&amp#0;&amp#1;&amp#2;&amp#4;&amp#8;&amp#16;xR ΀�~���&amp#18;� �؉=��qX{�S�9�Ȳ�Y��w��O9�V��#��6:�!
��&amp#12;,��)�Dҍ�k�W�&amp#0;�&amp#22;
��ˍ��&amp#23;����/[�k��F
?:�!��K&amp#3;1&amp#29;&amp#23;&amp#1;&amp#2;&amp#4;&amp#8;&amp#16; @�&amp#0;&amp#1;&amp#2;&amp#4;&amp#8;&amp#16; @�&amp#0;&amp#1;&amp#2;&amp#4;&amp#8;&amp#16; �)&amp#16;�:��3�<&amp#28;�&amp#2;w�uWl&�g&amp#27;�H~����͔X&amp#4;�hѢ�7�R�&amp#24;hժU�l=&amp#6;���k�(�n)&amp#31;��/Y�����&amp#0;�&amp#26;&amp#2;�X�l|�F���K_���_��&amp#19;J���q���&amp#19;�O�_[_��&amp#23;&�z��&j&amp#19; @�&amp#0;&amp#1;&amp#2;&amp#4;&amp#8;&amp#16; @�&amp#0;&amp#1;&amp#2;&amp#4;&amp#8;&amp#16; @�&amp#0;�&amp#14;&amp#19;���m&�a/�t����G�}���5�lO���&amp#20;xd��?��V�����&amp#16;1P&amp#12;&amp#23;�Ʋ�&amp#8; ���&amp#20;b"1��TvMO	&amp#16;h���uݹ�&amp#11;.K��-ϵǜ#�&amp#31;&amp#3;�pu]�Ձ���&amp#0;&amp#1;&amp#2;&amp#4;&amp#8;&amp#16; @�&amp#0;&amp#1;&amp#2;&amp#4;&amp#8;&amp#16; @�&amp#0;&amp#1;&amp#2;&amp#4;&amp#8;&amp#16;�&amp#20;����ʬ�!�a%&amp#16;�/ٰaCLi�+Jӄw����
��>&amp#6;M��5�M'&amp#18;��ՙ�V*&amp#16;h���ɷ>Z_ϱ��=�V_�~֎�bк��TL�E�&amp#0;&amp#1;&amp#2;&amp#4;&amp#8;&amp#16; @�&amp#0;&amp#1;&amp#2;&amp#4;&amp#8;&amp#16; @�&amp#0;&amp#1;&amp#2;&amp#4;&amp#8;T&amp#17;�T{kwƮ2�b&amp#2;&amp#3;&�q��Ç&amp#15;Ǌ�؀=;��;w��G�;�f+�Ơ�9�&amp#17;Fv�1��NL*��]�S&amp#2;&amp#4;Z"�O'�6��s&amp#28;�&amp#30;{ȷ��A�:�=&&amp#21;Ss&amp#17; @�&amp#0;&amp#1;&amp#2;&amp#4;&amp#8;&amp#16; @�&amp#0;&amp#1;&amp#2;&amp#4;&amp#8;&amp#16; @�&amp#0;&amp#1;&amp#2;�&amp#5;�۫�x2&amp#28;&amp#5;6o�ˊ��F~���q,z�<��ڰ�|&amp#12;&amp#20;#�}�ݻv�J�c�&amp#24;:�#�x�&amp#22;V�;�N:�ju�&amp#19; �*��������v�!_�[�o�&amp#24;���ީ�չ�&amp#4;&amp#8;&amp#16; @�&amp#0;&amp#1;&amp#2;&amp#4;&amp#8;&amp#16; @�&amp#0;&amp#1;&amp#2;&amp#4;&amp#8;&amp#16; @`�&amp#11;H�&amp#15;�wh&amp#6;�&amp#5;v��&amp#17;��#G�&amp#29;;6�Q�ʞ���͛W31��O�GqL��5k>���}��&amp#31;\�jUaO�&amp#24;:&amp#2;�N"�Ba�>c:1��ZL�b&amp#5;�&amp#4;&amp#8;�J���u�����&amp#31;O&amp#22;-��~CU��V�&amp#27;:&amp#2;���b�.&amp#2;&amp#4;&amp#8;&amp#16; @�&amp#0;&amp#1;&amp#2;&amp#4;&amp#8;&amp#16; @�&amp#0;&amp#1;&amp#2;&amp#4;&amp#8;&amp#16; @��@���+�(&amp#27;�&amp#2;[�n��e�ڣ��ݻ���I�&͞=��&amp#18;�����민�ʯ}�k�>��M7�&amp#20;%�A#�&amp#8;#���
�&amp#21;o�I�&amp#19;�XA!&amp#1;&amp#2;-&amp#17;��W��v�%ɋ�YG���f�V�&amp#11; ���5��ݪI�&amp#0;&amp#1;&amp#2;&amp#4;&amp#8;&amp#16; @�&amp#0;&amp#1;&amp#2;&amp#4;&amp#8;&amp#16; @�&amp#0;&amp#1;&amp#2;&amp#4;���t���f�[ ~ܷm�&amp#22;��L�F�*tϞ=Qa�ܹ&amp#25;՚�hݺu���'cQ{$��&amp#14;�N�Z�s&amp#26;F�&amp#20;��<*��N*&��&amp#14;���{&amp#2;&amp#4;�+p�P����e&amp#31;��rCU��VI�
#&&amp#24;�t&amp#17; @�&amp#0;&amp#1;&amp#2;&amp#4;&amp#8;&amp#16; @�&amp#0;&amp#1;&amp#2;&amp#4;&amp#8;&amp#16; @�&amp#0;&amp#1;&amp#2;e&amp#2;q<���e*
��@l�&amp#30;��ѣG�&amp#24;1"c�i�}ڴi&amp#19;'N̨��G�&amp#15;&amp#31;��[>��&amp#15;\s�5���������/-پ>`�N&amp#26;X�r�ML*�&amp#22;&amp#19;��|���&amp#4;Z(p�ɡ&amp#3;y����g�\���U�`r^1����&amp#0;&amp#1;&amp#2;&amp#4;&amp#8;&amp#16; @�&amp#0;&amp#1;&amp#2;&amp#4;&amp#8;&amp#16; @�&amp#0;&amp#1;&amp#2;&amp#4;&amp#8;&amp#16;�$ �^IE�p&amp#20;عsgL+r�ٓK�ro�6�3|l&amp#29;�ַ����.&amp#4;���/{��Jr���4��M�&amp#11;��oҩ��,.wO�@�&amp#4;���:z~�;�\g�z�$u&amp#5;S�4�\u&amp#2;&amp#4;&amp#8;&amp#16; @�&amp#0;&amp#1;&amp#2;&amp#4;&amp#8;&amp#16; @�&amp#0;&amp#1;&amp#2;&amp#4;&amp#8;&amp#16; 0�&amp#5;F&amp#14;��&amp#5;O ���]���1c2��߿?�l�0aB떶oذ��_���ۿ&amp#21;��g�g/x�&amp#11;��&amp#22;�DH��=��8x>�G�-�fq��	&amp#16;h���&amp#31;�����[�����*}�DH��"W�����;�&amp#8;&amp#16; @�&amp#0;&amp#1;&amp#2;&amp#4;&amp#8;&amp#16; @�&amp#0;&amp#1;&amp#2;&amp#4;&amp#8;&amp#16; @��0&amp#17;�Ģt�0y���-p�С�Uwuu�&amp#26;5*�fԉ�ӧOϨ�����r��O��7�xcq'�&amp#7;��=�Z�=�&amp#25;!�L���b�1��l�4�GwO�@�&amp#2;��'��������YO���VI"�����fLv�����.&amp#1;&amp#2;&amp#4;&amp#8;&amp#16; @�&amp#0;&amp#1;&amp#2;&amp#4;&amp#8;&amp#16; @�&amp#0;&amp#1;&amp#2;&amp#4;&amp#8;&amp#16;&amp#24;�&amp#2;�n&amp#31;���&amp#12;S��{��M�$�&amp#3;}�0O�:��nG�&amp#28;���c���\�[��j{�&amp#23;ǐ���W\^r�N0�l�#&amp#31;	&amp#16;h����ut��W�Q9_�~�VI�
����_-&amp#2;&amp#4;&amp#8;&amp#16; @�&amp#0;&amp#1;&amp#2;&amp#4;&amp#8;&amp#16; @�&amp#0;&amp#1;&amp#2;&amp#4;&amp#8;&amp#16; 0&amp#12;&amp#4;��>&amp#12;^�)�&amp#22;H&amp#15;>�N�&amp#31;<x���wܸq5�w�=�SkD��_�����U�V&amp#21;?������.�lҤIŅ&amp#21;�#�&amp#8;,�*VH&amp#11;�	�<�=�&amp#7;�&amp#8;&amp#16;�+�殼5&amp#23;���Z��r�z����&amp#23;R&amp#4;���?ٜ&amp#29;�F�&amp#0;&amp#1;&amp#2;&amp#4;&amp#8;&amp#16; @�&amp#0;&amp#1;&amp#2;&amp#4;&amp#8;&amp#16; @�&amp#0;&amp#1;&amp#2;&amp#4;���t��x�&QK �%~Ĉ&amp#17;&amp#25;&amp#21;c&amp#15;�x��S�c����^����%�Ο������Ͽq}&amp#26;X&amp#26;d�Y�&amp#19;L'[��r&amp#2;&amp#4;�#���y�9�¼5��k�o�$`�'�o
j&amp#17; @�&amp#0;&amp#1;&amp#2;&amp#4;&amp#8;&amp#16; @�&amp#0;&amp#1;&amp#2;&amp#4;&amp#8;&amp#16; @�&amp#0;�a &amp#16;ke��>&amp#12;ޣ)�&amp#22;H&amp#23;��&amp#28;��&amp#3;����h����]#&amp#14;\��7��}���Ӟ���/����8&amp#11;9,�����t��+�&amp#11;��&amp#16; �/��&amp#15;�m��5s�k�o�$`�'�c
�&amp#16; @�&amp#0;&amp#1;&amp#2;&amp#4;&amp#8;&amp#16; @�&amp#0;&amp#1;&amp#2;&amp#4;&amp#8;&amp#16; @�&amp#0;��!��Օ�}&amp#28;&amp#30;�4&amp#11;&amp#2;!�.
�����!�d�&amp#29;;6[,֕���;w�|�K^�}�{���W����|���ٳg/[�l����/��Q��4��t{:��&amp#21;�&amp#25;CxD�@&amp#29;&amp#2;���<���&amp#3;�[%�&amp#21;د��?�_�qG�&amp#0;&amp#1;&amp#2;&amp#4;&amp#8;&amp#16; @�&amp#0;&amp#1;&amp#2;&amp#4;&amp#8;&amp#16; @�&amp#0;&amp#1;&amp#2;&amp#4;���t���f&amp#24;&amp#2;i�:;����&amp#19;5�&amp#15;n߼y���~�K_����s�&amp#21;W\1o޼�Y�ݻw��_/ϵG÷���g�}v���Q��J&amp#3;K�,yT��N0;%_��&amp#0;�~	�ڒ����&amp#25;5&amp#7;�J�&amp#25;�Sb�?٧4�&amp#0;&amp#1;&amp#2;&amp#4;&amp#8;&amp#16; @�&amp#0;&amp#1;&amp#2;&amp#4;&amp#8;&amp#16; @�&amp#0;&amp#1;&amp#2;&amp#4;&amp#8;&amp#12;g��܍��+&&amp#11;��7��۷GVu߾}�6Q��y���)�G=�dW�p>�>��ß��g��&amp#31;��}���]�f�;���3�<��U��&amp#28;������|&o|�&amp#27;/���~y�(I��N��&amp#19;�&amp#31;��˗W�D� &amp#20;X��O&amp#31;�Q	��&amp#2;�fV�m��$U&amp#2;�&amp#16;������&amp#29;�B&amp#19;E�&amp#20;�W&amp#25;G&amp#3;&amp#28;wfr�y�y�n���"@�&amp#0;&amp#1;&amp#2;&amp#4;&amp#8;&amp#16; @�&amp#0;&amp#1;&amp#2;&amp#4;&amp#8;&amp#16; @�@'&amp#11;�R��H�w2A�s?r�H$_&amp#31;|��&amp#27;6Ğ�r�K��av�=��Pm&amp#5;||��+_�J!מ�}��w�R�뮻.�oQ�H|�"J>�O&amp#20;J
7�w��_��ɓ'&amp#23;J�ߤ�e��͞`���$@��&amp#2;c�W�m��$U&amp#2;�&amp#24;��A-&amp#16;߇����7�&��k���n�g���Vp&amp#4;&amp#8;&amp#16; @�&amp#0;&amp#1;&amp#2;&amp#4;&amp#8;&amp#16; @�&amp#0;&amp#1;&amp#2;&amp#4;&amp#8;&amp#16;&amp#24;.&amp#2;��&amp#27;Y-�8\�ؒy�رc����	�&amp#19;'N&amp#28;5jT�<�wo�D��*&amp#2;�ׯ��$o�������7l۶�&amp#27;n(i��&amp#15;8~&amp#30;^���š�&amp#7;&amp#15;&amp#30;���G>�:�1�����|��Q�K�>����C&amp#2;&amp#4;�+0�~�4w�zk��������d�璥/m�(�&@�&amp#0;&amp#1;&amp#2;&amp#4;&amp#8;&amp#16; @�&amp#0;&amp#1;&amp#2;&amp#4;&amp#8;&amp#16; @�&amp#0;��&amp#5;��^�&amp#15;B�kOs�cƌ�4iR�.�uw�A[&amp#4;b�w|�$����i��޹�wP�=��w��&amp#29;Q��?�qI�_��&amp#31;x�����-[�l���=�G���3Ψ�yI��&amp#31;�m�3�&1��;�Ny�J&amp#8;&amp#16;h������	&amp#21;�&amp#24;��*I&amp#4;�&amp#26;�&amp#2;��'W_����Ʉ��r~&E�&amp#0;&amp#1;&amp#2;&amp#4;&amp#8;&amp#16; @�&amp#0;&amp#1;&amp#2;&amp#4;&amp#8;&amp#16; @�&amp#0;�A"&amp#16;���&amp#25;��A&amp#18;�`&amp#11;c�ڵ��=r�ӦM&amp#27;l����@�J�N�G"<�K&amp#17;�&amp#2;T;X=:�?~&amp#28;�&amp#30;��g�o|��&amp#22;��_��/�8~l�U�Y�&amp#30;X����n�ɨ&amp#2;�&amp#1;&amp#16;������&amp#7;��J&amp#18;����@dܿ�����4\�g^&amp#4;&amp#8;&amp#16; @�&amp#0;&amp#1;&amp#2;&amp#4;&amp#8;&amp#16; @�&amp#0;&amp#1;&amp#2;&amp#4;&amp#8;&amp#16;&amp#24;&amp#12;&amp#2;���&amp#6;C(C%�8j7�/G���}��,�&amp#16;H��&amp#5;��@�:�&amp#27;|�
Q��Ʈ���g>�&amp#25;�J&amp#30;&amp#29;s�1�|�+gΜYR^��4����&amp#4;���5��&amp#4;&amp#8;4A`�N&amp#6;�J�&amp#25;XF�&amp#30;��U����PEI�&amp#0;&amp#1;&amp#2;&amp#4;&amp#8;&amp#16; @�&amp#0;&amp#1;&amp#2;&amp#4;&amp#8;&amp#16; @�&amp#0;�!+Н.�&amp#29;��;�ݻwǐq^�=��M߿����w����"7�`���U��&amp#11;.ȮYx��׾��SO�g&amp#22;<,�&amp#7;O��`�� &amp#18;Xw_v0&amp#3;�[%�&amp#21;Xv؞&amp#14;&amp#1;��7� �H�&amp#0;&amp#1;&amp#2;&amp#4;&amp#8;&amp#16; @�&amp#0;&amp#1;&amp#2;&amp#4;&amp#8;&amp#16; @�&amp#0;��,�&amp#29;�/�P��ݱ�۷/�&amp#28;5jT�&amp#7;6^�&amp#4;F�&amp#24;&amp#17;&amp#29;���W�)�d��[�0��W�x��w��]y2��y�s.�袱c�V&amp#27;7gy&amp#26;Xv�=�`:ٜݪF�@�&amp#5;&amp#30;���&amp#16;&amp#3;�[%�&amp#17;X��U&amp#24;�&amp#2;&amp#15;�>��&amp#19;&amp#28;&amp#1;&amp#2;&amp#4;&amp#8;&amp#16; @�&amp#0;&amp#1;&amp#2;&amp#4;&amp#8;&amp#16; @�&amp#0;&amp#1;&amp#2;&amp#4;������{�yR����v[&amp#4;�,u&amp#28;͞1Z�-�t&amp#3;��j�������eG&amp#29;uT�&amp#14;kVH&amp#3;���G:��|́T @��&amp#2;�ݘ����VI�&amp#5;�'xu&amp#6;��t� }1�"@�&amp#0;&amp#1;&amp#2;&amp#4;&amp#8;&amp#16; @�&amp#0;&amp#1;&amp#2;&amp#4;&amp#8;&amp#16; @`�&amp#8;�F��٧Y&amp#15;���F�&amp#11;�&amp#25;�C�&amp#14;eH�&amp#30;=:�]��A���&amp#30;��E������q�&amp#25;���F��3���r�&amp#8;)&amp#2;�&amp#17;#Ȓ!�?�&amp#19;�n/6qO`�&amp#5;VߑlZ�'�v�V�&amp#11;)&amp#2;s&amp#17; @�&amp#0;&amp#1;&amp#2;&amp#4;&amp#8;&amp#16; @�&amp#0;&amp#1;&amp#2;&amp#4;&amp#8;&amp#16; @�&amp#0;&amp#1;&amp#2;�
���&amp#31;�I[�^�����v���ut�j�&amp#4;�E�����e̘1�����s�&amp#21;�|N>������&amp#21;3�����&amp#11;_8eʔ��eTKCJ�˨�N0{&amp#5;|Fs�&amp#8;&amp#16;h��/�����VIr��3r�&amp#6;��qg&amp#14;ƨ�D�&amp#0;&amp#1;&amp#2;&amp#4;&amp#8;&amp#16; @�&amp#0;&amp#1;&amp#2;&amp#4;&amp#8;&amp#16; @�&amp#0;�a$ �^��&amp#28;7n\4�����S�[/&amp#16;&amp#25;�X�&amp#29;�9d�����[��(#7��&amp#23;�(�x�o���Z�4��&amp#3;�cj1��f�T�&amp#31;�&amp#4;&amp#8;&amp#12;���_�?n{~�$���?x5&amp#7;��t��z&amp#31;�!@�&amp#0;&amp#1;&amp#2;&amp#4;&amp#8;&amp#16; @�&amp#0;&amp#1;&amp#2;&amp#4;&amp#8;&amp#16; @`�	�m&?�����L�81F�S�-po�t�O�a?p�@FבώDמ={r���v������w�J�B�q��g?;�~F����&amp#8;&B�Q����Բw�o,&amp#0;�&amp#8;&amp#16;����H��i�NZ�[�/�&amp#8;�5�&amp#5;N8o�O�&amp#4;	&amp#16; @�&amp#0;&amp#1;&amp#2;&amp#4;&amp#8;&amp#16; @�&amp#0;&amp#1;&amp#2;&amp#4;&amp#8;&amp#16; 0�&amp#2;��u�O�:uƌ&amp#25;�l׮]u7�`@&amp#5;�<t�s��&amp#4;�ƍ&amp#27;�
6rcK�,y���_ȸ_r�%��|S������ܧS�n��ũL�}&amp#2;��T]c���JRg0uE��`&amp#17;���y�&amp#30;,���&amp#0;&amp#1;&amp#2;&amp#4;&amp#8;&amp#16; @�&amp#0;&amp#1;&amp#2;&amp#4;&amp#8;&amp#16; @�&amp#0;&amp#1;&amp#2;�Q ��|���~���͋��c%�m۬q��o�&amp#26;��������#G2��0aB<��[�&amp#2;�hR�&amp#27;�D��瞛�&amp#24;=#��G&amp#17;F&amp#4;&amp#19;%i`ŏ��cR1��`��݋[�'@�}&amp#2;?���&amp#5;�&amp#17;X�~��&amp#17;�����ԣ�7����&amp#17; @�&amp#0;&amp#1;&amp#2;&amp#4;&amp#8;&amp#16; @�&amp#0;&amp#1;&amp#2;&amp#4;&amp#8;&amp#16; @`�&amp#5;bu��&amp#15;}�CMY�;��i[&amp#0;���4j�n���޽{c�p&amp#12;C�]h�+hl�xG���oHě�X&amp#2;&amp#30;���9��~ӝ&amp#12;�&amp#15;&amp#23;mg͚�p��H�?�&amp#25;�hJ���&amp#31;�H�����G1��
��j��f�&amp#4;&OJ�m�&amp#3;=��5�s~�� Z�[%���K6>TW&amp#24;*&amp#15;1�ȵ/�\���!&amp#22;�p	&amp#16; @�&amp#0;&amp#1;&amp#2;&amp#4;&amp#8;&amp#16; @�&amp#0;&amp#1;&amp#2;&amp#4;&amp#8;&amp#16; 0&amp#4;&amp#5;�2�C0�&amp#15;9&amp#18;�k׮ݲe���"�:&amp#5;F�&amp#28;9s�̌F�b����c'�ٳggԬ����g߾}����70b&amp#27;��1&amp#27;1bD&amp#4;&amp#28;Y��å�&amp#17;��&amp#22;2|&amp#6;����&amp#28;�ؚ,p�Ǔ&amp#23;���>��[%��'�/���&amp#0;�&amp#31;J&amp#2;��|�k�0u(�,V&amp#2;&amp#4;&amp#8;&amp#16; @�&amp#0;&amp#1;&amp#2;&amp#4;&amp#8;&amp#16; @�&amp#0;&amp#1;&amp#2;&amp#4;&amp#8;&amp#12;Y&amp#1;��~���۷�^ߑ[��Œ���lo�S�f�&amp#2;߿��&amp#8;�SN&amp#25;?~|{�{b�����{�C�h&amp#7;$N��S@����C��_�2Y�t`�^�<���w&amp#12;�}kG�<+9�̾?'����R�&amp#0;&amp#1;&amp#2;&amp#4;&amp#8;&amp#16; @�&amp#0;&amp#1;&amp#2;&amp#4;&amp#8;&amp#16; @�&amp#0;&amp#1;&amp#2;O&amp#21;�n��O�]`Æ�<�Hl&?}����ܹ3&amp#18;ޱH��O��:��ʟ�b�{�7��&amp#17;��ɓ'�W(.ٺuk�$��&amp#30;u�Q���	&amp#16;h��u�|�u&amp#12;���������PG��Tݿ'��g&�﨣�7~4y�{ꨯ*&amp#1;&amp#2;&amp#4;&amp#8;&amp#16; @�&amp#0;&amp#1;&amp#2;&amp#4;&amp#8;&amp#16; @�&amp#0;&amp#1;&amp#2;&amp#4;&amp#8;&amp#16;�0��&amp#14;���v�@l&amp#14;&amp#31;��Gr���&amp#3;�&amp#22;��&amp#30;5jT$�W�Z�]�&amp#21;Oc�&amp#24;:&amp#2;��k���tbR�{ߊ��I��&amp#4;^��ɤ��)JA"���ח&amp#22;��s&amp#12;ZW�=&&amp#21;Ss&amp#17; @�&amp#0;&amp#1;&amp#2;&amp#4;&amp#8;&amp#16; @�&amp#0;&amp#1;&amp#2;&amp#4;&amp#8;&amp#16; @�&amp#0;&amp#1;&amp#2;U&amp#4;�j��*6���@���.&amp#1;߳gO�)�.�qn��&amp#29;;ڜq��b�&amp#24;:&amp#2;�&amp#25;d:��T���5�Q�&amp#0;�&amp#6;&amp#5;F�N^V���&amp#24;f���߽���&amp#26;k&amp#22;�Šu]1����&amp#0;&amp#1;&amp#2;&amp#4;&amp#8;&amp#16; @�&amp#0;&amp#1;&amp#2;&amp#4;&amp#8;&amp#16; @�&amp#0;&amp#1;&amp#2;&amp#4;&amp#8;&amp#16;�" �^&amp#5;F�&amp#22;8��ǌ&amp#25;&amp#19;+�c��쉦	��I~۶m&amp#15;<�@l�]��Oc�&amp#24;(��A�dv�1��HL'&�]�S&amp#2;&amp#4;Z(��?Jf/����_���˓���W&amp#12;&amp#17;&amp#3;�pu]1����&amp#0;&amp#1;&amp#2;&amp#4;&amp#8;&amp#16; @�&amp#0;&amp#1;&amp#2;&amp#4;&amp#8;&amp#16; @�&amp#0;&amp#1;&amp#2;&amp#4;&amp#8;&amp#16;�.&amp#16;&amp#25;=�۫�x2|&amp#5;�̙&amp#19;�۽{w�&amp#12;zl�>mڴt�{&amp#28;�^3C�&amp#31;��<�H׵Ǡ1tvo&amp#17;|L!��ɮ�)&amp#1;&amp#2;�&amp#21;��Cu�&amp#31;���0�U��n��At&amp#30;CԻ�=�o`:��R�&amp#0;&amp#1;&amp#2;&amp#4;&amp#8;&amp#16; @�&amp#0;&amp#1;&amp#2;&amp#4;&amp#8;&amp#16; @�&amp#0;&amp#1;&amp#2;&amp#4;&amp#8;&amp#12;&amp#23;��X�>\�b&amp#30;&amp#4;�&amp#16;x��&amp#7;�o�>nܸ)S��lv�ȑ�|�С�9o޼V���q�Ƶk�F��eϳ�=jFb>�w�ʋ&amp#23;/�9&amp#5;&amp#21;&amp#8;&amp#16;h��G^����FF���ɋ��H��6��d��wgW�����'���ʏ�&amp#18; @�&amp#0;&amp#1;&amp#2;&amp#4;&amp#8;&amp#16; @�&amp#0;&amp#1;&amp#2;&amp#4;&amp#8;&amp#16; @�&amp#0;&amp#1;&amp#2;E&amp#2;��E&amp#24;n;I���&amp#3;+V����L�<y���y��s��tu��I��Ν;q��<�j։&amp#21;��֭۵kWԌH"��M�BD&amp#18;��y�vZl&���:&amp#4;&amp#8;�Vౕ��NO&amp#14;&amp#29;hd�%��-(?�Y��-os�O�k�<���Oj��&amp#26;���ɜ&amp#19;j�T�&amp#0;&amp#1;&amp#2;&amp#4;&amp#8;&amp#16; @�&amp#0;&amp#1;&amp#2;&amp#4;&amp#8;&amp#16; @�&amp#0;&amp#1;&amp#2;&amp#4;&amp#8;t�@�E-���?&amp#2;�=�͛7�^�:&amp#12;f̘Qs���j����&amp#23;����1�{�e��I�G�=&amp#22;��I��[�W&amp#31;Y��cǦ&amp#3;e�&amp#29;��l�&amp#18;u&amp#22;,X0s���ʞ&amp#18; �>��?�\}E��]pY��w�+�&amp#30;���~��ڋ#^���o..pO�&amp#0;&amp#1;&amp#2;&amp#4;&amp#8;&amp#16; @�&amp#0;&amp#1;&amp#2;&amp#4;&amp#8;&amp#16; @�&amp#0;&amp#1;&amp#2;&amp#4;&amp#8;T&amp#19;�n�&��#&amp#4;֬Y�iӦ�#GN�>���;ϜcA|����ٓV�0aB��&amp#29;�G�&amp#30;��y�9x�`lM�u���N"m&amp#31;K���&amp#16;_����&amp#15;&amp#31;�5k�����4Q�&amp#0;��	��ے�_ݯ�N<?��u��_��Z���M��_~#��+����ۤb�K�%o���O&amp#20;&amp#18; @�&amp#0;&amp#1;&amp#2;&amp#4;&amp#8;&amp#16; @�&amp#0;&amp#1;&amp#2;&amp#4;&amp#8;&amp#16; @�&amp#0;&amp#1;&amp#2;�&amp#2;���&J:K����&amp#5;�,��y��G�;��qtzܤ��&amp#24;�H��n�B=z�&amp#20;~���
�&amp#26;�&amp#20;{���&amp#29;�#U&amp#31;��&Q��g�N�������sd�9$$��&amp#4;1&amp#20;%Z��JQ�ڪ�{��&amp#26;����ju�y�Z�{�*�(Ֆ�tй��<��%D$ȌH�����w��3�$N���9��������k�������^��U	��0�_�*������[l�E�'�%&amp#1;&amp#2;�&amp#19;�䫛n�}/&amp#12;7i����h�t���6���4bl���v�xfI�¹Ms&amp#31;jz䮦�ol���&amp#7;o��yU�iW�B?� @�&amp#0;&amp#1;&amp#2;&amp#4;&amp#8;&amp#16; @�&amp#0;&amp#1;&amp#2;&amp#4;&amp#8;&amp#16; @�&amp#0;&amp#1;&amp#2;�F@���<j7څ@&amp#18;�'�Xxv@O~�.ZuY�&amp#11;��N�Y��e�&amp#23;��*����|>/<��d��X�0��&amp#30;&�_q�Z&amp#16; л&amp#2;�f5}b��Xx&amp#3;}&amp#18;����FOh�)�*&amp#1;&amp#2;&amp#4;&amp#8;&amp#16; @�&amp#0;&amp#1;&amp#2;&amp#4;&amp#8;&amp#16; @�&amp#0;&amp#1;&amp#2;&amp#4;&amp#8;&amp#16;��@����}&amp#4;F�&amp#19;&amp#2;Yn~��w'�j&amp#17;��=d�yz�B�|��=�J&amp#0;>��,^�'���I���i�t*������gY|�Y�&amp#4;&amp#8;�!�&amp#25;�5}v��'&amp#30;�CS�f*�l���+�6~I7M�"@�&amp#0;&amp#1;&amp#2;&amp#4;&amp#8;&amp#16; @�&amp#0;&amp#1;&amp#2;&amp#4;&amp#8;&amp#16; @�&amp#0;&amp#1;&amp#2;&amp#4;:
&amp#8;�w4Q�&amp#31;&amp#5;����{�I�<��lĞ�x�RH�>۽'��X�f�m���}jz&C�@'&amp#2;����Ń&amp#27; �X�)�5m�c'���&amp#0;&amp#1;&amp#2;&amp#4;&amp#8;&amp#16; @�&amp#0;&amp#1;&amp#2;&amp#4;&amp#8;&amp#16; @�&amp#0;&amp#1;&amp#2;&amp#4;&amp#8;&amp#16;�V@��[&amp#30;'��@ָ�w�}�&amp#12;�5�F��;���&amp#18;����h>9�'O�l]{�V��&amp#6;&amp#23;�&amp#26;�/��Og�O&amp#14;��_l]{��L�&amp#0;&amp#1;&amp#2;&amp#4;&amp#8;&amp#16; @�&amp#0;&amp#1;&amp#2;&amp#4;&amp#8;&amp#16; @�&amp#0;&amp#1;&amp#2;&amp#4;�#�&amp#21;���?���&amp#25;ߨ&amp#4;��@&amp#2;����&amp#11;3��#G��E�Yv�`���gĈ&amp#17;�n�i�y	��=:�!�W&amp#5;������������m��~�~�}�ј&amp#19;&amp#1;&amp#2;&amp#4;&amp#8;&amp#16; @�&amp#0;&amp#1;&amp#2;&amp#4;&amp#8;&amp#16; @�&amp#0;&amp#1;&amp#2;&amp#4;&amp#8;4�@�����Z��&amp#6;�3�5Vࡇ&amp#30;�3gNn/��&amp#19;��/H^�I�?k�3�q��M�8q�&amp#21;wc&amp#4;�x���k��7��]�{l�1_�[S2&amp#27;&amp#2;&amp#4;&amp#8;&amp#16; @�&amp#0;&amp#1;&amp#2;&amp#4;&amp#8;&amp#16; @�&amp#0;&amp#1;&amp#2;&amp#4;&amp#8;&amp#16; �P&amp#2;mmm��7�&amp#19;3�Z	̝;7A���$�>|���/sϢ�E�&amp#22;U�O$�>v��Zݺq&amp#8;&amp#16;X=&amp#2;W�����4=����}ez&amp#29;8��ȳ�^}��\�-&amp#1;&amp#2;&amp#4;&amp#8;&amp#16; @�&amp#0;&amp#1;&amp#2;&amp#4;&amp#8;&amp#16; @�&amp#0;&amp#1;&amp#2;&amp#4;&amp#8;&amp#16; P- �^-�@!��3�̜9s޼y�&amp#25;4hаa�&amp#6;&amp#15;&amp#30;\�]}���x��K�f�ѣGo��F�&amp#25;w�ݑ�	&amp#16;����������\VO��&amp#14;nz��M&amp#19;6��&amp#28;�M�&amp#0;&amp#1;&amp#2;&amp#4;&amp#8;&amp#16; @�&amp#0;&amp#1;&amp#2;&amp#4;&amp#8;&amp#16; @�&amp#0;&amp#1;&amp#2;&amp#4;�&amp#8;�����ɯ&amp#17;��M�.��&amp#31;|֬Y	�g�&amp#4;ݳ�}Ȑ!�i���~:��+����'L���뮦�tK�@�&amp#4;�xA�şlz��ZO`�M��|ZӞG�z\�&amp#17; @�&amp#0;&amp#1;&amp#2;&amp#4;&amp#8;&amp#16; @�&amp#0;&amp#1;&amp#2;&amp#4;&amp#8;&amp#16; @�&amp#0;�5W@2�5�ٺ��&amp#19;x��GgϞ�lٲt9`��Dܳ��Zk��+#䕗lОX{����?~��^�\'&amp#4;&amp#8;�Q��~���/7-�[��&amp#24;�t���&amp#14;9�&amp#22;c&amp#25;�&amp#0;&amp#1;&amp#2;&amp#4;&amp#8;&amp#16; @�&amp#0;&amp#1;&amp#2;&amp#4;&amp#8;&amp#16; @�&amp#0;&amp#1;&amp#2;&amp#4;&amp#8;�'��������+�U&amp#17;��&amp#11;�=�X�tO\�r}&amp#22;��e�&amp#3;&amp#7;&amp#14;\�&amp#30;�}��,��Z��r���(~�h_o�����W�C�&amp#16; �`&amp#2;˖6��M��V�#w���o0�i�w5�wBӀA�k&amp#8;�&amp#18; @�&amp#0;&amp#1;&amp#2;&amp#4;&amp#8;&amp#16; @�&amp#0;&amp#1;&amp#2;&amp#4;&amp#8;&amp#16; @�&amp#0;�~,`u{?~�n}�&amp#4;�ϟ��&amp#19;O<��	�W:Ht<&amp#17;�|��=k�[���2�4H�|�^K>Y����	�����1cƬ��:�F�Z�&amp#25;��&amp#0;�&amp#6;&amp#23;��&amp#23;M���K��m߷�&amp#23;>&amp#3;&amp#7;7�rh�noi���^�M&amp#23;&amp#4;&amp#8;&amp#16; @�&amp#0;&amp#1;&amp#2;&amp#4;&amp#8;&amp#16; @�&amp#0;&amp#1;&amp#2;&amp#4;&amp#8;&amp#16; @�@&amp#23;&amp#2;��]��&Э@�剻/X�`��z�n��>���#F�&amp#24;9rd���|u&amp#11;�&amp#4;&amp#8;�+�e�6����t�&amp#31;Vq�{ֲo�W���i��uM&amp#3;V%�F��v�&amp#4;&amp#8;&amp#16; @�&amp#0;&amp#1;&amp#2;&amp#4;&amp#8;&amp#16; @�&amp#0;&amp#1;&amp#2;&amp#4;&amp#8;&amp#16; @�E
$b؜��Y��";r9��,���K�,�쿞��9��b��_O(���=�ߓ|����СCs؟��;&amp#1;&amp#2;�	�{���&amp#30;��i����&amp#30;hz򑦅�7=��)���If�!#�F��4f���6i��E�ė4M��4z|w}:G�&amp#0;&amp#1;&amp#2;&amp#4;&amp#8;&amp#16; @�&amp#0;&amp#1;&amp#2;&amp#4;&amp#8;&amp#16; @�&amp#0;&amp#1;&amp#2;&amp#4;&amp#8;�����-�?&amp#2;&amp#4;&amp#8;&amp#16; @�&amp#0;&amp#1;&amp#2;&amp#4;&amp#8;&amp#16; @�&amp#0;&amp#1;&amp#2;&amp#4;&amp#8;&amp#16; @�&amp#0;&amp#1;&amp#2;&amp#4;&amp#8;&amp#16;�&amp#7;&amp#2;ֵ����&amp#22;	&amp#16; @�&amp#0;&amp#1;&amp#2;&amp#4;&amp#8;&amp#16; @�&amp#0;&amp#1;&amp#2;&amp#4;&amp#8;&amp#16; @�&amp#0;&amp#1;&amp#2;&amp#4;&amp#8;&amp#16; @�W&amp#5;��Z��WEuF�&amp#0;&amp#1;&amp#2;&amp#4;&amp#8;&amp#16; @�&amp#0;&amp#1;&amp#2;&amp#4;&amp#8;&amp#16; @�&amp#0;&amp#1;&amp#2;&amp#4;&amp#8;&amp#16; @�&amp#0;&amp#1;&amp#2;�@�}�������f�"&amp#1;&amp#2;&amp#4;&amp#8;&amp#16; @�&amp#0;&amp#1;&amp#2;&amp#4;&amp#8;&amp#16; @�&amp#0;&amp#1;&amp#2;&amp#4;&amp#8;&amp#16; @�&amp#0;&amp#1;&amp#2;&amp#4;&amp#8;&amp#16;�5&amp#1;��{�RG&amp#4;&amp#8;&amp#16; @�&amp#0;&amp#1;&amp#2;&amp#4;&amp#8;&amp#16; @�&amp#0;&amp#1;&amp#2;&amp#4;&amp#8;&amp#16; @�&amp#0;&amp#1;&amp#2;&amp#4;&amp#8;&amp#16; �O&amp#4;ړ�[��O&amp#30;��$@�&amp#0;&amp#1;&amp#2;&amp#4;&amp#8;&amp#16; @�&amp#0;&amp#1;&amp#2;&amp#4;&amp#8;&amp#16; @�&amp#0;&amp#1;&amp#2;&amp#4;&amp#8;&amp#16; @�&amp#0;�^&amp#20;�L�&amp#23;1uE�&amp#0;&amp#1;&amp#2;&amp#4;&amp#8;&amp#16; @�&amp#0;&amp#1;&amp#2;&amp#4;&amp#8;&amp#16; @�&amp#0;&amp#1;&amp#2;&amp#4;&amp#8;&amp#16; @�&amp#0;&amp#1;&amp#2;�E@2����'&amp#1;&amp#2;&amp#4;&amp#8;&amp#16; @�&amp#0;&amp#1;&amp#2;&amp#4;&amp#8;&amp#16; @�&amp#0;&amp#1;&amp#2;&amp#4;&amp#8;&amp#16; @�&amp#0;&amp#1;&amp#2;&amp#4;&amp#8;���p{/b�&amp#0;&amp#1;&amp#2;&amp#4;&amp#8;&amp#16; @�&amp#0;&amp#1;&amp#2;&amp#4;&amp#8;&amp#16; @�&amp#0;&amp#1;&amp#2;&amp#4;&amp#8;&amp#16; @�&amp#0;&amp#1;&amp#2;&amp#4;���p{y��&amp#0;&amp#1;&amp#2;&amp#4;&amp#8;&amp#16; @�&amp#0;&amp#1;&amp#2;&amp#4;&amp#8;&amp#16; @�&amp#0;&amp#1;&amp#2;&amp#4;&amp#8;&amp#16; @�&amp#0;&amp#1;&amp#2;&amp#4;zK���M���0�C�&amp#0;&amp#1;&amp#2;&amp#4;&amp#8;&amp#16; @�&amp#0;&amp#1;&amp#2;&amp#4;&amp#8;&amp#16; @�&amp#0;&amp#1;&amp#2;&amp#4;&amp#8;&amp#16; @�&amp#0;&amp#1;&amp#2;�E �������u�&amp#4;&amp#8;&amp#16; @�&amp#0;&amp#1;&amp#2;&amp#4;&amp#8;&amp#16; @�&amp#0;&amp#1;&amp#2;&amp#4;&amp#8;&amp#16; @�&amp#0;&amp#1;&amp#2;&amp#4;&amp#8;&amp#16; @��&amp#4;�n�%H�&amp#16; @�&amp#0;&amp#1;&amp#2;&amp#4;&amp#8;&amp#16; @�&amp#0;&amp#1;&amp#2;&amp#4;&amp#8;&amp#16; @�&amp#0;&amp#1;&amp#2;&amp#4;&amp#8;&amp#16; @�@&amp#18;&amp#16;n�OO۽&amp#18; @�&amp#0;&amp#1;&amp#2;&amp#4;&amp#8;&amp#16; @�&amp#0;&amp#1;&amp#2;&amp#4;&amp#8;&amp#16; @�&amp#0;&amp#1;&amp#2;&amp#4;&amp#8;&amp#16; @�@/	&amp#8;��&amp#18;�n&amp#8;&amp#16; @�&amp#0;&amp#1;&amp#2;&amp#4;&amp#8;&amp#16; @�&amp#0;&amp#1;&amp#2;&amp#4;&amp#8;&amp#16; @�&amp#0;&amp#1;&amp#2;&amp#4;&amp#8;&amp#16; @��&amp#8;���ڻ��<m7J�&amp#0;&amp#1;&amp#2;&amp#4;&amp#8;&amp#16; @�&amp#0;&amp#1;&amp#2;&amp#4;&amp#8;&amp#16; @�&amp#0;&amp#1;&amp#2;&amp#4;&amp#8;&amp#16; @�&amp#0;&amp#1;&amp#2;�'`u{�Y�&amp#0;&amp#1;&amp#2;&amp#4;&amp#8;&amp#16; @�&amp#0;&amp#1;&amp#2;&amp#4;&amp#8;&amp#16; @�&amp#0;&amp#1;&amp#2;&amp#4;&amp#8;&amp#16; @�&amp#0;&amp#1;&amp#2;&amp#4;���p{�y�n�&amp#0;&amp#1;&amp#2;&amp#4;&amp#8;&amp#16; @�&amp#0;&amp#1;&amp#2;&amp#4;&amp#8;&amp#16; @�&amp#0;&amp#1;&amp#2;&amp#4;&amp#8;&amp#16; @�&amp#0;&amp#1;&amp#2;&amp#4;zO@���,�D�&amp#0;&amp#1;&amp#2;&amp#4;&amp#8;&amp#16; @�&amp#0;&amp#1;&amp#2;&amp#4;&amp#8;&amp#16; @�&amp#0;&amp#1;&amp#2;&amp#4;&amp#8;&amp#16; @�&amp#0;&amp#1;&amp#2;�C��������Q�K&amp#2;&amp#4;&amp#8;&amp#16; @�&amp#0;&amp#1;&amp#2;&amp#4;&amp#8;&amp#16; @�&amp#0;&amp#1;&amp#2;&amp#4;&amp#8;&amp#16; @�&amp#0;&amp#1;&amp#2;&amp#4;&amp#8;&amp#16;�U&amp#1;��{�Sg&amp#4;&amp#8;&amp#16; @�&amp#0;&amp#1;&amp#2;&amp#4;&amp#8;&amp#16; @�&amp#0;&amp#1;&amp#2;&amp#4;&amp#8;&amp#16; @�&amp#0;&amp#1;&amp#2;&amp#4;&amp#8;&amp#16; �?&amp#4;����s�&amp#7;wy�^}�5��w���{u�&amp#4;&amp#26;[`����rˬY�&amp#26;�6̞&amp#0;&amp#1;&amp#2;&amp#4;&amp#8;&amp#16; @�&amp#0;&amp#1;&amp#2;&amp#4;&amp#8;&amp#16; @�&amp#0;&amp#1;&amp#2;&amp#4;&amp#8;&amp#16;��&amp#2;���&amp#3;�&amp#19;�77�o&amp#7;w�&amp#23;&amp#5;�ښf-x��ǟ���%s&amp#23;-&amp#29;;|�����&amp#31;1x�qC�&amp#30;�V�&amp#25;�3g��?��C;��I��϶~ﺇ��?�S��I����&amp#19;����:&amp#21;H���'��x���e�СC�&amp#12;��`��{�?��������|�3&amp#29;�qk�ϟ��C&amp#15;�M��s�&amp#29;;v	�&M&amp#26;9rd��QW&amp#15;=�zРAÆ[k�N���+C�&amp#0;&amp#1;&amp#2;&amp#4;&amp#8;&amp#16; @�&amp#0;&amp#1;&amp#2;&amp#4;&amp#8;&amp#16; @�&amp#0;&amp#1;&amp#2;&amp#4;&amp#8;&amp#16;�(���p{G&amp#22;5�&amp#23;�ꮹ&amp#31;���&amp#30;���T&amp#14;�q�&amp#27;�&amp#31;�K�&amp#27;1x@�V����>�&amp#7;��§��&amp#1;C&amp#6;���&amp#15;}vb���^&amp#20;����~�'v���ɓ�M���&amp#14;;��U�&amp#26;8p`7-k|ꗿ�e���W^��w�{���5���&amp#24;��&amp#30;;��.��⎝&amp#31;��g���&amp#29;O�T�
&amp#31;���o��6ۼ�e/�}�����&amp#22;+u�&amp#26;&amp#19; @�&amp#0;&amp#1;&amp#2;&amp#4;&amp#8;&amp#16; @�&amp#0;&amp#1;&amp#2;&amp#4;&amp#8;&amp#16; @�&amp#0;��,���&amp#3;&amp#18;r��S4��&�ty���p���+7���S�M\}��g&amp#30;|��&amp#31;���e?�aV���&amp#3;��ɋ_&amp#21;��/~�R~x��SƮ�&amp#18;���^,�ى��=�ju&amp#8;���'��7��}�{_��c�U�3��W͙3g&amp#8;��y�o}�[��U._p�&amp#5;y���&amp#11;/�e����囟���&amp#7;?�v�mO:��ۮ|V�f&amp#2;K�,�=���by�뮻n��5&amp#16;&amp#1;&amp#2;&amp#4;&amp#8;&amp#16; @�&amp#0;&amp#1;&amp#2;&amp#4;&amp#8;&amp#16; @�&amp#0;&amp#1;&amp#2;&amp#4;&amp#8;�^��&amp#22;&amp#7;�~�F\#&amp#5;�{�&amp#29;�X��{m��}�l4zH�6������'~v��{�.��X{�H������&�]&amp#30;���>;��˘@&amp#15;&amp#5;&amp#30;~��&amp#15;~��_��Wv�e�&amp#30;^�Z�e���~���&amp#16;뭷^Vc���j���ŋ��4�9d��'>�3�8�&amp#6;��&amp#16;��z�G&amp#30;����ԩ�&amp#25;�(e���r�Yg�f�}���&amp#23;�P>�L�&amp#0;&amp#1;&amp#2;&amp#4;&amp#8;&amp#16; @�&amp#0;&amp#1;&amp#2;&amp#4;&amp#8;&amp#16; @�&amp#0;&amp#1;&amp#2;k�@�����n����P&amp#27;�^&amp#18;G��_&amp#30;�-|��[���2��y���͟��^dͫ�����=6&amp#28;=d���&amp#23;�U�^�g'ֻ���&amp#23;)��:�$W��e˲exV�v����~��&amp#31;��u�{��׾��?��&amp#15;�̾��&amp#6;�&amp#11;��k�&amp#30;?�y&amp#22;ٓ>�&amp#17;\{�ŋ&amp#5;��ӟ�����F���tV�&/+d{��K<�'�߱�<��tϞ�&amp#29;O�Y�&amp#2;���/Vk�:'@�&amp#0;&amp#1;&amp#2;&amp#4;&amp#8;&amp#16; @�&amp#0;&amp#1;&amp#2;&amp#4;&amp#8;&amp#16; @�&amp#0;�>"оw�&amp#26;&amp#16;��#����&amp#5;~{��t���1��O'��&amp#23;��=l����&amp#27;��l��X�@��Q�S��T�x��g���{&amp#18;��K����'�z��'&amp#23;5�*�_:/�S�	����\sM��СC�(xj��o�)S��W��}��;�S��E&amp#22;>��&amp#23;&amp#15;=A�{�7C_~��E�Il��c�9��Q��@e&amp#31;�&amp#26;&amp#12;d&amp#8;&amp#2;&amp#4;&amp#8;&amp#16; @�&amp#0;&amp#1;&amp#2;&amp#4;&amp#8;&amp#16; @�&amp#0;&amp#1;&amp#2;&amp#4;&amp#8;&amp#16;�&amp#11;&amp#2;-Y��&amp#23;�a&amp#14;&amp#4;"p�}O�ｧ�m�[+�=&amp#28;&amp#2;�$0p������C&amp#31;�P&amp#22;7��}�]w�&amp#15;�*g����߿t�Ү&amp#26;Ծ~��&amp#5;�%/Z���C�d���6�|�J��ra��{x���ĭ�O^b�Ч�vڻ���r���~{��cy���>�h�Ϙ7o^ǳ5�yꩧ�p�~���ʛ&amp#4;�?�xf�of�]5�>78cƌ�y�
ז��҃&amp#15;>ؓߋ����|a&amp#15;�&amp#17;�9sf(���EN��#jF�&amp#0;&amp#1;&amp#2;&amp#4;&amp#8;&amp#16; @�&amp#0;&amp#1;&amp#2;&amp#4;&amp#8;&amp#16; @�&amp#0;&amp#1;&amp#2;�"0�Y`�W u�&amp#27;&amp#2;3�G\F&amp#25;�";[��v��&amp#11;nyx�3�_���Y&amp#11;��j��[O&amp#24;��Ա��j\��?2��s����A��1���&amp#23;~}�&amp#1;�'�=9��&amp#23;>s�&amp#3;�1�����=g�6&amp#19;F����6&amp#28;����Z�����5&amp#15;���?�&amp#28;���v�xT&vÌ�7�Xp݃��v��C&amp#6;�5m⨗n8r�)c�I���pb��?�����g.��r#�L&amp#24;���&amp#17;G�b�u�&amp#14;��J�����ی�f.�}����3l�ƣ��q⨁/L���f��&amp#26;r�w31�^��a�&amp#29;���|�H3���3�Wu���ĳ�&amp#12;:&amp#27;~�S䢟8q��[o����=q�b2g�}�&amp#21;W\Q&amp#28;~�K_�<��W��'�����w&amp#22;�M�0�_�j�e��y�Wi?`���/��&amp#3;:^������cO�����O�r�-&amp#15;:�W��U�%�����oM"�J�k^�����,�V
	a&amp#30;}����&amp#11;.�`���嚔�&amp#18;�/�K�rܸq���7�&amp#26;tz�%����*��~=3/���|���K6�`����(&amp#31;u�Q����
�;�(9�d������O�^�V��Y&amp#31;z�&amp#17;&amp#30;4hPq�9���_��8��&amp#7;>��W��8,&amp#23;�y�w��&amp#29;��R9f̘s�=7��C�^�[l��&amp#3;&amp#15;<p饗�p�w�yg�q��n�����^��J��ٳ�&amp#5;Nb��vR�fo{��&amp#14;8��N�ɕ&amp#11;�w^&amp#25;�&amp#6;����+]T���җ�4_�L��,
��&amp#23;o��k��׿>��l��I^w�u�&amp#28;�%�m�ݎ;��&amp#26;P\[)&amp#4;3���mQ������o|cq����M7ݴ���[~��&amp#31;f?���ʩ��w5��{�&amp#29;w�q��:��Kщ&amp#2;&amp#1;&amp#2;&amp#4;&amp#8;&amp#16; @�&amp#0;&amp#1;&amp#2;&amp#4;&amp#8;&amp#16; @�&amp#0;&amp#1;&amp#2;&amp#4;&amp#8;�Q���5�8uC�y&amp#2;[�&amp#31;�X��&amp#15;��E���]��&amp#11;n��s&amp#11;�&amp#11;���.��폝����c����m�&amp#14;>�Tis��O}�&amp#23;�7&amp#26;=�*�������ڣA'�i&amp#22;߿���-|�_Q�T���o��Bf~�1;M]��=�?}nz&amp#30;�Vsb�����&amp#23;^�He��߉�W
�=h�^3����/+��{����<��Y/w��%���O_q��Gl���Ǘ�&amp#22;�L��&amp#31;�&amp#26;�&&amp#17;���&amp#16;���R�܄۫L&amp#26;�0��"��x^VWw�&amp#17;&����E��&amp#30;z�s�W&z��c%(��f���h�����c�-&amp#14;˅D(�Hjꋴ�Y�\�Ӆ����>��믿��aʩ�'��g��DF+A�J`��3o&amp#3;t&amp#12;����/&amp#26;T�L&amp#12;u�=�(������?-��	���vS�6���\��+&amp#25;�&amp#19;u���&amp#11;�S)����^,'4������o����&amp#12;�lzȐ!�&amp#16;��~�E&amp#23;]T&amp#28;V&amp#21;���?��Č���'A��٩S�~�&amp#27;�(Z^v�e]�ۓW?=&amp#20;-3�J���o�馼!q���&amp#23;ԕ6�0�Ī3���I���&amp#23;�&amp#21;͒E?O97R��r����O�\S)��|�?�O$�]� �)�$�畎SN9%_�f�&amp#6;��'?�կ~U�I"��=�j�â�ʩ�&amp#19;�O��2w�$5&amp#25;%�&amp#11;�_�?�i&amp#27;�&amp#4;&amp#8;&amp#16; @�&amp#0;&amp#1;&amp#2;&amp#4;&amp#8;&amp#16; @�&amp#0;&amp#1;&amp#2;&amp#4;&amp#8;&amp#16; Pw�,t&amp#28;P^�W�	�@?&amp#23;�&����+n��h��CWAc�⥯��Չ&amp#31;�&amp#24;<�&amp#3;�LN&amp#20;|��a--�q���>�g����?&amp#30;Y��vё;�l�g�ၓ/m_'z�6�&amp#29;���[�7l�a&amp#3;�?�8Kɳ���G&amp#23;m��?����&amp#31;�u��o���o\��;�'�x�,+��M��?r�]	�_r��!&amp#3;[Vjn&amp#31;��]�@eb&amp#7;o����C7&amp#24;5$&amp#2;7�\��O��&amp#1;o<��[Nݣ�&amp#6;��������\���1_z��i0t�ZY��&amp#29;����;*o&amp#21;��؝&�&amp#28;<r���#&amp#7;�Ԭ4�#&amp#2;U��G�&amp#26;U5��0���>WUYu�Pk&amp#22;�fQr곮7ۓ&amp#23;!��5����u�Y<]��u�{]����m���1&amp#22;[�>a�,&amp#28;Ohv��Ω&amp#4;γav�M҆Ϛ5+��˗$zZ>L9&amp#1;�p{�x&amp#23;��&amp#6;]E�����K^�r婧��({r���&amp#31;Mp�8��&amp#18;BW&amp#28;��B�&amp#27;&amp#12;�����=�A&��L>Q�ʫ&amp#12;��[&amp#26;E�;q�C&amp#24;9���&amp#28;	B��+��ˇ�rp�"�Um����������׿^~&amp#28;Um��.��d5���a����&amp#29;&amp#27;�ۼ���x��w<[��{&amp#3;Y���<+��e�b&amp#31;�Uo���%/&amp#4;t&amp#21;k/���Z@��2&amp#1;&amp#2;&amp#4;&amp#8;&amp#16; @�&amp#0;&amp#1;&amp#2;&amp#4;&amp#8;&amp#16; @�&amp#0;&amp#1;&amp#2;&amp#4;&amp#8;�W ���"�m}�bt&amp#2;&amp#17;x�^����&amp#7;&amp#18;����W��}�v�X�{�&amp#4;���-�ڗ��7��%��o82+����&amp#7;���&amp#31;�0�{=��ɝ$&amp#19;��J����m��&amp#27;&amp#21;͒&amp#1;��&amp#29;&���&amp#14;��uY&amp#23;���&amp#15;}z��&amp#3;:��_|�\�`�9�o�px���S���WN:��;��>kʿ{��cv�X��I!���������痰o5~x&amp#22;�&amp#31;�������U�&amp#15;��W���roK�.���nL�a;N��;w(V�'���]6����~�&amp#15;y&amp#16;�0��/Tn �,).g�N&amp#22;�s�̩��'�����/d&amp#27;�3��M�5&amp#1;ȬPO���C&amp#14;I��ʩ�e&amp#19;&amp#29;�v�m���B6����^T&�|�x&amp#23;��&amp#20;&amp#18;*N\�&amp#28;gMN����Ĉ&amp#17;	�&�_&amp#4;}3t��'0��2�d&amp#29;/����&amp#27;���D�;�5���?fmqqI
Y�^>|��_�+S>UU&amp#30;=ztR�'<\��&amp#12;��</:��"�;�Wu��&amp#15;&amp#19;M/?�tX�3����ߒ �2P�K��O�4)�&amp#1;�u�]�-&��&amp#23;&amp#18;&amp#23;?�#R��͛���rj��?����ƕB���Eҡ's{U�&amp#28;�c���l���I,_~/!m�q��0��:�x&EAQ�·���|&amp#21;��.&amp#15;�*֞�<�� ���oE&amp#30;z�Ùg����뮻nQS.�^�yV�0�+&amp#11;��PTV&amp#26;�'C��߯ld�r&amp#25;!�Y�_�!;�W�3��:"K��H6P(2C��|�2&amp#1;&amp#2;&amp#4;&amp#8;&amp#16; @�&amp#0;&amp#1;&amp#2;&amp#4;&amp#8;&amp#16; @�&amp#0;&amp#1;&amp#2;&amp#4;&amp#8;�5&amp#1;����&amp#19;����|ܰ3޸u&amp#2;�Y����&amp#31;��w���#Vn]u����/&amp#29;�­�+���>����L��&amp#31;^��ʆ������%�X{�&amp#18;t��I�����e�߿��#wݸ8U.�7b�O޵S�`|��߇l������˃����w������&amp#23;�������&amp#28;k/ڏ&amp#27;>(��_��k��9��}¨�%���&amp#3;�2�%&amp#20;���´��&amp#27;�:���~�O&amp#15;~�5�&amp#21;�
$��w�]�'�8z�0�l�^�ɲ��>�Y��`v&amp#17;�N��N���&amp#3;&amp#15;,��<&amp#11;�;�ۯ���r�ox�&amp#27;ʇݔ�[&amp#17;hL��&amp#26;�&amp#16;y��}u&amp#19;��a�d����v&�hq��.��&amp#4;�}�k��&amp#4;/ˑ�J}����n��&E�r471�7ܰ8��Bv&amp#19;Ϧ�E�;&amp#17;��%��'�[Y�_�_&amp#29;��I_����]��E����7�4K�&amp#19;!.�!�5佁����|&amp#26;����O�c��*�@F��}��H?�3&amp#18;ɮ&amp#12;��sV�&amp#23;CW
YR��{��J��&amp#19;N8��B�6����W�K�-[�D�E'	u��_-.ϗ���=��+_9�ӊ��&amp#22;>��O&amp#21;ߥ�&amp#11;&amp#18;�\U��׵&amp#8;�'YB%_B�o�&amp#23; �&amp#1;��h�\�6E')$l_�X_�O&amp#15;����sG]�&amp#16;P�\�&amp#0;&amp#1;&amp#2;&amp#4;&amp#8;&amp#16; @�&amp#0;&amp#1;&amp#2;&amp#4;&amp#8;&amp#16; @�&amp#0;&amp#1;&amp#2;&amp#4;�%�Up�,í�l�K &amp#2;'��Ϗ{Y�k���+�&amp#25;���&amp#30;v�W�1'&amp#25;�{���o�i�=�gc�#wi_�~��=�h�`�۟���)&amp#23;6Yw��
���~1}y&amp#23;S��&amp#1;�u��&amp#23;����&)'&amp#4;~��&amp#20;�=)$a~V�w�2��+�&amp#15;>�T�Mr��p�-��*K�+���&amp#6;�O%�|�Z�>(��#�̘1#Ko��<+�&amp#19;G�o����3�D.��<���?�䋚�&amp#20;˱��g��{��A�Y&amp#0;����]&amp#14;�f'�,&amp#31;/�U
I�]��dʇ]��������	x��&amp#31;,b�O2��&amp#19;P4H��^9/&amp#1;$�\�W�}�&amp#14;�(&amp#23;ͮ��ڢ���+�+q���
&amp#11;�@&amp#21;oqIr�'P=lذ�f5&amp#21;�� &amp#11;��:�r���"���?|��'�&amp#31;b�D|�)���@������&y�!볋��B�C?��&amp#3;�&amp#26;�&amp#15;cR��S��_y�J��΋`yj2��[]�&amp#0;&amp#0;@&amp#0;IDAT��>��I�&amp#28;�&amp#18;@y�y2җ/υ��OyS��/���W����/b���&amp#3;�0_�Ӑ���E�ʗ����&amp#19;�&amp#29;3��˟�&amp#3;2\��2&amp#1;&amp#2;&amp#4;&amp#8;&amp#16; @�&amp#0;&amp#1;&amp#2;&amp#4;&amp#8;&amp#16; @�&amp#0;&amp#1;&amp#2;&amp#4;&amp#8;�5&amp#1;����Ḑ] �����W}����p�0iس>{Ï\��_�=�1�N��4���J�u��p�c+&amp#29;n?v��k&amp#15;\���O�c��M|��&amp#5;�t�,��;��T&��~[����&amp#29;ܻi��T&amp#22;ܯ��R�������&amp#30;x|IQ�����G߻�����c֮���d�"x�>.�&amp#21;�YA�xy�s&amp#31;��&amp#7;&amp#18;�,/q���=���wQ^����&amp#15;?�|�R.&amp#7;�S��~��&amp#28;��@�r���l읅��r�N�7��ⰛB"�Yt^4Ȕʛ�W�8{ڴiE�b��r�6&amp#11;������&amp#7;E��R/��%����?��&amp#20;���|�}9K���>&amp#1;�ͲJ>&amp#11;�&amp#7;&amp#12;h��ɪ�,�|�&amp#11;��mVXN�����җ��&amp#21;�����v���2z�kVXλ&amp#20;E�<�r4����&&amp#11;���)䡗S�'r��&amp#6;]�&amp#6;��������ګ�a���&amp#3;ەS��[�MfX>LV��0K�;�9�jQ��ٳ�K�
y&amp#27;���Aq��"o�&amp#20;�z^���&amp#19;,R#��&amp#19;-	&amp#16; @�&amp#0;&amp#1;&amp#2;&amp#4;&amp#8;&amp#16; @�&amp#0;&amp#1;&amp#2;&amp#4;&amp#8;&amp#16; @��&amp#2;Y�U&amp#29;&amp#3;���L�@&amp#4;�&amp#5;���6��>S~vˣ���C��sn������''����&amp#3;;�J&����W�o�\B��� ��iWU�����WU�&amp#15;�M&amp#28;U9�1��G?�;{�2�&amp#14;&amp#12;&amp#27;�]�>͒�>Y߫���!:-OZ�_q�NϦ2n�1���K��&amp#14;&amp#27;���O-+W�ˏ.�W�}����.�Un �D���/V-�����yq/I�]��BE�X:����Ϣͯ~���N��k�T&amp#5;8��:&amp#22;�"�&amp#3;&amp#7;&amp#14;�tJYJ^\�-�+��&amp#4;R���&amp#19;�O!��$!���Dp�;J����~�&amp#18;���?�QiS���M���rb�&amp#31;��G����)&amp#23;"v�I'%#z&amp#6;-�&amp#12;=��&amp#23;����Þ&amp#23;�\E]�6#&U@y��٢�&amp#4;�Yi=o޼��}��o�{Q|r��E��&amp#8;��D��=K��&A�2�E9��&amp#31;�+_��r�J���=5��'��cǎ-�)&amp#20;��Jev&amp#7;(�f9~�7&amp#20;�E!O�(�0s�̪�wq6�/&amp#20;�^T�P5�ŋW��tR�&A�&amp#27;Hv���~�a��U�n��g�L�&amp#0;&amp#1;&amp#2;&amp#4;&amp#8;&amp#16; @�&amp#0;&amp#1;&amp#2;&amp#4;&amp#8;&amp#16; @�&amp#0;&amp#1;&amp#2;u&amp#23;���&amp#1;�iN�m&amp#31;&amp#2;}O [�&amp#31;�Ä�y�ɧοf�鿽/�����}?���ˎ�i�	/X�[�����Ǵ:���k��&amp#6;
�8}�}V*�(>i�3ÙY���誖��]AP<�7&amp#24;�&amp#30;��w%_&amp#5;(��W�X&amp#28;v��~�q�P��D�G���k7��}��&amp#22;���͆���,�T��[:q뎓�
�w����"�>z��D܋��)�wX�>�Ņ	��|�xb�Ņ)|���-&amp#31;vZ.��&amp#27;o�q�o&amp#23;˝�(��a|yG�&amp#29;w�1&amp#1;ԝvک�&amp#27;�-�T����	�v\U������U���w�9+��Hp�\''"�Ç&amp#15;�tR&amp#21;#�>�zW�v_������t�,s�#�ꪫ�&amp#3;�&amp#16;�e�2tY��]�+�y�a���[l�E�*�|�R�r?)w�&amp#31;y՛&amp#1;�Ƶg����w&amp#22;�:��;Ｓ���ʙ&amp#12;���B�rU/j&amp#20;�B�E}�&amp#28;+5��_P��x�{�[�:!�啅|�5�������V��(&�@�&amp#0;&amp#1;&amp#2;&amp#4;&amp#8;&amp#16; @�&amp#0;&amp#1;&amp#2;&amp#4;&amp#8;&amp#16; @�&amp#0;&amp#1;&amp#2;}J�e����>u&amp#15;&��&amp#11;L&amp#28;���&amp#14;���Ͻ��]ۣGY���W��Z�]A�D�W&amp#7;Ȅ�b���\I��i��&amp#21;&amp#6;����V�Olq[[�����#�_���&amp#19;�&amp#30;&amp#28;�����&amp#3;N����Y��ċoO&amp#7;o߹}�{��/�m�&amp#19;a�|ʳ͢��J^�)���Ee��rW�L�	�^s�5�k�t���;��;�R�j��p{W���ET;�U۷gev*���'�yj*W:�L;��x㍕��&amp#29;Ƣ�}�;�(�[�Ƨ�rJ&amp#18;�'�9x����&amp#31;|ҭWz�&amp#22;�E�i��|q�"&amp#11;�-���?��$��l��:��&amp#23;�p>��?��O'�~�c핮�&amp#15;=5�jP���'˙��v~�{�(�kt�[UMW��f�a�P�{^Hr��&amp#26;w5��Zz��&amp#0;��zj���P�g|v&amp#1;�������:^��&amp#0;&amp#1;&amp#2;&amp#4;&amp#8;&amp#16; @�&amp#0;&amp#1;&amp#2;&amp#4;&amp#8;&amp#16; @�&amp#0;&amp#1;&amp#2;&amp#4;j/�P�*����\�H ���c��&amp#28;Ծ�p�H��?&amp#30;�h�}&���{^�����ꦒ.~�3��oz�B��6��sa�&amp#30;έ��ۻ�$��m�����f�}�5�0>��&amp#19;w�5���^��K>��&amp#28;�����wJW=��S&amp#2;Y)�&amp#8;k�e��ܒJ=���\X�hQ�pe�	&amp#18;�wd/&amp#22;7�wmO�&amp#7;&amp#30;x`�{~ꩧz޸c��2�Dг&amp#22;?�&amp#7;���W2�gu{qme[������&amp#20;-;-��G?*�&amp#31;y�o~�S��V[�}���{&amp#2;��&amp#30;{lB�YX_ޥ;K�˹�˽���5�I&amp#0;�ϙg�y�E&amp#23;E>��q�&amp#25;�l�MW��ːp{�&amp#29;�J�Lu�-��a�&amp#29;�s��I��iH>��;E���%�{��:^[��ɺힿ�Q�*K|y�U+�&amp#26;5j�.��Uy/��K/�ߝ^�_��|�3&amp#21;�N&amp#27;�$@�&amp#0;&amp#1;&amp#2;&amp#4;&amp#8;&amp#16; @�&amp#0;&amp#1;&amp#2;&amp#4;&amp#8;&amp#16; @�&amp#0;�� �I&amp#18;�0-s Щ@��&amp#31;�o�+n��=�D���s�N�����&amp#11;�n3a&amp#5;&amp#29;?<�}W�N&amp#23;�?<�&amp#5;&amp#27;&amp#6;w�ѣ&amp#11;�I}vy&amp#31;��&amp#25;�;��7�t�u����_��&amp#15;w?��&amp#25;WW5˺��>d����B�p&amp#14;{Q Q؟��'��������_�^�&amp#25;nʔ)	�&amp#23;�YQ�0f̘�TR�'[���[�Ir�la>lذ����E���7�t��p�����&amp#28;�����_U�U'W|�q"�ł�����ʒ�,�.� OH>&amp#8;��w"ʛl�I��n��E_>[~�`�ԩ�9ꨣ��v���a�[&amp#14;�&amp#30;zh���*'�}�&amp#19;���$�?�s�C$c�!�&amp#28;��F�<?s.�ŗ[&amp#22;�7��ME2���~�m�m��v��&amp#22;i�\��&amp#26;�K:&amp#22;VGZ��-Փ��}�{_ǡ�j&LX�?֫.��É&amp#19;'f��1�&amp#28;s�%����?,�-�q��&amp#20;Ϝ��a�G�&amp#0;&amp#1;&amp#2;&amp#4;&amp#8;&amp#16; @�&amp#0;&amp#1;&amp#2;&amp#4;&amp#8;&amp#16; @�&amp#0;&amp#1;&amp#2;�& ��k�:���>[�M���;��l�&amp#12;4��Xx7#.omK��4��N'Y�&amp#31;|b��v+Y觮7��Qz��&묽��!�-|&�3�}{���j����&amp#26;����&amp#7;V{wP��n�D�����&amp#19;O,&amp#6;J���~��U˅&amp#19;&amp#8;/oX>iҤ"�Z\�}!+��p{Zf��D^&amp#19;�.���^&amp#28;����c�M擠u���rVf'�^l֞H��?^\��n�Uʉ������~V9L����n*�u��xѬR(6��aB�1,7H����;��|g&amp#17;C-�O˜J��%����&amp#5;��g�}�8n"��6&amp#29;˕�&amp#6;E���7�h���&amp#1;Y��:��&amp#29;gRU��?&O��-�+�K�.]�/OUo5>�F��&amp#29;w�;���M�݋/L��Wg:>�&amp#26;O�p&amp#4;&amp#8;&amp#16; @�&amp#0;&amp#1;&amp#2;&amp#4;&amp#8;&amp#16; @�&amp#0;&amp#1;&amp#2;&amp#4;&amp#8;&amp#16; Е@vq�L�+&amp#28;�}W`�ѝĳW�t&amp#31;yn�z7�$�}������9�q����85S���_M��,k}�ׯ�a���v����^u��ȟ&amp#31;&amp#29;��'&amp#15;�B�}5�׬۬{����pYW�q�z�&amp#26;�Xlqm7������[&amp#18;T>�������T����w�G�[&amp#21;n/&amp#2;�=���FEL=G	��c����k�g��p��a�TQ�U��z=����Ԫ�I!��|��u�h�U�G&amp#31;}tqX�By&amp#17;����&amp#29;&amp#7;��{:V�k&amp#18;�~�[�R��_s�5�a
�&amp#24;�|X�r���n���❀����lg��A�}!�&amp#3;~��&amp#31;�_�H���p#=�&amp#11;-	&amp#16; @�&amp#0;&amp#1;&amp#2;&amp#4;&amp#8;&amp#16; @�&amp#0;&amp#1;&amp#2;&amp#4;&amp#8;&amp#16; Я&amp#4;�����^sn6&amp#17;���6&amp#19;���~v���;�&amp#25;�&amp#6;Y)�i��l﴾R��g���C)o�~���w?~݃�Xo�9�o7d�7o�y8yꤓN*����ΪZZ]&amp#14;��駟�&amp#5;��KzR~��__4�&amp#6;�W_���&amp#4;&amp#7;&amp#29;t���+�eN&amp#4;�&amp#28;�>���&amp#31;|�����&amp#20;�B�h�8zb���&amp#4;����8U޾���sy1qUF��N&amp#11;�]��ɯ���2nl;�'�����;֯���Z�NG�뮻����NO�+�[�G����*��e�&amp#21;��/&amp#26;�za���*����|�|X�ryg���_��{&����&amp#23;&amp#26;R��S+N�R��3&amp#16;&amp#1;&amp#2;&amp#4;&amp#8;&amp#16; @�&amp#0;&amp#1;&amp#2;&amp#4;&amp#8;&amp#16; @�&amp#0;&amp#1;&amp#2;&amp#4;&amp#8;�&amp#5;Z�)&amp#31;+&amp#19;��&amp#2;3�|�{�>�y�Z�l�����&amp#31;j&amp#15;�w�Y���3��?�N�w��&amp#1;��Z��߷7����b�9��]6�M���0cA:�v�&amp#17;�ۭ����&amp#6;&amp#27;lp�	'�'���~���:&amp#27;l�W�g��&amp#15;}�Cs�t�GC����G?J:�ro�r��ě��{�&�����B���~��ˍ��@y�zqj��ŉm玊�J��/{QYlN��>�&amp#20;�)�&amp#30;=��̾H?��D��|�e����G>�$&amp#3;omm-�ʒ��.��=�yOQS&amp#20;&amp#18;&amp#12;^ٗ	�kW�P������}��G&amp#30;y�c&amp#31;�X���rvI/�N(�rO���&amp#23;]]���&amp#15;=��r"��.�,��w�&amp#18;���ӿ��o��/Y&amp#29;��x㍋n�KQ���r*C�_�.&amp#6;�oKqU�Q&amp#20;�&amp#20;���/�R&@�&amp#0;&amp#1;&amp#2;&amp#4;&amp#8;&amp#16; @�&amp#0;&amp#1;&amp#2;&amp#4;&amp#8;&amp#16; @�&amp#0;��&amp#11;ػ���&amp#4;VB`�S�&amp#14;���&amp#11;�Y�k�m�V���h����u��ӆZ�����[�s�m�Y���ϯ��jv���{��}������5&amp#15;����9�?��f돨т�]6&amp#29;�&amp#17;|ӣ&amp#23;^��n�ǌZ{�Z-͕�\�y�Z��4Pi��&amp#16;8����ӟ&�^�m&amp#22;._~��&amp#7;&amp#31;|p1������&amp#0;_&amp#28;fyzR���~��}ԨQY&amp#12;=w���o���F<	�;�&amp#31;������m�I��u�/}�K�*{r�dډ��y睕�Y��&amp#17;G$X��&amp#22;[�&amp#31;?~�����&amp#3;&amp#15;<P�x&amp#19;�.w�]���s�lw]�L�c��l��1����W]��a&amp#18;�_p�&amp#5;�6&amp#31;���&amp#19;GO����3g�,��m*�d&amp#8;�g6w/�@�ج&amp#23;k2P�q��O*�iӦ&amp#25;2$&amp#20;&amp#29;�&amp#27;�f�7��U��4Nf��&amp#5;�f�U8�	�z�&amp#31;��&amp#7;�k�=��+��2_��j0`���M�O���dz8��&amp#19;WǄ'M�TL ��2�Q�L"O<�v����c�=f͚u�s�����J"�&amp#19;&LH2�|��ʶy-f����&amp#14;�	&amp#16; @�&amp#0;&amp#1;&amp#2;&amp#4;&amp#8;&amp#16; @�&amp#0;&amp#1;&amp#2;&amp#4;&amp#8;&amp#16; @�O	&amp#8;����ѯ's�#&amp#11;���[��z�}�&amp#28;���Q&amp#3;�/�[Aiϵ~�C���JT�k����7i�&amp#22;��ވ�W�1g�/��&amp#7;��a��QŸYm�&amp#5;7W&amp#18;�栩�&amp#15;*Nu,�{��?v��&amp#31;�w�����'T������4&amp#30;1x��^�iǫVS��S�y˴&amp#18;k���n�8DR�l��#v���m�ki�W&amp#24;�c35}Y`РA��rJb��$���/%j>v���H��h��&amp#23;�P4�b܎���l��N��Y�j�S�5x"�	�����s�rM7�D�;�B��U����Y�\U�򗿼���ü&amp#4;�x�"�,�/V�W]���eˊ�������g�=u�Ԫ���0O*c&amp#21;=g���ϧ�I!�It�@�r�]vɽT�f��'r_��Ka����w�}�Y&amp#22;r;?��&amp#15;j9�&amp#3;&amp#15;<�s�)�����Tj��_9��&amp#23;^Xn\U���Pu�!&amp#1;&amp#2;&amp#4;&amp#8;&amp#16; @�&amp#0;&amp#1;&amp#2;&amp#4;&amp#8;&amp#16; @�&amp#0;&amp#1;&amp#2;&amp#4;&amp#8;�W IL����&amp#8;����������'�'��S����c�$Ƚx��;&amp#31;]T��WZ'�}�+_�|��^V[�g��t�wn������/��K7&amp#26;���o~x�c&amp#11;�����ö9a�M�&amp#26;��'�Z{�i����+�Ο�>i���,]���\���%G����]u�j������յ3�==sޣ?��ѽ6_��&amp#19;^�U���.W�G&amp#4;&amp#18;\O��b�l"�_�򗳬��^�og��'>�&amp#4;Y��ʅ�b�&amp#24;y}�k_[n�R�y�r��}�sY{�R&amp#23;V&amp#26;��e��$�^�&amp#18;�RY$�/�H&amp#30;�J/&amp#14;{X�:�'�|�k_��
�'n�=�&amp#23;.\x��VVW�<�c�9&9�������Uk��&amp#5;�ޮ��g�ĉ�&amp#19;'�����Zu��0�R&amp#28;v�aU��'�\լ.�y�!O��3Έm]&���G&amp#30;y䷿��&amp#23;?z�%t|S��w�&amp#7;&amp#2;&amp#4;&amp#8;&amp#16; @�&amp#0;&amp#1;&amp#2;&amp#4;&amp#8;&amp#16; @�&amp#0;&amp#1;&amp#2;&amp#4;&amp#8;&amp#16;�-��&amp#31;�����&amp#23;+�&amp#8;��&amp#15;��w����ι�+��;&amp#30;]�?E�	r��+'&[{���+�ϓ&amp#15;�h�i!i�S����V�&amp#7;u��z&amp#26;O&amp#26;��-���_�s��3&amp#18;b�V�E&amp#15;	H��[���j��b��&amp#1;���:�!7��}�Tz�<v�w���&amp#3;��4����+ݖ��/om;������&amp#25;�@^\8x��7&amp#24;5x���-��=�����K����̂�,���O�y֛�)�W�/&amp#8;$3vy&amp#26;ݤ�N.�"ܞK��79����&amp#29;v�!��')z��&amp#23;Y�˝�A2�'#w��(�_$�ٗ��Y_���E��B�T����A&amp#14;�X��3ϼ�+�N�����&amp#24;7M`��&amp#3;&amp#14;(� ^t2r����.&amp#7;�w�m��lQ&amp#8;`r�g�|Q�&amp#27;�t2E��
��f5��矟��USM�?Y�3�������&amp#2;Y��%��&amp#29;w\�g|.y��ߞU�yk��!*�=�]��'5y���3(F���<����=K�3��&amp#22;z݀䍊r�=O��7&amp#6;z�Ы�T�l�w��&amp#29;��<�C��7��l�^��Pn�G�Oڔ+�F�:,Z&&amp#1;CQN��r����s?��ӫֲ畎ʯF���|�~&amp#5;u�ϔ��!/4t�{T��!&amp#1;&amp#2;&amp#4;&amp#8;&amp#16; @�&amp#0;&amp#1;&amp#2;&amp#4;&amp#8;&amp#16; @�&amp#0;&amp#1;&amp#2;&amp#4;&amp#8;�K�����^c&amp#27;�@�&amp#2;O?��آg�M{ֻ�{�}��ƣ�LZghV�w�~�V�������d�&amp#15;|j�GOaYk�ݏ-~t�39���7&amp#27;7���ә|����z�]��6�[��m���EK�|�§�%&amp#16;�̈́&amp#17;c��z_�o����.�-����{n=~x�ӮT&����Kyٙ���6��ĩ&amp#6;&amp#18;HΓ�*={�짟~:۷�&amp#0;aǥ�5���"���&amp#15;&����G?���j<�&amp#30;&amp#14;�hѢ
`��N&amp#4;zܸq=�����͛7cƌ&amp#4;��&amp#27;�G���&amp#19;�^�9�x�Y�_\��:&amp#14;?����&amp#20;&amp#18;՞9sf�B˗/&amp#31;3fL�>���8}��9�Mً=��[�q�\�Uo0�T�#�q̟??� �d�;����>�^��&amp#14;	&amp#16; @�&amp#0;&amp#1;&amp#2;&amp#4;&amp#8;&amp#16; @�&amp#0;&amp#1;&amp#2;&amp#4;&amp#8;&amp#16; @��&amp#2;u�_�pf��[�$i�8f�1}&amp#11; +�+&amp#19;ʦ�[�&amp#31;�?+5����<We��x_��W��i��;We�z����9y�M+���&amp#30;_���a�0�K&amp#26;K A�D&amp#4;��S�^��O��RW�&amp#25;>|x�5��U�>R_yk��L&�&amp#7;ʗ��5�)&amp#31;��r"�YПO�ߦd,�>iA�0�$�|�gD&amp#2;&amp#4;&amp#8;&amp#16; @�&amp#0;&amp#1;&amp#2;&amp#4;&amp#8;&amp#16; @�&amp#0;&amp#1;&amp#2;&amp#4;&amp#8;&amp#16;x�&amp#2;Yپr��^��z Р&amp#2;�e�n�[I���~�;M&amp#26;��&amp#27;&amp#24;:�_i�&amp#23;=�|��5 @��&amp#8;<����~_�l����u��$&amp#21;&amp#8;&amp#16; @�&amp#0;&amp#1;&amp#2;&amp#4;&amp#8;&amp#16; @�&amp#0;&amp#1;&amp#2;&amp#4;&amp#8;&amp#16; @�@�&amp#11;$��p{���@�&amp#22;x������-�W���^�����M�mO��C�&amp#0;�l4�я~����ˇ�&amp#4;&amp#8;&amp#16; @�&amp#0;&amp#1;&amp#2;&amp#4;&amp#8;&amp#16; @�&amp#0;&amp#1;&amp#2;&amp#4;&amp#8;&amp#16; @��&amp#8;H&���;%�.���!�&amp#24;�&amp#5;���S��&amp#6;e����bz&amp#26;�l���o0��Ĝ"@��&amp#2;7�t���&amp#3;&amp#7;&amp#15;&amp#30;|����}����w_1�W��&amp#21;�l�Mq�@�&amp#0;&amp#1;&amp#2;&amp#4;&amp#8;&amp#16; @�&amp#0;&amp#1;&amp#2;&amp#4;&amp#8;&amp#16; @�&amp#0;&amp#1;&amp#2;&amp#4;��@kk�$��"��s��&amp#0;��^�޹���_L�r��7�0�S��g-|�����}O��&amp#31;�e�mT&amp#18; �O&amp#4;N<��%K�t�١C��|��&amp#29;��&amp#16; @�&amp#0;&amp#1;&amp#2;&amp#4;&amp#8;&amp#16; @�&amp#0;&amp#1;&amp#2;&amp#4;&amp#8;&amp#16; @�&amp#0;�� ���"��&amp#31;&amp#30;�{$�&amp#2;��9t�[&amp#30;Yx݃�&amp#14;;����&amp#15;��7�����F&amp#12;zj���&amp#22;-�5���n����k.>jǽ6_�&amp#5;�; @��s&amp#2;g�y�&�l&amp#2;�&amp#0;&amp#1;&amp#2;&amp#4;&amp#8;&amp#16; @�&amp#0;&amp#1;&amp#2;&amp#4;&amp#8;&amp#16; @�&amp#0;&amp#1;&amp#2;&amp#4;&amp#8;�O��l&amp#31;��{��ywM��
&amp#12;&amp#31;��&amp#21;ǿ����W�wǣ�>|ٝ&amp#29;)F&amp#12;&amp#30;p�7=r׍'��k{G&amp#30;5&amp#4;����i�N:�-�����&amp#19;�?&amp#1;&amp#2;&amp#4;&amp#8;&amp#16; @�&amp#0;&amp#1;&amp#2;&amp#4;&amp#8;&amp#16; @�&amp#0;&amp#1;&amp#2;&amp#4;��@sB�����&amp#19;�F �&amp#31;�_t۳�[O�V����w̹��Y{n���^�a7&amp#3;���&amp#19;K����yw�^t��%Yھ��A&amp#19;F&amp#14;�0j�&amp#6;���|���&amp#3;��S��bP&amp#2;}N�W����&amp#15;?<gΜ�����m��v�m��fiB&amp#4;&amp#8;&amp#16; @�&amp#0;&amp#1;&amp#2;&amp#4;&amp#8;&amp#16; @�&amp#0;&amp#1;&amp#2;&amp#4;&amp#8;&amp#16; @��&amp#2;ٻ�y���&amp#22;�ז�h&amp#4;&amp#8;&amp#16; @�&amp#0;&amp#1;&amp#2;&amp#4;&amp#8;&amp#16; @�&amp#0;&amp#1;&amp#2;&amp#4;&amp#8;&amp#16; @�&amp#0;&amp#1;&amp#2;&amp#4;&amp#8;&amp#16; ��&amp#2;V�7�#t&amp#3;&amp#4;&amp#8;&amp#16; @�&amp#0;&amp#1;&amp#2;&amp#4;&amp#8;&amp#16; @�&amp#0;&amp#1;&amp#2;&amp#4;&amp#8;&amp#16; @�&amp#0;&amp#1;&amp#2;&amp#4;&amp#8;&amp#16; P{�&amp#22;��k�nD&amp#2;&amp#4;&amp#8;&amp#16; @�&amp#0;&amp#1;&amp#2;&amp#4;&amp#8;&amp#16; @�&amp#0;&amp#1;&amp#2;&amp#4;&amp#8;&amp#16; @�&amp#0;&amp#1;&amp#2;&amp#4;&amp#8;&amp#16;ht&amp#1;��&amp#27;�	�?&amp#1;&amp#2;&amp#4;&amp#8;&amp#16; @�&amp#0;&amp#1;&amp#2;&amp#4;&amp#8;&amp#16; @�&amp#0;&amp#1;&amp#2;&amp#4;&amp#8;&amp#16; @�&amp#0;&amp#1;&amp#2;&amp#4;&amp#8;�A��&amp#14;c&amp#26;�&amp#0;&amp#1;&amp#2;&amp#4;&amp#8;&amp#16; @�&amp#0;&amp#1;&amp#2;&amp#4;&amp#8;&amp#16; @�&amp#0;&amp#1;&amp#2;&amp#4;&amp#8;&amp#16; @�&amp#0;&amp#1;&amp#2;&amp#4;&amp#8;4�@&amp#18;ɷ���6�-�;&amp#1;&amp#2;&amp#4;&amp#8;&amp#16; @�&amp#0;&amp#1;&amp#2;&amp#4;&amp#8;&amp#16; @�&amp#0;&amp#1;&amp#2;&amp#4;&amp#8;&amp#16; @�&amp#0;&amp#1;&amp#2;&amp#4;&amp#8;&amp#16;��@s>�n����&amp#8;&amp#16; @�&amp#0;&amp#1;&amp#2;&amp#4;&amp#8;&amp#16; @�&amp#0;&amp#1;&amp#2;&amp#4;&amp#8;&amp#16; @�&amp#0;&amp#1;&amp#2;&amp#4;&amp#8;&amp#16; @��&amp#5;$�o�g�&amp#14;&amp#8;&amp#16; @�&amp#0;&amp#1;&amp#2;&amp#4;&amp#8;&amp#16; @�&amp#0;&amp#1;&amp#2;&amp#4;&amp#8;&amp#16; @�&amp#0;&amp#1;&amp#2;&amp#4;&amp#8;&amp#16; @��&amp#2;���k;��&amp#8;&amp#16; @�&amp#0;&amp#1;&amp#2;&amp#4;&amp#8;&amp#16; @�&amp#0;&amp#1;&amp#2;&amp#4;&amp#8;&amp#16; @�&amp#0;&amp#1;&amp#2;&amp#4;&amp#8;&amp#16; @�@�&amp#11;$�.�|�?E7@�&amp#0;&amp#1;&amp#2;&amp#4;&amp#8;&amp#16; @�&amp#0;&amp#1;&amp#2;&amp#4;&amp#8;&amp#16; @�&amp#0;&amp#1;&amp#2;&amp#4;&amp#8;&amp#16; @�&amp#0;&amp#1;&amp#2;�&amp#23;�����F$@�&amp#0;&amp#1;&amp#2;&amp#4;&amp#8;&amp#16; @�&amp#0;&amp#1;&amp#2;&amp#4;&amp#8;&amp#16; @�&amp#0;&amp#1;&amp#2;&amp#4;&amp#8;&amp#16; @�&amp#0;��&amp#22;hO&��ƾ	�'@�&amp#0;&amp#1;&amp#2;&amp#4;&amp#8;&amp#16; @�&amp#0;&amp#1;&amp#2;&amp#4;&amp#8;&amp#16; @�&amp#0;&amp#1;&amp#2;&amp#4;&amp#8;&amp#16; @�&amp#0;&amp#1;&amp#2;5&amp#23;�L���&amp#6;$@�&amp#0;&amp#1;&amp#2;&amp#4;&amp#8;&amp#16; @�&amp#0;&amp#1;&amp#2;&amp#4;&amp#8;&amp#16; @�&amp#0;&amp#1;&amp#2;&amp#4;&amp#8;&amp#16; @�&amp#0;��&amp#23;�L��; @�&amp#0;&amp#1;&amp#2;&amp#4;&amp#8;&amp#16; @�&amp#0;&amp#1;&amp#2;&amp#4;&amp#8;&amp#16; @�&amp#0;&amp#1;&amp#2;&amp#4;&amp#8;&amp#16; @�&amp#0;��&amp#11;&amp#8;�ל܀&amp#4;&amp#8;&amp#16; @�&amp#0;&amp#1;&amp#2;&amp#4;&amp#8;&amp#16; @�&amp#0;&amp#1;&amp#2;&amp#4;&amp#8;&amp#16; @�&amp#0;&amp#1;&amp#2;&amp#4;&amp#8;&amp#16; ��&amp#2;���&amp#12;�&amp#1;&amp#1;&amp#2;&amp#4;&amp#8;&amp#16; @�&amp#0;&amp#1;&amp#2;&amp#4;&amp#8;&amp#16; @�&amp#0;&amp#1;&amp#2;&amp#4;&amp#8;&amp#16; @�&amp#0;&amp#1;&amp#2;&amp#4;&amp#8;�V���M����F#@�&amp#0;&amp#1;&amp#2;&amp#4;&amp#8;&amp#16; @�&amp#0;&amp#1;&amp#2;&amp#4;&amp#8;&amp#16; @�&amp#0;&amp#1;&amp#2;&amp#4;&amp#8;&amp#16; @�&amp#0;��&amp#23;H��9?�#�&amp#0;&amp#1;&amp#2;&amp#4;&amp#8;&amp#16; @�&amp#0;&amp#1;&amp#2;&amp#4;&amp#8;&amp#16; @�&amp#0;&amp#1;&amp#2;&amp#4;&amp#8;&amp#16; @�&amp#0;&amp#1;&amp#2;&amp#4;&amp#8;�T����r&amp#27;�&amp#0;&amp#1;&amp#2;&amp#4;&amp#8;&amp#16; @�&amp#0;&amp#1;&amp#2;&amp#4;&amp#8;&amp#16; @�&amp#0;&amp#1;&amp#2;&amp#4;&amp#8;&amp#16; @�&amp#0;&amp#1;&amp#2;&amp#4;�&amp#12;&amp#1;��5�9�&amp#11;&amp#2;&amp#4;&amp#8;&amp#16; @�&amp#0;&amp#1;&amp#2;&amp#4;&amp#8;&amp#16; @�&amp#0;&amp#1;&amp#2;&amp#4;&amp#8;&amp#16; @�&amp#0;&amp#1;&amp#2;&amp#4;&amp#8;&amp#16;���p{M�F�&amp#0;&amp#1;&amp#2;&amp#4;&amp#8;&amp#16; @�&amp#0;&amp#1;&amp#2;&amp#4;&amp#8;&amp#16; @�&amp#0;&amp#1;&amp#2;&amp#4;&amp#8;&amp#16; @�&amp#0;&amp#1;&amp#2;k�@kk���׀��&amp#22;&amp#8;&amp#16; @�&amp#0;&amp#1;&amp#2;&amp#4;&amp#8;&amp#16; @�&amp#0;&amp#1;&amp#2;&amp#4;&amp#8;&amp#16; @�&amp#0;&amp#1;&amp#2;&amp#4;&amp#8;&amp#16; @��&amp#2;V��Z�x&amp#4;&amp#8;&amp#16; @�&amp#0;&amp#1;&amp#2;&amp#4;&amp#8;&amp#16; @�&amp#0;&amp#1;&amp#2;&amp#4;&amp#8;&amp#16; @�&amp#0;&amp#1;&amp#2;&amp#4;&amp#8;&amp#16; �&amp#6;&amp#8;&amp#8;��&amp#1;&amp#15;�-&amp#16; @�&amp#0;&amp#1;&amp#2;&amp#4;&amp#8;&amp#16; @�&amp#0;&amp#1;&amp#2;&amp#4;&amp#8;&amp#16; @�&amp#0;&amp#1;&amp#2;&amp#4;&amp#8;&amp#16; @�@�&amp#5;��k-n<&amp#2;&amp#4;&amp#8;&amp#16; @�&amp#0;&amp#1;&amp#2;&amp#4;&amp#8;&amp#16; @�&amp#0;&amp#1;&amp#2;&amp#4;&amp#8;&amp#16; @�&amp#0;&amp#1;&amp#2;&amp#4;&amp#8;&amp#16;ht���6{�7�C4&amp#2;&amp#4;&amp#8;&amp#16; @�&amp#0;&amp#1;&amp#2;&amp#4;&amp#8;&amp#16; @�&amp#0;&amp#1;&amp#2;&amp#4;&amp#8;&amp#16; @�&amp#0;&amp#1;&amp#2;&amp#4;&amp#8;&amp#16;�����u@7$&amp#1;&amp#2;&amp#4;&amp#8;&amp#16; @�&amp#0;&amp#1;&amp#2;&amp#4;&amp#8;&amp#16; @�&amp#0;&amp#1;&amp#2;&amp#4;&amp#8;&amp#16; @�&amp#0;&amp#1;&amp#2;&amp#4;&amp#8;4��p{�?A�'@�&amp#0;&amp#1;&amp#2;&amp#4;&amp#8;&amp#16; @�&amp#0;&amp#1;&amp#2;&amp#4;&amp#8;&amp#16; @�&amp#0;&amp#1;&amp#2;&amp#4;&amp#8;&amp#16; @�&amp#0;�Z&amp#11;���6��47�zd�&amp#17; @�&amp#0;&amp#1;&amp#2;&amp#4;&amp#8;&amp#16; @�&amp#0;&amp#1;&amp#2;&amp#4;&amp#8;&amp#16; @�&amp#0;&amp#1;&amp#2;&amp#4;&amp#8;&amp#16; @�&amp#0;�F&amp#22;h���<s'@�&amp#0;&amp#1;&amp#2;&amp#4;&amp#8;&amp#16; @�&amp#0;&amp#1;&amp#2;&amp#4;&amp#8;&amp#16; @�&amp#0;&amp#1;&amp#2;&amp#4;&amp#8;&amp#16; @�&amp#0;&amp#1;&amp#2;�&amp#22;H��Y�����#@�&amp#0;&amp#1;&amp#2;&amp#4;&amp#8;&amp#16; @�&amp#0;&amp#1;&amp#2;&amp#4;&amp#8;&amp#16; @�&amp#0;&amp#1;&amp#2;&amp#4;&amp#8;&amp#16; @�&amp#0;�&amp#6;&amp#23;H�����&amp#12;M�&amp#0;&amp#1;&amp#2;&amp#4;&amp#8;&amp#16; @�&amp#0;&amp#1;&amp#2;&amp#4;&amp#8;&amp#16; @�&amp#0;&amp#1;&amp#2;&amp#4;&amp#8;&amp#16; @�&amp#0;&amp#1;&amp#2;&amp#4;j.�&amp#30;n���5&amp#31;׀&amp#4;&amp#8;&amp#16; @�&amp#0;&amp#1;&amp#2;&amp#4;&amp#8;&amp#16; @�&amp#0;&amp#1;&amp#2;&amp#4;&amp#8;&amp#16; @�&amp#0;&amp#1;&amp#2;&amp#4;&amp#8;&amp#16; @��&amp#5;ZZZ$�o��g�&amp#4;&amp#8;&amp#16; @�&amp#0;&amp#1;&amp#2;&amp#4;&amp#8;&amp#16; @�&amp#0;&amp#1;&amp#2;&amp#4;&amp#8;&amp#16; @�&amp#0;&amp#1;&amp#2;&amp#4;&amp#8;&amp#16; P/�&amp#22;{�׋޸&amp#4;&amp#8;&amp#16; @�&amp#0;&amp#1;&amp#2;&amp#4;&amp#8;&amp#16; @�&amp#0;&amp#1;&amp#2;&amp#4;&amp#8;&amp#16; @�&amp#0;&amp#1;&amp#2;&amp#4;&amp#8;&amp#16; и&amp#2;V�7�3s&amp#2;&amp#4;&amp#8;&amp#16; @�&amp#0;&amp#1;&amp#2;&amp#4;&amp#8;&amp#16; @�&amp#0;&amp#1;&amp#2;&amp#4;&amp#8;&amp#16; @�&amp#0;&amp#1;&amp#2;&amp#4;&amp#8;&amp#16;��@K�F60&amp#1;&amp#2;&amp#4;&amp#8;&amp#16; @�&amp#0;&amp#1;&amp#2;&amp#4;&amp#8;&amp#16; @�&amp#0;&amp#1;&amp#2;&amp#4;&amp#8;&amp#16; @�&amp#0;&amp#1;&amp#2;&amp#4;&amp#8;&amp#16;hL�$�oimmm�ɛ5&amp#1;&amp#2;&amp#4;&amp#8;&amp#16; @�&amp#0;&amp#1;&amp#2;&amp#4;&amp#8;&amp#16; @�&amp#0;&amp#1;&amp#2;&amp#4;&amp#8;&amp#16; @�&amp#0;&amp#1;&amp#2;&amp#4;&amp#8;&amp#16;��@s>�n���Q	&amp#16; @�&amp#0;&amp#1;&amp#2;&amp#4;&amp#8;&amp#16; @�&amp#0;&amp#1;&amp#2;&amp#4;&amp#8;&amp#16; @�&amp#0;&amp#1;&amp#2;&amp#4;&amp#8;&amp#16; @��&amp#5;$�o�g�&amp#4;&amp#8;&amp#16; @�&amp#0;&amp#1;&amp#2;&amp#4;&amp#8;&amp#16; @�&amp#0;&amp#1;&amp#2;&amp#4;&amp#8;&amp#16; @�&amp#0;&amp#1;&amp#2;&amp#4;&amp#8;&amp#16; P&amp#15;��d��&amp#24;ט&amp#4;&amp#8;&amp#16; @�&amp#0;&amp#1;&amp#2;&amp#4;&amp#8;&amp#16; @�&amp#0;&amp#1;&amp#2;&amp#4;&amp#8;&amp#16; @�&amp#0;&amp#1;&amp#2;&amp#4;&amp#8;&amp#16; @��&amp#5;&amp#18;n�L�����&amp#19; @�&amp#0;&amp#1;&amp#2;&amp#4;&amp#8;&amp#16; @�&amp#0;&amp#1;&amp#2;&amp#4;&amp#8;&amp#16; @�&amp#0;&amp#1;&amp#2;&amp#4;&amp#8;&amp#16; @�@�&amp#4;�n���q	&amp#16; @�&amp#0;&amp#1;&amp#2;&amp#4;&amp#8;&amp#16; @�&amp#0;&amp#1;&amp#2;&amp#4;&amp#8;&amp#16; @�&amp#0;&amp#1;&amp#2;&amp#4;&amp#8;&amp#16; @�Q&amp#5;ړ��Q�o�&amp#4;&amp#8;&amp#16; @�&amp#0;&amp#1;&amp#2;&amp#4;&amp#8;&amp#16; @�&amp#0;&amp#1;&amp#2;&amp#4;&amp#8;&amp#16; @�&amp#0;&amp#1;&amp#2;&amp#4;&amp#8;&amp#16; @�N&amp#2;���	ް&amp#4;&amp#8;&amp#16; @�&amp#0;&amp#1;&amp#2;&amp#4;&amp#8;&amp#16; @�&amp#0;&amp#1;&amp#2;&amp#4;&amp#8;&amp#16; @�&amp#0;&amp#1;&amp#2;&amp#4;&amp#8;&amp#16; ��&amp#2;��7��3w&amp#2;&amp#4;&amp#8;&amp#16; @�&amp#0;&amp#1;&amp#2;&amp#4;&amp#8;&amp#16; @�&amp#0;&amp#1;&amp#2;&amp#4;&amp#8;&amp#16; @�&amp#0;&amp#1;&amp#2;&amp#4;&amp#8;&amp#16;���p{��K�&amp#0;&amp#1;&amp#2;&amp#4;&amp#8;&amp#16; @�&amp#0;&amp#1;&amp#2;&amp#4;&amp#8;&amp#16; @�&amp#0;&amp#1;&amp#2;&amp#4;&amp#8;&amp#16; @�&amp#0;&amp#1;&amp#2;�, ���O��	&amp#16; @�&amp#0;&amp#1;&amp#2;&amp#4;&amp#8;&amp#16; @�&amp#0;&amp#1;&amp#2;&amp#4;&amp#8;&amp#16; @�&amp#0;&amp#1;&amp#2;&amp#4;&amp#8;&amp#16; @�&amp#30;&amp#2;mmm����7&&amp#1;&amp#2;&amp#4;&amp#8;&amp#16; @�&amp#0;&amp#1;&amp#2;&amp#4;&amp#8;&amp#16; @�&amp#0;&amp#1;&amp#2;&amp#4;&amp#8;&amp#16; @�&amp#0;&amp#1;&amp#2;&amp#4;&amp#8;4�@����i�[0w&amp#2;&amp#4;&amp#8;&amp#16; @�&amp#0;&amp#1;&amp#2;&amp#4;&amp#8;&amp#16; @�&amp#0;&amp#1;&amp#2;&amp#4;&amp#8;&amp#16; @�&amp#0;&amp#1;&amp#2;&amp#4;&amp#8;&amp#16; P&amp#7;&amp#1;���nH&amp#2;&amp#4;&amp#8;&amp#16; @�&amp#0;&amp#1;&amp#2;&amp#4;&amp#8;&amp#16; @�&amp#0;&amp#1;&amp#2;&amp#4;&amp#8;&amp#16; @�&amp#0;&amp#1;&amp#2;&amp#4;&amp#8;&amp#16;ht&amp#1;��F��O�&amp#0;&amp#1;&amp#2;&amp#4;&amp#8;&amp#16; @�&amp#0;&amp#1;&amp#2;&amp#4;&amp#8;&amp#16; @�&amp#0;&amp#1;&amp#2;&amp#4;&amp#8;&amp#16; @�&amp#0;&amp#1;&amp#2;u&amp#16;&amp#16;n�&amp#3;�!	&amp#16; @�&amp#0;&amp#1;&amp#2;&amp#4;&amp#8;&amp#16; @�&amp#0;&amp#1;&amp#2;&amp#4;&amp#8;&amp#16; @�&amp#0;&amp#1;&amp#2;&amp#4;&amp#8;&amp#16; @��&amp#5;Z[[����O��	&amp#16; @�&amp#0;&amp#1;&amp#2;&amp#4;&amp#8;&amp#16; @�&amp#0;&amp#1;&amp#2;&amp#4;&amp#8;&amp#16; @�&amp#0;&amp#1;&amp#2;&amp#4;&amp#8;&amp#16; @�>&amp#2;V���ݨ&amp#4;&amp#8;&amp#16; @�&amp#0;&amp#1;&amp#2;&amp#4;&amp#8;&amp#16; @�&amp#0;&amp#1;&amp#2;&amp#4;&amp#8;&amp#16; @�&amp#0;&amp#1;&amp#2;&amp#4;&amp#8;&amp#16; ��&amp#2;����L�&amp#0;&amp#1;&amp#2;&amp#4;&amp#8;&amp#16; @�&amp#0;&amp#1;&amp#2;&amp#4;&amp#8;&amp#16; @�&amp#0;&amp#1;&amp#2;&amp#4;&amp#8;&amp#16; @�&amp#0;&amp#1;&amp#2;&amp#4;�# �^&amp#31;w�&amp#18; @�&amp#0;&amp#1;&amp#2;&amp#4;&amp#8;&amp#16; @�&amp#0;&amp#1;&amp#2;&amp#4;&amp#8;&amp#16; @�&amp#0;&amp#1;&amp#2;&amp#4;&amp#8;&amp#16; @�@�
���ٻ�q&amp#31;��&amp#19; @�&amp#0;&amp#1;&amp#2;&amp#4;&amp#8;&amp#16; @�&amp#0;&amp#1;&amp#2;&amp#4;&amp#8;&amp#16; @�&amp#0;&amp#1;&amp#2;&amp#4;&amp#8;&amp#16; @�@�&amp#4;�n�&amp#27;��	&amp#16; @�&amp#0;&amp#1;&amp#2;&amp#4;&amp#8;&amp#16; @�&amp#0;&amp#1;&amp#2;&amp#4;&amp#8;&amp#16; @�&amp#0;&amp#1;&amp#2;&amp#4;&amp#8;&amp#16; @�q&amp#5;��&amp#27;�ٙ9&amp#1;&amp#2;&amp#4;&amp#8;&amp#16; @�&amp#0;&amp#1;&amp#2;&amp#4;&amp#8;&amp#16; @�&amp#0;&amp#1;&amp#2;&amp#4;&amp#8;&amp#16; @�&amp#0;&amp#1;&amp#2;&amp#4;&amp#8;�G���������>�&amp#27;�&amp#0;&amp#1;&amp#2;&amp#4;&amp#8;&amp#16; @�&amp#0;&amp#1;&amp#2;&amp#4;&amp#8;&amp#16; @�&amp#0;&amp#1;&amp#2;&amp#4;&amp#8;&amp#16; @�&amp#0;&amp#1;&amp#2;&amp#4;&amp#8;4�@K�oo̙�5&amp#1;&amp#2;&amp#4;&amp#8;&amp#16; @�&amp#0;&amp#1;&amp#2;&amp#4;&amp#8;&amp#16; @�&amp#0;&amp#1;&amp#2;&amp#4;&amp#8;&amp#16; @�&amp#0;&amp#1;&amp#2;&amp#4;&amp#8;&amp#16;��@B������7*&amp#1;&amp#2;&amp#4;&amp#8;&amp#16; @�&amp#0;&amp#1;&amp#2;&amp#4;&amp#8;&amp#16; @�&amp#0;&amp#1;&amp#2;&amp#4;&amp#8;&amp#16; @�&amp#0;&amp#1;&amp#2;&amp#4;&amp#8;4�@B��noاg�&amp#4;&amp#8;&amp#16; @�&amp#0;&amp#1;&amp#2;&amp#4;&amp#8;&amp#16; @�&amp#0;&amp#1;&amp#2;&amp#4;&amp#8;&amp#16; @�&amp#0;&amp#1;&amp#2;&amp#4;&amp#8;&amp#16; P'��p{�n���%@�&amp#0;&amp#1;&amp#2;&amp#4;&amp#8;&amp#16; @�&amp#0;&amp#1;&amp#2;&amp#4;&amp#8;&amp#16; @�&amp#0;&amp#1;&amp#2;&amp#4;&amp#8;&amp#16; @�&amp#0;&amp#1;&amp#2;)���"�|C>9�&@�&amp#0;&amp#1;&amp#2;&amp#4;&amp#8;&amp#16; @�&amp#0;&amp#1;&amp#2;&amp#4;&amp#8;&amp#16; @�&amp#0;&amp#1;&amp#2;&amp#4;&amp#8;&amp#16; @�&amp#0;��
�ػ��&amp#15;��&amp#4;&amp#8;&amp#16; @�&amp#0;&amp#1;&amp#2;&amp#4;&amp#8;&amp#16; @�&amp#0;&amp#1;&amp#2;&amp#4;&amp#8;&amp#16; @�&amp#0;&amp#1;&amp#2;&amp#4;&amp#8;&amp#16; Ј&amp#2;V�7�S3g&amp#2;&amp#4;&amp#8;&amp#16; @�&amp#0;&amp#1;&amp#2;&amp#4;&amp#8;&amp#16; @�&amp#0;&amp#1;&amp#2;&amp#4;&amp#8;&amp#16; @�&amp#0;&amp#1;&amp#2;&amp#4;&amp#8;&amp#16;��@K��7<&amp#1;&amp#2;&amp#4;&amp#8;&amp#16; @�&amp#0;&amp#1;&amp#2;&amp#4;&amp#8;&amp#16; @�&amp#0;&amp#1;&amp#2;&amp#4;&amp#8;&amp#16; @�&amp#0;&amp#1;&amp#2;&amp#4;&amp#8;&amp#16;h4�$�oimmm�i�/&amp#1;&amp#2;&amp#4;&amp#8;&amp#16; @�&amp#0;&amp#1;&amp#2;&amp#4;&amp#8;&amp#16; @�&amp#0;&amp#1;&amp#2;&amp#4;&amp#8;&amp#16; @�&amp#0;&amp#1;&amp#2;&amp#4;&amp#8;&amp#16;��@s>�n��&amp#19;06&amp#1;&amp#2;&amp#4;&amp#8;&amp#16; @�&amp#0;&amp#1;&amp#2;&amp#4;&amp#8;&amp#16; @�&amp#0;&amp#1;&amp#2;&amp#4;&amp#8;&amp#16; @�&amp#0;&amp#1;&amp#2;&amp#4;&amp#8;4��d���̚&amp#0;&amp#1;&amp#2;&amp#4;&amp#8;&amp#16; @�&amp#0;&amp#1;&amp#2;&amp#4;&amp#8;&amp#16; @�&amp#0;&amp#1;&amp#2;&amp#4;&amp#8;&amp#16; @�&amp#0;&amp#1;&amp#2;&amp#4;�'ОL�~�&amp#27;�&amp#0;&amp#1;&amp#2;&amp#4;&amp#8;&amp#16; @�&amp#0;&amp#1;&amp#2;&amp#4;&amp#8;&amp#16; @�&amp#0;&amp#1;&amp#2;&amp#4;&amp#8;&amp#16; @�&amp#0;&amp#1;&amp#2;&amp#4;&amp#8;4�@���7�3i&amp#2;&amp#4;&amp#8;&amp#16; @�&amp#0;&amp#1;&amp#2;&amp#4;&amp#8;&amp#16; @�&amp#0;&amp#1;&amp#2;&amp#4;&amp#8;&amp#16; @�&amp#0;&amp#1;&amp#2;&amp#4;&amp#8;&amp#16;�������7:&amp#1;&amp#2;&amp#4;&amp#8;&amp#16; @�&amp#0;&amp#1;&amp#2;&amp#4;&amp#8;&amp#16; @�&amp#0;&amp#1;&amp#2;&amp#4;&amp#8;&amp#16; @�&amp#0;&amp#1;&amp#2;&amp#4;&amp#8;4�@{2��4��͘&amp#0;&amp#1;&amp#2;&amp#4;&amp#8;&amp#16; @�&amp#0;&amp#1;&amp#2;&amp#4;&amp#8;&amp#16; @�&amp#0;&amp#1;&amp#2;&amp#4;&amp#8;&amp#16; @�&amp#0;&amp#1;&amp#2;&amp#4;&amp#8;�U@2���&amp#27;�&amp#0;&amp#1;&amp#2;&amp#4;&amp#8;&amp#16; @�&amp#0;&amp#1;&amp#2;&amp#4;&amp#8;&amp#16; @�&amp#0;&amp#1;&amp#2;&amp#4;&amp#8;&amp#16; @�&amp#0;&amp#1;&amp#2;&amp#4;&amp#26;S@2��|nfM�&amp#0;&amp#1;&amp#2;&amp#4;&amp#8;&amp#16; @�&amp#0;&amp#1;&amp#2;&amp#4;&amp#8;&amp#16; @�&amp#0;&amp#1;&amp#2;&amp#4;&amp#8;&amp#16; @�&amp#0;&amp#1;&amp#2;u&amp#21;&amp#16;n�+��	&amp#16; @�&amp#0;&amp#1;&amp#2;&amp#4;&amp#8;&amp#16; @�&amp#0;&amp#1;&amp#2;&amp#4;&amp#8;&amp#16; @�&amp#0;&amp#1;&amp#2;&amp#4;&amp#8;&amp#16; @�1&amp#5;��&amp#27;�5&amp#1;&amp#2;&amp#4;&amp#8;&amp#16; @�&amp#0;&amp#1;&amp#2;&amp#4;&amp#8;&amp#16; @�&amp#0;&amp#1;&amp#2;&amp#4;&amp#8;&amp#16; @�&amp#0;&amp#1;&amp#2;&amp#4;&amp#8;�O���M��~�F&@�&amp#0;&amp#1;&amp#2;&amp#4;&amp#8;&amp#16; @�&amp#0;&amp#1;&amp#2;&amp#4;&amp#8;&amp#16; @�&amp#0;&amp#1;&amp#2;&amp#4;&amp#8;&amp#16; @�&amp#0;��&amp#20;H��9?�9y�&@�&amp#0;&amp#1;&amp#2;&amp#4;&amp#8;&amp#16; @�&amp#0;&amp#1;&amp#2;&amp#4;&amp#8;&amp#16; @�&amp#0;&amp#1;&amp#2;&amp#4;&amp#8;&amp#16; @�&amp#0;&amp#1;&amp#2;u&amp#19;���n�&amp#6;&@�&amp#0;&amp#1;&amp#2;&amp#4;&amp#8;&amp#16; @�&amp#0;&amp#1;&amp#2;&amp#4;&amp#8;&amp#16; @�&amp#0;&amp#1;&amp#2;&amp#4;&amp#8;&amp#16; @�&amp#0;��&amp#21;&amp#16;no�gg�&amp#4;&amp#8;&amp#16; @�&amp#0;&amp#1;&amp#2;&amp#4;&amp#8;&amp#16; @�&amp#0;&amp#1;&amp#2;&amp#4;&amp#8;&amp#16; @�&amp#0;&amp#1;&amp#2;&amp#4;&amp#8;&amp#16; P7&amp#1;����&amp#27;�&amp#0;&amp#1;&amp#2;&amp#4;&amp#8;&amp#16; @�&amp#0;&amp#1;&amp#2;&amp#4;&amp#8;&amp#16; @�&amp#0;&amp#1;&amp#2;&amp#4;&amp#8;&amp#16; @�&amp#0;&amp#1;&amp#2;&amp#4;&amp#26;T��������L�&amp#0;&amp#1;&amp#2;&amp#4;&amp#8;&amp#16; @�&amp#0;&amp#1;&amp#2;&amp#4;&amp#8;&amp#16; @�&amp#0;&amp#1;&amp#2;&amp#4;&amp#8;&amp#16; @�&amp#0;&amp#1;&amp#2;&amp#4;�)`u{=��M�&amp#0;&amp#1;&amp#2;&amp#4;&amp#8;&amp#16; @�&amp#0;&amp#1;&amp#2;&amp#4;&amp#8;&amp#16; @�&amp#0;&amp#1;&amp#2;&amp#4;&amp#8;&amp#16; @�&amp#0;&amp#1;&amp#2;* �ޠ&amp#15;δ	&amp#16; @�&amp#0;&amp#1;&amp#2;&amp#4;&amp#8;&amp#16; @�&amp#0;&amp#1;&amp#2;&amp#4;&amp#8;&amp#16; @�&amp#0;&amp#1;&amp#2;&amp#4;&amp#8;&amp#16; @��&amp#2;����76&amp#1;&amp#2;&amp#4;&amp#8;&amp#16; @�&amp#0;&amp#1;&amp#2;&amp#4;&amp#8;&amp#16; @�&amp#0;&amp#1;&amp#2;&amp#4;&amp#8;&amp#16; @�&amp#0;&amp#1;&amp#2;&amp#4;&amp#8;4�@[[���&amp#27;���3&amp#1;&amp#2;&amp#4;&amp#8;&amp#16; @�&amp#0;&amp#1;&amp#2;&amp#4;&amp#8;&amp#16; @�&amp#0;&amp#1;&amp#2;&amp#4;&amp#8;&amp#16; @�&amp#0;&amp#1;&amp#2;&amp#4;&amp#8;�Y���:?&amp#0;�&amp#19; @�&amp#0;&amp#1;&amp#2;&amp#4;&amp#8;&amp#16; @�&amp#0;&amp#1;&amp#2;&amp#4;&amp#8;&amp#16; @�&amp#0;&amp#1;&amp#2;&amp#4;&amp#8;&amp#16; @�@#
&amp#8;�7�S3g&amp#2;&amp#4;&amp#8;&amp#16; @�&amp#0;&amp#1;&amp#2;&amp#4;&amp#8;&amp#16; @�&amp#0;&amp#1;&amp#2;&amp#4;&amp#8;&amp#16; @�&amp#0;&amp#1;&amp#2;&amp#4;&amp#8;&amp#16;��@kkks�Oss=gal&amp#2;&amp#4;&amp#8;&amp#16; @�&amp#0;&amp#1;&amp#2;&amp#4;&amp#8;&amp#16; @�&amp#0;&amp#1;&amp#2;&amp#4;&amp#8;&amp#16; @�&amp#0;&amp#1;&amp#2;&amp#4;&amp#8;&amp#16; �h&amp#2;-ٿ���l�&amp#4;&amp#8;&amp#16; @�&amp#0;&amp#1;&amp#2;&amp#4;&amp#8;&amp#16; @�&amp#0;&amp#1;&amp#2;&amp#4;&amp#8;&amp#16; @�&amp#0;&amp#1;&amp#2;&amp#4;&amp#8;&amp#16; @��&amp#2;	�7&amp#11;���	&amp#24;�&amp#0;&amp#1;&amp#2;&amp#4;&amp#8;&amp#16; @�&amp#0;&amp#1;&amp#2;&amp#4;&amp#8;&amp#16; @�&amp#0;&amp#1;&amp#2;&amp#4;&amp#8;&amp#16; @�&amp#0;&amp#1;&amp#2;&amp#4;&amp#26;P �v{�7�s3e&amp#2;&amp#4;&amp#8;&amp#16; @�&amp#0;&amp#1;&amp#2;&amp#4;&amp#8;&amp#16; @�&amp#0;&amp#1;&amp#2;&amp#4;&amp#8;&amp#16; @�&amp#0;&amp#1;&amp#2;&amp#4;&amp#8;&amp#16;��@{�={��u&amp#14;&amp#6;'@�&amp#0;&amp#1;&amp#2;&amp#4;&amp#8;&amp#16; @�&amp#0;&amp#1;&amp#2;&amp#4;&amp#8;&amp#16; @�&amp#0;&amp#1;&amp#2;&amp#4;&amp#8;&amp#16; @�&amp#0;&amp#1;&amp#2;&���"�|�=3�%@�&amp#0;&amp#1;&amp#2;&amp#4;&amp#8;&amp#16; @�&amp#0;&amp#1;&amp#2;&amp#4;&amp#8;&amp#16; @�&amp#0;&amp#1;&amp#2;&amp#4;&amp#8;&amp#16; @�&amp#0;�� �b����&amp#24;́&amp#0;&amp#1;&amp#2;&amp#4;&amp#8;&amp#16; @�&amp#0;&amp#1;&amp#2;&amp#4;&amp#8;&amp#16; @�&amp#0;&amp#1;&amp#2;&amp#4;&amp#8;&amp#16; @�&amp#0;&amp#1;&amp#2;&amp#4;&amp#26;K����z^fK�&amp#0;&amp#1;&amp#2;&amp#4;&amp#8;&amp#16; @�&amp#0;&amp#1;&amp#2;&amp#4;&amp#8;&amp#16; @�&amp#0;&amp#1;&amp#2;&amp#4;&amp#8;&amp#16; @�&amp#0;&amp#1;&amp#2;}B��O��$&amp#8;&amp#16; @�&amp#0;&amp#1;&amp#2;&amp#4;&amp#8;&amp#16; @�&amp#0;&amp#1;&amp#2;&amp#4;&amp#8;&amp#16; @�&amp#0;&amp#1;&amp#2;&amp#4;&amp#8;&amp#16; @�@�&amp#8;$�|Kkkk�L�L	&amp#16; @�&amp#0;&amp#1;&amp#2;&amp#4;&amp#8;&amp#16; @�&amp#0;&amp#1;&amp#2;&amp#4;&amp#8;&amp#16; @�&amp#0;&amp#1;&amp#2;&amp#4;&amp#8;&amp#16; @�@�&amp#5;��w{���&amp#25;&amp#16; @�&amp#0;&amp#1;&amp#2;&amp#4;&amp#8;&amp#16; @�&amp#0;&amp#1;&amp#2;&amp#4;&amp#8;&amp#16; @�&amp#0;&amp#1;&amp#2;&amp#4;&amp#8;&amp#16; @�@�	H&�hO�|	&amp#16; @�&amp#0;&amp#1;&amp#2;&amp#4;&amp#8;&amp#16; @�&amp#0;&amp#1;&amp#2;&amp#4;&amp#8;&amp#16; @�&amp#0;&amp#1;&amp#2;&amp#4;&amp#8;&amp#16; @��&amp#2;����=&amp#7;�&amp#19; @�&amp#0;&amp#1;&amp#2;&amp#4;&amp#8;&amp#16; @�&amp#0;&amp#1;&amp#2;&amp#4;&amp#8;&amp#16; @�&amp#0;&amp#1;&amp#2;&amp#4;&amp#8;&amp#16; @�&amp#0;�&amp#6;&amp#19;H�]2�&amp#6;{f�K�&amp#0;&amp#1;&amp#2;&amp#4;&amp#8;&amp#16; @�&amp#0;&amp#1;&amp#2;&amp#4;&amp#8;&amp#16; @�&amp#0;&amp#1;&amp#2;&amp#4;&amp#8;&amp#16; @�&amp#0;&amp#1;&amp#2;}A�����&amp#20;́&amp#0;&amp#1;&amp#2;&amp#4;&amp#8;&amp#16; @�&amp#0;&amp#1;&amp#2;&amp#4;&amp#8;&amp#16; @�&amp#0;&amp#1;&amp#2;&amp#4;&amp#8;&amp#16; @�&amp#0;&amp#1;&amp#2;&amp#4;&amp#26;I�=�|~&amp#26;i��J�&amp#0;&amp#1;&amp#2;&amp#4;&amp#8;&amp#16; @�&amp#0;&amp#1;&amp#2;&amp#4;&amp#8;&amp#16; @�&amp#0;&amp#1;&amp#2;&amp#4;&amp#8;&amp#16; @�&amp#0;&amp#1;&amp#2;&amp#4;���d�}�!�&amp#2;&amp#1;&amp#2;&amp#4;&amp#8;&amp#16; @�&amp#0;&amp#1;&amp#2;&amp#4;&amp#8;&amp#16; @�&amp#0;&amp#1;&amp#2;&amp#4;&amp#8;&amp#16; @�&amp#0;&amp#1;&amp#2;&amp#4;&amp#8;4��d���̗&amp#0;&amp#1;&amp#2;&amp#4;&amp#8;&amp#16; @�&amp#0;&amp#1;&amp#2;&amp#4;&amp#8;&amp#16; @�&amp#0;&amp#1;&amp#2;&amp#4;&amp#8;&amp#16; @�&amp#0;&amp#1;&amp#2;&amp#4;���p{&amp#31;x&amp#8;�@�&amp#0;&amp#1;&amp#2;&amp#4;&amp#8;&amp#16; @�&amp#0;&amp#1;&amp#2;&amp#4;&amp#8;&amp#16; @�&amp#0;&amp#1;&amp#2;&amp#4;&amp#8;&amp#16; @�&amp#0;&amp#1;&amp#2;�& ��hO�|	&amp#16; @�&amp#0;&amp#1;&amp#2;&amp#4;&amp#8;&amp#16; @�&amp#0;&amp#1;&amp#2;&amp#4;&amp#8;&amp#16; @�&amp#0;&amp#1;&amp#2;&amp#4;&amp#8;&amp#16; @��&amp#2;mmm���~&amp#8;�'@�&amp#0;&amp#1;&amp#2;&amp#4;&amp#8;&amp#16; @�&amp#0;&amp#1;&amp#2;&amp#4;&amp#8;&amp#16; @�&amp#0;&amp#1;&amp#2;&amp#4;&amp#8;&amp#16; @�&amp#0;�F&amp#19;H��9?�6m�%@�&amp#0;&amp#1;&amp#2;&amp#4;&amp#8;&amp#16; @�&amp#0;&amp#1;&amp#2;&amp#4;&amp#8;&amp#16; @�&amp#0;&amp#1;&amp#2;&amp#4;&amp#8;&amp#16; @�&amp#0;&amp#1;&amp#2;u&amp#22;����&amp#15;��&amp#4;&amp#8;&amp#16; @�&amp#0;&amp#1;&amp#2;&amp#4;&amp#8;&amp#16; @�&amp#0;&amp#1;&amp#2;&amp#4;&amp#8;&amp#16; @�&amp#0;&amp#1;&amp#2;&amp#4;&amp#8;&amp#16; Ј&amp#2;����̙&amp#0;&amp#1;&amp#2;&amp#4;&amp#8;&amp#16; @�&amp#0;&amp#1;&amp#2;&amp#4;&amp#8;&amp#16; @�&amp#0;&amp#1;&amp#2;&amp#4;&amp#8;&amp#16; @�&amp#0;&amp#1;&amp#2;&amp#4;�, �^�&amp#7;`x&amp#2;&amp#4;&amp#8;&amp#16; @�&amp#0;&amp#1;&amp#2;&amp#4;&amp#8;&amp#16; @�&amp#0;&amp#1;&amp#2;&amp#4;&amp#8;&amp#16; @�&amp#0;&amp#1;&amp#2;&amp#4;&amp#8;&amp#16;h8���V{�7�S3a&amp#2;&amp#4;&amp#8;&amp#16; @�&amp#0;&amp#1;&amp#2;&amp#4;&amp#8;&amp#16; @�&amp#0;&amp#1;&amp#2;&amp#4;&amp#8;&amp#16; @�&amp#0;&amp#1;&amp#2;&amp#4;&amp#8;&amp#16;�����O�&amp#12;&amp#8;&amp#16; @�&amp#0;&amp#1;&amp#2;&amp#4;&amp#8;&amp#16; @�&amp#0;&amp#1;&amp#2;&amp#4;&amp#8;&amp#16;��&amp#2;&amp#3;���L�&amp#0;&amp#1;&amp#2;&amp#4;&amp#8;&amp#16; @��&amp#11;<��'���L~U�\G�&amp#0;&amp#1;&amp#2;&amp#4;&amp#8;&amp#16; @�&amp#0;&amp#1;&amp#2;&amp#4;&amp#8;&amp#16; @�&amp#0;&amp#1;&amp#2;&amp#4;&amp#8;&amp#16; @�&amp#0;&amp#1;&amp#2;�X@��&amp#31;?|�N�&amp#0;&amp#1;&amp#2;&amp#4;&amp#8;&amp#16; @�&amp#0;&amp#1;&amp#2;&amp#4;&amp#8;&amp#16; @�&amp#0;&amp#1;&amp#2;&amp#4;&amp#8;&amp#16; @�&amp#0;&amp#1;&amp#2;�$���&ܾJr."@�&amp#0;&amp#1;&amp#2;&amp#4;&amp#8;&amp#16; @�&amp#0;&amp#1;&amp#2;&amp#4;&amp#8;&amp#16; @�&amp#0;&amp#1;&amp#2;&amp#4;&amp#8;&amp#16; @�&amp#0;�~,���,�ޏ��['@�&amp#0;&amp#1;&amp#2;&amp#4;&amp#8;&amp#16; @�&amp#0;&amp#1;&amp#2;&amp#4;&amp#8;&amp#16; @�&amp#0;&amp#1;&amp#2;&amp#4;&amp#8;&amp#16; @�&amp#0;�U&amp#21;&amp#16;n_U9�&amp#17; @�&amp#0;&amp#1;&amp#2;&amp#4;&amp#8;&amp#16; @�&amp#0;&amp#1;&amp#2;&amp#4;&amp#8;&amp#16; @�&amp#0;&amp#1;&amp#2;&amp#4;&amp#8;&amp#16; @�@&amp#21;hmmmIB��z��&amp#0;&amp#1;&amp#2;&amp#4;&amp#8;&amp#16; @�&amp#0;&amp#1;&amp#2;&amp#4;&amp#8;&amp#16; @�&amp#0;&amp#1;&amp#2;&amp#4;&amp#8;&amp#16; @�&amp#0;&amp#1;&amp#2;&amp#4;&amp#8;��@K>��"�&amp#26;&amp#2;&amp#4;&amp#8;&amp#16; @�&amp#0;&amp#1;&amp#2;&amp#4;&amp#8;&amp#16; @�&amp#0;&amp#1;&amp#2;&amp#4;&amp#8;&amp#16; @�&amp#0;&amp#1;&amp#2;&amp#4;&amp#8;&amp#16;��&amp#2;	��G����['@�&amp#0;&amp#1;&amp#2;&amp#4;&amp#8;&amp#16; @�&amp#0;&amp#1;&amp#2;&amp#4;&amp#8;&amp#16; @�&amp#0;&amp#1;&amp#2;&amp#4;&amp#8;&amp#16; @�&amp#0;&amp#1;&amp#2;�" ־*j�!@�&amp#0;&amp#1;&amp#2;&amp#4;&amp#8;&amp#16; @�&amp#0;&amp#1;&amp#2;&amp#4;&amp#8;&amp#16; @�&amp#0;&amp#1;&amp#2;&amp#4;&amp#8;&amp#16; @�&amp#0;��,���&amp#3;��o���?&amp#11;�;&amp#1;&amp#2;&amp#4;&amp#8;&amp#16; @�&amp#0;&amp#1;&amp#2;&amp#4;&amp#8;&amp#16; @�&amp#0;�&amp#23;%�싺��&amp#4;&amp#8;&amp#16; @�&amp#0;&amp#1;&amp#2;k���5�&V�&amp#30;�3�糒WiN�&amp#0;&amp#1;&amp#2;&amp#4;&amp#8;&amp#16; @�&amp#0;&amp#1;&amp#2;&amp#4;&amp#8;&amp#16; @�&amp#0;&amp#1;&amp#2;&amp#4;&amp#8;&amp#16; @�&amp#0;&amp#1;&amp#2;&amp#4;��@KV��w&amp#3;�O�&amp#0;&amp#1;&amp#2;&amp#4;&amp#8;&amp#16; @�&amp#0;&amp#1;&amp#2;&amp#4;&amp#8;&amp#16; @�&amp#0;&amp#1;&amp#2;&amp#4;&amp#8;&amp#16; @�&amp#0;&amp#1;&amp#2;&amp#4;VR����y%/ќ&amp#0;&amp#1;&amp#2;&amp#4;&amp#8;&amp#16; @�&amp#0;&amp#1;&amp#2;&amp#4;&amp#8;&amp#16; @�&amp#0;&amp#1;&amp#2;&amp#4;&amp#8;&amp#16; @�&amp#0;&amp#1;&amp#2;&amp#4;&amp#8;�w&amp#1;����7��&amp#19; @�&amp#0;&amp#1;&amp#2;&amp#4;&amp#8;&amp#16; @�&amp#0;&amp#1;&amp#2;&amp#4;&amp#8;&amp#16; @�&amp#0;&amp#1;&amp#2;&amp#4;&amp#8;&amp#16; @���
$�|Kkk��^�=&amp#1;&amp#2;&amp#4;&amp#8;&amp#16; @�&amp#0;&amp#1;&amp#2;&amp#4;&amp#8;&amp#16; @�&amp#0;&amp#1;&amp#2;&amp#4;&amp#8;&amp#16; @�&amp#0;&amp#1;&amp#2;&amp#4;&amp#8;&amp#16;��&amp#2;I$ߒO&p�&amp#4;&amp#8;&amp#16; @�&amp#0;&amp#1;&amp#2;&amp#4;&amp#8;&amp#16; @�&amp#0;&amp#1;&amp#2;&amp#4;&amp#8;&amp#16; @�&amp#0;&amp#1;&amp#2;&amp#4;&amp#8;&amp#16; @`&amp#21;&amp#4;&amp#6;��5.!@�&amp#0;&amp#1;&amp#2;&amp#4;&amp#8;&amp#16; @�&amp#0;&amp#1;&amp#2;&amp#4;&amp#8;&amp#16; @��*&amp#8;,Y�d&amp#21;�r	&amp#1;&amp#2;&amp#4;&amp#8;&amp#16; @�@�&amp#4;�&amp#14;&amp#29;Z��&amp#26;}��d�~&amp#15;�O�&amp#0;&amp#1;&amp#2;&amp#4;&amp#8;&amp#16; @�&amp#0;&amp#1;&amp#2;&amp#4;&amp#8;&amp#16; @�&amp#0;&amp#1;&amp#2;&amp#4;&amp#8;&amp#16; @�&amp#0;&amp#1;&amp#2;&amp#4;j, �^cp�&amp#17; @�&amp#0;&amp#1;&amp#2;&amp#4;&amp#8;&amp#16; @�&amp#0;&amp#1;&amp#2;&amp#4;&amp#8;&amp#16; @�&amp#0;&amp#1;&amp#2;&amp#4;&amp#8;&amp#16; @��� `��5�)�&amp#7;&amp#2;&amp#4;&amp#8;&amp#16; @�&amp#0;&amp#1;&amp#2;&amp#4;&amp#8;&amp#16; @�&amp#0;&amp#1;&amp#2;&amp#4;&amp#8;&amp#16; @�&amp#0;&amp#1;&amp#2;&amp#4;&amp#8;&amp#16;��@�����xT�&amp#17; @�&amp#0;&amp#1;&amp#2;&amp#4;&amp#8;&amp#16; @�&amp#0;&amp#1;&amp#2;&amp#4;&amp#8;&amp#16; @�&amp#0;&amp#1;&amp#2;&amp#4;&amp#8;&amp#16; @�&amp#0;�F&amp#23;hinnn�{0&amp#2;&amp#4;&amp#8;&amp#16; @�&amp#0;&amp#1;&amp#2;&amp#4;&amp#8;&amp#16; @�&amp#0;&amp#1;&amp#2;&amp#4;&amp#8;&amp#16; @�&amp#0;&amp#1;&amp#2;&amp#4;&amp#8;&amp#16; PK���[j9��&amp#8;&amp#16; @�&amp#0;&amp#1;&amp#2;&amp#4;&amp#8;&amp#16; @�&amp#0;&amp#1;&amp#2;&amp#4;&amp#8;&amp#16; @�&amp#0;&amp#1;&amp#2;&amp#4;&amp#8;&amp#16; @���! ܾf<GwA�&amp#0;&amp#1;&amp#2;&amp#4;&amp#8;&amp#16; @�&amp#0;&amp#1;&amp#2;&amp#4;&amp#8;&amp#16; @�&amp#0;&amp#1;&amp#2;&amp#4;&amp#8;&amp#16; @�&amp#0;&amp#1;&amp#2;5&amp#21;&amp#16;n�)��&amp#8;&amp#16; @�&amp#0;&amp#1;&amp#2;&amp#4;&amp#8;&amp#16; @�&amp#0;&amp#1;&amp#2;&amp#4;&amp#8;&amp#16; @�&amp#0;&amp#1;&amp#2;&amp#4;&amp#8;&amp#16; @`&amp#16;hkk&amp#19;n_&amp#3;��[ @�&amp#0;&amp#1;&amp#2;&amp#4;&amp#8;&amp#16; @�&amp#0;&amp#1;&amp#2;&amp#4;&amp#8;&amp#16; @�&amp#0;&amp#1;&amp#2;&amp#4;&amp#8;&amp#16; @�&amp#0;��
&amp#8;�ה�`&amp#4;&amp#8;&amp#16; @�&amp#0;&amp#1;&amp#2;&amp#4;&amp#8;&amp#16; @�&amp#0;&amp#1;&amp#2;&amp#4;&amp#8;&amp#16; @�&amp#0;&amp#1;&amp#2;&amp#4;&amp#8;&amp#16; �f&amp#8;��f܉� @�&amp#0;&amp#1;&amp#2;&amp#4;&amp#8;&amp#16; @�&amp#0;&amp#1;&amp#2;&amp#4;&amp#8;&amp#16; @�&amp#0;&amp#1;&amp#2;&amp#4;&amp#8;&amp#16; @�&amp#0;&amp#1;&amp#2;�&amp#20;&amp#16;n����&amp#8;&amp#16; @�&amp#0;&amp#1;&amp#2;&amp#4;&amp#8;&amp#16; @�&amp#0;&amp#1;&amp#2;&amp#4;&amp#8;&amp#16; @�&amp#0;&amp#1;&amp#2;&amp#4;&amp#8;&amp#16; @`&amp#17;&amp#16;n_C&amp#30;�� @�&amp#0;&amp#1;&amp#2;&amp#4;&amp#8;&amp#16; @�&amp#0;&amp#1;&amp#2;&amp#4;&amp#8;&amp#16; @�&amp#0;&amp#1;&amp#2;&amp#4;&amp#8;&amp#16; @�&amp#0;��	���
��L�@&amp#4;&amp#8;&amp#16; @�&amp#0;&amp#1;&amp#2;&amp#4;&amp#8;&amp#16; @�&amp#0;&amp#1;&amp#2;&amp#4;&amp#8;&amp#16; @�&amp#0;&amp#1;&amp#2;&amp#4;&amp#8;&amp#16; ��&amp#8;ػ}y�n�&amp#0;&amp#1;&amp#2;&amp#4;&amp#8;&amp#16; @�&amp#0;&amp#1;&amp#2;&amp#4;&amp#8;&amp#16; @�&amp#0;&amp#1;&amp#2;&amp#4;&amp#8;&amp#16; @�&amp#0;&amp#1;&amp#2;&amp#4;j,`u{��G�&amp#0;&amp#1;&amp#2;&amp#4;&amp#8;&amp#16; @�&amp#0;&amp#1;&amp#2;&amp#4;&amp#8;&amp#16; @�&amp#0;&amp#1;&amp#2;&amp#4;&amp#8;&amp#16; @�&amp#0;&amp#1;&amp#2;k��p���&amp#20;�&amp#3;&amp#1;&amp#2;&amp#4;&amp#8;&amp#16; @�&amp#0;&amp#1;&amp#2;&amp#4;&amp#8;&amp#16; @�&amp#0;&amp#1;&amp#2;&amp#4;&amp#8;&amp#16; @�&amp#0;&amp#1;&amp#2;&amp#4;&amp#8;�R���M�����"@�&amp#0;&amp#1;&amp#2;&amp#4;&amp#8;&amp#16; @�&amp#0;&amp#1;&amp#2;&amp#4;&amp#8;&amp#16; @�&amp#0;&amp#1;&amp#2;&amp#4;&amp#8;&amp#16; @�&amp#0;�5A���Y�}Mx��&amp#0;&amp#1;&amp#2;&amp#4;&amp#8;&amp#16; @�&amp#0;&amp#1;&amp#2;&amp#4;&amp#8;&amp#16; @�&amp#0;&amp#1;&amp#2;&amp#4;&amp#8;&amp#16; @�&amp#0;&amp#1;&amp#2;&amp#4;j, �^cp�&amp#17; @�&amp#0;&amp#1;&amp#2;&amp#4;&amp#8;&amp#16; @�&amp#0;&amp#1;&amp#2;&amp#4;&amp#8;&amp#16; @�&amp#0;&amp#1;&amp#2;&amp#4;&amp#8;&amp#16; @�@�&amp#11;����$�|�߇&amp#27; @�&amp#0;&amp#1;&amp#2;&amp#4;&amp#8;&amp#16; @�&amp#0;&amp#1;&amp#2;&amp#4;&amp#8;&amp#16; @�&amp#0;&amp#1;&amp#2;&amp#4;&amp#8;&amp#16; @�&amp#0;&amp#1;&amp#2;5&amp#20;h�G�����"@�&amp#0;&amp#1;&amp#2;&amp#4;&amp#8;&amp#16; @�&amp#0;&amp#1;&amp#2;&amp#4;&amp#8;&amp#16; @�&amp#0;&amp#1;&amp#2;&amp#4;&amp#8;&amp#16; @�&amp#0;�5A ������p+�&amp#0;&amp#1;&amp#2;&amp#4;&amp#8;&amp#16; @�&amp#0;&amp#1;&amp#2;&amp#4;&amp#8;&amp#16; @�&amp#0;&amp#1;&amp#2;&amp#4;&amp#8;&amp#16; @�&amp#0;&amp#1;&amp#2;&amp#4;&amp#8;�P@���؆"@�&amp#0;&amp#1;&amp#2;&amp#4;&amp#8;&amp#16; @�&amp#0;&amp#1;&amp#2;&amp#4;&amp#8;&amp#16; @�&amp#0;&amp#1;&amp#2;&amp#4;&amp#8;&amp#16; @�&amp#0;�5B�}u{�o_#��M&amp#16; @�&amp#0;&amp#1;&amp#2;&amp#4;&amp#8;&amp#16; @�&amp#0;&amp#1;&amp#2;&amp#4;&amp#8;&amp#16; @�&amp#0;&amp#1;&amp#2;&amp#4;&amp#8;&amp#16; @�&amp#0;�&amp#26;	�g�ϧF�&amp#25;�&amp#0;&amp#1;&amp#2;&amp#4;&amp#8;&amp#16; @�&amp#0;&amp#1;&amp#2;&amp#4;&amp#8;&amp#16; @�&amp#0;&amp#1;&amp#2;&amp#4;&amp#8;&amp#16; @�&amp#0;&amp#1;&amp#2;&amp#4;&amp#8;�)&amp#2;-Yᾦ܋� @�&amp#0;&amp#1;&amp#2;&amp#4;&amp#8;&amp#16; @�&amp#0;&amp#1;&amp#2;&amp#4;&amp#8;&amp#16; @�&amp#0;&amp#1;&amp#2;&amp#4;&amp#8;&amp#16; @�&amp#0;&amp#1;&amp#2;5&amp#18;&amp#24;���\��ֈa����5�>�&amp#4;&amp#1;&amp#2;&amp#4;&amp#8;&amp#16; @�&amp#0;&amp#1;&amp#2;&amp#4;&amp#8;&amp#16; @�@�&amp#11;L�6����&amp#16; @�&amp#0;&amp#1;&amp#2;&amp#4;&amp#8;&amp#16;hd&amp#1;��&amp#27;��;&amp#1;&amp#2;&amp#4;&amp#8;&amp#16; @�&amp#0;&amp#1;&amp#2;&amp#4;&amp#8;&amp#16; @�&amp#0;&amp#1;&amp#2;&amp#4;&amp#8;&amp#16; @�&amp#0;&amp#1;&amp#2;&amp#4;&amp#8;�C �䛗/_n��z�&amp#27;�&amp#0;&amp#1;&amp#2;&amp#4;&amp#8;&amp#16; @�&amp#0;&amp#1;&amp#2;&amp#4;&amp#8;&amp#16; @�@�&amp#8;&amp#12;�v��v{�&amp#5;'�,Y�c&amp#7;&amp#4;&amp#8;&amp#16; @�&amp#0;&amp#1;&amp#2;}L`�С�4�^�/�U&amp#26;�n&amp#23;%�n�{��L�&amp#0;&amp#1;&amp#2;&amp#4;&amp#8;&amp#16; @�&amp#0;&amp#1;&amp#2;&amp#4;&amp#8;&amp#16; @�&amp#0;&amp#1;&amp#2;&amp#4;&amp#8;&amp#16; @�&amp#0;&amp#1;&amp#2;* �ޠ&amp#15;δ	&amp#16; @�&amp#0;&amp#1;&amp#2;&amp#4;&amp#8;&amp#16; @�&amp#0;&amp#1;&amp#2;&amp#4;&amp#8;&amp#16; @�&amp#0;&amp#1;&amp#2;&amp#4;&amp#8;&amp#16; @�n&amp#2;I&/�^7}&amp#3;&amp#19; @�&amp#0;&amp#1;&amp#2;&amp#4;&amp#8;&amp#16; @�&amp#0;&amp#1;&amp#2;&amp#4;&amp#8;&amp#16; @�&amp#0;&amp#1;&amp#2;&amp#4;&amp#8;&amp#16; @�@�
&amp#8;�7�3m&amp#2;&amp#4;&amp#8;&amp#16; @�&amp#0;&amp#1;&amp#2;&amp#4;&amp#8;&amp#16; @�&amp#0;&amp#1;&amp#2;&amp#4;&amp#8;&amp#16; @�&amp#0;&amp#1;&amp#2;&amp#4;&amp#8;&amp#16;������ol&amp#2;&amp#4;&amp#8;&amp#16; @�&amp#0;&amp#1;&amp#2;&amp#4;&amp#8;&amp#16; @�&amp#0;&amp#1;&amp#2;&amp#4;&amp#8;&amp#16; @�&amp#0;&amp#1;&amp#2;&amp#4;&amp#8;&amp#16;hP�����i�ٛ6&amp#1;&amp#2;&amp#4;&amp#8;&amp#16; @�&amp#0;&amp#1;&amp#2;&amp#4;&amp#8;&amp#16; @�&amp#0;&amp#1;&amp#2;&amp#4;&amp#8;&amp#16; @�&amp#0;&amp#1;&amp#2;&amp#4;&amp#8;&amp#16;��@Ksss��6.&amp#1;&amp#2;&amp#4;&amp#8;&amp#16; @�&amp#0;&amp#1;&amp#2;&amp#4;&amp#8;&amp#16; @�&amp#0;&amp#1;&amp#2;&amp#4;&amp#8;&amp#16; @�&amp#0;&amp#1;&amp#2;&amp#4;&amp#8;&amp#16;hD���[&amp#26;q��L�&amp#0;&amp#1;&amp#2;&amp#4;&amp#8;&amp#16; @�&amp#0;&amp#1;&amp#2;&amp#4;&amp#8;&amp#16; @�&amp#0;&amp#1;&amp#2;&amp#4;&amp#8;&amp#16; @�&amp#0;&amp#1;&amp#2;&amp#4;�+ �^_�&amp#19; @�&amp#0;&amp#1;&amp#2;&amp#4;&amp#8;&amp#16; @�&amp#0;&amp#1;&amp#2;&amp#4;&amp#8;&amp#16; @�&amp#0;&amp#1;&amp#2;&amp#4;&amp#8;&amp#16; @�@C
&amp#8;�7�c3i&amp#2;&amp#4;&amp#8;&amp#16; @�&amp#0;&amp#1;&amp#2;&amp#4;&amp#8;&amp#16; @�&amp#0;&amp#1;&amp#2;&amp#4;&amp#8;&amp#16; @�&amp#0;&amp#1;&amp#2;&amp#4;&amp#8;&amp#16;��@[[�p{&amp#29;�M�&amp#0;&amp#1;&amp#2;&amp#4;&amp#8;&amp#16; @�&amp#0;&amp#1;&amp#2;&amp#4;&amp#8;&amp#16; @�&amp#0;&amp#1;&amp#2;&amp#4;&amp#8;&amp#16; @�&amp#0;&amp#1;&amp#2;) �ސ�ͤ	&amp#16; @�&amp#0;&amp#1;&amp#2;&amp#4;&amp#8;&amp#16; @�&amp#0;&amp#1;&amp#2;&amp#4;&amp#8;&amp#16; @�&amp#0;&amp#1;&amp#2;&amp#4;&amp#8;&amp#16; @��&amp#2;-��w&amp#6;F'@�&amp#0;&amp#1;&amp#2;&amp#4;&amp#8;&amp#16; @�&amp#0;&amp#1;&amp#2;&amp#4;&amp#8;&amp#16; @�&amp#0;&amp#1;&amp#2;&amp#4;&amp#8;&amp#16; @�&amp#0;&amp#1;&amp#2;�( �ވO͜	&amp#16; @�&amp#0;&amp#1;&amp#2;&amp#4;&amp#8;&amp#16; @�&amp#0;&amp#1;&amp#2;&amp#4;&amp#8;&amp#16; @�&amp#0;&amp#1;&amp#2;&amp#4;&amp#8;&amp#16; @��&amp#2;��u~&amp#0;�'@�&amp#0;&amp#1;&amp#2;&amp#4;&amp#8;&amp#16; @�&amp#0;&amp#1;&amp#2;&amp#4;&amp#8;&amp#16; @�&amp#0;&amp#1;&amp#2;&amp#4;&amp#8;&amp#16; @�&amp#0;��&amp#19;hmm&amp#21;no��f�&amp#4;&amp#8;&amp#16; @�&amp#0;&amp#1;&amp#2;&amp#4;&amp#8;&amp#16; @�&amp#0;&amp#1;&amp#2;&amp#4;&amp#8;&amp#16; @�&amp#0;&amp#1;&amp#2;&amp#4;&amp#8;&amp#16; Pg&amp#1;{���&amp#1;&amp#24;�&amp#0;&amp#1;&amp#2;&amp#4;&amp#8;&amp#16; @�&amp#0;&amp#1;&amp#2;&amp#4;&amp#8;&amp#16; @�&amp#0;&amp#1;&amp#2;&amp#4;&amp#8;&amp#16; @�&amp#0;&amp#1;&amp#2;&amp#4;&amp#26;T���&amp#6;}p�M�&amp#0;&amp#1;&amp#2;&amp#4;&amp#8;&amp#16; @�&amp#0;&amp#1;&amp#2;&amp#4;&amp#8;&amp#16; @�&amp#0;&amp#1;&amp#2;&amp#4;&amp#8;&amp#16; @�&amp#0;&amp#1;&amp#2;�&amp#20;&amp#16;n����	&amp#16; @�&amp#0;&amp#1;&amp#2;&amp#4;&amp#8;&amp#16; @�&amp#0;&amp#1;&amp#2;&amp#4;&amp#8;&amp#16; @�&amp#0;&amp#1;&amp#2;&amp#4;&amp#8;&amp#16; @�&amp#17;&amp#5;��ڄ�&amp#27;���3&amp#1;&amp#2;&amp#4;&amp#8;&amp#16; @�&amp#0;&amp#1;&amp#2;&amp#4;&amp#8;&amp#16; @�&amp#0;&amp#1;&amp#2;&amp#4;&amp#8;&amp#16; @�&amp#0;&amp#1;&amp#2;&amp#4;&amp#8;�S���Y���&amp#15;��&amp#4;&amp#8;&amp#16; @�&amp#0;&amp#1;&amp#2;&amp#4;&amp#8;&amp#16; @�&amp#0;&amp#1;&amp#2;&amp#4;&amp#8;&amp#16; @�&amp#0;&amp#1;&amp#2;&amp#4;&amp#8;&amp#16; Р&amp#2;����L�&amp#0;&amp#1;&amp#2;&amp#4;&amp#8;&amp#16; @�&amp#0;&amp#1;&amp#2;&amp#4;&amp#8;&amp#16; @�&amp#0;&amp#1;&amp#2;&amp#4;&amp#8;&amp#16; @�&amp#0;&amp#1;&amp#2;&amp#4;�&���ڒ��u&amp#27;��&amp#4;&amp#8;&amp#16; @�&amp#0;&amp#1;&amp#2;&amp#4;&amp#8;&amp#16; @�&amp#0;&amp#1;&amp#2;&amp#4;&amp#8;&amp#16; @�&amp#0;&amp#1;&amp#2;&amp#4;&amp#8;&amp#16; @�&amp#1;&amp#5;Z�&amp#17;no�&amp#7;g�&amp#4;&amp#8;&amp#16; @�&amp#0;&amp#1;&amp#2;&amp#4;&amp#8;&amp#16; @�&amp#0;&amp#1;&amp#2;&amp#4;&amp#8;&amp#16; @�&amp#0;&amp#1;&amp#2;&amp#4;&amp#8;&amp#16; PO����#�����	&amp#16; @�&amp#0;&amp#1;&amp#2;&amp#4;&amp#8;&amp#16; @�&amp#0;&amp#1;&amp#2;&amp#4;&amp#8;&amp#16; @�&amp#0;&amp#1;&amp#2;&amp#4;&amp#8;&amp#16; @�@&amp#3;
��7�C3e&amp#2;&amp#4;&amp#8;&amp#16; @�&amp#0;&amp#1;&amp#2;&amp#4;&amp#8;&amp#16; @�&amp#0;&amp#1;&amp#2;&amp#4;&amp#8;&amp#16; @�&amp#0;&amp#1;&amp#2;&amp#4;&amp#8;&amp#16;��@�����^�9&amp#24;�&amp#0;&amp#1;&amp#2;&amp#4;&amp#8;&amp#16; @�&amp#0;&amp#1;&amp#2;&amp#4;&amp#8;&amp#16; @�&amp#0;&amp#1;&amp#2;&amp#4;&amp#8;&amp#16; @�&amp#0;&amp#1;&amp#2;&amp#4;&amp#8;4�@{&�|&amp#26;l֦K�&amp#0;&amp#1;&amp#2;&amp#4;&amp#8;&amp#16; @�&amp#0;&amp#1;&amp#2;&amp#4;&amp#8;&amp#16; @�&amp#0;&amp#1;&amp#2;&amp#4;&amp#8;&amp#16; @�&amp#0;&amp#1;&amp#2;&amp#4;�-0 +ܛ���=�&amp#19; @�&amp#0;&amp#1;&amp#2;&amp#4;&amp#8;&amp#16; @�&amp#0;&amp#1;&amp#2;&amp#4;&amp#8;&amp#16; @�@&amp#31;&amp#18;x�'2���&amp#7;&amp#15;&amp#27;6�&amp#15;M�T&amp#8;&amp#16; @�&amp#0;&amp#1;&amp#2;}I`�X{_z&amp#28;�B�&amp#0;&amp#1;&amp#2;&amp#4;&amp#8;&amp#16; @�&amp#0;&amp#1;&amp#2;&amp#4;&amp#8;&amp#16; @�&amp#0;��&amp#11;�}��G&amp#29;uT�1eʔ��;��&amp#19;2&amp#3;&amp#2;&amp#4;&amp#8;&amp#16; @�@�&amp#20;&amp#24;�'geR&amp#4;&amp#8;&amp#16; @�&amp#0;&amp#1;&amp#2;&amp#4;&amp#8;&amp#16; @�&amp#0;&amp#1;&amp#2;&amp#4;&amp#8;&amp#16;hH��˗/X�`�s�e˖�&amp#28;9r����;��&amp#27;�~r&amp#23;��.]���������Ξ=;Oo���cƌ&amp#25;1b�&amp#21;k/^U&amp#15;&amp#4;&amp#8;&amp#16; @`M&amp#21;H"�&amp#1;����o_S&amp#31;��"@�&amp#0;&amp#1;&amp#2;&amp#4;&amp#8;&amp#16; @�&amp#0;&amp#1;&amp#2;&amp#4;&amp#8;&amp#16; @�6&amp#2;�����^��?���[n�t�6�`�=��y睷�vہ&amp#3;&amp#7;v�Fe]&amp#4;�Ν{饗�s�=��{�9s��0nܸ	&amp#19;&L�6m�]w�:u��{��C&amp#2;&amp#4;&amp#8;&amp#16; П&amp#5;�&amp#31;&amp#6;�	��g&amp#2;�N�&amp#0;&amp#1;&amp#2;&amp#4;&amp#8;&amp#16; @�&amp#0;&amp#1;&amp#2;&amp#4;&amp#8;&amp#16; @���&amp#4;��?��˟?�dɒ�&amp#15;֔���ӿ�կ�x�=����>�&amp#19;��w߾&amp#28;����;���w�6�x����=���k�p��&amp#11;/����n&amp#15;g�g��W���&amp#3;&amp#15;L��&amp#30;^�&amp#25;&amp#1;&amp#2;&amp#4;&amp#8;&amp#16;h8��C��Ҝ{�&amp#24;Wi��]$�|��L�&amp#0;����}�YU�&amp#1;�)v@Ů��Q&amp#16;EDQ&amp#20;K�b��%V�h,Q�5����&amp#22;��@&amp#20;&amp#21;c�.6� V�&amp#5;E,�"
jT&amp#4;��t��'��=���ݻ���|b�Ι3g���-�g�&amp#25;&amp#5;&amp#20;P@&amp#1;&amp#5;&amp#20;P@&amp#1;&amp#5;&amp#20;P@&amp#1;&amp#5;&amp#20;P�Q&amp#11;|���W^y�&amp#17;#
�&amp#5;��Y���7��L2�v�B�&amp#0;&amp#0;@&amp#0;IDAT���9�aÆ�t�IFm&amp#11;��O�3�<s����<&amp#29;&amp#2;&amp#12;<&amp#20;��<�ɓ'�,v���}��&amp#29;:t����3�*
(��&amp#2;
T�����|�&amp#14;O&amp#1;&amp#5;&amp#20;P@&amp#1;&amp#5;&amp#20;P@&amp#1;&amp#5;&amp#20;P@&amp#1;&amp#5;&amp#20;P@&amp#1;&amp#5;&amp#20;�B&amp#1;±�&amp#30;{,K��؈�n��f�z��ڵ+{~�z�?'��K/������&amp#20;X�~��&amp#23;�[>��Po&amp#2;d#8����H��������g�&amp#5;&amp#22;��&amp#20;،��;�n�ȑcƌ	�X��lcY&amp#1;&amp#5;&amp#20;P@&amp#1;&amp#5;��&amp#0;�v��7ۧ�+��&amp#2;
(��&amp#2;
(��&amp#2;
(��&amp#2;
(�Q�b�AsV&amp#18;g�|&amp#21;6��/�>��O>�$���������&amp#31;k
&amp#22;&amp#8;ܲ >y⥗^ڳgς�&amp#27;��i'����&amp#15;9��n<�&amp#19;���۪U�t�&amp#25;3f���̙��6ۤ���&amp#2;
(��&amp#2;�Z�d�%=��%���&amp#2;
(��&amp#2;
(��&amp#2;
(��&amp#2;
(��&amp#2;
(��&amp#5;&amp#8;��q�&amp#25;1dީS�{�g���5��q�`�n�����G���&amp#7;O�:5��P&amp#15;&amp#2;d�v�ً��X;�Zxᅷ�j+c������&amp#2;
(��&amp#2;�E���-�_c&amp#25;��T@&amp#1;&amp#5;&amp#20;P@&amp#1;&amp#5;&amp#20;P@&amp#1;&amp#5;&amp#20;P@&amp#1;&amp#5;&amp#20;P@&amp#1;&amp#5;&amp#26;\`Ȑ!�ƍ&amp#11;��ܹ��W_�6��Gպu�#�<��|<�&amp#29;���6j�u��&amp#31;|��&amp#7;�U&amp#8;���u}E�W@&amp#1;&amp#5;&amp#20;P@�&,вE�&amp#22;M���5&amp#5;&amp#20;P@&amp#1;&amp#5;&amp#20;P@&amp#1;&amp#5;&amp#20;P@&amp#1;&amp#5;&amp#20;P@&amp#1;&amp#5;&amp#20;P��&amp#2;���n����!���
�]�v��ϧ�$��r�-Écǎ���J����	�-�9�p{y�x�&amp#2;
(��&amp#2;
(�&amp#0;ԙL�w�&amp#2;
(��&amp#2;
(��&amp#2;
(��&amp#2;
(��&amp#2;
(�U��;�M��m۶�e��#�8"�z�m�����&amp#30;l_���ɓ�Y���J,[P@&amp#1;&amp#5;&amp#20;P@&amp#1;&amp#5;�&amp#16;h]�9���&amp#2;
(��&amp#2;
(��&amp#2;
(��&amp#2;
(��&amp#2;
4C������G&amp#31;7�馛n��F�AXd�E�:�(2��ɗ_~��/��ݻ`��|���Њ+�ز����j��ٜ�j{�~'A:9�&amp#23;_|q&amp#22;ܯ��:���Z�~�����YL�YӧO�&amp#31;~���ڷo�����уN�P��b���ꫯr;&amp#12;���G:�ҥ˺뮛eo{�%&amp#28;���4^n���U����{�O>	���;��f���C!6�R��C3�:d&amp#28;R�n�&amp#14;࣏>���Xr�%��&amp#18;�|��g�	���
�2�@�s�����&amp#25;&amp#15;�&amp#31;?���^��/&amp#0;�g�y�.&amp#26;h�U,��&amp#7;&amp#31;|���s
_�ӡC��&amp#29;;�ߕVZ)N���&amp#23;,T�H�Û1cƧ�~&amp#26;�7�̙3���
_�-�X�q�rI�hk��v�6iժU�N���Y����$G�$�&amp#23;;�z&amp#5;&amp#20;P@��&amp#17;0�^=�(��&amp#2;
(��&amp#2;
(��&amp#2;
(��&amp#2;
(�@U&amp#11;<��Cq|��k,�]�|�ͯ��
���p�=�&amp#20;&amp#11;��=�c�=F&amp#27;6&amp#29;_x�C���_�u�����?&amp#21;&amp#12;�O�2�����'�O	5D[w�y�}�ݗ 4��b�
�&amp#19;f&amp#30;1b�M7�Dܷ`&amp#3;*��g����{�&amp#5;&amp#22;(� �����&amp#16;����[��5k�����dR���k��F��v���&amp#7;�&amp#2; &amp#1;�d�e��{�=6&amp#8;��8��]&amp#24;0 4��������I�x.��;��#)<��<M�&amp#31;�7��&amp#8;���&amp#3;��f��ѧ�~zȐ!��~�2�y�dk�&amp#25;k
&amp#22;�g$axL�&amp#24;5j&amp#20;�&amp#29;�G�.8�P��n�&amp#29;p�&amp#1;&amp#11;-�PJ&amp#27;&amp#14;���S�׿�&amp#21;:���&amp#29;�~�p�y&amp#18;G&amp#31;}t(�S�ز�i&amp#27;&amp#5;&amp#20;P@��&amp#23;�O ���?�WT@&amp#1;&amp#5;&amp#20;P@&amp#1;&amp#5;&amp#20;P@&amp#1;&amp#5;&amp#20;P@&amp#1;&amp#5;&amp#20;P@�F)���χq/��ݺu��=&amp#16;؎1Q�&amp#20;&amp#15;q��n�$7T&amp#18;\�|�5�\|��&amp#5;c�4+� ���w�}��X;'ru±ČYt[��v�&amp#20;&amp#31;v�a&amp#23;\pAJ���	�&amp#19;&amp#3;f	r�����
�&amp#6;,j?����i�r��~�.�����wߍ�J&amp#21;j�)@|��&amp#6;�&amp#30;Y.���SO=�X��s9D�&amp#4;fr���t��&amp#11;/<�3���9��O��N:��o�-v�d}5�����[o}�g���&amp#25;�]wݵ�^{�w!y&amp#11;����&amp#27;�gϞ�&amp#28;&amp#8;�<�������<��#�A�^����[yT&amp#1;&amp#5;&amp#20;�f&amp#1;~w����&amp#31;�cS@&amp#1;&amp#5;&amp#20;P@&amp#1;&amp#5;&amp#20;P@&amp#1;&amp#5;&amp#20;P@&amp#1;&amp#5;&amp#20;P@�j&amp#17; f&amp#25;���n�m�dݥ&amp#14;��Ĭk&amp#15;g&amp#17;%&amp#21;|J&amp#15;D&amp#1;o��;�#�ae��믿�Zk-��2D�Y�N
����Æ#0&amp#25;��,N�ܹ3�g�4�^��:����M�8��C&amp#15;%:&amp#27;ۧ&amp#23;�(�铁v"���W^ye�H�M�#G�&amp#12;�&amp#3;hFc�&amp#11;Ը&amp#20;�p;�b�[���[a&amp#0;�&amp#26;'�}׮]۴iC?��&amp#7;�ed�'�x���^zi�7�/��0a뮻��&amp#19;a� �Ҝ9&amp#7;,gG�&amp#16;��o�&amp#25;C���x�Lq8�䓙�&amp#17;Naq?� ���B���?�O�!��&amp#11;/����?��5RT�H�8T&amp#30;%�&amp#14;&amp#8;����&amp#27;�]	>��cv�-M&amp#27;ށ��r
&Yb�Y���a�&amp#29;w���k霴&amp#19;$o�&amp#27;=�!&amp#21;+0�!nK��v�&amp#21;kf�&amp#2;
(�@�&amp#11;���p{�?&G��&amp#2;
(��&amp#2;
(��&amp#2;
(��&amp#2;
(��&amp#2;/�\&amp#25;LT�R&amp#3;J.F�w����%&amp#26;&amp#26;.��N;��;�F����r2�N�������[o��&amp#3;��Y�L���ĹӻGi��?�9�ډ��`g�\�&�Ǜ��3�z��D(�9�d��2=3� ��Yu&amp#29;�&amp#0;�7.��l�ݻw'�7g&amp#31;>�M��&amp#0;��&amp#30;&amp#26;�1�14N&amp#30;&amp#2;Vl'C�LG��&amp#18;�=��s�Ca�&amp#1;��1��Q�R&amp#16;���@���&amp#14;;�p�Yg�w�СC�S`����m
&amp#22;�a$���&amp#29;�Rп��}��u}r��E�x�I��&amp#4;�0��7&amp#21;Y�&amp#7;&amp#26;�lV���&amp#27;����}&amp#8;������^*�[~%&amp#19;PB%ς�&amp#15;��Q@&amp#1;&amp#5;&amp#20;hD&amp#2;&�oD&amp#15;ˡ*��&amp#2;
(��&amp#2;
(��&amp#2;
(��&amp#2;
(�@�	�J;^�H^,ײ@���ɡ���ǧ�F�04`��1�&amp#28;Sc��&amp#21;�&amp#23;]tQ��#�&amp#24;<xp2�&amp#30;&amp#15;Q`�=��pk&amp#4;&����Yj���p�(�W^�&amp#19;k&amp#15;��p_r�%&amp#4;G�K�&amp#29;��Ni�����_^�X{�&amp#16;�P��&amp#15;����k�&amp#1;>vUo&amp#5;�3d&amp#8;`�z2�&amp#30;�N�79���t8t�y������x
+�A�����C酆&amp#29;	�&amp#28;n��f�L��<'�&amp#30;�=�|�1�$����`ڴi�h�B�o4R&amp#5;���;t&amp#18;��&amp#23;�3Y�j��&amp#14;��3O�e&amp#5;&amp#20;P@�F'`���=2&amp#7;��&amp#2;
(��&amp#2;
(��&amp#2;
(��&amp#2;
(��&amp#2; &amp#16;ҡsaVӶo߾�#�ҥK�m���Y���&amp#31;����,-��U�4&Ƽ�n���E�w���m�Q��&amp#19;�&amp#12;/	:&amp#18;�L	�&amp#19;�'�Ox2�'N&amp#31;�I/�O9���۔zt�&amp#21;V����Y&amp#12;����}c	����$Տ��/�}a�-�LֳΛ�dMN�m۶{�G�|��&amp#23;s�&amp#22;{��#avHʻ.&amp#14;{�=���&amp#15;>� ��&amp#11;Y��H�&amp#16;:!ܞ�ܾX���&amp#16;��`�bͬW@&amp#1;&amp#5;&amp#20;h&amp#20;&amp#2;s��5��(���T@&amp#1;&amp#5;&amp#20;P@&amp#1;&amp#5;&amp#20;P@&amp#1;&amp#5;&amp#20;P@&amp#1;&amp#5;&amp#20;P@�&amp#6;&amp#22;`��0�&amp#24;3�Ԁb���o���'1�,�h&amp#19;&amp#23;Ѳ
9�&amp#2;��&amp#22;[젃&amp#14;������&amp#27;�&amp#29;~��\�@�}�}�GI,��&amp#27;o&amp#20;k&amp#25;��N߳g��������/y��|�əg�	�m����&amp#23;_T�Bu�&amp#21;9�k�v���J�IN/H�'ˬ�&amp#14;/�Y2k֬�b��&amp#25;I�&amp#17;�z�.��&amp#7;d�Oo&amp#28;�f�F�իW�
��3��sS
q��Ν;W0OF�&amp#21;=��&amp#2;
(Pw&amp#2;d�1�^w����&amp#2;
(��&amp#2;
(��&amp#2;
(��&amp#2;
(��&amp#2;MG`�̙�fڵkWٻ�ắ���ƞ�&amp#19;����f4�0a�ĉ&amp#19;CKV��U;�Y�aG�&amp#26;[Θ1cĈ&amp#17;�&amp#25;[��,��Sh�Z^r&amp#3;���ƍ��,A�&amp#26;;)ؠE�&amp#22;�]��+��N2&amp#1;���g�o��'t��O?&amp#21;<�a+���ǔ�&amp#26;ǐ���z뭺�5���6&EH9�zF�2�x(>�)S��ʔB�o4R��i
1oJ��g�����&amp#29;&amp#26;�&amp#19;S�{H&amp#1;&amp#5;&amp#20;P��&amp#5;&amp#12;�W�3r�
(��&amp#2;
(��&amp#2;
(��&amp#2;
(��&amp#2;
(��&amp#2;qu����_�Ѵi�&t�e�����g�z2�Md4�Y4#R&amp#27;c���J�M�놋5����cJ��{<�S`gn��9��}ٽ{��n����;v��y��ѧ�v&amp#26;K�ٍ~ҤI�C^ΘZ?��y�O3�TtȲĿzF&amp#18;ǟR� 5��B'ٿ�bB���z��w��/�&amp#28;��7�l��&amp#1;{H&amp#1;&amp#5;&amp#20;P��&amp#8;&amp#24;no,O�q*��&amp#2;
(��&amp#2;
(��&amp#2;
(��&amp#2;
(�@U&amp#8;���u4��̽X��.�lƥ��&amp#16;��&h�\�\��d��k��|�_~�wB%cfT���,����Ч�~Z�M�g&amp#3;��&amp#6;&amp#21;9J
X��~���\s�v�m�쓰��w�=p���O>�����&amp#26;���Q&'��Hs�ÎY
�O�^c��&amp#25;I�C�ADȲeCI�h�f`jH&amp#24;��?�>�&amp#7;&amp#31;|04`s�8�&�&amp#20;�*��&amp#2;
T��/��b���&amp#31;�cS@&amp#1;&amp#5;&amp#20;P@&amp#1;&amp#5;&amp#20;P@&amp#1;&amp#5;&amp#20;P@&amp#1;&amp#5;&amp#20;P@�j&amp#17;h۶m&amp#24;
{�WvL?��C�&amp#14;�_~��-i��{��K-�T��B�&amp#21;VX!�&amp#20;&amp#22;�&amp#6;ݺu#1{z���8�&amp#26;&amp#3;�1��<����B׮]�!���&amp#15;�_��O^���g��믿~Μ9��&amp#6;)�l�ٯ&amp#30;#�5���&amp#2;&amp#11;�6s�έ�q���ơ�`��&amp#22;��,�)�&amp#27;�SbZ���?�M�n&amp#17;���%��v��㱥&amp#2;
(�@�
�'D��.��[u`
(��&amp#2;
(��&amp#2;
(��&amp#2;
(��&amp#2;
(�@m&amp#4;b�=f��Mo�s����r�E&amp#22;I��K�@ǝ�G[�&amp#21;cP<��&amp#20;�M�&amp#22;jX&amp#2;�ꫯ�&amp#28;My&amp#25;��_�5����(��}<���&amp#30;b�1k��"+8{l��=�?d�&amp#16;���y��&amp#19;&amp#12;�s+Xȸ�<y�%�X"��R��&amp#25;I�#�&amp#23;�r}�ԩ���׌&amp#25;3f%���׏2%}�q��o~�%�P�]=v�؞={Ʈ��'�|2�d�<�T��,+��&amp#2;
4^&amp#1;����9r&amp#5;&amp#20;P@&amp#1;&amp#5;&amp#20;P@&amp#1;&amp#5;&amp#20;P@&amp#1;&amp#5;&amp#20;P@&amp#1;&amp#5;&amp#20;�?�&amp#24;n'�V٫Μ93tخ]���KJ����߇�&amp#22;_|��n�&S��&amp#31;�&f�~��7�>��mj�$-J�=������h���#�<�L�䙏Aw"���/���V�Z��E��Y�*��a
r�+&amp#22;kS%#�={��Q��&amp#15;&amp#31;��)6�R�K�F�s~8�����>J��G&amp#30;)&amp#22;n����H���WRN�R�o{&amp#5;&amp#20;P@�z&amp#19; &amp#31;LK&|�����&amp#2;
(P?&amp#2;�1g�vISV�g`ut&amp#21;2�q�|eI�UGc�[&amp#5;&amp#20;P@&amp#1;&amp#5;&amp#20;P@&amp#1;&amp#5;&amp#20;P@&amp#1;&amp#5;��@\z��石����&amp#27;7Y�q�p��)&amp#31;��A�&amp#17;n�I�&amp#11;�&&amp#31;A��&amp#11;6�He�����
vҾ}{��W\q&amp#5;[ԇ&amp#6;cƌ���;&amp#11;6���8�z�V�%�a$|&amp#6;Hʁ����z�&amp#21;��s�e��؋=��}{�&amp#4;&amp#24;�Ǐ��OB����*�ף
(��&amp#2;�E�e˖����YT��9N&amp#5;&amp#20;�(�&amp#31;�!�δ�RwZ�x��jƿ(�y�&amp#25;�t�e���ӧ���`&amp#20;P@&amp#1;&amp#5;&amp#20;P@&amp#1;&amp#5;&amp#20;P@&amp#1;&amp#5;&amp#20;h2&amp#2;���j��	&amp#19;&�l�&amp#29;&amp#15;�Z����}��p�ꫯ^����'7��w�y�5+V���qr&amp#17;W�.]�_�b��Գ@����)&amp#29;�ݡ�ݻ_y啃&amp#6;
				� ܾ�&amp#30;{4�&amp#2;����F��&amp#23;_|AZ�&amp#24;�&amp#14;#_w�uWYe�N�:1s����� O&amp#3;�s����&amp#15;&amp#30;<��np�u�!i��_~�%F�&amp#28;����k���T��ݻ����\ї
(��&amp#2;� �&amp#31;E�	��Õ��&amp#2;
(P�&amp#2;$"&amp#11;�#�T}^���&amp#21;��&amp#28;&amp#11;5&amp#18;���&amp#2;
(��&amp#2;
(��&amp#2;
(�@&amp#19;&amp#22;Xm���ݱ&amp#30;�R���&amp#19;'�n	]�r-&amp#11;�[���D��~&amp#31;?])8�d��mη�~��͚R%O���&amp#14;�����M�9nܸJ�Nݔ&amp#12;+x/���q�76O���&amp#27;l�AzV�
&amp#14; �+B-;��7�ȡ&amp#7;&amp#30;x '��S���m��6�tk&amp#20;P@&amp#1;&amp#5;&amp#26;��������CC���&amp#22;+Jg͚Ul&amp#0;d�"�Т�.�L��[n�5�trC1+�k)��n�&amp#31;f&amp#7;&amp#28;p@-����t�Md:
/�<v�I'�C&amp#22;&amp#20;P@&amp#1;&amp#5;&amp#20;P@&amp#1;&amp#5;&amp#20;P@&amp#1;&amp#5;&amp#20;P@��#ЦM&amp#27;V͆��SO=��.�T���v:�����ʲ&amp#11;|2&amp#25;�a�mI��u]z������>Ko�d�&amp#18;%�v�&amp#5;*&amp#21;n�6mZ�!��&amp#27;���[c����'�|r���&amp#23;L�^�&amp#1;3�&amp#16;n'_ŤI��I7G�&amp#30;&amp#29;�_ 	��&amp#27;nX��ڛ&amp#2;
(�@&amp#3;
�������]�^�C �&amp#19;��d?��;�<��b&amp#11;B�鹘��iK&amp#5;�@λ���dS']R�}����k��������aA&amp#1;&amp#5;&amp#20;P@&amp#1;&amp#5;&amp#20;P@&amp#1;&amp#5;&amp#20;P@&amp#1;&amp#5;��&amp#0;Y�C���7��	��G�ǳ��8�s��&amp#21;�<'���&amp#1;!$I��X��0u����,1
Q|&amp#2;��-��Qn�&amp#15;�B�4�zkweL���E&amp#27;u&amp#15;���d���7���&amp#19;O�&amp#18;��&amp#27;���z饗^o��ƌ&amp#25;Å�x�䂨G&amp#30;y$\}�wNf���!ٿ&amp#2;
(�@]&amp#11;�;�ׯ����&amp#7;&amp#1;��0�n���#Z&amp#25;�&SF��&amp#19;����&amp#18;#F��e&amp#15;���&amp#2;
(��&amp#2;
(��&amp#2;
(��&amp#2;
4&amp#25;�d��|l�ꫯ�h+�'*&amp#11;�&֡�&amp#26;c���M���?JM�{_&amp#15;Q̂&amp#3;��J����u�&amp#14;<g&amp#0;1�~�n�9��_��t�;iV5�����&amp#30;x��&amp#25;��&amp#31;}�Q<��
�G�}���d�p!B&amp#3;�n&amp#15;eV�����Y&amp#1;&amp#5;&amp#20;P�A&amp#4;Z�'�+�kO�E&amp#23;�.>���7�|�&amp#31;�|1u�_���&amp#28;�2���&amp#15;?��K��d�Q&amp#11;MX�駟��_���{&amp#14;&amp#24;0��o��;��}��k���_��S�C����q��&amp#7;�&amp#29;���_cc&amp#27;(��&amp#2;
(��&amp#2;
(��&amp#2;
(��&amp#2;u'�g�$�&amp#14;��!C�l��6������W]uU&amp#24;-˦7�l�ʎ���|&amp#30;E�cǎe����?{�qo�b�t����{���	&amp#19;��s��V*ֲ�ԧ��_r�%㝒��m۶�ezaʔ)�<�#�����&amp#14;9G��L&amp#6;鋵�}�F&amp#27;m&amp#20;R ���&amp#28;&amp#24;묳&amp#14;}�&amp#28;92��$�&amp#21;W\��W�&amp#7;&amp#5;&amp#20;P@��&amp#18;hY�h\U�L&amp#3;&amp#14;��\WO|�W�^���#]&amp#12;�l���zb���#�&amp#15;�A�&amp#6;Ź���B�&amp#22;x����˪~��fZ�k��VKOz��ͷ�{�=�Q��Zެ�+��&amp#2;
(��&amp#2;
(��&amp#2;
(��&amp#2;Y&amp#4;X�&amp#16;�]x�q&amp#1;k��^&amp#24;:th�ă&amp#21;&amp#26;�&amp#11;��wU��&amp#26;k�&amp#17;��&amp#28;��T��~�)A�}�ʵ�^;��汦I&amp#22;ؐ;�Wǎ&amp#29;c9&amp#20;�&amp#27;&amp#1;�
+�h���g�.��&amp#20;�Y�Ϝ93���+�&amp#28;�
�&amp#11;����� }z��&amp#28;eR&amp#11;�pB&amp#15;��&amp#11;��&amp#31;~8&amp#20;�1��\�s&amp#21;P@&amp#1;&amp#5;�J�L���8���&amp#25;g<��&amp#3;q�#	d��z����&amp#14;���~��&amp#7;Ҿ}�UW]5\����w-/w���&amp#30;XY^ˮjsz�_2���s&amp#21;P@&amp#1;&amp#5;&amp#20;P@&amp#1;&amp#5;&amp#20;P@&amp#1;&amp#5;&amp#20;P@��&amp#11;���c��&amp#11;����[�\s�.��vԨQ7�tS8�&amp#21;�{�W&amp#25;���ҭ[�%�X"�����̙��>&amp#30;͒'��&amp#23;���~&amp#23;Ny�&amp#23;X�&amp#27;Oo�&amp#5;�,�r�-��X�ܽ{���\m��B�q��&amp#22;�!&amp#16;��h��Yͼr�e�&amp#2;�'O�B�;���YZV�M߾}C?��g͚Ų(���f�M7��%�D&amp#1;&amp#5;&amp#20;P�z&amp#4;�;�emf_Vϝ4��,��2䐏��oqR�ė&amp#22;��&amp#0;ս��&amp#27;u}��&amp#5;�3��c�6o0f�ĩ�qϡ�&amp#30;���a�B��Z��&amp#2;
(��&amp#2;
(��&amp#2;
(��&amp#2;
&amp#20;&amp#20;8���c&amp#24;{ذa�&amp#30;Xjĝ&amp#28;�$Ō��~����;o|Y�B˖-w�q��&amp#27;�&amp#31;{�,=�e��|����klv����T|��
|�~�9��T&amp#4;̷(�_x\�~�7fѠM�r�����vVXa��?s >���&amp#26;�Ů&amp#7;1�]c��7 nHq��ƌ&amp#25;&amp#19;3��Yh��j߿=(��&amp#2;
T�&amp#0;�����&amp#5;���PX%|�q��K>��s�l�i&amp#11;|��G�p����[�&amp#11;e��&amp#28;&amp#27;�&amp#20;b�#R2�M�r&amp#26;��K��J&amp#18;����WQ@&amp#1;&amp#5;&amp#20;P@&amp#1;&amp#5;&amp#20;P@&amp#1;&amp#5;&amp#20;P@&amp#1;&amp#5;�&amp#8;&amp#16;3#��&amp#18;�И&amp#4;�G&amp#28;q�&amp#7;&amp#31;|��\V8\z�$��?��UVY%��la�]vYt�EC��>�&amp#3;�g&amp#6;�H���&amp#14;�8&amp#6;6��&amp#17;w�s��~ٓ&amp#20;���O&amp#25;�R�fl����sE&amp#30;��&amp#23;_���χz�{�Đ�2ֳ&amp#6;&amp#6;ꜣ9/Y�~ꩧ�f�LN���e&amp#12;�s�&amp#23;\pAJ�&amp#6;r�&amp#15;&amp#25;2�ꫯ�g��v�)\��5�>�h(o���<&amp#12;/��&amp#2;
(P?&amp#2;��������&amp#14;;����aL���&amp#6;&amp#20;��&amp#25;���߿�p�w�ygy&amp#25;,8뮻�
���&amp#30;d=j(:���&amp#28;���zc��&amp#19;�&amp#26;˓r�
(��&amp#2;
(��&amp#2;
(��&amp#2;MF�mѯ��&amp#24;q'J}��&amp#7;�{���&amp#31;�o�� 	���8�}��&amp#23;&amp#27;���N�
�i���O��#������xs��&amp#5;F������!&amp#0;ܫW�xw�M~�C&amp#14;a&amp#27;�P��8&amp#7;&amp#31;|0�͔��,���i�\1��m�ְȘݵ�|��SO�G�	�_w�u<��&amp#30;z(&amp#14;���[~����d�%+}��	5,pgRŴiӒB�&amp#24;0ی��/��r�Qkj&amp#20;�]���;�f����`B~&amp#14;&amp#29;p�&amp#1;�_}h��?��ƞ+�`�-�&amp#8;]&amp#17;k&amp#15;!&amp#0;&amp#18;�w�ڵR�ۏ&amp#2;
(�@�&amp#8;0��u�����d�&amp#5;&amp#22;Xn��H��-g	���))q�N�:�/�Dk۶-3�:t�@z���(&amp#7;�p�	&amp#19;�lժ�J+��s�Ɨ�t�"��⊱=�|����&amp#2;WOV2��;b��]N*-��;�?ʋe���/8��u8�&amp#14;&amp#1;Ꮈ&amp#23;�ʶO��
�}�݋/��]Cğ�\z��&amp#22;��6�(9�1�O��_?��>���߾�C����g:�j��&amp#11;�v�)}r�S^}�U��&amp#14;�0,8ٙ���U���Q�ǟ��H�%&amp#15;e�ر뭷^�&amp#19;�mHs&amp#20;ޢT�/�,I����rm&amp#30;
��u�q��W_}UЍ'&amp#21;�k��-X�]��;�ҟ�x(3f�Xx�y�|���}�7K�&amp#19;k��]�&amp#24;of�{�2��(�
гgO&��H��&amp#30;�5�����+��3&amp#3;�_b���&amp#6;a[�7�0y�e���u�W@&amp#1;&amp#5;&amp#20;P@&amp#1;&amp#5;&amp#20;P@&amp#1;&amp#5;&amp#20;P@�&amp#26;&amp#5;V]u�&amp#27;n��&amp#5;�1�8�5�8q�����,+糵o���׏&amp#31;?>gE&amp#1;��3�<s�6��B�l�%N8�&amp#11;/�0��r[��P�s���#>>������&amp#23;�(!L�����Z�,X�o�����
Zƽۉn��&amp#7;&amp#23;���>>~�9s&���@��`X�`�uZɳ +dH&amp#12;�'�|.��Z�/&amp#14;�!&amp#18;���9!�&amp#3;r���u�]7�2�����>&amp#27;j&amp#2;����GOK/�4�0���r��0&amp#7;�&amp#12;&amp#7;9o�d���&amp#5;p~饗��	p��&amp#22;�Okyv|�F�Q>HLΥ�{�O������wU&amp#23;5��6�|s�&amp#0;�s&m��C�؏&amp#5;&amp#5;&amp#20;P@�j&amp#19;0��`O�ٯ!��&amp#18;�$nM��?Г�]�GLԍ?����І��&amp#7;&amp#12;&amp#24;&amp#16;������&amp#27;�w��!v&amp#24;�F=��31�̤K���&amp#15;��ÇӞX��_�_6�sc�3�0���&amp#14;J&amp#6;݉w2��?�b��&amp#2;*��>�Sr&amp#26;���*�*-��&amp#20;���&amp#3;�v��-��d�g�}65g�uV��C��Ѧ���ٸd�*8`�d�׿�ſ��W	g'kB�o߾d!˯/��ol���'UF��&amp#28;h�L4�&amp#31;�)o�bë�CA���L&amp#6;OvοK�[:Y��,��&amp#20;Z&amp#18;�gv6&amp#20;t�<7Y�_��{���dez�oR�=�����b-	�&amp#15;&amp#26;4�Lb%E���&amp#1;����,�g����?�y�����˶�&amp#0;�W@&amp#1;&amp#5;&amp#20;P@&amp#1;&amp#5;&amp#20;P@&amp#1;&amp#5;&amp#20;P@��&amp#19;�S��o���&amp#2;����d�����{�&amp#3;&amp#7;���
��`%�)��]t�E1&amp#0;ɇ�|&amp#21;�&amp#4;�ɍ�G.,QH�X,�ޮ];>c&amp#15;�ڄz>&amp#26;�+&amp#25;n̹VLq�S_�/�������;<���Z*�P���a�m�����&amp#7;�|%��2�&amp#26;N<�D�&amp#31;協=&amp#15;<�9&amp#23;X&amp#15;�&amp#7;��j����&amp#16;� &amp#8;3?N;�46>�(S+�<���Z���������R{��&amp#2;
(�@�&amp#16;p��&amp#6;{Lq&amp#17;����_p&amp#16;�i�hD�;=�ι�G�ff�СCs�a�.&amp#11;�Ce���� ��&amp#15;>&amp#24;&amp#26;0�/��~�y&amp#19;&amp#14;$"K��X����7&amp#6;��8��C���K��lY�?�!=8J��n	䧏0&amp#30;�O��&amp#23;���f��J� ���&amp#5;F&amp#24;�Yv�����#��&amp#31;&amp#21;�bf�91��&amp#15;O�`}��CZ�����w�=��LJ��`��h~����!��*�&���&amp#15;���&amp#19;kO�\�Q��<���ڋ�x�&amp#3;3^ys�&amp#5;�	�)&amp#29;�CL�%�O����8�9J&amp#27;Zf���?&amp#19;8x���̿�IR�ۏw�<��&amp#19;&amp#7;fA&amp#1;&amp#5;&amp#20;P@&amp#1;&amp#5;&amp#20;P@&amp#1;&amp#5;&amp#20;P@&amp#1;&amp#5;�S�&amp#15;&amp#31;���G�AVx��5��,�&��&amp#22;~�`���-�\���h,�4.x�w��l;�u	�&amp#22;l@%�	����X;/CZ�,�d%&amp#0;&amp#31;��&amp#16;[�&amp#19;�,�?��>�&amp#4;��4&amp#11;��5�W��&amp#5;&amp#6;����O_���i��&amp#3;f&amp#18;&amp#12;&amp#30;<��X{�#�s��&amp#31;�`R`,x�ݻw�C�&amp#17;k�&amp#1;�&amp#12;C3�!&amp#20;l&amp#31;��D���r*�&amp#22;�&amp#20;:�=/c�X�iS=#a��-���r�bμ�yó&amp#8;'�ڹ���A�a��������2�&amp#2;j�7.;�k�+�R&amp#1;&amp#5;&amp#20;P�A&amp#4;�-� Nc&amp#14;���Y/˯�p���ߟL�\c��UM �f,A������3%�����f$fgj$W!TOԐّ�#��&amp#30;�&amp#16;�f�k|I��[o���+)����y�ݝ��&amp#20;w�a�k,�&amp#21;�&amp#15;����&amp#28;s�e�]&amp#22;.ǐ�{�?V�c�?V��J�2y_��&�M��Pz8��2��9&amp#1;�B�&re&amp#19;����c@�[f�5�9�O�<�Z��[f�q��d#O&amp#6;n��w_��&amp#24;r
��&amp#31;֗36R��i&amp#1;��&amp#22;2�3ϔ�}�����Oy&amp#4;���ӖA�m��g�ȑ#&amp#25;@�
�&amp#25;CJ&amp#3;�A&amp#20;��&amp#23;���9cK�|7�`&amp#24;&amp#12;,�&amp#20;u�QG�Ϙ�&amp#30;�G�;��2���@�&amp#5;�6�&amp#20;�%yJ�\��B�=N�x��Ȧ&amp#30;�g&amp#6;q�B��?&amp#27;x�9���׿�����Q�!|�&amp#28;�n�D&amp#2;��&amp#29;a~qr�&amp#8;�&amp#16;�d�xbN�&amp#16;>i&amp#24;���(�F�&amp#15;��V[�w�y�&amp#31;[r�&amp#5;t�� ����L���Q�z&amp#6;̷6�&amp#17;�c��M�SH8�I�:�ώk!���&amp#23;_\��&amp#21;{���&amp#2;
(��&amp#2;
(��&amp#2;
(�@Y&amp#2;����g��l�S&amp#26;WK>�b�=�OXG�ɍ&amp#23;R��_>�`��j�&amp#29;>����&amp#15;I��&amp#23;���9b�$~g�zE��'&amp#27;|<�����O|��:&amp#1;n���|�FN��\�"���8�&amp#14;�� ��S&amp#23;�&amp#29;_l��'�|&amp#6;�P��'��R�&amp#11;&amp#2;&amp#20;���*t&amp#27;&amp#28;���Rԥ��I�绌U+,����&amp#8;2�4>H'=C&amp#3;�/&amp#31;��F+&amp#12;��&amp#11;.���&amp#6;&amp#28;��V@&amp#1;&amp#5;J&amp#21;(6���~*�&amp#23;cM&amp#23;��㿆��r�*&amp#26;W#&amp#25;J2�Yj�}���
qe~ˆ�x�M�(I����n�����b	�cx���)M0/9y�?2&amp#8;&amp#27;���v&amp#19;�ιJ��DX�=�\�����&amp#19;O�&amp#25;���(f<�q2u7��
&amp#4;���C�6��F�7&amp#26;�&amp#4;&���`�NB�?�.�䒸W7����!�Ⱥ��	QR��&amp#20;&amp#8;�X��&amp#8;c�!C��qT|�,$=c=7�Tӂ�&amp#15;�+�	�qa=sxYC&amp#31;O�)�	cSI����>:�h-_&ߍ!�N�D^��L!Fͳ\��&amp#4;�o�}XWͤ
օsV�p{�&amp#31;
�&amp#19;���W%3�[�M�&amp#27;�73Ӗ��+�&amp#3;�sf���JZ&amp#18;�O�7&amp#15;8�Ԏ�&amp#14;&amp#16;&amp#8;�܂&amp#19;n��&amp#31;w�q��&amp#31;.J�|s�/؂c�&amp#18;|&amp#22;��ts�ÀI-]�v�o�?�H���p&amp#19;�&amp#24;nϷ�F&amp#1;&amp#5;&amp#20;P@&amp#1;&amp#5;&amp#20;P@&amp#1;&amp#5;&amp#20;P�&amp#18;&amp#2;&amp#21;��4���&amp#18;��&amp#15;&amp#5;&amp#20;P�J&amp#5;�(���&amp#25;&amp#28;k~�~Q,oA���a)�@�&amp#23; �Q�A��b,��vR�&amp#6;�r3�03[�&amp#26;n&amp#22;�&amp#23;� Q&amp#18;��YFL�b�vN$�<1���&amp#27;o����&amp#21;�q}3�@&amp#23;�P�J"���D��X{~c��FD��vZ&amp#18;Mg[��&amp#25;c���N���X;�&amp#16;�d�t���B��ffb�EC�&amp#3;c�����ϊ��X;����v�mD.É�U���z�Fs�&amp#5;c�4&n�&amp#24;�Ǉ&amp#19;���&amp#26;f��w�P5�=¥	��&amp#25;3&�0X�&amp#29;b��52�[?&amp#15;%�`��H&amp#27;@&amp#4;�X���L���S�g?y���'�D�I�&amp#30;?&amp#26;`6&amp#12;;�&amp#21;��s&amp#22;k�y��oCΊo�d��̄�&amp#24;kgz&amp#1;�&amp#23;��ӞY�D�<��x�&amp#5;&amp#5;&amp#20;P@&amp#1;&amp#5;&amp#20;P@&amp#1;&amp#5;&amp#20;P@&amp#1;&amp#5;&amp#20;P@&amp#1;&amp#5;&amp#20;�&amp#6;&amp#1;V9�]bٌ�X{5<&amp#20;Ǡ�&amp#2;
ԝ�����-�s&amp#12;<�"%�3!�&amp#24;�.��o=�24 �ӒX`�!�Hv���&amp#5;_N�0!f��O��mB%��YM�Ҁ��,�&�}��&amp#7;����A� 1��b��&amp#14;>&amp#30;"&amp#3;<y����&amp#2;S&amp#22;&amp#14;?��POn�&amp#26;�c&amp#15;-&amp#25;I�/ ��XCR�X&V&amp#29;�^ ^&amp#27;�&amp#23;&amp#8;�Ƴ&amp#12;����&amp#25;k܉�f9%����&amp#18;������u�)��CW���
&amp#27;���&amp#17;#����3������`Ӈ�]ĸ.,1O&amp#3;����&amp#5;;'Y&amp#25;�;�!��&amp#16;�OϮ��&amp#17;�W�&amp#19;�&amp#23;��J&amp#5;&amp#20;P@&amp#1;&amp#5;&amp#20;P@&amp#1;&amp#5;&amp#20;P@&amp#1;&amp#5;&amp#20;P@&amp#1;&amp#5;&amp#20;�&amp#31;&amp#1;r��ed�V߾}��^E&amp#1;&amp#5;&amp#20;P��&amp#4;&amp#12;�׷<��&amp#27;n�!\�G�&amp#30;&amp#4;�j9�V�Z�m��ߞ�&amp#27;��c������9Z�e\&amp#7;ώ��k&amp#11;�	���R��C[o�u�͠A�j��q&amp#2;��)S���2�&amp#29;ť����g��P�&amp#2;��&amp#5;��-䋵�m��&amp#1;Ŏ&��&amp#4;(�&amp#2;O�&amp#31;�<���q>&amp#4;���_x)Wg];{̇&amp#6;�6Hi��&amp#30;&amp#30;J�E����~5��C?�&amp#12;&amp#5;&amp#28;&amp#8;~&amp#23;�|ذa�~�����&amp#2;q�䜌d&amp#15;ɳF�&amp#30;&amp#29;&amp#23;��M&amp#29;�s�m�ˌ!c��s�Q@&amp#1;&amp#5;&amp#20;P@&amp#1;&amp#5;&amp#20;P@&amp#1;&amp#5;&amp#20;P@&amp#1;&amp#5;&amp#20;P@��&amp#11;ĥ���uW�*v��&amp#2;
(P&amp#2;d41�^�&amp#15;��?>��&amp#19;�%&amp#15;=��X�M�U��t�9��
>&amp#6;M����6ɗ?����w�&amp#29;j��&amp#6;��v��l�I|Y�@ 0&amp#25;&amp#11;�q�&amp#29;��L�ǥ�����^�<##&amp#20;&amp#7;&amp#29;tP�
�&amp#11;S�ԇ6,m/�$?9�X�� ��&amp#29;&amp#15;5l�$��?N�H&amp#25;&amp#18;Y&amp#16;�ѕVZ�[�n)-�&amp#15;��Cɿh�5���{�Yc�Рcǎ��ԩSc9&amp#22;�&amp#22;~�W�K�]b�%��B�N��&amp#12;f�&amp#20;�<��H-��a<ڦM���A����&amp#2;
(��&amp#2;
(��&amp#2;
(��&amp#2;
(��&amp#2;"0y�d2\�K��2&amp#6;/��&amp#2;
(Po&amp#2;�������-�Y�&amp#29;W����:�S�&amp#17;Ę�&amp#7;&amp#31;|��aL&amp#8;O�y����5������r�&amp#27;n�azN��~�W&amp#14;e�ʧ�ݎ��&amp#28;����q�>�̞�<�&amp#25;�ƥ�$&amp#6;�㩱&amp#16;&amp#7;<iҤ&amp#26;&amp#27;�g&amp#3;r	�&amp#29;�YT;�)Wg
B�lA����&amp#5;&amp#15;��C)x���޽{�	&amp#7;�-9�[�y$�&amp#25;&amp#22;�O��&amp#16;�J�7+Xs�&amp#1;&amp#7;��d?�2&��k���O����6�,vbA&amp#1;&amp#5;&amp#20;P@&amp#1;&amp#5;&amp#20;P@&amp#1;&amp#5;&amp#20;P@&amp#1;&amp#5;&amp#20;P@&amp#1;&amp#5;&amp#26;P��[oW_t�E��Xk��zi&amp#5;&amp#20;P@��&amp#11;&amp#16;Zj]�^�&amp#1;��&amp#19;'�.<R���O?��#�u��s���9�pv4�j��b�Z&amp#22;&amp#22;_|��&amp#3;&amp#25;�Y�&amp#29;_R �ݹs�w�}�2;R'�Z'��r\��&��&amp#1;�&amp#24;���$�&�p_f�er&amp#14;&amp#21;{��RK�CӦM�o���ƨv�.]�&amp#27;&amp#20;�I��`j��&amp#23;l�l\�A�2vU0F�lY�e��C�&amp#14;�$H'��2��-�i&amp#19;F��&amp#11;@�î��R�0�&amp#27;,����)5&amp#29;:t&amp#8;)

���~��pn����4���!&amp#22;���D���	�|��&amp#19;7zO��R��&amp#21;R�xH&amp#1;&amp#5;&amp#20;P@&amp#1;&amp#5;&amp#20;P@&amp#1;&amp#5;&amp#20;P@&amp#1;&amp#5;&amp#20;P@&amp#1;&amp#5;�Z�Ė1�%��Z�6&amp#4;S�����&amp#2;
4��?�+�&amp#12;�<�Ȍ&amp#29;�M}�}���~-5��&-<��&amp#25;����I��v�&amp#5;GK|1f�!�^�M��&amp#30;���ೇ��r䂫����8&amp#12;◱\c&amp#1;�%�\2D��7@Ĵ�)&amp#12; }�AΉ$�&amp#14;5�g��9��/I&amp#11;ϝ���k���{�M	��s�=a��aJ�}Ϊ��R�d�A�&amp#23;^8\��&amp#31;�W&amp#28;?~|�$*���&amp#26;�
&amp#19;_ƍ&amp#27;����&amp#15;?�5�	4�2�P�=�t�!&amp#5;&amp#20;P@&amp#1;&amp#5;&amp#20;P@&amp#1;&amp#5;&amp#20;P@&amp#1;&amp#5;&amp#20;P@&amp#1;&amp#5;&amp#20;(O��L��zj8�O�	��׏g)��&amp#2;
4.&amp#1;�����v�m7�O���6���#�:_ĉI��&amp#2;z���_���&amp#21;�&amp#21;,�X6�ۧO���ӽz�*���&amp#30;&amp#11;��Ӯ1�}�&amp#17;Az�K�&amp#11;^={�W_}&amp#21;&amp#27;sG/��r|Yc&amp#1;��&}���Q��&amp#14;C�&amp#22;-Zdl� �x�p��O?�l&amp#3;�&amp#28;�&amp#15;��V�l&amp#17;���7+VS&amp#15;&amp#15;�إ��K}���!&amp#5;���&amp#22;��&amp#29;I�&amp#19;������d=�dM��\��&amp#25;<1�CNϾT@&amp#1;&amp#5;&amp#20;P@&amp#1;&amp#5;&amp#20;P@&amp#1;&amp#5;&amp#20;P@&amp#1;&amp#5;&amp#20;P@��&amp#11;�z�s�!c<&amp#31;��
�&amp#28;��%IG&amp#29;u�B&amp#11;-T�ڡ&amp#2;
(�@�	�r�p{e&amp#30;
+�c���#kd�����S����&amp#30;�+6���z뮻�&amp#26;9rdL4]�eJ}�v��vۇ&amp#31;~�6&amp#15;>�`�p{ܷ���5�v��&amp#22;K�b�C�#^���J��S�9�X.�&amp#16;��&amp#5;ϊaтG&amp#27;]妛n�l��&amp#22;���D<�&amp#11;��L5�\3�g,��C�8��f&amp#5;�&amp#22;���2&��[;�Y�e&amp#12;��g�����C3�T�~&amp#16;���B̯���C
(��&amp#2;
(��&amp#2;
(��&amp#2;
(��&amp#2;
(P)��3g�&amp#29;;�`o�&amp#29;w�6�lS�
(��&amp#2;ML������<�&amp#19;O<��&amp#1;Z�B<��#l�&amp#29;RO�~�$�&amp#15;�v�=���	����f�qul�?&amp#5;�g��&amp#30;��e2�[G&amp#23;�o����&amp#6;��a��-������&amp#14;�3��P`Μ9Æ&amp#11;c�}���&amp#24;d=<�2F�)e���]&amp#8;�xh�&amp#5;&amp#22;���&amp#5;fބ��SOb����&�*��)�R&amp#1;&amp#5;&amp#20;P@&amp#1;&amp#5;&amp#20;P@&amp#1;&amp#5;&amp#20;P@&amp#1;&amp#5;&amp#20;P@��&amp#11;&amp#20;�x�&amp#30;�|���&amp#6;&amp#27;Ծ{P@&amp#1;&amp#5;&amp#20;h,&amp#2;�۫�I�&amp#28;���O�'��[u�U�u��>�,�]d�E���
��&amp#29;�T��,_N6�/���#n[��O���9m&amp#30;z�PӧO��.&amp#8;ιP�_&7t?�����p���+��Fz�&amp#14;;�&amp#16;��C&amp#31;=z��&amp#27;o���Q�F�4�l=�<���&amp#28;&amp#30;J�&amp#15;���l&amp#0;&amp#17;<�v䍇ʛ�Qc:�x!&amp#11;
(��&amp#2;
(��&amp#2;
(��&amp#2;
(��&amp#2;
(P{�&amp#21;W\�&amp#15;�?��&amp#19;����}�&amp#21;V�3��$����=(��&amp#2;
T�����{F�-&amp#7;&amp#15;&amp#30;L@4��_�����[n���s�<�D���������ޛ&amp#19;n���&amp#31;c���lա��b�l&&amp#28;�&amp#29;n��.��+���ٳ�+��­&amp#14;&amp#31;><'�~�=�&amp#4;�=��&amp#19;�28��Cᛈ��&amp#16;)�Y�K��2eJh��gwd�<yrI}��U�]��{�&amp#20;&amp#5;&amp#20;P@&amp#1;&amp#5;&amp#20;P@&amp#1;&amp#5;&amp#20;P@&amp#1;&amp#5;&amp#20;P@&amp#1;&amp#5;&amp#26;�@۶mٗ���9&amp#27;��9H&amp#5;&amp#20;P@�,&amp#2;���K�,�lS�&amp#2;O=�T�������&amp#7;&amp#12;&amp#24;�&amp#18;kgl�ې���&amp#20;��Ǐ�8qb�����χ�=1�޽{'&amp#15;Ua�?b¨&amp#24;sL�]�㬶!��aH�>�l��R����&amp#6;&amp#8;�v�i���L&amp#30;Jܲ���8ԁ�&amp#4;&amp#21;9�q�&amp#2;��d���f�^f�!P�t�&amp#21;P@&amp#1;&amp#5;&amp#20;P@&amp#1;&amp#5;&amp#20;P@&amp#1;&amp#5;&amp#20;P@&amp#1;&amp#5;&amp#20;P@&amp#1;&amp#5;&amp#20;P@&amp#1;&amp#5;J&amp#21; 5���R���5�\&amp#19;���r���o[x�k�d�s=�%���=c&amp#30;}��d�&amp#7;&amp#31;|0�d��&amp#6;ܔ=9���.&amp#26;���e��PL`�M6�K�&amp#31;x���,>���^{�UV��%&amp#21;��C�&amp#19;_�{�� }��="��
�|��ױ>K��|�&amp#31;&amp#2;Yz��&amp#2;
(��&amp#2;
(��&amp#2;
(��&amp#2;
(��&amp#2;
(��&amp#2;
(�@F&amp#1;��&amp#25;��&amp#25;[�İ���&amp#3;�Xb�,&amp#23;��㏳4�M\�L�����������n��]5`3���W���Xc��&amp#0;ۍ�)!&amp#28;%k9s(Ϟ=���&amp#14;�q�{�&amp#30;R��CYy�&amp#3;&amp#31;~��Q�Є	&amp#19;¡�]���رc��6mZ,g)L�:5K3�(��&amp#2;
(��&amp#2;
(��&amp#2;
(��&amp#2;
(��&amp#2;
(��&amp#2;
TP�xkK&amp#18;�W�G������~&amp#26;{�ҥK,�&amp#23;>���&amp#6;�h\���ӯ��z���'Ca���"}}l\���&amp#22;[���ax#F���q&amp#22;&amp#27;X�s&amp#23;;Z���o�}�7�&amp#11;/�@�����Y���&amp#22;[�}�zx(?��S�ëԉ|&amp#7;��&amp#8;����k%u���/��g����&amp#21;W\1�6f̘X�R���&amp#15;�4��&amp#2;
(��&amp#2;
(��&amp#2;
(��&amp#2;
(��&amp#2;
(��&amp#2;
(�@&amp#5;&amp#5;Z�e��������N�:�rJ���&amp#31;{챔&amp#6;�C��?�~�B�#�<&amp#18;
��(������\�&amp#27;�?���lE_�C�ckݺu(�N V�s�%�&amp#27;n�a�����)�� �di�|��W����C�n����ͽ&amp#20;;�U�1!��7�X�Y��믿>֓�?�C�U�V=z�&amp#8;�[n�e֬Y9R^>��&amp#19;)G=��&amp#2;
(��&amp#2;
(��&amp#2;
(��&amp#2;
(��&amp#2;
(��&amp#2;
(P&amp#23;&amp#2;�����E��Y�&amp#0;۫�&amp#19;�L�&amp#18;�)�뮻.�NNi�<&amp#20;�7&amp#19;n'�G"�w�}74���~�lY��d�sv���Ʊ-�䒡��&amp#23;_���/���?\�&amp#29;&amp#4;Xo=jԨ�r�&amp#29;w��`����ҙY��?�r��<�&amp#31;��;襗^z��73vȂ�7�x#4�&amp#17;$wj�=Ğ��~��Gc}z���&amp#31;~���6&amp#30;U@&amp#1;&amp#5;&amp#20;P@&amp#1;&amp#5;&amp#20;P@&amp#1;&amp#5;&amp#20;P@&amp#1;&amp#5;&amp#20;P@&amp#1;&amp#5;&amp#20;P@&amp#1;&amp#5;&amp#20;�&amp#11;&amp#1;c�u�Z~�1G:]��\Jw�ƍ&amp#27;:thJ��Ck��F�&amp#24;O�xa\&amp#23;K�u��&amp#22;�o_�5��F&amp#27;m&amp#20;��]<��S�9�䨖^z����&amp#24;6�x�۷o&amp#31;Fr�a��BϞ=WXa��h�(��C��&amp#20;&amp#24;R5dM�o��"�&amp#21;W\���Ɨ�
d����+���v�-����|��o�9c�����:ىe&amp#5;&amp#20;P@&amp#1;&amp#5;&amp#20;P@&amp#1;&amp#5;&amp#20;P@&amp#1;&amp#5;&amp#20;P@&amp#1;&amp#5;&amp#20;P@&amp#1;&amp#5;&amp#20;P@��&amp#17;�uu;����żJ&amp#22;&amp#1;&amp#18;Jw��9�����ӗA�&amp#28;9�裏��mN��
�L�&amp#15;=�P8��&amp#14;;�4��'�pB&amp#28;���&amp#31;�UWe̿M�&amp#6;�C!����}�r��J&amp#21;��&amp#30;�&amp#0;��b&amp#1;�� c�.&amp#30;J�v�����Xn�&amp#2;ϑ�[�:sb&amp#6;&amp#14;&amp#28;�>�)�a���{�&amp#25;�<8��&amp#3;VYe���IS�1ǄC�&M:��&amp#3;�^�&amp#5;�3i��&amp#11;/���
&amp#30;�R&amp#1;&amp#5;&amp#20;P@&amp#1;&amp#5;&amp#20;P@&amp#1;&amp#5;&amp#20;P@&amp#1;&amp#5;&amp#20;P@&amp#1;&amp#5;&amp#20;P@&amp#1;&amp#5;&amp#20;P�N&amp#5;~�$�W�^��K&amp#21;�kg	�&amp#30;~��cǎ��a�ԩ�&amp#7;&amp#15;>��cC&amp#26;��&amp#15;>8�'��8�f�-�&amp#12;��&�G�U�ݺu�oY�5����΋#d�k&amp#2;���~�P:Qv0�?������w�qG<��
,���&amp#11;H�Of�z�t΅b��Pϛg�M6�iS��:z(���&amp#11;��&amp#29;{����7�
�E6��ݻ�&amp#14;�����=�X�l&amp#15;��3�&amp#1;&amp#3;&amp#6;�y3L�&amp#25;4hP�H��c���;�<p�s�=W���	&amp#19;��g�8��wu�fV*��&amp#2;
(��&amp#2;
(��&amp#2;
(��&amp#2;
(��&amp#2;
(��&amp#2;
ԝ@kb�-Z���&amp#11;�s�&amp#2;�Ͷ�j+�w�ȪYB�=z�X}�����&amp#24;&amp#27;&amp#17;��W&amp#22;���W^y��2^k�E&amp#23;�*1�<g�ܹ1���|�)��&amp#27;'<��^{&amp#17;<�k��V#;��ٳ����o��2e��ѣ�O~d4&amp#30;��&amp#2;��I�&amp#30;F�<�}�ݗ&amp#4;��:u"���&amp#25;3�M�F%&amp#11;��-}����]v�>}�<�쳡O�xsU���x(��&amp#31;x��0³�:��&amp#3;�Yg&amp#29;&amp#30;4�&amp#17;7�6�l���7���l
��v��O?&amp#29;Fu��'S �ޥK&amp#23;x�&amp#14;}뭷rR�&amp#19;G'eż�ΛBMϗ\r�&amp#17;G&amp#28;���f̹!�&amp#5;w��Zk������&amp#27;�ns~&amp#8;�~��&amp#29;:tH~G�\�C
(��&amp#2;
(��&amp#2;
(��&amp#2;
(��&amp#2;
(��&amp#2;
(��&amp#2;�&amp#18;h�&amp#24;���������&amp#19;O���F�&amp#26;&amp#21;F��o_&amp#5;G{�&amp#25;g���Dm��������\߾}&amp#11;�_��[o��RK-�2��Л&amp#8;%&amp#20;�&amp#26;L8h�[#���&amp#15;>&amp#24;&amp#3;��i���b�z&amp#8;�s��K&amp#12;�W|&amp#31;��?&amp#20;&amp#22;�3S�k�	O��߾�O�M�6�&amp#25;n��D�I�N�&amp#2;�*đ&amp#16;#&amp#15;a�X&amp#19;&amp#11;��'���&amp#2;&amp#11;Ěb&amp#5;ޜ�_���&amp#27;��Ќ��K�}�Ҿ}�s�9g��׏&amp#11;���X��&amp#2;
(��&amp#2;
(��&amp#2;
(��&amp#2;
(��&amp#2;
(��&amp#2;
(PG&amp#2;f�/&amp#31;6��?}�j��`��+�Z~��&amp#11;��jWV$�U;&��رch�&amp#28;U�sC�&amp#6;&amp#27;l&amp#16;�n��K,�D|�^ �&amp#25;&amp#26;&amp#16;nLo&amp#25;��&amp#16;#Î��xJ,��g�3��	O&o�`{�O>�d�&amp#0;s�&amp#28;+�&amp#11;�P�r���&amp#11;��O��<�+��"��.ؠ�U���,&amp#23;�
�&amp#27;n�!�Z
&amp#27;o�1���5���q��`l_��&amp#18;�d��&amp#27;n�!f�&amp#23;
��&amp#31;��8����B|&amp#15;�x"�D�I&amp#23;�؊�����6l�0�{�=�&amp#15;�����A�����&amp#23;�&amp#26;Cq衇�L�X;m�p>E�&amp#30;�W@&amp#1;&amp#5;&amp#20;P@&amp#1;&amp#5;&amp#20;P@&amp#1;&amp#5;&amp#20;P@&amp#1;&amp#5;&amp#20;P@&amp#1;&amp#5;&amp#20;P@&amp#1;&amp#5;&amp#20;�������̙�%8W��xn�&amp#2;<!&amp#18;�����O?���/	�-�����H+M�鲻�D�$�y���.#�xmz��s��w�y&amp#7;4&amp#18;�3&amp#7;�ͳY+��oյ&amp#29;�&amp#0;&amp#0;@&amp#0;IDAT_&amp#4;���D��&amp#12;�G0i�$�K��L�DO�Yf���ۨ��*x�
>&amp#20;~^M�<�o&amp#7;�~��g�i�k�'KZ��?��=&amp#11;&amp#24;�̙3۶m�&amp#27;��&amp#11;�kP�oUzf�<��yK�����O���^�,&amp#8;�&)�~�R&amp#1;&amp#5;&amp#20;P@&amp#1;&amp#5;&amp#20;P@&amp#1;&amp#5;&amp#20;P�n&amp#4;����9�E�▽�-&amp#21;P@&amp#1;&amp#5;&amp#20;P@&amp#1;&amp#5;�_�ܰK��b��[��&amp#21;[&amp#16;Э����H&amp#5;n��k�����ę�l+�Ho�a+��&amp#2;
(��&amp#2;
(��&amp#2;
(��&amp#2;
Խ@�><5�^�&amp#15;�+(��&amp#2;
(��&amp#2;�&amp#18;0�^&amp#18;���K�j"��Ν{�=���a����&�\�&amp#5;&amp#20;P@&amp#1;&amp#5;&amp#20;P@&amp#1;&amp#5;&amp#20;P@&amp#1;&amp#5;&amp#20;P@&amp#1;&amp#5;&amp#20;P@&amp#1;&amp#5;&amp#20;P@&amp#1;&amp#5;&amp#20;�/&amp#1;V�&amp#27;n�/�j�Θ1c�M&amp#29;F��v�U��&amp#28;�&amp#2;
(��&amp#2;
(��&amp#2;
(��&amp#2;
(��&amp#2;
(��&amp#2;
(��&amp#2;
(�&amp#8;&amp#4;&amp#12;�7��T&amp#23;C���C�k��v�N���&amp#18;���&amp#2;
(��&amp#2;
(��&amp#2;
(��&amp#2;
(��&amp#2;
(��&amp#2;
(��&amp#2;
4a��|5����

|���O=�T84`���m�T@&amp#1;&amp#5;&amp#20;P@&amp#1;&amp#5;&amp#20;P@&amp#1;&amp#5;&amp#20;P@&amp#1;&amp#5;&amp#20;P@&amp#1;&amp#5;&amp#20;P@&amp#1;&amp#5;&amp#20;P@&amp#1;&amp#5;&amp#20;H&amp#17;�uu;�Kiᡦ'p�M7��j߾���n��n�;R@&amp#1;&amp#5;&amp#20;P@&amp#1;&amp#5;&amp#20;P@&amp#1;&amp#5;&amp#20;P@&amp#1;&amp#5;&amp#20;P@&amp#1;&amp#5;&amp#20;P@&amp#1;&amp#5;&amp#20;P@&amp#1;&amp#5;�A�e�&amp#22;-��2^�J&amp#4;�~����/&amp#12;f�=��g�y�d`&amp#14;C&amp#1;&amp#5;&amp#20;P@&amp#1;&amp#5;&amp#20;P@&amp#1;&amp#5;&amp#20;P@&amp#1;&amp#5;&amp#20;P@&amp#1;&amp#5;&amp#20;P@&amp#1;&amp#5;&amp#20;P@&amp#1;&amp#5;&amp#20;hD&amp#2;��M&߈�Wm�:jԨ�;.����&amp#11;&amp#18;n�m����&amp#2;
(��&amp#2;
(��&amp#2;
(��&amp#2;
(��&amp#2;
(��&amp#2;
(��&amp#2;
4W����ƛ�}�嗧�~���.ڡC�ٳg������n�m��mڴ�/-(��&amp#2;
(��&amp#2;
(��&amp#2;
(��&amp#2;
(��&amp#2;
(��&amp#2;
(��&amp#2;
�$`��$���xƌ&amp#25;���J�&amp#17;�r�)���+x�J&amp#5;&amp#20;P@&amp#1;&amp#5;&amp#20;P@&amp#1;&amp#5;&amp#20;P@&amp#1;&amp#5;&amp#20;P@&amp#1;&amp#5;&amp#20;P@&amp#1;&amp#5;&amp#20;P@&amp#1;&amp#5;&amp#20;P@�&amp#26;&amp#5;~��&amp#23;��5*5�&amp#6;l&amp#21;�?�%�\��SO�h���&amp#15;Y��&amp#2;
(��&amp#2;
(��&amp#2;
(��&amp#2;
(��&amp#2;
(��&amp#2;
(��&amp#2;
(�Q�p{&amp#11;�����&amp#26;��̙3'M����&amp#31;�ҽS�N�;wn߾}��&amp#11;&amp#7;��&amp#2;
(��&amp#2;
(��&amp#2;
(��&amp#2;
(��&amp#2;�&amp#14;��ԣ�s������n&amp#12;/�y��0LǨ�&amp#2;
(��&amp#2;�(��&amp#26;kT�RǴ��&amp#11;�&amp#30;/v�b1&amp#22;�@uֻ��:�KeFծ]���}U�;{Q@&amp#1;&amp#5;&amp#20;P@&amp#1;&amp#5;&amp#20;P@&amp#1;&amp#5;&amp#20;P@&amp#1;&amp#5;&amp#20;P@&amp#1;&amp#5;&amp#20;P@&amp#1;&amp#5;&amp#20;P@&amp#1;&amp#5;&amp#20;��&amp#2;�n��&amp#18;��&amp#2;
(��&amp#2;
(��&amp#2;
(��&amp#2;
(��&amp#2;
&amp#20;&amp#22;��Z�Ƹ��0��
(��&amp#2;
(�@&amp#19;&amp#21;pu{I&amp#15;�eI�m��&amp#2;
(��&amp#2;
(��&amp#2;
(��&amp#2;
(��&amp#2;
(��&amp#2;
(��&amp#2;
(��&amp#2;s��5���@&amp#1;&amp#5;&amp#20;P@&amp#1;&amp#5;&amp#20;P@&amp#1;&amp#5;&amp#20;P@&amp#1;&amp#5;&amp#20;P@&amp#1;&amp#5;&amp#20;P@&amp#1;&amp#5;&amp#20;P@&amp#1;&amp#5;&amp#20;P@��&amp#4;Z�U�&amp#25;�V@&amp#1;&amp#5;&amp#20;P@&amp#1;&amp#5;&amp#20;P@&amp#1;&amp#5;&amp#20;P@&amp#1;&amp#5;&amp#20;P@&amp#1;&amp#5;&amp#20;P@&amp#1;&amp#5;&amp#20;P@&amp#1;&amp#5;&amp#20;P@���&amp#12;��.P@&amp#1;&amp#5;&amp#20;P@&amp#1;&amp#5;&amp#20;P@&amp#1;&amp#5;&amp#20;P@&amp#1;&amp#5;&amp#20;P@&amp#1;&amp#5;&amp#20;P@&amp#1;&amp#5;&amp#20;P@&amp#1;&amp#5;&amp#20;P�d&amp#1;��%�y�&amp#2;
(��&amp#2;
(��&amp#2;
(��&amp#2;
(��&amp#2;
(��&amp#2;
(��&amp#2;
(�@3&amp#23;��_&amp#12;�7������&amp#2;
(��&amp#2;
(��&amp#2;
(��&amp#2;
(��&amp#2;
(��&amp#2;
(��&amp#2;
(P�@�&amp#22;-&amp#12;����	
(��&amp#2;
(��&amp#2;
(��&amp#2;
(��&amp#2;
(��&amp#2;
(��&amp#2;
(��&amp#2;
&amp#24;n�=��&amp#2;
(��&amp#2;
(��&amp#2;
(��&amp#2;
(��&amp#2;
(��&amp#2;
(��&amp#2;
(�@i&amp#2;s��mIB��N��&amp#2;
(��&amp#2;
(��&amp#2;
(��&amp#2;
(��&amp#2;
(��&amp#2;
(��&amp#2;
(��&amp#2;�[�%_�ۛ�{��W@&amp#1;&amp#5;&amp#20;P@&amp#1;&amp#5;&amp#20;P@&amp#1;&amp#5;&amp#20;P@&amp#1;&amp#5;&amp#20;P@&amp#1;&amp#5;&amp#20;P@&amp#1;&amp#5;&amp#20;P@&amp#1;&amp#5;&amp#20;(Y�P��&amp#17;����&amp#4;&amp#5;&amp#20;P@&amp#1;&amp#5;&amp#20;P@&amp#1;&amp#5;&amp#20;P@&amp#1;&amp#5;&amp#20;P@&amp#1;&amp#5;&amp#20;P@&amp#1;&amp#5;&amp#20;P@&amp#1;&amp#5;&amp#20;P@&amp#1;&amp#5;���������{&amp#5;&amp#20;P@&amp#1;&amp#5;&amp#20;P@&amp#1;&amp#5;&amp#20;P@&amp#1;&amp#5;&amp#20;P@&amp#1;&amp#5;&amp#20;P@&amp#1;&amp#5;&amp#20;P@&amp#1;&amp#5;&amp#20;P@��&amp#5;~]�����&amp#25;
(��&amp#2;
(��&amp#2;
(��&amp#2;
(��&amp#2;
(��&amp#2;
(��&amp#2;
(��&amp#2;
4_�_3���|&amp#1;�s&amp#5;&amp#20;P@&amp#1;&amp#5;&amp#20;P@&amp#1;&amp#5;&amp#20;P@&amp#1;&amp#5;&amp#20;P@&amp#1;&amp#5;&amp#20;P@&amp#1;&amp#5;&amp#20;P@&amp#1;&amp#5;&amp#20;P@&amp#1;&amp#5;�&amp#18;h�
��N�$&amp#5;&amp#20;P@&amp#1;&amp#5;&amp#20;P@&amp#1;&amp#5;&amp#20;P@&amp#1;&amp#5;&amp#20;P@&amp#1;&amp#5;&amp#20;P@&amp#1;&amp#5;&amp#20;P@&amp#1;&amp#5;&amp#20;P@&amp#1;&amp#5;��@�&amp#22;-Z4߻��&amp#21;P@&amp#1;&amp#5;&amp#20;P@&amp#1;&amp#5;&amp#20;P@&amp#1;&amp#5;&amp#20;P@&amp#1;&amp#5;&amp#20;P@&amp#1;&amp#5;&amp#20;P@&amp#1;&amp#5;&amp#20;P@&amp#1;&amp#5;&amp#20;(K�L�e�y�&amp#2;
(��&amp#2;
(��&amp#2;
(��&amp#2;
(��&amp#2;
(��&amp#2;
(��&amp#2;
(�@3&amp#22; �|˹s�6c&amp#1;o]&amp#1;&amp#5;&amp#20;P@&amp#1;&amp#5;&amp#20;P@&amp#1;&amp#5;&amp#20;P@&amp#1;&amp#5;&amp#20;P@&amp#1;&amp#5;&amp#20;P@&amp#1;&amp#5;&amp#20;P@&amp#1;&amp#5;&amp#20;P@��&amp#5;H$ߒ����&amp#4;&amp#5;&amp#20;P@&amp#1;&amp#5;&amp#20;P@&amp#1;&amp#5;&amp#20;P@&amp#1;&amp#5;&amp#20;P@&amp#1;&amp#5;&amp#20;P@&amp#1;&amp#5;&amp#20;P@&amp#1;&amp#5;&amp#20;P@&amp#1;&amp#5;��@��}�޽&amp#2;
(��&amp#2;
(��&amp#2;
(��&amp#2;
(��&amp#2;
(�@�&amp#4;�����Eu�u��ݻw�:���_}��Q�F�X�&amp#14;�o���cP�G1u��aÆql��_q�&amp#21;&amp#11;7�V&amp#1;&amp#5;&amp#20;�K�W^ye�ر뭷^�&amp#30;=��:��@�
�L�p{�>&amp#27;���&amp#2;
(��&amp#2;
(��&amp#2;
(��&amp#2;
(��&amp#2;�,0a�&amp#19;'~��&amp#23;ӧOoӦ�b�}u��m��&amp#22;��a������w�-��w��[s�5[�jU�&amp#1;�)�w�I&amp#15;$Rm&amp#26;��w�}��������?�&amp#24;n�����&amp#20;�&amp#14;&amp#29;:��Ҡ6�����0T�:�&amp#26;n����&amp#25;���K��ƞm��&amp#2;�]��7�&amp#24;2dȼ�Λ1�>gΜ�^{�����JK,�D���������g�I��&amp#17;�/�N�:���*�}�K������^�ҥK�Ν��Y�1���O��C�Q�p{c|j�Y&amp#1;&amp#5;&amp#20;P@&amp#1;&amp#5;&amp#20;P@&amp#1;&amp#5;&amp#20;P@&amp#1;&amp#5;&amp#20;P@&amp#1;&amp#5;&amp#26;L�&amp#15;U&amp#31;y�{�����/8��7���#�X|��&amp#11;&amp#30;m�ʏ>��&amp#27;nx�&amp#23;���&amp#11;n��G&amp#30;yd�!k�&amp#8;�q�&amp#25;_�uJ�}��gРA)&amp#26;�п���G&amp#31;}4�շ�n�&amp#19;N8!cc�)�@�&amp#18; p��2�4'5n`��7ߜu�Ycƌ�c�=v�&amp#29;v(fE���c���&amp#1;���^y�L&amp#0;�?����=P�-�����s�&amp#30;r�!{�wNe&amp#25;��{��	&amp#8;�w��&�&amp#28;�&amp#5;&amp#5;&amp#20;P@&amp#1;&amp#5;&amp#20;P@&amp#1;&amp#5;&amp#20;P@&amp#1;&amp#5;&amp#20;P@&amp#1;&amp#5;&amp#20;�&amp#15;������N;���v&amp#22;�&amp#17;���g�s�2�ز�&amp#2;�����?g?�%��&amp#30;zh��/��&amp#29;;v�������ꫯ���,�z#�c�={6��뮻.�Y�&amp#31;%)}�_4�&amp#21;K&amp#26;���,��Q�Y	|���vێ;���vn|�С�m�ٞ{�y�9�<����r��&amp#24;7nܾ��&amp#27;b��G�5o�������&amp#16;k�7,�c��Y&amp#18;��&amp#27;��>K6�\j����K~��{�1־��+��>&amp#28;����o�馜�Jm�s�/�������_I�V���{#
(��&amp#2;
(��&amp#2;
(��&amp#2;
(��&amp#2;
(�@v&amp#1;>X?ꨣb���n[l����/&amp#31;�&amp#19;���&amp#31;��M6�d�y���mI-��ǐ�=�Y,�&amp#11;a�-�����&amp#15;^j��¹�1&amp#24;�3�<ö��{�T�2n$���Ǐ'��PQar��}��&amp#5;G8���&amp#23;�o����&amp#7;��!9�ѣG&amp#19;'��/�KϞ=��H&amp#19;�|iY&amp#1;&amp#5;��&amp#0;&amp#1;ur{�#&amp#16;&amp#14;���&amp#30;�ꪫ�^{�d&amp#3;����_�5��&amp#4;.��&amp#22;~s&amp#29;��`�g;k�����/����&amp#28;����饶�'�&amp#20;�{�9~�SI���K/m߾=�iӦ1���k��r&amp#11;?�w�&amp#30;�*�}<�B�&amp#19;hm���=T�H&amp#1;&amp#5;&amp#20;P@&amp#1;&amp#5;&amp#20;P@&amp#1;&amp#5;&amp#20;P@&amp#1;&amp#5;&amp#20;P@&amp#1;&amp#5;*.�2�&amp#16;kg�8���g�\�-�I#�Wů��-r�/k,Ϙ1#�#d�ٓO>9��-w��o_5vR&amp#23;J��&amp#26;�@���6u׀)&amp#23;m۶����g��W�g���%�Fw;�&amp#27;���&amp#2;u*���&amp#24;kg�	��LޢЫW/V��/�&amp#15;?��z�8&amp#6;&�&amp#17; &amp#15;�l������_�h~�E�|�	���_�&amp#16;�ﯝw���/�`1��o��n�Lw&amp#11;��>���桇&amp#30;��2��/�8��y��0�\r	ۂ&amp#16;��A�W��]���.@��uc�&amp#7;ǯ�&amp#2;
(��&amp#2;
(��&amp#2;
(��&amp#2;
(��&amp#2;
Ե�ԩSo���p&amp#21;�&amp#6;k��f�+�&��ޛ<y�)S�ݖ�嫮��j����&amp#3;��	T&amp#16;QXo��8�Y��&amp#14;ai&amp#22;�w��u�6`u&amp#29;�m��^z�x�ꫯ��"�ė�������&amp#30;=z$c��6�2�����&amp#26;V%�/����ǎ&amp#29;�ѕVZ��I�Dʭ[��i3Q&amp#22;z`^&amp#2;����F0���7B&amp#20;��&amp#31;~��w�}GR_�K�97º�W_}��&amp#31;��Db�&amp#12;�!Y��l&amp#28;@�|"��֥K�v����H]��9s&O����`�s�p&amp#11;<q&amp#22;�'c94�5k��&amp#31;&amp#12;&amp#2;�%�aG��_C��ѐ{a�&amp#7;�&amp#31;��K��w�}�Y �&amp#11;��rd|��&amp#2;U(0r��0*���&amp#30;7�x#�v~�o��&amp#23;��9�\��ϫ�k	?��<����w�裏��~���4���G�&amp#24;�~��h��s�&amp#12;/�-�]P�j���A�lí1���:��I
&amp#18;��)�}�C�MO�p{�{�ޑ&amp#2;
(��&amp#2;
(��&amp#2;
(��&amp#2;
(��&amp#2;
TX F&amp#23;��={���p�~����&amp#29;6�M���:�͓����G�&amp#29;w&amp#28;mH��ҽ�N:)�ҥ������ʰa�b&amp#15;�ex�JA2��C�&amp#2;K���O?�4Y_�L���&amp#11;/�(s&amp#11;��&amp#4;��u�CN�#�&amp#19;&amp#2;�O=�&amp#20;��s�w�m7���x&amp#14;�&amp#1;8ˍ0ɀ&amp#16;N�e�i
��~:!�x&amp#21;v&amp#2;&&amp#26;&amp#29;^RH��w�}A�Ֆw�qG�
xV1&amp#18;;aQf쭎
���;��6`$�.�l�B&amp#15;<�&amp#0;�'��f�m�����z&amp#11;O�&amp#28;$&amp#27;S�x��-���_f7�=&amp#31;�Vg�u&amp#22;{9'&amp#7;�T����cǎ�&amp#27;!'[ZV@��&amp#21;��ј�Up��X;&amp#8;��s��&amp#7;&amp#31;�k���]&amp#16;O/x.��F����ϟ׵��K3��&amp#31;������R�&amp#23;�n̹��&amp#27;�7�h���Zvfw��&amp#12;Jm�ߧ5MI�eS�&amp#25;�E&amp#1;&amp#5;&amp#20;P@&amp#1;&amp#5;&amp#20;P@&amp#1;&amp#5;&amp#20;P@&amp#1;&amp#5;&amp#20;P@&amp#1;&amp#5;&amp#20;�&amp#11;��&amp#5;��&amp#15;<����'n&amp#29;B&amp#11;DX{��&amp#29;V��&amp#3;+���bˡ&amp#24;k'�@H��$�����r�:��Uli;-9&amp#20;Na�v�Η4�R&amp#27;�{�!�N�{��֊���=�Y�&amp#29;:�r#�~�9��	�&amp#16;�&amp#14;7º��&amp#3;&amp#7;&&amp#3;�LY�"�6�pJ�q��u8�N&amp#24;[�>}&amp#8;�p
&amp#19;&amp#26;�^&amp#16;�&amp#8;�=�E�&amp#7;qꩧ����&amp#19;}�W!-s���&amp#14;&amp#1;*ֳ�1+Gc�&amp#29;�&amp#24;���ظ&amp#30;
&amp#25;	��x��a]p�&amp#5;aIk&amp#24;&amp#30;	&amp#15;���d�k~��z�&amp#11;/��&amp#2;�&amp#23;�?�b6�&amp#26;�$7;��ü+־���h����:�&amp#20;l�&amp#18;y��!>&amp#28;-�}�>���&amp#0;�Xc��6�2�L+�}~��4&amp#25;&amp#1;ބ�no2O�&amp#27;Q@&amp#1;&amp#5;&amp#20;P@&amp#1;&amp#5;&amp#20;P@&amp#1;&amp#5;&amp#20;P@&amp#1;&amp#5;&amp#20;P@�:&amp#17;���&amp#24;�M����b&amp#4;&amp#29;&amp#15;:� "�$���	>�?��cY���ϒ'|�&amp#21;V��'��fE�&amp#1;&amp#7;&amp#28;&amp#16;��f&amp#0;a�`\&amp#26;N!�b/������o&amp#28;=�ø.�	x&amp#23;k\�zb&amp#15;��)��&amp#18;�ړx�&amp#21;�$&amp#15;'R��&amp#19;O�S<�����7r�m���{��&amp#19;�mӦ'�&amp#16;W�&amp#19;�e	u��^v�e&amp#28;%��z���_?��sn�����&amp#15;&amp#24;&amp#0;[&amp#11;�u��}���KiIW��vZ�)&amp#21;ٳgO�.s-R&amp#23;0&amp#5;�2��&amp#17;ש��3D��'�&amp#20;gc&amp#28;��}���&�>��I�^����avC&@�&amp#25;��\t�E<���e�Iت���&amp#15;_e�Uj��&amp#20;P�:&amp#5;��믿�&amp#31;ba{�J��r��b;}�\%�&amp#29;Jm_l�1|&amp#30;~��4��q��R��t�˦$��'�noJ&amp#15;�{Q@&amp#1;&amp#5;&amp#20;P@&amp#1;&amp#5;&amp#20;P@&amp#1;&amp#5;&amp#20;P@&amp#1;&amp#5;&amp#20;P@��&amp#11;��v�4��&amp#26;/��?�a�����v�/��b��É�l.�&amp#3;�v&amp#22;:���s&amp#18;�&amp#22;<�X��;�L�9&amp#28;%&amp#20;�뮻����u�u���裏��vN!�z�嗇s	��&amp#5;�齑�>�kgc���>;��9&amp#5;�&amp#29;v��&amp#19;N�L���uz?ɣ$	�+r��X;Gɇ&amp#31;��7|�q&amp#25;e�Γ#=��,�Ʌ�<�pE&@�w&amp#0;&amp#23;�N��@aРA�M
���a0���>&amp#14;&amp#27;� �hS&amp#25;C-���&amp#12;I��N;q-d&amp#30;~�a
$W����)�4��&amp#5;�&amp#30;�'*�@�&amp#11;0K,&r�&amp#23;
S�&amp#24;&amp#18;�����O�&amp#31;[&amp#12;��&amp#31;�9}��o���C����-����&amp#11;n-�n)�%��B����B&amp#22;��&amp#0;�%&amp#24;noz��;R@&amp#1;&amp#5;&amp#20;P@&amp#1;&amp#5;&amp#20;P@&amp#1;&amp#5;&amp#20;P@&amp#1;&amp#5;&amp#20;P@�J
����q�喫H�+��b�g�ԩ�&amp#29;&amp#18;�g�����jH�~���&amp#19;��&amp#19;����[&amp#7;&amp#12;&amp#24;�����Ǘ�g��X���Q7�&amp#22;Zh�&amp#16;[%�o�&amp#24;�N�L��y&amp#6;�	&amp#8;۱?��c&amp#5;�QRe�Νi?y���*ؘE��_�ƍc�[lϳ`	{xɾ洿��kyI~����;6�&amp#16;6	f&amp#19;���d��)&amp#23;3$�&amp#2;�g���gQ{H#ϛ��&amp#7;���znǑ(�@&amp#22;&amp#1;~d1&amp#25;(9���Z�ab.&amp#17;q�,=&amp#20;k&amp#19;�������������Ů&amp#27;V���/&amp#5;ۄCq�]��&amp#11;�ie�&amp#17;0�|�y�ވ&amp#2;
(��&amp#2;
(��&amp#2;
(��&amp#2;
(��&amp#2;
ԉ�&amp#2;&amp#11;,&amp#16;�e��/��n2�&amp#19;���&amp#24;�O.}�=o���q��XY�&amp#2;k�ȵN �5�|�mq_����l&amp#16;^p1_�W\}������ĒɝNs&amp#11;���gu{8��ƽd�g���&amp#17;#�6?{���;y��2&amp#17;&amp#26;F��?Κ5���i&amp#28;��~V�QV~3&amp#15; �ͯ+��w�&amp#27;3-�&amp#1;��"Ь��&amp#20;"Ф^O>�&amp#16;��&amp#16;&amp#11;�sNϿD��d1$T������&amp#3;&amp#15;d��h&amp#16;��&amp#6;��<h�1{Q&amp#5;&amp#20;�����nJ&amp#30;��_~�l&amp#28;a�&amp#21;~��w�/��`���.&amp#23;�;)6/''QJ�틍��_�a�~��\j�b׵�i&amp#8;&amp#24;no&amp#26;�ѻP@&amp#1;&amp#5;&amp#20;P@&amp#1;&amp#5;&amp#20;P@&amp#1;&amp#5;&amp#20;P@&amp#1;&amp#5;&amp#20;P@��&amp#18;�&amp#1;�&amp#24;	�~%�t&amp#19;�~�&amp#23;�f�YN�&amp#18;���ON&amp#27;2�&amp#19;t&amp#31;8p �&amp#15;&amp#29;:t̘14���Y)H����e��J9�<?�&amp#20;\ʟӘ�&amp#1;� 4_�G�Yz�C=&amp#29;f�7@`���c�w&amp#22;��>��?*v"�����Ԑe��&amp#14;dY&amp#15;��&amp#29;w\��P&amp#19;����ۀ/�0\u�UY�~�5ׄa3�|�x&amp#11;^Z&amp#1;&amp#5;*+����6ڈ�������iCo��&�&amp#24;<x0�;�)�rq}���~[����<�,�}�>�&amp#12;���l��f�)	�;ڷo&amp#31;&amp#14;��>�C_6%&amp#1;�N&amp#26;noJ&amp#15;�{Q@&amp#1;&amp#5;&amp#20;P@&amp#1;&amp#5;&amp#20;P@&amp#1;&amp#5;&amp#20;P@&amp#1;&amp#5;&amp#20;P@��&amp#11;����؄�'N��g�Ŗ��_�U�W]uU�'zڡC�E&amp#22;Y�u�&amp#4;�c}N�]�v95&amp#21;|ɽ�y6_Ç&amp#15;��_�J����?��Ơx�׊9&amp#0;rz�	���Nrڇ��&amp#5;&amp#23;ʇ�$�&amp#15;&amp#5;V��[����ӏ8�8݁(�2�,C��&amp#2;s&amp#14;�&amp#5;W
vU�J�?$`��vb�9��!�m�6�PC�,�p�5ֈc^m��bق&amp#2;
41���_�<&amp#22;lV�n�����?_^��_�A�د�X�&amp#28;2Z�ھ&amp#24;{���%�ڊ��<��,&amp#22;2��]Yhz&amp#2;�ee���=V�H&amp#1;&amp#5;&amp#20;P@&amp#1;&amp#5;&amp#20;P@&amp#1;&amp#5;&amp#20;P@&amp#1;&amp#5;&amp#20;P@&amp#1;&amp#5;*,��
+�x-�qw��5K��A&amp#30;b�#a;�pǀ4˗S��Y:�}�]vم�ԇ&amp#27;FW&amp#31;~�a�p{&amp#12;&amp#3;&amp#23;�:&amp#17;ق�1s~Ƶ�!�����l�&amp#23;�Q����tr�'�g׷o�=��c�W��/��b��Ǘ�S`���o�9^�M�Y&amp#6;&amp#26;�!S&amp#31;�&amp#4;���&amp#30;�P�!9繻8<�{����9&amp#30;���&amp#2;MC���!���;�wG�0d.&amp#20;��b{���&amp#16;&amp#20;/�}�Q���W_}��7��pb\L_j�b׵�i&amp#8;�l&amp#26;��](��&amp#2;
(��&amp#2;
(��&amp#2;
(��&amp#2;
(��&amp#2;u'�&amp#6;��뮻.�UF�&amp#28;&amp#25;Z^x�l�&amp#29;c�T�l�&amp#25;���fݺu&amp#11;=�&amp#0;v�&amp#16;��c9&amp#22;�M�&amp#22;���&amp#24;&amp#2;�9&amp#20;�Zj��C&amp#5;_ƨ|&amp#12;o�4#?��ю�&amp#6;ɗ�'O&�Mi�O:�d����U�:-���&amp#15;�h&amp#30;.���{S 	3;&amp#31;'/&amp#26;s�3&amp#31;"Y�P�٢��/�d��b&amp#16;&amp#6;��g���P7�u&amp#21;P�.&amp#4;���&amp#26;�6O�z�Aͦ&amp#27;���i�&amp#15;�0Y-�ü��9}��1��~+���+�ǟϥ���Ӛ�$`��)=M�E&amp#1;&amp#5;&amp#20;P@&amp#1;&amp#5;&amp#20;P@&amp#1;&amp#5;&amp#20;P@&amp#1;&amp#5;&amp#20;P@&amp#1;&amp#5;�D`�w&amp#14;k�ؘ�]��\�u�4c�&amp#30;��sڗ��/汏����\��&amp#25;3f��1.&amp#18;&amp#3;�!J��۫���S�|I�8F֓��?�xx&amp#25;�&amp#20;�L�&amp#17;&amp#18;݇��=�X��P&���3�PF5v�K�&amp#12;�1�&amp#19;&amp#26;��	&amp#19;&�rϞ=��$&amp#3;p�����P���+C&amp#16;����&amp#7;&amp#31;ܻwo.:dȐ�-9�y�P��#�0�z&amp#24;U�%�3��G��6�&amp#12;&amp#26;4�&amp#4;&amp#15;\�o
rM�_Σ
(P�&amp#2;W\qŽ�ޛ?o���&amp#14;{�0��í�&amp#27;�&amp#6;'�������&amp#31;�!���[o&amp#29;&amp#15;��>��,���:���Q����&amp#28;*��L��PSj��>�i2&amp#2;�&amp#11;1��d��7��&amp#2;
(��&amp#2;
(��&amp#2;
(��&amp#2;
(��&amp#2;u%@��?���SN9e�Сs��M�X&amp#8;]&amp#19;&amp#24;���ОHv2�xz'9Gc��W^y%�P����}�x-�v���,�&amp#6;�&amp#16;#�O?�tN�,&amp#4;���r*s^�q�&amp#29;95�N&amp#8;+&amp#5;7�pøl�6)7��&amp#6;&amp#27;�`3qٜ�?�h��|�Ğ{֒K.�K�sB�as_&amp#14;�������o�喸&amp#29;oΡ:zI�&amp#30;z��7�tS�C���=��p�$]��&amp#31;h@�{���n���R&amp#7;3k�,�B>�O?���s&amp#11;�/Ðw�9�Co<�#�<��n��&amp#22;�)��뭷
^�J&amp#5;&amp#20;h&amp#20;&amp#2;�G�&w&amp#5;��;���&amp#31;>b�&amp#8;�ͷ�a�&amp#29;&amp#22;V�3kj��/�^6�|�p��W_��O?�~�uFMx����>֗ھ�&amp#15;I�l��N���������>���/s�����7_�n���h-4=&amp#1;~����k���yG
(��&amp#2;
(��&amp#2;
(��&amp#2;
(��&amp#2;
(P	��S;9=���&amp#28;�����u�z��J+&amp#17;&$�6�&��rdv%&amp#15;��>����&amp#31;}�Q�ͬ&amp#20;_q�&amp#21;iÆ�,���)&amp#4;&amp#29;��=+�O;�o��6�z�^��\s�P&N&amp#28;b�D&amp#17;�_~�P��_N|�'�$�ڡC�e�Y�&amp#1;�&amp#26;�����&amp#7;YUL&amp#16;�&amp#28;�l�M܂pŤI��z�)�!���v�ŸE�6m&amp#8;�&amp#16;�e�t�0�g@����O��o��6J.ُ!���ǳt�͹	!s�,C�0��O?=�ةI�&amp#17;6�e�&amp#2;W�r��cǎ��e˖���XR&amp#25;��w�҅&amp#24;Or�:�&amp#24;����S�N,R$�=q&amp#17;F���+N�8�����?��cV�'g&amp#15;�����~�Z���+�&amp#28;&amp#15;�&amp#23;x�2��&amp#22;Z�&amp#17;�qJ�x��&amp#29;<x07����<���@�q�	!�-��"\b��W��@�&amp#27;o�A}�v�Z�nM<���Ç&amp#15;�f�5֠e��&amp#12;�!BݜH�"^�p��O�-{&amp#31;��
#�&amp#12;�$Cv"`�~xw]t�E<A:��{��w�}7e&��+���׵��&amp#2;�)��&amp#23;~�26~F��=9o���G&amp#29;u�!�&amp#28;&amp#18;2�&amp#20;&amp#28;?����,~��.�?&amp#28;��B&amp#26;&amp#24;:��"�,�&amp#15;s~2&amp#19;k&amp#15;&amp#19;����3$�Xj�b?$��z�]w�-�g�A��gV�������&amp#11;�:��������q�����ʲ�Y��&amp#24;˺z��Ժ���&amp#21;P@&amp#1;&amp#5;&amp#20;P@&amp#1;&amp#5;&amp#20;P@&amp#1;&amp#5;&amp#20;P@&amp#1;&amp#5;&amp#20;P@��#@���K/���;���|��W�����&amp#19;*Y~}���&amp#19;�`U\X&amp#24;&amp#23;&amp#27;����=��X������&amp#19;K&rLt��c�	g����e�]Rz ��W�&amp#6;,:��Ѐ������YW����&amp#29;�S2�&amp#15;&amp#24;0�&amp#0;6s&amp#14;�ʹ&amp#22;��dx���7�
BpX|�&amp#30;�&amp#19;rz[m��N=��d��&amp#6;��r�&amp#2;����|�D_e�U&amp#8;��t&amp#2;�\rI�+B)��{�+�<Tj���xLι�1&amp#6;r!�{�!(�&amp#20;��^�Ƽa���K�x��&amp#3;&amp#15;<Я_?*&amp#25;&amp#27;+��"��&amp#12;�0� �̰c9�&amp#16;�Wdn��T�oSR�-���n&amp#11;;)�9}X�&amp#30;.Gh�0���O$����O��Q�X&amp#1;&amp#5;&amp#26;J��Ϟ>}:&amp#19;z�&amp#1;��*fG�-O�x~�u��5%О}�L&amp#20;cV&amp#22;?�XI�W�D~}�$YC����~H����k�e^&amp#20;?�/�천K\x��0OV��>y��$��Z��4�[�^&amp#20;P@&amp#1;&amp#5;&amp#20;P@&amp#1;&amp#5;&amp#20;P@&amp#1;&amp#5;&amp#20;P@&amp#1;&amp#5;&amp#20;P@�:&amp#18; ���gb��&amp#26;K�;�*D�	&amp#6;�z����}܉<T�җ�ᄴC&amp#24;2&amp#25;
���de�%&amp#24;�&amp#5;&amp#23;\��g�&amp#18;4�ē�7�G��&amp#21;&amp#3; �@� ��M6لY&amp#5;9w&amp#23;"������+�O�h���&amp#3;	o&amp#19;&amp#8;I^��\��k�2��r#P&amp#16;���Zk��<�&amp#12;&amp#1;��&amp#31;�&amp#29;�[n�d=奖Z���,�Lևq&amp#18;�>�#&amp#8;`�C�	r3ڰ�o�&amp#16;m�,�&amp#19;�(�1�L���^�t&F�-?�&amp#31;ҭskT��E��(k���@$>9<�&amp#27;o���&amp#27;�&amp#20;|��&amp#8;7-K���8��f7$/B����?��&amp#3;r�&amp#20;pFE%ۺ�k�i�K&amp#5;&amp#20;�f&amp#1;~��6�%��x&amp#15;ۙ�kb�����&amp#23;�M,�!�&amp#7;3���&amp#19;�c�&amp#6;��g�����&amp#29;)�}�&amp#15;IR�\u�U$�I&amp#14;�߹,���{�2�Km�߃5M@�ߞ-�̙&amp#19;�6�[�&amp#22;&amp#20;P@&amp#1;&amp#5;&amp#20;P@&amp#1;&amp#5;&amp#20;P@&amp#1;&amp#5;&amp#20;P@&amp#1;&amp#5;&amp#20;P��&amp#2;�	EK�&amp#15;&amp#31;V�Vzx�&amp#31;I�I�N6]�ܒ�6��珆%zd��cXB&amp#5;�A���YjH�K"q&amp#6;@��&amp#16;�M?뫯�"�<��	����HIJ�#tE{�;"�]ҰY�ŉ�-���x#dP�N�c&amp#29;!	��o��e���Y��m۶���$�~�{G,&amp#6;�c�j.���&amp#21;���&amp#22;�5&amp#14;��&amp#7;8&amp#16;&amp#3;+�����b&amp#26;�a���^&amp#1;&amp#5;j)p�727��8_�������w(s��yA
�&amp#12;�Y���C�_da&amp#17;<;k�����>e�Ur(9ӫ�!U�/�R.��m�ۣ���&amp#27;�!xy&amp#5;&amp#20;P@&amp#1;&amp#5;&amp#20;P@&amp#1;&amp#5;&amp#20;P@&amp#1;&amp#5;&amp#20;P@&amp#1;&amp#5;�]�b&amp#31;�6�p{�?7ǧ�&amp#2;
(�@&amp#29;&amp#11;���|�,v/����/n�u%`�=�����V�T@&amp#1;&amp#5;&amp#20;P@&amp#1;&amp#5;&amp#20;P@&amp#1;&amp#5;&amp#20;P@&amp#1;&amp#5;&amp#20;P��
&amp#24;no���&amp#27;W@&amp#1;&amp#5;&amp#20;P@�f'`�=�#�u�v���&amp#4;[*��&amp#2;
(��&amp#2;
(��&amp#2;
(��&amp#2;
(��&amp#2;
(��&amp#2;
(��&amp#2;
(�&amp#0;����%�&amp#2;
(��&amp#2;
(��&amp#2;
(��&amp#2;
(��&amp#2;
(��&amp#2;
(��&amp#2;
(��&amp#2;
�$�ҽ�K�&amp#2;
(��&amp#2;
(��&amp#2;
(��&amp#2;
(��&amp#2;
(��&amp#2;
(��&amp#2;
(��&amp#2;&amp#8;�lѢ�&amp#16;
(��&amp#2;
(��&amp#2;
(��&amp#2;
(��&amp#2;
(��&amp#2;
(��&amp#2;
(��&amp#2;
(P����Kⲱ&amp#2;
(��&amp#2;
(��&amp#2;
(��&amp#2;
(��&amp#2;
(��&amp#2;
(��&amp#2;
(��&amp#2;��D�-�Ν��&amp#2;
(��&amp#2;
(��&amp#2;
(��&amp#2;
(��&amp#2;
(��&amp#2;
(��&amp#2;
(��&amp#2;
d&amp#23; �|K���`K&amp#5;&amp#20;P@&amp#1;&amp#5;&amp#20;P@&amp#1;&amp#5;&amp#20;P@&amp#1;&amp#5;&amp#20;P@&amp#1;&amp#5;&amp#20;P@&amp#1;&amp#5;&amp#20;P@&amp#1;&amp#5;&amp#20;P@&amp#1;&amp#5;&amp#20;@�X�o&amp#3;&amp#5;&amp#20;P@&amp#1;&amp#5;&amp#20;P@&amp#1;&amp#5;&amp#20;P@&amp#1;&amp#5;&amp#20;P@&amp#1;&amp#5;&amp#20;P@&amp#1;&amp#5;&amp#20;P@&amp#1;&amp#5;&amp#20;P@&amp#1;&amp#5;J&amp#19;�5�|ig�Z&amp#1;&amp#5;&amp#20;P@&amp#1;&amp#5;&amp#20;P@&amp#1;&amp#5;&amp#20;P@&amp#1;&amp#5;&amp#20;P@&amp#1;&amp#5;&amp#20;P@&amp#1;&amp#5;&amp#20;P@&amp#1;&amp#5;&amp#20;P@�f/`��ٿ&amp#5;&amp#4;P@&amp#1;&amp#5;&amp#20;P@&amp#1;&amp#5;&amp#20;P@&amp#1;&amp#5;&amp#20;P@&amp#1;&amp#5;&amp#20;P@&amp#1;&amp#5;&amp#20;P@&amp#1;&amp#5;&amp#20;P@&amp#1;&amp#5;&amp#20;(]���K7�&amp#12;&amp#5;&amp#20;P@&amp#1;&amp#5;&amp#20;P@&amp#1;&amp#5;&amp#20;P@&amp#1;&amp#5;&amp#20;P@&amp#1;&amp#5;&amp#20;P@&amp#1;&amp#5;&amp#20;P@&amp#1;&amp#5;&amp#20;P@�f/���v���&amp#29;&amp#4;P@&amp#1;&amp#5;&amp#20;P@&amp#1;&amp#5;&amp#20;P@&amp#1;&amp#5;&amp#20;P@&amp#1;&amp#5;&amp#20;P@&amp#1;&amp#5;&amp#20;P@&amp#1;&amp#5;&amp#20;P@&amp#1;&amp#5;&amp#20;P�4��-Z�(�&amp#12;[+��&amp#2;
(��&amp#2;
(��&amp#2;
(��&amp#2;
(��&amp#2;
(��&amp#2;
(��&amp#2;
(м&amp#5;&amp#8;��l�&amp#2;޽&amp#2;
(��&amp#2;
(��&amp#2;
(��&amp#2;
(��&amp#2;
(��&amp#2;
(��&amp#2;
(��&amp#2;�&amp#8;&amp#24;n/G�s&amp#20;P@&amp#1;&amp#5;&amp#20;P@&amp#1;&amp#5;&amp#20;P@&amp#1;&amp#5;&amp#20;P@&amp#1;&amp#5;&amp#20;P@&amp#1;&amp#5;&amp#20;P@&amp#1;&amp#5;&amp#20;P@&amp#1;&amp#5;�����f�&amp#6;��&amp#21;P@&amp#1;&amp#5;&amp#20;P@&amp#1;&amp#5;&amp#20;P@&amp#1;&amp#5;&amp#20;P@&amp#1;&amp#5;&amp#20;P@&amp#1;&amp#5;&amp#20;P@&amp#1;&amp#5;&amp#20;P@&amp#1;&amp#5;J&amp#22;��_&amp#12;����	
(��&amp#2;
(��&amp#2;
(��&amp#2;
(��&amp#2;
(��&amp#2;
(��&amp#2;
(��&amp#2;�\�p{3&amp#3;x�
(��&amp#2;
(��&amp#2;
(��&amp#2;
(��&amp#2;
(��&amp#2;
(��&amp#2;
(��&amp#2;�&amp#8;�䫜�<G&amp#1;&amp#5;&amp#20;P@&amp#1;&amp#5;&amp#20;P@&amp#1;&amp#5;&amp#20;P@&amp#1;&amp#5;&amp#20;P@&amp#1;&amp#5;&amp#20;P@&amp#1;&amp#5;&amp#20;P@&amp#1;&amp#5;&amp#20;P@��-`��y?�^&amp#1;&amp#5;&amp#20;P@&amp#1;&amp#5;&amp#20;P@&amp#1;&amp#5;&amp#20;P@&amp#1;&amp#5;&amp#20;P@&amp#1;&amp#5;&amp#20;P@&amp#1;&amp#5;&amp#20;P@&amp#1;&amp#5;&amp#20;P�,&amp#1;��e�y�&amp#2;
(��&amp#2;
(��&amp#2;
(��&amp#2;
(��&amp#2;
(��&amp#2;
(��&amp#2;
(�@3&amp#22;�;w���f���u&amp#5;&amp#20;P@&amp#1;&amp#5;&amp#20;P@&amp#1;&amp#5;&amp#20;P@&amp#1;&amp#5;&amp#20;P@&amp#1;&amp#5;&amp#20;P@&amp#1;&amp#5;&amp#20;P@&amp#1;&amp#5;&amp#20;P@��&amp#4;ܻ�,6OR@&amp#1;&amp#5;&amp#20;P@&amp#1;&amp#5;&amp#20;P@&amp#1;&amp#5;&amp#20;P@&amp#1;&amp#5;&amp#20;P@&amp#1;&amp#5;&amp#20;P@&amp#1;&amp#5;&amp#20;P@&amp#1;&amp#5;&amp#20;h�&amp#2;�no�o&amp#1;&amp#1;&amp#20;P@&amp#1;&amp#5;&amp#20;P@&amp#1;&amp#5;&amp#20;P@&amp#1;&amp#5;&amp#20;P@&amp#1;&amp#5;&amp#20;P@&amp#1;&amp#5;&amp#20;P@&amp#1;&amp#5;&amp#20;P@&amp#1;&amp#5;J&amp#23;0�^��g(��&amp#2;
(��&amp#2;
(��&amp#2;
(��&amp#2;
(��&amp#2;
(��&amp#2;
(��&amp#2;
4o�_~��p{�~&amp#11;x�
(��&amp#2;
(��&amp#2;
(��&amp#2;
(��&amp#2;
(��&amp#2;
(��&amp#2;
(��&amp#2;�&amp#11;�h��p{�l���&amp#2;
(��&amp#2;
(��&amp#2;
(��&amp#2;
(��&amp#2;
(��&amp#2;
(��&amp#2;
(��&amp#5;Z7{��&amp#3;�����'��z���ӧ��Z�JÇ&amp#15;�8q�2�,3`��Bǭk&amp#22;&amp#2;&amp#15;?���۶mۃ&amp#14;:�Yܰ7��&amp#2;
(��&amp#2;
(��&amp#2;
(��&amp#2;
(��&amp#2;
(��&amp#2;
(�@�&amp#4;�Νۚ&amp#0;0��+�gs�iΜ9o���g�}6u����n�E&amp#23;]|��	f���ڭZ�
"8&amp#15;&amp#25;2�2�&amp#30;n��'_z�5�\�R��q��͘1�M�6ݺuKy&amp#7;�&amp#29;;��&amp#31;�A˖-{���2&amp#28;���&amp#15;����P�޽�&amp#2;&amp#11;,P�)6�.0jԨG&amp#30;y�}���۳��R&amp#1;&amp#5;&amp#20;P@&amp#1;&amp#5;&amp#20;P@&amp#1;&amp#5;&amp#20;P@&amp#1;&amp#5;&amp#20;P@&amp#1;&amp#5;&amp#20;P@&amp#1;&amp#5;&amp#20;P@� @��p{��&amp#12;����&amp#14;&amp#29;:lذ�ӧ�w���&amp#11;n����&amp#31;����&p�������+�)&amp#18;�P�D�)�<FD��,���<UfB2+S���Q�&amp#12;�B�2&amp#23;!�DQ)J(��\�����k������󜳟�~��y��^��^�Y{��s]׽g�� 堠o��6����裏�2����;A�s�9��;o��&amp#24;���N�ӟ�&amp#12;��{�.�=%&amp#1;	H@&amp#2;&amp#18;��&amp#4;$ &amp#1;	H@&amp#2;&amp#18;��&amp#4;$ &amp#1;	H@&amp#2;&amp#18;��&amp#4;$ &amp#1;	H`�&amp#17;��zJ$���߀u���O��.���o�y�2�,��G&amp#14;
�������@�o��6f��V_}��&amp#19;���+���?��OSko߬%% &amp#1;	H@&amp#2;&amp#18;��&amp#4;$ &amp#1;	H@&amp#2;&amp#18;��&amp#4;$ &amp#1;	H@&amp#2;&amp#18;��&amp#4;$ &amp#1;	L&amp#28;&amp#2;���'�?��&amp#15;�l�I��x���D;�u�Y#z<!�o��f"uo��}v0�TC8g�@Xr�%ۏ�&amp#7;?��&amp#14;;�𶷽�S�+����)�% &amp#1;	H@&amp#2;&amp#18;��&amp#4;$ &amp#1;	H@&amp#2;&amp#18;��&amp#4;$ &amp#1;	H@&amp#2;&amp#18;��&amp#4;$ &amp#1;	�.&amp#1;���&amp#17;�{t&amp#7;19�&amp#14;����?���~��&amp#23;^x�g?���f�-wj��߽��~��&amp#31;��&amp#7;'�	�&amp#31;3�&amp#5;x�S~�5�x�[�ڦ"{�S&amp#12;z��zk���&amp#4;��&amp#2;g�p�b�K@&amp#2;&amp#18;��&amp#4;$ &amp#1;	H@&amp#2;&amp#18;��&amp#4;$ &amp#1;	H@&amp#2;&amp#18;��&amp#4;$ &amp#1;	H@&amp#2;&amp#18;&amp#24;&amp#21;&amp#2;o��n0�>�_����w&amp#31;&amp#21;q�>��&amp#19;��f�^&amp#27;y��~��_��&amp#23;�`/�g�����|��7�&amp#20;Stj&amp#7;g�'�x◿�%���>�!v1�q�&amp#25;;&amp#21;�&amp#26;෿���k�x��W�������|?��Sw�&amp#18;������&amp#30;�sW,���i=Х�u�]&amp#23;gWYe�.��S�-�&amp#28;cCn���>��O��2}��F�3��&amp#12;�2�� ���O>�L_|��9�&amp#19;���g��>���&amp#31;&amp#15;<���SN��"��&amp#8;A�&amp#31;}�џ����&amp#1;>��g�z�ӅB�a�&amp#25;:5�|i��>�Otq��&amp#24;�SO=Ōح���|�\o~��~�&amp#28;L&h������_D�&amp#7;&amp#23;�o�e��^�d˃�&amp#31;�[�&amp#6;&amp#25;$�&amp#15;�n�mL�&amp#26;�&amp#31;{�g�y�&amp#3;&amp#31;�@ ��&amp#5;#�0̹�i��&amp#29;w���G�ؠL;���)&amp#1;	H@&amp#2;&amp#18;��&amp#4;$ &amp#1;	H@&amp#2;&amp#18;��&amp#4;$ &amp#1;	H@&amp#2;&amp#18;��&amp#4;$ �&amp#1; 0%&amp#30;�]T�&amp#1;�ᄘ�&amp#15;��hv�w�UkG��&amp#29;�����?����O)�F&amp#1;Tϣ�:����~���{�&amp#3;}����<��&amp#3;P�+�?o��Fz���!*��&amp#31;&amp#30;&amp#29;���j!K��N�K/��Sȱ���&amp#17;�i��/�뮻&amp#16;�C���&amp#31;�Xj��&amp#26;e�(&amp#12;�o���~��?��C&amp#15;=�`&amp#3;e>���;�HΏ��.����Y�+��&amp#2;H���wU���_�~���Lݫ���.H� &amp#5;�h�K�]n��&amp#7;��{����&amp#4;�g�q&amp#12;�&amp#14;X{`&amp#24;q�I'�s�9�&amp#29;w\&amp#14;&amp#30;˃��&amp#24;�׿���c����&amp#31;?�TS�a%�5�^{�Ť�|&amp#2;9&amp#0;�r�N8�&amp#4;���n��/|a�}��я~�UV]u�L���&amp#4;$ &amp#1;	H@&amp#2;&amp#18;��&amp#4;$ &amp#1;	H@&amp#2;&amp#18;��&amp#4;$ &amp#1;	H@&amp#2;&amp#18;���&amp#17;&amp#24;W�k&amp#7;o�#;#&amp#28;�#|:�*&amp#17;�{m&amp#28;����ѿ&amp#23;|�&amp#19;~��^��n��e�����=Sl�E&amp#23;E��&amp#2;�x�S&amp#22;&�X�&amp#6;�Z�,�̂+|��n&amp#23;��2���&amp#17;�3�iE٭t&amp#20;�HȸM�^{�&amp#27;&amp#11;4f���+)��e`��,��$p��pc#D��h��RkGb�e����s��\\�z]D������,��&amp#18;i%�u9��#+�����:�CE�i��J&amp#11;&amp#28;�(�v<��{{�&amp#31;?��_�rh��]\2�&amp#24;�ATm&amp#20;w�"����⪫�J���N�Yg������&amp#18;2z��/&amp#30;&&amp#5;p(����/�|�-�&amp#8;���&amp#7;J���C&amp#15;=�&amp#31;W�,O���?�òA�s-p��&amp#20;�P&amp#2;&amp#18;��&amp#4;$ &amp#1;	H@&amp#2;&amp#18;��&amp#4;$ &amp#1;	H@&amp#2;&amp#18;��&amp#4;$ &amp#1;	H@&amp#2;�D���� Mrd�r#�ww&amp#1;�������(�8�����Q&amp#0;M��&amp#3;&amp#15;��SW\q�z뭗&amp#21;�>��&amp#16;�7�x���.6G�#&amp#28;?lD�K.�&amp#4;�s�y��#yƎ���o�}xޣѢ�O7�t�l=q�i��w�y䣭&amp#30;t�A�.��Z��:�+��b�l�����&amp#31;��Gp�&&amp#8;����=&amp#4;抴�WR&amp#23;JK.�$@&amp#26;�9����B&amp#16;�&amp#30;��w��&amp#29;&amp#20;��&amp#28;�&amp#1;��I3&amp#11;d�z�|P�a&amp#31;r�!)�&amp#19;�&amp#29;�&amp#25;���_��&amp#23;Q�ǖ�q�?��S��h&amp#1;��#���)V9U&amp#30;��&amp#19;]�&amp#28;&��Yf�8K>w&amp#11;�F�gv��&amp#17;&amp#5;������H&amp#2;E��Y�@�?L
w�&amp#16;�)	v(ŭ&amp#18;�����&amp#7;&amp#31;|0�H��&amp#31;p�H&amp#3;��&amp#3;&amp#15;����[�� V&amp#1;	�g
&amp#31;��ǹ�T���P&amp#2;&amp#18;��&amp#4;$ &amp#1;	H@&amp#2;&amp#18;��&amp#4;$ &amp#1;	H@&amp#2;&amp#18;��&amp#4;$ &amp#1;	H@&amp#2;�D&amp#0;El&amp#28;&amp#26;� Mi"�%#l��q����&amp#30;��S&amp#23;�g��h��ٳ5tֳ�:�C&amp#20;�]v�%�v&amp#14;��<&amp#31;Ő�#���ߡ�����D&amp#2;�(�oy�[&amp#22;Zh�ts���G��SN�&amp#16;&amp#7;q$��(&amp#11;4&�b���9��ύ�:e���Z�b�l7^��!;�v,&amp#6;&amp#24;yy*�&amp#8;��׎�6&amp#3;&amp#14;����j��&amp#30;ՙ4�)&amp#12;&amp#8;�V&�=�����$�����&amp#26;g�&amp#0;�b��sE�{OE\����v�&amp#27;�� E&amp#19;�=&amp#27;�'N>���dF�����M���/'t<�&amp#25;���P}�5�,�vHb�&amp#16;�q�O��&amp#28;(m��6���-ǩ#�8"�vҀE����?M&amp#26;��G&amp#30;y�^&amp#23;+�&amp#11;/�����x°&amp#25;uD�H@&amp#2;&amp#18;��&amp#4;$ &amp#1;	H@&amp#2;&amp#18;��&amp#4;$ &amp#1;	H@&amp#2;&amp#18;��&amp#4;$ &amp#1;	&amp#12;&amp#18;&amp#1;&amp#20;1��q�4��0�?����KD��GTI\�+�f�q�&amp#16;���_穛o�9�D���H|��&amp#31;&amp#12;���&amp#31;�S7�tS���;3�L�&amp#0;}��GS�&amp#6;It�Y�l���o&amp#15;��>"���J+�&amp#20;�U�יE4�&amp#1;��N#}�&amp#29;wD�H�uY&amp#23;S���3�z�&amp#2;���v&amp#18;��7_����~��{���ӗ=��&amp#2;�7O&amp#26;�.1&amp#3;P�&amp#3;V&amp#17;Đ�1D&amp#2;&amp#3;��7ߜ4d����Y&amp#14;WYe&amp#21;,**��=�Xh�Dݯ&amp#7;�'P�|&amp#28;�	&amp#5;1�1e�&amp#20;@Ώ�'�x�r���w߽T��&amp#5;̑�&amp#4;$ &amp#1;	H@&amp#2;&amp#18;��&amp#4;$ &amp#1;	H@&amp#2;&amp#18;��&amp#4;$ &amp#1;	H@&amp#2;&amp#18;���&amp#17;0�|�&amp#23;4��&amp#27;7�&amp#30;�9<�&amp#27;���������/f&amp#11;)�����lʞ��&amp#8;�&amp#22;=&amp#21;	&amp#22;	�L���?a�����V
7&amp#30;2&amp#12;�ۈ&amp#28;�ʋ�tN��|%�&amp#7;?�&amp#1;9t&amp#29;�ݕ�C&amp#30;"�~�S����&amp#27;q�'6~���9�.Z/��;5&amp#18;a�9[ט�D�&
=ã&amp#24;��+&amp#1;��{�z��O?}d���Ky�'���3#.&amp#7;��7�p�l$��gf=�>���&amp#27;&amp#16;P~�E&amp#22;�Z���o��&amp#27;��?��Q�&amp#30;ߞ|6V�^$L&amp#1;��&amp#23;^x!l&amp#29;�&amp#19;�&amp#28;��Q2�gE&amp#18;D�/&amp#15;MK@&amp#2;&amp#18;��&amp#4;$ &amp#1;	H@&amp#2;&amp#18;��&amp#4;$ &amp#1;	�&amp#29;&amp#2;��ַ��J�C��&amp#6;`�?����5b�&amp#14;?�2��$2�&amp#1;�=�Pu&amp#24;&amp#18;�@�&amp#4;��{�&amp#23;��&amp#8;�}7bE	L�&amp#4;p�Un���G��Tٲ�NZx=�@ʽ�n�m���G���l&amp#4;B'�y���)�[<�#&amp#7;��&amp#20;��2����&amp#4;&amp#21;�,*r{��Jk��#��ɦ����H���w�}$�Y�R%&amp#14;C�e�|&amp#26;&amp#11;�5Br�u�Y�2�~����H���&amp#19;D}��&amp#19;������<°c�&amp#17;F	��??!���f�&amp#31;���H�4�L�Y&r؍Rwc��<�L���^6�i&amp#2;�W��&amp#28;&amp#6;Q��d�J��矯�`j�!�+�<��&amp#4;$ &amp#1;	H@&amp#2;&amp#18;��&amp#4;$ &amp#1;	H@&amp#2;�J�W��&amp#21;�*qQ`���o;�0|>������21�rŇ% |N��n:F�?&amp#6;1/�&amp#4;el3<V�/��"J��6&amp#24;r���>z�%�0#&amp#14;)�������
�c]v�l��e���f���eG&amp#20;�~��s�}&amp#11;���&amp#4;�&amp#2;�&amp#7;&amp#30;x��}�l)���?�A	��.S����q����SO�m�� _X|����(Ca��()s�1&amp#7;_p��>{���N#��c�g��{�&amp#7;7W�4;&amp#21;&���]����H@�����zv��9d��U�t&�Z�fc����&amp#31;Q���|�NzT��~��O��)&amp#11;tI�&amp#22;��i�K&amp#11;�"byz���~�UWE&amp#21;&amp#28;߻���_���.2?�7Q��&amp#0;�v���?����j��$��Cn�뮻�Y<ðW&amp#6;�����"&amp#29;W3�3�?��B�)&amp#18;��&amp#18;�f�[�&amp#23;��&amp#17;��-�宫7Xo�Ҳ�&amp#18;��&amp#4;$ &amp#1;	H@&amp#2;&amp#18;��&amp#4;$ &amp#1;	H``&amp#8;��JD�K/����&amp#26;'E&amp#20;�&amp#29;v؁�#&amp#27;ώJ&rũ��������;&amp#14;-,����S�!�����\�R�&amp#17;G&amp#28;Ѧ�(�A&amp#16;�c�=�&amp#15;��/��<־&amp#17;KJ@&amp#2;&amp#3;O&amp#0;�9bЃ_h�scI� �&amp#7;&amp#29;t�O�S2�&amp#8;�[1j�QG&amp#29;��]�%�V�;�3.��|&amp#14;&amp#17;�w�u�Џ�,����&amp#31;��a�tO0&amp#5;�G&amp#24;��V[m���&amp#27;�9��|�&amp#5;s&amp#6;�&amp#0;����=_ǔ!	��&amp#29;h*�-&amp#27;j&amp#12;&amp#21;�X&amp#23;&amp#23;�x���}�'T&amp#14;#��ol�����&amp#11;/���&amp#31;~8�Dt?�쳻h�e]B�s�%Q}��X�4&E� ~�&amp#25;g0M&amp#30;�s�5W4�8��&amp#4;8.&amp#1;�p�gw�_g���#i<�&amp#19;Z�<��o�������.&amp#8;�&amp#25;I~�@�i&amp#4;�����q0���=-����&amp#27;&amp#22;�&amp#30;�=�W&amp#14;�I����&$ &amp#1;	H@&amp#2;&amp#18;��&amp#4;$ &amp#1;	H@&amp#2;&amp#18;��&amp#4;�&amp#0;�&amp#16;�&amp#29;v�-��R&amp#2;a&amp#29;��� &amp#31;&amp#7;�\�)��T�X�?����&amp#30;۲A\��f�&amp#28;&amp#30;+f�%斅����ز�6�z�H�6�V�&amp#21;N���z뭻�&amp#28;�g�/M&amp#7;�^ˏY�N\&amp#2;c�&amp#0;�#_v�e&amp#8;"�p���&amp#7;y{���#�ɢ�.Z�OLl�|�+&amp#21;E�B&amp#15;��c�9��3&amp#31;�r|&amp#14;��"�:&amp#6;m�J(JY���&amp#15;?�x&amp#31;�t���'�x�C&amp#2;������U�oL�=�W<��,�>�&amp#4;|�r�������6۬��k����A"��w;����颂�Ͱټ�?�&amp#11;.���{z�޾p������蝪3*�&amp#21;񸉿�N��|&amp#30;.<b&amp#8;&amp#7;�C�&amp#7;"���q�o���2�i�v�S��&amp#31;�̓�,�E�¯&amp#29;���&amp#30;�&amp#23;<#��&��r9Ԍ&amp#3;?&amp#28;���G���#�����;1e&amp#8;��9����ђN&amp#17;=ùW
p&amp#15;DNc��J�8�{&amp#6;7�y晧^��W&amp#6;��޹^�&amp#28;	H@&amp#2;&amp#18;��&amp#4;$ &amp#1;	H@&amp#2;&amp#18;��&amp#4;$0�	����N;�S;�n�h��&amp#7;>&amp#16;�	Q���n��^z�	&amp#23;��������Z�&amp#6;&amp#24;
ħ?��-��2���-&amp#24;0[F&amp#18;��}k#U���t��&amp#23;��&amp#5;�C�-uod�ϲ ��Es�X'`{���}���&amp#24;rU�R�C	H`�&amp#16;�馛��Q�/�&amp#3;�뮻�&amp#19;N����2��P&amp#12;Չ/&amp#8;Z�8&amp#12;��e�Y&&amp#30;�|&amp#5;#��;��&amp#20;��f�&amp#8;����M��&amp#21;�&amp#12;UPʯ��
�{&amp#2;{p��&amp#19;O��&amp#18;��zkh�<&amp#18;�&amp#15;�O�;qPDz��w��&amp#22;&amp#27;&amp#11;,�@V�|V41x&amp#4;�S.&amp#29;<"mf���c���&amp#17;m��Q&����{�&amp#22;�<!��&amp#25;�0&amp#5;�����<�bc!&amp#30;=��[���i{��V���)�1�&amp#3;&amp#23;K�xO��dH�y���������&amp#29;Ͼ�&amp#18;�m9�s{�ʟ�`�&amp#17;�_&amp#16;a�&amp#17;c[}��냬� �3q2�����J�&amp#20;�������r��a��i�U�D��l��Yl�b��^{-&amp#17;]��% &amp#1;	H@&amp#2;&amp#18;��&amp#4;$ &amp#1;	H@&amp#2;&amp#18;��&amp#4;�9����&amp#0;�;�8B˲���&amp#0;&amp#18;��&amp#24;�_���W^y�	Ǌ-r{j�&amp#0;�&amp#17;�&amp#23;�@|
Sk�&amp#17;f��&amp#30;&amp#3;�o��6G�p�&amp#19;&amp#25;��;�c�2&amp#22;@A�|bwK&amp#22;�+�&amp#28;�K&amp#2;&amp#18;�@#&amp#1;ą��W]uU|))F���&amp#15;^���2���&�Y&amp#23;��S���B��&y�1���&amp#11;��&amp#23;^��˦&amp#17;ՔSN��/|&amp#1;�y� �4&amp#14;&amp#15;&amp#0;&amp#0;@&amp#0;IDAT~�.�8�GȖ/}�K&amp#24;�E&amp#21;�+�2&amp#26;&amp#17;�&amp#31;|��6�C�&amp#16;�Pr�G�VB_xK~��&amp#12;O�Tjbؽ�o���&amp#3;@&amp#0;-r�&amp#0;Lc�O�ߦi��z륰:�#��y�=��!�zc���d��k�&amp#29;i�0��O���� ��S�G$�8����p��&amp#0;�w
�]�&amp#15;y�x�Ac�&amp#31;�8�&amp#15;���jǣ;��a=:"��i��&amp#22;�M6�d�޻&amp#20;�?M��^w�uI�p�X� <��&amp#11;.إ�<&amp#21;�<&amp#28;xm��H<����{.�9�3M*eꇼ��!��?�a�[&amp#29;;�z&amp#21;r6�|s�g&amp#24;|��&amp#21;X/S�r���H@&amp#2;&amp#18;��&amp#4;$ &amp#1;	H@&amp#2;&amp#18;��&amp#4;$ �A%��g�&amp#25;��O��o&amp#27;r����{}�7�w�y�zd�>]�˺���u�]���O-�j�r�駓O&amp#14;&amp#2;&amp#3;�6�
9���8&amp#17;�$��"&amp#21;�WQ�����D��&amp#11;���Y�&amp#5;덠�����/3l�&amp#24;�aů�|&amp#23;��O����&amp#30;�&amp#2;&amp#2;&amp#0;Y�&amp#2;K�k&amp#22;���"&amp#24;�t�X�X)&amp#28;����˹
�ex��c��a&amp#30;��0"Dh�
'H:e�&amp#15;�Ќd��&amp#11;�A&amp#22;"�&��5������X}�3�ܽ�ށ�q�������f�&amp#7;l�&amp#18;���&p��7G&amp#23;�m��^{�d�!j�'?�Ir&amp#16;nP4J�&amp#7;�;v-�;�'a���4Nv=Fj�z��&amp#5;&amp#22;_|��D7ɳ!�pX�~�hʍޛ�&amp#2;	��D|!��+f@�(��b�`��s��^˗}�&amp#30;<&amp#2;o�&amp#0;��&amp#7;&amp#1;6{@e��*��;�H &~a����&amp#17;?��;�&amp#31;&amp#31;"Z�wG�&amp#12;&amp#3;E��&amp#23;{�7�&amp#24;�`-�s&amp#4;���,<��9��믧�/~�Q&amp#17;+��;�ߑ��D&amp#1;b<���o�_3�<�̾��[�"&amp#15;	Q�&amp#29;+�����&amp#30;<
C��&amp#2;��)��a&amp#26;&amp#28;��&amp#18;D�:��&amp#3;��g>�LwJ066�-#Yg�u&amp#14;8�&amp#0;&amp#28;�1�$&amp#30;>�<�`�"9+��B�&amp#22;����?��iN�&amp#3;�1&amp#12;�����{�&amp#27;n�!.�&amp#24;�a.�%�&amp#4;&amp#12;�z쳸�i&amp#12;���;�y)���{`��v㐛�m&amp#2;�&cR&amp#24;y��g��ʨ0w��&amp#5;�g�&amp#1;�1�&amp#28;��V�"_��i9�J�&amp#30;J@&amp#2;&amp#18;��&amp#4;$ &amp#1;	H@&amp#2;&amp#18;��&amp#4;$ �ɗ&amp#0;�"1x�܉��r"�_!&amp#21;��S��E݅&amp#22;Z��rM��D��8��&amp#18;�x��O,đâ�~&amp#23;_|q�&amp#27;%���C&amp#15;%�}�*&amp#19;���an�X���Y�;�#�g��h��&amp#2;�|F�,:���e��!�$�u�&amp#19;	T&amp#19;VSC�'���m&�*(�MY2Z�o���&amp#8;&amp#21;&amp#25;9�}��G�DI&amp#6;�:&amp#8;�w�}8J�=�Y�&amp#18;�̨>R�c&amp#25;�"!&amp#18;&amp#20;&amp#17;�Yƌ(�����t�M�k}&amp#16;f��%��0i��z]2���@���^&amp#6;&amp#28;���Y�&amp#7;�&amp#11;&amp#28;UQ�ɬ;&amp#26;�%MK@&amp#2;�&amp#11;��F��mXj�L
A��6&amp#15;��6ڈ�XV�c��%X>&amp#15;�'�o�����}�{�Z�j��&amp#21;��K�&amp#25;s%&amp#21;��0^�������&amp#12;U�S��/[3=x&amp#4;������]B�$�DXM��̧�V� ��j����ˣ��|��&amp#20;��&amp#25;�J����L�y&amp#20;zl	&amp#31;}����&amp#26;��,֘�`&amp#7;#P�N��D��W`c1&amp#30;����Rc�^3���Os~�R�w�����jcӀl&amp#12;a�\�&amp#31;����@��is�+����V"��rK���z Jb��&"�o�=?���ϧ2B�:x�W2�&amp#31;�E�&amp#5;�I�&amp#20;v&amp#27;Y&amp#30;k,&amp#28;���&amp#20;�&amp#19;�&amp#23;*�����.�pVɄ&amp#14;�&amp#4;$ &amp#1;	H@&amp#2;&amp#18;��&amp#4;$ &amp#1;	H@&amp#2;c�@��m��f=�:}�g�yf&amp#28;&amp#27;^y��_��&amp#11;&amp#30;r�!��8E&amp#16;�XZD<��&amp#29;�&amp#30;<��͋�D�qz���w�&amp#27;�&amp#28;N��R�=�q:�o��:�&amp#28;~�����&amp#16;QP�q^�ӈ�y�%��Є�&amp#28;�2qˇ�&amp#8;�l�&amp#25;��&amp#25;&amp#24;"
��D&amp#0;�M&amp#2;&amp#3;|��g	+&amp#21;&amp#17;L&amp#22;��vZ&amp#12;&amp#20;b
I��"R:�&amp#15;=�Ph�����&amp#17;�
�&amp#0;C�4E�H�&amp#24;>�J&amp#11;̚5=�'&amp#31;�&amp#7;O*|��Cv&amp#29;��VL&amp#22;�@x&amp#25;1$
����3&amp#24;b�QjKQ`"����ŕ��;��&amp#18;���K&amp#24;�ͱ�t�I��35��2߄&amp#4;$0�&amp#18;��&amp#20;��Bk���j3&amp#17;b9cf&amp#20;%�#1�u&amp#25;���dk&amp#17;9��&amp#31;�x�HpD��&amp#27;&amp#15;��&amp#2;��F&amp#0;��;o�Xf��>&amp#5;z-_oӜ�!�-������7&amp#28;�.[G`���#����m��Xl����q�b1j�6\9K&~ꈦ���|�l�߅H�&amp#21;�U�/&amp#4;�8묳�YS�&amp#7;&amp#11;#~�d���&amp#23;g�V��~�V�&amp#16;��#6g�H`R�K=i~&amp#8;2��ٖ��~�Xc���+�/i0&amp#11;g"z�&amp#12;f�����6D�BE��/�˱-}&amp#14;)���nٕ߬���&amp#8;�&amp#31;r;&amp#1;&amp#15;z�m�I&amp#4;1���Ē#U�&�o�]v�x,9#&amp#18;9��]y6
`�&amp#0;%&amp#12;5rc&amp#18;.&amp#28;B;��lgR�۩�[&amp#31;?�&amp#1;������&amp#12;�,#��p\��թ&amp#12;�C	H@&amp#2;&amp#18;��&amp#4;$ &amp#1;	H@&amp#2;&amp#18;��&amp#4;$0�&amp#19;`!5ÿ�~�C΋��-�؂p�,��>�b=�#2*�H���5���ƣ�e��B�&amp#1;�&amp#18;P���&amp#24;��(�&amp#23;5�O�F��_���,��lg�bh&amp#15;���_�j.Z&amp#18;�&amp#29;�&amp#14;�f�n�&amp#21;�*�F¿��DX"&amp#11;�&amp#29;�&amp#22;�H&amp#8;)JE �`�&amp#7;&amp#20;i��&amp#8;&amp#27;�&amp#7;&amp#11;飏>��&amp#17;r&amp#16;T�B8
�S~�5�%&amp#12;�5�\&amp#3;dM򨣎�&amp#24;Mu�&amp#12;Z��k����0�s�&amp#24;u*�/:4&amp#1;Dsa�]2&amp#25;L�
&amp#18;2���X&amp#24;�&amp#29;���c-�׮�_����,&amp#0;H�&amp#1;��&amp#14;�&amp#4;O����&amp#18;ځ�&amp#0;�&amp#30;�y�#�&amp#5;	H`T&amp#8;�S;�&amp#3;_p&amp#25;_}B&amp#15;��B�B.��0/��R���99�t�E&amp#1;JƷI�8S>��W�Lf�&amp#22;-���4�� &amp#17;Pn&amp#31;���9&amp#31;&amp#26;�&amp#4;�$֩����@�&amp#20;AI��j�.���tj�y��&amp#23;W�&amp#24;��%�k����O��"?&amp#22;Q���x8��z��R�S_�<�Gg*&amp#27;�@�Y���i���g��&amp#30;ܩY�k>�����6&amp#31;��l��&amp#28;yc�ߠ���ĝ���]��ğֈ�&amp#20;m�>��9\V,^	���&amp#4;��k&amp#0;�����&amp#22;x�����&amp#18;�E��&amp#8;��&amp#19;{X,���䵧Ӭ���.b.�&amp#25;cS.��&amp#24;[&amp#29;o�{��`̗�&amp#4;$ &amp#1;	H@&amp#2;&amp#18;��&amp#4;$ &amp#1;	H@&amp#2;�#���&amp#15;&amp#31;�M6٤2e�W4�&amp#8;FȊM]n�<B������X�4ff�&amp#4;�T&amp#4;�����H�l&amp#7;����<�,��l�}1�FRk�&amp#22;r&amp#8;&amp#1;&amp#29;�4~�l�ظ�Yi���X���G>�v�s'��&amp#14;-���΁F��lVZ�&amp#31;�JNS�|�v&amp#16;��{Hw�J��&amp#31;F�)�� �0&amp#25;����4�@C
Gv�,v�i�욺x���DN��{	&amp#7;��&amp#15;[	pi�;}�k��&amp#16;&amp#24;�&amp#1;�����y&amp#29;'�&amp#20;�N&amp#2;&amp#18;&amp#24;q&amp#2;|ma8&amp#21;���#�G�@ cW�&amp#17;�.&amp#27;�Q0l�؍73S��$�g�&amp#11;/��鬞�t[o���yaF&amp#22;Uz-�&amp#29;�&amp#24;<&amp#2;�x�&amp#6;oV�5#l�&amp#8;:D8&&amp#30;4�����&amp#7;&amp#26;�y�}��ߩ����c<x*&amp#15;�UF�F&amp#17;&amp#7;K]&amp#12;.�&amp#12;3ݞ?�&amp#5;�/"&amp#31;��)j7o;\k�&amp#31;��&amp#7;&amp#28;�&amp#6;����D�&amp#7;,#A���x�&amp#3;e-	H@&amp#2;&amp#18;��&amp#4;$ &amp#1;	H@&amp#2;&amp#18;��&amp#4;$0q&amp#8;�F&amp#31;&amp#29;��Dͪ]4��Z�&amp#2;&amp#18;,&amp#27;�����!��a�&amp#29;�sETGE� �7�(�R��fc-&amp#22;$�&amp#11;b�)�w;�	�[����&amp#8;��D�)���Z&amp#22;q&amp#2;�o)�ɷ�S���&amp#17;Q�&amp#24;�g��I��Rk�&amp#6;q�&amp#4;ND�EnO��&amp#6;&amp#27;d椙�t��&amp#22;{krin��fD���Dz����9GG%&amp#1;	t'���&amp#27;cÔ&amp#6;C&amp#20;&&amp#14;46L&amp#4;S)C/wo���l&amp#8;��$T!HI8�F���#�I�͔��&amp#15;�^��x^��Kc�8��w��ol�́!��>0�҉L&amp#18;&amp#4;�Y��0C�g1/&amp#24;�Ę&amp#28;�&amp#4;$ &amp#1;	H@&amp#2;&amp#18;��&amp#4;$ &amp#1;	H@&amp#2;&amp#18;���&amp#8;��&amp#16;&amp#16;&amp#5;����&amp#26;��ق=�!�x���[.7&amp#29;���#&amp#7;�&amp#29;�$&amp#18;�&amp#29;�&amp#29;�h&amp#1;���ޚ��&amp#12;��6�Up�I���l�ˍ�&amp#5;e�H��&amp#30;�ƍx�TAk�&amp#0;��	�^�>d&amp#14;�&amp#11;~��x�}���d�?d�>
�O|�&amp#22;�Z�Y�&amp#27;{A�0��x�ʨ紼{�ˏ&amp#27;l����я~İq�_x�G}�&amp#14;@&amp#2;&amp#18;&amp#24;q&amp#2;lI��&amp#17;l�q_x�&amp#17;wd�u֩l�<����$H&amp#6;�y�Uni�ŗB�_f�=���&amp#27;�k&amp#23;�}�M&amp#15;�^˗C2=x&amp#4;ܻ}�3&amp#26;5&amp#2;�=�&amp#28;���=�]�6&amp#14;;��&amp#4;$ &amp#1;	H@&amp#2;&amp#18;��&amp#4;$ &amp#1;	H@&amp#2;&amp#18;&amp#24;Q&amp#2;�Gl*��ǥ�=���f�m*��=|�&amp#6;�&amp#12;A"&amp#17;����{�?���gp���x�&amp#17;��};�J&�J�ܶ���&amp#30;�pe���B&amp#16;��&amp#6;[�&amp#27;@����[18���&amp#20;�+C&amp#29;�Ü{�r]&amp#19;b#Q6��&amp#12;;K�%G=���K0��&amp#14;:��2c��>;�&��,&amp#28;�&amp#4;$0�&amp#8;&amp#16;�c�%����c���&amp#7;�]&amp#15;>� }��nl�LΈ���;�LS|)�%J�&amp#1;=&amp#15;_|�����&amp#31;=K6&amp#22;����Y�&amp#23;�)&amp#29;�&amp#29;i/�k�z��&amp#12;&amp#12;&amp#1;L'��&amp#7;�j:�Q#p�	'���_���n�Al�喓�/�Q�c�&amp#18;��&amp#4;$ &amp#1;	H@&amp#2;&amp#18;��&amp#4;$ &amp#1;	H`�'�7&amp#27;��!&amp#3;����^�K;M�ȷ�&amp#29;�Y&amp#28;ٳ��گ��*&amp#2;|�W&amp#18;�N;m%g&amp#4;&amp#15;��Bo~�&amp#18;��c����:�&amp#8;���pO�f&amp#12;�J�&amp#12;��I&amp#11;��������Q27=�׿�U��x����e�&amp#29;vHs&amp#7;&amp#4;&amp#27;����I`s�I\il���&amp#12;bܽ�?��(0A/}�1���w�r�&amp#3;6t)���r&amp#29;�=�#&amp#1;	L�&amp#4;&amp#22;Yd�M7ݔ�Jb7w�&amp#17;�۟~����.&amp#30;)h�<U*�r��N_1���Y�ny�::�,���&amp#5;�N+�e�e�l���&amp#17;���r��]Vg4�	�3&amp#31;����In�5��b&amp#18;��&amp#4;$ &amp#1;	H@&amp#2;&amp#18;��&amp#4;$ &amp#1;	H@&amp#2;&amp#19;��l��&amp#22;z-A��o�6��&amp#7;yh�xԡ&amp#22;,���)H��Eno���ˬ����~��&amp#23;�ԓO>�Fn�L�j7�*�sNe&amp#28;��b�&amp#25;&amp#26;&amp#6;}u�lȎReɺ�&amp#4;����q��Y|���/&amp#3;�&amp#31;y䑸��kM�4 ȩM�&amp#1;Ի���6Hs��x��,�&amp#12;&amp#17;���#&amp#1;	&amp#12;$��}�s!�?��#ß �l���H�>��˗`�a��i��̯���&amp#8;S>���\��Bf&amp#20;N&amp#23;�^˗}�&amp#30;<&amp#2;��>x��&amp#25;Ml&amp#2;_�җV_}�&amp#21;VX&amp#1;ӭ�O?}�}���;&�P�O&amp#2;&amp#18;��&amp#4;$ &amp#1;	H@&amp#2;&amp#18;��&amp#4;$ &amp#1;	H`�&amp#16;��O>��=�|��Q�#�Xq�&amp#21;Sk'�eX��&amp#29;�]�c&amp#31;�Xԭ���ۢ?���]�JI�R&�[�J��|�&amp#27;�&amp#6;�p&amp#30;9�vT
���<�&amp#12;�����RK��o����M�U&~�x	1���}�&amp#15;��cw�W^y�-����+�<��3�8���&amp#6;��b�&amp#4;$0`&amp#4;�=���CN��!�I������'>ѩJ<?��N,~*eظ=��*&amp#15;�J1&amp#14;Sbg�����~���ͤ���6�&amp#25;$&amp#2;��t5���&amp#16;`k�������&amp#15;�Hy���&amp#31;�Aث&amp#4;$ &amp#1;	H@&amp#2;&amp#18;��&amp#4;$ &amp#1;	H@&amp#2;&amp#18;���$��Zk�O&amp#27;&amp#27;Ӳ&amp#11;x�����&amp#24;^w&amp#31;���+��v��8��&amp#25;m��&amp#14;����E��ER�~���M��g?�gf&amp#14;{�6
��8G�T)8�2&amp#17;B�G�뮻.&amp#27;�&amp#4;ZΏ�c&amp#14;���pȞ���JO�g��H/���ey2�&amp#0;&amp#28;J|&amp#22;&amp#30;��&amp#7;>�&amp#1;z�&amp#11;�]�Gq&amp#24;�u&amp#31;w/�&amp#24;����&amp#11;��&amp#11;^I�qK=��C��6[6!&amp#1;	L�&amp#4;&amp#16;��������&amp#30;~��أ�	.��Ùf���x�&amp#11;,�@�ְ��,�<{�V��&amp#15;���VZ�r�r��<��o����)&amp#14;#�/�&amp#5;&amp#23;\0��Z�ަ9&amp#3;C&amp#0;;&amp#15;�����ND&amp#2;&amp#18;��&amp#4;$ &amp#1;	H@&amp#2;&amp#18;��&amp#4;$ &amp#1;	H@&amp#2;&amp#18;�P&amp#4;&amp#8;B���[G�_��W�?��!&amp#21;Đ�Y�O�7��d�y��t�&amp#25;g����sO�&amp#22;�&amp#20;��&amp#6;�h��w^4�l&amp#16;�T�o��J�8�_~�����&amp#23;^X��:!<&amp#5;&amp#23;_|�t[�L��,��H&amp#26;�a&amp#15;���ϊ6;�G&amp#23;&amp#27;l�A$�����=$@]��s���￿,O����n�0��Q9d�����SO�tɺ&amp#12;���r�)X6��٥X�S�޽����A&amp#7;&amp#29;&amp#20;���~���m3aAɹ��.����][R&amp#2;&amp#18;��	�q�&amp#29;�&amp#28;s̺�˃k����&amp#25;0�k�n�mx�c5��j��=����.8餓2&amp#16;K�&amp#6;�[n�8�0��+�d1����!�3��W_�ꪫ&amp#8;z����.3����g?�!��&amp#21;ŝ�&amp#29;w�}7�����j���k�����&amp#17;��Ͻ�&amp#7;�:#	H@&amp#2;&amp#18;��&amp#4;$ &amp#1;	H@&amp#2;&amp#18;��&amp#4;$ &amp#1;	H`�	&amp#16;&amp#16;��k����/��&amp#18;s�9'�1�5~�O?�����5�X�S��&amp#20;��=��Q&amp#24;�`�7&&amp#28;=.�H&amp#17;��ַ�Vy�&amp#7;���=�\�d��&amp#16;�Y��Ϳ+�f��&amp#26;�6j����>4TtPB�?��CX&amp#12;D��UW]57��u�Y&amp#17;�&amp#17;�&amp#17;n���O?U�!�b�>��.����ǿ���N;/��&amp#18;6&amp#1;�&amp#18;�&amp#2;��X��2&amp#17;�&amp#21;6�%�$�6�d&amp#19;"�#ܾ��o�-��X�䤾&amp#18;��1�&amp#28;(@�����!�f^��6[&amp#20;��&amp#0;\p�&amp#27;&amp#18;�9�s�7�C&amp#26;�4q�&amp#25;&amp#27;S��A��l��f�}�)��&amp#18;�&amp#1;�g�}v����2B&amp#20;�؟������R��^�^6�$�&amp#1;�o����3O��/|&amp#1;Պ|L&amp#1;�_&amp#15;��r0&amp#22;��&amp#4;&)&amp#2;&amp#31;�Ї���?0$�D�{$��.&amp#18;�&amp#3;^~��#�H�O�&amp#5;�1���z��Ocuz	�,�&amp#1;�3��K/�����:��W&amp#0;FH�\rI&amp#4;���"m�h��o6y!A�&amp#22;���q��0��{�w�uW&amp#30;����Lί?�.�0�^˗uM&amp#15;&amp#24;&amp#1;��&amp#1;��NG&amp#2;&amp#18;��&amp#4;$ &amp#1;	H@&amp#2;&amp#18;��&amp#4;$ &amp#1;	H@&amp#2;&amp#18;� &amp#4;&amp#16;&amp#15;�:ꨋ.�(�oG��S�	y 2q���+Ќ�&amp#11;Ǹ,����&amp#26;�hf�I,��"��&amp#8;�&amp#8;	�&amp#1;Qe�w^{�TG�&amp#14;��^&amp#6;�7���[��&amp#22;Z�}�4�6��
�)&amp#30;�eN��p�qG��S��j��*Rk���a&amp#0;&amp#7;�{�EL�A��}�k��� ŀ�b��|��&amp#25;g�1�\s����o~�l&amp#7;�f���Kw��Ԩ��&amp#16;L�����&amp#21;q���eH�����^z�'FDn���E�
�ؔp&amp#27;�P1&amp#23;�Jqېs�&amp#1;&amp#7;p&amp#21;��z�<kB&amp#2;&amp#18;�L	&amp#28;|���m�Bk�&amp#23;n��6Tm���ܘo���&amp#22;ڃ&amp#6;�k)�_��&amp#19;%��M�-���؋-H0Z�SV��&amp#6;��2'&amp#31;�&amp#12;&amp#27;A}ܸ�?&amp#16;8�]P�w�m7�z�>��
i&amp#20;z�P��^˗uM&amp#15;&amp#18;�7�"��&amp#12;Ҕ��&amp#4;$ &amp#1;	H@&amp#2;&amp#18;��&amp#4;$ &amp#1;	H@&amp#2;&amp#18;��&amp#4;$ �	D&amp#0;&amp#21;a��6B5d&amp#23;�F&amp#5;&amp#20;�&amp#26;18z�/���܉<2��z��wGҎ踹���ԏ���D&amp#24;&amp#0;nߕ6��+��(�&amp#4;�M���'�&amp#0;�&amp#19;�&amp#15;*՗^zi�
*�&amp#11;�{��7��&amp#7;?H�F5���<�6�F�&amp#11;��&amp#5;��23Z�2&amp#17;P��S&amp#0;�����=��;�2�,e>i|��N&amp#24;��2?Ɖ܋�d8A�Y�XE0Zt}r�S&amp#28;&�L�m6�+@�b&�Z���8�&amp#20;���o��^F��&amp#20;�&amp#22;���*e&amp#11;��&amp#30;Q�sc�ʽQ�U?�v�֢L��&amp#23;�?���+_�4ō&amp#4;|��&amp#23;6�&amp#30;�c0G&amp#2;&amp#18;��&amp#8;�� �&amp#11;��<�c;s�&п+O��ye�L��&amp#26;3�&amp#2;�.K�&amp#24;���q&amp#21;_�Y�o&amp#4;��&amp#16;d��.�I"��/��R��0�SN8��&amp#22;[�,�s���|�����|�&amp#5;s&amp#6;�&amp#0;w�&amp#20;l�R��&amp#6;`bNA&amp#2;&amp#18;��&amp#4;$ &amp#1;	H@&amp#2;&amp#18;��&amp#4;$ &amp#1;	H@&amp#2;&amp#18;&amp#24;9&amp#2;&amp#29;��7�x�}Gx��/<�Dh$,9�ò�+��Q�Y�&amp#15;&amp#27;��?��,ò�_Y��&amp#23;n�C\z3�&amp#25;f����6���?����&amp#4;xG\'�8JI)T4V�<�cFh�=&amp#27;7/*2�6�&amp#29;r"&amp#4;�g��Ï�S��&amp#28;?�eĐg�̎��x�;�&amp#20;+�Ck�&amp#29;biܐ&amp#5;&�&amp#4;)�<�&amp#12;��,�s&amp#19;&amp#18;/&amp#1;�&amp#6;�&amp#12;&amp#24;ىL��wdGhk&amp#18;���&amp#18;`&amp#19;t&amp#2;� u�&amp#25;ݑD�<���ŀ��C:��&amp#8;1|Y`(���M-���	��Q����|��M:�&amp#21;C��&amp#3;&amp#27;�_��{&amp#28;�����B��ѿ&amp#14;�@&amp#2;&amp#18;��&amp#4;$ &amp#1;	H@&amp#2;&amp#18;��&amp#4;$ &amp#1;	H@&amp#2;�4�&amp#17;[<&amp#29;0�}��h&amp#14;N&amp#2;&amp#18;��&amp#4;$0�	�~���o�ٽ��{��o&amp#15;&amp#19;��r{{����YYR&amp#2;&amp#18;��&amp#4;$ &amp#1;	H@&amp#2;&amp#18;��&amp#4;$ &amp#1;	H@&amp#2;c��r����N\&amp#2;&amp#18;��&amp#4;$ �1G@���%c�v���`I	H@&amp#2;&amp#18;��&amp#4;$ &amp#1;	H@&amp#2;&amp#18;��&amp#4;$ &amp#1;	H@&amp#2;&amp#18;��&amp#4;$ &amp#1;	H@&amp#2;&amp#18;��&amp#4;��协 $ &amp#1;	H@&amp#2;&amp#18;��&amp#4;$ &amp#1;	H@&amp#2;&amp#18;��&amp#4;$ &amp#1;	H@&amp#2;&amp#18;��&amp#4;$ &amp#1;	H@&amp#2;&amp#18;��8�n�% &amp#1;	H@&amp#2;&amp#18;��&amp#4;$ &amp#1;	H@&amp#2;&amp#18;��&amp#4;$ &amp#1;	H@&amp#2;&amp#18;��&amp#4;$ &amp#1;	H@&amp#2;&amp#16;&amp#24;7�&amp#20;S&amp#8;B&amp#2;&amp#18;��&amp#4;$ &amp#1;	H@&amp#2;&amp#18;��&amp#4;$ &amp#1;	H@&amp#2;&amp#18;��&amp#4;$ &amp#1;	H@&amp#2;&amp#18;��&amp#4;$ ��&amp#8;&amp#24;I�'\&amp#22;��&amp#4;$ &amp#1;	H@&amp#2;&amp#18;��&amp#4;$ &amp#1;	H@&amp#2;&amp#18;��&amp#4;$ &amp#1;	H@&amp#2;&amp#18;��&amp#4;$ &amp#1;	�?&amp#4;�&amp#31;���KB&amp#2;&amp#18;��&amp#4;$ &amp#1;	H@&amp#2;&amp#18;��&amp#4;$ &amp#1;	H@&amp#2;&amp#18;��&amp#4;$ &amp#1;	H@&amp#2;&amp#18;��&amp#4;$ ��&amp#4;&amp#8;$?�O�
���&amp#4;$ &amp#1;	H@&amp#2;&amp#18;��&amp#4;$ &amp#1;	H@&amp#2;&amp#18;��&amp#4;$ &amp#1;	H@&amp#2;&amp#18;��&amp#4;$ &amp#1;	H&amp#0;&amp#2;j��&amp#6;&amp#18;��&amp#4;$ &amp#1;	H@&amp#2;&amp#18;��&amp#4;$ &amp#1;	H@&amp#2;&amp#18;��&amp#4;$ &amp#1;	H@&amp#2;&amp#18;��&amp#4;$ ��&amp#8;�&amp#17;L��&amp#26;���&amp#4;$ &amp#1;	H@&amp#2;&amp#18;��&amp#4;$ &amp#1;	H@&amp#2;&amp#18;��&amp#4;$ &amp#1;	H@&amp#2;&amp#18;��&amp#4;$ &amp#1;	�y&amp#2;��c�&amp#22;&amp#16;�&amp#4;$ &amp#1;	H@&amp#2;&amp#18;��&amp#4;$ &amp#1;	H@&amp#2;&amp#18;��&amp#4;$ &amp#1;	H@&amp#2;&amp#18;��&amp#4;$ &amp#1;	�N���{gf	H@&amp#2;&amp#18;��&amp#4;$ &amp#1;	H@&amp#2;&amp#18;��&amp#4;$ &amp#1;	H@&amp#2;&amp#18;��&amp#4;$ &amp#1;	H@&amp#2;&amp#18;&amp#24;�&amp#4;��n�ߘ� &amp#0;	H@&amp#2;&amp#18;��&amp#4;$ &amp#1;	H@&amp#2;&amp#18;��&amp#4;$ &amp#1;	H@&amp#2;&amp#18;��&amp#4;$ &amp#1;	H@&amp#2;&amp#18;�@o&amp#4;�M1�&amp#20;�հ�&amp#4;$ &amp#1;	H@&amp#2;&amp#18;��&amp#4;$ &amp#1;	H@&amp#2;&amp#18;��&amp#4;$ &amp#1;	H@&amp#2;&amp#18;��&amp#4;$ &amp#1;	H`l&amp#19;@j&amp#31;7�	8{	H@&amp#2;&amp#18;��&amp#4;$ &amp#1;	H@&amp#2;&amp#18;��&amp#4;$ &amp#1;	H@&amp#2;&amp#18;��&amp#4;$ &amp#1;	H@&amp#2;&amp#18;�@?&amp#4;����f&amp#29;	H@&amp#2;&amp#18;��&amp#4;$ &amp#1;	H@&amp#2;&amp#18;��&amp#4;$ &amp#1;	H@&amp#2;&amp#18;��&amp#4;$ &amp#1;	H@&amp#2;&amp#18;&amp#24;�&amp#4;������% &amp#1;	H@&amp#2;&amp#18;��&amp#4;$ &amp#1;	H@&amp#2;&amp#18;��&amp#4;$ &amp#1;	H@&amp#2;&amp#18;��&amp#4;$ &amp#1;	H�g&amp#2;�����{�f&amp#5;	H@&amp#2;&amp#18;��&amp#4;$ &amp#1;	H@&amp#2;&amp#18;��&amp#4;$ &amp#1;	H@&amp#2;&amp#18;��&amp#4;$ &amp#1;	H@&amp#2;&amp#18;&amp#24;�&amp#4;������% &amp#1;	H@&amp#2;&amp#18;��&amp#4;$ &amp#1;	H@&amp#2;&amp#18;��&amp#4;$ &amp#1;	H@&amp#2;&amp#18;��&amp#4;$ &amp#1;	H�&amp#31;&amp#2;���S�:&amp#18;��&amp#4;$ &amp#1;	H@&amp#2;&amp#18;��&amp#4;$ &amp#1;	H@&amp#2;&amp#18;��&amp#4;$ &amp#1;	H@&amp#2;&amp#18;��&amp#4;$ ��M@�}l_g/&amp#1;	H@&amp#2;&amp#18;��&amp#4;$ &amp#1;	H@&amp#2;&amp#18;��&amp#4;$ &amp#1;	H@&amp#2;&amp#18;��&amp#4;$ &amp#1;	H@&amp#2;}&amp#17;Pn�&amp#11;��$ &amp#1;	H@&amp#2;&amp#18;��&amp#4;$ &amp#1;	H@&amp#2;&amp#18;��&amp#4;$ &amp#1;	H@&amp#2;&amp#18;��&amp#4;$ &amp#1;	H`&amp#12;&amp#19;x��ו����w�&amp#18;��&amp#4;$ &amp#1;	H@&amp#2;&amp#18;��&amp#4;$ &amp#1;	H@&amp#2;&amp#18;��&amp#4;$ &amp#1;	H@&amp#2;&amp#18;��&amp#4;$�&amp#23;&amp#1;�n�&amp#11;��$ &amp#1;	H@&amp#2;&amp#18;��&amp#4;$ &amp#1;	H@&amp#2;&amp#18;��&amp#4;$ &amp#1;	H@&amp#2;&amp#18;��&amp#4;$ &amp#1;	H`�&amp#19;л}��&amp#2;&amp#2;��&amp#4;$ &amp#1;	H@&amp#2;&amp#18;��&amp#4;$ &amp#1;	H@&amp#2;&amp#18;��&amp#4;$ &amp#1;	H@&amp#2;&amp#18;��&amp#4;$ ��	(����&amp#26;&amp#18;��&amp#4;$ &amp#1;	H@&amp#2;&amp#18;��&amp#4;$ &amp#1;	H@&amp#2;&amp#18;��&amp#4;$ &amp#1;	H@&amp#2;&amp#18;��&amp#4;$0�	����Un&amp#31;۷����&amp#4;$ &amp#1;	H@&amp#2;&amp#18;��&amp#4;$ &amp#1;	H@&amp#2;&amp#18;��&amp#4;$ &amp#1;	H@&amp#2;&amp#18;��&amp#4;$ ��	L1�&amp#20;��c��&amp#4;$ &amp#1;	H@&amp#2;&amp#18;��&amp#4;$ &amp#1;	H@&amp#2;&amp#18;��&amp#4;$ &amp#1;	H@&amp#2;&amp#18;��&amp#4;$ &amp#1;	�y&amp#2;��c�&amp#22;&amp#16;�&amp#4;$ &amp#1;	H@&amp#2;&amp#18;��&amp#4;$ &amp#1;	H@&amp#2;&amp#18;��&amp#4;$ &amp#1;	H@&amp#2;&amp#18;��&amp#4;$ &amp#1;	�H���_&amp#31;G@�&amp#30;kY\&amp#2;&amp#18;��&amp#4;$ &amp#1;	H@&amp#2;&amp#18;��&amp#4;$ &amp#1;	H@&amp#2;&amp#18;��&amp#4;$ &amp#1;	H@&amp#2;&amp#18;��&amp#4;$0�	���>�o&amp#1;'/&amp#1;	H@&amp#2;&amp#18;��&amp#4;$ &amp#1;	H@&amp#2;&amp#18;��&amp#4;$ &amp#1;	H@&amp#2;&amp#18;��&amp#4;$ &amp#1;	H@&amp#2;�&amp#19;@jCq｢5$ &amp#1;	H@&amp#2;&amp#18;��&amp#4;$ &amp#1;	H@&amp#2;&amp#18;��&amp#4;$ &amp#1;	H@&amp#2;&amp#18;��&amp#4;$ &amp#1;	H@&amp#2;c��Z����N^&amp#2;&amp#18;��&amp#4;$ &amp#1;	H@&amp#2;&amp#18;��&amp#4;$ &amp#1;	H@&amp#2;&amp#18;��&amp#4;$ &amp#1;	H@&amp#2;&amp#18;��&amp#4;� ��w;���Q�*&amp#18;��&amp#4;$ &amp#1;	H@&amp#2;&amp#18;��&amp#4;$ &amp#1;	H@&amp#2;&amp#18;��&amp#4;$ &amp#1;	H@&amp#2;&amp#18;��&amp#4;$ �1K��H�|�����&amp#4;$ &amp#1;	H@&amp#2;&amp#18;��&amp#4;$ &amp#1;	H@&amp#2;&amp#18;��&amp#4;$ &amp#1;	H@&amp#2;&amp#18;��&amp#4;$ &amp#1;	H�?&amp#2;��pﯦ�$ &amp#1;	H@&amp#2;&amp#18;��&amp#4;$ &amp#1;	H@&amp#2;&amp#18;��&amp#4;$ &amp#1;	H@&amp#2;&amp#18;��&amp#4;$ &amp#1;	H@&amp#2;c���)��b�NމK@&amp#2;&amp#18;��&amp#4;$ &amp#1;	H@&amp#2;&amp#18;��&amp#4;$ &amp#1;	H@&amp#2;&amp#18;��&amp#4;$ &amp#1;	H@&amp#2;&amp#18;��&amp#4;�#`$���YK&amp#2;&amp#18;��&amp#4;$ &amp#1;	H@&amp#2;&amp#18;��&amp#4;$ &amp#1;	H@&amp#2;&amp#18;��&amp#4;$ &amp#1;	H@&amp#2;&amp#18;��&amp#4;�.&amp#1;&amp#2;ɏ{����.&amp#0;g.&amp#1;	H@&amp#2;&amp#18;��&amp#4;$ &amp#1;	H@&amp#2;&amp#18;��&amp#4;$ &amp#1;	H@&amp#2;&amp#18;��&amp#4;$ &amp#1;	H@&amp#2;&amp#18;�&amp#0;����齢5$ &amp#1;	H@&amp#2;&amp#18;��&amp#4;$ &amp#1;	H@&amp#2;&amp#18;��&amp#4;$ &amp#1;	H@&amp#2;&amp#18;��&amp#4;$ &amp#1;	H@&amp#2;c���cz�N^&amp#2;&amp#18;��&amp#4;$ &amp#1;	H@&amp#2;&amp#18;��&amp#4;$ &amp#1;	H@&amp#2;&amp#18;��&amp#4;&C&amp#2;���on���_���/���s�9��/��2SN��dx-&amp#29;�&amp#4;$ ��&amp#4;��{�w��&amp#22;Zp�&amp#5;;��&amp#4;F�&amp#0;����1j��X&amp#2;&amp#18;��&amp#4;$ &amp#1;	H@&amp#2;&amp#18;��&amp#4;$ &amp#1;	H@&amp#2;&amp#18;�\&amp#8;�����w_e�SM5�,��2�3&amp#18;G�r�r��o}�&amp#7;&amp#30;�f�m&amp#22;X`��)&amp#15;�&amp#16;`/T�&amp#22;
�y�Yg͒�\s�׿��<��[����?���'O8ᄇ&amp#30;zh�m����?�g{J<���=�\�*�y�{�c�8�裏��o�f�i�o�N�͗�&amp#4;$ �a&amp#18;�����{�[��Eno��n3&amp#24;�&amp#5;~��_�'@�G>�&amp#15;���M7]�����Ҕ�&G&amp#2;���Us�&amp#18;��&amp#4;$ &amp#1;	H@&amp#2;&amp#18;��&amp#4;$ &amp#1;	H@&amp#2;&amp#18;���&�?�i�=���+k��������w��<���&amp#23;]t&amp#17;�&amp#23;^x�r{�O��K.�&amp#4;K&amp#5;
&amp#28;y�)��3��u�Y�mo{�&amp#19;O<��&amp#15;~�/�&amp#11;�)&amp#12;��vD�&amp#31;��G���ꪫ��^q����:���I���?�����/&amp#1;	H@&amp#2;�!����꯼�
&amp#6;X�6�n���>&amp#18;�8������U�m��V&amp#27;o�q%��^��[0g&amp#0;&amp#8;p[��>&amp#0;��)H@&amp#2;&amp#18;��&amp#4;$ &amp#1;	H@&amp#2;&amp#18;��&amp#4;$ &amp#1;	H@&amp#2;�I&amp#0;&amp#31;8>�\��N��ԧ*Cy���&amp#30;9�FWN������{���sϽ��[���SO=&amp#21;Z���/�袋fū��*҇&amp#31;~�&amp#18;K,��D���p8����&amp#6;�'6�p�뮻��A&amp#7;&amp#29;t��g��޽�g% &amp#1;	H�=�&amp#23;_|��.&amp#27;?~|<���3��3&amp#19;Pd�%��K��&�Z�GwV�'��:����
+.�~�,��)����k��6+k�Z��kz�&amp#8;���ο!#&amp#29;Ҝ&amp#7;f.����w�ɏ9��{�&amp#20;�&amp#23;����_l���6�쩻�S&amp#24;S#&amp#30;y�~��7�d���x��w�v�m���v�&amp#17;
,�j�&amp#28;N/�W��?�!��no��&amp#22;#5�c�9��&amp#19;۱���H�i;}&amp#16;�g�?��&amp#15;&amp#2;欴�J-�O���e�&amp#22;&amp#27;���$% &amp#1;	H@&amp#2;&amp#18;��&amp#4;$ &amp#1;	H�&amp#11;&amp#1;&amp#4;���_�&amp#2;��&amp#19;?�&amp#15;�&amp#3;ktH&amp#2;,O���&amp#1;&amp#7;��g?����~�&amp#27;4&amp#30;�K-�T��&amp#7;��/~������&amp#18;;M�����S�o�}Y�]�9DhY|�������:8/���e~Oi\�)���+��X�H&amp#23;�Id��w�&amp#29;&amp#3;&amp#11;n�s�=��|&amp#22;6!&amp#1;	H@&amp#2;�	�t�M���<߹|0u��&amp#21;i�讷�9��zkh�&amp#8;�|&amp#1;��]��&amp#20;-��|������'>Q���|vdb�&amp#8;�Sk�&amp#28;/*��&amp#23;\p&amp#1;֝�j�L�*T�z&amp#26;��G�ݪn���G&amp#30;y�M#���&amp#26;��R�*-��p�&amp#24;6!�,O1
cz��&amp#23;�U��&amp#31;&amp#22;R�)e~�L�&amp#14;<�@B�d�1���-Bu�&amp#8;&amp#4;�vb��&o��&amp#27;l���&amp#15;�$7ɠ�&amp#15;q!~򓟴�3��C��-���Ph&amp#18;��&amp#4;$ &amp#1;	H@&amp#2;&amp#18;��&amp#4;$�+����~P[�P|�&amp#23;^{��8�&amp#29;v�!���&amp#15;~�:X��&amp#15;}�C(����+%&amp#7;���;��u^xw<����Zo��f�a��:Z&amp#11;�&amp#31;��&amp#7;���9�	��Z�َ���{��&amp#16;Z�Rn�&amp#24;�&amp#11;�&amp#8;�`	���g�.,&&amp#1;	H@&amp#2;]&amp#8;����O��-<&amp#22;Yd&amp#17;
�8���1w#P
>�&amp#31;����&amp#22;zzt�&amp#21;�t�f�r�}	��85�3~��&amp#12;O����k��/ӃD�_#&amp#6;���.(~��r&amp#11;���g?�)M:a��	�[�{����&amp#8;�&amp#3;}��?��;�ctʃ����&amp#5;��&amp#24;0�-CE�_9�ԝ&amp#16;����`&amp#6;��o|��!<�{���+�|��&amp#15;�C���ku�O&amp#8;&amp#2;ü��&amp#25;���p�YW&amp#2;&amp#18;��&amp#4;$ &amp#1;	H@&amp#2;&amp#18;��&amp#4;$0&amp#0;&amp#4;X_Zw�u	r��>�0&amp#29;���:�,��sj������H��$�i����g����>��١���&amp#5;+
?����ر�E&amp#1;b=������T���d`-��x���\s�5�&amp#28;s�u�o���W��&amp#21;i�&amp#30;/G&amp#27;g_{�5&amp#22;&amp#18;I�9��&amp#21;���{���}�&amp#5;&amp#23;$�`����/��&amp#25;&amp#27;���D����?�a��'�?����#�1����BY�L_z�q��R�3)�!&amp#7;��lh�Nfp&&amp#29;&amp#27;�����w�#��B���q��&amp#16;��2�`�&amp#17;�x���b�&amp#19;�.�F��^{�Zk�ս�g% &amp#1;	H`H&amp#2;7�|s�!&amp#14;1�:+�&amp#4;!f��O���&amp#20;���ܪ�Gw}&amp#12;��&amp#31;��&amp#21;W\�/��&amp#0;]/��r��x�cZ&amp#23;_&amp#16;��/&amp#27;4=x&amp#4;zV&amp#25;&amp#7;&amp#15;�d7#b�3f��J���&amp#19;�W{TDq������;,7��^ߕ�,s��W�����i��x-�w���]&amp#6;�Oۊim�*���&amp#4;�yM�3<��гn�&amp#4;�j��&amp#30;;餓z�hy	H@&amp#2;&amp#18;��&amp#4;$ &amp#1;	H@&amp#2;&amp#18;��&amp#4;�M��7<�q�F`F��&amp#30;Q&amp#2;&amp#8;EK&amp#26;�&amp#0;� �����G&amp#31;]��ƹe�-���Q���&amp#30;"R=q˳z$&amp#8;P&amp#31;ro&amp#28;R��g�.����w�e���7r�&amp#17;G&amp#28;A�3�<3��qT툊��n����q
�;2Y�cS��N;��B&amp#26;Mb�w�~��#��_�"�&amp#1;�&Q�ٿ��˳X&amp#20;��a�z�!���
D>&amp#17;��?��pm'�lm�7&�;&amp#6;�y��6
ϟ?����#�c�&amp#21;#&amp#6;�"�WLS_��Wb�/��R���w�3&amp#18;C����&amp#30;{�&amp#12;��+�Pn&amp#31;&amp#18;�&amp#5;$ &amp#1;	&amp#12;I 7b&amp#15;��z�Rk�l&amp#31;��z��WFf����&amp#18;K�/;&amp#6;d���Z�ޣ9�D@�}򻚘�2hl?�3t�#�GS�i'��Z&amp#23;��_��Ǐ�B⠃&amp#14;">6[�W��-�F �����&amp#24;���*&amp#22;��&amp#4;�yM�3<��гnO&amp#4;��'<]OU,,&amp#1;	H@&amp#2;&amp#18;��&amp#4;$ &amp#1;	H@&amp#2;&amp#19;�&amp#0;2y&amp#4;N��ǻ��S�!�&amp#28;&amp#18;eP�qR��&amp#17;��&amp#25;�n+�N&amp#8;�h�� �0�Cxf�+���#��~�V��9��&amp#20;`?Z�f��-.�Y~8�=��&amp#19;&amp#11;&amp#0;Z�����&amp#11;�Q&amp#8;�l�&amp#24;��0��FXxr2�/>0]�e��X0� q��5>��:M�����p&amp#23;'~�g7�l��&amp#27;o��b&amp#31;��|&�����G���NT&amp#0;.&amp#1;�D�&amp#2;w�1�_@�5!&amp#1;	H`�&amp#4;�M&amp#24;&amp#1;Z�l��Gw�����w����Ċ+��Z�ަ9&amp#3;C&amp#0;�J����j�~�Ɛ��3����{�&amp#29;&amp#14;y&amp#19; �&amp#18;�������^�&amp#28;����_�pc����k&amp#0;&amp#17;&amp#2;��]�VYe���[qB&amp#16;&amp#24;�5&amp#29;ΐ�&amp#31;�CϺ=&amp#17;� ~=U��&amp#4;$ &amp#1;	H@&amp#2;&amp#18;��&amp#4;$ &amp#1;	LL&amp#2;��6[t�.ݝz?ꨣ8ł&amp#6;&amp#30;�&amp#17;&amp#8;�CVl&amp#17;�y�[l�Ų"&amp#14;멵#r���6�|�$&amp#14;|�|��׉�&amp#22;Z;��&�l&amp#18;A��\��&amp#19;Oĕ�v���o�Ɵ���@kg��}��76/�&amp#17;bI2<�&amp#0;��q7g{]2q���/|�&amp#11;&amp#0;a�]&amp#28;��t&amp#23;B>%�o�,��>&amp#31;&amp#14;7�tS�mD�h<&amp#11;4&��Y��*r;Tc_H���$�1t�}�ݳb���!��(&amp#19;K��&amp#17;F�!&amp#28;�[��,Y&�&amp#4;��'ˤ�.�hyʴ&amp#4;$ &amp#1;	�J ��O9�&amp#20;�9��ܩ�,�ӣ��Z��VS�&amp#25;�&amp#11;��|�;&amp#15;&amp#7;��r� ]�Q��j��&amp#22;[&amp#28;&amp#17; �_������|��4
G1v�b�$�Ĵ'FV�.OR~�ϋGeۧz�&amp#8;&amp#11;�&amp#1;V����ǋ
�O�[ٿ��Q�G�G?��zSC����&amp#27;&amp#2;�.���&amp#25;�&amp#30;&amp#3;[��Û&amp#3;-`QE/�&amp#20;cD̻&amp#7;F���3Oc��)�
A�4˯vvҪ���&amp#26;�f��'�|��&amp#26;&amp#26;�k^&amp#21; �&amp#11;I�L�H�&amp#20;�y��Ԛ�Bp0^&amp#27;`��&amp#2;&amp#11;�꣥}�?��&amp#19;������x��&amp#21;�&amp#28;.���g�`^�$3T>e�2�>a�A1H�3H`2�zX��k&amp#26;��&amp#14;a&amp#18;΅`��<�쳳�>;=�_�l\\�	`���2e��&amp#25;&amp#0;oV̗Z����H���@���pfk1�����_�HX&amp#5;�T�Әny?D]n	���&amp#17;�&amp#11;a��&amp#29;[	�V���PR�&amp#29;\�	j�5又�k��"��&amp#0;�HX&amp#29;�&amp#2;&amp#1;<�)*&amp#3;&amp#0;&amp#14;73-�X�	&amp#17;�&amp#24;9&amp#15;�ʰ���&amp#15;��/nr.(�&amp#27;7&amp#3;��4�LSi��!��6tĝC&amp#25;n&amp#30;�$��2k��#��Vd���ǥ��C�V̖3�5=�s�&amp#16;#��Ǹ�&amp#30;|��&amp#19;�&amp#4;o&amp#0;����y&amp#8;��>|�Hߣ�&amp#22;�o�&amp#14;J\�w��]���#�g�Lpɸ�ccB�&amp#4;&amp#1;J��&amp#5;"&amp#17;��� �&amp#1;�����|��{y�p`�@�(.k<��e�ßi6eB&amp#2;&amp#18;��&amp#4;$ &amp#1;	H@&amp#2;&amp#18;�@�&amp#0;���3�Ȣ&amp#16;�f�&amp#21;���k5i֑Rk���֓�H�q�&amp#25;qx��&amp#7;�qm�"2�2�,������!B;&amp#26;s��֌�;��ĮG&amp#21;��}D���}&amp#2;��&amp#22;��&amp#23;od�o�=��9�%1��&amp#28;FO��_�dԲA�����OlB�&amp#3;��&amp#2;&amp#8;Z{�%&amp#16;.1E&amp#20;
�f�o}��>/��n�-&amp#1;>��&amp#20;�(̛�r{���&amp#18;��&amp#4;z%��0����S��ۣ:���&amp#25;�JZi��Gw��t[o\��~�Ċ����t�� &amp#17;@�л}�.���&amp#5;�U~I�z��������
Bh&&amp#6;���}&amp#14;ū&amp#28;%�\��R�
�lF&amp#21;���&amp#29;wܑ4B����&amp#17;AQ�(�c��&amp#5;K(z)�&amp#25;�&amp#18;8&amp#11;!�6/����p�4/'&amp#24;&amp#5;S��&amp#27;nH!&amp#28;�2F��&amp#31;����.�X���
+���/*T���t���>&amp#31;�Lc�[�;e~&�O�4�9��m��Ҥ��<^&amp#12;8��4&amp#23;�W�J&amp#21;��&amp#6;�V�y&amp#22;�
�&amp#24;UdN$h'�i*���-vc(l49گ���:t�m���W�)L���g�R��@�5�L¸���L�ro�&amp#14;��U�����bj{�w��&amp#1;p���F&amp#26;�&amp#28;&amp#18;#x?`&amp#19;G�?��&amp#15;��+����u&e���C�b	�;&amp#19;i�l����;���x�,O���~&amp#8;D����8�1-g�h�y)/���1.ϒ`s8&amp#22;&amp#5;*�&amp#29;܊����F1����[/Z@��~F�.&amp#27;�4&amp#1;*x���9��g�}�����23�t����^-�x�}���^<&amp#24;�6�#=��C�&amp#18;~Y����矟9��#�<��wy�Q1r8�=S�s�s��oȜL�=�h&amp#1;	|����5&amp#27;�&amp#4;+&amp#14;��iB��Ź�[/ɅÙ`�5�Ȋ$����J+���o&amp#5;&amp#26;����#�o&amp#16;��eEZ#ha�$�&amp#14;s�َ		H@&amp#2;&amp#18;��&amp#4;$ &amp#1;	H@&amp#2;]&amp#8;`�ͻ6&amp#5;0��^�b�&amp#5;�&amp#4;&amp#28;�y�/Ŕ%c�X�̗^z�2��Η#V�*�8�ݜWW&amp#18;7�|se&amp#5;�^�M&amp#14;�]��&amp#30;URx&amp#14;&amp#2;m�i,��&amp#6;��)w1&amp#28;o�ؘ�&amp#18;&amp#25;KI�&amp#2;1��O>&amp#25;��;３��%�&amp#4;TV�dXK`�N�U/L�y˦&amp#12;	^6Yj���%��a�6MK@&amp#2;&amp#18;�@�&amp#4;�����br~��U�7�ꫯ���V���{tW�&amp#20;��u��,�)ʰ&amp#16;&amp#26;9���vL&amp#12;$&amp#1;�����&amp#19;uRH&amp#29;(�h��:���7���kb@Ĺ"�U98�?����S�r{��m"�#�l��&amp#6;��Ђf�+$��&amp#28;"�c���jw)�&amp#28;�0��`!���GGd�&amp#24;���_��+��}&amp#30;��m�]hH��&amp#4;�&amp#16;	?�s&ΰq��*��k��6� &amp#6;3w�&amp#4;p��Y.
� �+L*&amp#21;y��Qq
�i��@ﴳ뮻rEʗ&amp#25;�U&amp#20;�&amp#28;&amp#21;�  �&amp#5;��7^�+&amp#15;&amp#17;SSkG��݆��&amp#8;&amp#14;�&amp#16;NN��&amp#4;�&amp#8;�E�2H�2/,&amp#12;�AVꖇ܄(|̎v��M&amp#27;�2��:&amp#12;��ղ<iNm���1e�xAJ�&amp#22;���e&amp#20;�FͲ�H&amp#28;��&amp#31;���׾&amp#22;&amp#17;&amp#29;x���&amp#2;�&amp#8;n��&y�e�K,�DcG������&amp#8;&amp#23;��Q&amp#29;>\\.7�ǆ��4��-G����We~&amp#21;���� n�|#�5�&amp#12;�>&amp#23;�{�&amp#1;&amp#16;�&amp#4;�)#�q�"��`��v��>&amp#19;��P>7�c�4����CgP���Ke�q���Z;w&amp#14;C�&amp#11;�p��/��=u���}��&amp#5;;�(L���c$�&amp#8;� J3w���l�H&amp#21;8��w&amp#23;&amp#23;�t��̥�v<U0	��V:B�f�8d]&amp#18;�&amp#25;U��YOޥ�B������ã8�v
�&amp#16;%㏑�\&amp#17;�!�&amp#20;�&amp#15;�=�&amp#23;�X&amp#12;⏝&amp#2;&amp#20;&amp#6;&amp#26;�5�]L&amp#4;�&amp#3;&amp#26;�0���g8�Sx�=����+�f�q&amp#14;�ю�K@&amp#2;&amp#18;��&amp#4;$ &amp#1;	H@&amp#2;&amp#18;�N ^�(S	�V��m1r;��&amp#19;@q�ŐW�J&amp#25;&amp#14;cA�D,&amp#20;�&amp#11;d&amp#14;oX�y���'F&amp#1;֗B*&amp#8;����w���z�&amp#20;*05��m�&amp#19;^��Z���J����H�H5�}G&amp#25;@�$R)ϋ9~&amp#2;D&amp#1;,�&amp#27;�&amp#18;�*婧����m&amp#20;ߞ�&amp#23;_���F&amp#21;�aY�5-&amp#1;	H@&amp#2;}&amp#16; �˒K.I|SB�D�&amp#22;&amp#30;¬&amp#19;�a7&amp#22;<����&amp#30;�Y=&amp#18;�8��&amp#2;�
��i��+�y8`&amp#4;��&amp#7;삎�t��λAl&amp#31;�TV���f&amp#30;?~<�B&Ŀ���&amp#16;QJ�Zk-�,&amp#4;&amp#18;���&amp#27;&amp#5;�ΐۑ��ԛ�Yb�����)���E_A!#�H�sYx&amp#2;%P�x��?�=/o;h�(�&amp#4;�"&amp#6;@�IhɌ�a0��_>��&amp#15;}\6�&amp#30;&amp#25;1~��f&amp#26;r�Ȣ�H`��������"���
�J#�U�]&amp#24;��&amp#17;����;�&amp#23;M��&amp#18;!��&amp#20;&amp#12;Sx�Q5��x?�`�+Ui���cO,^&amp#14;�(�t1T&amp#28;^y��f�:�:�SW\qE]�̺e"^#��>aqo��&amp#25;�6�&amp#31;�?���&amp#15;8���|��2>�8�GTj�����p��,��R�ߙ����&amp#3;��Ck_���E#4&amp#25;v�8X��&amp#6;����$ۯ'z�&amp#31;&amp#8;�&amp#16;W�&amp#23;{&amp#20;���Q�&amp#31;o����&amp#7;.&amp#4;��4Ⱦn̥����Ck'�&amp#26;�&amp#3;&amp#29;�b���i �"�2��'�f&amp#5;s&amp#22;&amp#2;
��&amp#4;&amp#23;&amp#8;&amp#25;�{�K&amp#19;c��+�vbQ&amp#16;�/	&amp#17;���[omc0��?��Fh�&amp#12;N��&amp#14;7&amp#18;]�l�&amp#14;�2G�&amp#24;Ckg����^q<$1C�?&amp#12;&amp#17;b߾&amp#24;����O&amp#31;wn�J�<�&amp#11;ʓd�-���}<{�<�L�l(�M(�g�a��v�v&amp#17;�&amp#4;&amp#7;tB/�&amp#15;M���&amp#19;�<�xL��_u�U�&amp#26;I��K/�4�)f1<9sl����&amp#4;7g:g�&amp#2;KQ��˩26&amp#0;3�'�v�'&amp#24;&amp#0;�C�&amp#8;�&amp#15;�ٔ		H@&amp#2;&amp#18;��&amp#4;$ &amp#1;	H@&amp#2;�	��B&amp#1;<(��	�&ëS&amp#4;-�]�&amp#15;KF8&amp#6; 0�����M��ܩk^��	�m�:���&amp#28;�&amp#30;��N&amp#5;z�o&amp#28;O=�zOmFa^��ݶ4�J&amp#21;��q&amp#22;J�&amp#5;�
&amp#27;�vx]�7�h�눧&amp#16;&�,&amp#19;��
FEng��%,Ɯ�W��P&amp#2;&amp#18;��&amp#4;J&amp#2;�헁<�&amp#20;˿�Q��xJ���z,r;��<lc�&amp#17;��,r��j����]vD�MH���c<��R��|�;&amp#15;&amp#7;�&amp#0;�ĸA��s&amp#25;-&amp#2;���]�����a9&amp#12;\6C�<%��g?��H��ef$2�U��{�p&amp#28;b&amp#5;��&amp#20;z*9�>�z&amp#24;����&amp#29;�&amp#28;�&amp#21;G<&amp#19;�2�v&amp#26;g��T}ʸ���s&amp#22;;�RCe��m�Y&amp#12;)�h�&amp#28;&amp#30;�"Z&amp#20;�S��0��v�)*v�8ޟ��S&amp#18;5�F�J��FyE��4�l~��å�f�m�Ԑ�&amp#19;q+ʠ\��N&amp#14;C�+� 0�-t&amp#25;$&amp#14;��U&amp#26;3&amp#17;�P&amp#31;����&amp#24;]&amp#19;&amp#27;&amp#5;
s�5"
��&amp#20;Y&amp#17;k1�ॗ*��&amp#24;14vԘ��~��MGy)i&amp#16;�<�Ŕ���Jf��&amp#1;��Ɵ	�&amp#7;���k$/��Si|��&amp#3;�/&amp#15;�r�o#$R:��"D|��cHN������iy&amp#12;&��Xl��Rk'�&amp#11;�&amp#15;�rK��i�N���)��&amp#2;?ݺ�>D/��U@��>�ۀL��&amp#17;�I�&amp#22;ͲH&amp#22;.&amp#19;�9r�&amp#24;&amp#27;Q&amp#6;&amp#27;��-H&amp#23;h����&amp#20;�&amp#2;��(3��Q��/I�;&amp#31;;�0ib����Ꮚ-أAL��Gr�F|��]��&amp#1;�&amp#5;|e�+&amp#23;�y��:���'�Z;-����/}):�&amp#26;��%�&amp#20;՟5&amp#14;�+��٣		H@&amp#2;&amp#18;��&amp#4;$ &amp#1;	H@&amp#2;]&amp#8;`�&amp#27;g+�%�U0��b8����y&amp#15;�h��r�rj����Ro-�i��W�J�x��&amp#6;+g{=,_�{�۽<�F&amp#20;ȕ���[�&amp#5;`�$��&amp#16;JI˺&amp#20;c�*&amp#28;�+o�e&amp#11;�zN�oZ&amp#2;&amp#18;��&amp#4;J&amp#2;�&amp#2;!:f�C��L%�?&amp#21;�O������Y)V9l��*)|�&amp#0;^i�����b�hY�ަ9&amp#3;C&amp#0;�A�}`��(O$�t&amp#2;��C	wU�;&amp#21;��,��&amp#20;�&amp#30;�S���$2���>��2�K:��J��0O&A�+�&�!rr�e����!���&amp#31;�Z&amp#6;�����&amp#26;e�,�=��/�&amp#22;e�Ҫ���[��5#F&amp#30;���,�c���^�=*_&amp#8;+M�&amp#15;s����g�X��f�e����廤y}��E�ˈa�DW�r��ZH&amp#2;!JV�t�WϜ��C^�
g�&amp#26;ѿ{�r&amp#14; &amp#18;��ClTF�&amp#21;^h&amp#0;&amp#0;@&amp#0;IDAT&amp#1;�U!�ɖM�~@]h���&amp#6;I#���&amp#7;�+k&amp#7;�&amp#17;�=�&amp#15;��uC�f�&amp#1;&amp#12;&amp#27;+M���l�f�?��&amp#31;~����Hz&amp#24;�m6Α&amp#2;l���<&amp#12;��)˓�G(��+��;L&amp#19;����&amp#28;�G0&amp#22;��Gqj�����uJ���e"��B�^�nt��L&amp#24;&amp#22;�}FT䞉���zꩲ��ϴlʹ&amp#4;$ &amp#1;	H@&amp#2;&amp#18;��&amp#4;$ �N&amp#4;ҁ$_�:��|�bpҸ��w�y�X&amp#17;�c�&amp#8;g����pw�<�w2����Hɹ��8۽�!��]�w�0�&amp#30;�&amp#1;&amp#16;�1�&amp#24;@A̼^G&amp#24;הQUĕ�z�f�izm��&amp#18;��&amp#4;� &amp#1;���&amp#29;T���gvb�>9�ݖ:=�+]�|&amp#30;��T�ff�r�k�J�&amp#30;&amp#14;&amp#24;�)&amp#7;l>Ng�&amp#8;  �#&amp#24;=������ESl{�R�^�il뮻n&amp#4;$��O~B��(�Oސ3&amp#17;�*�c�v�o�&amp#26;Ne+��.-�ȩ�����)L&amp#24;�̟g�y�r�n��jtEz̊�&amp#18;���.&amp#12;zD�FQ&amp#11;�Q�N���&amp#26;��.�&amp#2;��&amp#18;���R����Y&amp#12;��X&�# v�ΜN	��&amp#17;�p%�R��&amp#4;/d<�� �S&amp#21;TՖ���B�&amp#19;` ә��]&amp#26;��&amp#29;�x&amp#7;f�&amp#8;�&amp#17;�!��h?�#&amp#18;2Mq�J�o.k\&amp#5;6���Q�Ԑ�C�b$�������&amp#28;��@|���H�0&amp#8;|��Y,�d0G�&amp#21;&amp#1;&amp#30;&amp#11;l��&amp#3;������	ßR��&amp#4;.��c��&amp#16;�ţ�H�]�EY�1�Ea�&amp#12;&amp#6;à&amp#28;0~��s��<L y��1���T����o�Ӹ&amp#1;G.��|�&amp#27;lDF��&amp#29;&amp#15;&amp#1;�&amp#26;x��w��I,��C��y΀�&amp#21;
�Ɩ~��^��&amp#18;�O��?m�K4�w&amp#14;�&amp#17;�i}`�H@&amp#2;&amp#18;��&amp#4;$ &amp#1;	H@&amp#2;&amp#18;�&amp#16;x���S�m|׮��C�&amp#22;y�%p�y�&amp#23;Q&amp#6;�i��a�0�b�6���&amp#4;f��#�(Tzz�&amp#5;X%�S�oR���L�lab�q&amp#27;�%q&amp#4;�vl��č)�P��&amp#23;V&amp#17;lm��d'&amp#31;������&amp#16;&amp#2;�Q}�K7���)&amp#1;	H`�	�ڤp��dS��<��4���]��
g��{ｙ�2鰗_�Y�e�l��@&amp#18;Pn&amp#31;��:
�B&amp#19;E5g�d�M��&amp#26;:ez���u&amp#25;&amp#19;�&amp#20;r;&amp#5;�jRn����D��R�<���(ͦ*��o�ldD�&amp#21;W�h��'M��K/�:Ň'r����&amp#23;^&amp#24;�*q�;&amp#15;��k������7X�be~~+�����L):&amp#20;�Jy&amp#14;��[���W��f�&amp#6;��/&amp#17;&amp#27;�&amp#15;W�Hڸ;�]�i�� �*s&amp#24;a�Ț�c��j�u�Y�?�������9�21�㝜Wk,�r
\ܐ!Q�3�K���&amp#16;&amp#19;�o�O����)O�~h|���'��+�+��[
C�x�1�p�wc>(�ı`S��L�&amp#7;ѩ���s&amp#0;�0���!n�TO�ò��4���&amp#23;_�_h*�����9�=��ϧ,_�Gd!��5F۫�u#2*���<�&amp#23;씁��Ao~�'�%Dݓ�四o�&amp#25;K,�&amp#26;����~c���G�%&amp#27;Mv�ϓ&amp#17;�ivjB&amp#2;&amp#18;��&amp#4;$ &amp#1;	H@&amp#2;&amp#18;�@#&amp#1;쉏>��x�!�YF:l,ܘ��&amp#28;��7���'����k;Ͳ>���[w�&amp#15;��&<a�V'�y�b�&amp#29;�^&amp#28;c+�[�&amp#5;&amp#25;��n˞&amp#30;��H߉X��W�!�a&amp#25;�W9�i~�ΐ-�&amp#5;�4&amp#7;&amp#30;x`䰛&amp#30;�󾏖O&Q&amp#24;&amp#19;BY��FS�}!+��Q2��5��ԛ2G&amp#2;&amp#18;��&amp#4;�&amp#16;�:
�7��f�i��&amp#24;&amp#15;al�"g�%�,OuJwytW��p�3����o����-����8%�^�W��p�&amp#8;`�h0�A���<�UW]5Fp�UWE"\�	&amp#0;&amp#18;��;��PW&amp#17;(��6R��(����]�i<��Ȼ��j��wf{;�e�]6d�-�����&��&amp#17;&amp#14;�q�W#zǢ����20T+��{qh�!`&amp#23;����ʡ}̀4���j�I����C�!&amp#14;;�0&amp#28;��Yf�8{�M7��;{-��[���cY�M��&amp#14;��)I6�&amp#27;y��E&amp#4;g�&amp#5;�gh�T�a��&amp#1;�8"4��M�}�&amp#31;¡�&amp#30;����2�e�k&amp#26;��t?��x����&amp#31;&amp#11;��?��a�&amp#15;�7^�����S&amp#14;&amp#6;՜?��?&amp#2;C����o����x�&amp#28;-V,&amp#4;T�&amp#30;�M�&amp#27;�&���'6���}��{`9#&amp#30;M<ʰyg��F���q�&amp#25;��b�&H����x&amp#0;�`�'FjTh�,O���I梋.��#�ē>�@wdB�����/�&amp#11;��Ӏ=#�&amp#2;e�2��	�鯻l��HʹҬ�&amp#18;��&amp#4;$ &amp#1;	H@&amp#2;&amp#18;��&amp#4;�&amp#0;�Ҽ��V��׳ԓ�:%&amp#26;&amp#29;�1 ���*�Ay�Ǜ&amp#20;&amp#27;�wj�|���,��M&amp#27;�&amp#27;R�`�)&amp#27;IW&amp#7;�h23&amp#18;&amp#24;Ǐ��la-�A��U��&amp#28;���f&amp#7;�&amp#2;=&amp#29;�|���8�Q�����w,�����&amp#15;/�&amp#8;ؘ�1�&amp#29;e�=�X��o�&amp#29;"ws�k��z&amp#26;��% &amp#1;	H�N&amp#0;�0\����v'&amp#31;�[�̙g���&amp#16;^��F��f��n�"������`&amp#16;�"r3a�C\ρ�r�-w�}7�+��r~;�Z>[31x&amp#4;��w��]�Q�&amp#17;Z b!�����&amp#17;�0>E�c4&amp#8;`C���X&amp#8;��Z����7�c��.N��f;�XO�'�&amp#31;*&amp#21;G�&amp#16;��s��b�-��ң=��&�&amp#24;,&amp#15;96f�<&amp#31;�HT�1滧&amp#19;�![�&amp#2;霍���0�׬�=A�.>X(s��&amp#27;�E���7�.W$���j��;�M��J����8/��F�Y̽i�S#5�&amp#28;&amp#21;��|����&amp#0;�-�|�%.:�SO=u&amp#22;nL�z?`&amp#30;��Z��&amp#4;�9^#˾F�~��R<��y���uIc��p��-�T�&amp#7;�Uf"�5a���&amp#21;&amp#17;�7�l3"��&amp#8;I8�x"j�G�}�v�&amp#29;�&amp#21;�i�-��&amp#14;���<{&amp#25;2��&amp#18;&amp#27;�m��FC�&amp#31;N�&amp#28;琍��0O��&amp#15;O�K.���B��=�&amp#24;1&amp#27;x��0��FD��I�"T��&amp#7;f%a�5��+0�3�o&amp#0;֒�&amp#4;$ &amp#1;	H@&amp#2;&amp#18;��&amp#4;&amp#6;��&amp#19;O<&amp#17;&amp#11;��&amp#7;6�>,��&amp#28;yq�&amp#28;��95Q���[i��p� &amp#2;&amp#31;�N�آp�f_n�&amp#23;�&�T��̶\�U�:��&amp#30;�Np�w&amp#18;�6\Yx���k���&amp#21;!ޗ��^����?�n&amp#17;#d�)��&amp#24;-�0`�:&amp#8;F��9�x,�����3��&amp#8;^5v=C>�A"���!�`���&amp#29;v���g����26���~l�&amp#27;&amp#11;�,&amp#23;�B%R&amp#11;�t&amp#1;@��f�\;֋�Ix&amp#0;�%q�`{2¹&amp#17;ԓ�L�&amp#24;�#�Tz�m����\i�C	H@&amp#2;c�&amp#0;ˆ&amp#17;��/>>%��g�&amp#25;�(��ʯ�^&amp#31;�&amp#8;�G&amp#28;q&amp#4;�&amp#18;ą&amp#16;��>j:�>�,;���+&amp#23;&amp#6;X�=�/�t:�*��ώL&amp#12;&amp#30;&amp#1;������9#~�"�����_�&amp#25;&amp#31;���©�����"�g�e\&amp#30;�Ԫ�b�޺�nJ��D��h��&amp#11;�xV��dy�B&amp#26;�=�hc|m�&amp#25;&amp#18;�O!��5<^�r�m��T&��ZZ&amp#22;��㛯�i�f���m��&�&amp#28;r&amp#8;�2�����٦�Ne&amp#26;�&amp#28;yα�^�\g>߯aݸ7v&amp#22;�;A��0&amp#2;୒Wn<wyg��E:wo���!7�a����H Y����=&amp#31;�z�����Q�?y&amp#28;�y>묳�U'&amp#19;q��ۣ&amp#24;?�x&amp#22;�a�&amp#2;їL��s�u�`�&amp#24;&amp#27;�&amp#31;|e��1&amp#24;Ct����#����L��	1*V&amp#22;��t��&amp#8;�:&amp#11;4�le�B����`�؎�&amp#11;�b�RZ�N&amp#8;&amp#14;&amp#19;b�&amp#19;b��)&amp#1;	H@&amp#2;&amp#18;��&amp#4;$ &amp#1;	L&amp#22;&amp#4;г�4&amp#14;u�M7�p���{/k�&amp#8;�}խ�2�мXea&amp#29;��&amp#7;��7?y�&amp#4;��y��N;�:��&amp#0;��,�d~$&amp#8;�ƻp���&amp#3;��l�G&��|ʳ,�!�9}�ѹ1��z9e&amp#28;�;��g(~&amp#2;��1A]C#���p���*�FY��q�&amp#16;�Z�"LƘ�� 6������&amp#22;j���&amp#24;4��&amp#4;�&amp#11;�&amp#30;&amp#29;�v̑�&amp#4;$ �.&amp#4;&amp#14;>�`&amp#28;&amp#20;�"�[&amp#15;�'��&amp#4;&amp#17;!z<ۉ��P
��HO��Y&amp#22;���g8��n��Z��0�x$P�+�Y���4���&amp#16;x�.*C�&amp#12;�Ĝ�h&amp#17; �yt�Gc؟&amp#18;�U�3^&amp#12;�&amp#21;�&amp#19;n�ȍݣЗ�#&amp#29;F����B>�J��=d�(��_��&amp#23;Q�y��2�H�-�vF&amp#30;a&amp#0;H�fU&&amp#18;&���>&amp#14;S^�̹^���:���&amp#11;�s�&amp#17;�U'���^fDr&amp#26;�������&amp#25;��5_�a��&amp#14;�������&amp#29;I�����&amp#29;v؁&amp#8;&amp#7;�&amp#11;������!�v���&amp#15;>�f�S&amp#19;�~ȿt����V�E&amp#23;&amp#23;���p�&amp#28;p%��RK�W&amp#29;���Z�&amp#12;�������0V�v�6��7R��V&amp#31;�&amp#27;X��7by��t�&amp#11;4��SS&amp#20;&amp#30;�Q���"�&amp#26;8&amp#21;���.lq�����&amp#28;eؽzS#�3�f:"ó&amp#17;	H@&amp#2;&amp#18;��&amp#4;$ &amp#1;	H`� ����hY�a�1��Y����&amp#11;�ۻk�H��?u��H���&amp#3;::t���&amp#2;l׈�&amp#6;&amp#5;�
i�syu�&amp#28;����&amp#11;ѽ��D&amp#4;uL�	�V_�c����:�&amp#2;�&amp#8;	te֬6�|�&amp#16;��a�;]#�l��B&�Aծ��R&�`g��&amp#23;K:����X����c�&amp#4;6����&amp#2;TF싎�R&amp#25;��u��ġ&amp#5;�"�&amp#29;�0��&amp#15;F	���&amp#5;uF&amp#24;]��8�����&amp#4;$ �
&amp#1;�R��79k��]:_L,�7~q������>&amp#22;��&amp#29;Z�.#�	����Y���('�xb�+�2��/�5=0&amp#4;���D��&amp#31;&amp#31;&amp#3;31'2Z&amp#4;&amp#16;��&amp#6;q	%&amp#20;v��Ö����`�&amp#20;�E5d��'�e�(FX'�&�p:ke�v^?�~��I$AԬ�l����r���￿�̌]-���o�KI��T�&amp#25;&amp#4;/�&amp#21;�n�w�[9Ũ�_�L���kI勭Rw���{&amp#3;&amp#19;�0��to`2�|�K��&amp#4;��1���vO#'�&amp#25;��1Qcl�N��&amp#3;&2���2w+��&amp#2;(�&amp#23;�#��[&amp#30;fb&amp#4;�l&amp#19;s&amp#7;��1o�&amp#19;���F��&amp#21;�����]�K;7j�k4&amp#22;��|����7�4���&amp#8;&amp#15;&amp#8;�r�pL.����'X���7���N�!�,�S(�ة�&amp#12;�έ�iN�b��?*�����̿��W��&F��;�X�&amp#8;O;�X�(3G<=�����lP&amp#2;&amp#18;��&amp#4;$ &amp#1;	H@&amp#2;&amp#18;��&amp#8;�:�h��f&amp#22;�4��"��ǝ�!�aY3!�!���VHx��ʛ&amp#31;ֻp�C&amp#18;Η�r&amp#12;��`��5��X����{w�b[&amp#22;�4^&amp#28;h���#�&amp#24;��ϗ�&amp#8;�[VAZ�ϥ,��,&amp#22;&amp#3;X$�&amp#26;��&amp#24;$�u���l&amp#7;#&amp#6;B����&amp#4;&amp#14;*�\�)3I���;����^)&amp#25;�x8T����g�&amp#29;w$Hۋ/�ȫ:�yí�he�&amp#17;���>&amp#22;3�&amp#17;&amp#19;&amp#18;��&amp#4;$�7�^&amp#31;ݔ�ۍ�&amp#16;�+��&amp#0;�*.���&amp#4;�wh��&amp#0;��Z�ҝ�&amp#3;@�_&amp#11;Sv��6&amp#0;�s
�B ���:vso9&amp#12;loy&amp#19;���Kõ�Z�+߲&amp#5;���ˏoL����k�#�<��&amp#31;.�[m�U)%�os��DU��&amp#8;y|�w;Jv<��&amp#24;�ߗ��&amp#24;pu�#��%(ǘ�&amp#18;C;&�����Ü&amp#2;&amp#3;��&amp#26;&amp#27;m��&amp#11;���ø&amp#24;�|٠a_s�5-�'N8��x���2;�	��b�3ܸCi����l�e��ޠ
�n�/w�7&amp#16;&amp#5;�/�n&amp#4;Z'Z&amp#0;&amp#22;&amp#12;&amp#17;&amp#27;�7�-[v�S1���������+_��r	x&amp#5;�k&amp#27;tu#���^�&amp#7;̺�G�`nt�w8��&amp#24;	��u!ZN�#�]���P�Iz�]va�$�U&amp#29;ۑ5�X��&amp#1;������7�H��G�*���/!��	S�&amp#20;&amp#27;��r��&amp#31;��&amp#22;�ʏ�	�_5�&amp#28;W&amp#16;�SM5&amp#21;&amp#30;�	&amp#11;&amp#3;�$��(�o��!�͉=#O6&amp#30;hX���)�\t��&amp#30;q�p&amp#16;��]3 L�:���S�	�_&amp#19;&amp#1;&amp#6;��t�4�q�_�,�`Y�j&amp#8;U�>�K��S�&amp#31;&amp#21;L�� * �+�&amp#31;�V�ꫯ� �c-z�&amp#2;�R��B�X�&amp#17;1~n<<6���8���&amp#28;�LGv<�&&amp#1;	H@&amp#2;&amp#18;��&amp#4;$ &amp#1;	H &amp#8;��&amp#27;hO4bA�{&amp#21;ީ&amp#17;��t/V��ղq&amp#27;���0ӌ�&amp#23;y>m�Yt�Eys���/Fz��ͷM_�2�3#&amp#2;VNU&amp#14;y�'t?�+��R�yUZ�P&amp#2;&amp#18;��&amp#4;�&amp#19;`uq�5�&amp#28;2&amp#4;l�G7�&amp#17;�%·t�&amp#21;�\��T���|Y��&amp#0;&amp#16;p��&amp#1;����&amp#20;0&amp#11;BĊ-��Yg��&amp#6;�&amp#19;&amp#19;�=� n��&amp#27;&amp#26;�x6�FU�����.BKO��8��&amp#2; >&amp#24;Q��&amp#14;ىO�_�B���o�7��bHV�x�"+�瞙O�/!�\��By��4�%��y�Az�{���\n^~b��2�1Mu�]>��4�e��H&amp#14;�>﮽�&amp#27;��Ы̗� ���&amp#30;#2�z#h�qɐ`�&amp#20;`{&amp#24;�ܽ�r��>�&amp#7;Tv&amp#12;S�?@Z���l��8\�&amp#7;&amp#30;x��$=R�C�,.&amp#2;&amp#8;���&amp#2;&amp#4;&amp#2;BY��.���lmи�&amp#1;+&amp#14;�,&amp#24;|}��,�&amp#20;݅m,&amp#0;��v[
�oZ¤��_&amp#14;�{&amp#26;c&amp#26;� ~&amp#8;��n�0�^&amp#30;;�zf��E�&amp#14;D���&amp#24;&amp#30;g��/7�+�&amp#15;�&amp#30;��&amp#24;3�&amp#31;�)�w��Nl@���Ù�{����,��&amp#1;Q��q/3G<=�����lP&amp#2;&amp#18;��&amp#4;$ &amp#1;	H@&amp#2;&amp#18;��&amp#4;�&amp#16;൝�J��Y��輾&amp#21;}��&amp#19;�&amp#20;o���/^l�&amp#11;�&amp#19;g&amp#12;�"&amp#1;	H`�	���g��&amp#4;'_&amp#2;�&amp#30;&amp#24;�w��;��9�?L���L?�GS��&amp#19;N�ԭ�U&amp#28;f��z���&amp#15;��N��Әw��Vk,Ә&amp#25;͢��%I���}�`4��&amp#14;;,C`E&amp#11;Q%g&amp#17;�9&amp#23;T��}f��*�H�H�/��&amp#18;c&amp#11;��&amp#2;�,�&amp#12;S���@*�hr&amp#21;]�l�4}�B���,�#.�'�|r��7�&amp#11;��=��YT��&amp#11;z&amp#30;�&amp#2;r�m�Ù&amp#0;�x��r�ջ$���f�m>�яV�`,����Z�&amp#2;&amp#16;e*�Ȋ���U�ood/Ȣ&amp#8;��-3S�&amp#6;#�z�I���y&amp#15;���<�-���&amp#31;x"sɶ�b�8K���&amp#31;P��1�5%��K���\�P���&amp#31;&amp#8;�v�I'&amp#17;&amp#22;"������&amp#16;�c�a;&amp#28;rr�q���!!$�rؑ�O��.�o�&amp#28;I�b�&amp#8;n���6�&amp#5;y&amp#24;	�&amp#14;����swy&amp#0;�Z�@�� �ؐ�&amp#20;�&amp#21;��^����x�&amp#3;&amp#7;D���*�]戇7��&amp#8;&amp#23;Qi��̼�&amp#6;c����ù.�����7�寀��x&��a��{��S�&amp#17;7&amp#15;C�p�s��vp&amp#3;�W�4�&amp#17;b	r�(V���tr
��^H4f�?̙�]���&amp#4;$ &amp#1;	H@&amp#2;&amp#18;��&amp#4;$ ��@�&amp#8;��^�&amp#19;&amp#8;��&B�=uA������T�o&amp#12;�S;&amp#22;��&amp#4;$ &amp#1;	H`�%�r�&amp#20;&amp#8;<��&amp#4;���&amp#17;�z�)�#���7�;�&amp#3;Y&amp#11;�&amp#1;է�FF�"�&amp#31;���%��E��NzI�~q��9&amp#24;�.~�mڙ�e&amp#14;>���/��.&amp#8;m�լ&amp#24;&amp#4; �r��&amp#5;&amp#5;��F&amp#21;�&amp#28;&amp#30;&&amp#20;�)��h��GrY`��D��&amp#26;&amp#17;Ҝ=K�Ȋ]�����F&amp#11;\n&amp#26;A����h��&amp#30;f&amp#28;�y1�!���pҽ�&amp#27;�$&amp#17;�a�o.&amp#1;ɻ�k�����ߚF��$&amp#24;&amp#3;&&amp#2;e��¥>��3�.&amp#14;�Q�������Ædu��&amp#28;L�&amp#30;��P���&amp#23;^x���|C����M1(�&amp#28;	h&amp#17;��q#A��&amp#1;:�a�B#\P��8��uI0&amp#6;��!@&amp#2;!��K��T���/�̖xl&amp#12;ϟ&amp#0;��5�&amp#7;�%!��>3
��~��&amp#25;&amp#21;&<�x,&amp#16;O�+�i�&amp#3;�z��r�������&amp#24;�ove��̴lǴ&amp#4;$ &amp#1;	H@&amp#2;&amp#18;��&amp#4;�&amp#12;��t��k]�����x��c&amp#15;$Е&amp#0;&amp#27;�&amp#17;ߎ�s���ӵ��>ɢ�s�=�&amp#27;=��&amp#19;�o���&amp#4;$ &amp#1;	LH&amp#2;&amp#21;Ϩ�]��/��=N&amp#18;&amp#5;���h�tO&amp#18;&amp#0;&�A���܎X��1�D&amp#1;�i&amp#18;&amp#8;Tl�&amp#27;Շt����&amp#23;f�fTX����Q6k�&amp#5;&amp#18;&amp#14;���'~ID���	�����g&amp#25;r;>ٌ�o��p'`?1&amp#17;&�+�0�m�<�L��6v���۽�&amp#26;ʧ��&amp#17;�� �ְ&amp#12;(c�g��E&amp#16;� ��g�yfH����&amp#1;��Ov�&1����&amp#23;Tv>��2�9��R&amp#14;tD_�Z�&��|c��^��k�&amp#5;jt��hY�,6�n��
&amp#11;'>� &amp#27;Ә,�,�X}�2�3ӑ&amp#26;��H@&amp#2;&amp#18;��&amp#4;$ &amp#1;	H@&amp#2;&amp#18;���&amp#4;��_u�U�,6*&amp#5;*��Fe&amp#12;v*&amp#1;	H@&amp#2;&amp#18;���&amp#19;�R�}ԯA�&amp#3;`st4�[n�&amp#5;�<T�^[���m����N�Z�Ϲ&amp#23;�&amp#26;k�1!�����35��Ex~���L{W�Ij�&amp#14;�'&amp#2;���r�#�&amp#1;e����_&amp#11;K@&amp#2;&amp#18;��&amp#4;$ &amp#1;	H@&amp#2;&amp#18;��&amp#4;$ &amp#1;	H@&amp#2;&amp#18;��&amp#4;$ &amp#1;	�G`\լ5�&amp#4;��d�"\�+&amp#27;*�&amp#25;&amp#21;U�H�I�,�(&amp#11;g�y�/~�&amp#11;���:�&amp#5;5&amp#17;U5�U�a&amp#17;�r�&amp#8;=~��+���|����BW&amp#26;�p�'&amp#16;&amp#14;�D!{�'�%���&amp#31;N>a&amp#15;��&amp#18;]o�&amp#28;	H@&amp#2;&amp#18;��&amp#4;$ &amp#1;	H@&amp#2;&amp#18;��&amp#4;$ &amp#1;	H@&amp#2;&amp#18;��&amp#4;$ �>&amp#8; qN��7̨�}tl��&amp#19;�1}��M�oF&amp#15;<���7�ȍx��׳c4��@o��f��6��"6�)�����&amp#19;<��W�}��	��~�������ʌ���N;MvSs�}&amp#16;Xm��ؾ��&amp#27;l���k����|��_|�E�&amp#18; ����>&amp#26;m���n��Ǡ�"&amp#1;	H@&amp#2;&amp#18;��&amp#4;$ &amp#1;	H@&amp#2;&amp#18;��&amp#4;$ &amp#1;	H@&amp#2;&amp#18;��&amp#4;$�L�@�S��7�1w�&amp#16;������ˮ&amp#16;&amp#17;�'��w�;s&amp#6;;�&amp#22;�/����g������~�>��|�3[m�������)s&amp#6;��"�,�����C&amp#14;��?�y����&amp#28;&amp#23;X`�-�؂b�|&amp#15;% &amp#1;	H@&amp#2;&amp#18;��&amp#4;$ &amp#1;	H@&amp#2;&amp#18;��&amp#4;$ &amp#1;	H@&amp#2;&amp#18;��&amp#4;F����ҫ�J &amp#8;�;�&amp#27;m�&amp#17;���_N|l�{ǔ�.&amp#6;/;����������sϑ3㛟�f�i�%��~��U�I`���'f����ھ��f�m�e���[�����F��+���&amp#1;��v�c�=������^�a�&amp#25;�#��&amp#5;&amp#23;$����b#&amp#18;��&amp#4;$ &amp#1;	H@&amp#2;&amp#18;��&amp#4;$ &amp#1;	H@&amp#2;&amp#18;��&amp#4;$ &amp#1;	H@&amp#2;�'@&amp#12;�)�7��lA&amp#2;&amp#18;��&amp#4;$ &amp#1;	H@&amp#2;&amp#18;��&amp#4;$ &amp#1;	H@&amp#2;&amp#18;&amp#24;\&amp#2;o�:�׺��_'	����=��&amp#4;$ &amp#1;	H@&amp#2;&amp#18;��&amp#8;��&amp#28;;b�&amp#24;'1&amp#30;݆�ƾ���{N&amp#2;&amp#18;��&amp#4;$ &amp#1;	H@&amp#2;&amp#18;��&amp#4;$ &amp#1;	H@&amp#2;&amp#18;��&amp#4;$ &amp#1;	H@&amp#2;&amp#18;��&amp#4;$ �&amp#26;&amp#1;�mWn�Q1C&amp#2;&amp#18;��&amp#4;$ &amp#1;	H@&amp#2;&amp#18;��&amp#4;$ &amp#1;	H@&amp#2;&amp#18;��&amp#4;$ &amp#1;	H@&amp#2;&amp#18;��&amp#4;$Е&amp#0;���&amp#25;L�+"OJ@&amp#2;&amp#18;��&amp#4;$ &amp#1;	H@&amp#2;&amp#18;��&amp#4;$ &amp#1;	H@&amp#2;&amp#18;��&amp#4;$ &amp#1;	H@&amp#2;&amp#18;��&amp#4;&amp#26;&amp#8;��b�)&amp#26;�͒�&amp#4;$ &amp#1;	H@&amp#2;&amp#18;��&amp#4;$ &amp#1;	H@&amp#2;&amp#18;��&amp#4;$ &amp#1;	H@&amp#2;&amp#18;��&amp#4;$ &amp#1;	H�&amp#3;&amp#1;�v��w`c�&amp#4;$ &amp#1;	H@&amp#2;&amp#18;��&amp#4;$ &amp#1;	H@&amp#2;&amp#18;��&amp#4;$ &amp#1;	H@&amp#2;&amp#18;��&amp#4;$ &amp#1;	H�3&amp#1;���l<#&amp#1;	H@&amp#2;&amp#18;��&amp#4;$ &amp#1;	H@&amp#2;&amp#18;��&amp#4;$ &amp#1;	H@&amp#2;&amp#18;��&amp#4;$ &amp#1;	H@&amp#2;&amp#18;�@@��&amp#3;&amp#24;�% &amp#1;	H@&amp#2;&amp#18;��&amp#4;$ &amp#1;	H@&amp#2;&amp#18;��&amp#4;$ &amp#1;	H@&amp#2;&amp#18;��&amp#4;$ &amp#1;	H@&amp#2;&amp#29;&amp#8;����Un���l	H@&amp#2;&amp#18;��&amp#4;$ &amp#1;	H@&amp#2;&amp#18;��&amp#4;$ &amp#1;	H@&amp#2;&amp#18;��&amp#4;$���w'�VN{���%s&amp#20;e&amp#22;%C��"�2�e��g�,�&amp#28;2�&amp#26;�Y\%�HB��dHB2T�2&��&amp#12;i���������&amp#30;��t:��_��]{=�Y�z��8���]�&amp#20;P@&amp#1;&amp#5;&amp#20;P ����&amp#28;0V+��&amp#2;
(��&amp#2;
(��&amp#2;
(��&amp#2;
(��&amp#2;
(��&amp#2;
(��&amp#2;
(�[�&��G=��&amp#2;
(��&amp#2;
(��&amp#2;
(��&amp#2;
(��&amp#2;
(��&amp#2;
(��&amp#2;
(��&amp#2;�&amp#5;&amp#12;�gw�V&amp#1;&amp#5;&amp#20;P@&amp#1;&amp#5;&amp#20;P@&amp#1;&amp#5;&amp#20;P@&amp#1;&amp#5;&amp#20;P@&amp#1;&amp#5;&amp#20;P@&amp#1;&amp#5;&amp#20;P@&amp#1;&amp#5;&amp#20;P@�<&amp#2;����xH&amp#1;&amp#5;&amp#20;P@&amp#1;&amp#5;&amp#20;P@&amp#1;&amp#5;&amp#20;P@&amp#1;&amp#5;&amp#20;P@&amp#1;&amp#5;&amp#20;P@&amp#1;&amp#5;&amp#20;P@&amp#1;&amp#5;&amp#20;P@�,&amp#2;�����,.V)��&amp#2;
(��&amp#2;
(��&amp#2;
(��&amp#2;
(��&amp#2;
(��&amp#2;
(��&amp#2;
(�G�����xH&amp#1;&amp#5;&amp#20;P@&amp#1;&amp#5;&amp#20;P@&amp#1;&amp#5;&amp#20;P@&amp#1;&amp#5;&amp#20;P@&amp#1;&amp#5;&amp#20;P@&amp#1;&amp#5;&amp#20;P@&amp#1;&amp#5;&amp#20;P@��&amp#2;�n�I�&amp#1;&amp#5;&amp#20;P@&amp#1;&amp#5;&amp#20;P@&amp#1;&amp#5;&amp#20;P@&amp#1;&amp#5;&amp#20;P@&amp#1;&amp#5;&amp#20;P@&amp#1;&amp#5;&amp#20;P@&amp#1;&amp#5;&amp#20;P@&amp#1;&amp#5;r	&amp#24;n�%c�&amp#2;
(��&amp#2;
(��&amp#2;
(��&amp#2;
(��&amp#2;
(��&amp#2;
(��&amp#2;
(��&amp#2;�&amp#5;���o���i�U@&amp#1;&amp#5;&amp#20;P@&amp#1;&amp#5;&amp#20;P@&amp#1;&amp#5;&amp#20;P@&amp#1;&amp#5;&amp#20;P@&amp#1;&amp#5;&amp#20;P@&amp#1;&amp#5;&amp#20;P@&amp#1;&amp#5;&amp#20;P �@�&amp#26;5&amp#12;��±^&amp#1;&amp#5;&amp#20;P@&amp#1;&amp#5;&amp#20;P@&amp#1;&amp#5;&amp#20;P@&amp#1;&amp#5;&amp#20;P@&amp#1;&amp#5;&amp#20;P@&amp#1;&amp#5;&amp#20;P@&amp#1;&amp#5;&amp#20;P@��&amp#2;��s�x@&amp#1;&amp#5;&amp#20;P@&amp#1;&amp#5;&amp#20;P@&amp#1;&amp#5;&amp#20;P@&amp#1;&amp#5;&amp#20;P@&amp#1;&amp#5;&amp#20;P@&amp#1;&amp#5;&amp#20;P@&amp#1;&amp#5;&amp#20;P@��&amp#2;��WM&amp#18;�g=f�&amp#2;
(��&amp#2;
(��&amp#2;
(��&amp#2;
(��&amp#2;
(��&amp#2;
(��&amp#2;
(��&amp#2;
d&amp#21;���p{V&amp#26;+&amp#21;P@&amp#1;&amp#5;&amp#20;P@&amp#1;&amp#5;&amp#20;P@&amp#1;&amp#5;&amp#20;P@&amp#1;&amp#5;&amp#20;P@&amp#1;&amp#5;&amp#20;P@&amp#1;&amp#5;&amp#20;P@&amp#1;&amp#5;&amp#20;�%@����{���+��&amp#2;
(��&amp#2;
(��&amp#2;
(��&amp#2;
(��&amp#2;
(��&amp#2;
(��&amp#2;
(�@V&amp#1;c�YY�T@&amp#1;&amp#5;&amp#20;P@&amp#1;&amp#5;&amp#20;P@&amp#1;&amp#5;&amp#20;P@&amp#1;&amp#5;&amp#20;P@&amp#1;&amp#5;&amp#20;P@&amp#1;&amp#5;&amp#20;P@&amp#1;&amp#5;&amp#20;P ��?��ٿ=�q&amp#15;(��&amp#2;
(��&amp#2;
(��&amp#2;
(��&amp#2;
(��&amp#2;
(��&amp#2;
(��&amp#2;
(�@��?��yd�[��&amp#2;
(��&amp#2;
(��&amp#2;
(��&amp#2;
(��&amp#2;
(��&amp#2;
(��&amp#2;
(��&amp#2;�&amp#4;j��=�q�)��&amp#2;
(��&amp#2;
(��&amp#2;
(��&amp#2;
(��&amp#2;
(��&amp#2;
(��&amp#2;
(�@�@�&amp#26;5jdTZ��&amp#2;
(��&amp#2;
(��&amp#2;
(��&amp#2;
(��&amp#2;
(��&amp#2;
(��&amp#2;
(��&amp#2;�&amp#4;�$�O�c
(��&amp#2;
(��&amp#2;
(��&amp#2;
(��&amp#2;
(��&amp#2;
(��&amp#2;
(��&amp#2;
d
�H��_��y�&amp#26;&amp#5;&amp#20;P@&amp#1;&amp#5;&amp#20;P@&amp#1;&amp#5;&amp#20;P@&amp#1;&amp#5;&amp#20;P@&amp#1;&amp#5;&amp#20;P@&amp#1;&amp#5;&amp#20;P@&amp#1;&amp#5;&amp#20;P@&amp#1;&amp#5;&amp#20;�%@"��<r&amp#29;�^&amp#1;&amp#5;&amp#20;P@&amp#1;&amp#5;&amp#20;P@&amp#1;&amp#5;&amp#20;P@&amp#1;&amp#5;&amp#20;P@&amp#1;&amp#5;&amp#20;P@&amp#1;&amp#5;&amp#20;P@&amp#1;&amp#5;&amp#20;P@&amp#1;&amp#5;�
��Zk�&amp#2;
(��&amp#2;
(��&amp#2;
(��&amp#2;
(��&amp#2;
(�@�&amp#5;n��6&amp#18;�n����ڵ+s'���&amp#2;
(��b.0r�����u�֭Z�Z�)���)@2y��U�qT
(��&amp#2;
(��&amp#2;
(��&amp#2;
(��&amp#2;
(P&amp#21;&amp#5;�����&amp#31;~��:u�ԫWo����x㍗Xb�8\�x&amp#29;8p O�-Zx�}ذa&amp#15;=�Pǎ&amp#29;��o��U�&amp#20;Ǝ&amp#29;{�-������>9Q+�^E&amp#1;&amp#5;&amp#20;P@�&amp#5;
�&amp#30;=z��&amp#1;K-�T�p;��S�L��ժ��ڨQ�\G3��jܸq�3�&��&�4i҄���f�����D&amp#11;�!`��4^G�B&amp#1;&amp#5;&amp#20;P@&amp#1;&amp#5;&amp#20;P@&amp#1;&amp#5;&amp#20;P@&amp#1;&amp#5;&amp#20;P@&amp#1;&amp#5;&amp#22;���	&amp#19;��7�|3�J�-��&amp#30;{�q�i�e&amp#30;*�����~�m�޽;u�T�V�.�z������>M�6-|̶T@&amp#1;&amp#5;&amp#20;P`�
̛7��g͚EΘ\&amp#27;d&amp#19;��&amp#23;rc�=�<��r&amp#29;M�s��o�y����J��&amp#31;���&amp#30;���i��3{��&amp#4;&amp#4;����?�J��[P@&amp#1;&amp#5;&amp#20;P@&amp#1;&amp#5;&amp#20;P@&amp#1;&amp#5;&amp#20;P@&amp#1;&amp#5;&amp#20;P@��P`�ĉ'�x�&amp#31;�&amp#17;�}��V�]�6����iӦ-$�*��B�k��fr��B�Y���&amp#15;-W^y�&amp#2;O��&amp#2;
(��&amp#2;�N��_&amp#29;2dȠA�����r�&amp#7;�?x��t�MI&amp#27;ӦM&amp#27;&�ū�6�i�
s���ٳg&amp#12;�7nܘH?���֧O�?����c�M�\l�乖KI�������@���z/
(��&amp#2;
(��&amp#2;
(��&amp#2;
(��&amp#2;
(P�&amp#2;,w&amp#11;���w޹k׮���Z�&amp#4;_�����^{�&amp#23;����y睖-[V�&amp#23;��;w�&amp#8;c��Z�{�t&amp#5;&amp#20;P@&amp#1;&amp#5;�,��+�\z饙���&amp#11;&amp#15;�^a&amp#3;�&amp#22;-Z�&amp#6;S�N���&amp#12;=V�²�.&amp#27;�y
o��F��&amp#19;h��&amp#27;��3z>��3	���f��7�=:�Pl�x���&amp#19;�U���&amp#30;�w��&amp#2;
(��&amp#2;
(��&amp#2;
(��&amp#2;
(��&amp#2;%,0}����{�&amp#27;d&amp#3;�&amp#11;/�0���e��,��ׯ_�c�e&amp#27;�2�,��.���\�R@&amp#1;&amp#5;&amp#20;P�&amp#28;&amp#5;����&amp#24;k'&amp#15;<;�3���V[m���&amp#31;��&amp#7;3g�l޼y�M�t�5�X�&amp#28;-O?�4��h��뮋���|���&amp#31;q�&amp#17;L��A2�^l��-��&amp#0;�v�ɗ�&amp#11;�(��&amp#2;
(��&amp#2;
(��&amp#2;
(��&amp#2;
(�@�&amp#11;���ϡ�V�Z%c�&amp#5;^�|�_}��رcY
��ꫯ���&amp#27;o�q�:����Ӏ&amp#28;��l�I�9T6lؐu�gϦ&amp#31;j&O������������_�5��6؀me���;Na�y�կ?�Ap=�&amp#31;
�&amp#20;6&amp#31;e�^����'��.��5���;n�8�a���Z뭷&amp#30;���	Oɨ��'�|��7�&MZr�%��:u�$[2k!U�<jY&amp#1;&amp#5;&amp#20;P`q&amp#22;x��W��|��&amp#7;&amp#30;x���&amp#31;���j��&amp#15;&amp#14;��v�4$�_�w&amp#22;�X�
�3��&amp#16;{&amp#24;@��Ko���&amp#4;�YUꩧ��&amp#20;�>١��&amp#19;0�^z��w�@�	�x㍼��nݺ}��&amp#21;wU���&amp#2;
(��&amp#2;
(��&amp#2;
(��&amp#2;
T�&amp#0;K��&amp#5;	]&amp#23;ueb�o���y睗:�Y�fg�u&amp#22;&amp#17;�d��w��&amp#26;z���������裏�q�&amp#29;�8�&amp#12;&amp#22;��C&amp#20;���.#���|饗�e�C�^{-&amp#11;&amp#4;C� 6�^���*���5&amp#20;�)&amp#20;�z�&amp#24;� B�9�P���&amp#14;&amp#30;<���N�B���駟&amp#30;q��/���W�^cƌI5N>��kڶm�����&amp#2;
(�@&amp#16;&amp#8;�s�a�W&Kj��o��&amp#22;�ԭ[7�q�5�G�&amp#14;-��z��Sx�
k�G�&amp#26;��&amp#14;;Р���}ZSJ&amp#2;��K�լ&amp#18;�2o�<~ː냩=���m�&amp#1;���]4���E1P⾤&amp#16;9��&amp#8;�.��˫O&���c�&amp#14;�P̤f>&amp#23;��$�m�`�@��&amp#1;&amp#3;&amp#24;&amp#24;�6�^&amp#5;_ ���&amp#2;
(��&amp#2;
(��&amp#2;
(��&amp#2;�%�7�d�%�,{���;&amp#21;��s&amp#21;v�ߟp�F&amp#27;mDK&amp#22;��&amp#15;�h���{ｙ&amp#11;ͳ���/&amp#14;&amp#28;8�&amp#19;�x��Y�X�NK�9�����&amp#30;���N��)��B��7�p饗�L&amp#15;�1N:�$"��n�m�\O�=��&amp#16;>��+���/��Ɲ��&amp#29;����#��
x���&amp#18;6�g&amp#21;;Wd�b&amp#24;&amp#6;�Ȼ�bw���S,(��&amp#2;
(�&amp#20;Xs�5��&amp#17;#F��%y(kyƌ&amp#25;�~a��1�ߴi�̫��iӦ��Ŷ��Ӛ�&amp#17; Xf��d^�ʿ&amp#17;�t~��&amp#7;&amp#31;y䑘\+9&>	��&amp#20;�'+˫̬���&amp#7;&amp#30;���v&amp#18;s1' ׍�F��&amp#31;u�Q+��b�6�+��&amp#2;
(��&amp#2;
(��&amp#2;
(��&amp#2;
T�&amp#0;��o��6�K�����}��I���a���&amp#15;|-�Bvbϡ1&amp#1;�={&amp#14;&amp#31;>�C�<��~���Nh����o׮]&amp#15;>�ద�L�_~9K��R���&amp#4;�3�!�͚x��+��&amp#2;GI,O��&amp#7;�޽{������ge�&amp#16;koРA���	���$��>n�����&amp#30;J8?���`�@0���.T&amp#30;v�a��-����#+o��_&amp#5;&amp#20;P@&amp#1;&amp#5;2&amp#5;�v2���3�˞�,��&amp#6;LD�:uj&amp#8;Q�^C؞,2��Y�U&amp#12;��w��y(��&amp#24;�*�}�C���&amp#0;����t?�K%
�&amp#29;&amp#20;7��*��a0�I���&amp#31;g&amp#24;��8�o:��*��+��O?������׿���&amp#11;/T�u����h�G5�.��7��&amp#21;P@&amp#1;&amp#5;&amp#20;P@&amp#1;&amp#5;&amp#20;P@&amp#1;&amp#5;&amp#20;P��
��[m�U&amp#24;���_�&amp#23;8�&K��&amp#5;&amp#14;�[�n1�Nc��"�&amp#30;�����&amp#23;xzl���{��[�&amp#31;����_}��D�i��s�e&amp#29;I��ǯ�ؚ��c��g�}8��+����/����;��i��:�t>�E��x:�nQf&amp#5;|���1&amp#31;q�&amp#17;�MX%&amp#31;�[P@&amp#1;&amp#5;&amp#20;P %@&amp#6;��?>T�V��&amp#19;OP�駟��j&amp#25;��p;�⮸�
���^*D&amp#14;:� vK!&amp#26;���de\�&amp#30;�g�G�&amp#16;&amp#19;�&amp#18;�&amp#15;�b�'{�\b&amp#2;�}U���&amp#18;�mo��&amp#5;��J�*&amp#2;���t]&̶lْ���&amp#18;��0�?��&amp#2;\�&amp#14;&amp#29;�t���L\�С�"�D�w�&amp#26;wf��-��H��'"&&amp#5;&amp#15;&amp#26;4��1S&amp#22;.��&amp#2;vպ袋���%�!����@ܠ�$�ћR@&amp#1;&amp#5;&amp#20;P@&amp#1;&amp#5;&amp#20;P@&amp#1;&amp#5;&amp#20;P@��&amp#21;Xj��X��wP|��HX�ƪ	&amp#30;��IUH�¬�㻲d�=��W�&amp#30;�p&amp#22;��uPֳ�V����z�|#&amp#0;Ϩ�����K_B�&amp#3;&amp#15;<���Sg&amp#29;p�&amp#1;C�&amp#12;�r�ȑ��[�h֧���w}�C��n0&amp#30;"U>�̑��dh�uZ@<݂&amp#2;
(��&amp#2;&amp#8;&amp#16;=�}�;�o1l�N>��&amp#29;;v��9�%�7&amp#29;&amp#22;�Ӓݍ)&amp#16;&amp#26;',&amp#21;��P`Ǔ�>�,N&amp#17;��&amp#27;V��C�&amp#6;&amp#28;�M\VZl�\�Z_&amp#26;&amp#2;��K�u�̻ 	&amp#21;��B��Y�fl�&amp#20;��&amp#8;�bK'~��X��d﫰��"�J9v�G�0&amp#29;��|Ń�fd&amp#15;#&amp#27;�^����?·�-�ܲ&amp#28;/Z�]��ƇÒ�5oJ&amp#1;&amp#5;&amp#20;P@&amp#1;&amp#5;&amp#20;P@&amp#1;&amp#5;&amp#20;P@&amp#1;&amp#5;��&amp#0;_�J�U欴����&amp#12;��&amp#15;&amp#22;��|���۞�Y&amp#17;�5a;9&amp#26;�&amp#4;�X>�8���2&amp#27;l��桒&amp#29;&amp#12;3�6j�(��&amp#0;&amp#6;���PDf��&amp#26;V�gVƘ&amp#4;i��Q6��裏��=քB&amp#8;KP�]�v�O&amp#21;P@&amp#1;&amp#5;&amp#20;�&amp#20;`ue�v�X�طo_&amp#22;[Ҁ8����&amp#27;n�a�-����p����;w��.&amp#27;+���O���u�]�E؅&amp#4;�l�&amp#18;�f&amp#22;�T�Y��	k��$�b�'��\z&amp#2;��K�5��;"�&amp#20;&amp#11;��*suo��V�X&amp#21;>&amp#2;�&amp#22;&amp#31;;v,s��灆&amp#27;n��&�h=��`�ĉL�&amp#1;u~K���{d���&amp#26;i��#�6���)��H3�&amp#28;��ٳ9D&amp#15;|�`N&amp#19;�%�dҼy���&amp#28;r��&amp#30;=�����	&amp#4;���_}��Y���v�L_�&M"m&amp#8;&amp#11;���A���:�:�C��C�&amp#0;&amp#11;�wp��&amp#29;Q.ЍݹX7�]ǝN��0��&amp#22;ŧ��%� �&amp#23;&amp#26;���	���֭�<���N�:�&amp#26;�s��ኼ.���E�y�M7�Q�F�Y|J�&amp#23;�;3&amp#6;���@e�6H�v�exe[�h&amp#17;^&amp#11;�-&amp#24;1b&amp#4;�g�&amp#26;�c�&amp#22;ﵡ�&amp#31;~&amp#24;&amp#23;���2�����B�A�f
�6&amp#22;&amp#20;P@&amp#1;&amp#5;&amp#20;P@&amp#1;&amp#5;&amp#20;P@&amp#1;&amp#5;&amp#20;P@��&amp#0;ߊ&amp#16;tgY9&amp#11;�٪��h@�B&amp#2;ɤjO5ε�a��>�>�S��ʌ�Ә�>�)Y��|Ǖ�C�}�&amp#11;����s��~�~�Ӷm[��<����s�Y��2_��J&amp#11;
(��&amp#2;
�&amp#17; b��
A&amp#7;�&amp#8;D%x&amp#31;��������wj�&amp#4;2xħ&amp#20;�z���H����SR��&amp#15;��w�89,�&amp#21;e�&a���+�&amp#28;&amp#14;&amp#21;�>աOKI�����RzA+�^�&amp#31;&amp#20;.|��gNg&amp#29;&amp#22;�wɵ�&amp#2;�̣��we��ða�&amp#8;�3Y�_��Q�馛�Y�i	��N��&amp#4;#g�qF<�خ���K0VR`f&amp#0;�C�P�$�&amp#8;&amp#11;������&amp#30;{\~���\>>=��&amp#3;Ç&amp#15;�5�@�g�}v�N�R�e{ھ}�m�ن��\��'��㤷�����&amp#0;c{���3GBК����~r�23	@�&amp#19;Q�)����&amp#12;2>�=���&amp#3;&amp#16;kB��Td�&amp#15;�!R�&amp#30;}�Qv�JU27���&amp#1;�����}��|&amp#14;d�x|����$��N&amp#25;��|���Dvd�ǆ`<o~�>�l��)���K�vb/��rj�AlcA&amp#1;&amp#5;&amp#20;P@&amp#1;&amp#5;&amp#20;P@&amp#1;&amp#5;&amp#20;P@&amp#1;&amp#5;&amp#20;�*@��������{��M�{ｗ/7b�;�&amp#21;�M��Iᕩ(B<1.)ɺP>&amp#30;��C!|�Ǘf|��5j�j_�:&amp#19;�2�K?z>��SY)��&amp#25;Vμ��kaR{�u�}�r>U@&amp#1;&amp#5;&amp#20;P %@&`6,�-&l�BH"&amp#25;nO5�O��&amp#19;�`��'�|&amp#18;+�&amp#22;b&amp#28;����xA&amp#12;3�f�P`��&amp#23;��4&amp#4;���fi܉wQY&amp#2;���&amp#26;W�7KQ�fV'�X;˚��)Nw%��c�=�yG,�fs�&amp#24;k&amp#15;[@&amp#17;��l&amp#25;j&amp#8;�&amp#19;O�&amp#4;&amp#25;&amp#30;�&amp#19;�&amp#15;�&amp#1;�dNSh�G&amp#17;B�!�K��M�6����K�ߘ�13���Ғ&amp#1;3l��&amp#28;�C���&amp#15;�&amp#22;�_�ʡ���U�&amp#12;n��B
��\:��ٻ�E�'�p&amp#2;/P<��&amp#7;]�tI}."�A����Jz&amp#30;!dN?��f&amp#19;O&amp#15;&amp#5;�J��v&amp#24;1&amp#15;�I��Vg��O��)����>�L�(<B&amp#20;�	�����ix&amp#16;��&amp#19;&amp#29;'&amp#18;qgbAf�L�&amp#14;�vn��O���X��&amp#2;
(��&amp#2;
(��&amp#2;
(��&amp#2;��&amp#0;���b��N �&amp#20;&amp#18;̎��&amp#20;�A��hL���64�L�&amp#30;����&amp#2;k��kxql|YG�ސg�&amp#21;��n$�o���:�[�n��&amp#5;&amp#5;&amp#20;P@&amp#1;&amp#5;�&amp#21;����)&amp#4;�
<7&amp#4;qX��&amp#25;�H�@�!<�6mZ�>U&amp#25;7R)�}f�֔����K�լ�{�)�&amp#8;��-�uX�m�&amp#25;aN�x��N1�I��L\�g-{��&amp#18;O�Za5v���9�&amp#28;��P�BϞ=��F�>}��V�t�0�|<��&amp#18;p��S�L��sP���7�x�d��Y�w���"��<\B�qN1�&amp#3;µX�~�W&ۗ�&amp#28;�٩&amp#15;iep+j&amp#12;h&amp#16;��&amp#20;��;�c8�)c�{.ӐyJ0>3&amp#7;&amp#26;������}��w&amp#15;�&amp#16;�'��)�&amp#11;��z�-ҶЌ(�e�]&amp#22;r�͜9�+&amp#14;&amp#29;:�����&amp#7;&amp#31;&amp#28;���&amp#6;XB�L�&amp#8;�f�|��&amp#15;W!�Oˋ/�����&amp#20;>��鎧d&amp#8;��������χ&amp#2;�i�O&amp#21;P@&amp#1;&amp#5;&amp#20;P@&amp#1;&amp#5;&amp#20;P@&amp#1;&amp#5;&amp#20;P@��&amp#4;�F�&amp#5;$�&amp#18;�W)���&amp#27;&amp#19;Y�L-&amp#25;s�ǵ%�&amp#14;������wzY��K�^�2�R�&amp#6;�;�3k�ɱ�b	� f&amp#29;a�.�Y
(��&amp#2;��@��/p���ö���������bb9v&amp#18;��4���6&amp#5;��]Y(I&amp#1;W����Zq7&amp#21;�dg1qQWe�,&amp#1;T&��X;�o����zE�?ʉ�f���;�$+�&amp#2;c�������V[�X;O������G&amp#30;&amp#25;��ă�g"&amp#18;-c%5L�%�˶������^ۡC�&amp#24;k�&amp#16;ө��o&amp#18;�Ė&amp#11;Y`�B�e�&amp#30;�ĕcoev�=�/|���4�vb���db?��cÉ��̟s�91�NK^V����&amp#2;}>��r�-�&amp#3;N����ײ�.{�&amp#23;��`l&amp#25;0w��pn�_�����\��k��&amp#15;�*X|&amp#31;PC��&amp#18;�&amp#15;� �A�*�&amp#21;P@&amp#1;&amp#5;&amp#20;P@&amp#1;&amp#5;&amp#20;P@&amp#1;&amp#5;&amp#20;P@�b&amp#5;
�*��nS�&��+
�&$՞�o��ff�;�×o��I&amp#27;�yV�5W\q&amp#5;���#kf����5|�&amp#20;�&amp#19;��cK&amp#5;&amp#20;P@��S�$�dG&�q���_��[�o׮]�h֧�T&amp#11;Q�T&amp#0;(�1k&amp#29;��uV&amp#12;f&amp#30;�!�o8Zl��>�)&amp#25;&amp#1;BN��K�լ�&amp#27;�3��D��&amp#28;ǆ&amp#27;n&amp#24;z��MJ=���&amp#18;��K�};&amp#8;�����
�r±d2��f��L&amp#20;�M��/�q��g��~�m���w[��AH���Y+&amp#14;���c�X�=�|&amp#3;�i(ԯ_?L�&amp#8;�&amp#30;B%3&amp#18;�&amp#27;�2�*R[�1�l�}��&amp#16;��&M�&amp#20;�'�=�쳳n��l�*3�#��O��)����w�}��3u	�*��&amp#2;
(��&amp#2;
(��&amp#2;
(��� ������&amp#18;k&amp#31;0`@@���E����&amp#15;Ξ=;�?�o<��������[o�<&amp#20;�C�&amp#12;	i&amp#29;�!�=����ډ�`!&amp#11;|[&amp#24;�>��,&amp#22;�COW@&amp#1;&amp#5;&amp#20;X�&amp#4;�~��&amp#27;o��s�ά�<�S�}�Y&amp#4;����&amp#20;��ʜ8Q2m�	&amp#19;X闩D&amp#16;��|�a�r�؀7Sv.f&amp#15;x�&amp#28;�J"&amp#5;!B�L�T����_��wi��f\&amp#11;Zl�x!&amp#11;�'��P�ɗ��Z�w&amp#20;&amp#19;Xe�o����]��W&amp#4;��&amp#29;&amp#23;�����q�]v)�O�&amp#17;�&amp#31;9r$�I�B�&amp#2;t"�&amp#27;m�Q��,U���۩g�-�yV��k��&amp#16;,��3l>�0�KV���y��Մ>97��>�U�nɳ�!���&amp#15;2�����S1��&amp#27;3&amp#27;�&amp#14;��&amp#0;�&&amp#3;*^4������裏b}(ĉ&amp#5;|*���á&M��&amp#4;����<%�<+�&amp#25;<S�	�{�p&amp#22;?$yN��&amp#2;
(��&amp#2;
(��&amp#2;
(��&amp#2;
(&amp#16;&amp#4;���W��۷'��7&amp#30;|��2��&amp#3;�	���#,��0n�(�Ə&amp#31;O���SO�В�0nk�V��&amp#14;�zQ�&amp#25;;��6�tS����/n��f�J�%7ҴiӬ�,L%2 &amp#0;&amp#2;&amp#23;;0��>|��B&amp#11;&amp#22;x�&amp#15;�&amp#11;&amp#23;��pa&amp#6;�
(��&amp#2;�]�E�!���	���2�c�!iJ2��6��S�&amp#1;&amp#17;� Eq�:u�q�q-�������&amp#16;���&amp#16;Pgs[��&amp#26;5�l���h:A}����g�y&�!&amp#19;�"W|\R�&amp#27;}lL����s-�����&amp#18;{A+�vb��2,�&�ʦV��Jͱ�s&amp#15;Em(ձcG2�3&amp#7;�&amp#14;��&amp#7;k�&amp#15;:� ~&amp#17;��G&amp#28;jܸ1;|�~��&amp#4;˙3ŃO&amp#5;d��t
������W_%v�G����.�Ӱ(��&amp#1;|xK&amp#30;-�[����m�ݖp;&amp#15;^&amp#23;�Kb�0Q���Z�����+&amp#27;X29h&amp#28;Nn��xzf!fM���_�X.�@N~f���Ӈw�O>�$$<`jH�<�E�&amp#22;E�D&amp#21;~][*��&amp#2;
(��&amp#2;
(��&amp#2;
(�@I
���G�[#z�W�Y&amp#15;�K%+&amp#19;�X&amp#19;6 ܞ�p��OF&amp#17;�Gw�uW&
&amp#16;�HVRnذa�n�R������B�&amp#5;&amp#21;<Rݒ��W�^��%S|��&amp#2;
(��&amp#11;�6�	mL&amp#14;#�N�|���|�O�x�_�=�&amp#12;�G�)S�&amp#16;&amp#8;�O�&amp#5;�w.��r�&amp#5;�2�7�-&amp#1;�&amp#24;� ����Yg�E􇷪�>&amp#20;�Ч�&amp#20;ŶOu�Ӓ&amp#17;২&amp#22;�&amp#20;�NX2�h��H�1�"�¯���.�����&amp#20;��&amp#19;W�]�6���&amp#4;�x(Y(�&amp#15;q������C&amp#15;&amp#26;4�~&amp#8;`_r�%��z�UW]ղe��3qev�~��G&amp#7;&amp#14;&amp#28;�/q&amp#30;�/΃��I6&amp#30;�&amp#3;��K�.�NI�Ř�p@�D"&amp#28;�&amp#29;.|!ƛ�+���u<Y�&amp#7;l��vdPὤk׮�u1Aa�̙/��r�&amp#27;�S�N�N��-���f�����9�!�&amp#2;i,�&amp#2;��R5&amp#5;>%�Lx�%�&amp#30;���K�*��h�=�L&amp#1;&amp#5;&amp#20;P@&amp#1;&amp#5;&amp#20;P@&amp#1;&amp#5;&amp#20;P@&amp#1;&amp#5;&amp#22;&amp#31;&amp#1;���M&amp#2;���2;&amp#4;�7o~�QG��&amp#0;1kT�����!&amp#24;��&amp#12;�u�ֽ�&amp#27;�^����"&amp#16;&amp#18;�&amp#31;0�&amp#17;��J�"�&amp#12;X#8x���q�o]v�i��O>9�&amp#26;>&amp#6;&amp#27;b��b����%x&amp#26;&amp#7;��BB&amp#26;�f	m&amp#8;��o�H&amp#15;I�}VwPό&amp#1;n�G�&amp#30;��X��&amp#2;
(�@&amp#16; |@��P&HA&amp#15;Pv�&amp#0;&amp#0;@&amp#0;IDAT\��9+��0���^#��z�fn&amp#25;A��w�9�.�&amp#27;w��Q�&amp#16;A&amp#4;bCw�}�;�&amp#19;��[<o��XO����s-��&amp#0;?E��K�լ�&amp#27;�&amp#17;S�\&&amp#19;8��B�A��&amp#16;ko֬ى'�Ȃ��G9�pt�޽�N
l��e�~���3�<�6Z��f1�q�&amp#29;�&amp#24;��r��	�&amp#31;{����S&amp#19;&amp#25;�X�͡���z�ԩ&amp#4;�)31�&amp#21;�!�N&amp#4;���a���&amp#3;�{���r���&amp#27;C�'9[�|ݒ��8f�=����0{ �h&amp#15;G�m��&amp#19;N�-����+Y����j�����/lx��Y9V2&amp#31;��L��1��3� �A�$���r��])��&amp#2;
(��&amp#2;
(��&amp#2;
(�@	&amp#11;����5&amp#15;�Q!���`�G&amp#8;�/���Z���ے\��C�k��6�>Oe8D��&amp#12;�g�����&amp#2;��&amp#22;�4��&amp#8;C<���&M��z���L��l��#UI&amp#20;!�]��2&amp#27; ����l�-�H�l�&amp#22;�&amp#4;#�WX&amp#18;��-5&amp#0;�*��&amp#2;
(�@&amp#1;���8�Ә[��&amp#29;ќ�~�덆�$�'��5�/�&amp#31;ޣY�&amp#24;&amp#22;��&amp#19;J�~���m��۱A�&amp#19;�G�Vj�F��&amp#7;&amp#7;\�&amp#2;|r`��[o�ş�,"'L[�xB*o>��YTja4�&amp#23;�C�m�&amp#7;�G&amp#11;����{��NNg�s2�&amp#30;:�&!X&amp#30;Dg	�SI���&amp#15;?�پ��&amp#14;����&amp#4;\�&amp#0;�w�}W���#&amp#19;�B&amp#3;���-��&amp#22;�;�~B!W&amp#14;>12�6��[�������	&amp#25;Zb&�T?E=����믿��p;����yA)0&amp#31;�Oz!�ή���n��
(��&amp#2;
(��&amp#2;
(��&amp#2;
(�x
ԛ���{gQ;����� ���&amp#16;6a|��&amp#25;Ձ&amp#7;&amp#30;�~���ca=�XX��!Vz&amp#20;{&amp#11;�&amp#29;Z��&amp#2;
(�8&amp#8;&amp#16;J �&amp#12;���Y�6$$��&&amp#30;%�o�T��&amp#1;�Ӣ��-�}����&amp#16;���*(���.*^ओN"��u	`��y�m�����&amp#26;��=�|6&�-˽@>.�����K�����Ь_g5<m&O�L�&amp#17;�&amp#8;��b�&amp#4;��d����&amp#14;��5�\&amp#19;b�ĉc~�2�&amp#17;,&amp#15;�fw&amp#19;f['�A^�d.�䡋/���&amp#31;y䑙;�%������p"I�&amp#8;�$��g����&amp#3;3B���O&amp#29;�v6n&amp#15;m�Y���J&amp#5;&amp#20;P@&amp#1;&amp#5;&amp#20;P@&amp#1;&amp#5;&amp#20;P@&amp#1;&amp#5;&amp#20;P@�2&amp#8;̘1#��g�}�V�f+��R&amp#25;.�)
(��&amp#2;��&amp#0;���X&amp#12;o�[�.&amp#2;�n��u���r&amp#3;��*&amp#8;0��y�a$� &amp#15;��<&amp#3;[~���QZ��g�a	rX�����&amp#15;1�6�1�ٰJ;&��ڌ&amp#19;�b�&amp#16;͍{��&amp#26;5*�-�x�ZA�j����g	>��В&amp#8;1�h�S��&amp#22;����+�&amp#19;
Æ���'&amp#15;�>%��J,�l\�2C"y&amp#0;'��?W�}~1&amp#21;�s�U��of=��&amp#5;�;w��&amp#11;/�����SXu�U�f��z��
(��&amp#2;
(��&amp#2;
(��&amp#2;
(��&amp#2;&amp#11;&amp#20;໬&amp#16;D�&amp#11;.�'���-��!C������:�R�j�S&amp#5;&amp#20;P@&amp#1;&amp#5;&amp#20;P��	��w�����V&amp#5;&amp#7;����Ι�Jԙ�1v�y�-[��&amp#21;)��XN��	�&amp#31;�_~y�&amp#6;�Zj)��`�8�I��"cZ�����Y&amp#31;_�wG�pB����HNŏ��?�Ȣ�&amp#16;̎)�&amp#24;&amp#21;&amp#27;���>�#gi>{{3&amp#21;�6�]w&amp#29;�!.˘)4j�(��]����&amp#23;'2ݷo_B�e&amp#24;������Vl%B.z�Ǝ&amp#29;&amp#27;C�\���s����&amp#6;$a`7�x#�aH�OV|n��3S&amp#4;����E<x)ٛ��۹�+	Wga:9[�D���4�@=����&amp#15;?��S�N&amp#8;3��H?&|&amp#30;��޽{g&amp#29;^�ʘ&amp#31;��g�mѢ�&amp#14;;�@&amp#15;�ƍ�������p�}��w!�"�lA&amp#1;&amp#5;&amp#20;P@&amp#1;&amp#5;&amp#20;P@&amp#1;&amp#5;&amp#20;P@&amp#1;&amp#5;&amp#20;P &amp#8;�&amp#11;ߕ}�嗇&amp#28;r&amp#8;_��m&amp#18;�)M�>���H:H�F��R�d��)��&amp#2;
(��&amp#2;%#P���1&amp#21;s�ܕ7R�&amp#2;��&amp#30;4h���_��3�pi�&amp#16;��&amp#28;C\&amp#2;N�5�U���G�%;�&amp#23;&amp#21;jM��*��=�H&amp#8;�v��%�&amp#31;=�&amp#17;�&&amp#11;�\rI��&amp#18;\�ڵ+[�s�8q�&amp#31;&amp#18;�<�+��l�,c&amp#21;����̅�8∸�>6(֍y&amp#12;|��&amp#24;�&amp#30;=z�~B�t����OU����&amp#14;��曩'�&amp#31;���&amp#25;�&amp#12;n����<�x��&amp#2;i&amp#3;z��&amp#21;R�gE`{�&amp#2;�
�H<@Z�G&amp#30;y�����A=k�Ä�І�&amp#20;�۷&amp#15;�&amp#27;�!�}��_&amp#5;&amp#20;P@&amp#1;&amp#5;&amp#20;P@&amp#1;&amp#5;&amp#20;P@&amp#1;&amp#5;&amp#20;P@��&amp#18;�릙3g>��CD��.���Y�s�1�ĵ&amp#19;��>U@&amp#1;&amp#5;&amp#20;P@&amp#1;&amp#5;��@-c���e��c&��2��ێE�}�&amp#25;�ړ�$�͖����&amp#11;�[n�%1u�����͚5kv�)��&amp#30;��0�'&amp#23;&amp#31;��&amp#2;\�R���Yg��R�TvzB�&amp#7;��&amp#12;�{�&amp#22;U��&amp#0;�tf�&amp#18;x�p��&amp#8;�����w�yglIomڴa�&amp#0;&amp#3;#����8W!9�؆�&amp#24;�#_w�u��K�1	|l&amp#16;
źqV�n�X;N&amp#22;�8f*Af̄�C�=&amp#14;�&amp#21;�D��&amp#24;��B��&amp#11;l�>r�H�e	>��]>&amp#12;)�&amp#27;{HVR&amp#14;�W�Qz&{&amp#24;A��&amp#20;!y&amp#22;K��4��	��N�m���Z&amp#3;&amp#7;&amp#14;��d)��P��&amp#16;n'�B�X�j�S&amp#5;&amp#20;P@&amp#1;&amp#5;&amp#20;P@&amp#1;&amp#5;&amp#20;P@&amp#1;&amp#5;&amp#20;P�

�&amp#25;_t&amp#20;&amp#21;�櫏v��q/�ߐ,�&amp#27;��&amp#25;�`���#F�`�;�&amp#12;��+A�&amp#27;$�#_&amp#15;��e�&amp#14;��&amp#21;P@&amp#1;&amp#5;&amp#20;P@��&amp#23;�Q�6�&amp#21;?D�X&amp#29;&amp#5;&amp#8;�&amp#18;J�5k�
�&amp#31;��&amp#20;"��{�go��&amp#7;��&amp#25; <5ybQe�0q�D6h�R�3�&amp#24;�O���Q4#�L�+b�&amp#4;�\r�d�X�7o&amp#30;��&amp#8;?�Q��	��&amp#21;[.�B�ܐfج�'�����+�x�'&amp#24;63!�C+���ה�5y�i�G�\�&amp#20;{�H20n��[|�¿�&amp#30;b{�&amp#5;��������&amp#17;4�B�B���.�1�B�K&amp#17;ϲ��&amp#2;
(��&amp#2;
(��&amp#2;
(��&amp#2;&amp#5;&amp#8;d�����8��&amp#21;&amp#22;���%&amp#1;&amp#11;nm&amp#11;&amp#5;&amp#20;P@&amp#1;&amp#5;&amp#20;P@�
&amp#23;(d}i�A��_��:��uD�j&amp#16;;L&amp#5;���`&amp#29;�&amp#2;
,J&amp#1;f$0Ř+�&amp#24;���Y/E&amp#26;y���&amp#16;I��j��M��<���G�&amp#26;��X�^���*{s&amp#14;L&amp#1;&amp#5;&amp#20;P@&amp#1;&amp#5;&amp#20;P@&amp#1;&amp#5;&amp#20;P@�E-Pn_�&amp#26;n_�/��+��&amp#2;
(��&amp#2;&amp#11;)P�0J��Ÿ����	�׬�Kz9&amp#5;&amp#20;��&amp#2;3f�&amp#8;�
	䳎�&amp#12;`��e�Y&amp#27;T�JB�!�~�A&amp#7;��M��ޜ&amp#3;S@&amp#1;&amp#5;&amp#20;P@&amp#1;&amp#5;&amp#20;P@&amp#1;&amp#5;&amp#20;P@&amp#1;&amp#5;&amp#20;P@&amp#1;&amp#5;&amp#20;P@&amp#1;&amp#5;&amp#20;�&amp#28;&amp#1;c���U&amp#21;�j&amp#2;D�C&amp#16;��&amp#23;^ �~jx$�&amp#31;4hГO>I�6�lS�V�T���tʔ)�I&amp#31;F����<TǦ�&amp#2;
(��&amp#2;
(��&amp#2;
(��&amp#2;
(��&amp#2;
(��&amp#2;
(P]&amp#4;H&_�bfՅ�q*PM&amp#5;:w�ܧO��?�|����رcÆ�^zi�V���&amp#31;�&amp#14;&amp#29;&amp#26;vmgix�nݪ��r�-L&amp#11;&amp#24;7n����À�v��&amp#26;kT��;H&amp#5;&amp#20;P@&amp#1;&amp#5;&amp#20;P@&amp#1;&amp#5;&amp#20;P@&amp#1;&amp#5;&amp#20;P@&amp#1;&amp#5;&amp#20;P@&amp#1;&amp#5;&amp#20;P@�*.����������)�@�&amp#8;�ۀ&amp#16;�}�ݗ�r��&amp#27;;�7h� W�*U߾}��np{��E&amp#23;]��&amp#25;U�5r0
(��&amp#2;
(��&amp#2;
(��&amp#2;�G��v�L~Z�>��H&amp#21;P@&amp#1;&amp#5;&amp#20;P@��H�����_����p{�z�&amp#28;�&amp#2;�\`���o��&amp#22;k���^�F���&amp#31;���Z۶mWZi�E~��@߾}���ۙ3g2?�&amp#4;�-Z�(���I&amp#1;&amp#5;&amp#20;P@&amp#1;&amp#5;&amp#20;P@&amp#1;&amp#5;&amp#20;P@��M�ܾ<5ܾ���x�
(��&amp#2;
(P�&amp#4;&amp#12;�&amp#23;������-���&amp#21;~�-&amp#21;P@&amp#1;&amp#5;&amp#20;P@&amp#1;&amp#5;&amp#20;P@&amp#1;&amp#5;&amp#20;P@&amp#1;&amp#5;&amp#20;P`1&amp#19;0ܾ���ޮ&amp#2;
(��&amp#2;
,�&amp#2;��&amp#11;�	��4�^��-&amp#21;P@&amp#1;&amp#5;&amp#20;P@&amp#1;&amp#5;&amp#20;P@&amp#1;&amp#5;&amp#20;P@&amp#1;&amp#5;&amp#20;P@&amp#1;&amp#5;&amp#20;P@&amp#1;&amp#5;&amp#20;P@&amp#1;&amp#5;&amp#20;@�P{M!&amp#20;P@&amp#1;&amp#5;&amp#20;P@&amp#1;&amp#5;&amp#20;P@&amp#1;&amp#5;&amp#20;P@&amp#1;&amp#5;&amp#20;P@&amp#1;&amp#5;&amp#20;P@&amp#1;&amp#5;&amp#20;P@&amp#1;&amp#5;&amp#20;P�X&amp#1;��Ŋ�^&amp#1;&amp#5;&amp#20;P@&amp#1;&amp#5;&amp#20;P@&amp#1;&amp#5;&amp#20;P@&amp#1;&amp#5;&amp#20;P@&amp#1;&amp#5;&amp#20;P@&amp#1;&amp#5;&amp#20;P@&amp#1;&amp#5;&amp#20;P@����&amp#6;
(��&amp#2;
(��&amp#2;
(��&amp#2;
(��&amp#2;
(��&amp#2;�(0`�&amp#0;6�lڴi�V�ʱ[�*%��ÇO�8��q��o�R�/�E&amp#1;&amp#5;&amp#20;P@��J�?�&amp#12;�/V��7��&amp#2;
(��&amp#2;
(��&amp#2;
(��&amp#2;
(��&amp#2;e&amp#17;�={���~�����_�v�ڴy�����<+8���g�͚5+9��_~��V�[�n�Z%�U��~;mڴ�]�ʼ(�4T���&amp#27;/��b۶mw�u�T��:f̘����&amp#24;n�x|���&amp#2;
(�@y	&amp#24;n//I�Q@&amp#1;&amp#5;&amp#20;P@&amp#1;&amp#5;&amp#20;P@&amp#1;&amp#5;&amp#20;P@&amp#1;&amp#5;&amp#20;P@�R&amp#22; �ۿ��wx��G7o�<�Ez�o߾s���z��W_}�=��t�M�&amp#30;�֕O?���q�����+�ܽ{w&amp#26;<������s�=��N;-��&amp#18;yN�&amp#2;
(��&amp#2;
(P�@M&amp#30;����&amp#2;
(��&amp#2;
(��&amp#2;
(��&amp#2;
(��&amp#2;
(�@~&amp#1;���oP�Q&amp#22;m_}��o��VQg�j��?�s�=��{o�&amp#6;&amp#5;֗�
�hy5[a�&amp#21;�j�e�1�^^����&amp#2;
(��&amp#2;%�AȗV&amp#1;&amp#5;&amp#20;P@&amp#1;&amp#5;&amp#20;P@&amp#1;&amp#5;&amp#20;P@&amp#1;&amp#5;&amp#20;P@&amp#1;&amp#5;&amp#20;(w�m��6W*�e�]�&amp#28;/7jԨ)S��O���rk��F�n�8��_͘1��~�w>��#jF�&amp#30;���oo���YO,��̣*��ls�Wf�!&��ڵ�&amp#31;~���&amp#27;gmf�&amp#2;
(��&amp#2;
(P&amp#6;&amp#1;��e@�&amp#20;&amp#5;&amp#20;P@&amp#1;&amp#5;&amp#20;P@&amp#1;&amp#5;&amp#20;P@&amp#1;&amp#5;&amp#20;P@&amp#1;&amp#5;&amp#20;XL&amp#5;�^zi6D���'4^��&amp#16;]f��\f&amp#0;���jM�6%���#�P���&amp#11;&amp#19;n/��v/E���ׅm��~�����&amp#2;
(��&amp#2;
(�G�ٍ����xH&amp#1;&amp#5;&amp#20;P@&amp#1;&amp#5;&amp#20;P@&amp#1;&amp#5;&amp#20;P@&amp#1;&amp#5;&amp#20;P@&amp#1;&amp#5;&amp#20;(O�y��M�0�e�<fϞ]�~�u�]�Q�F�kPOt��_~���ￏ&amp#17;nb�&amp#27;n�a�e�eB�O>���9y��̳�wT�f�"���_��|��&amp#26;4�&amp#30;�B�v�Y��r�m��&amp#6; ����cƌ��%�\2�������_�e�&M�&amp#12;&amp#6;�&amp#22;{��&M��o0!�}Æ�Yg��M����Z��&amp#2;
(��&amp#2;&amp#21;#����+�ګ(��&amp#2;
(��&amp#2;
(��&amp#2;
(��&amp#2;
(��b-0s��g�y���s��MA�����c�5��f���zVJ�6��?B�v��W\qE�����&amp#4;}陑�po��j�رl&amp#18;��ǕW^���g&amp#0;��vQ�|��G�]q�&amp#21;{��&amp#17;������&amp#7;�&amp#7;&amp#29;tP�6m�&amp#23;��[n��E�ݻw����A&amp#2;�����5����QG&amp#29;E�?U�S&amp#5;&amp#20;P@&amp#1;&amp#5;&amp#20;��&amp#2;5��&amp#29;�&amp#2;
(��&amp#2;
(��&amp#2;
(��&amp#2;
(��&amp#2;
(P�&amp#4;�&amp#15;&amp#31;&amp#30;���,�&amp#12;K����[ &amp#6;|�}��2���ի&amp#23;B�Ԑ&amp#25;~�������e&amp#22;vs:k�b�=�V��z��W���&amp#19;��k�&amp#29;&amp#22;��|Ϟ=�ͅ&amp#25;��[�F�.]�&amp#0;B�d�&amp#15;�&amp#4;�U�&amp#5;&�23!����n�X��W_&amp#29;c��9Xs�5�F���{�g�}V�wd�
(��&amp#2;
(P�&amp#2;�n�xs���&amp#2;
(��&amp#2;
(��&amp#2;
(��&amp#2;
(��&amp#2;��&amp#0;A��ێ���l�M\�M���&amp#27;o$&amp#16;>q�D�Ư��ZDd/��Br�_r�%&amp#24;�o߾cǎ&amp#11;�E&�&amp#16;N��do�8��ӧ?��&amp#19;tNp�&amp#16;u�ƍÅ�&amp#27;���R&amp#30;8p�駟��z����p�!�<��&amp#3;,��۷�g�&amp#25;�4x��0;a�]v!&amp#19;~�,�&amp#6;�͇N�֭ˍשS'���K/&amp#29;:4&0�t&amp#4;&amp#7;��&amp#2;
(��&amp#2;e&amp#22;`����ˬ�
(��&amp#2;
(��&amp#2;
(��&amp#2;
(��&amp#2;
(�@&amp#17;&amp#2;{��~��&amp#23;c�I �S�N�����&amp#23;�{�,�f�y8��&amp#26;�ר�z��3K�c��&amp#26;"��)���&amp#27;z����U�V-Z�`&amp#24;�H @Na���o��6&amp#5;�&amp#15;��n&amp#20;£�&amp#27;di��/�&amp#24;N<��c���&amp#29;wܱC�&amp#14;��S�O&amp#1;&amp#5;&amp#20;P@&amp#1;&amp#5;��&amp#0;�r\�^�_@Ǯ�&amp#2;
(��&amp#2;
(��&amp#2;
(��&amp#2;
(��&amp#2;&amp#21;+@&amp#12;��_μ&k�O;���&amp#5;�4h� ��6m�&amp#2;&amp#27;&amp#23;Ҁ��,Ԧ%�Y]M"���=�����o��ƅtR�Q}��&amp#7;������_?u	����T&amp#18;�^o��RG���Yg����&amp#19;O<1sHɖ&amp#7;&amp#31;|�&amp#23;_|�&amp#18;��&amp#25;&amp#30;��s�$���;�ز�&amp#27;dnAH�O8���c'�@���^{-U�S&amp#5;&amp#20;P@&amp#1;&amp#5;&amp#20;��&amp#2;�۫��&amp#21;P@&amp#1;&amp#5;&amp#20;P@&amp#1;&amp#5;&amp#20;P@&amp#1;&amp#5;&amp#20;P@&amp#1;&amp#5;&amp#20;P��&amp#4;��&amp#1;�!�B�E&amp#15;&amp#4;��&amp#24;?gΜ�o���v[Ho�6Dyǌ&amp#25;��d��C&amp#15;=4�{aFŽ��-=��SW'�&amp#31;j&amp#22;�
~��&amp#5;&amp#8;rj<��d�gE�M7�D=���Qb𤚏-���8y�y�汓X �&amp#1;P��g����&amp#2;
(��&amp#2;�Q�??j�P>9A�:ކcV@&amp#1;&amp#5;&amp#20;P@&amp#1;&amp#5;&amp#20;P@&amp#1;&amp#5;&amp#20;P@&amp#1;&amp#5;&amp#20;P@&amp#1;&amp#5;*F�eߛn�i��ի�Y��!�̾ݟ~�iQ��T'&amp#11;|ʲ�&amp#24;Vg���S�rJ�&Mbe��r&amp#25;Ք)SB�����;R��O����i�p��wgf�g�y���N�̓&amp#31;&amp#26;�&amp#19;>�2�iÆw�i����&amp#24;y�֭�͊���N&amp#15;D֓���
+�`�=jXP@&amp#1;&amp#5;&amp#20;P��
�w���j��9l&amp#5;&amp#20;P@&amp#1;&amp#5;&amp#20;P@&amp#1;&amp#5;&amp#20;P@&amp#1;&amp#5;&amp#20;P@&amp#1;&amp#5;&amp#20;�&amp#4;��6ڈ���p�g�}vذa�DVT��w�ڵY���7����/���Z'�|r�&amp#29;�/��R�}뭷ڵkG��T��5��ӧǞk�ʙTu�喋�2&amp#11;,�ό@3�̖Yk���Į�A}�&amp#6;���P����o��\�L�=��S��&amp#2;
(��&amp#2;
T&amp#23;&amp#1;V��"�^]��8&amp#21;P@&amp#1;&amp#5;&amp#20;P@&amp#1;&amp#5;&amp#20;P@&amp#1;&amp#5;&amp#20;P@&amp#1;&amp#5;&amp#20;P@��(��&amp#31;�X;���ޛ���&amp#18;&amp#15;7�2諮�j&amp#17;�&amp#20;A�}����&amp#31;��&amp#7;&amp#30;x��s�M^�&amp#28;GE���31�\�̓��ZfB�O?��:��*��j&amp#22;�S����?���SO��`�UW�5��`LDOܽ~����X��?bق&amp#2;
(��&amp#2;
T_���&amp#12;��-9r&amp#5;&amp#20;P@&amp#1;&amp#5;&amp#20;P@&amp#1;&amp#5;&amp#20;P@&amp#1;&amp#5;&amp#20;P@&amp#1;&amp#5;&amp#20;P�J	�&amp#28;92���&amp#19;OL���2f&amp#29;_D&amp#3;nӦ&amp#25;�YH=iҤ&amp#17;#F�4^�&amp#28;G&amp#21;#�?��C���6�lS�)������&amp#11;��۶mK&&amp#0;��ӧυ&amp#23;^��&amp#18;K�K&amp#20;{�qs&amp#1;�쓩>s����g��F&amp#1;&amp#5;&amp#20;P@&amp#1;&amp#5;��&amp#0;��k�{&amp#21;&amp#28;�CR@&amp#1;&amp#5;&amp#20;P@&amp#1;&amp#5;&amp#20;P@&amp#1;&amp#5;&amp#20;P@&amp#1;&amp#5;&amp#20;P@&amp#1;&amp#5;JF ��O�&amp#30;o��/����¯���YYl͡�&amp#30;&amp#26;N&amp#25;4h�̙3���8�e�]6�gg�r&amp#25;s&amp#28;d&amp#5;&amp#20;�x����s��M�v�ܙM�)&amp#19;&&amp#31;2dH�z�7&amp#24;&amp#23;���X`�Ef��xԂ&amp#2;
(��&amp#2;
T&amp#23;&amp#1;����Q]��8&amp#21;P@&amp#1;&amp#5;&amp#20;P@&amp#1;&amp#5;&amp#20;P@&amp#1;&amp#5;&amp#20;P@&amp#1;&amp#5;&amp#20;P@��(�&amp#30;�&amp#12;��O�mډ���˙w&amp#20;�S?f̘̣�ְ&amp#19;y�&amp#22;-8�}�x�xz��*D���&amp#7;&amp#31;|p޼y�*U�0y����&amp#7;3H&amp#18;�&amp#31;v�a&amp#20;H�&amp#31;��Ç&amp#15;&amp#31;7n\&amp#28;Q7���+�ȹ������NB�駟N��T&amp#1;&amp#5;&amp#20;P@&amp#1;&amp#5;��@MV�Wӡ;l&amp#5;&amp#20;P@&amp#1;&amp#5;&amp#20;P@&amp#1;&amp#5;&amp#20;P@&amp#1;&amp#5;&amp#20;P@&amp#1;&amp#5;&amp#20;P�Z&amp#8;4h� �s�����&�=}�t��={�̚�F�&amp#26;u���&amp#20;�@&amp#19;&amp#12;&�8_�&amp#18;�/�����a�&amp#21;�����O���ht�ߏ&amp#29;;��+�&amp#28;5j&amp#20;�lF�&amp#12;&amp#3;Vx�y�g�uV֛-�M-��L&amp#11;�뮻B?G&amp#29;u�r�-G&amp#25;�.]���~����{(&amp#23;u���&amp#29;;v&amp#12;'���&amp#11;v^q�գq�&amp#29;w|����*��&amp#2;
(�@u&amp#23;�Ż~u�&amp#7;ǯ�&amp#2;
(��&amp#2;
(��&amp#2;
(��&amp#2;
(��&amp#2;
Te�=�؃�3�f�6��Ce��&amp#23;_|&amp#17;c���n�����&amp#15;�T�<B��7�&amp#24;&amp#27;&amp#20;UXa�&amp#21;v�u�g�}�����&amp#11;.��B���m�O8�&amp#4;��3f� ���&amp#3;&amp#15;&amp#20;5�JiL��0�a���jҤI&amp#28;&amp#3;;���>&amp#28;%@ζ�'�x"����V�Z}��'D�y��K&amp#25;�g%�z���g��&amp#26;&amp#11;
(��&amp#2;
(PM&amp#5;�$_M_8���&amp#2;
(��&amp#2;
(��&amp#2;
(��&amp#2;
(��&amp#2;&amp#21;'@�5\,&amp#22;&amp#22;x��>�,U?�3�Xc��Y�/��^{�u�G6lؐ�d{��i�f�=�L�O5H&amp#30;J�s5�q�&amp#29;���~������r&amp#31;�Zk�ս{����/��2�!Q^y啉��&amp#26;[�qQO&amp#11;EB�8�o���&amp#4;&amp#3;\����O]�C�&amp#14;$���mݙ*&amp#17;�&amp#22;u�,u��e3x^��9W��f�C�֭c�&amp#5;&amp#5;&amp#20;P@&amp#1;&amp#5;&amp#20;��&amp#2;�&amp#31;�A����E5��]&amp#21;&amp#4;���	&amp#19;&|��&amp#19;'N�S�&amp#14;y�6�x��W_=�ئL�B�$&amp#26;�q&amp#17;ή��&amp#27;m�Q��5�)��?�y0��ɡyZV�xRc`&2&amp#8;�&amp#20;sxWZi���믽�ڛn�i���:�:O�/���4o�<�&amp#31;�k�|lC#&amp#28;mܸ�j��&amp#22;[�0�&amp#27;nXg�u����~�<��3���w�}&amp#15;8��xi&amp#11;
(��&amp#2;
(��&amp#2;
(��&amp#2;
(P&�%�5'���9ȗ6��|�{�*��S��&amp#8;���k�&amp#0;|K��~���|�V�V�&amp#5;�R�&amp#6;�bT�&amp#11;�ۤ9s��=&amp#18;_&amp#0;.��e&amp#24;XU>��&amp#27;�9s&_�1&amp#11;!�-YU�;Ǧ�&amp#2;
(�8&amp#11;��U�&amp#23;(��&amp#24;��te�Qý�+��$�͟�&amp#3;&amp#6;&amp#12;����3�ɛ�&amp#30;{l�If��z�o��Vf{&amp#18;d�z�y��$�&amp#21;&amp#1;ZN���_=�&amp#7;j*r<�&amp#1;|��W�W�Q1�N�:�}����ծ|�%�&amp#16;�&amp#14;�>��3&amp#15;9���УG���z*�9��s�1�k����G&amp#30;�P���7�d������~��ǔ&amp#14;N�w&amp#22;�&amp#7;�2��&amp#19;&amp#21;P@&amp#1;&amp#5;&amp#20;P@&amp#1;&amp#5;&amp#20;P@&amp#1;&amp#5;&amp#20;�n&amp#2;��������;^&amp#5;&amp#20;P@&amp#1;&amp#5;&amp#20;X�&amp#4;R������b,��U��"�&amp#11;Y%��AT���1c.��b&amp#22;s��1'w���g���c�RC0uҤIW_}u&amp#28;K�>}�{S��������6�=�&amp#28;�x6C�L65{��޽{�&amp#24;m�-�Pa�I]�X�QG&amp#29;&amp#21;?.�&amp#26;�I�!�KK�M��<e�ܹݺucA�i�����.�A�&amp#6;�&amp#15;����1֞yS,�&amp#15;�����<Z^5���% �W	�&amp#22;(/&amp#19;�Q@&amp#1;&amp#5;&amp#20;P@&amp#1;&amp#5;&amp#20;P@&amp#1;&amp#5;&amp#20;P@&amp#1;&amp#5;&amp#20;P@&amp#1;&amp#5;&amp#20;P@&amp#1;&amp#5;&amp#20;(/&amp#1;V�&amp#27;n//�Ŵ&amp#31;r@�X;�L�|�ɫ��J� ��bn��ÆcO&6:
�[o�5�v��]�v�رc̗��?^z��ĉ��gM|&amp#18;��,�&&amp#3;y�2k�bƓyiR��X;&amp#11;�q��p1��/����{�<�i&amp#1;#F�Xtyԓ�Z&amp#20;e^ُ?��$��:�s&amp#29;����&amp#15;&�&amp#25;i��l7���&amp#2;&amp#15;]~��o��&�`�KV���L&amp#1;&amp#5;&amp#20;P@&amp#1;&amp#5;&amp#20;P@&amp#1;&amp#5;&amp#20;P@&amp#1;&amp#5;&amp#20;P@&amp#1;&amp#5;&amp#20;P@&amp#1;&amp#5;&amp#20;P@�&amp#2;&amp#5;&amp#12;�&amp#23;&amp#8;e��&amp#2;�e����)��f�%&amp#27;���zW^y�&amp#17;G&amp#28;A%A�&amp#24;ng�o&amp#22;�s�RK-�lOصgϞ��&amp#11;��G�N&amp#30;���&amp#15;X&amp#8;&amp#30;�٬ g��=�ܓl�,W�x��&amp#11;�_~���9e��'�zr-5&amp#19;&amp#11;���H�5|��TMuy�=�y&amp#15;C�&amp#14;�&amp#19;ng�{&amp#0;�:I�Y&amp#17;�,�[f��>�쳨�b�
(��&amp#2;
(��&amp#2;
(��&amp#2;
(��&amp#2;
(��&amp#2;
(��&amp#2;��&amp#0;kk]ݾx���y�m۶��&amp#29;qY����Ǎ&amp#27;�l@}�i,&amp#19;�&H������:VR �z��_u�U,���[�G3ˋz<�W����b�d�=�%5Lr&amp#25;9rdH�>y�万=�5�N�2e��N6��S��]�q��LVXq�&amp#21;�vK%��'L�&amp#16;&amp#0;٪���&amp#27;6$"��߆&amp#12;&amp#4;L�Ⱥ�Ƽy��t&amp#1;��&amp#27;l�A��C=&amp#25;��ԩ���o&amp#19;Pg&amp#26;&amp#4;����&amp#12;;�&��{f����&amp#15;&amp#19;'N̼e��&amp#22;>��3�&amp#25;��#�]p����
i&amp#3;��}&amp#0;)0&amp#30;��3���&amp#25;&amp#3;GWXa�f͚�N�)�����/&amp#17;&�<&amp#19;5&amp#16;�z;��F�&amp#26;��௿�b䌐sɄ�V&amp#8;��q@f��(��&amp#2;
(��&amp#2;
(��&amp#2;
(��&amp#2;
(��&amp#2;
(��&amp#2;
���?������K�e����G+\��o!c �I&amp#8;��qc�p&amp#22;A��ݻo��M�6�fΜ9���٦�Ɠ�3Q�PI`;�h���&amp#3;&amp#15;&amp#12;�I=����$�&amp#15;]���{&amp#15;<�@�
x����ԩS�O��&amp#18;��&amp#11;.�駟R��+Ю]������&amp#11;/�p���K5�)��0���>:&amp#21;��l���&amp#24;�p;�^y啬���d&amp#2;FۦM��&amp#30;��No��V
�'X&amp#30;�̘1�K.ɼk�2E�$
u�֥��ػwov&amp#28;&amp#8;g%�%*ϝ�D&amp#11;��`&amp#26;&amp#1;w��C&amp#15;%�Q~��'I5��d����6ۤ�C?�V��SO%�~�&amp#1;g]|��!1C�޲&amp#2;
(��&amp#2;
(��&amp#2;
(��&amp#2;
(��&amp#2;
(��&amp#2;
(�@�&amp#11;�4�^�qe� +�ê�u�]��1&amp#12;&amp#25;2$4kѢE�=��&amp#16;k���|�h�O�q<�+���J�\�|��?�����SV��l�2VR&amp#14;�V�Z�&amp#4;�t&amp#18;��t����oϺN�� qX8&amp#30;{���#���}��&amp#19;`f�vh@�{�w&amp#14;���&amp#7;'ϊ�g�y&����c�P`&amp#12;�n�m��'�x"u��,�&amp#15;/e����} ��Y��D�&amp#24;�g�E������>&amp#26;c�,.&amp#7;'.^G���!�j�v&amp#16;c�@m���a�&amp#3;�v���u�]���)S&amp#4;�r>��	�'ϢC&amp#22;�g=�J&amp#5;&amp#20;P@&amp#1;&amp#5;&amp#20;P@&amp#1;&amp#5;&amp#20;P@&amp#1;&amp#5;&amp#20;P@&amp#1;&amp#5;&amp#20;P@&amp#1;&amp#5;&amp#20;P@�R&amp#21; �^в�R��k�
�%�\"s�p꺄9&amp#31;{챛n��z⸇&amp#31;~x�A�<]���ڵ+K�&amp#25;�1�&amp#28;C�u��������o��6j&amp#14;8�&amp#0;��&amp#19;�͚&amp#27;�Ӊ������K.�d�&amp#1;"�����w"ӱ[b��^{mx�2k��&amp#4;H��*��7ߜl�����?N�D�c&amp#12;;�&amp#2;~&amp#8;�&amp#19;B&_z�6W����K/�
��&amp#31;~xԨQ,�oРA��믿N��0&amp#18;��'&amp#15;�)�T��
48餓&amp#14;;차ǒwb�d�&amp#15;��4�l���{�����zb��,Y�c��\�z��&amp#8;�s���7�&amp#16;o��&amp#0;�s&amp#14;��	�&amp#19;��h��R=�����]�t	������w�wҒ�-u�O&amp#21;P@&amp#1;&amp#5;&amp#20;P@&amp#1;&amp#5;&amp#20;P@&amp#1;&amp#5;&amp#20;P@&amp#1;&amp#5;&amp#20;P@&amp#1;&amp#5;&amp#20;P@&amp#1;&amp#5;J[�p{i���vw,%�ӧ&amp#15;�'���V[e��8%�sϜ9�(&��РI�&�\s��3�/d͢&amp#30;&amp#15;��w�}7l�NBr��D�;v���k�a�$E�&amp#17;�x�����v����n<VR&amp#8;�&amp#20;8e�&amp#29;v��&amp#8;E��;<e�9�v�C�&amp#14;=�3b&amp#27;
���Ӭy�-�eB�۩!T���'&amp#15;�%４��O5�,Uf&amp#3;�P�뮻�X;5�U�\s�~���N;�&amp#20;c��p
S&amp#19;¡<�2W�W�^�A߾}�yj�"�d�Ν)�&�&{�&amp#5;e6@�Yb�%���&amp#15;�&amp#23;e̘1�ނ&amp#2;
(��&amp#2;
(��&amp#2;
(��&amp#2;
(��&amp#2;
(��&amp#2;
(��b"Ps1�Oo�"&amp#5;Xj�2�p��.��f�,?f�0f�6��&amp#24;k'%8��5�\�܇Z&amp#1;�!�{�7�x�a�,���{&amp#8;r�'��&amp#31;\^w�&amp#2;t�
ˬc�!�ʹ���.V�
�l�IX�N�&amp#29;��Ѱ���d�>� k�hz�&amp#23;1����&amp#31;~&amp#8;ۺ&amp#23;&amp#21;��&amp#18;![>&amp#5;��s���zQ*��&amp#7;&amp#31;|&amp#16;�\�rՓQ 豀>&amp#25;k&amp#15;�Y�&amp#30;&amp#18;�j?���]&amp#29;r�!ɧ���&&amp#0;&amp#5;&amp#6;3k֬�Q�*��&amp#2;
(��&amp#2;
(��&amp#2;
(��&amp#2;
(��&amp#2;
(��&amp#2;
������%&amp#14;Z�7�U�&amp#0;{��1�&amp#7;&amp#31;|��&amp#8;�7o�<�Ew�qGvd�m��س<l4��`���&amp#29;w\\���b++l<�uf&amp#3;u�:s�,O&amp#15;�d��QG&amp#29;u���'c�E�&amp#2;9���ib����;�T�&amp#24;rf!{�i�Za�6��曱��r�����u䱾�&amp#2;��i�&amp#0;F�&amp#24;&amp#17;�?��ӡ���XYH��&amp#4;�ǀ�&amp#3;�
x��'��&amp#25;{ �=&amp#11;�yJb|f30�!�X&amp#31;��)ę
[n�e�fq�&amp#3;�d6�s&amp#2;���ׯ&amp#31;���!YoY&amp#1;&amp#5;&amp#20;P@&amp#1;&amp#5;&amp#20;P@&amp#1;&amp#5;&amp#20;P@&amp#1;&amp#5;&amp#20;P@&amp#1;&amp#5;&amp#20;P@&amp#1;&amp#5;&amp#20;P��&amp#5;&amp#8;��L��_⊾;b�d���0���4�&amp#26;&amp#1;&amp#27;`'&amp#15;&amp#17;Q&�<K�Y������;�8yn�rŏ�N�:$&amp#24;���J���!&amp#20;M�u2�����&amp#25;6˻_}�UV�3&amp#5;!k�9�KB�P����C��.��B�{*�g�$�a�t*C&amp#12;;uJ��t&amp#24;2�?��S!�;ڏ>�h���=qt^�SN9�&amp#5;��|�36x&amp#28;x����O&amp#5;�/��"֑���&amp#11;��1���&amp#16;�oݺu�&amp#26;5����&amp#11;�|�T�XOK��'��+<3*�5�\.?���Z��&amp#2;
(��&amp#2;
(��&amp#2;
(��&amp#2;
(��&amp#2;
(��&amp#2;
(P�&amp#5;�&amp#19;�����F�ixL��ݻ����&amp#25;4����&amp#23;�&amp#3;Ff�+��2�3'�&amp#30;&amp#22;�/��W�x�q�O�v�m�{n�&amp#11;b�S�N-�X/N�����'TODy��&amp#3;�}��d&amp#2; ��!�nOnd�j&amp#19;�֮];$x&amp#31;>|x\&amp#17;N���tK�:�Yy*I�&amp#30;R�&amp#19;����KKv�&amp#15;�a�E�&amp#19;s&amp#29;"�M��K/��L�����&amp#3;����&amp#11;Ǘ\rɞ={�~�현f���
i�I*���&amp#8;���K8��~�a,���>$&amp#18;H��W�^�e&amp#5;&amp#20;P@&amp#1;&amp#5;&amp#20;P@&amp#1;&amp#5;&amp#20;P@&amp#1;&amp#5;&amp#20;P@&amp#1;&amp#5;&amp#20;P@&amp#1;&amp#5;&amp#20;P@&amp#1;&amp#5;&amp#12;��3P>&amp#2;Ķټ�p)�&amp#17;&amp#7;��+�.&amp#5;�s1Bԝ:u
&L���e!���x�&amp#22;�����&amp#5;��a�~��,�%+�&amp#31;z��_�{���t�&amp#14;&amp#29;:�zXe�UBM&amp#8;x�����}=Ԅ�&amp#3;&amp#19;'N$%;5��׿
�&amp#24;���&amp#0;�S"�&amp#20;�.��oٲe�Y��Z�j&amp#17;���&amp#7;Hu@~�p"Awv&amp#25;`�|�&amp#31;f3`B�y&amp#18;	0#�C#G�d5|��l&amp#28;�q��&amp#25;3f��d!�np=�bY&amp#1;&amp#5;&amp#20;P@&amp#1;&amp#5;&amp#20;P@&amp#1;&amp#5;&amp#20;P@&amp#1;&amp#5;&amp#20;P@&amp#1;&amp#5;&amp#20;P@&amp#1;&amp#5;&amp#20;P �����,V&amp#22;'&amp#16;֑�X;���'�&amp#18;�⺘�:f �&amp#21;-��*5�&amp#24;{���<w���~�)���Λu���1&amp#23;z�\c�5B9�Pl&amp#19;&amp#11;�&amp#30;:&amp#28;:t(�/��b8ĺ�ئ��&amp#22;[l&amp#17;&amp#22;�&amp#15;&amp#26;4�x&amp#8;���{ق��K7k֌d�<��:�C=�&amp#14;غ>� ��\sM�ϳF?��'&amp#25;&amp#0;#�l&amp#22;k��\����k��v<˂&amp#2;
(��&amp#2;
(��&amp#2;
(��&amp#2;
(��&amp#2;
(��&amp#2;
(��&amp#2;�&amp#2;�&amp#23;5ܞ�bM�&amp#2;7�tӀ&amp#1;&amp#3;8�&amp#28;�$�^j����b�	�Ǐ&amp#15;'ưh���R�	̓,a�fzy��&amp#15;���V[�v"���??��&amp#20;&amp#8;&amp#19;&amp#20;��n"�Ɍ�f�)��)�?:�g�y�2;���vlSx��`e|�0��N9�J/��\-ٵ���������Y�:u�;�p4$&amp#6;��2��&amp#15;&amp#11;�S͘���㏇J&amp#2;���>U@&amp#1;&amp#5;&amp#20;P@&amp#1;&amp#5;&amp#20;P@&amp#1;&amp#5;&amp#20;P@&amp#1;&amp#5;&amp#20;P@&amp#1;&amp#5;&amp#20;P@&amp#1;&amp#5;&amp#20;P )�&amp#26;T��I&amp#16;�e&amp#17;�����͙,��ꪫ�&amp#7;��&amp#23;&amp#18;������l(NW�i�v�b}���&amp#31;�o��F,<�8���{����o&amp#30;۬��j�	�O�<9VR r&amp#28;�f.�f�wVo'&amp#27;��a�&amp#29;F�C�B�mbM�m��4&amp#14;��a>�)����ai�6�l�&amp#22;�E�&amp#16;&amp#26;ϛ7�hw�&amp#1;���9=-3��%>L;��;�i&amp#28;mڴ����~���S�&amp#12;&amp#27;6,Lw`&amp#14;A�\��O&amp#21;P@&amp#1;&amp#5;&amp#20;P@&amp#1;&amp#5;&amp#20;P@&amp#1;&amp#5;&amp#20;P@&amp#1;&amp#5;&amp#20;P@&amp#1;&amp#5;&amp#20;P@&amp#1;&amp#5;&amp#20;�&amp#2;�"���&amp#5;&amp#5;r	�u�]��w_8��f���v֖뮻n&amp#8;6w�֍E�������W_����ٳ�L�2|�����?!�ܹs琢<kW�++e<,&amp#19;gm7��	6�*�m��Yf&amp#25;RǏ&amp#30;=���!�<ۜ'o�u��2�һw�.]�4n�&amp#24;&amp#4;&amp#26;4j�(� ��&amp#7;&amp#15;&amp#30;L�&amp#4;�����ۗ`p�{'�N&amp#6;u�r�=��#��y�&amp#6;�̙�Yo��&amp#22;I�Ê�pn�ڵ����&amp#30;{,,m�r�&amp#29;v��m��\�U�Vqr@���O?�4�'&amp#17;}۶mɐO��&amp#31;���?.�'&amp#19;>C���&amp#15;?�p�°Y���J+1{�/��ӧO����*���:�&amp#0;r�I'�t�}���&amp#28;�t&amp#30;^&4�s�v횿&amp#19;�*��&amp#2;
(��&amp#2;
(��&amp#2;
(��&amp#2;
(��&amp#2;
(��&amp#2;
(���v&amp#12;&amp#22;J`Ĉ&amp#17;�|�l��T�&amp#4;�qm7�a��<Rm�S�_�}��Y&amp#15;&amp#21;RY��ye�#� ���l�&amp#1;S
�4&amp#5;&amp#22;��u��?���&amp#27;n�!�^&��ꫯN����C&amp#15;=4���!�I��&amp#5;&amp#23;&amp#0;K&amp#16;=��C�C&amp#14;9$�&amp#12;&amp#5;&amp#2;���C�y&amp#15;�/�|�A�O�0��&amp#25;I��&amp#18;�������&amp#31;�&amp#3; F&amp#30;w�'�&amp#14;&amp#20;��f�\g;���d&amp#19;&amp#29;���s�9�J�:�H&amp#30;�&amp#22;&amp#8;�''F$�ZV@&amp#1;&amp#5;&amp#20;P@&amp#1;&amp#5;&amp#20;P@&amp#1;&amp#5;&amp#20;P@&amp#1;&amp#5;&amp#20;P@&amp#1;&amp#5;&amp#20;P@&amp#1;&amp#5;&amp#20;P 
&amp#16;�2�|԰P&amp#22;����c�a�r�^t�EDg	j�C�СC&amp#7;2�&amp#19;9���d!�ъ&amp#31;&amp#15;cc&&amp#1;KƳ�h[�ly��&amp#19;�Mn��)&amp#4;���ε�Z+yk!&amp#15;���&amp#30;{�g&�(�t���&amp#30;":N��p:��&amp#31;y䑽��+y�2�[l�E�&amp#18;�Y&��&amp#6;&amp#27;�JNI&amp#29;��4&amp#12;o�%�L�al��9&amp#4;���Ŋ��2�Lqz��&amp#25;�&amp#2;�1[��x�&amp#7;&amp#31;|p8�l�'�xb�f����/'����z�J:���.�)&amp#1;s�]v��S��I!C�&amp#12;�\&amp#31;���pz��XHvkY&amp#1;&amp#5;&amp#20;P@&amp#1;&amp#5;&amp#20;P@&amp#1;&amp#5;&amp#20;P@&amp#1;&amp#5;&amp#20;P@&amp#1;&amp#5;&amp#20;P@&amp#1;&amp#5;&amp#20;P�T&amp#5;&amp#8;u�Ⱥ_r�ް�UE&amp#4;�~�M�Y�͖��]g�&amp#21;W\�&amp#18;�V^�:u*��� �L�s��g�z���}��,�&amp#17;�O"0$�uG�NH�&amp#31;���ӳ�Q�Db�q��T3�������t;t�Ъ&amp#22;$��&amp#31;�&amp#5;�|�&amp#4;ח]v������ӧs&amp#11;�&amp#11;h����>k%�&amp#26;����&amp#16;B�s�6V*��&amp#2;
(��&amp#2;
(��&amp#2;
(��|�����e��O�=&amp#11;���k�1&amp#5;&amp#20;P@&amp#1;&amp#5;&amp#20;P@�J&amp#21;H.�,f ��&amp#23;c1&amp#23;�����+�5p&amp#4;
T�&amp#0;&amp#27;����O8�&amp#4;����K{-&amp#5;&amp#20;P@&amp#1;&amp#5;&amp#20;P@&amp#1;&amp#5;&amp#20;P@&amp#1;&amp#5;&amp#20;��&amp#2;�����j�3��&amp#21;P@&amp#1;&amp#5;&amp#20;P`q&amp#17;0�^�+��К�n/�˖
Tw��s����;u�T�o��+��&amp#2;
(��&amp#2;
(��&amp#2;
(��&amp#2;
(��&amp#2;
(��&amp#2;
(PY&amp#2;��6�^Y�^W��&amp#22;`nM�~�>��S.����&amp#12;�&amp#21;=&amp#2;���&amp#2;
(��&amp#2;
(��&amp#2;
(��&amp#2;
(��&amp#2;
(��&amp#2;
(�@�&amp#8;&amp#16;}�U�vn.&amp#21;[�C��"0z��_~���_|�ş~��a�����&amp#30;[U��8&amp#20;P@&amp#1;&amp#5;&amp#20;P@&amp#1;&amp#5;&amp#20;P@&amp#1;&amp#5;&amp#20;P@&amp#1;&amp#5;&amp#20;P@&amp#1;&amp#5;&amp#20;P@&amp#1;&amp#5;&amp#20;��&amp#2;���&amp#29;�&amp#2;
&amp#20;*��&amp#23;_&amp#12;&amp#24;0 �f��ɯ��*�Ƃ&amp#2;
(��&amp#2;
(��&amp#2;
(��&amp#2;
(��&amp#2;
(��&amp#2;
(��&amp#2;
&amp#20;+�����o�Y��3m��&amp#2;�E�iӦ�&amp#28;rȏ?�X�N�6�`���"�^]&amp#6;�8&amp#21;P@&amp#1;&amp#5;&amp#20;P@&amp#1;&amp#5;&amp#20;P@&amp#1;&amp#5;&amp#20;P@&amp#1;&amp#5;&amp#20;P@&amp#1;&amp#5;&amp#20;P@&amp#1;&amp#5;&amp#20;��&amp#2;��k&amp#16;r���sT
(��&amp#2;
(��&amp#2;
(��&amp#2;
(��&amp#2;
(P5&amp#4;��;�9y����?�����D&amp#1;&amp#5;&amp#20;P@&amp#1;&amp#5;&amp#20;P��	�u�f���X�<&amp#22;0����&amp#23; �a&amp#5;&amp#20;P@&amp#1;&amp#5;&amp#20;P@&amp#1;&amp#5;&amp#20;P@&amp#1;&amp#5;&amp#20;P@&amp#1;&amp#5;&amp#20;P@&amp#1;&amp#5;&amp#20;P@&amp#1;&amp#5;&amp#20;P@&amp#1;&amp#5;2&amp#4;j֨Q#��
&amp#5;&amp#20;P@&amp#1;&amp#5;&amp#20;P@&amp#1;&amp#5;&amp#20;P@&amp#1;&amp#5;&amp#20;P@&amp#1;&amp#5;&amp#20;P@&amp#1;&amp#5;&amp#20;P@&amp#1;&amp#5;&amp#20;P@&amp#1;&amp#5;&amp#20;�'���t<��&amp#2;
(��&amp#2;
(��&amp#2;
(��&amp#2;
(��&amp#2;
(��&amp#2;
(��&amp#2;
(�@�&amp#0;��k���_�&amp#7;�Q@&amp#1;&amp#5;&amp#20;P@&amp#1;&amp#5;&amp#20;P@&amp#1;&amp#5;&amp#20;P@&amp#1;&amp#5;&amp#20;P@&amp#1;&amp#5;&amp#20;P@&amp#1;&amp#5;&amp#20;P@&amp#1;&amp#5;&amp#20;P@�\&amp#2;$���#�a�&amp#21;P@&amp#1;&amp#5;&amp#20;P@&amp#1;&amp#5;&amp#20;P@&amp#1;&amp#5;&amp#20;P@&amp#1;&amp#5;&amp#20;P@&amp#1;&amp#5;&amp#20;P@&amp#1;&amp#5;&amp#20;P@&amp#1;&amp#5;&amp#20;P �����,V*��&amp#2;
(��&amp#2;
(��&amp#2;
(��&amp#2;
(��&amp#2;
(��&amp#2;
(��&amp#2;
(�S��d�9&amp#15;z@&amp#1;&amp#5;&amp#20;P@&amp#1;&amp#5;&amp#20;P@&amp#1;&amp#5;&amp#20;P@&amp#1;&amp#5;&amp#20;P@&amp#1;&amp#5;&amp#20;P@&amp#1;&amp#5;&amp#20;P@&amp#1;&amp#5;&amp#20;P@&amp#1;&amp#5;�	&amp#24;nϦb�&amp#2;
(��&amp#2;
(��&amp#2;
(��&amp#2;
(��&amp#2;
(��&amp#2;
(��&amp#2;
(��&amp#2;y&amp#5;ܸ=/�&amp#7;&amp#21;P@&amp#1;&amp#5;&amp#20;P@&amp#1;&amp#5;&amp#20;P@&amp#1;&amp#5;&amp#20;P@&amp#1;&amp#5;&amp#20;P@&amp#1;&amp#5;&amp#20;P@&amp#1;&amp#5;&amp#20;P@&amp#1;&amp#5;&amp#20;�&���v���u
(��&amp#2;
(��&amp#2;
(��&amp#2;
(��&amp#2;
(��&amp#2;
(��&amp#2;
(��&amp#2;
(�S�f�&amp#26;5r&amp#30;�&amp#2;
(��&amp#2;
(��&amp#2;
(��&amp#2;
(��&amp#2;
(��&amp#2;
(��&amp#2;
(��&amp#2;
d&amp#8;&amp#16;j��Qi�&amp#2;
(��&amp#2;
(��&amp#2;
(��&amp#2;
(��&amp#2;
(��&amp#2;
(��&amp#2;
(��&amp#2;
,@�p�&amp#2;�<��&amp#2;
(��&amp#2;
(��&amp#2;
(��&amp#2;
(��&amp#2;
(��&amp#2;
(��&amp#2;
(�@�@��*k&amp#20;P@&amp#1;&amp#5;&amp#20;P@&amp#1;&amp#5;&amp#20;P@&amp#1;&amp#5;&amp#20;P@&amp#1;&amp#5;&amp#20;P@&amp#1;&amp#5;&amp#20;P@&amp#1;&amp#5;&amp#20;P@��&amp#21;&amp#24;9r���ߺu�V�Z�o���@�&amp#8;���߆�+Eދ*��&amp#2;
(��&amp#2;
(��&amp#2;
(��&amp#2;
(�@�&amp#16;�ꫯ�L�R�XW]u�F�&amp#26;&amp#21;��f
(��&amp#2;
,n&amp#2;�G�&amp#30;0`�RK-U`�}޼y&amp#31;|�&amp#1;����z���J&amp#30;������?�0a�/�����F&amp#27;m��&��i��&amp#16;o��ƍ&amp#27;;vl͚5�I�&u���՘�b����C�Q�p{u|�&amp#28;�&amp#2;
(��&amp#2;
(��&amp#2;
(��&amp#2;
(��&amp#2;
T��C&amp#15;=����&amp#23;x�=�����+���&amp#20;P@&amp#1;&amp#5;&amp#20;X�&amp#4;&amp#8;�s˳f��믿�g�}&amp#2;�_~�{�G���>�S�NY�&amp#19;�|�'z��:ڬY�&amp#11;/�p���J��zʐn�����&amp#7;�&amp#26;&amp#28;��&amp#30;zh���Ŷ����&amp#18;&amp#16;�����%�:z&amp#11;
(��&amp#2;
(��&amp#2;
(��&amp#2;
(��&amp#2;
(��&amp#4;jԨQx�&amp#11;�&amp#28;&amp#20;ޕ-&amp#21;P@&amp#1;&amp#5;&amp#20;(&amp#25;�_�uȐ!�&amp#6;����M=8���kn���ڵkӦ�r�-���O>��`yh�:�zz�7<�䓡�q��&amp#20;���K�&amp#29;3f�I'�t�-����:�S2�Ν;�gϞ/��B8D?�&amp#12;�8q"O�����&amp#30;{�ɳ�m�<�r�	�`�G�ݒ���&amp#2;
(��&amp#2;
(��&amp#2;
(��&amp#2;
(��&amp#2;�*�d����=�?&amp#7;����y^&amp#29;��&amp#2;o���ɑ����W^y%5�]v�&amp#22;[l�<Dvܥ�^:YcY&amp#1;&amp#5;&amp#20;P@��\��W^���K� &amp#16;&amp#17;oѢE�&amp#1;K�{�ɵ����>:�ShI��G�&amp#30;!�>}�tz�ׯ&amp#31;�͛7��&amp#5;N����&amp#31;��+��2�N�:��3�&amp#12;A��n��e˖qHŶ�'V�B��]n1&amp#22;v���j&amp#1;Y&amp#26;��0&amp#29;�&amp#2;
(��&amp#2;
(��&amp#2;
(��&amp#2;
(��&amp#2;
(P&amp#25;&amp#2;��W�����/&amp#31;&amp#6;B���`��2^"���&amp#2;
(Pu&amp#5;����&amp#24;kg˕-�ܒ�R��+&amp#14;<��7ܰA�&amp#6;D���j�C!��f�w�uW<��p�=���k��&�bg����>��p�x��ﾛ��d��O?�S���]w]���~���_}�=�&amp#6;�b��&amp#19;-���?�"��-y;
(��&amp#2;
(��&amp#2;
(��&amp#2;
(��&amp#2;
(�@�&amp#11;�&amp#30;nĈ&amp#17;l%۷o�&amp#1;&amp#3;&amp#6;� ~ƌ&amp#25;�Q�vt�ȑ����&amp#15;���<v�X�� �m����&amp#2;
(�@�&amp#18;x��WÀO>����;�I�&<]u�U;t�@���&amp#7;&amp#30;x ���mY�M�F��7ߜ�е�^;���_�L��(���V[-��3�&amp#8;5Ç&amp#15;O&amp#29;J=�<yr&amp#8;���.�ؓG&amp#25;���oOͰa�X4&amp#31;&amp#14;&amp#21;�>١�&amp#18;&amp#19;p��&amp#18;{A�&amp#29;&amp#5;&amp#20;P@&amp#1;&amp#5;&amp#20;P@&amp#1;&amp#5;&amp#20;P@&amp#1;&amp#5;&amp#20;P@&amp#1;&amp#5;&amp#20;�d&amp#1;���ᇉ����ڸSO=5��&amp#11;�&amp#6;&amp#14;&amp#28;&amp#24;�ܿ��˷�n�d{6��ڵ+5������,+��&amp#2;
(P-&amp#4;���Z��:�d��&amp#6;&amp#4;//�䒡C�&amp#30;r�!�jՊ�g=7&amp#4;�9ԨQ��&amp#6;��Һu���{���_?묳2&amp#27;ĚѣG���[o&amp#29;+c�m۶a-��Q�v�a&amp#7;�m&amp#31;��P�&amp#2;�n/ɗ՛R@&amp#1;&amp#5;&amp#20;P@&amp#1;&amp#5;&amp#20;P@&amp#1;&amp#5;&amp#20;P@&amp#1;&amp#5;&amp#20;P@��&amp#17;&amp#24;3fL��&amp#19;_o֬Y���&amp#27;6l�Pط��������ð�.���!?-�oc���s��	{�Sf&amp#27;�e�Y&��
(��&amp#2;
T;�5�\3��|-&amp#5;&amp#14;�\�G&amp#28;q&amp#4;�vڳ~=�Y���k8&amp#26;�yI5�h���!fO��ԡ��&amp#24;�oڴi�>�ce|�.�}f�֔��??�>&amp#20;P@&amp#1;&amp#5;&amp#20;P@&amp#1;&amp#5;&amp#20;P@&amp#1;&amp#5;&amp#20;P@&amp#1;&amp#5;&amp#20;P@&amp#1;&amp#5;�E`��w����w�u׭��*�
薬�7�p&amp#3;&amp#5;V�w��=\�t��/��&amp#2;"��^{-A��¯_�~�n��)����������&amp#2;
(�@u&amp#20;������3o޼���\�e�5�&amp#8;�L�4)k��#�z�[�^��m����&amp#21;VX!�M������b�g�iM�&amp#8;0#���%�jz#
(��&amp#2;
(��&amp#2;
(��&amp#2;
(��&amp#2;
(P�&amp#2;����&amp#21;W\��6��X;c�{�&amp#27;7nL᫯�J&amp#14;�]�v��&amp#15;5,��g(|����bK����;wN6���&amp#2;
(�@�&amp#19;Xw�u�?��0lvjg�&amp#25;�~�i֬Y&amp#11;/$��m�~�z�?��3��q�¦-����_��ɧq��&amp#18;K,��&amp#15;套^:&amp#20;�N�&amp#26;
Ŷ��Ӛ�&amp#17;`�����y5�&amp#17;&amp#5;&amp#22;J`����z�����&amp#23;�&amp#23;OV@&amp#1;&amp#5;&amp#20;P@&amp#1;&amp#5;&amp#20;P@&amp#1;&amp#5;&amp#20;P@&amp#1;&amp#5;&amp#20;�!ФI&amp#19;�d.�;餓ؠ�C��gQ{H#O��&amp#11;/�0��m���V@&amp#1;&amp#5;&amp#20;P�J&amp#11;&amp#28;z�LD�Y�&amp#25;+[�3&amp#17;��n#C�o����漁ƥ�饗�;��y�l�AX���J+���B84cƌ��O���&amp#18;&amp#19;0�|����p;S�L	�8�@��&amp#6;&amp#27;�&amp#25;&amp#1;s��&amp#5;�<���Z+O��?��Gfsݍ7޸nݺ&amp#21;?����7���&amp#7;&amp#31;�v�i�w^�~x�a�&amp#20;^��&amp#15;?|a��&amp#22;���&amp#27;l��&�l�k��g�~��RGy?^q�&amp#21;�ԩ�;k!&amp#31;wI�3j�(~�I��ꪫ�z�O�4�'m>N�&amp#18;���^{m>co��fY��ųR&amp#5;��}���_��ĉ&amp#19;�a���ۥy��lr�j���������Y3y�dFKF&amp#29;r�5j�(�_4mR�&amp#3;��O�&amp#30;.T�P3&amp#7;`�&amp#2;
(��&amp#2;
(��&amp#2;
(��&amp#2;�*��o��q�&amp#15;�|��&amp#7;pn3���_V�]v�e�&amp#30;{,�G&amp#31;}t8t�����&amp#0;&amp#0;@&amp#0;IDAT&amp#23;��<�̲&amp#2;
(��&amp#2;�W�C�&amp#14;$t!NԷo����s#�!��
&amp#15;6[�b�-�|k&amp#7;&amp#28;p���?�&amp#23;��0�m�%�&amp#28;3fL萯���&amp#7;&���s���Z*�Q&amp#14;���5k��e�Ŷ�߹G��&amp#0;љZ�y
	&amp#26;U��t��T�<W�_~9��W�c�=&amp#22;�vd�"&amp#19;u�?�&amp#19;�t钵AeU&amp#18;k'\��Y�ݾ}��&amp#26;F&amp#25;��\�&amp#1;&amp#3;&amp#6;p"&amp#25;�&amp#22;2�^��W�S&amp#8;*�q�&amp#25;&amp#12;~�u��'6�/�&amp#31;�1�Td�M��0�n�=�X}�ճ6���p|0f&amp#18;&amp#3;ef��&amp#25;v��?�쳞={~�駩C���9��7�<U���_�L �ݻ�7�|�y����&amp#28;sL�u�j��wߑ�&amp#0;�T}x�mr.w&amp#26;����qg�T���[�?b�&amp#22;�&amp#24;R�|��&amp#2;
(��&amp#2;
(��&amp#2;
(���&�\v>��Ֆ������&amp#26;|&amp#15;�Wg��~{8ʇqr�gmi�&amp#2;
(��&amp#2;�T��[m۶�͑p;k�X���G&amp#31;q/g�u�&amp#29;wܑgu\��%��&amp#27;(&amp#27;Ç4�cǎ�	�_u�U��'ܞg9\h&amp#28;���&amp#29;�SW�K���&amp#30;��&amp#21;�>աOKI�I&amp#24;��K�&amp#5;��{�w�5�\�,�J&amp#30;��t�&amp#21;VX!��j���8��B�+9j��&amp#4;�G�&amp#30;�"�2t�:r޿��^&:&amp#16;��쁩s���+8&amp#29;�3���k�&amp#29;4hP<��
,�g;&amp#25;Nd�{׮]&amp#31;|��7�06�,�6O32&amp#28;�C���Ӂ8z�
�{�.�(6���Ç3&amp#15; ���I3�k׎�{�����Į�&amp#22;&amp#15;v�c&amp#15;�#�<r�3��&amp#22;&amp#20;P@&amp#1;&amp#5;&amp#20;P@&amp#1;&amp#5;&amp#20;P@&amp#1;&amp#5;&amp#20;(1&amp#1;>��z��~�m�/>k�&amp#25;���&amp#20;H���{|&amp#26;7m�4R��6 6���&amp#2;
(�@5&amp#21;�r�-I�r�}�&amp#17;&amp#14;�&amp#22;�����vN�km���i��6�p汅ա&amp#19;&L�&amp#1;����b&amp#28;��4d�I5�ߢ�f�P`�T�>-%&amp#1;�4�bރR�1沈&amp#4;^{�&amp#23;_|q��v��&amp#1;,n��>�ۙ&amp#8;F&amp#26;�����v�&amp#4;�&amp#31;}��x.��&amp#22;&amp#24;ng�;��p
���_~!�:�m�.�&amp#22;{�駳�}�0&amp#20;&amp#30;y�&amp#17;���̧����yc>���~��&amp#11;�)����g6&amp#31;��>��2ύ5���v�m	�&amp#19;�'�N6��^?��&amp#31;���w�=�P��W^a�|�&amp#25;&amp#3;���h���&amp#20;?��;��L&�=��3^+&amp#20;�~�&amp#22;&amp#6;�y&amp#11;�&amp#27;&amp#4;��<�o�&amp#7;�L!|�&amp#23;�#)�/�T?>U@&amp#1;&amp#5;&amp#20;P@&amp#1;&amp#5;&amp#20;P@&amp#1;&amp#5;&amp#20;P��&amp#4;��Lr�&amp#16;k�m��&amp#14;<��ƍ&amp#27;�ۼ��X�&amp#30;�&&amp#11;|�&amp#16;�G�JZ�jՊey�6�&amp#21;P@&amp#1;&amp#5;&amp#20;(1����?���&amp#2;��F��&amp#7;o��+v�ei;O&amp#23;��q&amp#12;�O�6-�1��ϸ�{���,�����c�$�͛�&amp#20;&amp#1;>&amp#24;&amp#16;���K/�&amp#23;%DڱcG6&amp#20;_<o�ػf&amp#22;yX���.�p.&amp#31;qg̘��&amp#19;B���AF&amp#26;�J��<�&amp#5;&amp#16;&amp#22;��D����&amp#7;"�&amp#4;�C���5Q�x(k�O�̹&amp#27;2dȎ;�&amp#24;'?�Q���a_&amp#3;������&amp#27;+&amp#15;;�~��&amp#17;�'�\��s�Y�fݻw&amp#15;��1!���&amp#31;&amp#7;�^zi�!=&amp#29;�6���t:����&amp#4;g�S� ��S��w�ԉ�&amp#22;d�&amp#15;=0f��'/gY&amp#1;&amp#5;&amp#20;P@&amp#1;&amp#5;&amp#20;P@&amp#1;&amp#5;&amp#20;P@��D`ҤI!�-&amp#31;�/���d�&amp#29;&amp#1;���r`j{���#�&amp#8;m���y���jo�&amp#2;
(��&amp#2;% &amp#16;�ؙ_D����}TY����&amp#24;bg�]fK"&amp#11;�2n/[l��>�)&amp#25;�V���1�xJ�Ƽ��&amp#23;`"&amp#15;1Ȼﾛ��쀞��[�`�O�N&amp#14;m&amp#22;j�&amp#3;�>&amp#18;}$7�fRp�&amp#23;Ll/�j�pi&amp#8;%�k�&amp#19;S�c�&amp#15;f&amp#7;�t��c�P�O��w>&1&amp#1;�ͼ9�aÆ�4�5���$L¢%w�	���͛�(f���KP�E��&amp#16;��O>���&amp#19;ʥ[ҀS&amp#25;���'��Y�L��&amp#6;s�&amp#8;���&amp#29;z�7{�+y�Y�f����P&amp#8;33l��-[���'t&amp#27;�&amp#25;&amp#30;&amp#23;�	������Yy~Q�D��/���#%-�$�$��K�&amp#14;&amp#1;&amp#12;zt���o�r���O�1��+w��O��q㼬�u�]/�KI'���_�=�&amp#19;�&amp#27;F�5ܹvU�&amp#23;�,0Z���u�]&amp#28;�*$���R��`�-�`G�L�TW�0&amp#31;|�����寿�:e&amp#22;�ǉrY[r�\?�1�&amp#14;/M�\FΏ(5,U�!�d�2�&amp#25;0Qv���\&$2�!��2t�)
(��&amp#2;
(��&amp#2;
(��&amp#2;
T#�/��2��o&amp#6;�s���&amp#19;�&amp#27;�z/|GA�8&amp#14;&amp#17;&amp#12;�ҥ&amp#11;�~�v�m|e�<~&amp#18;�f=�J&amp#5;&amp#20;P@&amp#1;&amp#5;���M7�D���S��&amp#18;&amp#25;�۷o�&amp#11;�����&amp#31;�[&amp#18;�&amp#19;r��?!&amp#27;��&amp#17;�x뭷X�jL%5�2���bۧ:�i)	&amp#16;�1�|)���y/|`����ž��L���[�&amp#3;"������T{&amp#22;ݲ�7���]F&amp#18;-&amp#26;�|���RN�&amp#28;:t(&amp#1;~j�U��v�М9s�9�&amp#24;jڴiç��B�D��T&amp#19;&amp#2;���&amp#7;&amp#28;p&amp#0;cK&amp#6;S��_r�%�/�j�S�|3�u�R&�~�I'Q��y&amp#0;윝j��W�Gt��SN&amp#1;3y�&amp#27;�ѣGrZt�l�$&amp#3;&amp#15;�c%��?r�IvB��&amp#21;V6�[����.�,�sҧ�ݻC&amp#27;�B&amp#24;X�z�2O!�9��S+���^u�U�I	��rˈ&amp#17;#�}�i&amp#19;�&amp#31;#C�!c9S�Y�͞�W�5&amp#12;���&amp#30;�O�*0�pѝwޙww�b"&amp#2;���&amp#16;n�q���K/&amp#29;�&amp#1;87��&amp#12;��0K �&amp#18;�&amp#21;R`�Ch��mPȉ�6�'O&amp#14;OÏ_(Ϟ=��g�e^�d��,3��[�n��D?$�&amp#15;��.d����&amp#2;
(��&amp#2;
(��&amp#2;
(�@5&amp#18;�S�N&amp#24;�&amp#31;~���&GΗ&amp#30;a�{��2K&amp#14;���J
��&amp#15;��;w���&amp#27;o���lv�[��5�>ՏO&amp#21;P@&amp#1;&amp#5;&amp#20;��&amp#2;��c�9y\�g7h� ��=�G&amp#24;0ov{�W�&amp#14;���Y&amp#23;&amp#26;�y�&amp#15;{�&amp#1;gUq6`<�� � (����bC�c7vc�&amp#5;{�F�����c�h�D��؍&amp#5;{��&amp#21;K�a&amp#3;A&amp#5;&amp#5;A&amp#16;��=8�d<��˲��s�̙3gΜ���e�{�̜7�!'R�0�S��&amp#18;K��&amp#18;�aZ Cz��&amp#23;	H�q(��1őf<&amp#21;&amp#23;�&amp#1;嶯ݫ���&PEd�����4F&amp#1;~f&amp#17;}$&amp#24;&amp#28;&amp#6;�O1�&amp#27;*�B8*��{��Mh<��YW{���'dN?�����t��&amp#24;��&amp#1;�&amp#24;\&amp#12;m�j&amp#31;5{0j̘11�Nh���&amp#25;^��c&amp#18;�P��E1��oA,��!a&amp#23;��&amp#6;;C%A�&amp#16;kg�8?����z*	&amp#0;s�!�NW<&amp#29;@�@����F��k�����&amp#21;!��&amp#15;1�c�9&�&amp#26;&amp#30;N&amp#26;�$v��&amp#30;{&amp#16;k�%&amp#23;˃&amp#2;a&amp#23;�| �5Nbc
ܣ����!���r!&amp#4;\�gz:	�3�&amp#11;�&amp#3;Qe�w�k��\!�&amp#31;c�T�ɜ���@8�&amp#7;��Y�s1&amp#29;L���&amp#30;{,�	3��/�����L&amp#3;~r��@�d�~���褂��&amp#24;y��&amp#30;Ba��&amp#22;K�/�� �&amp#18;&amp#31;��[�&yo�?2p uA�&amp#29;�Ғ�Ox��&amp#12;~)�m��&amp#2;
(��&amp#2;
(��&amp#2;
(�@%	���>��&amp#15;>H~x��g�5����������!�N%�#Z�nM���O9����3�d�Fz�e&amp#5;&amp#20;P@&amp#1;&amp#5;&amp#26;�@��0w�����Y����L�J'7���&amp#8;F&amp#16;>'z�W�&amp#4;�8�&amp#20;t�d�8%=�L@��&amp#20;�-�;��+&�g&amp#17;XV��OR�&amp#18;�a��Y�7&amp#24;&amp#15;)�}<�B�	4�$5��+��L�_&amp#15;���^&amp#3;&amp#6;&amp#12; �z�UW&amp#17;&amp#27;���<%���4#���&amp#15;!)��ɓ�aǴu~&amp#27;��{�����(&�&amp#18;�<�#b��\&amp#14;?1C&amp#1;or�ǽq9"ֱ��&amp#2;�@x�����n�iLuNV���&amp#22;&amp#23;�&amp#28;��&amp#27;W��3�Pf�6&amp#11;i�y�LygH�&amp#4;)�&amp#16;B�\&amp#17;�Ij�P�Cx^�y��&amp#16;&amp#12;f�z�\�&amp#15;�gbހ�t�F&amp#27;m&amp#20;&amp#14;)�'C�p�B��O?����'���M���!�&amp#28;BV�����&amp#12;��:�d&amp#8;g&amp#6;<)5�"�&�q>&amp#14;C�rB��*&amp#8;��3˙%�c�P�I&amp#5;
\�&amp#5;&amp#23;\�0�@��~&amp#24;[��N`�T�q�&amp#0;Ҷ��i��&amp#7;!�[雜��&amp#18;��h'�=&amp#5;nk&amp#24;'����_�s�u<&amp#25;���ӀY���B�kP��
��&amp#0;4b������&amp#22;,�&amp#16;:�=�f��y�V\qŲ�,�qX&amp#22;&amp#1;&amp#28;�c��&��K9�6
(��&amp#2;
(��&amp#2;
(��&amp#2;
T�&amp#0;�&amp#18;�=F��w��&amp#23;�W���|��Bli孷�&amp#26;&amp#30;X's!_}�]<|�W:�X�[&amp#8;�&amp#3;��Jp�&amp#11;
(��&amp#2;
ԙ&amp#0;q&amp#4;�	�D&amp#8;��&amp#31;?��	�}L�d�&amp#22;�Q�a�=\&amp#5;�~�&amp#4;��E��7&amp#19;#�AX��&amp#2;�HW�fe[���ؘo�CN�7&amp#2;%��k�O{�\a&amp#2;U&amp#21;v=^N=
&amp#16;���,�&amp#29;�73�;F�&amp#11;��&amp#31;d$&amp#24;go&amp#8;�ư")͙�M%���F ��B�_}6��L$2vH�9���I�=�\�E�&amp#20;%�I?�&amp#31;�i�"eN���L���v&amp#26;&amp#19;�$�N�&amp#31;�D���!�	�-��"����@&&amp#16;g��
��'�D�X;�ĕ�c&amp#1;��&amp#17;��J�a>z8���c&amp#15;�&amp#22;�O�X;��'>&amp#3;�&amp#28;���3+�	��&amp#19;���7�p	����&amp#16;���&amp#15;���k��Ư�dk�&amp#1;q��` =&amp#23;�Ŋ)<�@�����&amp#15;˴�6�=�ک�&amp#25;�6؀&amp#2;O��&amp#6;5��w�	��c&7�&amp#24;d,�7&amp#30;��	�B������}�&amp#11;37&amp#20;Ұ�&amp#11;&amp#25;��S��9���&amp#27;x��Cx���Ք)S�%����&amp#31;�Q���_&amp#28;Ȁy�! �~H0&amp#16;
�l�����6q��ȑ#Kio&amp#27;&amp#5;&amp#20;P@&amp#1;&amp#5;&amp#20;P@&amp#1;&amp#5;&amp#20;P@&amp#1;&amp#5;&amp#26;�@�N�aǯP�%0O��"�[&amp#29;�)��&amp#6;�ӆoi�.�U��<K&amp#7;��&amp#16;c'&amp#20;h&amp#28;��'G 3=�]�&amp#21;P@&amp#1;&amp#5;&amp#20;h\&amp#2;|&amp#27;Or\"�<^&amp#22;�={�$�n��h�u�6���&S�&amp#7;+�b&amp#2;an�����6>g�&amp#7;z�H&amp#7;A���^;���L�\g�u�ʚ�����
&amp#16;`�g����
�$/��&amp#5;���I�ayr&amp#30;Y"*I�Ш�e&amp#27;��D&amp#7;۴i�6#��:&amp#25;�&amp#30;BБ`6�y�&amp#3;�9ִa�+R���O?�4&amp#5;~̭��L�&�N&amp#8;<D�	��&amp#26;����Lc���9����p8��ù�|&amp#31;j&amp#24;0��R&amp#18;���N8&amp#14;�&amp#19;Z&amp#14;s�I&amp#18;�&amp#25;sL�&amp#18;C��^&amp#2;�`v~�Yǎ&amp#29;I\O�y���]as�]vɭ�)��Ɵ?�&amp#23;�&amp#1;�T(�ϰ3�l���!]<&amp#25;�{���{�q�1�Le�T�&amp#19;a�]a�&amp#20;V2���Rl3����桼���&amp#6;Ĥ���{�?	K����,m^iM(�G��2&amp#31;ƹ�jP��}��9�0&amp#5;��&amp#30;&amp#8;�g&amp#22;8�@.�&amp#12;������رcCa.���s3�ſ,%^��&amp#20;P@&amp#1;&amp#5;&amp#20;P@&amp#1;&amp#5;&amp#20;P@&amp#1;&amp#5;&amp#20;h&amp#20;&amp#2;|&amp#31;�J�y�J0��י����L&amp#26;�;&amp#16;~S���G�R���[Ȁ�[o�&amp#2;
(��&amp#2;MG��1�?.� &amp#26;E���}Y[�&amp#16;F�8&amp#2;iwy܍iiy�J&amp#18;�!-.��0���D�0��΍k:W�?�ύXQ�&amp#17;�J�
&amp#16;�f&amp#2;1�ʉ��|8&amp#25;��6�2FXYQ�&amp#21;;2���T�P��c��G�7����%���o8q�+��&amp#18;�1�<{3=�`�X�Q�&amp#24;&amp#18;�����&amp#27;�b�;K�s��t���:Q�L�3sR����&amp#11;K��2.�&amp#30;��1���qe�ĉ��x�&amp#7;���ۆtd��&amp#11;�&amp#19;���1�&amp#30;���|	ӯYT,����t�P�vE9�)�Tv��-�Ĝ&amp#1;�A���g�XlS�@�a�&amp#2;�ݷk�.6�A�\&amp#8;��B�v�Z��ł�&amp#12;�gDxq&amp#8;/�&amp#14;�lD�p�&amp#11;,&amp#1;p�QG�&amp#15;��'WJ�d�&amp#25;�S&amp#14;<EŻ��:#亸j^<&amp#25;�_Ø3 �&amp#3;�)��ǜ&amp#15;8�&amp#7;�Be��!��5
(��&amp#2;
(��&amp#2;
(��&amp#2;
T�&amp#0;_��&amp#12;�
�F/M&amp#1;&amp#5;&amp#20;P@�&amp#26;&amp#8;&amp#16;O��&amp#22;x��,L�$ Rm�؀������RK-&amp#21;�W[(�}�&amp#29;ڠq	4o\�u��E��Y$&amp#18;'6|��&amp#19;x������O�����:�+�&amp#12;�q�>&amp#18;	&���ߐY=f&amp#23;'h�&amp#15;�&amp#16;�f�r&amp#8;��T�1V��Yb�@2k�&amp#15;&amp#30;<8Ə�&amp#30;H��u����O&amp#18;0&amp#2;�g��bV1a�8�=s`�&amp#1;���'�c�=�&amp#27;ʱM�LM�4�РH&amp#4;��s�&amp#8;}���ñ��g&amp#14;����9u܌y�c�)�� �o&amp#18;r��pY|^&amp#12;�'�x�6,�Rd����0՞]�gX�>m&amp#19;&amp#30;&amp#26; ���a�b&amp#22;��&amp#1;�&amp#24;�ft'(�&amp#28;}�&amp#21;����m!�}zT�ʼ�Y��c�&amp#17;�����~x&amp#19;�&amp#11;��&amp#8;&amp#11;&amp#15;��b�/�X&amp#0;&amp#15;&amp#0;��&amp#19;tȣ!�[nbXƾ����2�w�׳�&amp#30;l��&amp#2;
(��&amp#2;
(��&amp#2;
(��&amp#2;
(��&amp#2;
(P�&amp#2;du�U���E5M&amp#1;�A�v{Ӽ�s��I�����4g�qFX�=��1�5��,&amp#22;z&amp#17;z&amp#12;ǆ�ۉ�� .�u�&amp#8;��h&amp#2;�!�6��p:����'��6&amp#28;^֟D+O<�D��z��B��&amp#19;&amp#17;�gztާ�X��&amp#4;�\l�{�w���E&amp#23;]�w]�!�8¼1ﰗ���Y�BHt_�Mf�&amp#2;&amp#11;,��	�1�&amp#29;���,ElY��Q�{���$`&4&amp#15;(�'+&amp#2;&amp#16;�F�G&amp#30;���b��5��&amp#25;�-�s�=�&amp#16;��&amp#4;��W�Y�\m���.�����[o��})�R&amp#31;t�A!��J0s&amp#24;&amp#8;疑g�&amp#7;YBp�e&amp#14;�󐜟!�g&J&amp#25;^�mX$������LI���R&amp#1;&amp#5;&amp#20;P@&amp#1;&amp#5;&amp#20;P@&amp#1;&amp#5;&amp#20;P@&amp#1;&amp#5;&amp#20;P@&amp#1;&amp#5;&amp#20;P@&amp#1;&amp#5;&amp#20;h�&amp#2;��no��sl�Z����2g^2�q��`J1�&amp#16;J��թS�P��[�_��B&amp#5;D�����u&amp#14;���<9gd&z�K̛�ǔC��P�E���0m�&amp#6;̺>�Ø"&amp#31;CΏ>�h:�8v�r ,�͋<�w�}7�bv&amp#17;6&amp#30;:t(a�&amp#26;�̎��A��$���@�1��&amp#5;a<��M��c��&amp#17;&amp#1;�&amp#4;0ɛ�&amp#20;���!ओN*�' 6+T��@���ݻw���/��&amp#2;O&amp#15;p�x�����pxxK��G�N]z=s�9{�&amp#11;r�5׬��ʥ&amp#31;[�%��y&amp#12;��o��ȑ#{��A!.���K/���E&amp#14;��.�����@rQ����&amp#6;'�&amp#16;&amp#5;&amp#20;P@&amp#1;&amp#5;&amp#20;P@&amp#1;&amp#5;&amp#20;P@&amp#1;&amp#5;&amp#20;P@&amp#1;&amp#5;&amp#20;P@&amp#1;&amp#5;&amp#20;P�~&amp#5;&amp#8;�&amp#25;n��[P�g'�6�߉ &amp#18;@e�n��΄��,��Ç�&amp#18;n���Y&amp#31;=.D&amp#29;�q��O�>&amp#1;���^c��P&B_3�0י�٤��Lю�&amp#23;�q�b&amp#5;w&amp#4;&amp#8;=2Z�S���&amp#26;��7�zV�Ν�&amp#30;��qɱx�b��9�
�&amp#0;&amp#26;7n&amp#28;����&amp#14;;L�>��0I&amp#5;�g&amp#29;jp�&amp#7;&amp#31;|0&amp#28;u��g�Hs�&amp#15;�h2���$�|�u��ƹe&amp#14;d�s&amp#18;Z������.$&amp#12;�Ɍ9Y� wx1�&amp#1;w6�e������ʚ&amp#11;���z�Q5��9s�9�&amp#19;��1k֕G)��&amp#2;
(��&amp#2;
(��&amp#2;
(��&amp#2;
(��&amp#2;
(��&amp#2;\�&amp#8;Q&amp#21;�k�tx�W���)��&amp#18;��j�Z��\&amp#11;��Ps�}���Vdu���[�C^�uR�S`�uϞ=C'�K&amp#14;3�I#O�;T��⊡P֟&amp#4;}C�&amp#16;~&�N?,�^Jo��>ꨣB˸�y)&amp#7;�o�&amp#0;�&amp#25;��O?&amp#29;jb��x-����&amp#31;|����5�$]A������������o�]v၉�W�&amp#6;�&amp#18;&amp#11;&amp#15;}���Zyc�����[������O1bĈ��&amp#8;o�9���'?�߮���ڍ�s9&amp#31;|�A���Ɵ���&amp#31;~x��i�Bk=�N&amp#17;Z�W�4&amp#21;!�&amp#4;o�=�ܳ�&amp#30;l��&amp#2;
(��&amp#2;
(��&amp#2;
(��&amp#2;
(��&amp#2;
(��&amp#2;
4.��9�&amp#18;5�Ku��"��&amp#22;[��S�ᇹ!gb�a21��B��L&amp#24;������>&amp#11;���j��=��F&amp#27;�s��0�k�,�N�B�֭[�]d۞6mZڌ����&amp#26;�,��&amp#25;gh&amp#16;�����3=4�M�zg�D���&amp#14;FH��&amp#28;�q�&amp#7;&amp#31;|0eBΗ_~93�c},�5�{s&amp#11;�&amp#7;&amp#15;�����5d�&amp#16;Bż�{�ܮbM|P`�&amp#29;w���&amp#2;K������&amp#18;�3�8q�駟&amp#30;�![{���7��&amp#30;b�\5k.���*�&amp#31;&amp#27;Z�ޣ�BG��IX&amp#19;��w�.]b34�D�&amp#15;<��"=�C�&amp#23;Ȩ���%�C3V[��_��gq�&amp#2;
(��&amp#2;
(��&amp#2;
(��&amp#2;
(��&amp#2;
(��&amp#2;
(�p&amp#4;&amp#8;S6o8�q$�*p�'&amp#14;&amp#26;4���&amp#29;}��!p~�y�"�v�mGP���1cX&amp#4;��g�a�&amp#3;�����:�7&amp#15;���w��&amp#14;�&amp#16;�OcñM)&amp#5;&ʳ�4&amp#11;~&amp#19;K&�8˱&amp#19;�&amp#28;=z���&amp#3;����&amp#3;�7�p&amp#3;!̾}��n�h1&amp#17;k��&amp#23;^xah\J���n륆&amp#7;#���";�|s#�&amp#27;}�熹�,.NT8�j�wf�8�><��ß|�	�лu�F&amp#3;&amp#26;3�(xx��h�r�-G�&amp#19;�fe���۳���ڵß{&amp#29;&amp#23;�����̥��D��ۀ��"q&amp#2;eF�������&amp#2;���y깕Ŀ�&amp#6;�~�)A�P�m��:�&amp#3;&amp#6;&amp#12;&amp#8;5L��m������y&amp#15;�y�l�	���&amp#30;�c+�|�f�ر�&amp#8;ޮ�KY�&amp#0;"���&amp#0;�F���u�]�1w'=�w�	'�@�&amp#0;*�����&amp#30;{�(�;&amp#8;8�&amp#28;p��Yne�&amp#27;��&amp#8;�o�O?��_4�5��w�y'��I'1��iA&amp#1;&amp#5;&amp#20;P@&amp#1;&amp#5;&amp#20;P@&amp#1;&amp#5;&amp#20;P@&amp#1;&amp#5;&amp#20;P@&amp#1;&amp#5;&amp#20;P@&amp#1;&amp#5;&amp#20;�T&amp#1;��zg&amp#27;�u&amp#17;�#�<!ۼc"����^zꩧ&amp#18;d}��W�Yf�s®D&amp#19;C���
+���g�q&amp#2;��Q&amp#14;��cӖՖy&amp#14;�|�4#�&amp#26;c��(RħO&amp#0;P�4n�L퍳{���=�ظ�yZ�&amp#0;˛m�&amp#25;qV⯙�,C%&amp#4;NP6&amp#29;39����?�|��<��!D�ӽ�\�&amp#4;w�&amp#29;Ae�	��r&amp#0;�O�]�\;�S��9ҋ�&amp#17;�����Ӟh:+&amp#17;Įr&amp#11;�:����n�6H��?��+�&amp#16;jx7�Tyǎ&amp#29;�&amp#18;��N�%�q^�&amp#14;aQ&amp#3;&amp#22;\/��z���G�&amp#26;�fΝ��%�&amp#4;��w&amp#28;&amp#24;&amp#18;&amp#24;&amp#20;�!��\y�5mx�p�����@�
(��&amp#2;
(��&amp#2;
(��&amp#2;
(��&amp#2;
(��&amp#2;
(�@�	TU��x9u/м�&amp#30;�(2�y��+R���0Z�������o~C�33~"�{�WZ�|�8My��7�=)��C{b~i�촓L�tܙ&amp#26;6Y2��zH�&amp#29;�2g�ɾ��O&amp#8;(Ƴ��ꪌ3Ә�z��}�e��]�:ׁ�\]8W�9��B�Λ�;ooy+�Y2{�&3�o��FB��\j.�&amp#24;���߲e�t<��&amp#12;�&amp#20;�C&amp#15;=4�ڱ�9��B�)2�&amp#29;2&amp#21;~�-�$�N���~`0���ۃ�Ќ&amp#20;&amp#8;$-&amp#15;�y�]ļc'�&amp#2;�&amp#17;B�eve6&amp#25;Ux���w��&amp#23;&amp#26;'2��'��`&amp#8;Q3#<�U�&amp#25;/?ooqozH�r��CKr&amp#0;�u�YaɆ̱&amp#12;��%Q����;�+lv�����nb�;&amp#11;ۧw<��6�/�&amp#19;���W&amp#27;:&amp#2;�sx�&amp#24;k�U�F&amp#1;&amp#5;&amp#20;P@&amp#1;&amp#5;&amp#20;P@&amp#1;&amp#5;&amp#20;P@&amp#1;&amp#5;&amp#20;P@&amp#1;&amp#5;&amp#20;P@&amp#1;&amp#5;*R�y��ʚ{Z�
^T�&amp#18;&amp#24;?~<��y[�?�H&amp#30;)��`xW_}5�fs"�-�L�g$$����h��E��a�d�&^KԜ|�&amp#8;ުU�:&amp#24;�\:&amp#5;�ι&amp#22;�&amp#15;�m۶�SL�<y�ȑ,uO{b��[�.�І��amu���߿���&amp#30;n��v&amp#30;\`��#��ׯ_lO&amp#6;&amp#2;&��fM�@��q��q�x|$��r#��}86����&amp#5;&amp#23;\���^�O�*��&amp#2;
(��&amp#2;
(��&amp#2;
T�@��&amp#23;2���_�&amp#12;�����&amp#5;&amp#20;P@&amp#1;&amp#5;&amp#20;P@��$Pn|�c��1���F��3g�4�|#�OMj�D�y��%?���ጹS�	��*��l�&amp#4;�y�����阦\�Le�-`&amp#5;�&�&amp#2;�&amp#29; Л�	��C�����&amp#29;2dHh�&amp#12;���M��gS:������&amp#11;�&amp#26;&amp#31;�
(��&amp#2;
(��&amp#2;
(��&amp#2;
(��&amp#2;
(��&amp#2;
(�@�&amp#18; ����&uǽ��&amp#8;0&amp#3;{РA�&��>p��/���&amp#29;$���H��$&amp#8;�&amp#25;3&&amp#20;�W�ׄ�&amp#7;���F��w��O2��B o{+&amp#21;P@&amp#1;&amp#5;&amp#20;P@&amp#1;&amp#5;&amp#20;P@&amp#1;&amp#5;&amp#20;P@&amp#1;&amp#5;&amp#20;P@&amp#1;&amp#5;&amp#20;P@&amp#1;&amp#5;&amp#20;��&amp#2;��綰�7D��&amp#19;'�p�	��&amp#29;w�q�&amp#26;7�L ���裏n��6���>ޝ5�\���׾��;�=&amp#3;�&amp#2;
(��&amp#2;
(��&amp#2;
(��&amp#2;
(��&amp#2;
(��&amp#2;
(�@]
�v{]j{��"�T�M7�4�f��?��j�&amp#8;=�c��&amp#2;�n�k��X;�&amp#30;����z�iয়~����"&amp#8;=��n�&amp#31;|���
(��&amp#2;
(��&amp#2;
(��&amp#2;
(PS�Z[�ӵ�kz&amp#11;<N&amp#1;&amp#5;&amp#20;P@&amp#1;&amp#5;&amp#20;�#&amp#1;�n/&amp#29;������eˊ&amp#18;�4iҰa�Z�l��b����FE����|���La&amp#15;K��&amp#14;f��&amp#23;�ׯ��;�ܬY�ܽ�(��&amp#2;
(��&amp#2;
(��&amp#2;
(��\&amp#22;0�>���^&amp#1;&amp#5;&amp#20;P@&amp#1;&amp#5;&amp#20;h0&amp#2;5��ڿ&amp#24;&amp#27;�DI&amp#3;1�^&amp#18;��&amp#20;P�&amp#14;&amp#4;x&amp#2;�W^���&amp#15;>���ɓ'��{ǎ&amp#29;Y���&amp#3;������:�&amp#5;�B&amp#1;&amp#5;&amp#20;P@&amp#1;&amp#5;&amp#20;P@&amp#1;&amp#5;&amp#20;P@�&amp#2;&amp#2;��婳�&amp#11;&amp#8;[��&amp#2;
(��&amp#2;
4&amp#20;&amp#1;��e�	��eq�X&amp#1;&amp#5;&amp#20;P@&amp#1;&amp#5;&amp#20;P@&amp#1;&amp#5;&amp#20;P@&amp#1;&amp#5;&amp#20;P@�&(`��	�t/Y&amp#1;&amp#5;&amp#20;P@&amp#1;&amp#5;������n|UY�m��&amp#2;
(��&amp#2;
(��&amp#2;
(��&amp#2;
(��&amp#2;
(��&amp#2;
(��&amp#2;
(��&amp#2;�f�2���@&amp#1;&amp#5;&amp#20;P@&amp#1;&amp#5;&amp#20;P@&amp#1;&amp#5;&amp#20;P@&amp#1;&amp#5;&amp#20;P@&amp#1;&amp#5;&amp#20;P@&amp#1;&amp#5;&amp#20;P@&amp#1;&amp#5;&amp#20;P@��&amp#4;X
�p{yd�V@&amp#1;&amp#5;&amp#20;P@&amp#1;&amp#5;&amp#20;P@&amp#1;&amp#5;&amp#20;P@&amp#1;&amp#5;&amp#20;P@&amp#1;&amp#5;&amp#20;P@&amp#1;&amp#5;&amp#20;P@&amp#1;&amp#5;&amp#20;P&amp#0;��*(��&amp#2;
(��&amp#2;
(��&amp#2;
(��&amp#2;
(��&amp#2;
&amp#20;&amp#18;���&amp#15;
�^&amp#1;&amp#5;&amp#20;P@&amp#1;&amp#5;&amp#20;(.ЫW���ۨ&amp#5;fΜYEB�F}&amp#14;^&amp#1;&amp#5;&amp#20;P@&amp#1;&amp#5;&amp#20;P@&amp#1;&amp#5;&amp#20;P@&amp#1;&amp#5;&amp#20;P@&amp#1;&amp#5;&amp#20;P@&amp#1;&amp#5;&amp#20;P@&amp#1;&amp#5;&amp#20;P@�:&amp#22;���j6c�&amp#12;���O��&amp#20;P@&amp#1;&amp#5;&amp#20;P@&amp#1;&amp#5;&amp#20;P@&amp#1;&amp#5;&amp#20;P@&amp#1;&amp#5;&amp#20;P��&amp#8;�(:�iE��b�?���m7&amp#20;P@&amp#1;&amp#5;&amp#20;P@&amp#1;&amp#5;&amp#26;�����_�&amp#17;�ڿ&amp#24;kt��9���ڍ�׏�gU@&amp#1;&amp#5;&amp#20;P@&amp#1;&amp#5;&amp#20;P@&amp#1;&amp#5;&amp#20;P@&amp#1;&amp#5;&amp#20;P@&amp#1;&amp#5;&amp#20;P@&amp#1;&amp#5;&amp#20;P@&amp#1;&amp#5;&amp#20;h�&amp#2;��&amp#27;�s�
(��&amp#2;
(��&amp#2;
(��&amp#2;
(��&amp#2;
(��&amp#2;
(��&amp#2;
(��&amp#2;�#0{v;����=�&amp#2;
(��&amp#2;
(��&amp#2;
(��&amp#2;
(��&amp#2;
(��&amp#2;
(��&amp#2;
(��&amp#2;�S`v&y^�s��Z&amp#1;&amp#5;&amp#20;P@&amp#1;&amp#5;&amp#20;P@&amp#1;&amp#5;&amp#20;P@&amp#1;&amp#5;&amp#20;P@&amp#1;&amp#5;&amp#20;P@&amp#1;&amp#5;&amp#20;P@&amp#1;&amp#5;&amp#20;P@�z&amp#19;�b�{���&amp#19;+��&amp#2;
(��&amp#2;
(��&amp#2;
(��&amp#2;
(��&amp#2;
(��&amp#2;
(��&amp#2;
(�8&amp#5;��5k�8G�&amp#21;P@&amp#1;&amp#5;&amp#20;P@&amp#1;&amp#5;&amp#20;P@&amp#1;&amp#5;&amp#20;P@&amp#1;&amp#5;&amp#20;P@&amp#1;&amp#5;&amp#20;P@&amp#1;&amp#5;&amp#20;P@&amp#1;&amp#5;&amp#20;�7&amp#1;3��&amp#27;�'V@&amp#1;&amp#5;&amp#20;P@&amp#1;&amp#5;&amp#20;P@&amp#1;&amp#5;&amp#20;P@&amp#1;&amp#5;&amp#20;P@&amp#1;&amp#5;&amp#20;P@&amp#1;&amp#5;&amp#20;P@&amp#1;&amp#5;&amp#20;h�&amp#2;$���9sf#&amp#29;��V@&amp#1;&amp#5;&amp#20;P@&amp#1;&amp#5;&amp#20;P@&amp#1;&amp#5;&amp#20;P@&amp#1;&amp#5;&amp#20;P@&amp#1;&amp#5;&amp#20;P@&amp#1;&amp#5;&amp#20;P@&amp#1;&amp#5;&amp#20;P�^&amp#4;H$_ū^��I&amp#21;P@&amp#1;&amp#5;&amp#20;P@&amp#1;&amp#5;&amp#20;P@&amp#1;&amp#5;&amp#20;P@&amp#1;&amp#5;&amp#20;P@&amp#1;&amp#5;&amp#20;P@&amp#1;&amp#5;&amp#20;P@&amp#1;&amp#5;&amp#20;h�&amp#2;��&amp#27;�s�
(��&amp#2;
(��&amp#2;
(��&amp#2;
(��&amp#2;
(��&amp#2;
(��&amp#2;
(��&amp#2;�#0;�|��ٳ*��&amp#2;
(��&amp#2;
(��&amp#2;
(��&amp#2;
(��&amp#2;
(��&amp#2;
(��&amp#2;
(�h&amp#5;&amp#12;�7�[��&amp#21;P@&amp#1;&amp#5;&amp#20;P@&amp#1;&amp#5;&amp#20;P@&amp#1;&amp#5;&amp#20;P@&amp#1;&amp#5;&amp#20;P@&amp#1;&amp#5;&amp#20;P@&amp#1;&amp#5;&amp#20;P@&amp#1;&amp#5;�O������3+��&amp#2;
(��&amp#2;
(��&amp#2;
(��&amp#2;
(��&amp#2;
(��&amp#2;
(��&amp#2;
4Z�ٳ��_�&amp#29;�&amp#3;W@&amp#1;&amp#5;&amp#20;P@&amp#1;&amp#5;&amp#20;P@&amp#1;&amp#5;&amp#20;P@&amp#1;&amp#5;&amp#20;P@&amp#1;&amp#5;&amp#20;P@&amp#1;&amp#5;&amp#20;P@&amp#1;&amp#5;&amp#20;P�~&amp#4;��5kV?g��
(��&amp#2;
(��&amp#2;
(��&amp#2;
(��&amp#2;
(��&amp#2;
(��&amp#2;
(��&amp#2;
4N&amp#1;B�U�s�Z&amp#1;&amp#5;&amp#20;P@&amp#1;&amp#5;&amp#20;P@&amp#1;&amp#5;&amp#20;P@&amp#1;&amp#5;&amp#20;P@&amp#1;&amp#5;&amp#20;P@&amp#1;&amp#5;&amp#20;P@&amp#1;&amp#5;&amp#20;P@��&amp#20;0�^���[&amp#1;&amp#5;&amp#20;P@&amp#1;&amp#5;&amp#20;P@&amp#1;&amp#5;&amp#20;P@&amp#1;&amp#5;&amp#20;P@&amp#1;&amp#5;&amp#20;P@&amp#1;&amp#5;&amp#20;P@&amp#1;&amp#5;&amp#20;P��
&amp#24;no�7�a+��&amp#2;
(��&amp#2;
(��&amp#2;
(��&amp#2;
(��&amp#2;
(��&amp#2;
(��&amp#2;
ԛ��Y�����=�&amp#2;�S������O>��&amp#15;>��m�6΋(o��ƍ�����1[l��
+�P���V@&amp#1;&amp#5;&amp#20;P@&amp#1;&amp#5;&amp#20;P@&amp#1;&amp#5;&amp#20;P@&amp#1;&amp#5;&amp#20;P@&amp#1;&amp#5;&amp#20;P@&amp#1;&amp#5;&amp#20;P�&amp#18;&amp#5;&amp#12;�W�]��k���Ͽ��몪���Z�Y�f����g��&amp#26;5�y��k��f�6��O�0��3Ϝ2e�駟ީS�R&amp#14;��6�|�ɀ&amp#1;&amp#3;�s�]v�6��駟�&amp#30;=��U��6�־}�^�zQ����z�����[}��kw�5�m����{��a��ƌ&amp#30;��&amp#2;
(��&amp#2;
(��&amp#2;
(��&amp#2;
(��&amp#2;
(��&amp#2;
(PI&amp#2;DH��^I7�~�宻���9��/�ܢE�B�����&amp#31;x�&amp#1;�����E��&amp#14;�����ڠA��d��>��&amp#19;�&amp#27;f��o~�G&amp#24;�&amp#27;o��;�o���&amp#3;&amp#14;�Ov]t�E�ۿ��[�ؼ��&amp#26;N�=w��(��&amp#2;
(��&amp#2;
(��&amp#2;
(��&amp#2;
(��&amp#2;
(��&amp#2;
(��k��&amp#30;hd&amp#2;&amp#29;;v&amp#12;#^d�EҡO�>���&amp#15;���+�ʆ\f�~���C����&amp#27;o�1�mӦM&amp#24;s�L�o�\�M&amp#1;&amp#5;&amp#20;P@&amp#1;&amp#5;&amp#20;P@&amp#1;&amp#5;&amp#20;P@&amp#1;&amp#5;&amp#20;P@&amp#1;&amp#5;&amp#20;P@&amp#1;&amp#5;&amp#20;P@��&����vG&amp#28;O5&amp#2;+��21u��o��&amp#6;iS�T��W�ؐV6���ɓ�<�H&amp#18;�3B��o��va�-[�dv�СC7�p�&amp#6;;x&amp#7;��&amp#2;
(��&amp#2;
(��&amp#2;
(��&amp#2;
(��&amp#2;
(��&amp#2;
(��&amp#2;3g�4��۠�	&amp#16;P�۷o�����V6�&amp#26;&�t�I<&amp#31;�����}��7&amp#29;�?��&amp#26;�
(��&amp#2;
(��&amp#2;
(��&amp#2;
(��&amp#2;
(��&amp#2;
(��&amp#2;
(��&amp#4;\���ݑ&7�I�&���;͛7_s�5�x������ԩS�t���K&amp#19;zΠ�C�\~��۵kGa֬Y�&amp#7;��C&amp#15;Q&amp#30;=z�K/�&amp#20;&amp#14;����&amp#26;k�3�<a�?g̘1|���>����?')}�&amp#30;=�[n���?6�&amp#20;Ǝ&amp#29;Kc^���&amp#12;�C�&amp#14;s��<���Yg�&amp#21;&amp#30;&amp#14;�i��H��9)��&amp#19;�_|�ŗZj��&amp#11;����[�n�-�&amp#24;=&amp#12;&amp#27;6�&amp#15;>`r<�Yr�%WYe�&amp#5;&amp#22;X 6N&amp#11;�&amp#1;x��7���Kd&amp#22;\p�Ν;�j�*6�&amp#8;y��5?��#s�yq:|��%�X��K&%>����O'N�ؽ{wn\׮]S���v�P��!C�e]�&amp#21;VX��x'��ܩ�?���w��&amp#22;@�H��q�&amp#22;&amp#20;P@&amp#1;&amp#5;&amp#20;P@&amp#1;&amp#5;&amp#20;P@&amp#1;&amp#5;&amp#20;P@&amp#1;&amp#5;&amp#20;P@&amp#1;&amp#5;&amp#20;P@&amp#1;&amp#5;&amp#20;h&amp#8;&amp#2;�no&amp#8;w�鎁&amp#0;-�Թ����;���_����t�M�?���&amp#22;Z(��C.��ҐO~��w&amp#15;Y�iC!t&amp#24;�?��&amp#19;�X��'�xb�S&amp#30;{c��KT>ք&amp#2;��;��K.������_t�E3�em^~��<�&amp#8;�pi'�pB&��y9&amp#5;{��{>:���?��T�&amp#7;&amp#28;p�&amp#14;;�p�&amp#17;G|��&amp#23;q&amp#23;&amp#5;�&amp#24;8��S7�|���>{�E&amp#23;���3���3�<Ӷm۰��&amp#27;o&amp#28;s�1D��^
,*����.�I�?��&amp#19;wm��&amp#1;i%e�N&amp#0;6}b��x�&amp#24;�u�]�pz&amp#20;Wq��7�H�+��ª��.ʛm�&amp#25;)&amp#1;�P3{�T@&amp#1;&amp#5;&amp#20;P@&amp#1;&amp#5;&amp#20;P@&amp#1;&amp#5;&amp#20;P@&amp#1;&amp#5;&amp#20;P@&amp#1;&amp#5;&amp#20;P@&amp#1;&amp#5;&amp#20;P��&amp#5;&amp#12;�׽�g�#@��i��`�3S�Ǐ&amp#31;������SO&amp#17;�>����&amp#28;�ߪ�&amp#23;^�y�o��V�Xu�UC�I���;o(�ۡ�&amp#30;&amp#26;&amp#2;�a�8S��?�&amp#28;��&amp#14;;����������&amp#5;&amp#23;�{｡�����&T�&amp#28;qB�Efç=�-�t�M!2��Zk1�=w�wޣb%O&amp#15;�PB�
f{s�L�&amp#18;�9��	T/��2��������?�ͽ�ڋI�����p8�&amp#25;�<<�&amp#14;�Z|h�裏�v�i���&amp#21;W\�믿���8�&amp#6;b�i����	�&amp#24;�'�޺uk��s
�����<[��z륇�2�4�̀I3&amp#16;����&amp#7;&amp#29;tP��83�p~xB��'�dT�r��F&amp#1;&amp#5;&amp#20;P@&amp#1;&amp#5;&amp#20;P@&amp#1;&amp#5;&amp#20;P@&amp#1;&amp#5;&amp#20;P@&amp#1;&amp#5;&amp#20;P@&amp#1;&amp#5;&amp#20;P@��&amp#20;`&����&amp#4;�\&amp#5;&amp#5;��&amp#19;�>�sb�p��&amp#19;�'�M�u���#�[�૯��]��&amp#27;S��Yg&amp#29;&�gZ�F'|&amp#30;��&amp#4;���z�Ѐ,�� ��)�뮻n��&amp#19;��vj���&amp#26;�����o��T{�ۙ�K�|��&amp#7;���*&amp#26;s��1>
P��4C�?&amp#15;<���&amp#15;>8&amp#28;N�������^{-���N�g������'��P�ׯ߮���%�|�&amp#8;}�[OT���.&amp#11;m�(�&amp#28;�P&%&amp#0;�&amp#16;�&��&amp#27;n&amp#8;�vf��~��mڴa/����y�G&amp#25;m�:M_&amp#31;&amp#14;'�޻wo�t�ԉ&amp#26;�&amp#14;`��@@����8��<*��yԀ`<A�Љ*��&amp#2;
(��&amp#2;
(��&amp#2;
(��&amp#2;
(��&amp#2;
(��&amp#2;
(P�&amp#2;&amp#4;���fs=��S+�&amp#0;3�c��M��<��\�5�"S}�+�G�X;]���jG&amp#29;u&amp#20;&amp#5;B�Ĥc��_}(&amp#19;���vjX"��}lVV�1�}���&amp#16;B�1�_V'4�v�m�6&amp#31;C�̏'�&amp#30;&��y�Y%=L&amp#31;�w�}c��Ù&amp#16;����S L��~
����&amp#15;��&amp#8;&amp#14;9�&amp#24;kg&amp#23;��+��⿭~���&amp#16;f꯴�J&amp#23;^xa��ӂ&amp#31;+�I&amp#31;&�����������!!�N&amp#5;��.&amp#1;�\|&amp#30;���&amp#2;�&amp#24;<�&amp#23;��F�&amp#24;��&amp#14;�&amp#5;&amp#20;P@&amp#1;&amp#5;&amp#20;P@&amp#1;&amp#5;&amp#20;P@&amp#1;&amp#5;&amp#20;P@&amp#1;&amp#5;&amp#20;P@&amp#1;&amp#5;&amp#20;P@&amp#1;&amp#5;�Y�p{=�&amp#0;O&amp#31;&amp#4;XȜ��&amp#25;򙇚�#Gfv��&amp#25;�J�&amp#16;Vy�&amp#28;��[���C��&amp#2;��I�N�&amp#24;6��L�>}��	�3{�l&amp#30;{�qﭷ�&amp#26;��&amp#22;&amp#8;Eg&amp#14;!g>������)S�^���B�J���&amp#15;�R�&amp#23;^x!T&amp#18;)&amp#15;��'��sO�ޗ_~9�!�|&amp#12;�ǣ��j�0=��]&amp#20;x�C�&amp#14;iY���&amp#22;�kOwQ�իW�&amp#25;5jTf��
(��&amp#2;
(��&amp#2;
(��&amp#2;
(��&amp#2;
(��&amp#2;
(��&amp#2;
ԋ�̙3���97TV/��MY�gϞ��߾}�P��&amp#15;?��-�fذa4fU�0�;�q&amp#2;�رcC���_?o˕W^�&amp#21;���*^I>|f����I�k��F���w�T��&amp#6;,&amp#30;*'O�<�|�Q�3�Y^=�>^`��N��&amp#19;��w&
&amp#30;���=�]�C�Y}����Pf�:��&amp#31;z�!�M�>�y�_�[���K�&amp#30;���&amp#11;��Ν;g��k�.�0k?��M&amp#5;&amp#20;P@&amp#1;&amp#5;&amp#20;P@&amp#1;&amp#5;&amp#20;P@&amp#1;&amp#5;&amp#20;P@&amp#1;&amp#5;&amp#20;P@&amp#1;&amp#5;&amp#20;P@&amp#1;&amp#5;�E�i����Eޓf&amp#5;b�5��&amp#27;4ݬY��JB(�u�ɻ^��8m:&amp#22;�&amp#14;��cl�PWy�7�l�?��/���&amp#31;��&amp#7;&amp#26;�r�)w�}w̦����J拓=>�>&amp#23;�e˖,c�&amp#4;tβ�.��&amp#7;&amp#23;X%��;�&amp#7;��ǘ7&amp#19;�ê�q�p��˥�p;���&amp#29;&amp#18;5�-�X��4��CM^�p&amp#21;y��G��
[��&amp#2;
(��&amp#2;
(��&amp#2;
(��&amp#2;
(��&amp#2;
(��&amp#2;
(P�&amp#2;�lo�&amp#27;���&amp#1;y�F-�������eM�"��ɮt>tްq蜹�0aPh۶m��ƙ�y�&amp#22;�<��s�����&amp#27;������q?��S���ڼ��B��z^�1K�&amp#19;n'����o��~�&amp#17;J�|�]w����'�&amp#24;��G�B����&amp#27;7�S&amp#19;�/4&amp#0;�Ї]̹ϴ��2�l�j�*����'��5
(��&amp#2;
(��&amp#2;
(��&amp#2;
(��&amp#2;
(��&amp#2;
(��&amp#2;
ԁ�/2<���<E�	����~�m\&amp#23;<�2�j�̄���1���&amp#6;&amp#27;\z饹&amp#3;����&amp#25;?~|fW؜8qb���1�ݿ���~����뭷����C&amp#14;9���5���_���=�c&amp#8;�_s�5�&amp#31;n&amp#1;���&amp#30;kbV��g>�
����ó&amp#11;���&amp#31;&amp#16;�.=p̘1a3έO�ZV@&amp#1;&amp#5;&amp#20;P@&amp#1;&amp#5;&amp#20;P@&amp#1;&amp#5;&amp#20;P@&amp#1;&amp#5;&amp#20;P@&amp#1;&amp#5;&amp#20;P@&amp#1;&amp#5;&amp#20;P�Q&amp#11;̞�^(T֨/��ץ@׮]��F�&amp#24;Q$��駟�l��V�˱q.��,INx�����b��ѣG���LR�X�A�E��?��=�ܓ(�����>}���{�)吸p;S�q`&amp#6;?I�W[m��&amp#8;B�],	O�����*o�1p��P&amp#4;��&�&amp#31;9rdh_֤��&amp#20;�&amp#21;P@&amp#1;&amp#5;&amp#20;P@&amp#1;&amp#5;&amp#20;P@&amp#1;&amp#5;&amp#20;P@&amp#1;&amp#5;&amp#20;P@&amp#1;&amp#5;&amp#20;P@&amp#1;&amp#5;&amp#20;h�&amp#2;LI��j��s`�B`�%�&amp#12;�d��B&amp#3;~��&amp#6;�^"߅��a}�ʞ70&amp#28;&amp#22;)'L��k�U{��+���&amp#30;cQ�L{&amp#30;O)���Q�M&amp#30;J8묳B%��&amp#7;�L�9�$�&amp#0;�����_�t���>z���p�3��p�.]�P��㏇&amp#15;&amp#31;�{���&amp#7;�V���Z���G&amp#31;��ˍx�g���q>���X��&amp#2;
(��&amp#2;
(��&amp#2;
(��&amp#2;
(��&amp#2;
(��&amp#2;
(���&amp#16;�rQ��ڤ�$��ꪫr��?����ޛ��b��y�&amp#23;L��b���&amp#19;&[&amp#19;0Ν����^|��q�w:�t�Ć�&amp#11;�^��&amp#3;&amp#7;&amp#14;L�Q&���&amp#23;_d*k���F&amp#27;��&amp#16;k?��3��נ�⇼�A��^����n&amp#27;��t�M�&amp#6;��&amp#2;��A��}����&amp#6;������r��&amp#31;:�ׯ_(��&amp#2;
(��&amp#2;
(��&amp#2;
(��&amp#2;
(��&amp#2;
(��&amp#2;
(��&amp#2;&amp#21;&P���
��u9$H8��S�yI���������"s;Qv&��j��;�&amp#24;&p&amp#31;q�&amp#17;=z��K#$&amp#29;z���!q=ӻ����[n��vc/��w�u�&amp#7;&amp#31;|�O>aH��f���f�mbp�f1B�&amp#28;t��_~��iӈ��x�'�xbm��E��\��^z��n��nc?�,�L(��~�}�9��/���|��&amp#31;|�AlI���C��&amp#30;z��N㩅�S�&amp#18;D�'��
i{��ڏ;�8
d��e�]x&amp#16;&amp#1;�~����'�p&amp#2;&amp#15;^���&amp#3;6�t�́n*��&amp#2;
(��&amp#2;
(��&amp#2;
(��&amp#2;
(��&amp#2;
(��&amp#2;
(P&amp#25;&amp#2;�+�2���&amp#21;Xj��.��3�8����?�rǳ��&amp#18;�ͭ��&amp#26;���r&amp#11;�=��+t;`���={R>�È��&amp#28;&amp#0;�D��Ӽ�DN��O?�&amp#6;W��J[��~��Ӛ��Y���&amp#11;.�c�=@���+�&amp#16;P�&amp#11;�/���{��W&amp#25;&amp#30;O?�ʌ�&amp#25;�D��r&amp#18;��${����,������?�&amp#29;�5�L&amp#15;<��&amp#6;�@4?Ӏ�&amp#28;`�&amp#12;��
(��&amp#2;
(��&amp#2;
(��&amp#2;
(��\&amp#21;x�w�����S��!_v�M&amp#11;u&�׿��y)�tLt9�����ԞH&amp#1;&amp#5;&amp#20;($�L��m?��VYe�BͬW@��&amp#5;H&amp#26;ݜ��.�^:�-&amp#11;	l��ƫ��ڵ�^�2�ijq�@�����k2,��9<�b��	�7��s!�&amp#14;Yl��8��g��d�x�x`�6m�m&amp#19;n��&amp#27;��&amp#29;&amp#27;P`%�-�ܲ[�ni��[ò9����w��ݻ7����y&amp#8;�����޼�8��{;w�|�9��'{�&amp#17;�����<lf*c��X���Ϗ:�@�-`�z�&amp#22;-h?i�$标��tL��1��ϲ�.{�w��OB)�L�&amp#0;&amp#30;��n��^|�E�2�ý B&amp#15;&amp#11; �"&amp#23;�Zd�E��~�&amp#3;&amp#15;<0�4�&amp#23;�w�A��co�&amp#21;&amp#11;�O&amp#11;
(��&amp#2;
(��&amp#2;
(��&amp#2;
(�@�
����رc'L��w/�[�^p�&amp#5;�z��&amp#8;��F�f�cƌ&amp#25;<xp<&amp#23;CjP�v���*&amp#14;���&amp#2;&amp#11;,вe˲&amp#14;����~�7�ܙ�8&amp#18;O��&amp#2;
D&amp#1;&amp#2;&amp#4;/��2��l�I�,�����gZǎ&amp#29;�:��|H�C���㲔Éc��-&amp#25;�&amp#25;|�&amp#14;&amp#29;X?�0�|��Wʱն!�2t�P&"�i޾}{"M+��r��&amp#8;&amp#28;H�<jԨ�������z��U��Վ�&amp#6;�K��W��:͍�&amp#2;&amp#28;m�&amp#20;�<y�ȑ#yk�c��&amp#31;��u!��&amp#31;����!?&amp#22;۶m�������&amp#1;�o&amp#26;ġ����m&amp#19;kB&amp#26;y��,�䒙`sl��
��&amp#12;�|�0f�&amp#19;S�a�0T��%�&amp#0;e�_gb}f�|t}��W���&amp#5;Qfo�M>b�P�D<C�o���Y��&amp#2;
(��&amp#2;
(��&amp#2;
(��&amp#2;�S`�s��_e�&amp#18;I�W��ƴ���^x�&amp#5;&amp#22;�{뭷
�{���#�!_�&amp#23;j07�~�i&amp#22;&amp#19;�=�&amp#15;�k׮q��&amp#11;�&amp#18;!yd͆��&amp#14;�0��غ?�96o��F8/Y-����&amp#31;�gT@&amp#1;&amp#5;2&amp#2;�&amp#6;
				�&amp#3;��d�-���-��&amp#7;�]wݕ�4#��&amp#18;K,Q����x6i�IO&amp#28;j�m?��&amp#3;qo�¸q�H@&amp#28;&amp#15;�m�\���&amp#14;;&amp#16;ቕ�&amp#22;�{�+��"710��9�
�E��S�La&amp#22;�}�ݗ��&amp#26;&�&amp#30;y��.w<�}��_�������n&amp#27;���&7��:��#ЪU��px&amp#29;���8�&amp#14;�*r^�����&amp#1;�����_�x��X;�`���+��;&amp#30;&amp#2;��&amp#19;�9��Kȼ�&amp#15;�x8�U��&amp#21;��&amp#22;&amp#20;P@&amp#1;&amp#5;&amp#20;P@&amp#1;&amp#5;&amp#20;P@&amp#1;&amp#5;&amp#20;P@�:&amp#22;&amp#24;6l&amp#24;!�O?���y���k�u�9餓�$$P�,�k/њ&amp#26;&amp#15;xN�͜���S�N��	'��*��n*��&amp#2;&amp#21; @T��23�Hd&amp#27;.�eG^z�%&amp#22;�e�$q&amp#4;b:�W�\)=�&amp#28;��g�M�0y/�,Rf&amp#14;$&amp#31;�|z&amp#22;i��E*e2&amp#16;�ƳiF�7�x���_~���řN
mr�e�]�w/�_s�5���
כ7�
�&amp#15;��[�ZxЪ_�~�{��믟�++O��&amp#24;n����&amp#21;5u����P����ѣG�T��zS���&amp#21;P@&amp#1;&amp#5;&amp#20;P@&amp#1;&amp#5;&amp#20;P@&amp#1;&amp#5;&amp#20;P��&amp#11;�!��O�&amp#27;&amp#0;�kC��C&amp#15;=��K.aMü��c&amp#1;fX�&amp#27;2��5�YN��&amp#7;��&amp#20;P@�:&amp#19;�1c���&amp#3;��d>��q�+&amp#14;���n��&amp#1;&amp#7;&amp#28;��&amp#29;�2&amp#22;��G�|Ĉ&amp#17;���&amp#2;��<��&amp#25;@�&amp#30;�&amp#28;s��&amp#23;o����&amp#14;;����Ιd<�b��&amp#12;����O�ń]�O��&amp#0;�b��p�&amp#7;��oc�Xc��&amp#5;&amp#8;�WU��yi
4M������&amp#15;�>�˯&amp#19;�p��7߀ó�M�ȫV@&amp#1;&amp#5;&amp#20;P@&amp#1;&amp#5;&amp#20;P@&amp#1;&amp#5;&amp#20;P@&amp#1;&amp#5;j&�����v&amp#2;&amp#21;��'�,߷P�tNH���<2�Mp��v��}e(r&amp#27;PShnI��j7_��j��@&amp#1;&amp#5;&amp#20;�&amp#0;&amp#1;>w���?\|��Ն�	]&amp#19;�'�o�U��e�}��Y���L�?�&amp#19;�&amp#29;@z^Bڌ9��#`�&amp#29;w�{�W]uմ�ni�&amp#27;&amp#7;I�d�y;�~��&amp#15;>��>}�����?dȐ��to��&amp#0;&amp#0;@&amp#0;IDAT�&amp#19;O<A�ഒ�8���&amp#12;2�����M�&amp#21;,@�&amp#28;g�W���Қ�&amp#0;)�V[m�7�|��OH&amp#14;��+!�>���}�Y\e���e�]������&amp#2;
(��&amp#2;
(��&amp#2;
(��&amp#2;
�H��Й�&amp#1;��2�o�&amp#23;N�&amp#27;9r�g�9t��XI���&amp#31;|뭷�5M��&amp#20;���T*���&amp#15;=�P���&���3�<3�=x�&amp#2;
(�(&amp#4;�`Mn�&amp#18;�Jș'���D�	��r�-ie��&amp#19;'�s�9L%/��В5�����k��#km۶{���[r�ǩ�$���u�-�,�,�&amp#4;O&amp#15;�q�ΝQjӦ5����&amp#15;?|�&amp#23;ƽ|0�+����7�&amp#16;�R8��y&amp#14; �&amp#28;r�!�����ȑ'���mR�J-Ϟ�^�C&amp#31;�
�u)PI&amp#2;����\}���>��㫮���+�Ȏ&amp#18;~Q�������_��wݑJ��Z&amp#20;P@&amp#1;&amp#5;&amp#20;P@&amp#1;&amp#5;&amp#20;P@&amp#1;&amp#5;&amp#20;P@�Z&amp#20; y��ޛvH�]�ęX;X���m�]ژ�n�P}�7�<a�&amp#4;��'�0y��ܽ��&amp#21;&amp#3;i3���N�2���?���
����RF[J?5h3i�$&�&amp#16;�)�Xn��O?]J��6���A
��&amp#24;3fL�^k&amp#20;P@�&amp#6;%���&amp#1;&amp#3;&amp#6;�C�v�m��&amp#18;j�;�[o��%Ɖ&amp#22;�iٙ&amp#7;���ʬ�L�}�m�I;,R�&amp#19;��m&amp#26;k糒40E&amp#14;��X7=�)�L[���I?&amp#12;;m�>����-�$|ZOp=��C�o~�&amp#27;�b�G&amp#31;}4�p�)�4TO�?��9�u��,�&amp#30;������
&amp#22;hNd��/�KS�i
��p�W�kҋ/�H�x^��C�cǎ�}'�Y�!����U+��&amp#2;
(��&amp#2;
(��&amp#2;
(��&amp#2;e	��m�~�6 ܞ֤e�~9��c�uGt6ԓz��;��&amp#28;�w��v[h@��k׮�&|�ǈ�ĩ{$)d�D�9G&amp#26;4��eC���&amp#21;L�#�.K����ϫ��J���&amp#15;?�k��&amp#15;�Zk��v�u����$F��hӑ�V���=��&amp#3;o&amp#26;� b��
+���{��v�M��C	DY2�}���.T��k&amp#30;y�� ��0&amp#27;&amp#30;m�c��D��D믿�߱�b�&amp#21;P��&amp#8;�&amp#28;R:&amp#18;�&amp#0;#��O��z>,����&amp#15;1~�&amp#31;>����ԩS�T���%2M����i�Be>��&amp#24;mV^yeV�����&amp#11;�O���&�;�sx&amp#26; m�����&amp#30;*���R/�,8�gG�&amp#4;�J+���K�=S汃4~��SOŘ:��i��)�<l�\���&amp#0;�S����Ӵ&amp#31;ˍ]�&amp#6;��7Sc�*ǯ�&amp#2;A���/5&amp#20;P@&amp#1;&amp#5;&amp#20;P@&amp#1;&amp#5;&amp#20;P@&amp#1;&amp#5;&amp#20;P@&amp#1;&amp#5;�\`�ر�&amp#11;��&amp#27;k�&amp#22;_���GV��,7�Μ�x��7�v&Q����&amp#16;
a��P3mڴK/�4&amp#19;� &amp#12;���/�&amp#23;$2�&amp#30;��̔G�΄&amp#1;2{�g��/֦%s/�L�rG�9��6Y?�G&amp#19;�[��&amp#14;k&amp#12;��y�3�8&amp#3;̸�&amp#12;���M���]&amp#28;�+6#R&amp#18;��h��By��&amp#21;�&amp#26;BPLj�&amp#7;ZP@&amp#1;&amp#5;&amp#26;�@&&amp#15;GϞ=&amp#11;���z&amp#4;&amp#19;2{C|�����$&amp#19;i�;t�0jԨL�B�<&amp#1;Fr���&amp#19;i��&amp#19;u�y�B�c=���&amp#31;˹&amp#3;&amp#11;-��&amp#27;&amp#15;���g&amp#27;m�QZ���S&amp#5;i=������cg<P&amp#21;���S1��y@-m&amp#15;K�&amp#25;�k��F��&amp#2;�p��&amp#15;�ܣ�i�&amp#2;U��&amp#2;&amp#28;�&amp#2;
(��&amp#2;
(��&amp#2;
(��&amp#2;
(��&amp#2;
(0�&amp#5;�����&amp#20;L��&amp#27;��&oy�7d]ظ�o�Ӵ��>&amp#20;���&amp#11;V�����&amp#21;��&amp#19;3f6v&֞vBl���iMn�)��&amp#30;zhn�=m��Bf�LaZ�)W;�L���d�DƟ&amp#27;kO�g����f&amp#12;fj{n�==$�̬wr���gj�Uy�5�d*�T@&amp#1;&amp#5;�]`�E&amp#23;M���H�<�c�9�`�&amp#21;W\A���J��Ǔ��^[m�&amp#21;=��%��.��4[;]�Nm&amp#15;����#��&amp#2;����Be�_Iw�L@�&amp#25;���3�ꫯ&amp#30;�ӧ&amp#22;�(&amp#28;�i�7��*��&amp#18;�P�ÅZҮ,7d&amp#1;g�7���&amp#20;P@&amp#1;&amp#5;&amp#20;P@&amp#1;&amp#5;&amp#20;P@&amp#1;&amp#5;&amp#20;P@&amp#1;&amp#5;&amp#20;P�A&amp#8;�Iq&amp#25;P�)q�&amp#3;�[{&�&amp#17;!��&amp#8;ۧ���z
,�&amp#27;�ӥ��&amp#15;&amp#24;6_x�w�}7�E�O�>d���O�G��Q��M��2��&amp#12;�D�Y!�$�iL���/�ꪫ
eJ�v��X &amp#12;s�%�d:�&amp#7;�Od&amp#6;a:x�\p�&amp#5;��&amp#21;��-��b���(�͈�,��B���&amp#17;
&amp#14;�{��$�%��&amp#12;E��&amp#19;.�&amp#6;�	ģ&amp#30;|�ABJy�9�6&amp#22;&amp#20;P@�:&amp#22;�&amp#7;czF�\�&amp#22;{&J�6�[�a�&amp#29;���&amp#2;��&amp#20;�<&amp#1;V���z�pu�i����8&amp#11;�3&amp#31;������N�:��&amp#24;��zx|&amp#18;.�&amp#12;���&amp#29;6ә���nV�&amp#0;ol��&amp#21;s7�&amp#16;&amp#5;&amp#20;P@&amp#1;&amp#5;&amp#20;P@&amp#1;&amp#5;&amp#20;P@&amp#1;&amp#5;&amp#20;P@&amp#1;&amp#5;&amp#20;�[&amp#2;��#�.��)�T𴤟B&amp#25;}c��`��&amp#7;&amp#31;���r&amp#22;&���<_��t�M�&amp#8;&amp#0;&amp#19;&amp#12;�K��I��SN���-c��}w�qG�d$�~�&amp#25;&amp#16;]f�vX֗6��&+;���>-�&amp#19;�&amp#29;mڲ&amp#22;˙5�&amp#17; �|\��`<&amp#2;1�/#��曏8�&amp#8;&amp#6;@�dvQx��gI&amp#17;&amp#31;�D~��ݻ��L�׿���?Σ&amp#21;�o�y&amp#26;A�c�=�&amp#23;7�xcl�I�G&amp#11;
(�&amp#16;&amp#4;Z�l�G���_&amp#31;&amp#7;CĝW�$]J�oP&amp#5;~�����~�m���0^H�5a�6�5d�O+9Q�&amp#25;��&amp#26;>Y��%�Ϻ�&amp#1;��MZ�Y[��hҽ�+R�w���+��zQ
(��&amp#2;
(��&amp#2;
(��&amp#2;
(��&amp#2;
(P�&amp#2;�&amp#12;�1D]�9r���&amp#15;!M�-�ܲ��&amp#18;&amp#11;'��K��~̨Ng�����/N��_m�՘�^�s�է�@�&amp#23;�\|��M��&amp#19;�N��&amp#11;�6��אܞ�w쇥�/��&amp#24;k��k��������&�}<��&amp#2;��I�L>�4�&amp#30;:�2��d�&amp#3;.�D�W@&amp#1;&amp#5;��n���EOO��V��/&amp#26;����r����O?��&amp#7;&amp#31;d�NR��.�(��LvOw�e򸤛��xܕ~�R&amp#25;b�%���w��&amp#15;&amp#5;��F��y��p{��\�K&amp#1;&amp#5;&amp#20;P@&amp#1;&amp#5;&amp#20;P@&amp#1;&amp#5;&amp#20;P@&amp#1;&amp#5;&amp#20;P@&amp#1;&amp#5;jM`�ȑi_�l��L9&amp#19;�-�&amp#23;7&amp#28;E&amp#4;��ONCȱ�4&amp#5;:�&amp#4;Q��&amp#24;��&amp#2;��WZi�Le��ڽqs�6�֭[�&amp#12;�&amp#22;-Zl��ֱ2���X(2�ئ&amp#22;&amp#11;������h3�&amp#19; g�yZ��{拏�U&�&amp#16;����#�[P@&amp#1;&amp#5;�Q���&amp#11;/��ϋ�cx��G&amp#15;:��;nȐ!y&amp#27;�W%�E�S�&amp#28;�}��ǏY��t�7��~1�Jh��b�!��S�LIweB�qW&&amp#12;��&amp#15;?�+slX�>&amp#30;�&amp#22;�!L�81�e�R&amp#5;L&_�w��R@&amp#1;&amp#5;&amp#20;P@&amp#1;&amp#5;&amp#20;P@&amp#1;&amp#5;&amp#20;P@&amp#1;&amp#5;&amp#20;P@�Z&amp#19;�|)O��&amp#18;��$�e��"&amp#7;&amp#30;p�&amp#1;���&amp#29;5jTz`&&amp#26;&amp#17;wm��&$���i�@E&amp#26;� G=&amp#19;&amp#4;�&amp#6;��&amp#2;籒$���ˍ�&amp#6;EF&amp#27;{��B&��F&amp#27;m��sd.��Ҹ��%�c�"&amp#5;(Xė��ԩS�M����&ݴ��&amp#2;
4&amp#16;&amp#1;������n����&amp#12;&amp#28;80wT���"�ޯ_�&amp#6;2G���{��O�js�d&amp#2;乗&amp#25;j����C2&amp#31;��&amp#7;~�&amp#1;�&amp#18;&amp#3;�~:��&amp#21;\6�^�7�KS@&amp#1;&amp#5;&amp#20;P@&amp#1;&amp#5;&amp#20;P@&amp#1;&amp#5;&amp#20;P@&amp#1;&amp#5;&amp#20;P@��&amp#17;�ҥ�[o�&amp#21;�"=�b�-&amp#22;7�&amp#20;&amp#8;Ц{�T�i}(���+�2�|���q&amp#23;���΀�A�h=�2&amp#1;{�.yC/�,��Q�m�T��"���~&amp#14;+Ӵ�&amp#8;&amp#20;
��&amp#24;&amp#1;{�&amp#5;�Q5&amp#24;��ѣ&amp#31;~�a�`�фq��ՠ&amp#7;&amp#15;Q@&amp#1;&amp#5;�]�l&amp#28;'�p�o�[&amp#22;+a�x�x�2N��C&amp#15;=4wW��&amp#16;&amp#20;g�<%P�ԤrI�-��~��qW�&amp#14;&amp#29;b�B����t��2&amp#4;�۵k&amp#23;k±�fZN?,2���,W�&amp#0;&amp#15;V�L�b�&amp#23;��&amp#2;
(��&amp#2;
(��&amp#2;
(��&amp#2;
(��&amp#2;sK &amp#19;&�&amp#4;ы��	����&amp#23;_<�̔	�gj�f��<�&amp#30;|lC!&amp#19;KHw}��W�f���4���"�M��V9�&amp#23;&amp#17;�t�����F���ߟq�&amp#25;����7�<x��4|RV?6V@&amp#1;&amp#5;&amp#26;�&amp#0;�c���'&amp#12;�&amp#15;�L�z��&amp#1;Ç&amp#15;o C]y���N��;�����SNIw-��&amp#18;�f�r扴�`V�=�`Қ�Ⅰ{*�	����%�[�j&amp#21;wY�T&amp#1;�B8��Ro�ץ�&amp#2;
(��&amp#2;
(��&amp#2;
(��&amp#2;
(��&amp#2;�&�	��&amp#30;ngzt:��s�ӯ�ӣ(�a�"��
����L&amp#12; �6���&amp#6;�U{H:��9��&amp#28;�i��S�&amp#6;&amp#19;&L8�#�&amp#27;&amp#22;kb�Ey;u�ĵ&amp#19;���&amp#22;&amp#20;P@��%�j k���i����&amp#17;��7�Zj�&amp#6;r!|\^y���&amp#30;�E>��3�yZz饗]v�&amp#30;=z�`�&amp#7;&amp#31;|���[�n�f�r�4��&amp#0;|80&amp#19;J_`�&amp#5;B=Cb��P.�({&�_(&amp#21;M�&amp#17;Z�H&amp#5;&amp#12;�7�&amp#27;�&amp#21;P@&amp#1;&amp#5;&amp#20;P@&amp#1;&amp#5;&amp#20;P@&amp#1;&amp#5;&amp#20;P@&amp#1;&amp#5;&amp#20;P��&amp#4;2a�zj��wo֬Y�&amp#17;&amp#16;!~��g�6�~�]��L݋&amp#19;�c!��"��3&amp#19;���{o&amp#22;z��!Sӽ{�LM}m.����I�_d&amp#24;i�}�*ҲЮ{�'&amp#19;k�k��7gB\���#�L�&amp#23;(ԕ�
(�@�&amp#20; �L���&amp#15;?<&amp#14;/���5�[`�0I�y�&amp#14;c�Сie摸tWZ�y�t�'��N����/c��&amp#23;^x���&amp#11;��c��P�3v%&amp#14;,��B#&amp#21;0��Ho��V@&amp#1;&amp#5;&amp#20;P@&amp#1;&amp#5;&amp#20;P@&amp#1;&amp#5;&amp#20;P@&amp#1;&amp#5;&amp#20;P@��&amp#19;Ȅ�����7�`j`�&amp#17;<��c�D7��&amp#15;9i�&amp#31;�wo&amp#26;6&�����L��|�O^�e�Y&�&amp#26;feǎ&amp#29;��P�Q���ԧ�X&amp#28;�*�p�]w��/���V[-��<f̘L��
(�@�&amp#17;���tU5+Jg&amp#18;���Xi8W&amp#20;G���&amp#27;o�1nn���%�<3��G�bv���ԩS_~��ɔ�X�C<��
@��&amp#12; {3�O2���p&amp#11;�$0k֬j��U��z-
(��&amp#2;
(��&amp#2;
(��&amp#2;
(��&amp#2;
(�@�&amp#4;ڴi��N;�ǲ�7_��5�����o��ִ���fY�L����^�{�G&amp#31;}����v�ڥ��_y���/�O}ՓC8=�&amp#11;/��n��A�b�B�PGޤ�D�Ӏ=�&amp#7;��ډǌ&amp#24;1"=�e&amp#5;&amp#20;P�A	���&amp#30;{�q�-�|��&amp#23;y&amp#7;F:t>��]�&amp#31;��&amp#6;U����T.[n�e��c)��]���iX=V��>�)���qs�׎e
��n�&amp#25;ʙ>�h}nck*C�\G��+�Vz&amp#21;
(��&amp#2;
(��&amp#2;
(��&amp#2;
(��&amp#2;
(0w&amp#5;��o��&amp#4;|�~�g�q�t�w�}w�qǥ�y�����J۔U�����?��{8���?�>�&amp#16;9��&amp#15;?���'������&amp#27;��&amp#28;0`@��&amp#2;�d&�gf�g&Ŀ���i��<eʔ��L�#�<��qS&amp#1;&amp#5;&amp#20;hP&amp#2;<ND��믿~�}�a9�3�8�&amp#25;�q}&amp#19;�vl��6q���<V&amp#26;ZnPג&amp#14;�)��^{m�a�y�L3<d���&amp#30;&amp#14;I��#Q͐!CbW&amp#20;�&amp#16;���Ӛ��Z+n���:i:z>pI!&amp#16;�Rx����&amp#24;��뮛��I&amp#27;[�$&amp#1;��t7�&amp#22;&amp#5;&amp#20;P@&amp#1;&amp#5;&amp#20;P@&amp#1;&amp#5;&amp#20;P@&amp#1;&amp#5;&amp#20;P@&amp#1;&amp#5;&amp#20;�[&amp#2;|�~�a���&amp#19;���o��;�L�<9����&amp#15;Lnc"{&��&amp#17;G&amp#28;Qb���UZXo���o�9�u�]�ƛY����N&amp#15;�-3ڴ�p&amp#11;�Ч5�L���7�do�&amp#8;zn�:�a�z��/&amp#11;�v�i��&amp#14;�&amp#5;&amp#30;�H&amp#23;��`�z�ꕎ3��O��?�	�P�I&amp#3;@�dԨQi'&amp#4;�/��ҴƲ&amp#2;
(А&amp#5;���&amp#7;�M7����O�q�?<C�駟�~�4������K.9��#ӱ&amp#29;��͛�b��aÆ�&amp#17;�C&amp#6;��+��pL���׿N7y0.���G*O$��_���t�ҳgϸɉ��n��I�����o���I'�&amp#20;�R�|���M˕*�?$��>`�{�^�ץ�&amp#2;
(��&amp#2;
(��&amp#2;
(��&amp#2;
(��&amp#2;
Ԗ&amp#0;����t�:1&amp#12;���ϗ��{����ӽ�L��;�.6��0��2����/�-o����_}�UW�o���������8&amp#20;���n���ߴ?묳�(߻w�%�X�&amp#4;�%&amp#8;-��=tE� ��>�a&amp#29;o&amp#30;{���<)�d���W_����h��i�y<����&amp#16;��q�&amp#29;7�h#�u&amp#14;&amp#31;>&amp#28;��/��/�I�K��D�&amp#31;~8k&amp#3;/��rL|'�:&amp#31;4����&amp#2;
4R&amp#1;��|���۷ጟI�<&amp#28;�&amp#7;k�Ν�e�Q��k�c9&amp#12;��1���P�sT<�&amp#21;�L�����&amp#25;�,ô��&amp#3;&amp#7;�&amp#6;|ؑr��/|:��=�!r��&amp#7;gB��1���&amp#7;1�N�\s�o���s�>ß���$eI�Z�$���*��tC�&amp#22;&amp#5;&amp#20;P@&amp#1;&amp#5;&amp#20;P@&amp#1;&amp#5;&amp#20;P@&amp#1;&amp#5;&amp#20;P@&amp#1;&amp#5;&amp#20;��&amp#2;&amp#4;����J��q2\<&amp#25;�&amp#0;^q3-�E<�&amp#6;Ӛ����zk��O�&amp#1;D�y��&amp#17;5I&amp#27;��B�9L�K���m^�-&amp#27;`M��ݙ�x�&amp#21;Wıq�O>�d�L&amp#11;�Ir&amp#23;n'�o&amp#26;h�==�&amp#12;�qm{�D�q&amp#29;&amp#30;���(�S��8�&amp#21;��&amp#5;&amp#5;&amp#20;P�&amp#30;&amp#5;v�a&amp#7;��/��"��B&amp#15;c���
����׺u�z&amp#28;j���J�W�XC䛩�q3&amp#22;2�h���j&amp#26;n��A&amp#7;&amp#29;��K/���?&amp#12;f?&amp#7;yʊ��b��@��&amp#15;&amp#23;R��z�!�&amp#31;7c��&amp#19;O$
&amp#27;7-T�&amp#0;3۹���
��^�&amp#2;
(��&amp#2;
(��&amp#2;
(��&amp#2;
(��&amp#2;
Ԧ&amp#0;&amp#17;\��o��%v�l�&amp#11;.��V"&amp#25;���s�&Tό��y��v&amp#27;a�L}��H�2��������;�1������w�y��o�f&amp#4;ZbX=o&amp#3;*	�&amp#16;h)��z�&amp#17;s/�4p�&amp#2;
(P�&amp#2;��gAқ?��&amp#15;=�Э����b{�g&amp#24;Ձ&amp#7;&amp#30;��&amp#19;O\s�5|H��'T]^,?Ï:�(��y�h�֭[:�̒"��ر#&amp#11;�&amp#20;��\{��Lm&amp#15;���׏<1�)r�|�/�����T��/�3�ԋ��&amp#20;P@&amp#1;&amp#5;&amp#20;P@&amp#1;&amp#5;&amp#20;P@&amp#1;&amp#5;&amp#20;P@&amp#1;&amp#5;&amp#20;P@��&amp#18;Xp�&amp#5;O>�d�&amp#22;&amp#15;?�0&amp#19;&amp#7;ә��&amp#20;������k�&amp#14;&amp#29;ben!��l����|�,&amp#22;�����j�0�&amp#7;����9O|��{����&amp#31;*	ۓ&amp#29;���-����&amp#31;�3�B&amp#3;"&amp#25;<O@&amp#22;\ҧ�c��V�h�c��3=&amp#23;o��&�&amp#16;>!zt�}�e�l��*�0���
�&amp#4;ZH�K�)7'��+�&amp#24;OMP��&amp#4;��sOA�e�-� &amp#12;C<��{9&amp#4;�x`(�h�"֔uu�(&amp#11;
(�@�&amp#8;�Ê�-^K-�Ԅ	&amp#19;B��N糠��3?�2�����O��&amp#30;&amp#24;&amp#27;�~
�������2S�l��&amp#30;|��X�GF,�&amp#2;+��	�#&amp#8;,���!��7�u�!�7�N&amp#15;���ߟ�&amp#0;|�&amp#12;&amp#30;<8�&amp#25;
��'&amp#24;:uꔩw��&amp#5;f��>cƌZ�WQ&amp#5;cyi
(��&amp#2;
(��&amp#2;
(��&amp#2;
(��&amp#2;
4U��&amp#5;&amp#14;�	L�W��.�v�F��v̘1D�����ɓ'/��&amp#2;m۶%�K`cn_&amp#7;gd�q��L�"��j�1i�$�����&amp#15;L&amp#19;�9"�`�v��N&amp#25;���:n���<s���&amp#19;'N$�A��l���᧟~b�w��'X�%/��ܾ��|��)h�[&amp#23;dfCfVϴwS&amp#1;&amp#5;&amp#20;h�&amp#2;�&amp#6;:��S&amp#25;�)���cCv�S�L��/Ə&amp#31;?u�T&amp#6;ɏ_>��	\mn�pE|(�l
�&amp#8;<�V��&amp#2;>G8�رc9#�ࣤ�����w�}7j�(���&amp#8;�y-��&amp#18;e}&amp#12;ezkP�%R猹��Ř�s��h�?&amp#23;&amp#26;�&amp#0;&amp#29;�&amp#2;
(��&amp#2;
(��&amp#2;
(��&amp#2;
(��&amp#2;
Գ@�}yZ���z�9�^&amp#1;&amp#5;&amp#20;P@��&amp#4;^x�&amp#5;&amp#2;�%��曗v���������z��3g&amp#22;ʇPVG6V@&amp#1;&amp#5;&amp#20;P@&amp#1;&amp#5;&amp#20;P@&amp#1;&amp#5;&amp#20;P@&amp#1;&amp#5;&amp#20;P@�
&amp#21;0�^�7��R@&amp#1;&amp#5;&amp#20;hJ&amp#2;L�&�	WL2�F�Ť)ݜ�u���˺&amp#31;͍���ec&amp#5;&amp#20;P@&amp#1;&amp#5;&amp#20;P@&amp#1;&amp#5;&amp#20;P@&amp#1;&amp#5;&amp#20;P@&amp#1;&amp#5;&amp#20;P@&amp#1;&amp#5;&amp#20;P@&amp#1;&amp#5;&amp#26;�@X4���&amp#1;+��&amp#5;�&amp#26;��&amp#28;�&amp#2;
(��&amp#2;
(��&amp#2;
(��&amp#2;
(��&amp#2;
(��&amp#2;
(��&amp#2;
(��&amp#2;M�u۫H&�І�x&amp#20;P@&amp#1;&amp#5;&amp#20;P@&amp#1;&amp#5;&amp#20;P@&amp#1;&amp#5;&amp#20;P@&amp#1;&amp#5;&amp#20;P@&amp#1;&amp#5;&amp#20;P@&amp#1;&amp#5;&amp#20;P@&amp#1;&amp#5;&amp#20;h�&amp#2;$���Ր���&amp#20;P@&amp#1;&amp#5;&amp#20;P@&amp#1;&amp#5;&amp#20;P@&amp#1;&amp#5;&amp#20;P@&amp#1;&amp#5;&amp#20;P@&amp#1;&amp#5;&amp#20;P@&amp#1;&amp#5;&amp#20;P@&amp#1;&amp#5;&amp#20;h�&amp#2;�&amp#27;��&amp#28;R#&amp#18;�ק�M�2��&amp#1;wj3o�.&amp#11;Ҭ���z�f�ԇ��f�r�&amp#22;X�{�B�2����x���2���&=;���&amp#15;���>�*�k0�&amp#26;+�0e���&&amp#14;�j�G�LZh�&amp#22;=&amp#22;n��R&amp#11;.پU&amp#28;L(Ը���f&amp#30;1���'�?����C�[.�p��[d�wS&amp#1;&amp#5;&amp#20;P@&amp#1;&amp#5;&amp#20;P@&amp#1;&amp#5;&amp#20;P@&amp#1;&amp#5;&amp#20;P@&amp#1;&amp#5;&amp#20;P@&amp#1;&amp#5;&amp#20;P@��&amp#23; �������s�&amp#2;�������X�9���c��I�r���y֬_&amp#29;<�݇�=;�~�:]J&amp#15;�&amp#15;�n��y-o����37��q�ؠ����X��Pk�ē&amp#1;�>���&amp#15;}&amp#20;O&amp#29;&amp#11;'l���[.��|�Ě&amp#26;�ϱ��n�����~B�O;,w��Kg*�T@&amp#1;&amp#5;&amp#20;P@&amp#1;&amp#5;&amp#20;P@&amp#1;&amp#5;&amp#20;P@&amp#1;&amp#5;&amp#20;P@&amp#1;&amp#5;&amp#20;P@&amp#1;&amp#5;&amp#20;P��&amp#5;&amp#12;�W��m@WWլ��&amp#20;o����&amp#8;���:�կ�N�V�!����C��*�&*�2l��7�&amp#21;�{X�]˕:�&amp#25;=q��&amp#17;�sԟ����&amp#6;�q���=&amp#20;�����ѓ�;��о�|�W^��������)Ԝ��&amp#15;GM�r�Nˇ����&amp#2;
(��&amp#2;
(��&amp#2;
(��&amp#2;
(��&amp#2;
(��&amp#2;
(�@S&amp#16;`�vg�7�&amp#27;=&amp#23;���כ:cf�&amp#19;&amp#12;&amp#28;��ٻ�J�B�r���L����;����1?L��9i�Nm��=d�&amp#5;~QYn�L�5&amp#30;j�J�u&amp#15;����Z���`�0��������&amp#28;�ͤ;��j��:o�r�&amp#2;s�{H蓹��n�}��f3f�z����9��3��f�N���&amp#8;���&amp#2;
(��&amp#2;
(��&amp#2;
(��&amp#2;
(��&amp#2;
(��&amp#2;
(�@�
̞����5+s�q�zx]�&amp#11;&amp#20;_���WF�%�����D����&amp#17;M�1��-oS�v�v-[̓��<�>�9v����vZ ]�=�,n��>&amp#30;HaN�Z�&amp#18;s�&amp#31;���m�g��&amp#23;Jǰ�bmn��5.�&amp#23;�X�p{��&amp#15;�d�&amp#31;����&amp#27;v�y㉸�յ݃���⹃�u�&amp#3;&amp#31;���uӳ[V@&amp#1;&amp#5;&amp#20;P@&amp#1;&amp#5;&amp#20;P@&amp#1;&amp#5;&amp#20;P@&amp#1;&amp#5;&amp#20;P@&amp#1;&amp#5;&amp#20;P@&amp#1;&amp#5;&amp#20;P��&amp#5;���W��ǫ{u��&amp#23;>��&amp#1;&amp#28;�I�t��BC*���������p�+L+<���)��yv;��Rb�tRn���s8Դ��\Hi��&amp#23;����Q�/� �K��&amp#19;�~
���?�뉡�1�t�&amp#28;HD��&amp#29;{Q�}&amp#25;1nrf��
(��&amp#2;
(��&amp#2;
(��&amp#2;
(��&amp#2;
(��&amp#2;
(��&amp#2;
T�&amp#0;���J�6���&amp#5;.z��0�C�[���T�����������\c�v��&amp#21;Lb_�ta��b&amp#11;�"c|��ԗ�>v5�C�]e
�*eړ&amp#7;>�Z�SR&amp#18;���8zR��B�g�g�o����١cs�Z��&amp#2;
(��&amp#2;
(��&amp#2;
(��&amp#2;
(��&amp#2;
(��&amp#2;
(�@�
&amp#24;n��;[��Ų���=�A&amp#28;�N���x�1U�~��!�<�����AW?L�^�ü���8;�|�6����m&amp#31;NZ+C�;�j�r�&amp#26;1~2㡞���{35���f�&amp#20;Z2K>�&amp#19;+vn&amp#19;�&amp#25;����3�n*��&amp#2;
(��&amp#2;
(��&amp#2;
(��&amp#2;
(��&amp#2;
(��&amp#2;
T���,Ӿ&amp#20;�u�˟�<�y�F]K���G���gc~��&amp#1;��Ҽ���ڹ�ac�?���_?e܏�&amp#22;jݢ{���]�u����}�V��;&amp#24;j�U�=�WF��mVX$wo��P�=&amp#23;iMK��?L���.���~&amp#8;�����>�T@&amp#1;&amp#5;&amp#20;P@&amp#1;&amp#5;&amp#20;P@&amp#1;&amp#5;&amp#20;P@&amp#1;&amp#5;&amp#20;P@&amp#1;&amp#5;&amp#20;P@&amp#1;&amp#5;&amp#20;P�"&amp#5;f͚e��"�l=_�W��t�3�-z-���m�&amp#29;M���g�/�����^��³C�5{��yv;���{#�&amp#3;����z�Lн���Y[C�&amp#12;��j�r&amp#15;a1�3&amp#6;&amp#14;��x��:�6Hk��&amp#31;g�����7�&amp#30;5}�˞�,�L�����i&amp#11;�
(��&amp#2;
(��&amp#2;
(��&amp#2;
(��&amp#2;
(��&amp#2;
(��&amp#2;
T�&amp#0;�v��W⍭�k�z��X;��6�&amp#30;
��,ޞ0�~��C&amp#15;ۯ��u�&amp#20;��ޭWX84X~�&amp#5;6��a��&amp#22;�ob�&amp#27;_&amp#30;��9����E:�r���Ps/��Rn��������C����]�7&amp#17;|rX���&amp#25;O&yڞ��G���F@8�p�o�y���_����H����&amp#2;
(��&amp#2;
(��&amp#2;
(��&amp#2;
(��&amp#2;
(��&amp#2;
(�@%&amp#11;TUU9���op�\�������a�����{V3��f��Ϛ���o�4��{����sxEg�f�c6�`+���/&amp#29;�[#&���G&amp#3;�#���=�>��c��d�e��ݡf���R�1�3f�:��w^��;��l�l���sۤ5��'�~ݞ+�u�[&amp#16;�|��K�k�k�&amp#5;>&amp#24;����?�ɺ�ۿ��8
ԧ}ZV@&amp#1;&amp#5;&amp#20;P@&amp#1;&amp#5;&amp#20;P@&amp#1;&amp#5;&amp#20;P@&amp#1;&amp#5;&amp#20;P@&amp#1;&amp#5;&amp#20;P@&amp#1;&amp#5;&amp#20;P��&amp#5;&amp#12;�W��������/&amp#8;�r�&amp#19;7�&amp#4;�&amp#11;��x�k^&amp#24;����r�M�z/���&amp#5;{�y��Y�z��<���f���;u�&amp#24;Aϝ��j����n�.{�a����/'��`����>�8&amp#6;
ŕҖ�q���C&amp#6;��&amp#21;���^�͗�4�ݬ��=W�ܡu��n�&amp#16;{�/t��&amp#11;��Yl�_dsq���(��&amp#2;
(��&amp#2;
(��&amp#2;
(��&amp#2;
(��&amp#2;
(��&amp#2;
T����ʽ��qeS���ӓ�W�f2:Q�j�P�=�&amp#15;�k&amp#8;��߰�V��'&amp#15;|�>�_>��I��/�j1O����&amp#17;&amp#22;t�ˉi�=���P�+eF��&amp#30;{�&amp#7;}�&amp#11;�w]u1R&amp#2;�S�3��f��o�k�����o~�p�&amp#15;?L��{�+.֦e�����O2��&amp#11;Η�+&amp#21;P@&amp#1;&amp#5;&amp#20;P@&amp#1;&amp#5;&amp#20;P@&amp#1;&amp#5;&amp#20;P@&amp#1;&amp#5;&amp#20;P@&amp#1;&amp#5;&amp#20;P@&amp#1;&amp#5;&amp#20;�<��3g&amp#26;n���Z�W�7�"';#8����k^U�P����Ց����&amp#31;�y{���&amp#17;��.�Y_�c/ҿ3�;mI��y�&amp#31;ȯz.�:&amp#28;���&amp#31;��&amp#11;�3���P�+�#�&amp#29;k���˟���mW�t����i�i�L���	�&amp#19;e翴��#�&amp#15;�K.�*����&amp#2;
(��&amp#2;
(��&amp#2;
(��&amp#2;
(��&amp#2;
(��&amp#2;
(�@&amp#5;&amp#11;�v{&amp#5;��z�4���?�I8��}��v&amp#4;ն�Eؼ��ΘI��S��Q]�����4-�Xh�&amp#22;�[��6�~��Z�8.b�����e�̎���{�&amp#28;��%<hPz��Dia܏Ӯ~~85ۯܩS&amp#27;g��6�&amp#21;P@&amp#1;&amp#5;&amp#20;P@&amp#1;&amp#5;&amp#20;P@&amp#1;&amp#5;&amp#20;P@&amp#1;&amp#5;&amp#20;P@&amp#1;&amp#5;&amp#20;P@&amp#1;&amp#5;*\���&amp#21;~����&amp#6;&amp#14;�&�r?j�n�&amp#4;��m�{��VXt�B�����X$~��&amp#14;[)�,W�e�&amp#30;��A�|&amp#23;6���>�/Tδ�{C�V)��&amp#15;����gfg�'�����J����H����v���q&amp#23;�u��կ&amp#16;��&amp#7;+&amp#21;P@&amp#1;&amp#5;&amp#20;P@&amp#1;&amp#5;&amp#20;P@&amp#1;&amp#5;&amp#20;P@&amp#1;&amp#5;&amp#20;P@&amp#1;&amp#5;&amp#20;P@&amp#1;&amp#5;&amp#20;h�&amp#2;��&amp#27;�k���ӓ��a��z)㫶=k�&amp#23;YF���?����&amp#21;&amp#22;k��ZK�r��~��Ӵ&amp#25;�&amp#23;l����/'����Է����]��)����;�t��*��'<��%Oώ��z��-)�|8����!�2�����3&amp#6;&amp#14;es����v/�1��~�Q@&amp#1;&amp#5;&amp#20;P@&amp#1;&amp#5;&amp#20;P@&amp#1;&amp#5;&amp#20;P@&amp#1;&amp#5;&amp#20;P@&amp#1;&amp#5;&amp#20;P@&amp#1;&amp#5;&amp#20;P�1
̚5�p{c�qq�/~6��&amp#24;&amp#25;S���8�C,�}�&amp#29;Vۀ��;����WYt��&amp#23;��a�.�[�&amp#1;~�w��y��&amp#24;r�}�Ub&amp#2;�r�W;�&amp#26;4(Q鏏||��uXo����b���c����֗�?��8u�G�'u��j�V�A{�&amp#15;7�4��wF�k�6�]��
i��&amp#21;P@&amp#1;&amp#5;&amp#20;P@&amp#1;&amp#5;&amp#20;P@&amp#1;&amp#5;&amp#20;P@&amp#1;&amp#5;&amp#20;P@&amp#1;&amp#5;&amp#20;P@&amp#1;&amp#5;&amp#20;�x�f͚&amp#25;n���\G&amp#23;x�S���~̯��r�rۗ�g)m�}{&amp#20;��myю��]�SfW��3���f�JO~�m<���&amp#28;&amp#18;˙B�5&amp#23;τ�K�~�&amp#30;9a�K_�t�&���:�Oޜ&amp#1;���Q@&amp#1;&amp#5;&amp#20;P@&amp#1;&amp#5;&amp#20;P@&amp#1;&amp#5;&amp#20;P@&amp#1;&amp#5;&amp#20;P@&amp#1;&amp#5;&amp#20;P@&amp#1;&amp#5;&amp#20;P��&amp#4;&amp#12;�W�ݬ�k�b��&amp#7;�&amp#29;��YI���&amp#29;G���vؼj���-�ʻ7�r�&amp#30;&amp#11;]��
��=ꙡcӽ$�ߡw���Y���i}���c3�r�&amp#26;&amp#14;/]��YI˴��X&amp#28;[���Cb�&amp#25;�k,� ���6�V�"��X&amp#11;
(��&amp#2;
(��&amp#2;
(��&amp#2;
(��&amp#2;
(��&amp#2;
(��&amp#2;
T��̙3���_i��
�`/A&amp#1;&amp#4;��8mĸ�?M�٢��&amp#16;{��[&amp#20;g)�}��&amp#26;�^Vj'���IS&amp#25;�&amp#18;�Z.�v�Fz!&amp#14;[&amp#1;&amp#5;&amp#20;P@&amp#1;&amp#5;&amp#20;P@&amp#1;&amp#5;&amp#20;P@&amp#1;&amp#5;j$P���i����?��ؖ
(��&amp#2;
(��&amp#2;u/0���/&amp#27;�oT��/�|�7ܺf3f̨�*u~pý&amp#14;G��&amp#2;
(��&amp#2;
(��&amp#2;
(��&amp#2;
(��&amp#2;sK�־<5�>�n��*��&amp#2;
(��&amp#2;�$`��t�Y�f&amp#17;j7�^��-&amp#21;P@&amp#1;&amp#5;&amp#20;P@&amp#1;&amp#5;&amp#20;P@&amp#1;&amp#5;&amp#20;P@&amp#1;&amp#5;&amp#20;P@&amp#1;&amp#5;&amp#20;P@&amp#1;&amp#5;&amp#20;P@&amp#1;&amp#5;&amp#20;�-`����&amp#2;
(��&amp#2;
(��&amp#2;
(��&amp#2;
(��&amp#2;
(��&amp#2;
(��&amp#2;
(��&amp#2;�	̞�����&amp#29;dk&amp#5;&amp#20;P@&amp#1;&amp#5;&amp#20;P@&amp#1;&amp#5;&amp#20;P@&amp#1;&amp#5;&amp#20;P@&amp#1;&amp#5;&amp#20;P@&amp#1;&amp#5;&amp#20;P@&amp#1;&amp#5;&amp#20;P@&amp#1;&amp#5;����L�6�W��&amp#2;
(��&amp#2;
(��&amp#2;
(��&amp#2;
(��&amp#2;
(��&amp#2;
(��&amp#2;
(�@�&amp#2;U�p/� &amp#15;P@&amp#1;&amp#5;&amp#20;P@&amp#1;&amp#5;&amp#20;P@&amp#1;&amp#5;&amp#20;P@&amp#1;&amp#5;&amp#20;P@&amp#1;&amp#5;&amp#20;P@&amp#1;&amp#5;&amp#20;P@&amp#1;&amp#5;&amp#20;P�i&amp#11;T5k֬i&amp#11;x�
(��&amp#2;
(��&amp#2;
(��&amp#2;
(��&amp#2;
(��&amp#2;
(��&amp#2;
(��&amp#2;
�-`&���<@&amp#1;&amp#5;&amp#20;P@&amp#1;&amp#5;&amp#20;P@&amp#1;&amp#5;&amp#20;P@&amp#1;&amp#5;&amp#20;P@&amp#1;&amp#5;&amp#20;P@&amp#1;&amp#5;&amp#20;P@&amp#1;&amp#5;&amp#20;P��&amp#11;�H�j�̙M\��W@&amp#1;&amp#5;&amp#20;P@&amp#1;&amp#5;&amp#20;P@&amp#1;&amp#5;&amp#20;P@&amp#1;&amp#5;&amp#20;P@&amp#1;&amp#5;&amp#20;P@&amp#1;&amp#5;&amp#20;P@&amp#1;&amp#5;&amp#20;P�,&amp#1;&amp#18;�W�*�&amp#24;&amp#27;+��&amp#2;
(��&amp#2;
(��&amp#2;
(��&amp#2;
(��&amp#2;
(��&amp#2;
(��&amp#2;
(���v�&amp#3;
(��&amp#2;
(��&amp#2;
(��&amp#2;
(��&amp#2;
(��&amp#2;
(��&amp#2;
(��&amp#2;
�'0;�|yG�Z&amp#1;&amp#5;&amp#20;P@&amp#1;&amp#5;&amp#20;P@&amp#1;&amp#5;&amp#20;P@&amp#1;&amp#5;&amp#20;P@&amp#1;&amp#5;&amp#20;P@&amp#1;&amp#5;&amp#20;P@&amp#1;&amp#5;&amp#20;P@�&/`��ɿ&amp#5;&amp#4;P@&amp#1;&amp#5;&amp#20;P@&amp#1;&amp#5;&amp#20;P@&amp#1;&amp#5;&amp#20;P@&amp#1;&amp#5;&amp#20;P@&amp#1;&amp#5;&amp#20;P@&amp#1;&amp#5;&amp#20;P@&amp#1;&amp#5;&amp#20;(_����7�&amp#8;&amp#5;&amp#20;P@&amp#1;&amp#5;&amp#20;P@&amp#1;&amp#5;&amp#20;P@&amp#1;&amp#5;&amp#20;P@&amp#1;&amp#5;&amp#20;P@&amp#1;&amp#5;&amp#20;P@&amp#1;&amp#5;&amp#20;P@�&/0{v;�k�&amp#14;&amp#2;(��&amp#2;
(��&amp#2;
(��&amp#2;
(��&amp#2;
(��&amp#2;
(��&amp#2;
(��&amp#2;
(P�@U�f��;��
(��&amp#2;
(��&amp#2;
(��&amp#2;
(��&amp#2;
(��&amp#2;
(��&amp#2;
(��&amp#2;
4m&amp#1;B�͛��W_;&amp#2;�G����&O�l�����W�U�V&amp#11;-�P�N�jփG)��&amp#2;
(��&amp#2;
(��&amp#2;
(��&amp#2;
(��&amp#2;
(��&amp#2;
(�@&amp#29;&amp#11;43>Z��&amp#21;v�)S�|��g?��c�]W}]����߽{��曯�&amp#6;�y&amp#21;P@&amp#1;&amp#5;&amp#20;P@&amp#1;&amp#5;&amp#20;P@&amp#1;&amp#5;&amp#20;P@�|&amp#2;-�Uƺi�Tm�%��&amp#2;
(��&amp#2;
(P�&amp#2;��j4�Z�&amp#23;c��^o&amp#7;9����+��!�Nx�}����vm���V�z!7��q���&amp#19;�^�zլ&amp#31;�R@&amp#1;&amp#5;&amp#20;P@&amp#1;&amp#5;&amp#20;P@&amp#1;&amp#5;&amp#20;P@&amp#1;&amp#5;&amp#20;P@&amp#1;&amp#5;&amp#20;P@&amp#1;&amp#5;&amp#20;P@��&amp#17; �WU7g�,&amp#21;)@&amp#14;y����;w��s.��k|��&amp#3;&amp#16;F0!&amp#5;��]y�&amp#2;
(��&amp#2;
(��&amp#2;
(��&amp#2;
(��&amp#2;
(��&amp#2;
(��&amp#2;
ԁ���:@��S�^;�Ǽv&amp#3;�r�a&amp#4;��&amp#2;l��i'
(��&amp#2;
(��&amp#2;
(��&amp#2;
(��&amp#2;
(��&amp#2;
(��&amp#2;
(07&amp#4;�x͍~�&amp#8;���+%�|&amp#19;��:�̀&amp#25;`��t�B&amp#1;&amp#5;&amp#20;P@&amp#1;&amp#5;&amp#20;P@&amp#1;&amp#5;&amp#20;P@&amp#1;&amp#5;&amp#20;P@&amp#1;&amp#5;&amp#20;P@&amp#1;&amp#5;&amp#20;P@&amp#1;&amp#5;j,`���t&amp#30;�+�#����Z|+&amp#4;�&amp#0;[��ڕ&amp#2;
(��&amp#2;
(��&amp#2;
(��&amp#2;
(��&amp#2;
(��&amp#2;
(��&amp#2;
Ժ���Z'�C&amp#5;&amp#20;P@&amp#1;&amp#5;&amp#20;P@&amp#1;&amp#5;&amp#20;P@&amp#1;&amp#5;&amp#20;P@&amp#1;&amp#5;&amp#20;P@&amp#1;&amp#5;&amp#20;P@&amp#1;&amp#5;&amp#20;P@�
&amp#23;�9s���
��^�&amp#2;
(��&amp#2;
(��&amp#2;
(��&amp#2;
(��&amp#2;
(��&amp#2;
(��&amp#2;
(�@�&amp#11;�v{��ڡ&amp#2;
(��&amp#2;
(��&amp#2;
(��&amp#2;
(��&amp#2;
(��&amp#2;
(��&amp#2;
(�@�&amp#16;pv{���^�&amp#2;
(��&amp#2;
(��&amp#2;
(��&amp#2;
(��&amp#2;
(��&amp#2;
(��&amp#2;
(�@�
&amp#24;n�]O{S@&amp#1;&amp#5;&amp#20;P@&amp#1;&amp#5;&amp#20;P@&amp#1;&amp#5;&amp#20;P@&amp#1;&amp#5;&amp#20;P@&amp#1;&amp#5;&amp#20;P@&amp#1;&amp#5;&amp#20;P@&amp#1;&amp#5;&amp#20;�|�Y�f&amp#25;n����&amp#21;*��&amp#2;
(��&amp#2;
(��&amp#2;
(��&amp#2;
(��&amp#2;
(��&amp#2;
(��&amp#2;
Ԯ@�f�&amp#12;��.��)��&amp#2;
(��&amp#2;
(��&amp#2;
(��&amp#2;
(��&amp#2;
(��&amp#2;
(��&amp#2;
4	&amp#1;��M�6{�
(��&amp#2;
(��&amp#2;
(��&amp#2;
(��&amp#2;
(��&amp#2;
(��&amp#2;
(��&amp#2;�(0s��*&amp#18;��b�v��&amp#2;
(��&amp#2;
(��&amp#2;
(��&amp#2;
(��&amp#2;
(��&amp#2;
(��&amp#2;
(�@�&amp#11;T�2�^��&amp#11;T@&amp#1;&amp#5;&amp#20;P@&amp#1;&amp#5;&amp#20;P@&amp#1;&amp#5;&amp#20;P@&amp#1;&amp#5;&amp#20;P@&amp#1;&amp#5;&amp#20;P@&amp#1;&amp#5;&amp#20;P@&amp#1;&amp#5;&amp#20;�]&amp#1;B�#�۩�)��&amp#2;
(��&amp#2;
(��&amp#2;
(��&amp#2;
(��&amp#2;
(��&amp#2;
(��&amp#2;
(P�&amp#2;��+�&amp#22;{�
(��&amp#2;
(��&amp#2;
(��&amp#2;
(��&amp#2;
(��&amp#2;
(��&amp#2;
(��&amp#2;�,0{v;��r�v��&amp#2;
(��&amp#2;
(��&amp#2;
(��&amp#2;
(��&amp#2;
(��&amp#2;
(��&amp#2;
(�@E&amp#11;�H����+�&amp#22;{q�&amp#16;x�w^z�%��5kv��&amp#7;7o�<�&amp#30;=z����۾}�XcA&amp#1;&amp#5;&amp#20;P@&amp#1;&amp#5;&amp#20;P@&amp#1;&amp#5;&amp#20;P@&amp#1;&amp#5;&amp#20;P@&amp#1;&amp#5;&amp#20;P@&amp#1;&amp#5;&amp#20;P@&amp#1;&amp#5;&amp#20;("М&amp#25;�&amp#30;��p�&amp#2;�+���_�&amp#24;1��&amp#24;x&amp#3;���g�y�)�&�&amp#26;:t�}��&amp#23;���o&amp#12;�_y�&amp#15;=�&amp#16;�G&amp#28;q�v�mWm?6P@&amp#1;&amp#5;&amp#20;P@&amp#1;&amp#5;&amp#20;P@&amp#1;&amp#5;&amp#20;P@&amp#1;&amp#5;&amp#20;P@&amp#1;&amp#5;&amp#20;P@&amp#1;&amp#5;&amp#20;P@&amp#1;&amp#5;�&amp#27;k�M��&amp#5;�~��o��� ��΅&amp#22;Z�x�B{YO!��i��c�&amp#25;n/&amp#4;e�&amp#2;
(��&amp#2;
(��&amp#2;
(��&amp#2;
(��&amp#2;
(��&amp#2;
(��&amp#2;
�&amp#2;U�e&amp#5;��&amp#0;�),��2��{��&amp#17;x������QGe��T@&amp#1;&amp#5;&amp#20;P@&amp#1;&amp#5;&amp#20;P@&amp#1;&amp#5;&amp#20;P@&amp#1;&amp#5;&amp#20;P@&amp#1;&amp#5;&amp#20;P@&amp#1;&amp#5;&amp#20;P@��,@"��L�u����&h\�ޫW/VX�&amp#29;s���f�jN=�T�зj�j�M7ʹ&amp#25;8p�G&amp#31;}��tS&amp#1;&amp#5;&amp#20;P@&amp#1;&amp#5;&amp#20;P@&amp#1;&amp#5;&amp#20;P@&amp#1;&amp#5;&amp#20;P@&amp#1;&amp#5;&amp#20;P@&amp#1;&amp#5;&amp#20;P@&amp#1;&amp#5;��&amp#0;��&amp#27;ko�o��u��~�֭k}̝;w�ׯ_n�cǎ}��s�Q@&amp#1;&amp#5;&amp#20;P@&amp#1;&amp#5;&amp#20;P@&amp#1;&amp#5;&amp#20;P@&amp#1;&amp#5;&amp#20;P@&amp#1;&amp#5;&amp#20;P@&amp#1;&amp#5;&amp#20;P@&amp#1;&amp#5;�K�@E
|���C�&amp#12;&amp#25;:t�	&amp#19;�&amp#21;߳g�&amp#21;W\��$x2�O�8&amp#17;�.]����*&amp#1;��&amp#27;o�1���ݩ�۷o�&amp#14;&amp#29;�.&amp#11;
(��&amp#2;
(��&amp#2;
(��&amp#2;
�?{�&amp#1;'Uu�\v��{�4APQ&amp#16;�Į�&amp#23;H�ѿ&amp#21;�Ϛ&amp#24;KĂ&amp#26;;(�����&amp#16;E���"&amp#8;�(M&amp#4;)�;,,�.�/<z8{���̰mv>�J�s�}N��Yd��s&amp#17;@&amp#0;&amp#1;&amp#4;&amp#16;@&amp#0;&amp#1;&amp#4;&amp#16;@&amp#0;&amp#1;&amp#4;&amp#16;H7��ɧ�5s�� �����Nw��|��&amp#7;&amp#28;p�~���*��s�=�p�B�&amp#28;|���n&amp#31;;v���߿i�&&amp#23;��C&amp#15;�r���I�;
				&amp#8; �&amp#0;&amp#2;&amp#8; �&amp#0;&amp#2;&amp#8; �&amp#0;&amp#2;&amp#8; �&amp#0;&amp#2;&amp#8; �&amp#0;&amp#2;&amp#8; �&amp#0;&amp#2;&amp#8;��&amp#0;��4����%���{&amp#15;>�`�:��x��#�L�:�ϵG��&amp#18;&amp#1;&amp#4;&amp#16;@&amp#0;&amp#1;&amp#4;&amp#16;@&amp#0;&amp#1;&amp#4;&amp#16;@&amp#0;&amp#1;&amp#4;&amp#16;@&amp#0;&amp#1;&amp#4;&amp#16;@&amp#0;&amp#1;&amp#4;&amp#16;@&amp#0;&amp#1;&amp#4;�V@�mgu{�~�)y�V����	L�Z�jU�T�J�}���]���k�zŊ&amp#21;��7�x��&amp#23;Z8���c�ȑ#����;�õ����L&amp#1;&amp#1;&amp#4;&amp#16;@&amp#0;&amp#1;&amp#4;&amp#16;@&amp#0;&amp#1;&amp#4;&amp#16;@&amp#0;&amp#1;&amp#4;&amp#16;@&amp#0;&amp#1;&amp#4;&amp#16;@&amp#0;&amp#1;&amp#4;&amp#16;@&amp#0;&amp#1;&amp#4;�P`��v��B�
ix�\r*
���O��&amp#19;O�袋�~���nU�&amp#31;���뮻N7��T�~��K�7�&amp#16;n&amp#30;�����ָ���+S@&amp#0;&amp#1;&amp#4;&amp#16;@&amp#0;&amp#1;&amp#4;&amp#16;@&amp#0;&amp#1;&amp#4;&amp#16;@&amp#0;&amp#1;&amp#4;&amp#16;@&amp#0;&amp#1;&amp#4;&amp#16;@&amp#0;&amp#1;&amp#4;&amp#16;@&amp#0;&amp#1;&amp#4;2ȵ�C��&amp#2;�e�]·�~��g�y��ڭF+���c&amp#15;w�&amp#2;&amp#2;&amp#8; �&amp#0;&amp#2;&amp#8; �&amp#0;&amp#2;&amp#8; �&amp#0;&amp#2;&amp#8; �&amp#0;&amp#2;&amp#8; �&amp#0;&amp#2;&amp#8; �&amp#0;&amp#2;&amp#8; ���R�l&��&amp#30;KG�jժ���N�_�x��m׮]���&amp#3;����̙3&amp#3;�&amp#28;"�&amp#0;&amp#2;&amp#8; �&amp#0;&amp#2;&amp#8; �&amp#0;&amp#2;&amp#8; �&amp#0;&amp#2;&amp#8; ���ƍ&amp#27;��b�ڵ�@ä;���[�z�zP?Iw�r��'�.y��W�^�t'����t���˗/[�l�ڵ5jԨ��լY�R�[��0:&amp#2;&amp#8; �&amp#0;&amp#2;&amp#8;&amp#20;*@��P"&amp#2;ʐ�[o�&amp#21;�&amp#11;�&amp#11;m�M�4	ϻnݺ�Jj&amp#16;@&amp#0;&amp#1;&amp#4;&amp#16;@&amp#0;&amp#1;&amp#4;&amp#16;@&amp#0;&amp#1;&amp#4;&amp#16;@&amp#0;&amp#1;&amp#4;&amp#16;HN��O?&amp#29;:thvv�UW]u�q�%׉ZM�4�k�iذ���;I��7�|�&amp#5;&amp#11;t��&amp#25;g�QZ�_�dɨQ��[G��&amp#16;q&amp#14;&amp#7;&amp#28;p��&amp#1;&amp#3;�&amp#30;�ג&amp#17;�R�&amp#0;&amp#2;&amp#8; �&amp#0;&amp#2;� @�=&amp#29;>�t����|��v݂&amp#26;��5k�+�A&amp#0;&amp#1;&amp#4;&amp#16;@&amp#0;&amp#1;&amp#4;&amp#16;@&amp#0;&amp#1;&amp#4;&amp#16;@&amp#0;&amp#1;&amp#4;&amp#16;@ Q�-[��&amp#24;1�e���&amp#29;&�U��Zu�_v�7},�a&amp#25;&amp#15;X�r�f��ϔ�l��]��믿�۽{w-�ѧ�4��9st#��&amp#29;��o���&amp#3;&amp#15;�#���n�:M#�v;(nR�G&amp#0;&amp#1;&amp#4;&amp#16;@�8&amp#4;��5��‥��&amp#17;Г�u&amp#11;���CïZ�*<	}IWR�&amp#0;&amp#2;&amp#8; �&amp#0;&amp#2;&amp#8; �&amp#0;&amp#2;&amp#8; �&amp#0;&amp#2;&amp#8; �@B&amp#2;�&amp#22;-���Y�f���S��0:�>�&amp#5;�w�Z���i��&amp#22;-&E�۷o����w�֭��_&amp#30;�t�M��^CW�V�ꫯ�4&amp#26;7n�ǯ��h��)S��&amp#30;=zƌ&amp#25;}��q�%S���{����{�)��&amp#24;&amp#5;&amp#1;&amp#4;&amp#16;@&amp#0;&amp#1;&amp#4;�&amp#19; ݞ�&amp#27;�ʮ�&amp#30;�d��_~�E?���cMZO`*�Sgf&amp#8; �&amp#0;&amp#2;&amp#8; �&amp#0;&amp#2;&amp#8; �&amp#0;&amp#2;&amp#8; �&amp#0;&amp#2;� 0v�X��5S%����>���&amp#23;_,��k���X&amp#23;_��سr�����c�=Jx&amp#14;�7o���K�����.��^{m�gPfff��U�ӳ�M�ֺu�R&amp#25;�A&amp#17;@&amp#0;&amp#1;&amp#4;�&amp#23;&amp#8;���oKd�&amp#16;�b���q%\&amp#5;&amp#2;&�t�&amp#21;�t���|&amp#22;m&amp#15;���&amp#31;�5����vn�`Y�B�&amp#16;�&amp#0;&amp#2;&amp#8; �&amp#0;&amp#2;&amp#8; �&amp#0;&amp#2;&amp#8; �&amp#0;&amp#2;&amp#8; P^&amp#5;���&amp#3;&amp#15;<`��^�z=��s�:u���)���駟���R�\��|�]���&amp#19;OX���+���;"��K�ECk�&amp#4;~&amp#27;Y�&amp#31;&amp#1;�#�&amp#0;&amp#2;�&amp#8;���k���?�~�'��r,@��&amp#28;���Ҵ�ӚH/w��&amp#29;v�+�w�}����&amp#29;�?{&amp#30;y�D��6j���6f�&amp#24;W��&amp#0;&amp#2;&amp#8; �&amp#0;&amp#2;&amp#8; �&amp#0;&amp#2;&amp#8; �&amp#0;&amp#2;&amp#8; ��&amp#2;_|�śo��&amp#11;׾���N�:*k�t�R̜9�X�O�ο��[{^{�~�N<����eD�&amp#28;�cQF��&amp#6;&amp#2;&amp#8; ��&amp#2;/������Ǎ&amp#27;����]7��z����&amp#2;;&amp#23;��50��&amp#17;��_�&amp#26;�b_}��z��锞���{�O*/^������&amp#29;�U�Tѓ�6m�&amp#20;�m��6mڸ�O?���Q����6��ƑG&amp#30;�NQ@&amp#0;&amp#1;&amp#4;&amp#16;@&amp#0;&amp#1;&amp#4;&amp#16;@&amp#0;&amp#1;&amp#4;&amp#16;@&amp#0;&amp#1;&amp#4;&amp#16;H&amp#7;�?��&amp#15;&amp#3;&amp#7;&amp#14;�޽��&amp#7;&amp#30;讷����]��,>q����{Oc)��/�S�X3�\����+�A�ӧO��J�*u�ҥcǎ}���ߞ�0W�~�&amp#11;&amp#23;.<餓jԨ�b�
m&amp#24;��r�
hҤI׮]&amp#15;?�p&amp#21;\��ٳ�8s�k�{5i۶m�v�9�&amp#24;�]L�&amp#5;&amp#27;�����o��&amp#15;?L�4I�K�����u-s��Ոz�\�R[��v��}�}��[�Y~�7,��/��I�0=X]&amp#31;ʜ9s�KH�4OM�e˖��&amp#31;[�j&amp#21;��]����}���`����K@��+XϏoР��H�&amp#26;u�&amp#18;V�:�&amp#14;
~W&amp#3;&amp#6;&amp#12;�ֹ&amp#31;F&amp#25;&amp#1;&amp#4;&amp#16;@��&amp#5;���Q&L�p�u�&amp#29;:T٨�&amp#30;��ˠ��&amp#3;�n/��&amp#11;S�%��/�\w&amp#18;������ʾ&amp#7;���&amp#30;�s����/�&amp#22;f_�Uַ��9�&amp#0;&amp#2;&amp#8; �&amp#0;&amp#2;&amp#8; �&amp#0;&amp#2;&amp#8; �&amp#0;&amp#2;&amp#8; P�&amp#4;���K&amp#2;��g�&amp#3;�v�P+��|�I׃���
&amp#19;Ws��G&amp#7;�횉�wt�d��*&amp#20;&amp#21;�_���ު&amp#27;&amp#5;\sW&amp#24;9r�~��_��Ł��7o�W_}��SO�m���&amp#23;^�N쮭
��+��r�����~��B�6tӦM&amp#3;��)S�hP=&amp#8;U���o���O?���~�_~�����C&amp#15;=���.�]��6vy����}��b���?�h�"vp���&amp#22;-�G&amp#19;~l�Qhю������u�v]�,t�7�x����԰aC�X0x�`7�����;TA&amp#25;}��>&amp#8;e&amp#4;&amp#16;@�T&amp#4;&amp#30;��&amp#23;_|QCW�XQ[�(!��7�\}��w�}�n�*�)1h)
�&amp#27;&amp#11;��R�g�&amp#4;233&amp#11;��c��sĈ&amp#17;&amp#15;=��}u��J��~U�t��&amp#27;�*��&amp#31;������%&amp#30;{�1����'�%޵��&amp#0;&amp#2;&amp#8; �&amp#0;&amp#2;&amp#8; �&amp#0;&amp#2;&amp#8; �&amp#0;&amp#2;&amp#8; �@�&amp#2;Z@o&amp#15;:Զ�Z�%�Z[��*�&amp#27;���}�t�M��W&�w��J'ko[mK����+&amp#19;�<�R�JQ�N��;Ｃ�&amp#29;U�u�={�TNW�w�)W^Ym�bO&amp#25;�iӦY���SO�&amp#6;�͛7����Wb��k��N�Z��w�+e]���&amp#12;�R&amp#23;�&amp#6;Ҋv��&amp#11;ג&amp#24;MU��~��G����[n�&amp#20;-(��SN9%�V�H˵�o�������&amp#26;7n��9�$@�#h�ʸ7k����Æ&amp#27;,׮��&amp#22;&amp#5;�~@&amp#31;������Mݵ�`�O0v�Xur��g�m�ـH&amp#25;&amp#1;&amp#4;&amp#16;@��&amp#5;&amp#30;~�a�լq����	�&amp#29;cZ&amp#5;�;��'�UW]u�=�T�^��gň�+@��t�&amp#25;�p&amp#1;�j�W�q^����;���@���wn}&amp#17;׿��=�ɋ�^Ԟ&amp#31;�&amp#26;wX�V-�����m�[�nտ%u���ͅQ@&amp#0;&amp#1;&amp#4;&amp#16;@&amp#0;&amp#1;&amp#4;&amp#16;@&amp#0;&amp#1;&amp#4;&amp#16;@&amp#0;&amp#1;&amp#4;&amp#16;@�&amp#8;&amp#5;��{�ԡ2�J��&amp#17;�G&amp#28;qD��&amp#31;x�&amp#1;姕�U��_e�&amp#4;�A&amp#7;&amp#29;t��7O�<YϛW�>��;%��m;u�&amp#28;���k&amp#2;���F�oƔZP����ź3���S�Xy�+��ҝ�ł&amp#22;֫��&amp#15;>XCkE��M;�kD-���('�Ĺp��؅&amp#31;�Q&amp#1;��]�-@�l�&amp#18;�&amp#14;&amp#29;:h��?&amp#20;O�&amp#3;&amp#0;&amp#0;@&amp#0;IDAT�>/m�/&amp#31;%㕌&amp#17;]`�&amp#1;&amp#11;~��GUP*]�WWV�H�S�}&amp#12;�4�0&amp#17;�C�G��&amp#0;&amp#2;&amp#8; P�&amp#2;۶m�߶���5�����;�7��Æ��+�p&amp#16;=4D&amp#5;��]���&amp#12;��)�&amp#8;&amp#11;|����&amp#12;&amp#2;I&amp#11;h���������&amp#29;�7c���E����'FC&amp#4;&amp#16;@&amp#0;&amp#1;&amp#4;&amp#16;@&amp#0;&amp#1;&amp#4;&amp#16;@&amp#0;&amp#1;&amp#4;&amp#16;@&amp#0;&amp#1;&amp#4;�P@+�m�u���\���)C�&amp#12;Q9;;�?��O�q�&amp#5;z��2��3�/��R�&amp#24;v�(&amp#23;n��&amp#3;;D���&amp#11;�I�p�~��uu���Lƌ&amp#25;�*&amp#11;-�&amp#0;���~�&amp#26;=�k���B����WY�����&amp#24;�&amp#25;>|�˵�&amp#8;�&amp#20;&amp#2;&amp#8; �@&amp#25;&amp#17;P�]+�-�^�j���_�k��t&amp#11;�2��ڵSY&amp#15;8V��vY.#3g&amp#26;�-����ōL�&amp#8; �&amp#0;&amp#2;&amp#8; �&amp#0;&amp#2;&amp#8; �&amp#0;&amp#2;&amp#8; �&amp#0;&amp#2;&amp#8; �@1
�!��]+׵�:�0Zfw����K/�&amp#20;1@�ڂ>⩽���굲����&amp#15;�۷�&amp#14;��߼y�_���&amp#11;.� ��G�S��ۄ�'e��X�]ۿ��$�H����jɒ%�ڞv�i���>Z��#�&amp#0;&amp#2;&amp#8;&amp#20;��vS�sU�}�]��]���&amp#30;=z�c�ΰ&amp#7;&amp#31;|P&amp#27;��R�qѾ,�V��&amp#3;(�c&amp#1;}'!�^�?_.&amp#1;&amp#4;&amp#16;@&amp#0;&amp#1;&amp#4;&amp#16;@&amp#0;&amp#1;&amp#4;&amp#16;@&amp#0;&amp#1;&amp#4;&amp#16;@&amp#0;&amp#1;&amp#4;ʹ��&amp#21;+&M����#�c\�!�&amp#28;��ʈ�_�>&amp#28;�<z�g�V�X�֗k&amp#25;�~�&amp#28;n�&amp#26;�&amp#0;}ٲe&amp#17;&amp#3;���߿��M�4�Ym�&amp#27;#&p���ڤ=P_��Z��&amp#14;c��w���E;[zC&amp#0;&amp#1;&amp#4;&amp#16;�-���w뭷~��&amp#7;
�Y����߯&amp#7;���h/&amp#25;e�m�y��i?&amp#24;�K'&amp#28;IM�&amp#19; �^�>S�&amp#8;&amp#1;&amp#4;&amp#16;@&amp#0;&amp#1;&amp#4;&amp#16;@&amp#0;&amp#1;&amp#4;&amp#16;@&amp#0;&amp#1;&amp#4;&amp#16;@&amp#0;&amp#1;&amp#4;�E��u�P�&amp#24;�ܨQ#;�t��p�;&amp#27;>�&amp#26;�&amp#16;�&amp#30;#FOu����u�"��D���і�[o���W!�����WM�8Ib>�7�&amp#19;�&amp#21;�iӦ�M&amp#4;U�^����D&amp#0;&amp#1;&amp#4;&amp#16;(k&amp#2;���zP��&amp#31;��YB=�P&amp#21;7�&amp#26;5jh���{&amp#5;&amp#11;&amp#22;(�&amp#30;��\&amp#23;O�|&amp#8;h�,m(&amp#31;���q�\&amp#5;&amp#2;&amp#8; �&amp#0;&amp#2;&amp#8; �&amp#0;&amp#2;&amp#8; �&amp#0;&amp#2;&amp#8; �&amp#0;&amp#2;&amp#8; P^&amp#5;&amp#22;/^l���k�F��ÉyK]�n&amp#30;#ݮ�zly�扞�5�1Z%1��ڮ�|B&amp#25;�&amp#24;&amp#19;�)m&amp#21;�T��rrr�nݺe˖o��F���ֽX���=[�"�&amp#0;&amp#2;&amp#8;$$���x�_|�Z�N)�ko۶m�&amp#30;�U̽��{�u�M�2E�&amp#12;&amp#30;<���&amp#30;�sFb��lJ&amp#11;�C��)�	2y&amp#4;&amp#16;@&amp#0;&amp#1;&amp#4;&amp#16;@&amp#0;&amp#1;&amp#4;&amp#16;@&amp#0;&amp#1;&amp#4;&amp#16;@&amp#0;&amp#1;&amp#4;&amp#16;Hk&amp#1;�<������~��0�&amp#27;|����R��+�@�8�nn��/\�p&amp#23;�/�1cƼ��Z�&amp#24;�+�s�x�q��&amp#17;�D&amp#0;&amp#1;&amp#4;&amp#16;(k&amp#2;�����׬�m�r�g+�&amp#25;�˻���믟8qb�Z���|<��I]&amp#1;�����{�^&amp#0;3G&amp#0;&amp#1;&amp#4;&amp#16;@&amp#0;&amp#1;&amp#4;&amp#16;@&amp#0;&amp#1;&amp#4;&amp#16;@&amp#0;&amp#1;&amp#4;&amp#16;@&amp#0;&amp#1;&amp#4;�Y`�ڵv�&amp#7;&amp#31;|p<&amp#14;͛7&amp#15;��޶=&amp#28;_&amp#2;5�1%���s����'L�����]&amp#11;={��S��R2F�����k�M�<9�&amp#16;�q]�Ƣ&amp#30;&amp#1;&amp#4;&amp#16;@`W&amp#4;�_W�����&amp#26;2dHĿ=�u^�r�;�sĈ&amp#17;g�y�v��&amp#22;F}�&amp#17;(�&amp#29;~ʍ&amp#11;&amp#23;�&amp#0;&amp#2;&amp#8; �&amp#0;&amp#2;&amp#8; �&amp#0;&amp#2;&amp#8; �&amp#0;&amp#2;&amp#8; �&amp#0;&amp#2;&amp#8;�}&amp#1;��k׮�&amp#1;��ٖ�&amp#12;m�ze�W�Z��&amp#3;Կ��k��FWѲe˳�:�_�~ժU&amp#11;\ԤI��n���| �C&amp#4;&amp#16;@&amp#0;��,бc�'�|2��W�X��.+˗�܊J@��3�����~&amp#16;@&amp#0;&amp#1;&amp#4;&amp#16;@&amp#0;&amp#1;&amp#4;&amp#16;@&amp#0;&amp#1;&amp#4;&amp#16;@&amp#0;&amp#1;&amp#4;&amp#16;@&amp#0;&amp#1;&amp#4;JR�HVl��Kq,�&amp#15;�&amp#22;�'7�aÆ��r�Ç&amp#15;?��¹v�]�d�ޣm&�ܸ�B&amp#0;&amp#1;&amp#4;&amp#16;(-�$r�5U�-&amp#21;&amp#1;m$��U*c3(&amp#2;&amp#8; �&amp#0;&amp#2;&amp#8; �&amp#0;&amp#2;&amp#8; �&amp#0;&amp#2;&amp#8; �&amp#0;&amp#2;&amp#8; ��.
�&amp#21;�nW�]�&amp#28;7׭	&amp#3;&amp#6;&amp#12;�&amp#5;����K�.M�J׭[7k�,����&amp#11;b<���N�g�&amp#17;@&amp#0;&amp#1;&amp#4;&amp#16;@ u&amp#5;2��.u?<f�&amp#0;&amp#2;&amp#8; �&amp#0;&amp#2;&amp#8; �&amp#0;&amp#2;&amp#8; �&amp#0;&amp#2;&amp#8; �&amp#0;&amp#2;�[��K���D�̦M�کw�y'Z&amp#12;�N���Ϸ��>�*�,�&amp#12;���&amp#30;���ի���hg&amp#19;�ߴiSB�&amp#4;#�&amp#0;&amp#2;&amp#8; �@�&amp#8;d�&amp#7;B��3(&amp#2;&amp#8; �&amp#0;&amp#2;&amp#8; �&amp#0;&amp#2;&amp#8; �&amp#0;&amp#2;&amp#8; �&amp#0;&amp#2;&amp#8; P��=b|����"����A�t��'�`�{4%W�&amp#5;��5r�Hݠ��j�Z�jY?[�lq&amp#29;&amp#6;
�<�H�&�C[:o��'ќ&&amp#8; �&amp#0;&amp#2;&amp#8; P�&amp#2;�$_�ڌ�&amp#0;&amp#2;&amp#8; �&amp#0;&amp#2;&amp#8; �&amp#0;&amp#2;&amp#8; �&amp#0;&amp#2;&amp#8; �&amp#0;&amp#2;&amp#8;$ иqcE���yyyњ�q�&amp#25;�&amp#16;�;�S&amp#27;�G&amp#11;��&amp#4;N?�t��{n�����QhԨ��0v�؈�&amp#31;��&amp#31;~&amp#24;�TB�&amp#27;6T�?~B	F&amp#0;&amp#1;&amp#4;&amp#16;@&amp#0;�&amp#18;&amp#22;Э{&amp#25;���%<*�!�&amp#0;&amp#2;&amp#8; �&amp#0;&amp#2;&amp#8; �&amp#0;&amp#2;&amp#8; �&amp#0;&amp#2;&amp#8; �&amp#0;&amp#2;&amp#8;�#еkW�)���&amp#11;/D[�]�f�K.�Da�ǏW�}	[�n�;߼y�_~�첞Y�קgY��&amp#31;~�a[A��g��y�o����i�֯_����9s�h&amp#17;��ٳ�^;�&amp#30;w�q*?��3Z&amp#25;��&amp#0;�&amp#15;�&amp#29;/��g�}�~�(�n��n&amp#8;&amp#24;1b�>�$z�	&amp#2;&amp#8; �&amp#0;&amp#2;&amp#8;����&amp#30;dٳJf<FA&amp#0;&amp#1;&amp#4;&amp#16;@&amp#0;&amp#1;&amp#4;&amp#16;@&amp#0;&amp#1;&amp#4;&amp#16;@&amp#0;&amp#1;&amp#4;&amp#16;@&amp#0;&amp#1;&amp#4;&amp#16;�_@���������z��?��V�Zi&amp#1;ղeˎ<��SO=��s�1�ԯ_Ȑ!zv�5�\��6m�(X�ڕ+W*ml�
sMҹо}��&amp#31;�����]&amp#8;&amp#18;���{MC9x����$�=�}���&amp#29;:t��&amp#11;/���/�Pr]�.<��S
���]�p�:Q�r�C�&amp#14;]�jդI�v��jժg�u�r�b���&amp#26;�J�*�&amp#28;��^9�]陶&amp#8; �&amp#0;&amp#2;&amp#8; P�&amp#2;YE�#&amp#29;������&amp#29;�z��>W]�W*L��g�"�9&amp#2;&amp#8; �&amp#0;&amp#2;&amp#8; �&amp#0;&amp#2;&amp#8; �&amp#0;&amp#2;&amp#8; P�&amp#2;�*URo&amp#21;+Vܕ>333ct���Dp-�^��e&amp#3;Y~�&amp#31;�o߾����c�=���&amp#15;����&amp#2;:v�8`���&amp#14;:��X�fn&amp#19;&amp#8;�r�v��c�&amp#15;V|VV&amp#2;�p�6��&amp#23;ڕ&amp#5;�*p7��&amp#11;ڥ����2eʨQ���=;;[m���*�ޫW/�`�z�^����>��&amp#6;D�&amp#7;+�Hm-��&amp#30;f̘�����.&amp#27;H�Rh��V�k&amp#20;}�V&amp#25;ش�*yG&amp#0;&amp#1;&amp#4;&amp#16;@&amp#0;�R&amp#20;؞'��^)N��SW`����&amp#26;ڤI���Ԧ�&amp#23;���d�&amp#18;yv�ܹ���[&amp#4;&amp#16;@&amp#0;&amp#1;&amp#4;&amp#16;@&amp#0;&amp#1;&amp#4;&amp#16;@&amp#0;&amp#1;&amp#4;&amp#16;@ q�ع�&amp#2;����ܒ��c8&amp#27;Q@�&amp#23;-Z���J�6mڴv��&amp#17;ìR�z���&amp#27;�#�S����z�&amp#17;�槴-�~)�f�&amp#26;=�]+a�S�Q����g�G�ٲe��,^�X�&amp#25;���j&amp#18;1l&amp#23;+�9�&amp#22;�k �G&amp#31;z�&amp#6;X����4G&amp#0;&amp#1;&amp#4;&amp#16;�G ��_�}c�g�e$F�&amp#14;�n/#�EJNc�ҥ�(�r��͚5�{ޮ���EߞsrrZ�h��kw�Cz@&amp#0;&amp#1;&amp#4;&amp#16;@&amp#0;&amp#1;&amp#4;&amp#16;@&amp#0;&amp#1;&amp#4;&amp#16;@&amp#0;&amp#1;&amp#4;�H��~yJ���>&amp#17;�A&amp#0;&amp#1;&amp#4;&amp#16;@&amp#0;&amp#1;&amp#4;�K�t{B�&amp#25;	E&amp#19;��/�����)=�$��K��&amp#18;|��ʢ&amp#19;���EJ�=!=�&amp#17;@&amp#0;&amp#1;&amp#4;&amp#16;@&amp#0;&amp#1;&amp#4;&amp#16;@&amp#0;&amp#1;&amp#4;&amp#16;@&amp#0;&amp#1;&amp#4;&amp#16;@&amp#0;&amp#1;&amp#4;&amp#16;@&amp#0;&amp#1;&amp#4;&amp#16;(y&amp#1;��*l_�΃�K޾���\��?��]�E�y*�ޮ];m&amp#24;PT&amp#29;�&amp#15;&amp#2;&amp#8; �&amp#0;&amp#2;&amp#8; �&amp#0;&amp#2;&amp#8; �&amp#0;&amp#2;&amp#8; P&amp#20;&amp#2;�n/
E�@&amp#0;&amp#1;&amp#4;&amp#16;@&amp#0;&amp#1;&amp#4;RA����J���H�ߋ�h&amp#2;�U^O�ڴi&amp#19;?Nшb�떗�U�֫W�u�8�&amp#0;&amp#2;&amp#8; �&amp#0;&amp#2;&amp#8; �&amp#0;&amp#2;&amp#8; �&amp#0;&amp#2;�$@����&amp#25;&amp#22;&amp#1;&amp#4;&amp#16;@&amp#0;&amp#1;&amp#4;&amp#16;(q&amp#1;��	��nO��`&amp#4;&amp#16;@&amp#0;&amp#1;&amp#4;&amp#16;@&amp#0;&amp#1;&amp#4;&amp#16;@&amp#0;&amp#1;&amp#4;&amp#16;@&amp#0;&amp#1;&amp#4;�P�t{&amp#26;~�\2&amp#2;&amp#8; �&amp#0;&amp#2;&amp#8;��&amp#0;���>x�ݞ&amp#16;&amp#23;�&amp#8; �&amp#0;&amp#2;&amp#8; �&amp#0;&amp#2;&amp#8; �&amp#0;&amp#2;&amp#8; �&amp#0;&amp#2;&amp#8; �&amp#0;&amp#2;&amp#8; �&amp#0;&amp#2;&amp#8; �&amp#0;&amp#2;&amp#8;l&amp#23; ���&amp#1;&amp#2;&amp#8; �&amp#0;&amp#2;&amp#8; �&amp#0;&amp#2;&amp#8; �&amp#0;&amp#2;&amp#8; �&amp#0;&amp#2;&amp#8; �&amp#0;&amp#2;&amp#8; �&amp#0;&amp#2;&amp#8; �&amp#0;&amp#2;�	�Aۤ�&amp#19;##&amp#26;&amp#1;&amp#4;&amp#16;@&amp#0;&amp#1;&amp#4;&amp#16;@&amp#0;&amp#1;&amp#4;&amp#16;@&amp#0;&amp#1;&amp#4;&amp#16;@&amp#0;&amp#1;&amp#4;&amp#16;@&amp#0;&amp#1;&amp#4;&amp#16;@&amp#0;&amp#1;&amp#4;&amp#16;@&amp#0;&amp#1;���&amp#12; �&amp#0;&amp#2;&amp#8; �&amp#0;&amp#2;&amp#8; �&amp#0;&amp#2;&amp#8; �&amp#0;&amp#2;&amp#8; �&amp#0;&amp#2;&amp#8; �&amp#0;&amp#2;&amp#8; �&amp#0;&amp#2;&amp#8; ��@�^	7�&amp#1;&amp#2;&amp#8; �&amp#0;&amp#2;&amp#8; �&amp#0;&amp#2;&amp#8; �&amp#0;&amp#2;&amp#8; �&amp#0;&amp#2;&amp#8; �&amp#0;&amp#2;&amp#8; �&amp#0;&amp#2;&amp#8; �&amp#0;&amp#2;i/@�=�&amp#4;&amp#0;@&amp#0;&amp#1;&amp#4;&amp#16;@&amp#0;&amp#1;&amp#4;&amp#16;@&amp#0;&amp#1;&amp#4;&amp#16;@&amp#0;&amp#1;&amp#4;&amp#16;@&amp#0;&amp#1;&amp#4;&amp#16;@&amp#0;&amp#1;&amp#4;&amp#16;@&amp#0;&amp#1;&amp#4;&amp#16;H\�t{�f�@&amp#0;&amp#1;&amp#4;&amp#16;@&amp#0;&amp#1;&amp#4;&amp#16;@&amp#0;&amp#1;&amp#4;&amp#16;@&amp#0;&amp#1;&amp#4;&amp#16;@&amp#0;&amp#1;&amp#4;&amp#16;@&amp#0;&amp#1;&amp#4;&amp#16;@&amp#0;&amp#1;&amp#4;&amp#16;Ho���|����#��#�&amp#0;&amp#2;&amp#8; �&amp#0;&amp#2;&amp#8; �&amp#0;&amp#2;&amp#8; �&amp#0;&amp#2;&amp#8; �&amp#0;&amp#2;&amp#8; �&amp#0;&amp#2;&amp#8; �&amp#0;&amp#2;&amp#8;$.���&amp#19;7�&amp#5;&amp#2;&amp#8; �&amp#0;&amp#2;&amp#8; �&amp#0;&amp#2;&amp#8; �&amp#0;&amp#2;&amp#8; �&amp#0;&amp#2;&amp#8; �&amp#0;&amp#2;&amp#8; �&amp#0;&amp#2;&amp#8; �&amp#0;&amp#2;����v~
&amp#16;@&amp#0;&amp#1;&amp#4;&amp#16;@&amp#0;&amp#1;&amp#4;&amp#16;@&amp#0;&amp#1;&amp#4;&amp#16;@&amp#0;&amp#1;&amp#4;&amp#16;@&amp#0;&amp#1;&amp#4;&amp#16;@&amp#0;&amp#1;&amp#4;&amp#16;@&amp#0;&amp#1;&amp#4;&amp#16;HX�t{�d4@&amp#0;&amp#1;&amp#4;&amp#16;@&amp#0;&amp#1;&amp#4;&amp#16;@&amp#0;&amp#1;&amp#4;&amp#16;@&amp#0;&amp#1;&amp#4;&amp#16;@&amp#0;&amp#1;&amp#4;&amp#16;@&amp#0;&amp#1;&amp#4;&amp#16;@&amp#0;&amp#1;&amp#4;&amp#16;Hs�m۶�nO�&amp#1;.&amp#31;&amp#1;&amp#4;&amp#16;@&amp#0;&amp#1;&amp#4;&amp#16;@&amp#0;&amp#1;&amp#4;&amp#16;@&amp#0;&amp#1;&amp#4;&amp#16;@&amp#0;&amp#1;&amp#4;&amp#16;@&amp#0;&amp#1;&amp#4;&amp#16;@&amp#0;&amp#1;&amp#4;&amp#16;@ a�
&amp#21;*�nOX�&amp#6;&amp#8; �&amp#0;&amp#2;&amp#8; �&amp#0;&amp#2;&amp#8; �&amp#0;&amp#2;&amp#8; �&amp#0;&amp#2;&amp#8; �&amp#0;&amp#2;&amp#8; �&amp#0;&amp#2;&amp#8; �&amp#0;&amp#2;&amp#8;�n�g&amp#0;&amp#1;&amp#4;&amp#16;@&amp#0;&amp#1;&amp#4;&amp#16;@&amp#0;&amp#1;&amp#4;&amp#16;@&amp#0;&amp#1;&amp#4;&amp#16;@&amp#0;&amp#1;&amp#4;&amp#16;@&amp#0;&amp#1;&amp#4;&amp#16;@&amp#0;&amp#1;&amp#4;&amp#16;@&amp#0;��&amp#4;���3��|b��F&amp#0;&amp#1;&amp#4;&amp#16;@&amp#0;&amp#1;&amp#4;&amp#16;@&amp#0;&amp#1;&amp#4;&amp#16;@&amp#0;&amp#1;&amp#4;&amp#16;@&amp#0;&amp#1;&amp#4;&amp#16;@&amp#0;&amp#1;&amp#4;&amp#16;@&amp#0;&amp#1;&amp#4;&amp#16;@ �&amp#5;2�"ݞ�?&amp#3;\=&amp#2;&amp#8; �&amp#0;&amp#2;&amp#8; �&amp#0;&amp#2;&amp#8; �&amp#0;&amp#2;&amp#8; �&amp#0;&amp#2;&amp#8; �&amp#0;&amp#2;&amp#8; �&amp#0;&amp#2;&amp#8; �@�&amp#2;J�oϸ'܎&amp#6;&amp#8; �&amp#0;&amp#2;&amp#8; �&amp#0;&amp#2;&amp#8; �&amp#0;&amp#2;&amp#8; �&amp#0;&amp#2;&amp#8; �&amp#0;&amp#2;&amp#8; �&amp#0;&amp#2;&amp#8; �&amp#0;&amp#2;&amp#8;��&amp#0;������z&amp#4;&amp#16;@&amp#0;&amp#1;&amp#4;&amp#16;@&amp#0;&amp#1;&amp#4;&amp#16;@&amp#0;&amp#1;&amp#4;&amp#16;@&amp#0;&amp#1;&amp#4;&amp#16;@&amp#0;&amp#1;&amp#4;&amp#16;@&amp#0;&amp#1;&amp#4;&amp#16;@&amp#0;��&amp#5;��n���&amp#19;oH&amp#11;&amp#4;&amp#16;@&amp#0;&amp#1;&amp#4;&amp#16;@&amp#0;&amp#1;&amp#4;&amp#16;@&amp#0;&amp#1;&amp#4;&amp#16;@&amp#0;&amp#1;&amp#4;&amp#16;@&amp#0;&amp#1;&amp#4;&amp#16;@&amp#0;&amp#1;&amp#4;&amp#16;@&amp#0;&amp#1;&amp#4;�W`�N�z�/&amp#0;W�&amp#0;&amp#2;&amp#8; �&amp#0;&amp#2;&amp#8; �&amp#0;&amp#2;&amp#8; �&amp#0;&amp#2;&amp#8; �&amp#0;&amp#2;&amp#8; �&amp#0;&amp#2;&amp#8; �&amp#0;&amp#2;&amp#8; �@R&amp#2;&amp#25;Z�TC&amp#26;!�&amp#0;&amp#2;&amp#8; �&amp#0;&amp#2;&amp#8; �&amp#0;&amp#2;&amp#8; �&amp#0;&amp#2;&amp#8; �&amp#0;&amp#2;&amp#8; �&amp#0;&amp#2;&amp#8; �&amp#0;&amp#2;&amp#8; ��&amp#2;&amp#25;&amp#21;*TH߫��&amp#17;@&amp#0;&amp#1;&amp#4;&amp#16;@&amp#0;&amp#1;&amp#4;&amp#16;@&amp#0;&amp#1;&amp#4;&amp#16;@&amp#0;&amp#1;&amp#4;&amp#16;@&amp#0;&amp#1;&amp#4;&amp#16;@&amp#0;&amp#1;&amp#4;&amp#16;@&amp#0;&amp#1;&amp#4;&amp#16;HJ���b�&amp#17;&amp#2;&amp#8; �&amp#0;&amp#2;&amp#8; �&amp#0;&amp#2;&amp#8; �&amp#0;&amp#2;&amp#8; �&amp#0;&amp#2;&amp#8; �&amp#0;&amp#2;&amp#8; �&amp#0;&amp#2;&amp#8; �@&amp#26;&amp#11;h#�����4&amp#22;��&amp#17;@&amp#0;&amp#1;&amp#4;&amp#16;@&amp#0;&amp#1;&amp#4;&amp#16;@&amp#0;&amp#1;&amp#4;&amp#16;@&amp#0;&amp#1;&amp#4;&amp#16;@&amp#0;&amp#1;&amp#4;&amp#16;@&amp#0;&amp#1;&amp#4;&amp#16;@&amp#0;&amp#1;&amp#4;&amp#16;HX@&amp#27;�ged��=a8&amp#26; �&amp#0;&amp#2;&amp#8; �&amp#0;&amp#2;&amp#8; �&amp#0;&amp#2;&amp#8; �&amp#0;&amp#2;&amp#8; �@�&amp#8;L�>=M���D&amp#0;&amp#1;&amp#4;&amp#16;@&amp#0;�"&amp#23;�ܹs��I�eJ�\{��8�&amp#12;&amp#2;&amp#8; �&amp#0;&amp#2;&amp#8; �&amp#0;&amp#2;&amp#8; �&amp#0;&amp#2;&amp#8; �&amp#0;&amp#2;&amp#8; �&amp#0;&amp#2;&amp#8; �&amp#0;&amp#2;&amp#8; �@
&amp#8;h3�
�
̔)"�&amp#0;&amp#2;&amp#8; �&amp#0;&amp#2;&amp#8; �&amp#0;&amp#2;&amp#8; �&amp#0;&amp#2;&amp#8; �@�	T�9�֘g&amp#11;����.p�&amp#1;&amp#2;&amp#8; �&amp#0;&amp#2;&amp#8; �@&amp#25;&amp#19;�V�ZR3*�o�I�^:���vV��&amp#14;=�"�&amp#0;&amp#2;&amp#8; �&amp#0;&amp#2;&amp#8; �&amp#0;&amp#2;&amp#8; �&amp#0;&amp#2;&amp#8; �&amp#0;&amp#2;&amp#8; �&amp#0;&amp#2;&amp#8; �&amp#0;&amp#2;&amp#8;�����N�=u?>f�&amp#0;&amp#2;&amp#8; �&amp#0;&amp#2;&amp#8; �&amp#0;&amp#2;&amp#8; �&amp#0;&amp#2;&amp#8; �&amp#0;&amp#2;&amp#8; �&amp#0;&amp#2;&amp#8; �&amp#0;&amp#2;&amp#8; P:&amp#2;�H>���KǞQ&amp#17;@&amp#0;&amp#1;&amp#4;&amp#16;@&amp#0;&amp#1;&amp#4;&amp#16;@&amp#0;&amp#1;&amp#4;&amp#16;@&amp#0;&amp#1;&amp#4;&amp#16;@&amp#0;&amp#1;&amp#4;&amp#16;@&amp#0;&amp#1;&amp#4;&amp#16;@&amp#0;&amp#1;&amp#4;RY �B�
�<�&amp#0;&amp#2;&amp#8; �&amp#0;&amp#2;&amp#8; �&amp#0;&amp#2;&amp#8; �&amp#0;&amp#2;&amp#8; �&amp#0;&amp#2;&amp#8; �&amp#0;&amp#2;&amp#8; �&amp#0;&amp#2;&amp#8; �@I&amp#11;(��f�%��x&amp#8; �&amp#0;&amp#2;&amp#8; �&amp#0;&amp#2;&amp#8; �&amp#0;&amp#2;&amp#8; �&amp#0;&amp#2;&amp#8; �&amp#0;&amp#2;&amp#8; �&amp#0;&amp#2;&amp#8; �&amp#0;&amp#2;�@�t{9�&amp#16;�&amp#4;&amp#4;&amp#16;@&amp#0;&amp#1;&amp#4;&amp#16;@&amp#0;&amp#1;&amp#4;&amp#16;@&amp#0;&amp#1;&amp#4;&amp#16;@&amp#0;&amp#1;&amp#4;&amp#16;@&amp#0;&amp#1;&amp#4;&amp#16;@&amp#0;&amp#1;&amp#4;&amp#16;@&amp#0;��&amp#22; �^�⌇&amp#0;&amp#2;&amp#8; �&amp#0;&amp#2;&amp#8; �&amp#0;&amp#2;&amp#8; �&amp#0;&amp#2;&amp#8; �&amp#0;&amp#2;&amp#8; �&amp#0;&amp#2;&amp#8; �&amp#0;&amp#2;&amp#8; ��&amp#2;۶m#ݞ�&amp#31;"�G&amp#0;&amp#1;&amp#4;&amp#16;@&amp#0;&amp#1;&amp#4;&amp#16;@&amp#0;&amp#1;&amp#4;&amp#16;@&amp#0;&amp#1;&amp#4;&amp#16;@&amp#0;&amp#1;&amp#4;&amp#16;@&amp#0;&amp#1;&amp#4;&amp#16;@&amp#0;&amp#1;&amp#4;&amp#16;(i&amp#1;��%-�x&amp#8; �&amp#0;&amp#2;&amp#8; �&amp#0;&amp#2;&amp#8; �&amp#0;&amp#2;&amp#8; �&amp#0;&amp#2;&amp#8; �&amp#0;&amp#2;&amp#8; �&amp#0;&amp#2;&amp#8; �&amp#0;&amp#2;�@ C�rp&amp#25;\&amp#2;&amp#2;&amp#8; �&amp#0;&amp#2;&amp#8; �&amp#0;&amp#2;&amp#8; �&amp#0;&amp#2;&amp#8; �&amp#0;&amp#2;&amp#8; �&amp#0;&amp#2;&amp#8; �&amp#0;&amp#2;&amp#8; �&amp#0;&amp#2;%,@����&amp#25;&amp#14;&amp#1;&amp#4;&amp#16;@&amp#0;&amp#1;&amp#4;&amp#16;@&amp#0;&amp#1;&amp#4;&amp#16;@&amp#0;&amp#1;&amp#4;&amp#16;@&amp#0;&amp#1;&amp#4;&amp#16;@&amp#0;&amp#1;&amp#4;&amp#16;@&amp#0;&amp#1;&amp#4;&amp#16;@�<&amp#8;�n/&amp#15;�"׀&amp#0;&amp#2;&amp#8; �&amp#0;&amp#2;&amp#8; �&amp#0;&amp#2;&amp#8; �&amp#0;&amp#2;&amp#8; �&amp#0;&amp#2;&amp#8; �&amp#0;&amp#2;&amp#8; �&amp#0;&amp#2;&amp#8; P�&amp#2;���Y%9&amp#30;c!�&amp#0;&amp#2;&amp#8; �&amp#0;&amp#2;&amp#8; �&amp#0;&amp#2;&amp#8; �&amp#0;&amp#2;�
��l��߯��d�ּm�&amp#6;&amp#19;�@�&amp#8;T̬йI���lpQ�&amp#22;�s�\)&amp#2;&amp#8; �&amp#0;&amp#2;&amp#8; �&amp#0;&amp#2;eV@�n��m&amp#27;��Zf? &�&amp#0;&amp#2;&amp#8; �&amp#0;&amp#2;&amp#8; �&amp#0;&amp#2;&amp#8; �@z	��j�&amp#5;��1uц��l�&amp#22;�&amp#4;&amp#5;�7��؟;��W%�v�&amp#18;^1f�1�&amp#22;8���]��&amp#3;&amp#4;&amp#16;@&amp#0;&amp#1;&amp#4;&amp#16;@&amp#0;�2&P�Z��fTd�&amp#24;�&amp#26;��&amp#26;��|��30&amp#2;&amp#8; �&amp#0;&amp#2;&amp#8; �&amp#0;&amp#2;&amp#8; �&amp#0;&amp#2;&amp#8;&amp#4;&amp#4;ȵ&amp#7;@8D ��nI�&amp#31;����D&amp#0;&amp#1;&amp#4;&amp#16;@&amp#0;&amp#1;&amp#4;&amp#16;@&amp#0;��&amp#20; �^�ڌ�&amp#0;&amp#2;&amp#8; �&amp#0;&amp#2;&amp#8; �&amp#0;&amp#2;&amp#8; �&amp#0;&amp#2;Q&amp#5;��<�ڣ�p&amp#2;��&amp#2;�â?2&amp#5;�8B&amp#0;&amp#1;&amp#4;&amp#16;@&amp#0;&amp#1;&amp#4;&amp#16;@&amp#0;�&amp#18;&amp#21;�F��KT��&amp#16;@&amp#0;&amp#1;&amp#4;&amp#16;@&amp#0;&amp#1;&amp#4;&amp#16;@&amp#0;&amp#1;&amp#4;&amp#16;@ ����&amp#30;�&amp#20;�&amp#8; &amp#16;&amp#22;��L؄&amp#26;&amp#4;&amp#16;@&amp#0;&amp#1;&amp#4;&amp#16;@&amp#0;&amp#1;&amp#4;JR�B�
��K&amp#18;��&amp#16;@&amp#0;&amp#1;&amp#4;&amp#16;@&amp#0;&amp#1;&amp#4;&amp#16;@&amp#0;&amp#1;&amp#4;&amp#16;@ ���%&amp#27;���&amp#4;&amp#2;&amp#8;�&amp#4;�#&amp#19;"�&amp#2;&amp#1;&amp#4;&amp#16;@&amp#0;&amp#1;&amp#4;&amp#16;@&amp#0;��&amp#22; �^�⌇&amp#0;&amp#2;&amp#8; �&amp#0;&amp#2;&amp#8; �&amp#0;&amp#2;&amp#8; �&amp#0;&amp#2;&amp#17;&amp#5;��m�XO%&amp#2;&amp#8;D&amp#20;��LD&amp#22;*&amp#17;@&amp#0;&amp#1;&amp#4;&amp#16;@&amp#0;&amp#1;&amp#4;&amp#16;(1����&amp#12;m(_b�1&amp#16;&amp#2;&amp#8; �&amp#0;&amp#2;&amp#8; �&amp#0;&amp#2;&amp#8; �&amp#0;&amp#2;&amp#8; �&amp#0;&amp#2;&amp#8; �&amp#0;&amp#2;&amp#8; �&amp#0;&amp#2;&amp#8; �&amp#0;&amp#2;�@ C/������&amp#18;&amp#16;@&amp#0;&amp#1;&amp#4;&amp#16;@&amp#0;&amp#1;&amp#4;&amp#16;@&amp#0;&amp#1;&amp#4;&amp#16;@&amp#0;&amp#1;&amp#4;&amp#16;@&amp#0;&amp#1;&amp#4;&amp#16;@&amp#0;&amp#1;&amp#4;&amp#16;@&amp#0;&amp#1;&amp#4;JR@���&amp#25;��&amp#28;��&amp#16;@&amp#0;&amp#1;&amp#4;&amp#16;@&amp#0;&amp#1;&amp#4;&amp#16;@&amp#0;&amp#1;&amp#4;&amp#16;@&amp#0;&amp#1;&amp#4;&amp#16;@&amp#0;&amp#1;&amp#4;&amp#16;@&amp#0;&amp#1;&amp#4;&amp#16;@&amp#0;&amp#1;&amp#4;&amp#16;(&amp#7;&amp#2;������% �&amp#0;&amp#2;&amp#8; �&amp#0;&amp#2;&amp#8; �&amp#0;&amp#2;&amp#8; �&amp#0;&amp#2;&amp#8; �&amp#0;&amp#2;&amp#8; �&amp#0;&amp#2;&amp#8; �&amp#0;&amp#2;&amp#8;������z~{���`&amp#8; �&amp#0;&amp#2;&amp#8; �&amp#0;&amp#2;&amp#8; �&amp#0;&amp#2;&amp#8; �&amp#0;&amp#2;&amp#8; �&amp#0;&amp#2;&amp#8; �&amp#0;&amp#2;&amp#8; �&amp#0;&amp#2;&amp#8;�������J�`�&amp#8; �&amp#0;&amp#2;&amp#8; �&amp#0;&amp#2;&amp#8; �&amp#0;&amp#2;&amp#8; �&amp#0;&amp#2;&amp#8; �&amp#0;&amp#2;&amp#8; �&amp#0;&amp#2;&amp#8; �&amp#0;&amp#2;&amp#8;��@�V������&amp#0;&amp#2;&amp#8; �&amp#0;&amp#2;&amp#8; �&amp#0;&amp#2;&amp#8; �&amp#0;&amp#2;&amp#8; �&amp#0;&amp#2;&amp#8; �&amp#0;&amp#2;&amp#8; �&amp#0;&amp#2;&amp#8; �@�&amp#11;dT�P!�/��#�&amp#0;&amp#2;&amp#8; �&amp#0;&amp#2;&amp#8; �&amp#0;&amp#2;&amp#8; �&amp#0;&amp#2;&amp#8; �&amp#0;&amp#2;&amp#8; �&amp#0;&amp#2;&amp#8; �&amp#0;&amp#2;&amp#8; P�&amp#2;�$_�⌇&amp#0;&amp#2;&amp#8; �&amp#0;&amp#2;&amp#8; �&amp#0;&amp#2;&amp#8; �&amp#0;&amp#2;&amp#8; �&amp#0;&amp#2;&amp#8; �&amp#0;&amp#2;&amp#8; �&amp#0;&amp#2;&amp#8; ��&amp#2;�H>#???�/��#�&amp#0;&amp#2;&amp#8; �&amp#0;&amp#2;&amp#8; �&amp#0;&amp#2;&amp#8; �&amp#0;&amp#2;&amp#8; �&amp#0;&amp#2;&amp#8; �&amp#0;&amp#2;&amp#8; �&amp#0;&amp#2;&amp#8; P�&amp#2;�H>+#�&amp#5;�%i�X&amp#8; �&amp#0;&amp#2;&amp#8; �&amp#0;&amp#2;&amp#8; �&amp#0;&amp#2;&amp#8; �&amp#0;&amp#2;&amp#8; �J&amp#2;����4����7��Y��.�-�u����Y23&amp#4;&amp#16;@&amp#0;&amp#1;&amp#4;&amp#16;Hq&amp#1;r�)�&amp#1;2}&amp#4;&amp#16;@&amp#0;&amp#1;&amp#4;&amp#16;@&amp#0;&amp#1;&amp#4;&amp#16;@&amp#0;&amp#1;&amp#4;&amp#16;@&amp#0;&amp#1;&amp#4;&amp#16;@&amp#0;&amp#1;&amp#4;&amp#16;@&amp#0;&amp#1;&amp#4;&amp#16;@&amp#0;�&amp#18;&amp#23;ؾ�|�&amp#15;ʀ&amp#8; �&amp#0;&amp#2;&amp#8; �&amp#0;&amp#2;&amp#8; �&amp#0;&amp#2;&amp#8; �&amp#0;&amp#2;&amp#8; �&amp#0;&amp#2;eE�&amp#22;�����e&amp#5;�y �&amp#0;&amp#2;&amp#8; �@�&amp#22; �^�?^.&amp#14;&amp#1;&amp#4;&amp#16;@&amp#0;&amp#1;&amp#4;&amp#16;@&amp#0;&amp#1;&amp#4;&amp#16;@&amp#0;&amp#1;&amp#4;&amp#16;@&amp#0;&amp#1;&amp#4;&amp#16;�C �kw;��њ&amp#16;&amp#4;&amp#16;@&amp#0;&amp#1;&amp#4;&amp#16;@ M&amp#5;��vV���g�e#�&amp#0;&amp#2;&amp#8; �&amp#0;&amp#2;&amp#8; �&amp#0;&amp#2;&amp#8; �&amp#0;&amp#2;&amp#8; �&amp#0;&amp#2;&amp#17;&amp#5;,�N�="&amp#14;�&amp#8; �&amp#0;&amp#2;&amp#8; ��&amp#19;ؾ�=|ߢ;M&amp#1;&amp#1;&amp#4;&amp#16;@&amp#0;&amp#1;&amp#4;&amp#16;@&amp#0;&amp#1;&amp#4;&amp#16;@&amp#0;&amp#1;&amp#4;&amp#16;@&amp#0;&amp#1;&amp#4;&amp#16;@ �&amp#4;�Kc{���&amp#18;Rz�L&amp#30;&amp#1;&amp#4;&amp#16;@&amp#0;&amp#1;&amp#4;RB �[&amp#20;S�sb�&amp#8; �&amp#0;&amp#2;&amp#8; �&amp#0;&amp#2;&amp#8; �&amp#0;&amp#2;&amp#8; �&amp#0;&amp#2;&amp#8; �@)
��\����ঁR��&amp#25;&amp#26;&amp#1;&amp#4;&amp#16;@&amp#0;&amp#1;&amp#4;
&amp#21;�&amp#23;��B�&amp#8;@&amp#0;&amp#1;&amp#4;&amp#16;@&amp#0;&amp#1;&amp#4;&amp#16;@&amp#0;&amp#1;&amp#4;&amp#16;@&amp#0;&amp#1;&amp#4;&amp#16;@&amp#0;&amp#1;&amp#4;&amp#16;H&amp#31;&amp#1;�Gw)v+�ݝ���]L����+]�t�k�����ӟ�Զm�r��&amp#2;'N�8y��}��g��v�����Ooܸ�s�·&amp#28;rH��(.&amp#4;&amp#1;&amp#4;&amp#16;(&amp#11;&amp#2;���§�&amp#28;&amp#16;@&amp#0;&amp#1;&amp#4;&amp#16;@&amp#0;&amp#1;&amp#4;&amp#16;@&amp#0;&amp#1;&amp#4;&amp#16;@&amp#0;&amp#1;&amp#4;&amp#16;@&amp#0;��"`iu?�niu�kw&amp#19;�c\eZ&amp#21;~�����_7l�P�v����7o޼K�.�����|���_]��իW������L���v��5l�0��֭[�̙3cƌ���kJ&amp#18;nӦM&amp#12;�D�m���^�T�R�L��&amp#22;�����&amp#15;?�t{��4N!�&amp#0;&amp#2;I&amp#8;�nO&amp#2;�&&amp#8; �&amp#0;&amp#2;&amp#8; �&amp#0;&amp#2;&amp#8; �&amp#0;&amp#2;&amp#8; �&amp#0;&amp#2;&amp#8; �@�
X6=��ݩp&amp#30;��ڭ&amp#16;&amp#14;��a9��;w��?>~���5V�V�����§�q&amp#2;k֬&amp#25;2dȤI�Ts��W&amp#31;{��T��D��W^�z�j��Y�f&amp#15;=�P�F��J+'&amp#26;�zP�_圜������&amp#12;WO&amp#1;&amp#1;&amp#4;&amp#16;@&amp#0;�h&amp#2;�^�_&amp#24;�p�G&amp#0;&amp#1;&amp#4;&amp#16;@&amp#0;&amp#1;&amp#4;&amp#16;@&amp#0;&amp#1;&amp#4;&amp#16;@&amp#0;&amp#1;&amp#4;&amp#16;@&amp#0;&amp#1;&amp#4;ʛ���#&�c�r
.��jҳ0o޼�.�����֭۲eKG�5�+W�t�&amp#20;�&amp#2;?���Yg�e���Y�fڴi�\r���u&amp#31;C�����&amp#0;�(��`ѢE~�ʉƫ����_x��;NK�u���/&amp#31;t�A�&amp#6;���Ǝ&amp#29;�O30&amp#4;�q
h���&amp#7;���q�&amp#19;�&amp#0;&amp#2;&amp#8;����&amp#26;��=&amp#21;?8�&amp#0;&amp#2;&amp#8; �&amp#0;&amp#2;&amp#8; �&amp#0;&amp#2;&amp#8; �&amp#0;&amp#2;&amp#8; �&amp#0;&amp#2;&amp#8;$#���*��u�t�e�c��&amp#0;�*4,F&amp#15;���U[&amp#22;��C&amp#15;=���&amp#27;7nlץ���_�駟����J��*�|��&amp#7;&amp#30;x ����6t�P����k�g�&amp#22;�k�;�s���k�{�&amp#29;>|��*�x5TB��ov=����z�&amp#30;=zذa=z�p�&amp#20;�&amp#23;&amp#24;7n�ԩS���&amp#19;&amp#19;"&amp#17;@&amp#0;��&amp#19;�_L��S�Sc�&amp#8; �&amp#0;&amp#2;&amp#8; �&amp#0;&amp#2;&amp#8; �&amp#0;&amp#2;&amp#8; �&amp#0;&amp#2;&amp#8; ��v&amp#1;K~'a���{����*�ReĞ&amp#21;&amp#22;�>}*׮]k˲;u�t����O&amp#16;�2w=&amp#27;[���H�Jsss� �裏�J&amp#15;k����u�B�&amp#30;�&amp#8;~��&amp#5;
8���&amp#29;&amp#12;&amp#2;?�&amp#19;�-[������i�Z��N&amp#18;���x�k?�裕���&amp#18;*���Z%���oڴI��c̐S1&amp#4;>��&amp#24;g9�&amp#0;&amp#2;&amp#8;�&amp#27;&amp#1;�����B&amp#16;@&amp#0;&amp#1;&amp#4;&amp#16;@&amp#0;&amp#1;&amp#4;&amp#16;@&amp#0;&amp#1;&amp#4;&amp#16;@&amp#0;&amp#1;&amp#4;&amp#16;@ �&amp#4;,��hy�&amp#22;&amp#22;�w=�Z�z)L���=�:��#&amp#14;W.+W�Ze׵��{���B/v�ƍ�f�Z�d�ҥK&amp#21;�$q�Ν�6m&amp#26;h��_~��^�z&amp#29;:t�G�|���&amp#11;&amp#23;.l׮�&amp#18;�zf�}@j�d��&amp#25;3tV&amp#11;�[�h��t6Fo��Տ�&amp#7;�+۽��W�*U&amp#2;Mb&amp#31;j,e���'�_�~����k���{�:��1�f�W�^��rK�z&amp#31;~���y�1�&amp#4;:w{��&amp#26;5�&amp#11;.���������گ~���O>����z&amp#30;�&amp#31;v�t��hXL�w�~!&amp#22;%�V����#d}:�ѧּy�p[&amp#5;h/�֭[7i�Dg�C����W&amp#15;���V�Z�Ɇ&amp#27;�y�&amp#31;&amp#12;}��P�&amp#24;���iP�栟&amp#28;�T��i۶mVV�d�w�}�y��&amp#6;&amp#26;h�nDWP?���R�J={�t���e�&amp#22;����@?&amp#15;�_?Q���ҥ�>e�&amp#26;3f��Q�
�0a���^�z�n�\&amp#15;&amp#20;&amp#16;@&amp#0;��!&amp#16;�߰��ڸ
&amp#4;&amp#16;@&amp#0;&amp#1;&amp#4;&amp#16;@&amp#0;&amp#1;&amp#4;&amp#16;@&amp#0;&amp#1;&amp#4;&amp#16;@&amp#0;&amp#1;&amp#4;&amp#16;@��
X"P��\����/�C��&amp#14;]��*]f7�Q�$FK��J����F�&amp#19;��}��p��'�x饗��g=����&amp#30;Sf��������{���&amp#31;|�A%e��y���S*����3��O�z�s�=��n��VN�o�k�&amp#18;��3�J��&amp#19;%�&amp#3;��R&amp#25;t�2bY�؛n������_��&amp#4;�=�=b�U~��&amp#23;*t��Q��@���mڴQ*W���t{��n&amp#2;�s"п&amp#29;��&amp#17;&amp#3;T�?8W^y�
�!_��kÃ@��&amp#12;�G���_�裏*I�y���[o�U��G&amp#28;q�+�&amp#28;9��r�V��&amp#2;��I�R�7�p��]��-[��W�;�&amp#28;z}&amp#28;B&amp#24;0`��~p���+��n&amp#6;��&amp#7;&amp#31;�J+�������&amp#3;&amp#8;������/�u��t&amp#15;��B&amp#31;�~n&amp#3;M8D&amp#0;&amp#1;&amp#4;RZ@��e��&amp#5;0y&amp#4;&amp#16;@&amp#0;&amp#1;&amp#4;&amp#16;@&amp#0;&amp#1;&amp#4;&amp#16;@&amp#0;&amp#1;&amp#4;&amp#16;@&amp#0;&amp#1;&amp#4;&amp#16;@ m&amp#5;,w&amp#30;���4�����`{i&amp#25;���|�V1��H&amp#5;X�&amp#29;�&amp#24;+�2P�n�u�Ա��zF��&amp#28;�����ڵ�����[C=����&amp#14;w�e���Z�]�ny���&amp#28;1b��ڵ�Y;�+�i=<���&amp#17;w�V?�&amp#7;&amp#15;�\�����.A�V%G?����&amp#4;�5&amp#26;��3ϴ\��kK���&amp#21;W\��'����k�j_��b��?K:k�ܽ��+܏j,��'���D��JWam��k;L�]&amp#25;t˵�&&amp#6;	+�m���&amp#21;�&amp#22;���բ�{����uW�>&amp#23;&amp#17;Y�R�.׮�����n�P&[�a<��3�&amp#14;�&amp#24;]��[�]���>�c�e��{n85&amp#30;h&amp#30;��~h�&amp#31;��P?&amp#6;NR���$�7A��X�����۫k׮�B$&amp#2;&amp#8; �&amp#18;&amp#2;�����)�I1I&amp#4;&amp#16;@&amp#0;&amp#1;&amp#4;&amp#16;@&amp#0;&amp#1;&amp#4;&amp#16;@&amp#0;&amp#1;&amp#4;&amp#16;@&amp#0;&amp#1;&amp#4;&amp#16;@ ^&amp#1;˵�ݥ3U����Ց&amp#14;]w&amp#22;o&amp#1;��~}�&amp#0;��*]+E�&amp#26;�IZ&amp#21;�9眇&amp#31;~X��\��W_}�GV�X1�����&amp#30;zh�&amp#30;=���f͚&amp#22;��=����&amp#31;�&amp#26;�p�9s�&amp#28;{������J���oS�/w���T�ݥ�����&amp#27;��SO=���#�v��&amp#7;k&amp#29;�M@?	��x)R˲�T:�~�֕>t���%����?���������ך{u�e�ᡓ��&����Y��v��v��&amp#26;5j$&amp#26;��nQ��&amp#19;�-&k׮��O���FIn�&amp#23;�۷���.��^{�n&amp#8;�)=�^?'�>��V�>�!C��D��&amp#31;�q��ig&amp#2;�U���;�ж��VwNh��nqP�]KɵW���'��&amp#15;H���ꪫ�&amp#3;�^�<��[o���v��,�~`�&amp#19;]����@�<y�~���&amp#12;&amp#31;>\��&amp#8;�SO=���N��Ai�&amp#0;&amp#2;&amp#8;�e&amp#1;V���O��!�&amp#0;&amp#2;&amp#8; �&amp#0;&amp#2;&amp#8; �&amp#0;&amp#2;&amp#8; �&amp#0;&amp#2;&amp#8; �&amp#0;&amp#2;	&amp#11;X��2�z��U���|�ʲ}z�V;Z��A���o�:L��	'��5�v���s��'�����1>&amp#26;�Ĕ&amp#11;W����&amp#21;�心&amp#6;RA)R=�;�V����wO�֢g��]�5�\�r�T�]��U����&amp#28;�0WP�Vsp&amp#19;PfW;�&amp#31;��
P&amp#2;UO�v�&amp#17;&amp#11;��*g�S�����u�9�F&amp#5;%��K|Ķ�U��R�&amp#17;{p�k֬Q@��j�&amp#28;�ۈ^��m3��srr"�Xh�>&amp#20;�kW��e��&amp#16;��s�=&amp#23;�sQ�^�se��.��Rxe�����.׮&amp#26;e�&amp#31;z�!;�bt8{�l}F*�&amp#19;Q&amp#22;��<��&amp#31;�c���Xۤߵ����&amp#30;�z̼&amp#27;H&amp#31;�~&amp#2;�=&amp#16;I�OC&amp#4;&amp#16;@ �&amp#4;H���GƄ&amp#17;@&amp#0;&amp#1;&amp#4;&amp#16;@&amp#0;&amp#1;&amp#4;&amp#16;@&amp#0;&amp#1;&amp#4;&amp#16;@&amp#0;&amp#1;&amp#4;&amp#16;@&amp#0;�&amp#2;&amp#2;;2࿽�	ˠ�d�&amp#21;���¢e�����*Qm0w�n&amp#5;=�{�Сz@�]�2�z"����g�9����5��&amp#5;+�&amp#27;n�,~��-e�z�&amp#3;&amp#14;8 p�K�.V�bŊ�)&amp#29;&amp#14;&amp#28;8�&amp#18;��)�<�É&amp#19;'�����ѣ��N
���}�Q�7pjW&amp#14;]���p&amp#16;�ͥ�m]{��֛&amp#22;^+m��BW�&amp#30;����k���&amp#31;J`&amp#14;��>��&amp#14;:ȯQ�q���,v�q_�pa�&amp#14;��&amp#0;�{�;�m�m�|ݐ&amp#17;N`+��m&amp#18;&amp#20;��&amp#5;�gmO
P�)��&amp#18;���J��.&amp#22;�&amp#30;t�Ɓ&amp#7;&amp#30;��]�&amp#28;&amp#1;&amp#4;&amp#16;(&amp#7;&amp#2;��D��&amp#28;|�\&amp#2;&amp#2;&amp#8; �&amp#0;&amp#2;&amp#8; �&amp#0;&amp#2;&amp#8; �&amp#0;&amp#2;&amp#8; �&amp#0;&amp#2;&amp#8;��@8�fiu��t��	3E<e�����O���&amp#14;�_^k233�&amp#12;r=�]Iw=r�.󫯾���&amp#11;��8�:f���i�1>}���S�.^��*E&amp#29;���4�Y�U�&amp#22;����0�Q<�a۶m&amp#3;5:lѢ�M^��&amp#14;��k~��&amp#23;&amp#29;*x�̙zb��Ҧ�&amp#22;���~�],����Wj=&amp#7;�&amp#19;�w���&amp#0;/���wީ��[�&amp#0;_}�U��P�]&amp#8;�&amp#19;&amp#21;���¯����n�����;��&amp#7;һ��&amp#3;�j�~�q?BK�,���Mܥ&amp#5;�I�Pw�X&amp#19;-d&amp#15;߽�ho�#�&amp#0;&amp#2;�@@Ie����&amp#18;&amp#16;@&amp#0;&amp#1;&amp#4;&amp#16;@&amp#0;&amp#1;&amp#4;&amp#16;@&amp#0;&amp#1;&amp#4;&amp#16;@&amp#0;�R&amp#17;���m&amp#7;�jlC�&amp#25;�{�����&amp#17;�%�2��&amp#28;��>M�=䷧�J`��Ӧ.��ѿ�	�U���R�v�Vp�sW�Y&amp#23;&amp#19;6ѯ�u6ZF��l=�����&amp#7;*�5Zy���駟��V���˓&M�e���&amp#27;Zx����KV~������~�����&amp#24;��g&amp#23;�&amp#18;��F&amp#5;�����A�&amp#6;��++�)�&amp#14;&amp#0;W&amp#19;.�ӷT�"m��p�j�.]&amp#26;�>�Jw�@ĝ���u�g�L4ޟ�vD�&�ڙ`֬Y]�vU�\7C(@O@&amp#31;1b�j��he-d�x�}Xa&amp#31;�٭��ۺ&amp#7;&amp#19;���Y�&amp#27;5jd5����*[�][ӻ{2�&&amp#14;ǯL��.!�Ē�&&amp#8; �@�&amp#11;�nO�O��#�&amp#0;&amp#2;&amp#8; �&amp#0;&amp#2;&amp#8; �&amp#0;&amp#2;&amp#8; �@�&amp#2;��2voX5�8�n&amp#27;rr��ߺ%���y�F�jW��ەJY&amp#25;�n��1{6�Ҵz㚕�U��ik޲�[&amp#22;��yg��&amp#5;��|�m�&amp#19;���}���'ҨF���&amp#18;�@�&amp#11;(!&amp#26;x�T��c\`����)�G+�u�^~@���ᔖ�����o>��&amp#3;��g�}V&amp#27;�ׯ__e-�&amp#30;2d�رc&amp#29;�6�nڴi��Օ+U~��&amp#7;

&amp#8;ԸC�f�ʮ`&amp#31;�&amp#14;]��R�=cۯT�F�zn�҇&amp#27;8k�&amp#27;7nt�1&amp#18;�E���S��&amp#26;-���m��D��&amp#21;&amp#5;
Z�~�9���&amp#0;z��N��q�����@�J�[���&amp#11;�vG����r��.�/�>�N&amp#6;�&amp#0;�h?3����`��&amp#24;��&amp#15;�[�^�f�&amp#24;9�&amp#0;&amp#2;&amp#8;����&amp#29;e��&amp#27;4} �R&amp#4;&amp#16;@&amp#0;&amp#1;&amp#4;&amp#16;@&amp#0;&amp#1;&amp#4;&amp#16;@&amp#0;&amp#1;&amp#4;&amp#16;HC�&amp#11;�5��a;WB�&amp#5;6���[������d�r�|�&amp#19;z4��&amp#17;m�֮&amp#28;13���H��o��4rn�w-��RF&amp#0;�$&amp#4;,%�w��W��DW�&�|U��׻&amp#29;�]�e���&amp#3;m����&amp#19;O�6௽��.���t����kW���s��ٳ��r���>҃�K�J�؈�p{��N��&amp#27;q2.��&amp#7;���&amp#17;c���e�#����\�=�=���&amp#19;�#�-ݮm�cG���1��
�V��BD�@�&amp#29;��+�޼y�p�K{���ֻ�֍h{'螏Ds�&amp#26;4|En�&amp#4;7��ܨA&amp#0;&amp#1;&amp#4;�J@_�2�RZ]6&amp#23;�&amp#0;&amp#2;&amp#8; �&amp#0;&amp#2;&amp#8; �&amp#0;&amp#2;&amp#8; �&amp#0;&amp#2;&amp#8;H �&amp#18;��65*gvkV㪃[ͼ��i�6�y"�K��T�tݾ&amp#15;&amp#15;ܣY�\��H����ξ��&amp#18;����#P\&amp#2;�ծ^�b׻&amp#21;�����ѯaC۠n�b&amp#29;7U:�޽�M�%Y��}�hQ����/��w�vU�&amp#7;o��չ��c鳳m��ω�Ô��ԩ�jb���㋪��������J?o�>�?&amp#30;?~�*-��&&amp#26;&amp#31;��?\�r�&amp#29;F�H��te��w5Vp;�G�m>&amp#16;�C��vOd&amp#15;ĸ�&amp#28;��o֬�ń�Ы>���ܲe�+�&amp#5;�u��l�䷯C����&amp#20;&amp#5;&amp#4;&amp#16;@ =&amp#5;�7���{z^<W�&amp#0;&amp#2;&amp#8; �&amp#0;&amp#2;&amp#8; �&amp#0;&amp#2;&amp#8; �&amp#0;&amp#2;&amp#8;�)P�R�N���wۻU��W�D{�t&amp#21;3+(1ŀ�q�&amp#19;�@�&amp#8;��u8�&amp#24;C�_|l�&amp#31;eL��U��'�S6�?�?��6�?�&amp#31;��p�&amp#30;�v�Z�&amp#4;K�jM��&amp#3;�k���O���&amp#31;J�z-9&amp#29;&amp#24;N�l[��'�&amp#7;N&amp#5;&amp#14;۶m�&amp#26;-���o&amp#2;�����#�T�&amp#2;�9sf`�&amp#25;3f��&amp#15;?�pw*��&amp#7;&amp#31;|���o8�<m�4{(�zւ~���E��q��w���U��Gg�&amp#5;�Ō&amp#28;92&amp#28;�?k�O=��&amp#2;\���?&amp#15;7�&amp#21;�+Uc&amp#11;��&amp#1;~�2�&amp#11;&amp#22;,�kT�&amp#30;��&amp#7;&amp#31;|�y���و��ODĳT"�&amp#0;&amp#2;�@�\{9�&amp#16;�&amp#4;&amp#4;&amp#16;@&amp#0;&amp#1;&amp#4;&amp#16;@&amp#0;&amp#1;&amp#4;&amp#16;@&amp#0;&amp#1;&amp#4;&amp#16;(&amp#2;���m�[���u&amp#21;"v7���MjExVn��rY�Qa���M��&amp#15;\���n��q��Ekrr�"�]{h�-x�k����&amp#21;P�̿����/�sޖ�ֻK~�&amp#26;�aі�&amp#16;��6��@�8�&amp#7;�GK4*���K/&amp#25;���*�m�'L�����+}����&amp#20;k����
$�u&amp#21;zƼj��&amp#24;&amp#19;���vV)�	T�H�h�ܩ&amp#1;&amp#3;&amp#6;X��Ç���N4s���!�&amp#28;��&amp#19;��'p����r�)�&amp#29;w����G�&amp#26;���y晋/�xҤI*k7�?��O��B&amp#11;���J F�&amp#17;�3g�*���&amp#19;�f�Zݮ���믿����~�������&amp#31;�����&amp#31;�`1�	&amp#12;�&amp#27;�&amp#31;<=�����mq��y��Ν�*���&amp#11;/&amp#4;j�p���*h�&amp#23;_|1b�U֪U�
�}�Y�0N!�&amp#0;&amp#2;�.���2�M(�/��#�&amp#0;&amp#2;&amp#8; �&amp#0;&amp#2;&amp#8; �&amp#0;&amp#2;&amp#8; �&amp#0;&amp#2;�.p�G����/���E�&amp#27;Ʒ�q��{yƼ�&amp#5;�meeV&amp#24;v�&amp#30;�>P��p��m�E�?ݚ�o�n��q�o��aS��{b�&amp#27;��=@�&#���t>&amp#26;e&amp#4;&amp#2;y��a4&amp#31;�s�Rr�_&amp#15;��[�&amp#29;Zd�=0��Q�s&amp#8;&amp#23;&amp#19;���*�m�&amp#31;~�ᇇ&amp#29;v�7ܠ�Ǔ'OV�R����W_}��3ϴM��>�h�&amp#30;�+�&amp#3;�m�s�'G�&amp#24;�,�vAW����]w]	Shz��j����Z�|�e�i���Lp�ΝcO�cǎz2�bt��G;����Zw���&amp#15;~�GN>��hK�c�&amp#28;�nV�4�ԩSo�馉&amp#19;'�i�qA��1���n�u��h|�&amp#14;&amp#29;lt]���&amp#31;|���5����7��1U;��&amp#27;o�~��?�����h���_�����9�Shs?@��&amp#29;^y���Z�p�֭[�嗧�~zȐ!v���vM�pꩧ�PK�/��&amp#18;]ΦM����o����&amp#11;/���&amp#11;v&amp#5;K��P&amp#23;;e�&amp#20;M[?�Z��C���&amp#5;[A�v��V
���nS��P���>�aÆ���&amp#22;�K�gFe���O�v�׿&amp#19;|�@�&amp#28;"�&amp#0;&amp#2;)*����L>E?<��&amp#0;&amp#2;&amp#8; �&amp#0;&amp#2;&amp#8; �&amp#0;&amp#2;&amp#8; �&amp#0;&amp#2;�'�5o��i+��7�۳o��n�=&amp#26;Us�$
��2�6�ިf�Y˲^�)�&amp#30;&amp#26;׬�W˚�����lӪ�q�нy��5*~=o����8���jU�:�_s�~���ǌ�n��&amp#2;7%(@k���;i��{������[խrr�FoLY��&amp#16;�ܺ^&amp#21;mY�-�&amp#5;��"F�jY�jŌ��ˋ�!A�V���U�z���`��&amp#25;K�&amp#3;��?�g���Fd:&amp#8;���h���X��%�]Amݩh�D����!�+��&amp#29;&amp#6;&amp#2;�+�R���

С���j\��E�L�J�m�&amp#24;w*�!\�D&amp#11;Z�&amp#27;mٮ��J��&amp#14;�l�����t��^�^&amp#5;�E&amp#31;~�a�����t]7
��&amp#27;�M�6�_~�;�Q8��V�^�w�yg8R�\�+w�FDz&amp#24;��ѣÛ&amp#1;������{����o��V��uρ�H���&amp#27;7NY|�&amp#30;?hРnݺ%�h�44&amp#31;�p d�&amp#2;����&amp#11;:u�&amp#20;��}��E�l��&amp#21;�&amp#31;��ωvt���ի�wr�&amp#25;g�Z�hWr]?u�)�M����ޯT����z��_W�>�c�&amp#27;&amp#14;�w�M�&amp#3;M4�?w����E/?�R�Vs�i��ϛn&amp#17;��*����;��&amp#0;&amp#2;&amp#8;��@VB�WR�ژ-&amp#2;&amp#8; �&amp#0;&amp#2;&amp#8; �&amp#0;&amp#2;&amp#8; �&amp#0;&amp#2;&amp#8; ��&amp#2;y���C�V���z�+�^���J�_�ǖGwmP�ZV�vc�^9������oo�&amp#20;;&amp#11;^�z�&amp#17;��أq��&amp#5;{Ц�Jl����&amp#17;�/
��[֭<�=:6��t�&amp#27;U�&amp#17;,]�����N&amp#2;o"q&amp#21;�&amp#15;���_	����=�5&amp#30;��̎��vkV�&amp#5;�ql�7�]�g��=��r�&amp#22;p����\����:��I=&amp#26;i/&amp#1;��&amp#14;��u�u��='�~h��jT�&amp#8;9����v���^��~s��&amp#19;�q�&amp#3;�nܴV%�7��Y�)w��u&amp#23;�<C�&amp#20;�G�rr��C&amp#2;�&amp#8;�,�&amp#11;�/r��&amp#21;tJ&amp#5;&amp#23;��k&amp#21;��c\Y�.^�j��@Cw�G�&amp#30;��b�`�z��Ũ���]p����&amp#22;�wk&amp#30;1�U&7�k�PA��k�qe�n&amp#12;4TzR&amp#11;�݊a;���{�u�]ڃ�&amp#22;�[e׮]�?�|=����^Ӓ_]�+��?���Z&amp#28;�K&amp#15;���𪫮�bn->v�PWډ]��U���&amp#14;<0��-��[&amp#14;:� -k&amp#14;��VjV]�n���в��+��dee]����|̘1�Q�&amp#26;��&amp#3;&amp#15;&amp#20;�6&amp#15;&amp#8;4I4^&amp#25;�}�Z'JH+ݮ5�=z�&amp#8;t&amp#27;ϡ>S�fq�}�i&amp#7;x&amp#23;��$&amp#28;���Y�S�1.\g��ﯝ�g�v�w&amp#29;�S�ׯ���&amp#15;��&amp#21;P�vm=r^M�{�=�é&amp#29;�&amp#15;>�`Y=��&amp#19;J�۸�7M@��k��#���o��t��4��v��ϭ~&amp#6;t&amp#7;��&amp#20;��zS�^;^�s��&amp#24;��Q�+S@&amp#0;&amp#1;&amp#4;ʍ@b�o��es!&amp#8; �&amp#0;&amp#2;&amp#8; �&amp#0;&amp#2;&amp#8; �&amp#0;&amp#2;&amp#8; P�&amp#4;�]?���t����&amp#29;�31p���&amp#30;�tax&amp#14;?ܰ��ܮ��m_���-���9]&amp#15;�}�`{iC�@����zvnR�������/yu��G���_�[����#vq먹ʸ��N۷������q�����9��&amp#27;�ě�V�_n=���)p&amp#29;~8}�z&amp#8;t&amp#27;8����.*��8��&amp#31;?��ʅ���&amp#4;]�'���Ը���u@ϡ��-jV�&amp#28;u�^�&amp#26;&amp#20;H&amp#11;���l�}���ʣ��3��Q)|wh&amp#5;������4��� &amp#6;�6+|GB���[&amp#28;���ѯ8���g0�U0&��&amp#3;&amp#5;c~;r���g�fe�|X	�Y���K�2<z씶�I�`/׃aݺ�&amp#29;*҅&amp#21;Z����T��X�v�&amp#2;4�8G���&ڼ�uX���+W�9�&amp#27;6lPҷN�:J��i�ܴ�Z�ʕ++y&amp#28;#�h'�'y?��c�S{�+&amp#29;��&amp#22;�k�o�&amp#27;7n��Xz&amp#28;����&amp#19;�&amp#4;���+��o�g�k�vM;��&amp#18;���'�E֮�	m��O֞��]֕Y���&amp#24;��."�&amp#22;P�J��/0Z�mM�w���Y�������8�ל��&amp#3;-�_�~B?&amp#24;6���o����&amp#2;�>5mk/��-[&amp#6;���`&amp#14;&amp#17;@��&amp#8;${sL�}c,#&amp#14;qNc�+�ـ0&amp#4;&amp#16;@&amp#0;&amp#1;&amp#4;&amp#16;@&amp#0;&amp#1;&amp#4;&amp#16;@&amp#0;&amp#1;&amp#4;&amp#16;@ �&amp#4;&amp#2;i&%k]��H&amp#28;�&amp#20;&amp#31;vJ�Og�Y�9�R��3:&amp#31;޹~�Q�X��/&amp#23;�1�N�x�^����������{��s��;w*bAK��\�R|{kN�H�r��z�{��;3���O���{6����&amp#3;�v&amp#5;���[*W&amp#19;����ʸ���r��Y~��?�ʚ���{iWW&amp#19;.��&amp#19;�t�+3ߙ�<|�j
�m���#&amp#16;M@�b?U��V�&amp#21;�zWsw*bWᳪ�3�*�/׉*&amp#21;�����T��&amp#20;Z�&amp#30;�n�(�_!�ho1�&amp#3;�&amp#2;3/t�E&amp#18;�Ĥ^qv�	'&amp#20;&amp#31;g�I����J���DI�V�Z�5%Pޑ�O ��h|�.]�oA����/\?�E��Du�;&amp#7;(+&amp#31;gb��9��&amp#0;�&amp#19;��Ё����K��&amp#15;g&amp#17;@&amp#0;�&amp#20;&amp#21;�7�&amp#12;����&amp#23;��&amp#17;@&amp#0;&amp#1;&amp#4;&amp#16;@&amp#0;&amp#1;&amp#4;&amp#16;@&amp#0;&amp#1;&amp#4;&amp#16;@&amp#0;�b&amp#21;���ʯ�C,^��?�]&amp#30;2j�&amp#11;ؒ�����f�~oڊ��ە�~d�&amp#30;.�
���&amp#21;ε+����V���ؔ��&amp#26;۵�֬z ׮&amp#5;�Z�$�&amp#30;&amp#24;��ThR���?��kb�{4߹'��ߢE�1�ݩ�&amp#11;..�&amp#18;}��&amp#1;���m&amp#23;!��d�o&amp#3;i+�p�]W�&amp#0;m��F�]xtP'?׮fS&amp#23;m��Ǖ���&������,����s����)#P��e�]��e�]�]&amp#5;��Y{&amp#21;ڭ&amp#2;&amp#20;��U�&amp#16;z)�&amp#22;~��;�~��=�Q&amp#2;16=7a+&amp#4;f&amp#18;h��f�h&amp#19;�&amp#17;(T@��k��>}�&amp#20;&amp#26;I&amp#0;&amp#2;&amp#8; �&amp#0;&amp#2;&��$Y�^&amp#5;&amp#7;&amp#2;&amp#8; �&amp#0;&amp#2;&amp#8; �&amp#0;&amp#2;&amp#8; �&amp#0;&amp#2;&amp#8; �@D�&amp#23;���t�����#6�+�f}��l5y�&amp#11;&amp#3;���@�&amp#30;��&amp#5;w&amp#11;�m���&amp#2;	�ܼm��{�&amp#18;�֤jŌ3z7=�g�{���:Qᑁ����|����f��#����.�|�!���jq�'�[�@�}ņx7&amp#15;�i�&7�
�Jw�^e�[
��Of�V"�U�*����Ye�����o�i����zz�U^د��G�u����ܧmm-�w�ʯ���T�b5Jÿ{aw���&amp#26;�3�:��������&amp#5;7P�����&amp#17;�G@�h���%�-]m�j�&amp#14;����7[�ޭ��&amp#6;[�&amp#14;&amp#3;&amp#29;j &amp#23;�&amp#6;U��6?>��uh͕t���ax&amp#2;�t�b�O&amp#29;Z?��&amp#5;P@&amp#0;&amp#1;&amp#4;&amp#16;@&amp#0;&amp#1;&amp#4;JF����%3$� �&amp#0;&amp#2;&amp#8; �&amp#0;&amp#2;&amp#8; �&amp#0;&amp#2;&amp#8; �&amp#0;&amp#2;e_�k��C��N	Z���&amp#7;&amp#31;&amp#4;X��&amp#3;�#�?>~�e&amp#7;��W��&amp#7;&amp#28;֫V�I��voآNe�P9�>�Nr�e�+U�&amp#30;�?&amp#23;���{�ݽ���/X����&amp#21;�l���,��>�=�W��?�[�W�Y�w&amp#18;�&amp#28;x���&amp#29;)�����&amp#25;K7�5Mj�(�ޕ�Q�1�~�V���E&amp#7;6�W�����5�����q��oت��]W��&amp#3;'&amp#23;8{�g�\��uW�IO|��������h�v&amp#11;�6���� P��%��n/%�UP+�=�&amp#20;���ݽԡ��&amp#16;��NY�
��c�?\�M�&amp#29;Z�;�Xp�qݻ�U�&��&amp#19;�sU&amp#6;�&amp#20;-�z&amp#4;&amp#16;@&amp#0;&amp#1;&amp#4;&amp#16;@�8&amp#4;�U�t{q��'&amp#2;&amp#8; �&amp#0;&amp#2;&amp#8; �&amp#0;&amp#2;&amp#8; �&amp#0;&amp#2;&amp#8;������L�ժY&amp#25;J�ת�Y�R�&amp#25;�ڱ�ޏ�&amp#23;��]�٥ە�Ֆ��p��?�S] m�����S~��=&amp#27;���8�?��M�����٫E�x���&amp#27;�����ߟ�&amp#30;�?P3}I�&amp#29;�W��ϢR�Zn�R�~W��&amp#30;F���ϵ[���&amp#15;=��V���r��;���&amp#12;?�&amp#20;y���j�Z=��Z�*�&amp#28;&amp#1;�+�c�6&amp#16;�!&amp#2;q
�׵��\���P5��%���͵�&amp#12;��kWe�~��5���6�m�l2V�z���&amp#12;�>�n&amp#1;֧�l�Ʋ&amp#30;���������RF&amp#0;&amp#1;&amp#4;&amp#16;@&amp#0;&amp#1;&amp#4;JF@�IH��&amp#12;5� �&amp#0;&amp#2;&amp#8; �&amp#0;&amp#2;&amp#8; �&amp#0;&amp#2;&amp#8; �@Y&amp#23;hT���&amp#23;m��w��iq>�<Z'&amp#21;3+tlT�M���:W��&amp#25;x*|Ō
�q��
��oyn�>�zi��&amp#31;ޥ�&amp#31;`e]��&amp#11;�S���pM`&amp#11;����^9����؉���&amp#7;&amp#31;0�f��W�����)�����Z��׸r�ڕ��doɋ�S1s�&amp#1;Y&amp#25;&amp#21;�W�&amp#24;�ނ&amp#24;�u�R@�P&amp#1;��V�����Z�;��&amp#29;&amp#20;�t�*�ˏ�V��Sjk5J��Y��&amp#11;&amp#11;7q�"&amp#22;\���ֹ�&amp#30;�I�J�RWnz&amp#17;c�4��-[m���&amp#0;&amp#0;@&amp#0;IDAT&amp#30;p�&amp#1;*W���#p�V���yyym۶-�n�&amp#1;&amp#4;&amp#16;@��&amp#11;�;&amp#18;����11C&amp#4;&amp#16;@&amp#0;&amp#1;&amp#4;&amp#16;@&amp#0;&amp#1;&amp#4;&amp#16;@&amp#0;&amp#1;&amp#4;&amp#16;(e&amp#1;=��ڷ~&amp#26;���$�ѰF��hs�&amp#30;�jU�r��&amp#23;�O��&amp#5;�"&amp#17;&amp#23;|�;	�zt�&amp#30;�@Mso���)�p��Mnͷ�[z����p9�&amp#11;��M��&amp#24;W3v�jW&amp#14;&amp#20;&amp#26;��y'���Vn&amp#14;&amp#4;���&amp#31;�&amp#30;>۫eM��m��Ϝ�ٯ�X�٢昙�� &amp#16;c�&amp#17;��&amp#18;&amp#1;_��Ŗ{ֻ�R�&amp#14;&amp#3;���&amp#5;D�4[�����&amp#17;#�C����=&amp#16;i�&amp#22;��T�_֏j&amp#2;mU������[��TA/��5�x��k,X5�z?��/�L�^~�&amp#21;Џ�m��V�}�&amp#27;&amp#2;&amp#8; �@�&amp#8;�;L�}�I�&amp#25;3O&amp#4;&amp#16;@&amp#0;&amp#1;&amp#4;&amp#16;@&amp#0;&amp#1;&amp#4;&amp#16;@&amp#0;&amp#1;&amp#4;&amp#16;@��&amp#4;�,R���&amp#15;�6yY&amp#18;�fT�����ܿm�&amp#2;���:��mc�v�/�i�j	����&amp#14;�i�7��&amp#7;����@Y�����1&amp#31;���ܨ74���������~�V^�*r&amp#26;^g�7�k&amp#29;��j޸�S1f&amp#27;��&amp#16;����'֯g����UP��&amp#7;���.��G&amp#1;v�w˵�&amp#25;w���'�\�������`�����k���r XM�W >&amp#16;��
��&amp#24;C&amp#4;:�&amp#16;&amp#1;&amp#4;&amp#16;@&amp#0;&amp#1;&amp#4;&amp#16;(V�,��R�c�9&amp#2;&amp#8; �&amp#0;&amp#2;&amp#8; �&amp#0;&amp#2;&amp#8; �&amp#0;&amp#2;&amp#8; P�&amp#5;���a�/�5��&amp#27;�L_���x&amp#30;�&amp#30;����{��&amp#21;&amp#14;P>m�����mz�x�L|�r����v�&amp#17;��*�?�VQB����`��{5�^ѕc&amp#23;&amp#2;&amp#15;}��bS��X{����-&amp#6;Ȳ[��_�J��"D���c�6vKΦ���Ė*���.&amp#24;;&amp#21;[H��U����_P����YW�w�*U�&amp#24;�*��WC%ݭ`��=ЃոVv�&amp#15;&amp#11;7&amp#12;l/�:�;�{p&amp#1;&amp#20;&amp#16;@&amp#0;&amp#1;&amp#4;&amp#16;@&amp#0;��&amp#18;�&amp#23;�"�όҺ&amp#18;�E&amp#0;&amp#1;&amp#4;&amp#16;@&amp#0;&amp#1;&amp#4;&amp#16;@&amp#0;&amp#1;&amp#4;&amp#16;@&amp#0;&amp#1;&amp#4;vQ���W<���]��5���&amp#22;�\���9��[��w+Ve��&amp#18;~��n�&amp#14;�
&amp#27;s�ܓݫT��4q?&\^�9������Wf�c&amp#2;5�����v���e��
��WԲ�@�&amp#31;��Gv-�$�&amp#31;�lt�&amp#18;*�Q�ڍߚTΊ
Ҫn�h�~�k�&amp#5;��,X���_�&amp#5;��&amp#15;\��&amp#20;&amp#16;�u&amp#1;e��K�Y�
�=�Q\&amp#6;�
z&amp#15;�\?&amp#26;�ʊq�V�q�E*�5t&amp#5;�k�KP���
.��Ǖ���ІP�^�Pa�	��q�`7�&amp#24;a�B&amp#0;&amp#1;&amp#4;&amp#16;@&amp#0;&amp#1;&amp#4;�P�t{&amp#17;b�&amp#21;&amp#2;&amp#8; �&amp#0;&amp#2;&amp#8; �&amp#0;&amp#2;&amp#8; �&amp#0;&amp#2;&amp#8; ���]��&amp#22;z��)O~�ר\?�&amp#26;�e뷸t�rMJ��Ύ��s�yњ�u��p���i�K���
��vS»Z�L��_'�~�cS�a��Q]���������&amp#15;�/�ژ���Z���{N�-�;4�&amp#26;�ω�&amp#20;&amp#24;:7o�;S�G&amp#11;�&amp#30;��&amp#16;�L������5��I�e�hKQۻ���u�+�&amp#7;&féR���P�决�v�(6Л�w��Q��&amp#2;���h��P��&amp#30;m,�	&amp#5;&amp#4;&amp#16;@&amp#0;&amp#1;&amp#4;&amp#16;@�&amp#8;&amp#5;��&amp#11;\�c�&amp#21;&amp#2;&amp#8; �&amp#0;&amp#2;&amp#8; �&amp#0;&amp#2;&amp#8; �&amp#0;&amp#2;&amp#8; �n&amp#2;&amp#29;
>������&amp#5;�ש&amp#28;���&amp#5;kr�S�&amp#30;��?�V����R���o&amp#26;-2���&,�[�ۺV���&amp#22;y�Q��&&amp#11;��&amp#4;r�����E&amp#5;&amp#31;�~I�&amp#22;&amp#17;��jQ3b�*Z��O��٬z��c�V�#PT&amp#2;���,���sr�aKH+�&amp#30;xY��&l='���]o�&amp#14;m&z���C&��"��C�,(�ҡ^��&amp#17;��b\d8�&amp#26;&amp#4;&amp#16;@&amp#0;&amp#1;&amp#4;&amp#16;@��&amp#5;�݃t{���!&amp#2;&amp#8; �&amp#0;&amp#2;&amp#8; �&amp#0;&amp#2;&amp#8; �&amp#0;&amp#2;&amp#8; �[Ղ;�W�-�&amp#31;��&amp#27;���a��&amp#22;&amp#22;����{7�&amp#20;}&amp#7;u�|ܜ5���&amp#21;&amp#3;Z֬�s=�*���&amp#31;�ݸ%�o������&amp#25;~�J��&amp#7;�ղn��	.ze��<����G��@��wj\-F��7�|��V��ql�&amp#24;��B�&amp#8;&amp#5;�{X�\�X&amp#5;u��$��L��:gff�T�
~����}��_�F��h����&amp#14;~��*�Ll\&amp#29;����V��
&amp#17;ǲ9�]>��_��ʯ�&amp#30;�&amp#26;�&amp#8; �&amp#0;&amp#2;&amp#8; �@�
��&amp#7;��b&amp#21;�s&amp#4;&amp#16;@&amp#0;&amp#1;&amp#4;&amp#16;@&amp#0;&amp#1;&amp#4;&amp#16;@&amp#0;&amp#1;&amp#4;&amp#16;HS�U&amp#5;�~���V>�&amp#30;����&amp#29;��@���-ؚ�3��\����n]�����5���&amp#25;�����k��7K����&amp#14;�2+��j��M��&amp#26;W�Ѽ������]\M�&amp#5;�'�?�a����s��~L��&amp#27;���]�&amp#16;��W�o��ݭ��m��J�ڿ���o�P��1�5&amp#1;�jP��&amp#23;��wnR��&amp#11;������&amp#11;����M4�p����~�?���>��Yj&amp#16;HT�r��6�&amp#19;ɉ���-cm�m�]�.�&amp#21;&amp#2;&amp#25;�����&amp#25;�V��?��%�&amp#3;��p�@Mĩ*ƍ�ߚ`w'�&amp#30;lPwH&amp#1;&amp#1;&amp#4;&amp#16;@&amp#0;&amp#1;&amp#4;&amp#16;(E&amp#1;}&amp#11;������&amp#8; �&amp#0;&amp#2;&amp#8; �&amp#0;&amp#2;&amp#8; �&amp#0;&amp#2;&amp#8; Pn&amp#5;~Y��I�J���ڿ�&amp#31;����ܵ�9�����g�T�&amp#11;s&amp#5;=����&amp#11;�$�&amp#30;�����h}��ksjUͪW�b�&amp#29;+��$�������&amp#23;�p����/���M��e�ذ�I�JMjVjS���]��vMb&amp#20;�ο��V-�=��;�OS�O�X�)�z�����u��'��]SZ�9��&amp#31;V��[&amp#3;7��[֜us���goޚ߸V��u�D�4��&amp#29;&amp#5;=�}p���>&amp#0;��ɽ&amp#26;�\�q��MU*f4�]Y�Z�z�uծ~դ&amp#31;6_pd��W ��&amp#22;D�&&amp#30;&amp#29;�O���+X[����=&amp#7;�u&amp#24;&amp#30;.be ���&amp#29;����Κ�^�*Е&amp#14;u*\&amp#25;��u�&amp#2;&amp#18;j�ZQ@&amp#0;&amp#1;&amp#4;&amp#16;@&amp#0;&amp#1;&amp#4;�C�t{q��'&amp#2;&amp#8; �&amp#0;&amp#2;&amp#8; �&amp#0;&amp#2;&amp#8; �&amp#0;&amp#2;&amp#8;�������:�bk%�������s�i&amp#1;z4��>�n�fʲ�&amp#0;�֫^Q�s5���ߞ�����)�jߠ���jv�p���~|Y�F5w�I`��1��T�!r������{�l�忿=種��k����&amp#11;���&amp#1;���za�����ٵ��>�k��`j&amp#16;�E�pV8\&amp#19;&amp#30;"��VM����t�c�쇹�$
����z�L��_&amp#19;����uh��Pe���&amp#31;"&amp#17;@&amp#0;&amp#1;&amp#4;&amp#16;@&amp#0;��&amp#22;`3��&amp#22;�&amp#4;&amp#16;@&amp#0;&amp#1;&amp#4;&amp#16;@&amp#0;&amp#1;&amp#4;&amp#16;@&amp#0;&amp#1;&amp#4;&amp#16;HG&amp#1;��V�;ƕk��C�M	<=&amp#16;���&amp#19;�&amp#11;T&amp#22;zx�+3���&amp#28;��&amp#11;�L"`�ƭ��5��
<$>F?&amp#11;��&amp#28;6l��Y�c��yJC&amp#31;:lʆ�&amp#2;Ϗ�ۮ���{�$e���@y�ڜ�w~���&amp#27;&amp#2;�&amp#28;"P�&amp#2;�p�&<h Ǭ&amp#0;W���u�����ըg{%�ܵ���&amp#2;�L��0�:q�P@&amp#0;&amp#1;&amp#4;&amp#16;@&amp#0;&amp#1;&amp#4;ʎ��zSd����U1&amp#19;&amp#4;&amp#16;@&amp#0;&amp#1;&amp#4;&amp#16;@&amp#0;&amp#1;&amp#4;&amp#16;@&amp#0;&amp#1;&amp#4;&amp#16;@ &amp#30;�-��~X��&amp#2;���h�-�&amp#5;2��&amp#5;&amp#19;������	����F&amp#15;2�k�Y˲����<?�dS��&amp#19;&amp#30;�z�&amp#27;�Vg&amp#23;&amp#28;��6Z2~ۨ��&amp#31;���3_-�1t�:�&amp#20;墔���&amp#0;�����M�%]�������&amp#27;%ݣ�.����%&amp#27;/|e��&amp#24;��4;Z߱&amp#1;í���w~=uц@N]�.(���]&amp#19;�ެm�]Ü�&amp#8;�����&amp#15;��������&amp#5;?����&amp#3;�@7�����
�0��l�4(��@ C&amp#28;N!�fQ�@r]�~�:�&amp#14;&amp#21;�^��U&amp#31;�ѡ&amp#11;�B8 \&amp#19;��fk�v�b�z&amp#15;7w5�Ϻ0
&amp#8; �&amp#0;&amp#2;&amp#8; �@�&amp#11;l��&amp#19;�&amp#14;T�sb&amp#2;&amp#8; �&amp#0;&amp#2;&amp#8; �&amp#0;&amp#2;&amp#8; �&amp#0;&amp#2;&amp#8; ��&amp#2;ͮ&amp#31;W^/�]���[�j]�ʪ��Vn����J&amp#15;'q�m�W�׾�6?W�{��ͳ�f/]���~*fV�ղ�&amp#30;X^�R�u9&amp#11;V��Q��4,�g&amp#11;h^��vt�{��&amp#21;7l��u����[T��ǥ1�C]�˵t^Y�8g&amp#27;&amp#14;kZ��&amp#1;�j7�Qik^�����j�&amp#21;��7I�&amp#27;���_��WRӈ�&amp#8;��v�&amp#26;�4��w�&amp#15;&amp#17;�ҍ���Lz&amp#2;��W�k哽�u�&amp#24;K3�	iWv&amp#5;5O�7�n&amp#26;j�F	��N)؏&amp#15;7Q�&amp#5;�{&amp#8;Ը~���㥀ߋ��i#&amp#6;Z١N��%�#��S��&amp#23;uW�x�&amp#19;�&amp#0;&amp#2;&amp#8; �@�	T�V-�K.�o�I�^j���bTj&amp#19;d`&amp#4;&amp#16;@&amp#0;&amp#1;&amp#4;&amp#16;@&amp#0;&amp#1;&amp#4;&amp#16;@&amp#0;&amp#1;&amp#4;&amp#16;H&amp#15;�r�nO�&amp#15;��,&amp#5;&amp#1;��%�^&amp#2;�v%�u-�.ۻ
�c�-��&amp#31;v�"�=��W���&amp#16;n8�&amp#19;;�{��)�l�6&amp#19;����ˁ&amp#14;]�*��&amp#3;�y��d��n��C%&amp#2;&amp#8; �&amp#0;&amp#2;�'@�=!۬��	F&amp#0;&amp#1;&amp#4;&amp#16;@&amp#0;&amp#1;&amp#4;&amp#16;@&amp#0;&amp#1;&amp#4;&amp#16;@&amp#0;&amp#1;&amp#4;&amp#16;@&amp#0;&amp#1;&amp#4;&amp#16;(Z&amp#1;KK�w?�n&amp#3;)3�������&amp#19;p1��
zY�jkc&amp#5;:Q���#vg�=&amp#16;f�փ"#��J�Џw�&amp#17;'��R@&amp#0;&amp#1;&amp#4;&amp#16;@&amp#0;&amp#1;&amp#4;RB@�vH���'�$&amp#17;@&amp#0;&amp#1;&amp#4;&amp#16;@&amp#0;&amp#1;&amp#4;&amp#16;@&amp#0;&amp#1;&amp#4;&amp#16;@&amp#0;&amp#1;&amp#4;&amp#16;@��&amp#11;��vKH�����-��Ņ��Ũ`/�R�~p�T�&amp#22;�7�&���~s��I�&amp#31;whg-�&amp#26;�]K�&amp#11;m�z��&amp#0;&amp#2;&amp#8; �&amp#0;&amp#2;&amp#8;�Y&amp#1;}�!�^f?&amp#29;&�&amp#0;&amp#2;&amp#8; �&amp#0;&amp#2;&amp#8; �&amp#0;&amp#2;&amp#8; �&amp#0;&amp#2;&amp#8; �&amp#0;&amp#2;i!���*���Ż\��UV�&amp#5;����Y{�=�u������&amp#12;&amp#23;,���l�x&amp#27;�z��O&amp#27;ڍ�&��ֿ���&amp#0;&amp#2;&amp#8; �&amp#0;&amp#2;&amp#8;�q&amp#1;��e�&amp#3;bz&amp#8; �&amp#0;&amp#2;&amp#8; �&amp#0;&amp#2;&amp#8; �&amp#0;&amp#2;&amp#8; �&amp#0;&amp#2;&amp#8; P�&amp#5;��V�9΋Td�xˋ��^�h�r�=��b4ש���z�ɻC
&amp#8; �&amp#0;&amp#2;&amp#8; �@J&amp#11;�&amp#27;WVrߊR���<&amp#2;&amp#8; �&amp#0;&amp#2;&amp#8; �&amp#0;&amp#2;&amp#8; �&amp#0;&amp#2;&amp#8; �&amp#0;&amp#2;&amp#8; P&amp#22;&amp#4;ܯg]A	i�Re�I*��`az��r=X�k��&amp#3;&amp#5;&amp#5;�&amp#31;{�S:T�*U�^vV��&amp#7;�-��X+w��&amp#31;��SF&amp#0;&amp#1;&amp#4;&amp#16;@&amp#0;&amp#1;&amp#4;RN@O&amp#2;"ݞr�&amp#26;&amp#19;F&amp#0;&amp#1;&amp#4;&amp#16;@&amp#0;&amp#1;&amp#4;&amp#16;@&amp#0;&amp#1;&amp#4;&amp#16;@&amp#0;&amp#1;&amp#4;&amp#16;@&amp#0;�� ৱ#^O8{�&amp#5;���M���vըI ��в�&amp#16;&amp#14;S����&amp#3;ﮉ&amp#21;,�����&amp#26;�&amp#8; �&amp#0;&amp#2;&amp#8; �@*
�{N�R�8u�&amp#0;&amp#2;&amp#8; �&amp#0;&amp#2;&amp#8; �&amp#0;&amp#2;&amp#8; �&amp#0;&amp#2;&amp#8; �&amp#0;&amp#2;&amp#8;������T�E���k���Z�{&amp#15;����])��q7���
��)&amp#21;��t&amp#24;��&amp#3;(#�&amp#0;&amp#2;&amp#8; �&amp#0;&amp#2;�.���S�&amp#19;d�&amp#8; �&amp#0;&amp#2;&amp#8; �&amp#0;&amp#2;&amp#8; �&amp#0;&amp#2;&amp#8; �&amp#0;&amp#2;&amp#8; ��&amp#2;���&amp#25;��VMČ�*����n5ʸ['v���
v6��p�\}Z����i�To�.̏�gPb&amp#16;@&amp#0;&amp#1;&amp#4;&amp#16;@&amp#0;�&amp#20;&amp#18;�W�,}�b�{
}fL&amp#21;&amp#1;&amp#4;&amp#16;@&amp#0;&amp#1;&amp#4;&amp#16;@&amp#0;&amp#1;&amp#4;&amp#16;@&amp#0;&amp#1;&amp#4;&amp#16;@&amp#0;&amp#1;&amp#4;ʽ��^���u�����^&amp#22;������{i&amp#20;׹�ʦ���W��z���Y
&amp#8; �&amp#0;&amp#2;&amp#8; �@�&amp#17;���vr�����B&amp#16;@&amp#0;&amp#1;&amp#4;&amp#16;@&amp#0;&amp#1;&amp#4;&amp#16;@&amp#0;&amp#1;&amp#4;&amp#16;@&amp#0;&amp#1;&amp#4;&amp#16;@��	X��&amp#18;����亥�&amp#3;��p�߶hˁ��sr�E�Lo&amp#8; �&amp#0;&amp#2;&amp#8; Pf&amp#5;��e�$�{�Y&amp#8;&�&amp#0;&amp#2;&amp#8; �&amp#0;&amp#2;&amp#8; �&amp#0;&amp#2;&amp#8; �&amp#0;&amp#2;&amp#8; �&amp#0;&amp#2;&amp#8;�A���o�K]{���5m��=&amp#28;��&amp#21;Y�z�ѧ��H7��&amp#3;5�&amp#20;&amp#5;&amp#4;&amp#16;@&amp#0;&amp#1;&amp#4;&amp#16;@��	d���T�.��A&amp#0;&amp#1;&amp#4;&amp#16;@&amp#0;&amp#1;&amp#4;&amp#16;@&amp#0;&amp#1;&amp#4;&amp#16;@&amp#0;&amp#1;&amp#4;&amp#16;@&amp#0;&amp#1;&amp#4;R]�e�Up��E���F&amp#11;&amp#8;��>T'��pd`&amp#8;˵ǈ&amp#15;�@&amp#2;&amp#8; �&amp#0;&amp#2;&amp#8; ��&amp#2;&amp#25;�;uf�&amp#0;&amp#2;&amp#8; �&amp#0;&amp#2;&amp#8; �&amp#0;&amp#2;&amp#8; �&amp#0;&amp#2;&amp#8; �&amp#0;&amp#2;&amp#8; &amp#16;&amp#22;�&amp#20;x &amp#17;&amp#30;&amp#14;�&amp#6;&amp#1;&amp#4;&amp#16;@&amp#0;&amp#1;&amp#4;&amp#16;@`W&amp#4;�u+��nhW��-&amp#2;&amp#8; �&amp#0;&amp#2;&amp#8; �&amp#0;&amp#2;&amp#8; �&amp#0;&amp#2;&amp#8; �&amp#0;&amp#2;&amp#8; �@&amp#25;&amp#17; �^F>&amp#8;��&amp#0;&amp#2;&amp#8; �&amp#0;&amp#2;�X@;�d�U���KC&amp#0;&amp#1;&amp#4;&amp#16;@&amp#0;&amp#1;&amp#4;&amp#16;@&amp#0;&amp#1;&amp#4;&amp#16;@&amp#0;&amp#1;&amp#4;&amp#16;@&amp#0;&amp#1;&amp#4;&amp#16;@&amp#0;&amp#1;&amp#4;&amp#16;@&amp#0;&amp#1;&amp#4;&amp#16;@�8&amp#4;���S�D&amp#0;&amp#1;&amp#4;&amp#16;@&amp#0;&amp#1;&amp#4;&amp#16;@&amp#0;&amp#1;&amp#4;&amp#16;@&amp#0;&amp#1;&amp#4;&amp#16;@&amp#0;&amp#1;&amp#4;&amp#16;@�P&amp#1;{�{�ae<`�֭&amp#11;&amp#23;.���q�ƶm۶��^�zY���E�4�J�*��ٳ,ϓ�!�&amp#0;&amp#2;&amp#8; Pf&amp#5;��&amp#16;��2��01&amp#4;&amp#16;@&amp#0;&amp#1;&amp#4;&amp#16;@&amp#0;&amp#1;&amp#4;&amp#16;@&amp#0;&amp#1;&amp#4;&amp#16;@&amp#0;&amp#1;&amp#4;&amp#16;@��&amp#11;�t�=77��&amp#23;_|��#~N�����k�֭&amp#27;�l�V~��G��z��P�Z�&amp#15;>��t'��&amp#8; �&amp#0;&amp#2;&amp#8;����g���ԙ6&amp#2;&amp#8; �&amp#0;&amp#2;&amp#8; �&amp#0;&amp#2;&amp#8; �&amp#0;&amp#2;&amp#8; �&amp#0;&amp#2;&amp#8; �@�&amp#16;P�=&amp#21;/d���&amp#23;_|��kW�Y�f�Zƍ&amp#27;w��gO�0����ѣG&amp#15;&amp#30;<XK���&amp#18;(k-�&amp#3;&amp#15;<`��&amp#18;&amp#24;�!&amp#16;@&amp#0;&amp#1;&amp#4;&amp#16;(�&amp#2;zn;�����˥!�&amp#0;&amp#2;&amp#8; �&amp#0;&amp#2;&amp#8; �&amp#0;&amp#2;&amp#8; �&amp#0;&amp#2;&amp#8; �&amp#0;&amp#2;&amp#8;&amp#20;��ڵk�?����l����Z�޹s�����p���&amp#11;&amp#22;,x��>��իW�Խ�޻��&amp#6;�����O�:uÆ��b=\�t�7�8cƌb&amp#29;��&amp#17;@&amp#0;&amp#1;&amp#4;&amp#16;H&amp#19;�����4�Z.&amp#19;&amp#1;&amp#4;&amp#16;@&amp#0;&amp#1;&amp#4;&amp#16;@&amp#0;&amp#1;&amp#4;&amp#16;@&amp#0;&amp#1;&amp#4;&amp#16;@&amp#0;&amp#1;&amp#4;&amp#16;@&amp#0;�"&amp#17;x���-�ާO&amp#31;��o����y�*U:t���W\q��5lذ��<����O�<ٯ)����g�u���O;�3�<�&amp#4;&amp#6;e&amp#8;&amp#4;&amp#16;@&amp#0;&amp#1;&amp#4;ʷ@V���S�?&amp#21;�&amp#14;&amp#1;&amp#4;&amp#16;@&amp#0;&amp#1;&amp#4;&amp#16;@&amp#0;&amp#1;&amp#4;&amp#16;@&amp#0;&amp#1;&amp#4;&amp#16;@&amp#0;&amp#1;&amp#4;&amp#16;@��
h&amp#27;��_]����7�|���S���O<��ٳg�&amp#28;9R;����G&amp#31;}��i��&amp#11;/�`e��7n�h�F�&amp#26;�X�"??�^�zJ؇�T��^�x�
=z�P^ɒ%o��V�J��=��&amp#6;&amp#26;Dl�*��y�Eছn:�C&amp#30;{�1w�&amp#2;&amp#2;&amp#8; �&amp#0;&amp#2;&amp#8;$!����L>	7� �&amp#0;&amp#2;&amp#8; �&amp#0;&amp#2;&amp#8; �&amp#0;&amp#2;&amp#8; �&amp#0;&amp#2;&amp#8; �&amp#0;&amp#2;&amp#8;&amp#20;�@�m���o��k�x�\���"r��u�G�[�}�ر�л�G&amp#31;}ԕO:�O>�D�x�N�!233�)W���ly��U�][�[��6m��K\X�B�^�����w�}�=�P��-["�Q�&amp#0;&amp#2;&amp#8; �&amp#0;&amp#2;�&amp#11;d�&amp#31;J$&amp#2;&amp#8; �&amp#0;&amp#2;&amp#8; �&amp#0;&amp#2;&amp#8; �&amp#0;&amp#2;&amp#8; �&amp#0;&amp#2;&amp#8; �&amp#0;&amp#2;E+�r�v]�ܹs��㏏�ѢE�&amp#3;&amp#14;8@1˗/w�ػw�ެY3kئM&amp#27;&amp#29;ګe˖֡2�&M
��p�B˵&amp#31;z�5k�T���naZ�&amp#30;�&amp#15;�(�o�v�JE��&amp#21;Q�&amp#0;&amp#2;&amp#8; �@�
���t�&amp#25;&amp#29;&amp#1;&amp#4;&amp#16;@&amp#0;&amp#1;&amp#4;&amp#16;@&amp#0;&amp#1;&amp#4;&amp#16;@&amp#0;&amp#1;&amp#4;&amp#16;@&amp#0;&amp#1;&amp#4;&amp#16;H_�&amp#20;��jsx}f&amp#27;6�Z�j�&amp#31;�&amp#18;��ǏW�6~o߾��&amp#29;�q��]������k�u��:Q�3�<�������s�V&amp#24;3f�&amp#21;�8�&amp#8;+����&amp#18;����&amp#15;&amp#4;s�&amp#0;&amp#2;&amp#8; �&amp#0;&amp#2;�-�o2�n/nd�G&amp#0;&amp#1;&amp#4;&amp#16;@&amp#0;&amp#1;&amp#4;&amp#16;@&amp#0;&amp#1;&amp#4;&amp#16;@&amp#0;&amp#1;&amp#4;&amp#16;@&amp#0;&amp#1;&amp#4;&amp#16;(?&amp#2;�7o��s]�&amp#22;��sUz"����믅�7iҤO�>
Ӟ�6�k�_��&amp#1;�:�V��&amp#22;��&amp#7;&amp#26;��SO������.�&amp#2;&amp#2;&amp#8; �&amp#0;&amp#2;&amp#8;&amp#20;�&amp#0;���&amp#22;�&amp#4;&amp#16;@&amp#0;&amp#1;&amp#4;&amp#16;@&amp#0;&amp#1;&amp#4;&amp#16;@&amp#0;&amp#1;&amp#4;&amp#16;@&amp#0;&amp#1;&amp#4;&amp#16;@&amp#0;�r%�l�2��&amp#6;&amp#26;�saZ&amp#4;oa�O>���;���Zv;���&amp#31;-a�1���u�СC�V���&amp#24;&amp#4;&amp#16;@&amp#0;&amp#1;&amp#4;&amp#16;(Z�&amp#12;���GzC&amp#0;&amp#1;&amp#4;&amp#16;@&amp#0;&amp#1;&amp#4;&amp#16;@&amp#0;&amp#1;&amp#4;&amp#16;@&amp#0;&amp#1;&amp#4;&amp#16;@&amp#0;&amp#1;&amp#4;&amp#16;@�&amp#28;&amp#11;������̜�&amp#28;&amp#11;�P�B<��&amp#31;^��&amp#21;�����.�~�a����&amp#17;@&amp#0;&amp#1;&amp#4;&amp#16;@�&amp#20;&amp#5;H��">C#�&amp#0;&amp#2;&amp#8; �&amp#0;&amp#2;&amp#8; �&amp#0;&amp#2;&amp#8; �&amp#0;&amp#2;&amp#8; �&amp#0;&amp#2;&amp#8;��@���mƋ&amp#22;-�g�n5�[�&amp#30;�UVV�	'��&amp#24;=!~���&amp#22;���;j�(���sOֲ�&amp#6;�,&amp#2;&amp#8; �&amp#0;&amp#2;%)@��$�&amp#25;&amp#11;&amp#1;&amp#4;&amp#16;@&amp#0;&amp#1;&amp#4;&amp#16;@&amp#0;&amp#1;&amp#4;&amp#16;@&amp#0;&amp#1;&amp#4;&amp#16;@&amp#0;&amp#1;&amp#4;&amp#16;@ �&amp#5;�k�=�}����\�ҥK-,���&amp#21;|�GZ&amp#19;K��<q����l&amp#21;�:�(;�;&amp#2;�����ײ�&amp#27;&amp#0;&amp#28;&amp#7;&amp#16;d�PDD&amp#20;�"�ąbjn͑#Gjn�O-�/�4���lh�ܣ�3g��L�[1&amp#19;&amp#23;(��&amp#12;&amp#7;����&amp#15;7<>��&amp#28;�g���&amp#31;��Ͻ��=��;��o&amp#2;&amp#4;&amp#8;&amp#16; ��&amp#2;�������)�&amp#0;&amp#1;&amp#2;&amp#4;&amp#8;&amp#16; @�&amp#0;&amp#1;&amp#2;&amp#4;&amp#8;&amp#16; @�&amp#0;&amp#1;&amp#2;&amp#4;&amp#8;,J&amp#2;+��RL7�ߵ.p�3g�K/���m�喫�M���{��7�ʷ�~{ڋ>�I~뭷�c'�&amp#17; @�&amp#0;&amp#1;&amp#2;�-����&amp#22;�?&amp#1;&amp#2;&amp#4;&amp#8;&amp#16; @�&amp#0;&amp#1;&amp#2;&amp#4;&amp#8;&amp#16; @�&amp#0;&amp#1;&amp#2;&amp#4;&amp#8;,n&amp#2;뭷^��k����=��o��V��r�-�w�^�r�t�=�H���}�ԩ��w_\��]�t�W�&@�&amp#0;&amp#1;&amp#2;&amp#4;�W�����7:&amp#1;&amp#2;&amp#4;&amp#8;&amp#16; @�&amp#0;&amp#1;&amp#2;&amp#4;&amp#8;&amp#16; 0O�}�6,&amp#8;&amp#16;����2u�R�@�&amp#11;D,�G�&amp#30;�ml�^aK�ٳg_u�Ui�,|�.۴����g�}Vrz�n�i&amp#26;"&amp#2;�&amp#17;�Ou�M�K6�I�&amp#0;&amp#1;&amp#2;&amp#4;&amp#8;4��p{ӛ&amp#27;�&amp#0;&amp#1;&amp#2;&amp#4;&amp#8;&amp#16; @�&amp#0;&amp#1;&amp#2;&amp#4;&amp#8;&amp#16;(!��r�K��"@����2e`d&amp#19;h
��&amp#29;;&amp#30;��i���>:&amp#22;�&amp#23;�:~���O>yĈ&amp#17;Q��&amp#26;k&amp#12;&amp#30;<8_g饗N�O<�D>?K�m�v����ˇ&amp#30;z�&amp#7;&amp#30;�D�^��_��BJL�8�뮻馛&M�TP�&amp#0;&amp#1;&amp#2;&amp#4;&amp#8;&amp#16;hl�85�]c��&amp#2;&amp#4;&amp#8;&amp#16; @�&amp#0;&amp#1;&amp#2;&amp#4;&amp#8;&amp#16; @�@]&amp#4;�Xw��c>�KMu&amp#8;&amp#16;&amp#8;��+Á&amp#0;�f&amp#20;��׾v��>���q�{��c���A�V^y�N�:�z��@>B�Q&amp#20;3��3�<3�v�϶O�>�2&amp#22;�&amp#15;&amp#28;80Nd�����V������+����a��}��w/�$2c7�[o�5&amp#18;&amp#17;n?��##�E�&amp#0;&amp#1;&amp#2;&amp#4;&amp#8;4�@lW#��d�&amp#6;"@�&amp#0;&amp#1;&amp#2;&amp#4;&amp#8;&amp#16; @�&amp#0;&amp#1;&amp#2;&amp#4;*	&amp#28;7t�;^&amp#30;/�^�H&amp#25;��&amp#2;��v��2��/&amp#1;&amp#2;� &amp#16;�����77�|����&amp#24;>v��W�<����9�,���&amp#5;Eݺu�{�#R&amp#30;!�_�}E��C��}��Y�޽{&amp#15;&amp#25;2��&amp#30;K9�o�}V�%�~��~��׳L	&amp#2;&amp#4;&amp#8;&amp#16; @��&amp#4;&amp#22;x���F5&amp#16;&amp#1;&amp#2;&amp#4;&amp#8;&amp#16; @�&amp#0;&amp#1;&amp#2;&amp#4;&amp#8;&amp#16; @�X��&amp#3;֊ bq�&amp#28;&amp#2;&amp#4;�&amp#2;��$���s�	&amp#16;h&amp#22;������q:��;�&amp#24;a��9�v�i�<�8֞j&amp#30;s�1���7�:t萿��n��rb�|߾}&amp#11;J�r�6H�q�{qi�XO_��R&amp#2;&amp#4;&amp#8;&amp#16; @��@uuu���ڴ�\O)&amp#1;&amp#2;&amp#4;&amp#8;&amp#16; @�&amp#0;&amp#1;&amp#2;&amp#4;&amp#8;&amp#16; @��&amp#4;.&amp#30;�^,s���3g�i�AD��&amp#11;�o�&�k�=�c]{��>3+�.P���^ ��_|��d&amp#28;�&amp#25;�&amp#23;��k���p�&amp#17;�M��&amp#11;�r��M}Fo�gώ�
&amp#29;�Ro��N��
�i����Pn2Yۨ�^�y$*&amp#15;��|����,1����j�0kU2&amp#17;P%�&amp#27;<s֬Y��ާ�~z�������&amp#1;&amp#7;&amp#28;p�q�U&amp#30;hڴi����&amp#25;3�v�&amp#26;;�&amp#23;����?��ϣ���GP����|饗"N?`���R9&amp#4;&amp#8;&amp#16; @�&amp#30;&amp#2;q&amp#12;J=Z}�+���^�7[�6�U����f���	&amp#16; @�&amp#0;&amp#1;&amp#2;&amp#4;&amp#8;&amp#16; @�&amp#0;&amp#1;&amp#2;&amp#4;&amp#8;&amp#16;h�&amp#2;��S��
&amp#31;o��6�"�&amp#28;��{q}��b��9M&amp#22;nϦ1r���&amp#14;;,]~{�++Z�ĉ'���&amp#11;/D�{����&amp#29;S}&amp#2;&amp#4;&amp#8;&amp#16;h�&amp#2;��&amp#23;���1.B&amp#31;@|1����&amp#8;��T	&amp#16; @�&amp#0;&amp#1;&amp#2;&amp#4;&amp#8;&amp#16; @�&amp#0;&amp#1;&amp#2;&amp#4;&amp#8;&amp#16; @�@K&amp#22;Xe�U~��ߦ&amp#25;�V�7�pC�f&amp#27;���X�>��S��G�F֊&amp#0;&amp#1;&amp#2;&amp#4;&amp#8;&amp#16;���X{]��#@�&amp#0;&amp#1;&amp#2;&amp#4;&amp#8;&amp#16; @�&amp#0;&amp#1;&amp#2;&amp#4;&amp#8;&amp#16; @�&amp#0;&amp#1;&amp#2;u&amp#17;&amp#24;<x�)���j^z饷�zk]Z��&amp#31;?����J9qB|�H�&amp#0;&amp#1;&amp#2;&amp#4;&amp#8;&amp#16;h!&amp#2;���]��b�{&amp#11;�<L�&amp#0;&amp#1;&amp#2;&amp#4;&amp#8;&amp#16; @�&amp#0;&amp#1;&amp#2;&amp#4;&amp#8;&amp#16; @�&amp#0;&amp#1;&amp#2;&amp#4;&amp#22;&amp#15;��v�-�q���v&amp#30;}��M7ݴo߾��Z��۶m��&amp#27;o<��&amp#19;�r�F߻w�Z&amp#27;�@�&amp#0;&amp#1;&amp#2;&amp#4;&amp#8;4�@��ۤ�~�~l#&amp#18; @�&amp#0;&amp#1;&amp#2;&amp#4;&amp#8;&amp#16; @�&amp#0;&amp#1;&amp#2;&amp#4;&amp#8;&amp#16; ��&amp#8;4�I��n����&amp#28;�9����P
��
�H�{&amp#5;��EMv{��T.�i���Mv�u�X%&amp#31;&amp#2;�[)%@�&amp#0;&amp#1;&amp#2;(P�&amp#19;L&amp#26;�&amp#27;c&amp#3;�K&amp#19;t�.����n&amp#2;hC&amp#16; @�&amp#0;&amp#1;&amp#2;&amp#4;&amp#8;&amp#16; @�&amp#0;&amp#1;&amp#2;&amp#4;&amp#8;&amp#16; @�&amp#0;��&amp#2;&amp#7;&amp#30;x��1c�M�&amp#22;K�7�|�u�]�r}�&amp#4;&amp#8;&amp#16; @�@�
�&amp#19;ko�&amp#15;��&amp#4;&amp#8;&amp#16; @�&amp#0;&amp#1;&amp#2;&amp#4;&amp#8;&amp#16; @�&amp#0;&amp#1;&amp#2;&amp#4;&amp#8;&amp#16; @ 	&amp#28;r�!(&amp#8;&amp#16; @�&amp#0;�EH��;�,B7i�&amp#4;&amp#8;&amp#16; @�&amp#0;&amp#1;&amp#2;&amp#4;&amp#8;&amp#16; @�&amp#0;&amp#1;&amp#2;&amp#4;&amp#8;&amp#16; @�&amp#0;&amp#1;&amp#2;&amp#4;&amp#8;&amp#16; @�&amp#1;&amp#5;b#�����&amp#6;�QW&amp#4;&amp#8;&amp#16; @�&amp#0;&amp#1;&amp#2;&amp#4;&amp#8;&amp#16; @�&amp#0;&amp#1;&amp#2;&amp#4;&amp#8;&amp#16; @�&amp#0;&amp#1;&amp#2;&amp#4;&amp#8;&amp#16; @`�&amp#23;�����ߧ&amp#27;$@�&amp#0;&amp#1;&amp#2;&amp#4;&amp#8;&amp#16; @�&amp#0;&amp#1;&amp#2;&amp#4;&amp#8;&amp#16; @��"!�N�l�g����E�32I&amp#2;&amp#4;&amp#8;&amp#16; @�@& ֞QH&amp#16; @�&amp#0;&amp#1;&amp#2;&amp#4;&amp#8;&amp#16; @�&amp#0;&amp#1;&amp#2;&amp#4;&amp#8;&amp#16; @�9&amp#5;Zg�=��X��{s��&amp#25;�&amp#0;&amp#1;&amp#2;&amp#4;&amp#8;&amp#16;XH����n!��N�&amp#0;&amp#1;&amp#2;&amp#4;&amp#8;&amp#16; @�&amp#0;&amp#1;&amp#2;&amp#4;&amp#8;&amp#16; @�&amp#0;&amp#1;&amp#2;�"К��&amp#21;&amp#30;5�P�(&amp#31;�N	&amp#16; @�&amp#0;&amp#1;&amp#2;u&amp#19;�/oV�׍J-&amp#2;&amp#4;&amp#8;&amp#16; @�&amp#0;&amp#1;&amp#2;&amp#4;&amp#8;&amp#16; @�&amp#0;&amp#1;&amp#2;&amp#4;&amp#8;4�@&amp#22;hO���&amp#6;\�:.��GN�Z�n�t	&amp#16; @�&amp#0;��E����'�>&amp#8;&amp#16; @�&amp#0;&amp#1;&amp#2;&amp#4;&amp#8;&amp#16; @�&amp#0;&amp#1;&amp#2;&amp#4;&amp#8;&amp#16;Xd&amp#5;��㣫5v&amp#30;&amp#21;�O8�Nm�"	&amp#2;&amp#4;&amp#8;&amp#16; @�@�	ķ�*�I6&amp#25;��&amp#8;&amp#16; @�&amp#0;&amp#1;&amp#2;&amp#4;&amp#8;&amp#16; @�&amp#0;&amp#1;&amp#2;&amp#4;&amp#8;&amp#16; P,���&amp#5;!��j�wN��:���f�fE�t�)A�&amp#0;&amp#1;&amp#2;&amp#4;&amp#8;&amp#16;hz��V�&amp#29;��ōH�&amp#0;&amp#1;&amp#2;&amp#4;&amp#8;&amp#16; @�&amp#0;&amp#1;&amp#2;&amp#4;&amp#8;&amp#16; @�@+&amp#17;���H�r7&amp#30;��Zs~�R&amp#28;_/�i�P�&amp#0;&amp#1;&amp#2;&amp#4;&amp#8;&amp#16;h&amp#22;������f�7(&amp#1;&amp#2;&amp#4;&amp#8;&amp#16; @�&amp#0;&amp#1;&amp#2;&amp#4;&amp#8;&amp#16; @�&amp#0;&amp#1;&amp#2;�Q �&amp#31;�ƛ�x�&amp#17;>O��V�VQ?�,A�&amp#0;&amp#1;&amp#2;&amp#4;&amp#8;&amp#16;h&amp#22;�v�2�A	&amp#16; @�&amp#0;&amp#1;&amp#2;&amp#4;&amp#8;&amp#16; @�&amp#0;&amp#1;&amp#2;&amp#4;&amp#8;&amp#16; �z&amp#4;"r&amp#28;�����=#����ũN��Iw&amp#26;,���#��*P�=+TSD�&amp#0;&amp#1;&amp#2;&amp#4;&amp#8;&amp#16;h$&amp#1;��F��-&amp#1;&amp#2;&amp#4;&amp#8;&amp#16; @�&amp#0;&amp#1;&amp#2;&amp#4;&amp#8;&amp#16; @�&amp#0;&amp#1;&amp#2;&amp#4;�&amp#16;H��&amp#8;&amp#15;�+r���ܒ��&amp#8;3�lqI�M�[��P��n9&amp#31;_�ҵj&amp#20;w�&amp#31;B�&amp#0;&amp#1;&amp#2;&amp#4;&amp#8;&amp#16; �x&amp#2;�=D���x�L�&amp#0;&amp#1;&amp#2;&amp#4;&amp#8;&amp#16; @�&amp#0;&amp#1;&amp#2;&amp#4;&amp#8;&amp#16; @�&amp#0;�&amp#26;�&amp#20;3����luuuBi=q������:&amp#5;��[�V�	&amp#16; @�&amp#0;&amp#1;&amp#2;�( �ތ��&@�&amp#0;&amp#1;&amp#2;&amp#4;&amp#8;&amp#16; @�&amp#0;&amp#1;&amp#2;&amp#4;&amp#8;&amp#16; @`�&amp#23;�&amp#16;r
�G"�mZ�&amp#30;A���̬BVg1s�&amp#27;�&amp#28;ҭ�e��یth�͛��|*���*K&amp#16; @�&amp#0;&amp#1;&amp#2;&amp#4;Z�@|�����|&amp#22;�A�&amp#0;&amp#1;&amp#2;&amp#4;&amp#8;&amp#16; @�&amp#0;&amp#1;&amp#2;&amp#4;&amp#8;&amp#16; @���)��&amp#25;g�&amp#20;k�8t&amp#22;�^�&amp#3;�q�şnvˑ(x&amp#21;W.ȉ�%�,��&amp#0;&amp#1;&amp#2;&amp#4;&amp#8;&amp#16; Ш&amp#2;��ʫs&amp#2;&amp#4;&amp#8;&amp#16; @�&amp#0;&amp#1;&amp#2;&amp#4;&amp#8;&amp#16; @�&amp#0;&amp#1;&amp#2;&amp#4;&amp#8;�&amp#8;Dx8�H��H��W*Ju�5�&�Y"�1��.Xݞ��@�_F:���⢂�.	&amp#16; @�&amp#0;&amp#1;&amp#2;�* �ި�:'@�&amp#0;&amp#1;&amp#2;&amp#4;&amp#8;&amp#16; @�&amp#0;&amp#1;&amp#2;&amp#4;&amp#8;&amp#16; @�@�@&amp#4;�&amp#11;&amp#2;̑�&amp#2;�)�&amp#30;��J�5m&amp#22;�W�f�Y�{��-&amp#25;PO�%�Jv"�&amp#0;&amp#1;&amp#2;&amp#4;&amp#8;&amp#16; �&amp#24;&amp#2;q<�p{c��&amp#0;&amp#1;&amp#2;&amp#4;&amp#8;&amp#16; @�&amp#0;&amp#1;&amp#2;&amp#4;&amp#8;&amp#16; @�&amp#0;&amp#1;&amp#2;�&amp#2;)<���YY\F~���BVs1K�r�����L&amp#26;Yi�D]�l�H��]w�{ｷ�&amp#22;[l��֍4�n	&amp#16; @�&amp#0;��&�������&amp#15;&amp#1;&amp#2;&amp#4;&amp#8;&amp#16; @�&amp#0;&amp#1;&amp#2;&amp#4;&amp#8;&amp#16; @�&amp#0;&amp#1;&amp#2;�E ś#l�"���kO���<[��#��&amp#24;1�G�&amp#30;&amp#11;&amp#27;n&amp#31;7n�'�|&amp#18;&amp#26;���Z�&amp#26;�g����&amp#15;F�&amp#26;���ow�ܹ���
+�P�&amp#15;O4�V���ڇ&amp#31;~&amp#24;&amp#3;&amp#24;0�W�^���Paڴio��ƫ��&amp#26;��m�5��ڵk������Q�*&amp#16; @�&amp#0;��&amp#22;������O�&amp#0;&amp#1;&amp#2;&amp#4;&amp#8;&amp#16; @�&amp#0;&amp#1;&amp#2;&amp#4;&amp#8;&amp#16; @�&amp#0;�/&amp#4;������,�E%��!p�=���L�z����ٳ�}O�4��+���[�+&amp#12;&amp#25;2��[q�&amp#21;��R���_�e�&amp#21;�F��&amp#23;���Zk�U�_�e����_=��C&amp#5;57�`�3�<�{��&amp#5;��e�N#�V�&amp#0;&amp#1;&amp#2;&amp#4;&amp#8;4�@�>E�;&amp#3;�&amp#19; @�&amp#0;&amp#1;&amp#2;&amp#4;&amp#8;&amp#16; @�&amp#0;&amp#1;&amp#2;&amp#4;&amp#8;&amp#16; в&amp#5;�W��̊�&amp#11;&amp#20;N�2e��E�m۶�7�z�kO�э�Bc�p��qni�t�������^�<��n��Q��U�Q!���HT&amp#30;":�~/&amp#29;���а9&amp#1;հ&amp#29;�{�9s������O��s�N��[o�>}����o���&amp#21;B�ӧO���&amp#11;�㎬�r������&amp#31;����}.�袁&amp#3;&amp#7;f��D����n�� ?��9&amp#12;&amp#26;4(��5�����G?&amp#26;>|xɚq�1�e�Y�����QпK&amp#2;&amp#4;&amp#8;&amp#16;hX���^&amp#29;6�7�z��<���8���7*&amp#1;&amp#2;&amp#4;&amp#8;&amp#16; @�&amp#0;&amp#1;&amp#2;&amp#4;&amp#8;&amp#16; @�&amp#0;�EG��~yZ9^�2A&amp#26;<�&amp#30;��MwZ�Hsj.�^���F
�G�&amp#17;,��k>���r�Y~�寸�����Bl&amp#8;�ӟ����_��&amp#11;���曇&amp#31;~x�&amp#25;��&amp#31;x�����j&amp#4;��N�&amp#26;a��V�Z��k�-&amp#24;+r.����v�=��u��(@l&amp#2;��w?���)�ꫯ^e�U�3��>餓���Tᨣ��&amp#21;�K.���/�|��7��&amp#31;�&amp#28;&&amp#29;:t�w����w.M�&amp#0;&amp#1;&amp#2;. ܾP�6�_(.�	&amp#16; @�&amp#0;&amp#1;&amp#2;&amp#4;&amp#8;&amp#16; @�&amp#0;&amp#1;&amp#2;&amp#4;&amp#8;&amp#16; �&amp#4;"�^�&amp#16;��Wu�Y6r��ȃ4n���&amp#31;o���1"D�=V&amp#18;���w�ꩧ�8�T'���<G
T&amp#23;w�r����>:v�?蠃���o�C ����t�M��wߨ&amp#25;g������u�]�~⁀l��C&amp#15;=�#�HE��~�С?��&amp#15;S�<�������V&amp#21;&amp#18;q`|&amp#22;k?��sc�T9���o�yL2�<x���&amp#31;{�m��6�����,A�&amp#0;&amp#1;&amp#2;&amp#4;Z�@UK��9&amp#16; @�&amp#0;&amp#1;&amp#2;&amp#4;&amp#8;&amp#16; @�&amp#0;&amp#1;&amp#2;&amp#4;&amp#8;&amp#16; @��&amp#8;��X{��&amp#3;!^��A�&amp#22;��>&amp#22;�g���v�x��&amp#16;�Xz&amp#30;&amp#11;����N;m�=���x��&amp#27;6,��)־��&amp#27;���^a�&amp#21;
�&amp#20;_F��o��1�&amp#28;����j�{����&amp#14;>���g�M+��]w�l}|�о}���>;�#�&amp#30;&amp#11;��˥������&amp#14;;,�����F<C��w�yg��&amp#6;�F�si&amp#2;&amp#4;&amp#8;&amp#16; м&amp#2;��Pբ�U�yՌN�&amp#0;&amp#1;&amp#2;&amp#4;&amp#8;&amp#16; @�&amp#0;&amp#1;&amp#2;&amp#4;&amp#8;&amp#16; @�&amp#0;&amp#1;&amp#2;(������'�H�&amp#31;�˿����"�L#�!���;���'���&amp#22;[d�)&amp#17;'�Ǯ��o��b�x׮]�&amp#16;��:ŗ���.[��rV_}��&amp#24;5jT��?���t&amp#25;kͣ�|Q��t�&amp#18;k�Sf,�/(-��5kV��V[mU\!n-=&amp#16;+�ǌ&amp#25;�U�Z5�4�n%&amp#8;&amp#16; @�@K&amp#16;���"�=�%��&amp#3;&amp#1;&amp#2;&amp#4;&amp#8;&amp#16; @�&amp#0;&amp#1;&amp#2;&amp#4;&amp#8;&amp#16; @�&amp#0;&amp#1;&amp#2;&amp#4;�E ��F"��2��{�x�5X�D��SNAi�&amp#19;��k&amp#22;��O�������&amp#30;��$߼���r�u�Yg��[�n�sN,&amp#4;� }l#&amp#31;�9s旼�ɓ'�&amp#30;"���*v�O��&amp#7;&amp#15;��g�8�=��|��,�\"v�Ok�c���߾�Z�N&amp#22;���
;��[	&amp#2;&amp#4;&amp#8;&amp#16; �&amp#18;&amp#4;��RMĽ%L�&amp#28;&amp#8;&amp#16; @�&amp#0;&amp#1;&amp#2;&amp#4;&amp#8;&amp#16; @�&amp#0;&amp#1;&amp#2;&amp#4;&amp#8;&amp#16; @�.&amp#2;&amp#17;�M���nJԥU���{AL=k&amp#27;E�U���?��&amp#18;&amp#5;9�2M#�&amp#23;ԯ����Z뷄
}��M�x����l�R,F�n��&amp#22;�I��#G�L&amp#21;���ՌY�-�c�y�����xV ]�&amp#31;?>�_2��'���7ܰ�G&amp#22;&amp#11;�S�	&amp#19;&�D�O���d&amp#18; @�&amp#0;�f&amp#20;&amp#16;koF|C&amp#19; @�&amp#0;&amp#1;&amp#2;&amp#4;&amp#8;&amp#16; @�&amp#0;&amp#1;&amp#2;&amp#4;&amp#8;&amp#16; @�>&amp#2;�&amp#11;oG4=&amp#11;�G:&amp#6;N�)QP�&amp#21;���Y�5�M)_qMg��X������.��F��1c�C&amp#15;=�:�@x6ʧ�~��K/�t�Y�Xj��R·&amp#31;~XPT|���c�~qi��:���>�rC�'@�&amp#0;&amp#1;&amp#2;�"&amp#16;ߗ���U��mP&amp#2;&amp#4;&amp#8;&amp#16; @�&amp#0;&amp#1;&amp#2;&amp#4;&amp#8;&amp#16; @�&amp#0;&amp#1;&amp#2;&amp#4;&amp#8;&amp#16;��@&amp#22;ޮ��t�+�)�g����zz��&amp#15;���&amp#20;���ȌW����&amp#24;+�L��ѣNd�k.��W^�&amp#27;��F���&amp#31;~x��&amp#30;1bD���m��&amp#22;ۼ��q~��&amp#27;o��!�sw��=�,Hd�Ϗ&amp#27;7����2�$&amp#31;�YL��N�aq����Q<�&amp#28;&amp#2;&amp#4;&amp#8;&amp#16; Ќ&amp#2;�-�]�׌304&amp#1;&amp#2;&amp#4;&amp#8;&amp#16; @�&amp#0;&amp#1;&amp#2;&amp#4;&amp#8;&amp#16; @�&amp#0;&amp#1;&amp#2;&amp#4;&amp#8;,�@
i�{&amp#22; O����S������xO&amp#11;�
�"?Z���<�U6�ȌW\�DzO�Y��H�&amp#21;d.&amp#30;����w��n������~��q��N;�-ϗ6xz̘1W]uU�6�>�t�-F�&amp#16;&amp#29;o׮]6��?�<&amp#11;�g��D&amp#22;n�ڵk>?�Ί��}�O#?�4&amp#1;&amp#2;&amp#4;&amp#8;&amp#16;h	&amp#2;U�oN-aB�@�&amp#0;&amp#1;&amp#2;&amp#4;&amp#8;&amp#16; @�&amp#0;&amp#1;&amp#2;&amp#4;&amp#8;&amp#16; @�&amp#0;&amp#1;&amp#2;�
� wZY�__����_�&amp#22;�&amp#18;8.�V�痶&amp#23;�nO]�;�f&amp#21;�&amp#5;C�ed�+�&amp#19;�D:�g��M�}��'�tҟ���C�f7&amp#21;ǥ�q�&amp#29;�&amp#29;w�w���7�x#�o�ĤI�N9�t@�׿���4b��S��e�8�=U�5kV��u�p�%�H��&amp#22;�)Q�VQ��Ө<I�&amp#4;&amp#8;&amp#16; @��&amp#5;j�&amp#0;5��F$@�&amp#0;&amp#1;&amp#2;&amp#4;&amp#8;&amp#16; @�&amp#0;&amp#1;&amp#2;&amp#4;&amp#8;&amp#16; @�&amp#0;�&amp#6;&amp#17;�&amp#27;�y�ǿ��w*�0P��x&amp#22;)��y�sq?�*J�{Vm1K���g�}v,j����6|��#�8"����6mڏ~��w�}7�\u�U#�_�y��=��((�_�h}�t��1�_��:�&amp#16;��z�ܹs�!k�P�(��&amp#28;&amp#2;&amp#4;&amp#8;&amp#16; м&amp#2;v�o^�&amp#19; @�&amp#0;&amp#1;&amp#2;&amp#4;&amp#8;&amp#16; @�&amp#0;&amp#1;&amp#2;&amp#4;&amp#8;&amp#16; @��&amp#2;�PzJg&amp#17;�t�&amp#15;ug����j-�w޶m�4J��&amp#16;���q&amp#23;���={���6�ls�Gf�&amp#21;Q�l&amp#15;�,��'�O���&amp#31;���_��"��y�&amp#21;&amp#7;�{��&amp#6;ʶs/&amp#30;7b�Yfq&amp#15;YQJ�=�D��/(�.cG��^z�S�����%A�&amp#0;&amp#1;&amp#2;&amp#4;Z�@|�j&amp#23;&amp#27;&amp#4;�w��0�Eb&amp#14;�=��"1O�$@�&amp#0;&amp#1;&amp#2;&amp#4;&amp#8;&amp#16; @�&amp#0;&amp#1;&amp#2;&amp#4;&amp#8;&amp#16;X�&amp#5;6�h���&amp#30;�`&amp#5;�,�]��_�����D��E�#�U��sAQ4�W~�|A&amp#5;��@�>}&amp#14;9䐯}�k���7S��󟭶�*���&amp#19;3g����~���FW&amp#17;���&amp#31;��Ŷ�w��=]~��g��|:��&amp#23;,�����u	�g���r�O#��&amp#4;&amp#1;&amp#2;&amp#4;&amp#8;&amp#16;h	&amp#2;�;�X{K�,́&amp#0;&amp#1;&amp#2;&amp#4;&amp#8;&amp#16; @�&amp#0;&amp#1;&amp#2;&amp#4;&amp#8;&amp#16; @�&amp#0;&amp#1;&amp#2;&amp#11;!�&amp#15;�G:��.�����ȳ��)��&amp#3;��Y�,�^�歼ZD�c�{Bx��7&amp#27;P#b�g�q�c�=&amp#22;}F��O�S�޽K��m�������}�ĉ��2�,S��|f&amp#22;A&amp#31;?~|>?�Ί��>��p�&amp#4;&amp#8;&amp#16; @�%&amp#8;�k	�X�����E��2U&amp#2;&amp#4;&amp#8;&amp#16; @�&amp#0;&amp#1;&amp#2;&amp#4;&amp#8;&amp#16; @�&amp#0;&amp#1;&amp#2;��@>�&amp#30;w�]�`yM&amp#4;�蕯V&amp#14;'�GQ�${��{���&amp#5;���3f�(.�_N&amp#28;�&amp#30;��G&amp#31;}4��X�
+�P��~�����_}�Ձ&amp#3;&amp#7;&amp#22;�|���Sf��}�I��>��qSK,�D�4��y晔�*�e�N�xP9&amp#4;&amp#8;&amp#16; @�&amp#25;&amp#5;⫖oH��oh&amp#2;&amp#4;&amp#8;&amp#16; @�&amp#0;&amp#1;&amp#2;&amp#4;&amp#8;&amp#16; @�&amp#0;&amp#1;&amp#2;&amp#4;&amp#8;|Y�,��u���g+�SfV�\"�EQ����{(ת��G���&amp#15;?,wףG����R�&amp#27;nX��B�G�=��O��^�z]t�E�c����;xꩧJ���#���!C����ό&amp#5;�&amp#27;l�A�&amp#25;>|x�(��N���O����n�Uh�id�J&amp#16; @�&amp#0;��  ��&amp#18;>&amp#5;s @�&amp#0;&amp#1;&amp#2;&amp#4;&amp#8;&amp#16; @�&amp#0;&amp#1;&amp#2;&amp#4;&amp#8;&amp#16; @�@�&amp#5;��z�E��7K&amp#23;&amp#7;�˅ϳ~�({�ɺ�D��/[m�����o���<�ȫ����{�}�&amp#23;&L�&amp#16;&amp#26;q��y�w��&amp#7;O�2%.�Yg�,D�e�R�}ذa�I��c&amp#15;��}���a&amp#22;����|�MF�&amp#26;���/GN�N���b�|Q�?����-�����j���&amp#11;��e��27�l�e�]6��e��u"A�&amp#0;&amp#1;&amp#2;&amp#4;Z�@ͷ��93�"@�&amp#0;&amp#1;&amp#2;&amp#4;&amp#8;&amp#16; @�&amp#0;&amp#1;&amp#2;&amp#4;&amp#8;&amp#16; @�&amp#0;��&amp#2;Y4�8&amp#28;�&amp#21;e��B&amp#28;=��S�Hg��Hd��:�L���&amp#16;Yi�J����&amp#17;n?��O<��q��ŽGΝwޙ&amp#16;6�x�(j��˞�&amp#26;��3�<3��c���/�x�喫�sl&amp#17;&amp#31;��&amp#25;Ƿ�~���O�*&amp#14;Y?餓��N;�ԱcǬ(&amp#18;?��O��c������&amp#23;_���"���G�C&amp#15;=t�5��b_�x� ���.��zO#߉4&amp#1;&amp#2;&amp#4;&amp#8;&amp#16;h�&amp#2;�u�]��}=j��4+&amp#2;&amp#4;&amp#8;&amp#16; @�&amp#0;&amp#1;&amp#2;&amp#4;&amp#8;&amp#16; @�&amp#0;&amp#1;&amp#2;&amp#4;&amp#8;&amp#16;H&amp#2;�A��&amp#11;�,?�+���~#���=^����a$R��f��+���������Ѽ\QVg�L|��ߎ�ܱ����m��&�&amp#29;vX���K֯�y��>��é�̙3��W�&amp#31;�&amp#30;{�Y��F���駟>���#^&amp#30;[Џ&amp#24;1"���~=�E�<��Y�H�N�i�����c����J#*&amp#31;����ȹ�+��&amp#7;&amp#15;&amp#30;&amp#28;=DT>&amp#2;��Zk�U�V�&amp#30;��&amp#6;� @�&amp#0;&amp#1;&amp#2;-\�]��2��?&amp#21;�#@�&amp#0;&amp#1;&amp#2;&amp#4;&amp#8;&amp#16; @�&amp#0;&amp#1;&amp#2;&amp#4;&amp#8;&amp#16; @�@I�Z���P&amp#16;&amp#14;��,'bꑎW�&amp#18;�Q��J��2S�
&amp#21;ZI�ns_ӦM�=�?���I�&��w��E�;��	'�йs�&amp#6;t��O��b}ZF��&amp#20;$
&amp#22;�&amp#15;&amp#24;0��K/����&amp#23;�ɿ=���ߣG�&amp#11;.�`�&amp#21;W�gΘ1#��8qb�N�=�ܳm۶�{n\Ɗ�x�+�A����/�Xb�|f��1��&amp#30;\&amp#18; @�&amp#0;��)&amp#16;_���>6-��̊&amp#0;&amp#1;&amp#2;&amp#4;&amp#8;&amp#16; @�&amp#0;&amp#1;&amp#2;&amp#4;&amp#8;&amp#16; @�&amp#0;&amp#1;&amp#2;��@q�;~�[pשN�Oa�|��~J��S��a�UqQ�Oq��8'V{�&amp#25;��&amp#24;���Z*��&amp#17;�^�X{F&amp#23;a�V��KV.&amp#8;�G���^;�z�%�&amp#6;=�h��8&amp#0;>B�q�|��^��*��&amp#18;w�j~��_-(���w߽[�n�g~���JW]u�M7�4&amp#22;�&amp#23;��S���Fֳ&amp#4;&amp#1;&amp#2;&amp#4;&amp#8;&amp#16;h�&amp#2;5&amp#15;3��)�&amp#30;&amp#1;&amp#2;&amp#4;&amp#8;&amp#16; @�&amp#0;&amp#1;&amp#2;&amp#4;&amp#8;&amp#16; @�&amp#0;&amp#1;&amp#2;�*о��3+�.P&amp#24;Kl&amp#23;�^&amp#20;.&amp#22;*��&amp#4;7�Eg&amp#23;�W�Y�4��6�&amp#23;&amp#20;�o!+���&amp#18;�EYN�����={v&amp#19;L�裏�M�&amp#15;<���^�M0�B1f̘�c���߿gϞ&amp#21;&amp#26;�z�X�&amp#30;�&amp#17;���&amp#26;&amp#21;�&amp#5;�Q��N�&amp#26;��t�{����:N#�D�&amp#0;&amp#1;&amp#2;&amp#4;�R`��_=7�&amp#6;�Ƙ�s&amp#17;HZݾ&amp#8;|H�H�&amp#0;&amp#1;&amp#2;&amp#4;&amp#8;&amp#16; @�&amp#0;&amp#1;&amp#2;&amp#4;&amp#8;&amp#16; @�&amp#0;�$�&amp#5;�&amp#23;
$Z&amp#21;�Ës
�L��#&amp#22;7����&amp#23;t��_���o��ɕ��͎0w)~�Z�&amp#17;�׷�f�Z�œ(���Z�Պ+�q&amp#26;��&amp#16; @�&amp#0;��&P�-(�U����|&amp#8;&amp#16; @�&amp#0;&amp#1;&amp#2;&amp#4;&amp#8;&amp#16; @�&amp#0;&amp#1;&amp#2;&amp#4;&amp#8;&amp#16;h&amp#1;&amp#2;�V�����4�&amp#18;&amp#11;�K���yC��4��&amp#27;j��!@�&amp#0;&amp#1;&amp#2;�.`u{�?���ꪺ�V�&amp#0;&amp#1;&amp#2;&amp#4;&amp#8;&amp#16; @�&amp#0;&amp#1;&amp#2;&amp#4;&amp#8;&amp#16; @�&amp#0;&amp#1;&amp#2;&amp#4;�W B��U�iDͨ��&amp#11;�Ǫ�xe�%�d�Y"��7̊$&amp#8;&amp#16; @�&amp#0;&amp#1;&amp#2;�M�*^���/&amp#1;&amp#2;&amp#4;&amp#8;&amp#16; @�&amp#0;&amp#1;&amp#2;&amp#4;&amp#8;&amp#16; @�&amp#0;&amp#1;&amp#2;&amp#4;&amp#22;]�&amp#20;�c��B��z&amp#29;;�&amp#16;�_tI͜&amp#0;&amp#1;&amp#2;&amp#4;&amp#8;&amp#16; Po&amp#1;��z�iH�&amp#0;&amp#1;&amp#2;&amp#4;&amp#8;&amp#16; @�&amp#0;&amp#1;&amp#2;&amp#4;&amp#8;&amp#16; @�&amp#0;�f&amp#16;�ch<ͬB�,���&amp#18;&amp#21;�*kU��"&amp#2;&amp#4;&amp#8;&amp#16; @�@+&amp#17;&amp#16;no%&amp#31;��$@�&amp#0;&amp#1;&amp#2;&amp#4;&amp#8;&amp#16; @�&amp#0;&amp#1;&amp#2;&amp#4;&amp#8;&amp#16; @�@%�&amp#20;k�KĽR/�&amp#8;&amp#16; @�&amp#0;&amp#1;&amp#2;�F����v�&amp#4;&amp#8;&amp#16; @�&amp#0;&amp#1;&amp#2;&amp#4;&amp#8;&amp#16; @�&amp#0;&amp#1;&amp#2;&amp#4;&amp#8;&amp#16;�(`���<
	&amp#16; @�&amp#0;&amp#1;&amp#2;�&amp#2;�n/&amp#20;qM�&amp#0;&amp#1;&amp#2;&amp#4;&amp#8;&amp#16; @�&amp#0;&amp#1;&amp#2;&amp#4;&amp#8;&amp#16; @�&amp#0;�V+`��V�ѻq&amp#2;&amp#4;&amp#8;&amp#16; @�~&amp#2;6����V&amp#4;&amp#8;&amp#16; @�&amp#0;&amp#1;&amp#2;&amp#4;&amp#8;&amp#16; @�&amp#0;&amp#1;&amp#2;&amp#4;&amp#8;&amp#16; @�&amp#0;&amp#1;&amp#2;&amp#4;&amp#8;&amp#16; Ъ&amp#5;��[����	&amp#16; @�&amp#0;&amp#1;&amp#2;&amp#4;&amp#8;&amp#16; @�&amp#0;&amp#1;&amp#2;&amp#4;&amp#8;&amp#16; @�&amp#0;&amp#1;&amp#2;&amp#4;&amp#8;&amp#16; @�&amp#30;&amp#2;�3P�z4ӄ&amp#0;&amp#1;&amp#2;&amp#4;&amp#8;&amp#16; @�&amp#0;&amp#1;&amp#2;&amp#4;&amp#8;&amp#16; @�&amp#0;&amp#1;&amp#2;�D�M�6q�vY_&amp#20;?���-�37g&amp#2;&amp#4;&amp#8;&amp#16; @`�&amp#16;�/&amp#27;V�/&amp#18;��I&amp#18; @�&amp#0;&amp#1;&amp#2;&amp#4;&amp#8;&amp#16; @�&amp#0;&amp#1;&amp#2;&amp#4;&amp#8;&amp#16; М&amp#2;&amp#2;�ͩ_��}d�bӈ&amp#0;&amp#1;&amp#2;&amp#4;&amp#8;&amp#16;X8&amp#1;����R�&amp#0;&amp#1;&amp#2;&amp#4;&amp#8;&amp#16; @�&amp#0;&amp#1;&amp#2;&amp#4;&amp#8;&amp#16; @�&amp#0;&amp#1;&amp#2;&amp#4;&amp#8;&amp#16; @�&amp#0;&amp#1;&amp#2;&amp#4;&amp#8;TWW��M�<��G�&amp#0;&amp#1;&amp#2;&amp#4;&amp#8;&amp#16; @�&amp#0;&amp#1;&amp#2;&amp#4;&amp#8;&amp#16; @�&amp#0;&amp#1;&amp#2;%&amp#5;f͚U2_&&amp#1;&amp#2;&amp#4;&amp#8;&amp#16; @�@+&amp#23;���3�Z�&amp#15;��'@�&amp#0;&amp#1;&amp#2;&amp#4;&amp#8;&amp#16; @�&amp#0;&amp#1;&amp#2;&amp#4;&amp#8;&amp#16; @�&amp#0;&amp#1;&amp#2;&amp#4;&amp#8;&amp#16; @�&amp#0;��&amp#21;�P{M�}a��O�&amp#0;&amp#1;&amp#2;&amp#4;&amp#8;&amp#16; @�&amp#0;&amp#1;&amp#2;&amp#4;&amp#8;&amp#16; @�&amp#0;&amp#1;&amp#2;&amp#4;&amp#8;&amp#16; @�&amp#0;&amp#1;&amp#2;&amp#4;Z��X{+�&amp#1;p�&amp#4;&amp#8;&amp#16; @�&amp#0;&amp#1;&amp#2;&amp#4;&amp#8;&amp#16; @�&amp#0;&amp#1;&amp#2;&amp#4;&amp#8;&amp#16; @�&amp#0;&amp#1;&amp#2;&amp#4;&amp#8;&amp#16; ��&amp#2;5������n�&amp#1;&amp#1;&amp#2;&amp#4;&amp#8;&amp#16; @�&amp#0;&amp#1;&amp#2;&amp#4;&amp#8;&amp#16; @�&amp#0;&amp#1;&amp#2;&amp#4;&amp#8;&amp#16; @�&amp#0;&amp#1;&amp#2;&amp#4;&amp#8;&amp#16;h�&amp#2;5;�ǫ&amp#21;&amp#11;�u&amp#2;&amp#4;&amp#8;&amp#16; @�&amp#0;&amp#1;&amp#2;&amp#4;&amp#8;&amp#16; @�&amp#0;&amp#1;&amp#2;&amp#4;&amp#8;&amp#16; @�&amp#0;&amp#1;&amp#2;&amp#4;&amp#8;&amp#16; P&amp#31;��X�^�v�&amp#16; @�&amp#0;&amp#1;&amp#2;&amp#4;&amp#8;&amp#16; @�&amp#0;&amp#1;&amp#2;&amp#4;&amp#8;&amp#16; @�&amp#0;&amp#1;&amp#2;&amp#4;&amp#8;&amp#16; @�&amp#0;�V,PզM�V|�n�&amp#0;&amp#1;&amp#2;&amp#4;&amp#8;&amp#16; @�&amp#0;&amp#1;&amp#2;&amp#4;&amp#8;&amp#16; @�&amp#0;&amp#1;&amp#2;&amp#4;&amp#8;&amp#16; @�&amp#0;&amp#1;&amp#2;&amp#4;&amp#8;�G�N��Qӆ&amp#0;&amp#1;&amp#2;&amp#4;&amp#8;&amp#16; @�&amp#0;&amp#1;&amp#2;&amp#4;&amp#8;&amp#16; @�&amp#0;&amp#1;&amp#2;&amp#4;&amp#8;&amp#16; @�&amp#0;&amp#1;&amp#2;&amp#4;Z�@l$_U]]ݚ	�;&amp#1;&amp#2;&amp#4;&amp#8;&amp#16; @�&amp#0;&amp#1;&amp#2;&amp#4;&amp#8;&amp#16; @�&amp#0;&amp#1;&amp#2;&amp#4;&amp#8;&amp#16; @�&amp#0;&amp#1;&amp#2;&amp#4;&amp#8;&amp#16;XX��H�*^&amp#11;�L}&amp#2;&amp#4;&amp#8;&amp#16; @�&amp#0;&amp#1;&amp#2;&amp#4;&amp#8;&amp#16; @�&amp#0;&amp#1;&amp#2;&amp#4;&amp#8;&amp#16; @�&amp#0;&amp#1;&amp#2;&amp#4;&amp#8;&amp#16; ��&amp#5;��[�&amp#15;��'@�&amp#0;&amp#1;&amp#2;&amp#4;&amp#8;&amp#16; @�&amp#0;&amp#1;&amp#2;&amp#4;&amp#8;&amp#16; @�&amp#0;&amp#1;&amp#2;&amp#4;&amp#8;&amp#16; @�&amp#0;��&amp#22;��L~�&amp#27;i@�&amp#0;&amp#1;&amp#2;&amp#4;&amp#8;&amp#16; @�&amp#0;&amp#1;&amp#2;&amp#4;&amp#8;&amp#16; @�&amp#0;&amp#1;&amp#2;&amp#4;&amp#8;&amp#16; @�&amp#0;&amp#1;&amp#2;&amp#4;Z��p{����=&amp#1;&amp#2;&amp#4;&amp#8;&amp#16; @�&amp#0;&amp#1;&amp#2;&amp#4;&amp#8;&amp#16; @�&amp#0;&amp#1;&amp#2;&amp#4;&amp#8;&amp#16; @�&amp#0;&amp#1;&amp#2;&amp#4;&amp#8;�K����bӈ&amp#0;&amp#1;&amp#2;&amp#4;&amp#8;&amp#16; @�&amp#0;&amp#1;&amp#2;&amp#4;&amp#8;&amp#16; @�&amp#0;&amp#1;&amp#2;&amp#4;&amp#8;&amp#16; @�&amp#0;&amp#1;&amp#2;&amp#4;Z�@�����u#�{&amp#2;&amp#4;&amp#8;&amp#16; @�&amp#0;&amp#1;&amp#2;&amp#4;&amp#8;&amp#16; @�&amp#0;&amp#1;&amp#2;&amp#4;&amp#8;&amp#16; ��&amp#4;v�i��C�N�6���̄&amp#8;&amp#16; @�&amp#0;��&amp#2;�ڴi3?�	&amp#16; @�&amp#0;&amp#1;&amp#2;&amp#4;&amp#8;&amp#16; @�&amp#0;&amp#1;&amp#2;&amp#4;&amp#8;&amp#16; @�&amp#0;�Z&amp#4;�:��d�&amp#11;.�`���+Y���S�L�{�_���w�uW��Qg��7�\�aK������&amp#1;&amp#3;&amp#6;���۳�&amp#8;&amp#16; @�@K&amp#16;�P{��0&amp#15;s @�&amp#0;&amp#1;&amp#2;&amp#4;&amp#8;&amp#16; @�&amp#0;&amp#1;&amp#2;&amp#4;&amp#8;&amp#16; @�&amp#0;&amp#1;&amp#2;���ԩS�T{��Q0�8õ �i.�Xb��d>����&amp#25;�k��&amp#17;�Y�f��<餓*��G�&amp#30;=lذ��Zk�7.�z��7�~���^{�O�>&amp#3;&amp#7;&amp#14;&amp#28;2dH�&amp#26;����?��c���۷o&amp#31;&amp#21;��j�Ν;&amp#23;��ϩ���ӧǔ���>�l�u։g&amp#20;b�|&amp#15;�&amp#4;&amp#8;&amp#16; @ &amp#19;h�\��%&amp#8;&amp#16; @�&amp#0;&amp#1;&amp#2;&amp#4;&amp#8;&amp#16; @�&amp#0;&amp#1;&amp#2;&amp#4;&amp#8;&amp#16; @���+�����_�j&amp#11;���澲���'?���g���6�d�M�&amp#24;5jT,m�A&amp#31;|�������&amp#26;���J$�ӈI�T#g�}�-&amp#14;�?���?��O��w�u�&amp#31;��&amp#7;m۶M����	'��=[p�w�(���o�u�o�O����ɓ��&amp#31;����&amp#7;&amp#7;&amp#0;&amp#0;@&amp#0;IDAT�&amp#11;�Ulcp�e������&amp#7;&amp#2;��H&amp#19; @�&amp#0;�$�<���'@�&amp#0;&amp#1;&amp#2;&amp#4;&amp#8;&amp#16; @�&amp#0;&amp#1;&amp#2;&amp#4;&amp#8;&amp#16; @�&amp#0;&amp#1;&amp#2;��@��ל9s
np���%�#`&amp#28;&amp#11;�?���(-h�&amp#24;��z���ދE�&amp#17;Z��&amp#31;&amp#19;�	�$�N��ܢՋ/�8s�̂j��s�=��C&amp#15;��&amp#27;"s���qy�QG&amp#29;��Y����/N��,3�&amp#24;7n\���&amp#30;�&amp#17;����7�`��0��[nI�bV&amp#17;&amp#23;&amp#15;�c�9�{&amp#3;&amp#14;8���_?�s���ӵ�&amp#25;�#�&amp#30;�������[o�����8���?&amp#22;�&amp#7;Z�+i&amp#2;&amp#4;&amp#8;&amp#16; &amp#16;&amp#2;�p��&amp#4;&amp#2;&amp#4;&amp#8;&amp#16; @�&amp#0;&amp#1;&amp#2;&amp#4;&amp#8;&amp#16; @�&amp#0;&amp#1;&amp#2;&amp#4;&amp#8;&amp#16; А&amp#2;�&amp#2;{�m�-���&amp#25;3&֚G�K/��&amp#6;���o�馝v�i�=��h����&amp#31;��D�!���+B&amp#2;&amp#17;�>�裷�~�&amp#3;&amp#15;<���&amp#15;�y睿���G�?Պ�xL &&amp#25;��s�r���G��'��2c!}�)?���u�駞z���{,4���&amp#11;#��&amp#19;O���O9唸Ǭ�&amp#31;��ǿ���&amp#27;n�a���g��2>�ܱ�{l�߻w��>;J#
&amp#30;7&amp#18;�W^y��w�&amp#29;:t�A&amp#7;&amp#29;ԩS��]�&amp#30;{�뮻n�-?v�ج�|��>�M�v�m�Ŷ��&amp#28;�2�,&amp#19;[�o��v��@D�&amp#31;}��|W�&amp#4;&amp#8;&amp#16; @ &amp#4;���&amp#24;&amp#16; @�&amp#0;&amp#1;&amp#2;&amp#4;&amp#8;&amp#16; @�&amp#0;&amp#1;&amp#2;&amp#4;&amp#8;&amp#16; @�&amp#0;�&amp#6;&amp#22;8��S#&amp#0;|��wg1�X2&amp#30;���0�����&amp#31;��&amp#5;�i����?�)B��&amp#6;�m�#�&amp#28;��zL�_��&amp#17;#F�@1�&amp#8;c�p�>�l��S&amp#0;{��֋�d�u�Y�Z����q�&amp#29;q;qSQ&amp#20;�&amp#20;̎�&amp#7;�e��#�<&amp#18;���Oڀ=N[�m�w�m���&amp#7;g�c&amp#2;&amp#7;&amp#31;|p���,3�x衇�r�-��2#�&amp#30;���~�&amp#4;&amp#16;�&amp#17;V���n�1P��?v��Z�&amp#19;������&amp#16;~�&amp#14;&amp#29;��q&amp#30;|�c�{�#A�&amp#0;&amp#1;&amp#2;&amp#4;�@UU����0&amp#16; @�&amp#0;&amp#1;&amp#2;&amp#4;&amp#8;&amp#16; @�&amp#0;&amp#1;&amp#2;&amp#4;&amp#8;&amp#16; @�&amp#0;��&amp#22;x뭷
�&amp#8;�ر��k�&amp#29;&amp#29;�R�&amp#31;���qtzD�#�ݳg�X����/���?&amp#22;���"Z&amp#28;�&amp#8;6G�y���)s�ԩ�@�Bϩb��F�~��1�^�z��q&amp#11;����cb&amp#17;��۷od�&amp#2;�&amp#8;�ǖ��_�a�&amp#29;��g���&amp#4;�v�[n��*n!N4�5��F�ۏ��ӧ@u�j+��B�H���:��}�2_v�e�E묳N<���G&amp#31;E ?ޣh�5��WH�&amp#31;~�a>3K������r�$k���Gz���Y�&amp#4;&amp#1;&amp#2;&amp#4;&amp#8;&amp#16;�&amp#4;��3
	&amp#2;&amp#4;&amp#8;&amp#16; @�&amp#0;&amp#1;&amp#2;&amp#4;&amp#8;&amp#16; @�&amp#0;&amp#1;&amp#2;&amp#4;&amp#8;&amp#16; PW�k��_~�&amp#27;o�1��&�&amp#17;o�3�#�~�&amp#17;G\r�%�&amp#31;&amp#1;�؟<U���#q�!�d���\r�%Si#�&amp#23;&amp#4;�W]u՘s��c?�&amp#20;n��EH>�O���+7�l�xJ &amp#14;G�q�&amp#29;�v�)�B�xe�ŉأ>Nm��&amp#7;bw�(-&amp#23;P/n�����X�_&amp#16;k���|�ĉ&amp#19;#�B�]�t�ZEb�����	&amp#19;&�3S�.}��F�XF�o&amp#30;�)�S&amp#17;%��W�&@�&amp#0;��) ��:?wwM�&amp#0;&amp#1;&amp#2;&amp#4;&amp#8;&amp#16; @�&amp#0;&amp#1;&amp#2;&amp#4;&amp#8;&amp#16; @�&amp#0;&amp#1;&amp#2;_J ��+��R���ݻ�/����{.Vc�+��&amp#24;�W^9�&amp#16;+�#�6?�2�&&amp#17;��X���'�̘1#V�G�=&amp#18;��1�8��w��]Z}&amp#30;K�c�Yi]&amp#18;q��u�]&amp#23;���M����?�&�&amp#7;&amp#28;p@�M�K�&amp#19;��� �&amp#29;9�;w��O?�4�S�=��ez������g|�u�35,~�a饗�s��-N���G)&amp#2;&amp#4;&amp#8;&amp#16;h�&amp#2;����ah�?&amp#5;&amp#0;&amp#8;&amp#16; @�&amp#0;&amp#1;&amp#2;&amp#4;&amp#8;&amp#16; @�&amp#0;&amp#1;&amp#2;&amp#4;&amp#8;&amp#16; @`�&amp#5;v�e����&amp#4;�r��|�;�w&amp#28;���^{e�D�7Vo�eD����N���q&amp#0;��7�&amp#28;{�W&amp#30;k�=����cW������� �]�m*� }&amp#28;&amp#0;?r��ؑ>r��}�r�)q�{]����̙3&amp#11;*���C@�U<(о}��Z�PrC�����&amp#4;T�aJL�6-&amp#18;m۶-�wI�&amp#0;&amp#1;&amp#2;�\����&amp#7;��&amp#19; @�&amp#0;&amp#1;&amp#2;&amp#4;&amp#8;&amp#16; @�&amp#0;&amp#1;&amp#2;&amp#4;&amp#8;&amp#16; @�@#
d��X&amp#27;=y��l��X&amp#12;�F�_�7��&amp#11;v&amp#29;��o��ȋ��c&amp#7;���G���/���&amp#23;�����;３2�&amp#22;�]w݂
u��&amp#3;ڣf,����i������f�&amp#29;vȶӯ�I
{����j�&M��8�=�c��&amp#17;#F�T�O&amp#3;|���Y�|�Hץ�X�&amp#30;5S'���ƍ�AcW�|�4&amp#1;&amp#2;&amp#4;&amp#8;&amp#16;&amp#8;����&amp#28;w�&amp#17;����߻��=0��ܲ;m$�3�z=~������Կn	&amp#16; @�&amp#0;&amp#1;&amp#2;&amp#4;&amp#8;&amp#16; @�&amp#0;&amp#1;&amp#2;&amp#4;&amp#8;4�@�����&amp#31;��&�&amp#17;���ٳ��m�#?�l�D�&amp#24;�b�_~�����F�}�M7�&amp#31;&amp#27;�&amp#31;=�&amp#29;&amp#19;[k��"3��O���+,lz����s��{�WǶ�P��&amp#5;�q�|4O��&amp#20;&amp#26;�裏�&amp#29;�&amp#29;;6.{����ҵ��z����&�H{�Ǯ��Li&amp#2;&amp#4;&amp#8;&amp#16; �&amp#4;��&amp#23;����&amp#31;O���1�g��y&amp#15;E6����&amp#7;�h�uO��kS&amp#29;���&amp#27;&amp#19;������_&amp#27;��ɳ����CȬ��a&amp#23;>�v�5U()&amp#16;��ޜx���u�&amp#27;?���_��ֵO�&amp#23;9u�/�a&amp#29;3���Y���&amp#11;|c�c[�&amp#8;&amp#16; @�&amp#0;&amp#1;&amp#2;&amp#4;&amp#8;&amp#16; @�&amp#0;&amp#1;&amp#2;&amp#4;&amp#8;4�@l?&amp#30;۰�&amp#4;�&amp#4;�X�&amp#29;q�����{�ͦ����t�,��&amp#18;�F���#޼�&amp#26;kd������i�1�s�=��㏏ʱ%~�M=kX9��/�e�Y�&amp#8;��+ָ���Y~������t����:�>�h\���j�>hРx�g�&amp#21;�z꩸&amp#28;0`@>3K��gj���gM"�6կ�&amp#18;�|W�&amp#4;&amp#8;&amp#16; ��	̙3��bvK��vνd�%�o�f��_,&amp#29;���&M/yk&amp#3;��ъ�N�q�5{w.Y!�į4�n~�-W
��ud�&amp#20;�4}��&amp#31;&amp#28;u�wJ�w�����V�`�uJ��I�&amp#0;&amp#1;&amp#2;&amp#4;&amp#8;&amp#16; @�&amp#0;&amp#1;&amp#2;&amp#4;&amp#8;&amp#16; @��
\v�eo��v�h&amp#15;8��8����O����w��gǂ�y&amp#7;�7��͈�_}��Q'��'�XH&amp#29;;�/��R�n/��R����&amp#31;|��ť��u۱�}̘1}����ӧO���&amp#5;�B��&amp#30;�?��u���F���&amp#23;^���KO<��T���o�׿�u�!��d
��˴ >n*�{����?&amp#18;q�}]v�O����w�qǵ�^&amp#27;a�t:{<�&amp#16;��r�-Ӻ�!C�t��)&��.�����HA4���6�,u&amp#18;��?���U�Pk�Q-�F�&amp#8;�����$�H����#��;�>�&amp#19; @�&amp#0;�L ��&amp#22;n�4&amp#22;���&amp#25;��uۗ=:zq�W�������级ǜ��&amp#26;�|mՎ�&amp#11;�mX�{�&amp#8;���L�vU�4�~򭯾�ާ&amp#15;�0�[f&amp#5;�|�kc'��g�.�&amp#25;�#�OI9&amp#17;��8yF�T�&amp#0;&amp#1;&amp#2;&amp#4;&amp#8;&amp#16; @�&amp#0;&amp#1;&amp#2;&amp#4;&amp#8;&amp#16; @�@+&amp#17;8�s.��������&amp#17;P�'����EQ&amp#4;�#�&amp#30;��6�(B�7�|s&amp#4;�/�����f�m���>����&amp#29;w�&amp#6;&amp#27;l&amp#16;�˿��k&amp#17;N���^{�U�m\��&amp#31;������g�}:v�X\�rN�垶R?�#R�:��c|,v�&amp#14;��={v�����)�&amp#28;G˟z����-�ܲ�&����UW]���&amp#31;G&amp#16;�\�=�0x��&amp#7;b����>"�[l�Ed��⊕'�/���A��C&amp#15;�OL8d"�&amp#31;&amp#21;��&amp#2;�c��-�c����Ϛ5+<�Bd��|��&amp#3;
��m��e�}F��&amp#14;;,��?��&amp#15;c����&amp#15;&amp#27;6,&amp#30;����w&amp#5;�j^&amp#4;&amp#8;&amp#16; @ 	&amp#8;�/&amp#14;?	����A2&amp#15;�>!�W_�W�Eދ���<�ם��l"4g�W�N�&amp#30;q߷�O�c���&amp#19;�q��MϽ��)[vZ��+l�������ʸm�X�M���O�1��&amp#7;Gf&amp#26;uL��0e�o&amp#30;��zԏU��c�V��\�׼G&amp#22;��t��/��˳cN�a�:v�&amp#26;&amp#1;&amp#2;&amp#4;&amp#8;&amp#16; @�&amp#0;&amp#1;&amp#2;&amp#4;&amp#8;&amp#16; @�&amp#0;��C ��q#S�
�(�&amp#26;���&amp#17;t��&amp#31;��Gi&amp#29;y�s�QGE&amp#28;��W^�馛&amp#14;<��X&amp#15;��_���&amp#27;o�����X>��Ċ�r1�&>�;t�P0h�e���&amp#16;YQ��կ~&amp#21;���&amp#4;b����ׯ�E&amp#23;]4q�ğ��'�f�$J#��c��&amp#26;.��r&amp#17;q��qS&amp#17;t�ܹsl&amp#8;&amp#31;&amp#1;�W^9�S��a�+2g̘�}��C&amp#15;��}A��2��jV&amp#20;[&amp#2;D�;��&amp#17;���&amp#8;x��&amp#7;?H��:�\B,����+�1rb��&amp#19;N8!&amp#22;�g=�5����k�3B�\rIl��]wE?�V>�6��֧&amp#4;&amp#1;&amp#2;&amp#4;&amp#8;&amp#16;�&amp#4;��������&amp#23;7+�X�&amp#4;�<���F~��:��Y�&amp#17;&amp#28;=}��c�w3��&amp#11;��o��A}��t��&amp#6;�F�S����6�q\M���u�+&amp#31;&amp#29;�ח��dZ��t��ެ&amp#2;&amp#5;sk��8�~����i̹p�:Nfv��m���#oM�������oo��ҝ�ض&amp#1;�-u��G�[������&amp#27;�[]&amp#17; @�&amp#0;&amp#1;&amp#2;&amp#4;&amp#8;&amp#16; @�&amp#0;&amp#1;&amp#2;&amp#11;)оb��&amp#21;K&amp#23;(���&amp#2;�.&amp#8;&amp#16;�+&amp#16;{��a�&amp#17;�n׮�&amp#26;�Xz&amp#30;��#&amp#24;&amp#31;&amp#1;�/�&amp#22;c�k�e��@r����ȱ�{�5�LA�
��p�I'�T!�^�y*�cq?���&amp#8;�/���*�&amp#31;?>&����:q���ѣW_}��8H]���&�C���&amp#11;����&@��b)P� &amp#26;�&amp#27;㢥�.�Q�OŢ��&amp#21;���&amp#15;&E�=2�۰�2]����.yttěK�~�k�g͞��=�th��/�����~&amp#26;{ѯ�|�A}�Zu�&amp#18;߮��G�f&amp#12;��e�&amp#30;KN�Y�������g�L���r]&amp#6;-�u@��%&amp#7;�&9�z΃������];lЯāCQs���ߞ05&amp#18;CW�Y�*=��D�����&amp#21;~�@Ԍ���߰�:}�f��]t��>"�Yf$b��c#'�&amp#24;;��O��$�,�aŞK�&amp#26;�:��R&amp#27;��jͮ��^�hr��6+���]6�߽m�&amp#6;�c>�&amp#22;��>����Yq���>]�Z�K1T,&amp#16;&amp#31;>fRL��O�U���&amp#19;�4>��ݿ�&amp#27;*}�CV�&amp#17;+ΧΜ&amp#29;=<;��xΠ�Nk,�y��z&amp#22;&amp#12;&amp#20;��w�[���︔��8�W�%�˂��/|�b�1ʿ��iI��&��:
dMfΞ��'�4�ظ~�e;�߷��延o�ų�Y�|"~l���Y�&amp#24;whW&amp#21;?���]�O��&amp#31;��� M�&amp#0;&amp#1;&amp#2;&amp#4;&amp#8;&amp#16; @�&amp#0;&amp#1;&amp#2;&amp#4;&amp#8;&amp#16; @�%&amp#8;�)��<�&amp#8;'���ڕ�ԥ�.cU�'�0�&amp#4;�r�T&amp#26;K���׿�>�u�\�N�0���r&amp#21;"?�&amp#30;(Y&amp#26;&amp#27;Η�&amp#4;�.}�c_�Ɇ�S�I�&amp#0;&amp#1;&amp#2;��@��ۥMo&amp#22;��jm�&amp#18;��t�;X�g�p{,&amp#1;���n&amp#3;�-�����&amp#23;<&amp#21;�q���i����ق
�n���1����&amp#31;�1"���l�5�ߨO4O�ǳ�CV�q��&amp#27;��YQJĠߺ���Ҳ];���v&amp#5;��T�k_z�O"=�7;�;�&amp#30;�c&amp#26;���&amp#15;o{5�?���&amp#30;�Q�?��]&amp#20;,�n���\�bD��jY�x9u<���+�/����Ǡ޷&amp#31;�q�0�m��?^�݃����ذ_��&amp#28;����&amp#23;x�4>�#n&amp#24;&amp#30;&amp#21;^:u��&amp#22;&amp#23;4��v��$���&amp#7;&amp#30;��J�4�&amp#16;���&&amp#17;���OO&amp#23;��{����b����[���L�0&amp#21;��^�-W�<����1)&amp#29;�&amp#11;&amp#21;k_(�4DDͿq�s�HD6z$�с��&amp#27;�m�vi7�|Q�c��n��&amp#31;&amp#27;]����&amp#28;?�co����n��_��<c��xTy�u�-��K&amp#2;&amp#4;&amp#8;&amp#16; @�&amp#0;&amp#1;&amp#2;&amp#4;&amp#8;&amp#16; @�&amp#0;&amp#1;&amp#2;��@~;�����&amp#14;&amp#1;&amp#2;&amp#4;&amp#8;&amp#16;&amp#8;��&amp#3;f�&amp#22;]�Xo}�#5&amp#17;ǈ�.�u�&amp#29;�^&�"���&amp#23;�!��&amp#24;��&amp#20;k�&amp#16;x��#��J/y����"�&amp#25;�+�t&amp#28;ѽ�o&amp#30;�&amp#0;p�&amp#31;M�hn&amp#4;��>��8-��Iʉ&amp#5;�ߙ&amp#27;*��{�틫�1nr��&amp#31;���=:U�e��ua�	_�&amp#4;R��Ź�O��&amp#12;�&amp#20;k�&ۯ�L�
�����!����?{;v��b�&amp#17;��jFì��368�,�&amp#29;J_]}�4��%�uֿc����L�~��)�&amp#30;��(�@��}�K��ht�?�}�b�4�ȉt���&amp#30;��8ef�j�9|�~����z&amp#8;Ģ�A�&amp#28;�b�郈&amp#31;�&amp#24;%��oxΣ�y~�ؘa��>�b��&Q�n~����|�&amp#6;O�IQq����_&amp#31;�wկ�8�)��7�p��/�\�&amp#30;�"@�&amp#0;&amp#1;&amp#2;&amp#4;&amp#8;&amp#16; @�&amp#0;&amp#1;&amp#2;&amp#4;&amp#8;&amp#16; @�&amp#0;&amp#1;&amp#2;&amp#4;&amp#8;&amp#16;hv����qv��Y������'����Mk���
A�D۪��\�&amp#15;��c���ͻܢ�&amp#8;EG�2N��V��v�^����S��g�&amp#28;6���m�>��__�_[5�P�tꬃ�~!��1���y��o����O&amp#31;��
?���s�&amp#19;�FH;_&amp#20;�>�~ʉj&amp#5;E��&amp#12;��+u{��	&amp#17;��|���3�\'���&amp#20;����|m�e��/�~k���g잃�X�&amp#29;����WR?>pP�3mr&amp#30;&amp#1;�&amp#7;_����=�!~�7&amp#19;T<�p����/Y��@�G�����X&amp#19;X=���#�ܦ�&amp#18;eg�uUk"}�&amp#23;s�A����&amp#17;����/�G&amp#31;����G��Օ#�W__+޳5�þ�y�=G�7�~ܑ��w�;��;��@l&amp#6;�~��ؼ���\7&amp#23;�&amp#11;��W/~�|�Y�7���6������b�5�~&amp#12;�&amp#18;��&amp#30;y'&amp#30;&amp#17;�����&amp#24;>|�������?��ϵ�^��o}��aZ%ǽ��;&amp#31;}��(���}��&amp#7;&amp#14;&amp#28;�8��P2	&amp#16; @�&amp#0;&amp#1;&amp#2;&amp#4;&amp#8;&amp#16; @�&amp#0;&amp#1;&amp#2;&amp#4;&amp#8;&amp#16; @�&amp#0;&amp#1;&amp#2;-\ ��5�&amp#22;>Kӫ p��xd��c'�T-vAO���o&amp#6;^��e&amp#7;���ڣ�Z��<x�f��Y��&amp#17;&amp#7;�&amp#23;����O�a�l7�����c6N+�c&amp#7;�
&amp#11;��/�d&amp#28;�&amp#30;&amp#29;�q�q&amp#12;|��&amp#8;E���c&amp#21;��k~�L<_ga�q/��[�ˮ��
�lA�Ǹ;��+��GN&amp#28;`&amp#31;��z.�:��3�yV ^;r�#�藅�#�����-�y���L?�k���o9r�&amp#20;k�V&amp#17;�?f�&amp#21;/?hP��ل�&amp#31;&amp#24;Y�WC����:Y�=���&amp#1;.����)&amp#26;]�A�!��6���.]�C��w?��&amp#3;��X�&amp#31;�2d�q��E�&amp#15;���q��s�9�>&amp#30;����kgg&amp#31;ď�5��8��7�&amp#27;6HND��[oޓ%����UW]5s�̺�|뭷�X{4Yq�&amp#21;�<�H����I�&amp#0;&amp#1;&amp#2;&amp#4;&amp#8;&amp#16; @�&amp#0;&amp#1;&amp#2;&amp#4;&amp#8;&amp#16; @�&amp#0;&amp#1;&amp#2;&amp#4;&amp#8;&amp#16;hi&amp#2;U�½���|�(&amp#16;&amp#17;�X�&amp#29;��3t�,N�^ߥb��Ȍ�ϫ�|�&amp#17;c�g�>&amp#5;�D�9�/�8t��9_���?&amp#25;�&amp#8;�G&amp#0;>e>4w&&amp#5;&amp#21;�ˈ7��_��w"x�|�OR���!��@~֪~��wLK�C����J���&amp#21;O��e�L�
&amp#17;x�sP�&amp#21;Rf&amp#28;Ğ&amp#18;?�q��K忨~���&amp#30;��?���&amp#23;5&amp#22;2&amp#21;�&amp#29;8x��F}�uH&amp#1;���~^P�P�c?�&amp#23;n_y�NuoX&amp#15;�{G�C;i����"�x�ۇ�2O�e��ҁ�w&amp#29;�R��|��O
�&amp#26;�2�O:��&amp#3;�����&amp#27;o�q�&amp#21;W̘��C$%Ǌ���-�|��T���+&amp#31;u�Q&amp#29;;��Y-�D&&amp#1;&amp#2;&amp#4;&amp#8;&amp#16; @�&amp#0;&amp#1;&amp#2;&amp#4;&amp#8;&amp#16; @�&amp#0;&amp#1;&amp#2;&amp#4;&amp#8;&amp#16; @�@&amp#11;&amp#23;�e�mZ�&amp#20;M�����ׯG(7_��!5��&amp#8;6������,�^߮%c�;�=o��w?��U�&amp#18;%&amp#23;:o����oO,�$k&amp#27;��S���G&amp#23;8T�/�c�&amp#7;&amp#15;n����pٱ�&amp#29;�Uڹa�u��Ώ�a�Nz:B�%��g��c��U���d�(|u�&amp#18;k��&amp#12;�]֩���g�n�g\&amp#6;��&amp#18;;�g�Y"�ˏ�峜z$�vl�Z͘]]���&amp#16;�&amp#29;�S�ە��`�~K&amp#21;�&amp#30;������g=>��?m�~D�&amp#20;Eڠ����ω������&���F�&amp#28;��?�y��y&amp#15;(��?�����&amp#27;�}��T��j�ź�&amp#14;&amp#29;j&amp#30;��"@�&amp#0;&amp#1;&amp#2;&amp#4;&amp#8;&amp#16; @�&amp#0;&amp#1;&amp#2;&amp#4;&amp#8;&amp#16; @�&amp#0;&amp#1;&amp#2;&amp#4;&amp#8;&amp#16;Xt&amp#5;�&amp#5;�&amp#22;�&amp#27;h�3����C��s�œ���NK�+&amp#30;&amp#31;�m���=��)=&amp#15;���>��y=d�+t��u�`s���-�}{¼ h�$�����&amp#15;])ve�?��'��]�&amp#28;�ܫ�|/��&amp#1;�k��eү~8oaw��|��b%��O�l�K����^&amp#29;&amp#23;⁀�o��7�l�y��G�w&λ�~=jY��Nm����O�&amp#17;����R|��Sc���uꞹbn��|�������J����=�=PǶ�&amp#16;&amp#24;5��&ĺt(q�}zD�`�7���D�v�S&amp#5;E��X�ߵW�&amp#15;"_�~�xJi�}��S�&amp#31;����w޹��"���%�f͞=�/���/���Zs�5&amp#15;=�Ѕ=�~�Ԋ&amp#0;&amp#1;&amp#2;&amp#4;&amp#8;&amp#16; @�&amp#0;&amp#1;&amp#2;&amp#4;&amp#8;&amp#16; @�&amp#0;&amp#1;&amp#2;&amp#4;&amp#8;&amp#16; @��&amp#4;b{�Xv�x&amp#3;��&amp#4;���G��7���7&����g&amp#20;�����^b��%�,�����k��5�6�/nRp�i���L!�H�7b|Z�|���
*��W>�&amp#20;��^��VK�|�՗~��m��m�&amp#20;��&amp#31;�1����]���l&amp#27;���&amp#3;fg���۸�5�\�D�85Yj���X�]��|~�&amp#30;zv�♀|�&amp#6;I��&amp#31;��&amp#22;�ץ�z&amp#8;�&ݖ,&amp#29;&amp#23;�-&amp#1;���l&amp#2;qv{JǧV�O�͚4Rb�=�&amp#28;:th���w߽��K'O�\0֬Y����,�>`�&amp#0;��&amp#2;"�&amp#4;&amp#8;&amp#16; @�&amp#0;&amp#1;&amp#2;&amp#4;&amp#8;&amp#16; @�&amp#0;&amp#1;&amp#2;&amp#4;&amp#8;&amp#16; @�&amp#0;�ET �h����&amp#23;�ٷ�i_���&amp#19;Ǐ(&amp#21;��&amp#5;�w�=J��������&amp#11;����&amp#5;�&amp#31;Ώ��Z���r��?�6/rܯ̊�����|�u��땏.~�������f;���rY�/�xi�g�i�8��.�$����';���&amp#29;V���c��Gު�~����������e�H/?�~��|�&amp#25;���&>b���&amp#24;K��3�^]괋x�#��ɗ��=����g؛&amp#19;?�:�\8�`�z&amp#8;Ğ&amp#1;Ͽ�i&amp#28;|P�U��������&amp#31;�h&amp#18;&amp#21;>��v%�Kv�H���[�S��&amp#7;������K.9�c�t钆�X�5�\��k���u�]��&amp#3;&amp#15;l۶�&amp#3;&amp#25;�4I�&amp#18; @�&amp#0;&amp#1;&amp#2;&amp#4;&amp#8;&amp#16; @�&amp#0;&amp#1;&amp#2;&amp#4;&amp#8;&amp#16; @�&amp#0;&amp#1;&amp#2;&amp#4;&amp#8;4��X{#�6n�q�z��c���_~Р�?;r��,8b��Sy�h��Tg��yksKnT&amp#30;a�⮲=��/]b&amp#27;���n�Rʹ���O�&amp#29;����[���u�xA?�.gW�9�/�����yG����Ϗ}��h�a���&amp#31;�N�?���g̎tv_#+�&amp#31;5W�������>���q�x�[�0�^�4�rOE�g�H�xZ`�&amp#1;���v��ߣ�8J=&amp#4;V���~��&amp#17;bC�⡳3&amp#2;��&amp#24;&amp#23;7iԜ�v�i��OC�&amp#29;;��/��Ӛ�&amp#1;fΜy�Wf����_���&amp#14;&amp#18;ko��B�&amp#4;&amp#8;&amp#16; @�&amp#0;&amp#1;&amp#2;&amp#4;&amp#8;&amp#16; @�&amp#0;&amp#1;&amp#2;&amp#4;&amp#8;&amp#16; @�&amp#0;��&amp#20;��L�)�3VC	\����U�m�;-����V�:qV��oR0n,&amp#14;��}Af\�&�)3�K<_�W?�_�t6�,nZ\'��i@��m�_�&amp#29;&amp#19;����6k���c��s�&amp#31;��;57;`�.'m�r6n�&amp#19;����ۮ��'�&amp#30;�ڧ&amp#7;&amp#23;�y�&amp#20;�/���k-���fާ��&amp#25;��oy���&amp#25;�R�l�{��q��˻&amp#31;xmB��/�n�6���)3���ٻ��j�q��q�|]Z�C`�����>�&amp#6;������&amp#11;r�r�ޝS�UO��ࡸN&amp#19;�D�}�wN��&amp#27;7.ָG����/��7S��&amp#27;o|�&amp#1;&amp#7;�J��?&amp#23;�&amp#17; @�&amp#0;&amp#1;&amp#2;&amp#4;&amp#8;&amp#16; @�&amp#0;&amp#1;&amp#2;&amp#4;&amp#8;&amp#16; @�&amp#0;&amp#1;&amp#2;&amp#4;&amp#26;U@��Qy&amp#27;��X�}��5�k,�y�{�&amp#27;��s��Qz�&amp#19;%���=0����/|0|Lͩ�&amp#17;r�[��|��澑�fV�[�9n�o��&amp#19;&amp#1;�]ש}5y,"?~h�&amp#2;��{����]�&amp#30;��o�Z�|��K���g[���S�&amp#28;��_q�zK���Q��&amp#11;ʣy��=&amp#11;Q��]M&amp#0;>�y�s��i�I��&amp#4;)0��of狧������~#�O���&amp#0;��&amp#26;�������W�^�h��	�u���}�z�{_&amp#29;W�V&amp#27;��v�5Ol�k�����&amp#4;��{=&amp#4;�1�&amp#28;�s�}�`��&amp#25;��Ͼg&amp#30;Z~Ľ��&amp#30;�8�o��/����E&amp#19;���f��w�=:a��?Ԩy�&amp#2;l����_&amp#28;���S2&amp#28;&amp#1;&amp#2;&amp#4;&amp#8;&amp#16; @�&amp#0;&amp#1;&amp#2;&amp#4;&amp#8;&amp#16; @�&amp#0;&amp#1;&amp#2;&amp#4;&amp#8;&amp#16; @�@�
�b�ZB��:���'��k��b�c�\�B&amp#8;/¥�'���c��&amp#19;ֳ&amp#17;���&amp#15;���8�|ʌٱv��&amp#15;����Si:�<��%bM���&amp#31;�üc���s��&amp#27;��h*�ٮ�w�P�&amp#19;�&amp#15;��&amp#16;�m/լf>jȊm�&amp#22;.&amp#12;��'5&amp#27;�ǟ8��W��y�÷<����c#筄�x�����M�\�&amp#27;^��W?��kc'O�Y�o|�T\�p�+���&amp#0;V��)���v+��������k^|��	����	S"t��[�{��o�j&amp#17;k�þ&amp#3;"&amp#29;a��z8ֲG���&amp#5;��\�|������`�T?�W��9&amp#6;�D���;_� }�V��ĩ�>�^f�U�2�5{�;M<��m|��?�:����`��v[#�x��.&amp#23;=�����i��&amp#15;�>!~&amp#18;�?��&amp#8;���{,�&amp#12;H�!�|���۶����?�&amp#28;&amp#31;ǣoM�S&amp#6;b	~ o~������Y�Oڅ���2�s��&amp#24;�z������)���8��&amp#27;������VA�&��j����s�&amp#20;V�G�҈C�&amp#12;��7��&amp#4;�&amp#27;�&amp#0;&amp#1;&amp#2;&amp#4;&amp#8;&amp#16; @�&amp#0;&amp#1;&amp#2;&amp#4;&amp#8;&amp#16; @�&amp#0;&amp#1;&amp#2;&amp#4;&amp#8;&amp#16; @��&amp#5;"$�.��첉ݿ�p�?>o���&amp#27;���U���k�Y�{����;��+&amp#2;��==&�&amp#20;�p�&amp#30;k�n�&amp#5;�q&amp#25;+�;���8�ֿ��t��&amp#28;�e͚���V�����N&amp#7;�G�&amp#3;7�"�\��Q'B�_��ْ��۰�o�&amp#30;�&amp#2;�%+�3#&amp#30;&amp#26;&amp#17;�,H�/��&amp#21;&amp#7;ʞ&amp#3;�(�M�o���/|4izl&amp#20;_�W|�&amp#22;��m�/�����f��>�?W�g<�pݡ�矐�Ю��&amp#6;�uY��D <���d��"��ϩw:>��`?N&amp#22;&amp#8;��/x*�&amp#19;A�����g�&amp#30;K����'���s&amp#18;{&amp#18;ğ�����<��^&amp#11;+&amp#16;�N�q�g�����&�ܶ��&amp#2;?]1�ϧ�*���Y���w]���^���}��7����{����&amp#25;M��[l�E�v�n��&amp#20;n�z�w�u�&&amp#26;�0&amp#4;&amp#8;&amp#16; @�&amp#0;&amp#1;&amp#2;&amp#4;&amp#8;&amp#16; @�&amp#0;&amp#1;&amp#2;&amp#4;&amp#8;&amp#16; @�&amp#0;&amp#1;&amp#2;M.P%����_j���Ʈ���^�-�������&amp#24;��TtÂ��o�r�&amp#23;O�*b�����v��6���W�gf�^]�x��!G&amp#15;Y1헞�#��۽׾�����f$b�����N8r�y��o�j�Xޝo���X{��՗�`��{&amp#15;x��[�L��ڋ������f���I�&amp#31;<�o�� N���iC&amp#11;�G�=&amp#6;��v�yG�G�&amp#8;���
w&amp#30;��U&amp#22;��?fu�Ϋ?�-��w�A��u�&&amp#17;&amp#11;��{
̟�ۚ�D~�R&amp#27;�k[zW��Y@Ai��ߏ&amp#29;����ƪu���&amp#22;G�_{��;r���b��&amp#15;���a=&amp#4;���&amp#3;'l��&amp#29;WK+���b���?��\��&amp#11;
�(?�y���w�m�X:����C����&amp#7;.��4qb�M6���c���N����G�&amp#0;&amp#1;&amp#2;&amp#4;&amp#8;&amp#16; @�&amp#0;&amp#1;&amp#2;&amp#4;&amp#8;&amp#16; @�&amp#0;&amp#1;&amp#2;&amp#4;&amp#8;&amp#16;hJ�&amp#8;���6=nʁ��,&amp#2;�������*&amp#17;&�D&amp#28;&amp#3;�Ƹ�q����t*&amp#8;�g3��§�&amp#27;1>�/�:4e�V��λ�ҝzvj�U�{"Nm?��&amp#23;�~�q��I-&amp#11;���m�j��k&amp#31;M�d��X�&amp#31;q�>�:�&amp#26;�&amp#30;;i�{&amp#31;O[��&amp#18;��� &amp#19;&�&amp#24;=qZ��&amp#3;j���*�LE�N�&amp#21;���o�&B��>�Z;��B�����Sg̪�]����Ǿ�&�
�Ǩ�S�ά�d���-ۥC~�~�f�&amp#23;V �Ğ��
=:��ڡ��r��S&amp#29;�&amp#11;��lzl&amp#21;ЫK�^]�H�V���4�cǎ�ݻwӌe&amp#20;&amp#2;&amp#4;&amp#8;&amp#16; @�&amp#0;&amp#1;&amp#2;&amp#4;&amp#8;&amp#16; �$&amp#2;�&amp#11;4��s�2eJ�+�I�&amp#0;&amp#1;&amp#2;&amp#4;&amp#8;&amp#16; ��&amp#2;�:�;py!�n�o�&amp#11;9n3W�=
��&amp#19;4|c
�~�k�?ջ�������uo~�c�S�=�k�xd&amp#8;&amp#20;�,��F"&amp#18;\�`p&amp#4;��O��e&amp#21;�-�n�&amp#21;�e����'$���D�O�&amp#29;&amp#31;�w�:�ma&amp#5;��X(�_+_��"�&amp#31;'&amp#20;ğ�Tn�:b�MFm &amp#2;&amp#4;&amp#8;&amp#16; @�&amp#0;&amp#1;&amp#2;&amp#4;&amp#8;&amp#16; @�&amp#0;&amp#1;&amp#2;&amp#4;&amp#8;&amp#16; @�@3
���&amp#25;'d��[�Η����	q�'|��F����;&amp#2;&amp#4;&amp#8;&amp#16; @�&amp#0;&amp#1;&amp#2;&amp#4;&amp#8;&amp#16; @�&amp#0;&amp#1;&amp#2;&amp#4;&amp#8;&amp#16; @�&amp#0;&amp#1;&amp#2;&amp#4;&amp#22;&amp#27;��H^�}��4&amp#23;�&amp#27;y��i&amp#7;_�b�hlh�&amp#8;��&amp#20;	&amp#16; @�&amp#0;&amp#1;&amp#2;&amp#4;&amp#8;&amp#16; @�&amp#0;&amp#1;&amp#2;&amp#4;&amp#8;&amp#16; @�&amp#0;&amp#1;&amp#2;&amp#4;&amp#8;&amp#16; PJ ��6�/&amp#5;#�A&amp#5;~tǈ8���w?�땏R�g��J=[���z�:#@�&amp#0;&amp#1;&amp#2;&amp#4;&amp#8;&amp#16; @�&amp#0;&amp#1;&amp#2;&amp#4;&amp#8;&amp#16; @�&amp#0;&amp#1;&amp#2;&amp#4;&amp#8;&amp#16; @`1&amp#23;���&amp#18;n_�?�p{&amp#23;{g��Y�L�ؼ��;��]J&amp#16; @�&amp#0;&amp#1;&amp#2;&amp#4;&amp#8;&amp#16; @�&amp#0;&amp#1;&amp#2;&amp#4;&amp#8;&amp#16; @�&amp#0;&amp#1;&amp#2;&amp#4;&amp#8;&amp#16; @`Q&amp#20;&amp#16;n_&amp#20;?���y����U=g��]��ŐUzvl�v�^��ޤ������&O�>{�^�w&amp#29;��Uz&amp#20;TpI�&amp#0;&amp#1;&amp#2;&amp#4;&amp#8;&amp#16; @�&amp#0;&amp#1;&amp#2;&amp#4;&amp#8;&amp#16; @�&amp#0;&amp#1;&amp#2;&amp#4;&amp#8;&amp#16; @�&amp#0;�EN�Ml(��Mڄ	&amp#16; @�&amp#0;&amp#1;&amp#2;&amp#4;&amp#8;&amp#16; @�&amp#0;&amp#1;&amp#2;&amp#4;&amp#8;&amp#16;hB��&amp#21;ǚY�t��)S�,p�&amp#0;&amp#1;&amp#2;&amp#4;&amp#8;&amp#16; @��	t�T�U�����yT�NuuuU�re&amp#4;&amp#8;&amp#16; @�&amp#0;&amp#1;&amp#2;&amp#4;&amp#8;&amp#16; @�&amp#0;&amp#1;&amp#2;&amp#4;&amp#8;&amp#16; @�&amp#0;&amp#1;&amp#2;&amp#4;&amp#8;&amp#16; @�@�@��.�^�"�&amp#0;&amp#1;&amp#2;&amp#4;&amp#8;&amp#16; @�&amp#0;&amp#1;&amp#2;&amp#4;&amp#8;&amp#16; @�&amp#0;&amp#1;&amp#2;&amp#4;&amp#8;&amp#16; @�&amp#0;&amp#1;&amp#2;&amp#4;&amp#8;�& �^��r&amp#2;&amp#4;&amp#8;&amp#16; @�&amp#0;&amp#1;&amp#2;&amp#4;&amp#8;&amp#16; @�&amp#0;&amp#1;&amp#2;&amp#4;&amp#8;&amp#16; @�&amp#0;&amp#1;&amp#2;&amp#4;&amp#8;&amp#16; P$ �^D"�&amp#0;&amp#1;&amp#2;&amp#4;&amp#8;&amp#16; @�&amp#0;&amp#1;&amp#2;&amp#4;&amp#8;&amp#16; @�&amp#0;&amp#1;&amp#2;&amp#4;&amp#8;&amp#16; @�&amp#0;&amp#1;&amp#2;&amp#4;&amp#8;T&amp#20;�3g�p{E!�&amp#4;&amp#8;&amp#16; @�&amp#0;&amp#1;&amp#2;&amp#4;&amp#8;&amp#16; @�&amp#0;&amp#1;&amp#2;&amp#4;&amp#8;&amp#16; @�&amp#0;&amp#1;&amp#2;&amp#4;&amp#8;&amp#16; @�H�M�6��E*2&amp#8;&amp#16; @�&amp#0;&amp#1;&amp#2;&amp#4;&amp#8;&amp#16; @�&amp#0;&amp#1;&amp#2;&amp#4;&amp#8;&amp#16; @�&amp#0;&amp#1;&amp#2;&amp#4;&amp#8;&amp#16; @�@m&amp#2;��	)'@�&amp#0;&amp#1;&amp#2;&amp#4;&amp#8;&amp#16; @�&amp#0;&amp#1;&amp#2;&amp#4;&amp#8;&amp#16; @�&amp#0;&amp#1;&amp#2;&amp#4;&amp#8;&amp#16; @�&amp#0;&amp#1;&amp#2;&amp#11;
TWWWņ�&amp#11;f�"@�&amp#0;&amp#1;&amp#2;&amp#4;&amp#8;&amp#16; @�&amp#0;&amp#1;&amp#2;&amp#4;&amp#8;&amp#16; @�&amp#0;&amp#1;&amp#2;&amp#4;&amp#8;&amp#16; @�&amp#0;&amp#1;&amp#2;&amp#4;*	T�K����2&amp#2;&amp#4;&amp#8;&amp#16; @�&amp#0;&amp#1;&amp#2;&amp#4;&amp#8;&amp#16; @�&amp#0;&amp#1;&amp#2;&amp#4;&amp#8;&amp#16; @�&amp#0;&amp#1;&amp#2;&amp#4;&amp#8;&amp#16; P$&amp#16;����{Q�&amp#12;&amp#2;&amp#4;&amp#8;&amp#16; @�&amp#0;&amp#1;&amp#2;&amp#4;&amp#8;&amp#16; @�&amp#0;&amp#1;&amp#2;&amp#4;&amp#8;&amp#16; @�&amp#0;&amp#1;&amp#2;&amp#4;&amp#8;&amp#16; @���X{%&amp#29;e&amp#4;&amp#8;&amp#16; @�&amp#0;&amp#1;&amp#2;&amp#4;&amp#8;&amp#16; @�&amp#0;&amp#1;&amp#2;&amp#4;&amp#8;&amp#16; @�&amp#0;&amp#1;&amp#2;&amp#4;&amp#8;&amp#16; @�X�fu{��^\ �&amp#0;&amp#1;&amp#2;&amp#4;&amp#8;&amp#16; @�&amp#0;&amp#1;&amp#2;&amp#4;&amp#8;&amp#16; @�&amp#0;&amp#1;&amp#2;&amp#4;&amp#8;&amp#16; @�&amp#0;&amp#1;&amp#2;&amp#4;&amp#8;&amp#16;('P��|��&amp#21;�'@�&amp#0;&amp#1;&amp#2;&amp#4;&amp#8;&amp#16; @�&amp#0;&amp#1;&amp#2;&amp#4;&amp#8;&amp#16; @�&amp#0;&amp#1;&amp#2;&amp#4;&amp#8;&amp#16; @�&amp#0;&amp#1;&amp#2;&amp#4;J
T�
��&amp#5;2	&amp#16; @�&amp#0;&amp#1;&amp#2;&amp#4;&amp#8;&amp#16; @�&amp#0;&amp#1;&amp#2;&amp#4;&amp#8;&amp#16; @�&amp#0;&amp#1;&amp#2;&amp#4;&amp#8;&amp#16; @�&amp#0;�r&amp#2;Umڴ)W&�&amp#0;&amp#1;&amp#2;&amp#4;&amp#8;&amp#16; @�&amp#0;&amp#1;&amp#2;&amp#4;&amp#8;&amp#16; @�&amp#0;&amp#1;&amp#2;&amp#4;&amp#8;&amp#16; @�&amp#0;&amp#1;&amp#2;&amp#4;&amp#8;&amp#16;()`'��,2	&amp#16; @�&amp#0;&amp#1;&amp#2;&amp#4;&amp#8;&amp#16; @�&amp#0;&amp#1;&amp#2;&amp#4;&amp#8;&amp#16; @�&amp#0;&amp#1;&amp#2;&amp#4;&amp#8;&amp#16; @�@Y��H�����l�&amp#2;&amp#2;&amp#4;&amp#8;&amp#16; @�&amp#0;&amp#1;&amp#2;&amp#4;&amp#8;&amp#16; @�&amp#0;&amp#1;&amp#2;&amp#4;&amp#8;&amp#16; @�&amp#0;&amp#1;&amp#2;&amp#4;&amp#8;&amp#16; @�H 6���WQ�&amp#12;&amp#2;&amp#4;&amp#8;&amp#16; @�&amp#0;&amp#1;&amp#2;&amp#4;&amp#8;&amp#16; @�&amp#0;&amp#1;&amp#2;&amp#4;&amp#8;&amp#16; @�&amp#0;&amp#1;&amp#2;&amp#4;&amp#8;&amp#16; @���X{%&amp#29;e&amp#4;&amp#8;&amp#16; @�&amp#0;&amp#1;&amp#2;&amp#4;&amp#8;&amp#16; @�&amp#0;&amp#1;&amp#2;&amp#4;&amp#8;&amp#16; @�&amp#0;&amp#1;&amp#2;&amp#4;&amp#8;&amp#16; @�X�f3��\9&amp#4;&amp#8;&amp#16; @�&amp#0;&amp#1;&amp#2;&amp#4;&amp#8;&amp#16; @�&amp#0;&amp#1;&amp#2;&amp#4;&amp#8;&amp#16; @�&amp#0;&amp#1;&amp#2;&amp#4;&amp#8;&amp#16; @�@&amp#5;&amp#1;��
8�&amp#8;&amp#16; @�&amp#0;&amp#1;&amp#2;&amp#4;&amp#8;&amp#16; @�&amp#0;&amp#1;&amp#2;&amp#4;&amp#8;&amp#16; @�&amp#0;&amp#1;&amp#2;&amp#4;&amp#8;&amp#16; @�@i&amp#1;&amp#7;��v�K�&amp#0;&amp#1;&amp#2;&amp#4;&amp#8;&amp#16; @�&amp#0;&amp#1;&amp#2;&amp#4;&amp#8;&amp#16; @�&amp#0;&amp#1;&amp#2;&amp#4;&amp#8;&amp#16; @�&amp#0;&amp#1;&amp#2;&amp#4;*&amp#8;Ԭn��*�PD�&amp#0;&amp#1;&amp#2;&amp#4;&amp#8;&amp#16; @�&amp#0;&amp#1;&amp#2;&amp#4;&amp#8;&amp#16; @�&amp#0;&amp#1;&amp#2;&amp#4;&amp#8;&amp#16; @�&amp#0;&amp#1;&amp#2;&amp#4;&amp#8;&amp#20;&amp#11;T�iӦ8W&amp#14;&amp#1;&amp#2;&amp#4;&amp#8;&amp#16; @�&amp#0;&amp#1;&amp#2;&amp#4;&amp#8;&amp#16; @�&amp#0;&amp#1;&amp#2;&amp#4;&amp#8;&amp#16; @�&amp#0;&amp#1;&amp#2;&amp#4;&amp#8;&amp#16; PN B�U���&amp#19; @�&amp#0;&amp#1;&amp#2;&amp#4;&amp#8;&amp#16; @�&amp#0;&amp#1;&amp#2;&amp#4;&amp#8;&amp#16; @�&amp#0;&amp#1;&amp#2;&amp#4;&amp#8;&amp#16; @�&amp#0;&amp#1;&amp#2;�&amp#4;�����'@�&amp#0;&amp#1;&amp#2;&amp#4;&amp#8;&amp#16; @�&amp#0;&amp#1;&amp#2;&amp#4;&amp#8;&amp#16; @�&amp#0;&amp#1;&amp#2;&amp#4;&amp#8;&amp#16; @�&amp#0;&amp#1;&amp#2;e&amp#5;����( @�&amp#0;&amp#1;&amp#2;&amp#4;&amp#8;&amp#16; @�&amp#0;&amp#1;&amp#2;&amp#4;&amp#8;&amp#16; @�&amp#0;&amp#1;&amp#2;&amp#4;&amp#8;&amp#16; @�&amp#0;&amp#1;&amp#2;%&amp#5;�̙#�^RF&&amp#1;&amp#2;&amp#4;&amp#8;&amp#16; @�&amp#0;&amp#1;&amp#2;&amp#4;&amp#8;&amp#16; @�&amp#0;&amp#1;&amp#2;&amp#4;&amp#8;&amp#16; @�&amp#0;&amp#1;&amp#2;&amp#4;&amp#8;&amp#16;(+ �^�F&amp#1;&amp#1;&amp#2;&amp#4;&amp#8;&amp#16; @�&amp#0;&amp#1;&amp#2;&amp#4;&amp#8;&amp#16; @�&amp#0;&amp#1;&amp#2;&amp#4;&amp#8;&amp#16; @�&amp#0;&amp#1;&amp#2;&amp#4;&amp#8;&amp#16;('P&amp#21;�re�	&amp#16; @�&amp#0;&amp#1;&amp#2;&amp#4;&amp#8;&amp#16; @�&amp#0;&amp#1;&amp#2;&amp#4;&amp#8;&amp#16; @�&amp#0;&amp#1;&amp#2;&amp#4;&amp#8;&amp#16; @�&amp#0;�r&amp#2;���d�&amp#19; @�&amp#0;&amp#1;&amp#2;&amp#4;&amp#8;&amp#16; @�&amp#0;&amp#1;&amp#2;&amp#4;&amp#8;&amp#16; @�&amp#0;&amp#1;&amp#2;&amp#4;&amp#8;&amp#16; @�&amp#0;��&amp#2;��ei&amp#20;&amp#16; @�&amp#0;&amp#1;&amp#2;&amp#4;&amp#8;&amp#16; @�&amp#0;&amp#1;&amp#2;&amp#4;&amp#8;&amp#16; @�&amp#0;&amp#1;&amp#2;&amp#4;&amp#8;&amp#16; @�&amp#0;��&amp#2;�����%ed&amp#18; @�&amp#0;&amp#1;&amp#2;&amp#4;&amp#8;&amp#16; @�&amp#0;&amp#1;&amp#2;&amp#4;&amp#8;&amp#16; @�&amp#0;&amp#1;&amp#2;&amp#4;&amp#8;&amp#16; @�&amp#0;��&amp#2;�n/K��&amp#0;&amp#1;&amp#2;&amp#4;&amp#8;&amp#16; @�&amp#0;&amp#1;&amp#2;&amp#4;&amp#8;&amp#16; @�&amp#0;&amp#1;&amp#2;&amp#4;&amp#8;&amp#16; @�&amp#0;&amp#1;&amp#2;&amp#4;&amp#8;T&amp#16;���&amp#2;�"&amp#2;&amp#4;&amp#8;&amp#16; @�&amp#0;&amp#1;&amp#2;&amp#4;&amp#8;&amp#16; @�&amp#0;&amp#1;&amp#2;&amp#4;&amp#8;&amp#16; @�&amp#0;&amp#1;&amp#2;&amp#4;&amp#8;&amp#16; PZ@����\&amp#2;&amp#4;&amp#8;&amp#16; @�&amp#0;&amp#1;&amp#2;&amp#4;&amp#8;&amp#16; @�&amp#0;&amp#1;&amp#2;&amp#4;&amp#8;&amp#16; @�&amp#0;&amp#1;&amp#2;&amp#4;&amp#8;&amp#16; PN`Μ9���p�&amp#19; @�&amp#0;&amp#1;&amp#2;&amp#4;&amp#8;&amp#16; @�&amp#0;&amp#1;&amp#2;&amp#4;&amp#8;&amp#16; @�&amp#0;&amp#1;&amp#2;&amp#4;&amp#8;&amp#16; @�&amp#0;��&amp#2;mڴ&amp#17;n/M#�&amp#0;&amp#1;&amp#2;&amp#4;&amp#8;&amp#16; @�&amp#0;&amp#1;&amp#2;&amp#4;&amp#8;&amp#16; @�&amp#0;&amp#1;&amp#2;&amp#4;&amp#8;&amp#16; @�&amp#0;&amp#1;&amp#2;&amp#4;&amp#8;T&amp#16;&amp#16;n����&amp#0;&amp#1;&amp#2;&amp#4;&amp#8;&amp#16; @�&amp#0;&amp#1;&amp#2;&amp#4;&amp#8;&amp#16; @�&amp#0;&amp#1;&amp#2;&amp#4;&amp#8;&amp#16; @�&amp#0;&amp#1;&amp#2;&amp#4;&amp#8;�&amp#16;������K��"@�&amp#0;&amp#1;&amp#2;&amp#4;&amp#8;&amp#16; @�&amp#0;&amp#1;&amp#2;&amp#4;&amp#8;&amp#16; @�&amp#0;&amp#1;&amp#2;&amp#4;&amp#8;&amp#16; @�&amp#0;&amp#1;&amp#2;&amp#4;�&amp#8;T�K��&amp#12;�l&amp#2;&amp#4;&amp#8;&amp#16; @�&amp#0;&amp#1;&amp#2;&amp#4;&amp#8;&amp#16; @�&amp#0;&amp#1;&amp#2;&amp#4;&amp#8;&amp#16; @�&amp#0;&amp#1;&amp#2;&amp#4;&amp#8;&amp#16; PZ B�5&amp#17;�҅r	&amp#16; @�&amp#0;&amp#1;&amp#2;&amp#4;&amp#8;&amp#16; @�&amp#0;&amp#1;&amp#2;&amp#4;&amp#8;&amp#16; @�&amp#0;&amp#1;&amp#2;&amp#4;&amp#8;&amp#16; @�&amp#0;�2&amp#2;b�e`d&amp#19; @�&amp#0;&amp#1;&amp#2;&amp#4;&amp#8;&amp#16; @�&amp#0;&amp#1;&amp#2;&amp#4;&amp#8;&amp#16; @�&amp#0;&amp#1;&amp#2;&amp#4;&amp#8;&amp#16; @�&amp#0;�2&amp#2;5�����2��	&amp#16; @�&amp#0;&amp#1;&amp#2;&amp#4;&amp#8;&amp#16; @�&amp#0;&amp#1;&amp#2;&amp#4;&amp#8;&amp#16; @�&amp#0;&amp#1;&amp#2;&amp#4;&amp#8;&amp#16; @�&amp#0;�&amp#18;&amp#2;5;�ǫD�,&amp#2;&amp#4;&amp#8;&amp#16; @�&amp#0;&amp#1;&amp#2;&amp#4;&amp#8;&amp#16; @�&amp#0;&amp#1;&amp#2;&amp#4;&amp#8;&amp#16; @�&amp#0;&amp#1;&amp#2;&amp#4;&amp#8;&amp#16; @��@U�p/_��&amp#0;&amp#1;&amp#2;&amp#4;&amp#8;&amp#16; @�&amp#0;&amp#1;&amp#2;&amp#4;&amp#8;&amp#16; @�&amp#0;&amp#1;&amp#2;&amp#4;&amp#8;&amp#16; @�&amp#0;&amp#1;&amp#2;&amp#4;&amp#8;&amp#16;(!PզM�&amp#18;ٲ&amp#8;&amp#16; @�&amp#0;&amp#1;&amp#2;&amp#4;&amp#8;&amp#16; @�&amp#0;&amp#1;&amp#2;&amp#4;&amp#8;&amp#16; @�&amp#0;&amp#1;&amp#2;&amp#4;&amp#8;&amp#16; @�&amp#0;��&amp#2;v�/o��&amp#0;&amp#1;&amp#2;&amp#4;&amp#8;&amp#16; @�&amp#0;&amp#1;&amp#2;&amp#4;&amp#8;&amp#16; @�&amp#0;&amp#1;&amp#2;&amp#4;&amp#8;&amp#16; @�&amp#0;&amp#1;&amp#2;&amp#4;&amp#8;�&amp#18;��䫪��K&amp#21;�#@�&amp#0;&amp#1;&amp#2;&amp#4;&amp#8;&amp#16; @�&amp#0;&amp#1;&amp#2;&amp#4;&amp#8;&amp#16; @�&amp#0;&amp#1;&amp#2;&amp#4;&amp#8;&amp#16; @�&amp#0;&amp#1;&amp#2;&amp#4;J&amp#11;�F�U�*](�&amp#0;&amp#1;&amp#2;&amp#4;&amp#8;&amp#16; @�&amp#0;&amp#1;&amp#2;&amp#4;&amp#8;&amp#16; @�&amp#0;&amp#1;&amp#2;&amp#4;&amp#8;&amp#16; @�&amp#0;&amp#1;&amp#2;&amp#4;&amp#8;&amp#16;(# �^&amp#6;F6&amp#1;&amp#2;&amp#4;&amp#8;&amp#16; @�&amp#0;&amp#1;&amp#2;&amp#4;&amp#8;&amp#16; @�&amp#0;&amp#1;&amp#2;&amp#4;&amp#8;&amp#16; @�&amp#0;&amp#1;&amp#2;&amp#4;&amp#8;&amp#16;(#P��|�"�&amp#4;&amp#8;&amp#16; @�&amp#0;&amp#1;&amp#2;&amp#4;&amp#8;&amp#16; @�&amp#0;&amp#1;&amp#2;&amp#4;&amp#8;&amp#16; @�&amp#0;&amp#1;&amp#2;&amp#4;&amp#8;&amp#16; @�@i&amp#1;���.r	&amp#16; @�&amp#0;&amp#1;&amp#2;&amp#4;&amp#8;&amp#16; @�&amp#0;&amp#1;&amp#2;&amp#4;&amp#8;&amp#16; @�&amp#0;&amp#1;&amp#2;&amp#4;&amp#8;&amp#16; @�@&amp#5;&amp#1;&amp#7;�W�QD�&amp#0;&amp#1;&amp#2;&amp#4;&amp#8;&amp#16; @�&amp#0;&amp#1;&amp#2;&amp#4;&amp#8;&amp#16; @�&amp#0;&amp#1;&amp#2;&amp#4;&amp#8;&amp#16; @�&amp#0;&amp#1;&amp#2;&amp#4;J&amp#11;Ԭn��J&amp#23;�%@�&amp#0;&amp#1;&amp#2;&amp#4;&amp#8;&amp#16; @�&amp#0;&amp#1;&amp#2;&amp#4;&amp#8;&amp#16; @�&amp#0;&amp#1;&amp#2;&amp#4;&amp#8;&amp#16; @�&amp#0;&amp#1;&amp#2;&amp#4;�&amp#8;T�iӦL�l&amp#2;&amp#4;&amp#8;&amp#16; @�&amp#0;&amp#1;&amp#2;&amp#4;&amp#8;&amp#16; @�&amp#0;&amp#1;&amp#2;&amp#4;&amp#8;&amp#16; @�&amp#0;&amp#1;&amp#2;&amp#4;&amp#8;&amp#16; @��@�ګJd�"@�&amp#0;&amp#1;&amp#2;&amp#4;&amp#8;&amp#16; @�&amp#0;&amp#1;&amp#2;&amp#4;&amp#8;&amp#16; @�&amp#0;&amp#1;&amp#2;&amp#4;&amp#8;&amp#16; @�&amp#0;&amp#1;&amp#2;&amp#4;*
&amp#8;�W�QH�&amp#0;&amp#1;&amp#2;&amp#4;&amp#8;&amp#16; @�&amp#0;&amp#1;&amp#2;&amp#4;&amp#8;&amp#16; @�&amp#0;&amp#1;&amp#2;&amp#4;&amp#8;&amp#16; @�&amp#0;&amp#1;&amp#2;&amp#4;J	&amp#8;��R�G�&amp#0;&amp#1;&amp#2;&amp#4;&amp#8;&amp#16; @�&amp#0;&amp#1;&amp#2;&amp#4;&amp#8;&amp#16; @�&amp#0;&amp#1;&amp#2;&amp#4;&amp#8;&amp#16; @�&amp#0;&amp#1;&amp#2;&amp#4;�&amp#11;̙3G��<�&amp#18;&amp#2;&amp#4;&amp#8;&amp#16; @�&amp#0;&amp#1;&amp#2;&amp#4;&amp#8;&amp#16; @�&amp#0;&amp#1;&amp#2;&amp#4;&amp#8;&amp#16; @�&amp#0;&amp#1;&amp#2;&amp#4;&amp#8;&amp#16; PJ@����<&amp#2;&amp#4;&amp#8;&amp#16; @�&amp#0;&amp#1;&amp#2;&amp#4;&amp#8;&amp#16; @�&amp#0;&amp#1;&amp#2;&amp#4;&amp#8;&amp#16; @�&amp#0;&amp#1;&amp#2;&amp#4;&amp#8;&amp#16; PQ�*^&amp#21;+($@�&amp#0;&amp#1;&amp#2;&amp#4;&amp#8;&amp#16; @�&amp#0;&amp#1;&amp#2;&amp#4;&amp#8;&amp#16; @�&amp#0;&amp#1;&amp#2;&amp#4;&amp#8;&amp#16; @�&amp#0;&amp#1;&amp#2;&amp#4;J&amp#8;&amp#8;��@�E�&amp#0;&amp#1;&amp#2;&amp#4;&amp#8;&amp#16; @�&amp#0;&amp#1;&amp#2;&amp#4;&amp#8;&amp#16; @�&amp#0;&amp#1;&amp#2;&amp#4;&amp#8;&amp#16; @�&amp#0;&amp#1;&amp#2;&amp#4;*&amp#11;&amp#8;�W�QJ�&amp#0;&amp#1;&amp#2;&amp#4;&amp#8;&amp#16; @�&amp#0;&amp#1;&amp#2;&amp#4;&amp#8;&amp#16; @�&amp#0;&amp#1;&amp#2;&amp#4;&amp#8;&amp#16; @�&amp#0;&amp#1;&amp#2;&amp#4;
&amp#5;�����&amp#11;Q\&amp#19; @�&amp#0;&amp#1;&amp#2;&amp#4;&amp#8;&amp#16; @�&amp#0;&amp#1;&amp#2;&amp#4;&amp#8;&amp#16; @�&amp#0;&amp#1;&amp#2;&amp#4;&amp#8;&amp#16; @�&amp#0;��&amp#2;�n�죔&amp#0;&amp#1;&amp#2;&amp#4;&amp#8;&amp#16; @�&amp#0;&amp#1;&amp#2;&amp#4;&amp#8;&amp#16; @�&amp#0;&amp#1;&amp#2;&amp#4;&amp#8;&amp#16; @�&amp#0;&amp#1;&amp#2;&amp#4;&amp#8;�&amp#22;�����\&amp#2;&amp#4;&amp#8;&amp#16; @�&amp#0;&amp#1;&amp#2;&amp#4;&amp#8;&amp#16; @�&amp#0;&amp#1;&amp#2;&amp#4;&amp#8;&amp#16; @�&amp#0;&amp#1;&amp#2;&amp#4;&amp#8;&amp#16; PA@��&amp#2;�"&amp#2;&amp#4;&amp#8;&amp#16; @�&amp#0;&amp#1;&amp#2;&amp#4;&amp#8;&amp#16; @�&amp#0;&amp#1;&amp#2;&amp#4;&amp#8;&amp#16; @�&amp#0;&amp#1;&amp#2;&amp#4;&amp#8;&amp#16; PB`Μ9��%\d&amp#17; @�&amp#0;&amp#1;&amp#2;&amp#4;&amp#8;&amp#16; @�&amp#0;&amp#1;&amp#2;&amp#4;&amp#8;&amp#16; @�&amp#0;&amp#1;&amp#2;&amp#4;&amp#8;&amp#16; @�&amp#0;�
&amp#2;mڴ&amp#17;n�ࣈ&amp#0;&amp#1;&amp#2;&amp#4;&amp#8;&amp#16; @�&amp#0;&amp#1;&amp#2;&amp#4;&amp#8;&amp#16; @�&amp#0;&amp#1;&amp#2;&amp#4;&amp#8;&amp#16; @�&amp#0;&amp#1;&amp#2;&amp#4;&amp#8;�&amp#22;&amp#16;n/�"�&amp#0;&amp#1;&amp#2;&amp#4;&amp#8;&amp#16; @�&amp#0;&amp#1;&amp#2;&amp#4;&amp#8;&amp#16; @�&amp#0;&amp#1;&amp#2;&amp#4;&amp#8;&amp#16; @�&amp#0;&amp#1;&amp#2;&amp#4;&amp#8;�&amp#19;�������&amp#21;�'@�&amp#0;&amp#1;&amp#2;&amp#4;&amp#8;&amp#16; @�&amp#0;&amp#1;&amp#2;&amp#4;&amp#8;&amp#16; @�&amp#0;&amp#1;&amp#2;&amp#4;&amp#8;&amp#16; @�&amp#0;&amp#1;&amp#2;&amp#4;�&amp#5;��%�^�"�&amp#0;&amp#1;&amp#2;&amp#4;&amp#8;&amp#16; @�&amp#0;&amp#1;&amp#2;&amp#4;&amp#8;&amp#16; @�&amp#0;&amp#1;&amp#2;&amp#4;&amp#8;&amp#16; @�&amp#0;&amp#1;&amp#2;&amp#4;&amp#8;T&amp#16;�P{MĽBE&amp#4;&amp#8;&amp#16; @�&amp#0;&amp#1;&amp#2;&amp#4;&amp#8;&amp#16; @�&amp#0;&amp#1;&amp#2;&amp#4;&amp#8;&amp#16; @�&amp#0;&amp#1;&amp#2;&amp#4;&amp#8;&amp#16; @�@��X{��&amp#28;&amp#2;&amp#4;&amp#8;&amp#16; @�&amp#0;&amp#1;&amp#2;&amp#4;&amp#8;&amp#16; @�&amp#0;&amp#1;&amp#2;&amp#4;&amp#8;&amp#16; @�&amp#0;&amp#1;&amp#2;&amp#4;&amp#8;&amp#16; PI�fu{��^��2&amp#2;&amp#4;&amp#8;&amp#16; @�&amp#0;&amp#1;&amp#2;&amp#4;&amp#8;&amp#16; @�&amp#0;&amp#1;&amp#2;&amp#4;&amp#8;&amp#16; @�&amp#0;&amp#1;&amp#2;&amp#4;&amp#8;&amp#16; @`A�����`�+&amp#2;&amp#4;&amp#8;&amp#16; @�&amp#0;&amp#1;&amp#2;&amp#4;&amp#8;&amp#16; @�&amp#0;&amp#1;&amp#2;&amp#4;&amp#8;&amp#16; @�&amp#0;&amp#1;&amp#2;&amp#4;&amp#8;&amp#16; @�&amp#22;��X�^K&amp#21;�&amp#4;&amp#8;&amp#16; @�&amp#0;&amp#1;&amp#2;&amp#4;&amp#8;&amp#16; @�&amp#0;&amp#1;&amp#2;&amp#4;&amp#8;&amp#16; @�&amp#0;&amp#1;&amp#2;&amp#4;&amp#8;&amp#16; @���&amp#2;UmڴY0�&amp#21;&amp#1;&amp#2;&amp#4;&amp#8;&amp#16; @�&amp#0;&amp#1;&amp#2;&amp#4;&amp#8;&amp#16; @�&amp#0;&amp#1;&amp#2;&amp#4;&amp#8;&amp#16; @�&amp#0;&amp#1;&amp#2;&amp#4;&amp#8;&amp#16; P����k&amp#1;RL�&amp#0;&amp#1;&amp#2;&amp#4;&amp#8;&amp#16; @�&amp#0;&amp#1;&amp#2;&amp#4;&amp#8;&amp#16; @�&amp#0;&amp#1;&amp#2;&amp#4;&amp#8;&amp#16; @�&amp#0;&amp#1;&amp#2;&amp#4;
&amp#4;b#�����\�&amp#4;&amp#8;&amp#16; @�&amp#0;&amp#1;&amp#2;&amp#4;&amp#8;&amp#16; @�&amp#0;&amp#1;&amp#2;&amp#4;&amp#8;&amp#16; @�&amp#0;&amp#1;&amp#2;&amp#4;&amp#8;&amp#16; @�@&amp#5;��H�*^&amp#21;j("@�&amp#0;&amp#1;&amp#2;&amp#4;&amp#8;&amp#16; @�&amp#0;&amp#1;&amp#2;&amp#4;&amp#8;&amp#16; @�&amp#0;&amp#1;&amp#2;&amp#4;&amp#8;&amp#16; @�&amp#0;&amp#1;&amp#2;&amp#4;�&amp#5;�ڋM�&amp#16; @�&amp#0;&amp#1;&amp#2;&amp#4;&amp#8;&amp#16; @�&amp#0;&amp#1;&amp#2;&amp#4;&amp#8;&amp#16; @�&amp#0;&amp#1;&amp#2;&amp#4;&amp#8;&amp#16; @�&amp#0;�J&amp#2;5��W*WF�&amp#0;&amp#1;&amp#2;&amp#4;&amp#8;&amp#16; @�&amp#0;&amp#1;&amp#2;&amp#4;&amp#8;&amp#16; @�&amp#0;&amp#1;&amp#2;&amp#4;&amp#8;&amp#16; @�&amp#0;&amp#1;&amp#2;&amp#4;&amp#8;&amp#20;	&amp#8;�&amp#23;�� @�&amp#0;&amp#1;&amp#2;&amp#4;&amp#8;&amp#16; @�&amp#0;&amp#1;&amp#2;&amp#4;&amp#8;&amp#16; @�&amp#0;&amp#1;&amp#2;&amp#4;&amp#8;&amp#16; @�&amp#0;&amp#1;&amp#2;�	8��6!�&amp#4;&amp#8;&amp#16; @�&amp#0;&amp#1;&amp#2;&amp#4;&amp#8;&amp#16; @�&amp#0;&amp#1;&amp#2;&amp#4;&amp#8;&amp#16; @�&amp#0;&amp#1;&amp#2;&amp#4;&amp#8;&amp#16; @�H�fu{�W�/�&amp#0;&amp#1;&amp#2;&amp#4;&amp#8;&amp#16; @�&amp#0;&amp#1;&amp#2;&amp#4;&amp#8;&amp#16; @�&amp#0;&amp#1;&amp#2;&amp#4;&amp#8;&amp#16; @�&amp#0;&amp#1;&amp#2;&amp#4;&amp#8;&amp#16;�$PզM�J��&amp#8;&amp#16; @�&amp#0;&amp#1;&amp#2;&amp#4;&amp#8;&amp#16; @�&amp#0;&amp#1;&amp#2;&amp#4;&amp#8;&amp#16; @�&amp#0;&amp#1;&amp#2;&amp#4;&amp#8;&amp#16; @�&amp#0;�&amp#5;&amp#5;"�^�`�+&amp#2;&amp#4;&amp#8;&amp#16; @�&amp#0;&amp#1;&amp#2;&amp#4;&amp#8;&amp#16; @�&amp#0;&amp#1;&amp#2;&amp#4;&amp#8;&amp#16; @�&amp#0;&amp#1;&amp#2;&amp#4;&amp#8;&amp#16; @�v&amp#1;��ڍ� @�&amp#0;&amp#1;&amp#2;&amp#4;&amp#8;&amp#16; @�&amp#0;&amp#1;&amp#2;&amp#4;&amp#8;&amp#16; @�&amp#0;&amp#1;&amp#2;&amp#4;&amp#8;&amp#16; @�&amp#0;&amp#1;&amp#2;&amp#5;&amp#2;��&amp#5; .	&amp#16; @�&amp#0;&amp#1;&amp#2;&amp#4;&amp#8;&amp#16; @�&amp#0;&amp#1;&amp#2;���}@�U��&amp#3;3��%�%@��ۃP&amp#4;&amp#17;A��C�&amp#20;AP�`AQ&amp#4;A�( E� M�
JQ&amp#4;&amp#4;�R�X(�k�=T�N���w�}wn&�N�&amp#12;�{?w�����ޟ3�d����&@�&amp#0;&amp#1;&amp#2;&amp#4;&amp#8;&amp#16; @�&amp#0;&amp#1;&amp#2;&amp#4;� 0a�&amp#4;��)&amp#24;�L�&amp#0;&amp#1;&amp#2;&amp#4;&amp#8;&amp#16; @�&amp#0;&amp#1;&amp#2;&amp#4;&amp#8;&amp#16; @�&amp#0;&amp#1;&amp#2;&amp#4;&amp#8;&amp#16; @�&amp#0;&amp#1;&amp#2;&amp#4;�&amp#4;�۫@|%@�&amp#0;&amp#1;&amp#2;&amp#4;&amp#8;&amp#16; @�&amp#0;&amp#1;&amp#2;&amp#4;&amp#8;&amp#16; @�&amp#0;&amp#1;&amp#2;&amp#4;&amp#8;&amp#16; @�&amp#0;&amp#1;&amp#2;S&amp#22;����H�}�� @�&amp#0;&amp#1;&amp#2;&amp#4;&amp#8;&amp#16; @�&amp#0;&amp#1;&amp#2;&amp#4;&amp#8;&amp#16; @�}&amp#5;��q�&amp#31;�x�E&amp#2;&amp#4;&amp#8;&amp#16; @�&amp#0;�v&amp#16;h�1J&�&amp#14;?��H�&amp#0;&amp#1;&amp#2;&amp#4;&amp#8;&amp#16; @�&amp#0;&amp#1;&amp#2;&amp#4;&amp#8;&amp#16; @�&amp#0;&amp#1;&amp#2;&amp#4;&amp#8;&amp#16; @�&amp#0;&amp#1;&amp#2;M&amp#22;&amp#16;no2��&amp#8;&amp#16; @�&amp#0;&amp#1;&amp#2;&amp#4;&amp#8;&amp#16; @�&amp#0;&amp#1;&amp#2;&amp#4;&amp#8;&amp#16; @�&amp#0;&amp#1;&amp#2;&amp#4;&amp#8;&amp#16; @��&amp#5;�����[�)[ &amp#1;&amp#2;&amp#4;&amp#8;&amp#16; @�&amp#0;&amp#1;&amp#2;&amp#4;&amp#8;&amp#16; @�&amp#0;&amp#1;&amp#2;&amp#4;&amp#8;&amp#16; @�&amp#0;&amp#1;&amp#2;&amp#4;&amp#8;4Y g�&amp#11;�7��p&amp#4;&amp#8;&amp#16; @�&amp#0;&amp#1;&amp#2;&amp#4;&amp#8;&amp#16; @�&amp#0;&amp#1;&amp#2;&amp#4;&amp#8;&amp#16; @�&amp#0;&amp#1;&amp#2;&amp#4;&amp#8;&amp#16; �&amp#14;&amp#2;���𔭑&amp#0;&amp#1;&amp#2;&amp#4;&amp#8;&amp#16; @�&amp#0;&amp#1;&amp#2;&amp#4;&amp#8;&amp#16; @�&amp#0;&amp#1;&amp#2;&amp#4;&amp#8;&amp#16; @�&amp#0;&amp#1;&amp#2;&amp#4;�, ��dP�&amp#17; @�&amp#0;&amp#1;&amp#2;&amp#4;&amp#8;&amp#16; @�&amp#0;&amp#1;&amp#2;&amp#4;&amp#8;&amp#16; @�&amp#0;&amp#1;&amp#2;&amp#4;&amp#8;&amp#16; @�@�&amp#11;L�0A��埲&amp#5;&amp#18; @�&amp#0;&amp#1;&amp#2;&amp#4;&amp#8;&amp#16; @�&amp#0;&amp#1;&amp#2;&amp#4;&amp#8;&amp#16; @�&amp#0;&amp#1;&amp#2;&amp#4;&amp#8;&amp#16; @�@�&amp#5;:::&amp#6;5yH�&amp#17; @�&amp#0;&amp#1;&amp#2;&amp#4;&amp#8;&amp#16; @�&amp#0;&amp#1;&amp#2;&amp#4;&amp#8;&amp#16; �^&amp#2;ӵ�r��&amp#0;&amp#1;&amp#2;&amp#4;&amp#8;&amp#16; @���&amp#8;���?&amp#18;��&amp#0;&amp#1;&amp#2;&amp#4;&amp#8;&amp#16; @�&amp#0;&amp#1;&amp#2;&amp#4;&amp#8;&amp#16; @�&amp#0;&amp#1;&amp#2;&amp#4;&amp#8;&amp#16; @�&amp#0;&amp#1;&amp#2;&amp#4;&amp#8;�'���ՙ���5֊&amp#0;&amp#1;&amp#2;&amp#4;&amp#8;&amp#16; @�&amp#0;&amp#1;&amp#2;&amp#4;&amp#8;&amp#16; @�&amp#0;&amp#1;&amp#2;&amp#4;&amp#8;&amp#16; @�&amp#0;&amp#1;&amp#2;&amp#4;&amp#8;&amp#16;�(Й�p��&amp#5;&amp#2;&amp#4;&amp#8;&amp#16; @�&amp#0;&amp#1;&amp#2;&amp#4;&amp#8;&amp#16; @�&amp#0;&amp#1;&amp#2;&amp#4;&amp#8;&amp#16; @�&amp#0;&amp#1;&amp#2;&amp#4;&amp#8;&amp#16; А@B�&amp#19;#��ј&amp#0;&amp#1;&amp#2;&amp#4;&amp#8;&amp#16; @�&amp#0;&amp#1;&amp#2;&amp#4;&amp#8;&amp#16; @�&amp#0;&amp#1;&amp#2;&amp#4;&amp#8;&amp#16; @�&amp#0;&amp#1;&amp#2;&amp#4;&amp#8;&amp#16;&amp#16;k�3@�&amp#0;&amp#1;&amp#2;&amp#4;&amp#8;&amp#16; @�&amp#0;&amp#1;&amp#2;&amp#4;&amp#8;&amp#16; @�&amp#0;&amp#1;&amp#2;&amp#4;&amp#8;&amp#16; @�&amp#0;&amp#1;&amp#2;&amp#4;&amp#26;&amp#19;���=�7�Ik&amp#2;&amp#4;&amp#8;&amp#16; @�&amp#0;&amp#1;&amp#2;&amp#4;&amp#8;&amp#16; @�&amp#0;&amp#1;&amp#2;&amp#4;&amp#8;&amp#16; @�&amp#0;&amp#1;&amp#2;&amp#4;&amp#8;&amp#16; ��&amp#2;&amp#19;3����&amp#8;VO�&amp#0;&amp#1;&amp#2;&amp#4;&amp#8;&amp#16; @�&amp#0;&amp#1;&amp#2;&amp#4;&amp#8;&amp#16; @�&amp#0;&amp#1;&amp#2;&amp#4;&amp#8;&amp#16; @�&amp#0;&amp#1;&amp#2;&amp#4;&amp#26;&amp#22;��&amp#14;��;�@�&amp#0;&amp#1;&amp#2;&amp#4;&amp#8;&amp#16; @�&amp#0;&amp#1;&amp#2;&amp#4;&amp#8;&amp#16; @�&amp#0;&amp#1;&amp#2;&amp#4;&amp#8;&amp#16; @�&amp#0;&amp#1;&amp#2;&amp#4;�[������&amp#5;��&amp#0;&amp#1;&amp#2;&amp#4;&amp#8;&amp#16; @�&amp#0;&amp#1;&amp#2;&amp#4;&amp#8;&amp#16; @�&amp#0;&amp#1;&amp#2;&amp#4;&amp#8;&amp#16; @�&amp#0;&amp#1;&amp#2;&amp#4;&amp#8;4,�aw{�f:&amp#16; @�&amp#0;&amp#1;&amp#2;&amp#4;&amp#8;&amp#16; @�&amp#0;&amp#1;&amp#2;&amp#4;&amp#8;&amp#16; @�&amp#0;&amp#1;&amp#2;&amp#4;&amp#8;&amp#16; @�@{&amp#11;$�������&amp#8;VO�&amp#0;&amp#1;&amp#2;&amp#4;&amp#8;&amp#16; @�&amp#0;&amp#1;&amp#2;&amp#4;&amp#8;&amp#16; @�&amp#0;&amp#1;&amp#2;&amp#4;&amp#8;&amp#16; @�&amp#0;&amp#1;&amp#2;&amp#4;&amp#26;&amp#19;H"y��&amp#27;#Ӛ&amp#0;&amp#1;&amp#2;&amp#4;&amp#8;&amp#16; @�&amp#0;&amp#1;&amp#2;&amp#4;&amp#8;&amp#16; @�&amp#0;&amp#1;&amp#2;&amp#4;&amp#8;&amp#16; @�&amp#0;&amp#1;&amp#2;&amp#4;&amp#8;D��&amp#2;&amp#1;&amp#2;&amp#4;&amp#8;&amp#16; @�&amp#0;&amp#1;&amp#2;&amp#4;&amp#8;&amp#16; @�&amp#0;&amp#1;&amp#2;&amp#4;&amp#8;&amp#16; @�&amp#0;&amp#1;&amp#2;&amp#4;&amp#8;&amp#16; А��d�uИ&amp#0;&amp#1;&amp#2;&amp#4;&amp#8;&amp#16; @�&amp#0;&amp#1;&amp#2;&amp#4;&amp#8;&amp#16; @�&amp#0;&amp#1;&amp#2;&amp#4;&amp#8;&amp#16; @�&amp#0;&amp#1;&amp#2;&amp#4;&amp#8;&amp#16;H�]2y?&amp#6;&amp#4;&amp#8;&amp#16; @�&amp#0;&amp#1;&amp#2;&amp#4;&amp#8;&amp#16; @�&amp#0;&amp#1;&amp#2;&amp#4;&amp#8;&amp#16; @�&amp#0;&amp#1;&amp#2;&amp#4;&amp#8;&amp#16; @�a&amp#1;��&amp#27;&Ӂ&amp#0;&amp#1;&amp#2;&amp#4;&amp#8;&amp#16; @�&amp#0;&amp#1;&amp#2;&amp#4;&amp#8;&amp#16; @�&amp#0;&amp#1;&amp#2;&amp#4;&amp#8;&amp#16; @�&amp#0;&amp#1;&amp#2;&amp#4;�\`b2��is&amp#5;�'@�&amp#0;&amp#1;&amp#2;&amp#4;&amp#8;&amp#16; @�&amp#0;&amp#1;&amp#2;&amp#4;&amp#8;&amp#16; @�&amp#0;&amp#1;&amp#2;&amp#4;&amp#8;&amp#16; @�&amp#0;&amp#1;&amp#2;�
H&ߨ��&amp#4;&amp#8;&amp#16; @�&amp#0;&amp#1;&amp#2;&amp#4;&amp#8;&amp#16; @�&amp#0;&amp#1;&amp#2;&amp#4;&amp#8;&amp#16; @�&amp#0;&amp#1;&amp#2;&amp#4;&amp#8;&amp#16; @�?$��C@�&amp#0;&amp#1;&amp#2;&amp#4;&amp#8;&amp#16; @�&amp#0;&amp#1;&amp#2;&amp#4;&amp#8;&amp#16; @�&amp#0;&amp#1;&amp#2;&amp#4;&amp#8;&amp#16; @�&amp#0;&amp#1;&amp#2;&amp#4;&amp#26;&amp#22;&amp#16;no�L&amp#7;&amp#2;&amp#4;&amp#8;&amp#16; @�&amp#0;&amp#1;&amp#2;&amp#4;&amp#8;&amp#16; @�&amp#0;&amp#1;&amp#2;&amp#4;&amp#8;&amp#16; @�&amp#0;&amp#1;&amp#2;&amp#4;&amp#8;&amp#16;  ��g�&amp#0;&amp#1;&amp#2;&amp#4;&amp#8;&amp#16; @�&amp#0;&amp#1;&amp#2;&amp#4;&amp#8;&amp#16; @�&amp#0;&amp#1;&amp#2;&amp#4;&amp#8;&amp#16; @�&amp#0;&amp#1;&amp#2;&amp#4;&amp#8;4&0a�&amp#4;���ȴ&@�&amp#0;&amp#1;&amp#2;&amp#4;&amp#8;&amp#16; @�&amp#0;&amp#1;&amp#2;&amp#4;&amp#8;&amp#16; @�&amp#0;&amp#1;&amp#2;&amp#4;&amp#8;&amp#16; @�&amp#0;&amp#1;&amp#2;	�w�&amp#15;&amp#8;&amp#2;&amp#4;&amp#8;&amp#16; @�&amp#0;&amp#1;&amp#2;&amp#4;&amp#8;&amp#16; @�&amp#0;&amp#1;&amp#2;&amp#4;&amp#8;&amp#16;���&amp#0;&amp#0;@&amp#0;IDAT @�&amp#0;&amp#1;&amp#2;&amp#4;&amp#8;&amp#16; @�!&amp#1;��&amp#27;�Ҙ&amp#0;&amp#1;&amp#2;&amp#4;&amp#8;&amp#16; @�&amp#0;&amp#1;&amp#2;&amp#4;&amp#8;&amp#16; @�&amp#0;&amp#1;&amp#2;&amp#4;&amp#8;&amp#16; @�&amp#0;&amp#1;&amp#2;&amp#4;&amp#8;L&amp#20;&amp#16;n�s@�&amp#0;&amp#1;&amp#2;&amp#4;&amp#8;&amp#16; @�&amp#0;&amp#1;&amp#2;&amp#4;&amp#8;&amp#16; @�&amp#0;&amp#1;&amp#2;&amp#4;&amp#8;&amp#16; @�&amp#0;&amp#1;&amp#2;&amp#4;&amp#26;&amp#22;&amp#16;no�L&amp#7;&amp#2;&amp#4;&amp#8;&amp#16; @�&amp#0;&amp#1;&amp#2;&amp#4;&amp#8;&amp#16; @�&amp#0;&amp#1;&amp#2;&amp#4;&amp#8;&amp#16; @�&amp#0;&amp#1;&amp#2;&amp#4;&amp#8;&amp#16;hs���.g���π�&amp#19; @�&amp#0;&amp#1;&amp#2;&amp#4;&amp#8;&amp#16; @�&amp#0;&amp#1;&amp#2;&amp#4;&amp#8;&amp#16; @�&amp#0;&amp#1;&amp#2;&amp#4;&amp#8;&amp#16; @�@o&amp#4;�n>&amp#4;&amp#8;&amp#16; @�&amp#0;&amp#1;&amp#2;&amp#4;&amp#8;&amp#16; @�&amp#0;&amp#1;&amp#2;&amp#4;&amp#8;&amp#16; @�&amp#0;&amp#1;&amp#2;&amp#4;&amp#8;&amp#16; ��&amp#2;��m�&amp#3;`�&amp#4;&amp#8;&amp#16; @�&amp#0;&amp#1;&amp#2;&amp#4;&amp#8;&amp#16; @�&amp#0;&amp#1;&amp#2;&amp#4;&amp#8;&amp#16; @�&amp#0;&amp#1;&amp#2;&amp#4;&amp#8;&amp#16; �&amp#27;&amp#1;��ި�C�&amp#0;&amp#1;&amp#2;&amp#4;&amp#8;&amp#16; @�&amp#0;&amp#1;&amp#2;&amp#4;&amp#8;&amp#16; @�&amp#0;&amp#1;&amp#2;&amp#4;&amp#8;&amp#16; @�&amp#0;&amp#1;&amp#2;�,0a�&amp#4;g���&amp#15;��&amp#19; @�&amp#0;&amp#1;&amp#2;&amp#4;&amp#8;&amp#16; @�&amp#0;&amp#1;&amp#2;&amp#4;&amp#8;&amp#16; @�&amp#0;&amp#1;&amp#2;&amp#4;&amp#8;&amp#16; @�@/&amp#5;�n�%�n&amp#4;&amp#8;&amp#16; @�&amp#0;&amp#1;&amp#2;&amp#4;&amp#8;&amp#16; @�&amp#0;&amp#1;&amp#2;&amp#4;&amp#8;&amp#16; @�&amp#0;&amp#1;&amp#2;&amp#4;&amp#8;&amp#16; ��&amp#2;�������&amp#0;&amp#1;&amp#2;&amp#4;&amp#8;&amp#16; @�&amp#0;&amp#1;&amp#2;&amp#4;&amp#8;&amp#16; @�&amp#0;&amp#1;&amp#2;&amp#4;&amp#8;&amp#16; @�&amp#0;&amp#1;&amp#2;&amp#4;z#����1�OGGoz�C�&amp#0;&amp#1;&amp#2;&amp#4;&amp#8;&amp#16; @�&amp#0;&amp#1;&amp#2;&amp#4;&amp#8;&amp#16; @�&amp#0;&amp#1;&amp#2;&amp#4;&amp#8;&amp#16; @�&amp#0;&amp#1;&amp#2;&amp#4;�U�3緷�ڭ�&amp#0;&amp#1;&amp#2;&amp#4;&amp#8;&amp#16; @�&amp#0;&amp#1;&amp#2;&amp#4;&amp#8;&amp#16; @�&amp#0;&amp#1;&amp#2;&amp#4;&amp#8;&amp#16; @�&amp#0;&amp#1;&amp#2;&amp#4;&amp#8;�F ��&amp#14;�����C�&amp#0;&amp#1;&amp#2;&amp#4;&amp#8;&amp#16; @�&amp#0;&amp#1;&amp#2;&amp#4;&amp#8;&amp#16; @�&amp#0;&amp#1;&amp#2;&amp#4;&amp#8;&amp#16; @�&amp#0;&amp#1;&amp#2;m,�P������[:&amp#1;&amp#2;&amp#4;&amp#8;&amp#16; @�&amp#0;&amp#1;&amp#2;&amp#4;&amp#8;&amp#16; @�&amp#0;&amp#1;&amp#2;&amp#4;&amp#8;&amp#16; @�&amp#0;&amp#1;&amp#2;&amp#4;&amp#8;�J`b�=g����N&amp#4;&amp#8;&amp#16; @�&amp#0;&amp#1;&amp#2;&amp#4;&amp#8;&amp#16; @�&amp#0;&amp#1;&amp#2;&amp#4;&amp#8;&amp#16; @�&amp#0;&amp#1;&amp#2;&amp#4;&amp#8;&amp#16; @�M&amp#5;:;;%�o�go�&amp#4;&amp#8;&amp#16; @�&amp#0;&amp#1;&amp#2;&amp#4;&amp#8;&amp#16; @�&amp#0;&amp#1;&amp#2;&amp#4;&amp#8;&amp#16; @�&amp#0;&amp#1;&amp#2;&amp#4;&amp#8;&amp#16; 05&amp#2;��n�&amp#26;>}	&amp#16; @�&amp#0;&amp#1;&amp#2;&amp#4;&amp#8;&amp#16; @�&amp#0;&amp#1;&amp#2;&amp#4;&amp#8;&amp#16; @�&amp#0;&amp#1;&amp#2;&amp#4;&amp#8;&amp#16; @�=&amp#5;�no��n�&amp#4;&amp#8;&amp#16; @�&amp#0;&amp#1;&amp#2;&amp#4;&amp#8;&amp#16; @�&amp#0;&amp#1;&amp#2;&amp#4;&amp#8;&amp#16; @�&amp#0;&amp#1;&amp#2;&amp#4;&amp#8;&amp#16; 0U&amp#2;�S�[g&amp#2;&amp#4;&amp#8;&amp#16; @�&amp#0;&amp#1;&amp#2;&amp#4;&amp#8;&amp#16; @�&amp#0;&amp#1;&amp#2;&amp#4;&amp#8;&amp#16; @�&amp#0;&amp#1;&amp#2;&amp#4;&amp#8;&amp#16; �~&amp#2;I$�����~&amp#11;�b&amp#2;&amp#4;&amp#8;&amp#16; @�&amp#0;&amp#1;&amp#2;&amp#4;&amp#8;&amp#16; @�&amp#0;&amp#1;&amp#2;&amp#4;&amp#8;&amp#16; @�&amp#0;&amp#1;&amp#2;&amp#4;&amp#8;&amp#16; �{��|���{?=	&amp#16; @�&amp#0;&amp#1;&amp#2;&amp#4;&amp#8;&amp#16; @�&amp#0;&amp#1;&amp#2;&amp#4;&amp#8;&amp#16; @�&amp#0;&amp#1;&amp#2;&amp#4;&amp#8;&amp#16; @�]&amp#5;$�o�'o�&amp#4;&amp#8;&amp#16; @�&amp#0;&amp#1;&amp#2;&amp#4;&amp#8;&amp#16; @�&amp#0;&amp#1;&amp#2;&amp#4;&amp#8;&amp#16; @�&amp#0;&amp#1;&amp#2;&amp#4;&amp#8;&amp#16; �[����{�W?&amp#2;&amp#4;&amp#8;&amp#16; @�&amp#0;&amp#1;&amp#2;&amp#4;&amp#8;&amp#16; @�&amp#0;&amp#1;&amp#2;&amp#4;&amp#8;&amp#16; @�&amp#0;&amp#1;&amp#2;&amp#4;&amp#8;&amp#16; Ц&amp#2;	�K&ߦ�޲	&amp#16; @�&amp#0;&amp#1;&amp#2;&amp#4;&amp#8;&amp#16; @�&amp#0;&amp#1;&amp#2;&amp#4;&amp#8;&amp#16;&amp#24; &amp#2;o����￟�?�c�&amp#1;2%� @�&amp#0;&amp#1;&amp#2;&amp#4;&amp#8;&amp#16;�G@��&amp#30;%m&amp#8;&amp#16; @�&amp#0;&amp#1;&amp#2;&amp#4;&amp#8;&amp#16; @�&amp#0;&amp#1;&amp#2;&amp#4;&amp#8;&amp#16; �W&amp#2;뭷ޫ����/���&amp#5;&amp#22;X��nc\&amp#2;&amp#4;&amp#8;&amp#16; @�&amp#0;��
dw���;�;:�:��&amp#8;&amp#16; @�&amp#0;&amp#1;&amp#2;&amp#4;&amp#8;&amp#16; @�&amp#0;&amp#1;&amp#2;&amp#4;&amp#8;&amp#16; �^&amp#2;��γ�>��{��6�l٤>�L3տ�w�}�h��&amp#31;�߫Ζ�=�\v�/���u�׌&amp#0;&amp#1;&amp#2;&amp#4;&amp#8;&amp#16; @�~�Ab��ciI�&amp#0;&amp#1;&amp#2;&amp#4;&amp#8;&amp#16; @�&amp#0;&amp#1;&amp#2;&amp#4;&amp#8;&amp#16; @�&amp#0;�R��&amp#7;&amp#31;�ӟ���c�=������R
٧>bĈ5�X�ӟ�����+/�[��k��k��r�m��v��w���s�뮻�K.��e�m�\r�1c���X3&amp#2;&amp#4;&amp#8;&amp#16; @���&amp#11;$�>h�G1&amp#2;&amp#1;&amp#2;&amp#4;&amp#8;&amp#16; @�&amp#0;&amp#1;&amp#2;&amp#4;&amp#8;&amp#16; @�&amp#0;&amp#1;&amp#2;&amp#4;�J ���N:骫��a�OM����O�E&amp#23;]t�u��|����t����o�&amp#12;/������&amp#3;j��رc����&amp#30;&amp#0;&amp#27;���k�	�7��=&amp#1;&amp#2;&amp#4;&amp#8;&amp#16; 0�&amp#2;��S	�;&amp#1;&amp#2;&amp#4;&amp#8;&amp#16; @�&amp#0;&amp#1;&amp#2;&amp#4;&amp#8;&amp#16; @�&amp#0;&amp#1;&amp#2;�%��_��7��M՚�k�&amp#5;&amp#23;\p�Yfy�&amp#23;ƍ&amp#27;W����I��|�3�&amp#28;n&amp#31;?~|1��OJ�O~�U���&amp#0;&amp#1;&amp#2;&amp#4;&amp#8;&amp#16; @`j&amp#4;�ۧFO_&amp#2;&amp#4;&amp#8;&amp#16; @�&amp#0;&amp#1;&amp#2;&amp#4;&amp#8;&amp#16; @�&amp#0;&amp#1;&amp#2;&amp#4;�K ���X��ѣ����/��r�M7]%��￟&amp#29;�7�xcv�'ԞKK-�T�&amp#31;�>dȐbV	�&amp#15;�X�f�m���V�u/_|��E
�d���&amp#15;~нAeͰa�*�*&amp#19; @�&amp#0;&amp#1;&amp#2;&amp#4;�Z`	��}�l|&amp#2;&amp#4;&amp#8;&amp#16; @�&amp#0;&amp#1;&amp#2;&amp#4;&amp#8;&amp#16; @�&amp#0;&amp#1;&amp#2;&amp#4;ZD��+����b1	`&amp#31;z�+��b͵&amp#30;<8	���q�&amp#29;�y�$uO�f�>�\{�/���lm�n����F�&amp#24;<�&amp#0;���c�=V��G�&amp#28;������U&amp#2;&amp#4;&amp#8;&amp#16; @�@?&amp#11;&amp#8;��3��&amp#17; @�&amp#0;&amp#1;&amp#2;&amp#4;&amp#8;&amp#16; @�&amp#0;&amp#1;&amp#2;&amp#4;&amp#8;&amp#16; 0�
�שe�=k8��c�Xb�z&amp#22;3bĈ��޺��Mo��*�$�������t[&amp#3;&amp#18; @�&amp#0;&amp#1;&amp#2;&amp#4;:;;�n�c@�&amp#0;&amp#1;&amp#2;&amp#4;&amp#8;&amp#16; @�&amp#0;&amp#1;&amp#2;&amp#4;&amp#8;&amp#16; @�&amp#0;�)&amp#11;�s�=�>�l��&amp#3;&amp#14;�3�>�q��Ŭ�>}|&amp#19;�&amp#19; @�&amp#0;&amp#1;&amp#2;&amp#4;�T��M�m�&amp#4;&amp#8;&amp#16; @�&amp#0;&amp#1;&amp#2;&amp#4;&amp#8;&amp#16; @�&amp#0;&amp#1;&amp#2;&amp#4;&amp#8;&amp#16;hD�ꫯ.����zeY�&amp#0;&amp#1;&amp#2;&amp#4;&amp#8;&amp#16; @�m&amp#5;�����[8&amp#1;&amp#2;&amp#4;&amp#8;&amp#16; @�&amp#0;&amp#1;&amp#2;&amp#4;&amp#8;&amp#16; @�&amp#0;&amp#1;&amp#2;&amp#8;�[ۗ_~�A��m�NS&amp#2;&amp#4;&amp#8;&amp#16; @�@K
tuu�GaK>Y�"@�&amp#0;&amp#1;&amp#2;&amp#4;&amp#8;&amp#16; @�&amp#0;&amp#1;&amp#2;&amp#4;&amp#8;&amp#16; @��&amp#2;o��V1�����k���>��&amp#3;w�u�+���ꫯ����C�&amp#12;Yp�g���_h��>�O����rj��O?���C��>������|�������/��"�,��G���?&amp#30;}���n���&amp#23;_|饗��Yf�e�9�o��r&amp#30;�ȑ#�f&amp#3;�P,�&amp#23;^�2˅�5�\+���Q�:::&amp#6;�&amp#18;̐&amp#0;&amp#1;&amp#2;&amp#4;&amp#6;���&amp#31;~x�&amp#21;W�y�),����S\&amp#6;�lM��&amp#2;�no:�&amp#1;	&amp#16; @�&amp#0;&amp#1;&amp#2;&amp#4;&amp#8;&amp#16; @�&amp#0;&amp#1;&amp#2;&amp#4;&amp#8;&amp#16;hM�D����emcǎ��&amp#21;&F~��_p�&amp#5;��O�F�.�����KN�AQ������&amp#3;&amp#15;Ly���?蠃j6��/~q�e����&amp#23;_�7	&L��B&��SO�l��&amp#5;&amp#22;X`�]w]{�'�` ���G&amp#23;]t�i���7&amp#6;&7�&amp#4;�ǌ&amp#25;��&�����-��r�%�䵃M7�t��&amp#22;�ܘ�	&amp#16; @�}&amp#4;�y��E��3�&amp#20;K��������.oŵ&amp#15;���ﻊ,&amp#8;&amp#16; @�&amp#0;&amp#1;&amp#2;&amp#4;&amp#8;&amp#16; @�&amp#0;&amp#1;&amp#2;&amp#4;&amp#8;&amp#16; @`r&amp#2;��&amp#31;{�7�xcrͦ�>A���~�m����{���&amp#22;&amp#15;?����o�q�e/]&amp#15;wL켸���kV^��������w�&amp#1;&amp#7;�&amp#16;k�8���{~���M�ar�~���?��6�ls��&amp#7;�&amp#16;k�&amp#12;s5m���'��y�y&amp#28;��K�K8��s���h=�r�&amp#0;&amp#1;&amp#2;&amp#4;ZX ɞs�9e��X�o���_�jܸq-�pK�&amp#18;�L�
�W&amp#2;&amp#4;&amp#8;&amp#16; @�&amp#0;&amp#1;&amp#2;&amp#4;&amp#8;&amp#16; @�&amp#0;&amp#1;&amp#2;&amp#4;&amp#8;�&amp#16;�̠���뮻n�FSW����[9�R�>�J>bĈ��O.�Ĺs�l�+ڜq�&amp#25;s�=�V[mUv��B^#������&amp#15;&amp#22;�d��J+��U瓻'������{o^&amp#8;(&amp#26;����&amp#30;�c�=v�g���6�of��o~��U�&amp#21;VXa饗Ζ�p=��Yc�B�𼻐W&amp#28;zس~�}���L�=	�`��Q @�&amp#0;�6&amp#20;�q$&amp#27;o���'�\�&amp#18;��￟$1{�W�&amp#17;-m��&K�[&amp#23;��m�-�&amp#0;&amp#1;&amp#2;&amp#4;&amp#8;&amp#16; @�&amp#0;&amp#1;&amp#2;&amp#4;&amp#8;&amp#16; @�&amp#0;��&amp#18;X~��g�i�"���ߋ/�x�P��&amp#17;�u.c��O~��ڭ�|��_���&amp#15;?��b����&amp#31;�D���'��l�&���.��7����&amp#7;�5�Xo��F��({��&amp#23;�9Z��#�LZ����^Ȇ��X�&amp#18;K,&amp#17;�&amp#28;&amp#4;PNl��щ��k&amp#14;&amp#5;�&amp#30;�D�S�cMV�?��Os�9gٲ�P�m>��+�*&amp#19; @�@[	������&amp#31;����[&amp#15;&amp#27;6,]v������-���ڊ�=&amp#23;��.$�o�Go�&amp#4;&amp#8;&amp#16; @�&amp#0;&amp#1;&amp#2;&amp#4;&amp#8;&amp#16; @�&amp#0;&amp#1;&amp#2;&amp#4;&amp#8;4&0dȐ&amp#31;��&amp#7;E�Dg���/�x㍍Q_��}�s9#�f��&amp#24; &amp#27;�O8�r&��^��u�ʦ�d�Ͷ��X{e��W_=	Շ&amp#15;&amp#31;^T���.���l�q���}���/��'���T��+'�������\s͢2�*_8�l��K.Y��1�&amp#28;=�/�)&amp#16; @�@K
$�~�I'%3J��r&amp#17;q����믿ޒ˷��&amp#2;���M�&amp#16; @�&amp#0;&amp#1;&amp#2;&amp#4;&amp#8;&amp#16; @�&amp#0;&amp#1;&amp#2;&amp#4;&amp#8;&amp#16; @����&amp#27;n�M�ŅDg������߾��k4�mU����o��&amp#27;5jT��<��_~y�թ�z衇f&amp#31;�#,��§�rJ٦�\V~,�믿�̴�&amp#28;��v?����0�8'~y.@������>���� 2k���A&amp#7;&amp#29;$?pM%�&amp#4;&amp#8;&amp#16;hy�"֞�f�e�{�=;�s&amp#22;L�kX`&amp#4;�_g&amp#18;ʳ @�&amp#0;&amp#1;&amp#2;&amp#4;&amp#8;&amp#16; @�&amp#0;&amp#1;&amp#2;&amp#4;&amp#8;&amp#16; @�&amp#0;�)
$�z�1Ǭ���e�&amp#4;ww�qǯ}�k�����o���.��&amp#14;S��&amp#23;��eQH��&amp#28;&amp#19;��;Vv�`��[n�ʚɕs&amp#8;z&amp#26;&amp#23;W����瞛\���϶��vy(e��B�i�ϗ*G(+�B֛��G&amp#31;}�*��Ru�W&amp#2;&amp#4;&amp#8;&amp#16;h&amp#7;�2�^.��������Z��;o�L��&amp#5;�&amp#15;	��&amp#22;~��F�&amp#0;&amp#1;&amp#2;&amp#4;&amp#8;&amp#16; @�&amp#0;&amp#1;&amp#2;&amp#4;&amp#8;&amp#16; @�@�&amp#5;�����&amp#14;�{�S(���{�������&amp#7;&amp#30;x�wf�Sy��B��җ�Tg�ʓ�_x�:{�ܬ�1�s��j�T���z��i�'�|��[o-��G��&amp#27;9rd���7��,�:�&amp#25;&amp#1;&amp#2;&amp#4;&amp#8;L&amp#19;&amp#2;ed�j�e}&amp#25;q&amp#31;=z���_���V&amp#21;����&amp#17;�V]�u&amp#17; @�&amp#0;&amp#1;&amp#2;&amp#4;&amp#8;&amp#16; @�&amp#0;&amp#1;&amp#2;&amp#4;&amp#8;&amp#16; @��&amp#2;����o~�&amp#21;WdWte�=7�袋ƌ&amp#25;���9O�&amp#23;��~�ӟ�&amp#26;���g&amp#26;�&amp#1;��?�|&amp#15;-뿔&amp#8;A���Zj�e�]�h�}��߱�Z�u�]���o�}Y���&amp#20;&amp#5;e��q�J&amp#5;&amp#2;&amp#4;&amp#8;&amp#16;hg�2�^&amp#19;���������L�L�fK�-) �ޒ�բ&amp#8;&amp#16; @�&amp#0;&amp#1;&amp#2;&amp#4;&amp#8;&amp#16; @�&amp#0;&amp#1;&amp#2;&amp#4;&amp#8;&amp#16;�[���&amp#19;YϮ�#�8b��V��Y��&amp#31;w�q묳�QG&amp#29;��k�U^�<�|��ܠ��&amp#17;#���_~��R/��X�Fwg����ō�{�}/&�.��{o�1&amp#11;I���&amp#6;�&amp#6;�%�X��R���&amp#8;&amp#26;&amp#19; @�@�
���&amp#30;&amp#22;X�y뭷�&amp#12;&amp#25;"��&amp#3;T�]�����y�Z�Ê&amp#8;&amp#16; @�&amp#0;&amp#1;&amp#2;&amp#4;&amp#8;&amp#16; @�&amp#0;&amp#1;&amp#2;&amp#4;&amp#8;&amp#16; А�t�M���&amp#19;\����K�ݼ&amp#24;����x����9f�A��N�&amp#24;9���&amp#22;=4[t�E{�Z��СC���a����l�o���q��-��n]�&amp#26;&amp#8;;�&amp#27;���&amp#4;&amp#8;&amp#16; �w&amp#2;��ڋ�/���3�<s����&amp#3;S �*N�&amp#12;�ə&amp#21;&amp#1;&amp#2;&amp#4;&amp#8;&amp#16; @�&amp#0;&amp#1;&amp#2;&amp#4;&amp#8;&amp#16; @�&amp#0;&amp#1;&amp#2;&amp#4;�&amp#21;�lLOB�&amp#11;/���SO]s�5�i���;?��ͽ��O��3Oٱ�Bs�;���s��6��gK_��/����M�w�^ܽL-��J/��B�&amp#0;&amp#1;&amp#2;�'P�}��V�C��~&amp#0;�\QgS^{��f�&amp#17; @�&amp#0;&amp#1;&amp#2;&amp#4;&amp#8;&amp#16; @�&amp#0;&amp#1;&amp#2;&amp#4;&amp#8;&amp#16; @��&amp#5;�?6��&amp#19;\?�s*3�g���~��).|���b��kP����&amp#28;�sβ�&amp#23;&amp#11;���R�&amp#14;�⾍��P�*��M����&amp#8;�)&amp#1;&amp#2;&amp#4;&amp#8;4Q��X��[n)�|&amp#19;񧭡:=�i끙-&amp#1;&amp#2;&amp#4;&amp#8;&amp#16; @�&amp#0;&amp#1;&amp#2;&amp#4;&amp#8;&amp#16; @�&amp#0;&amp#1;&amp#2;&amp#3;_ �ُ9昽�ګ���'�<�&amp#3;�&amp#7;&amp#15;&amp#30;\����&amp#12;3���M&amp#7;N����>*'?�3���&amp#11;e&�^8�&amp#23;-	&amp#16; @`�&amp#16;�?־��+��O&amp#19;ϴ�&)�|��&amp#26;�&amp#0;&amp#1;&amp#2;&amp#4;&amp#8;&amp#16; @�&amp#0;&amp#1;&amp#2;&amp#4;&amp#8;&amp#16; @�&amp#0;��&amp#21;H����{�K���;�,&amp#15;������*3���
T�+��L>���b�eR�F5�'@�&amp#0;��&amp#16;�?־�*�����C��*�H����C�&amp#30;HG&amp#2;&amp#4;&amp#8;&amp#16; @�&amp#0;&amp#1;&amp#2;&amp#4;&amp#8;&amp#16; @�&amp#0;&amp#1;&amp#2;&amp#4;&amp#8;&amp#16;�.���g�[Q�e����{��&amp#12;�����7:��^z��R�&amp#14;/k����&amp#27;�c��eV��&0nܸ�}9NC�5&@�&amp#0;��&amp#16;h(־�&amp#22;[�ƪ���&amp#2;y�/�&amp#8;���׀:&amp#18; @�&amp#0;&amp#1;&amp#2;&amp#4;&amp#8;&amp#16; @�&amp#0;&amp#1;&amp#2;&amp#4;&amp#8;&amp#16; @`
&amp#2;�����OO�[�_~��&amp#27;�g����>��37ڽ���#۟��^���s�&amp#21;�f�m�^tׅ&amp#0;&amp#1;&amp#2;&amp#4;Z@��X����Z��{&amp#11;��&amp#18;z- ��k:&amp#29;	&amp#16; @�&amp#0;&amp#1;&amp#2;&amp#4;&amp#8;&amp#16; @�&amp#0;&amp#1;&amp#2;&amp#4;&amp#8;&amp#16; 0e��#G���{��<�
O?�t�S*w�W���A��~�С�Pe༡�� �ǻM��9kL�&amp#0;&amp#1;&amp#2;M&amp#20;����&amp#24;1��_���3�Xs��ڿ��/ּ���&amp#4;&&�o�5[/&amp#1;&amp#2;&amp#4;&amp#8;&amp#16; @�&amp#0;&amp#1;&amp#2;&amp#4;&amp#8;&amp#16; @�&amp#0;&amp#1;&amp#2;&amp#4;�S��&amp#15;?,o7��ӗ�Vx�G&amp#26;�R&amp#25;n_`�&amp#5;&amp#26;�����,�H1�c�=֋�&amp#31;}�Ѣ�2�,Ӌ�&amp#16; @��4-P&amp#21;k�y�G�&amp#26;5f̘&amp#25;f��j]��ԧ�ګL���p{;?}k'@�&amp#0;&amp#1;&amp#2;&amp#4;&amp#8;&amp#16; @�&amp#0;&amp#1;&amp#2;&amp#4;&amp#8;&amp#16; @�?&amp#4;Ǝ&amp#29;[�&��-�&amp#3;���SO���&amp#27;��*��_x�E��Ç�߱�Z~�3�)FN���;�h�.��r˳�>[tYz�&amp#27;�1&amp#1;&amp#2;&amp#4;&amp#8;����&amp#23;_\d��w�y&amp#19;k/���?��;������&amp#5;&־�曗_&amp#21;&amp#8;8���&amp#0;&amp#1;&amp#2;&amp#4;&amp#8;&amp#16; @�&amp#0;&amp#1;&amp#2;&amp#4;&amp#8;&amp#16; @�&amp#0;&amp#1;&amp#2;&amp#4;�V��{�-o0�|��&amp#1;X�馛��&amp#21;W\��;�&amp#20;�_~��;�Q��J�&amp#17;��ঢ়vZCw9����&amp#3;a-�d&amp#20;&amp#8;&amp#16; @�&amp#31;&amp#4;���&amp#3;&amp#15;<P�h�7��!���o��Gť�V[M��&amp#31;&amp#30;Ǵu����&amp#7;�۔Ӗ��&amp#18; @�&amp#0;&amp#1;&amp#2;&amp#4;&amp#8;&amp#16; @�&amp#0;&amp#1;&amp#2;&amp#4;&amp#8;&amp#16; @�J )��?���r�מu�Y�&amp#26;&amp#12;���j��1������]L~���J&amp#4;�c_H��m���4n���ﾻ�)�v�mw�uW�8��&amp#7;�3�sQ�&amp#17; @�@�&amp#2;w�yg&amp#17;S_h��ʣI����&amp#30;���~W\��t�m�Y�cj�>&amp#2;�&amp#29;&amp#29;&amp#29;�Z+%@�&amp#0;&amp#1;&amp#2;&amp#4;&amp#8;&amp#16; @�&amp#0;&amp#1;&amp#2;&amp#4;&amp#8;&amp#16; @�@�	$-��Z�n�6(�&amp#3;����5�\S��.��2��.��2@~ϼ�&amp#14;;��?�c�|�����
ɟ�ǖW��r˲ܽ��&amp#12;��^��&amp#0;&amp#1;&amp#2;&amp#4;�i���_���]w�r!��s�&amp#25;g�Q��W_}u��RF�R �&amp#4;���L�&amp#0;&amp#1;&amp#2;&amp#4;&amp#8;&amp#16; @�&amp#0;&amp#1;&amp#2;&amp#4;&amp#8;&amp#16; @�&amp#0;&amp#1;&amp#2;5&amp#5;^{����|��w�}�&amp#23;_|�h�袋���k<p���&amp#31;���=�߳��g?�Y1�^�A�&amp#3;d�s�5�^{�UL&�&amp#14;l��v9ǽ���&amp#25;}�K_�����6;��Q�j�Ϫ&amp#15;?���'}�>��mT&amp#18; @���(����~���|�&amp#5;&amp#23;�_��Ǐ���&amp#27;�������&amp#31;�>}o�����̹&amp#4;�����]&amp#8;&amp#16; @�&amp#0;&amp#1;&amp#2;&amp#4;&amp#8;&amp#16; @�&amp#0;&amp#1;&amp#2;&amp#4;&amp#8;&amp#16;��&amp#5;�N6;�rb��G&amp#31;�����w��a1	�&h��6�dc\�l�9��&amp#22;�駟��^&amp#31;��&amp#5;&amp#22;X���!�&amp#28;���믿�}J9�v���;�&amp#19;�K������@($&amp#27;�
+�P�$���j�+�����߯��{�w�e��&amp#25;��C,��&amp#18;cƌ�jV~}����=��W'}�:ꨞ&amp#0;�^
&amp#4;&amp#8;&amp#16; 0�&amp#5;ʭ�9&amp#27;���;蠃.���_~����?�i����&amp#16;?�&amp#25;&amp#14;�xo��&amp#4;&amp#8;&amp#16; @�&amp#0;&amp#1;&amp#2;&amp#4;&amp#8;&amp#16; @�&amp#0;&amp#1;&amp#2;&amp#4;&amp#8;&amp#16;&amp#24;�&amp#2;E.٧�z��I�L8���g�=q��&}&amp#18;����&amp#15;�=.��'&]���f�餓N&amp#26;6lXe�&amp#0;,'�}&amp#2;&amp#12;7�pC�vݤ��&amp#11;/���9�6���&amp#24;?���&A��&amp#15;8��&amp#21;W\���c/�&amp#19;�8����g������{�B��K/��|�͗&amp#24;|^��ZH����&amp#23;�&amp#24;<x�����s�U^&amp#26;;v�r�-WY�L�&amp#0;&amp#1;&amp#2;Ӣ@���~����/����%&amp#12;&amp#26;4(��/|�&amp#11;���&amp#4;�&amp#4;�#$�^e�+&amp#1;&amp#2;&amp#4;&amp#8;&amp#16; @�&amp#0;&amp#1;&amp#2;&amp#4;&amp#8;&amp#16; @�&amp#0;&amp#1;&amp#2;&amp#4;�,��{>=�K�=&amp#27;���b�&amp#20;zn9&amp#16;�敂#�8���O?��&amp#19;��$&amp#19;�䒱�=���?��&amp#12;��W�a�&amp#25;f8��~��_����҃�>���Bv��U�&amp#25;g�������Ke�СC+�*&amp#19; @��4*��#�Tes�k[�-�X^��KZ&amp#3;<-�4j�b�&amp#22;no�&amp#7;j9&amp#4;&amp#8;&amp#16; @�&amp#0;&amp#1;&amp#2;&amp#4;&amp#8;&amp#16; @�&amp#0;&amp#1;&amp#2;&amp#4;&amp#8;�@�F�s�9w�qG2�&amp#23;��{�����7�h��&amp#11;>�,���2WӦ�&amp#16;�8�&amp#20;&amp#27;W6(#ē�X6�y�+;�,gw~b&amp#12;;��&amp#26;k�q�&amp#5;&amp#23;d�_�6��W���~9&amp#22;�&amp#31;�!(o1�&amp#5;�\H*;;;&amp#19;A�z뭓&amp#22;����}ͅd�&amp#28;&amp#16;��d&amp#19;���)�&amp#19;w)�i�]��W&amp#5;&amp#2;&amp#4;&amp#8;&amp#16;�v&amp#5;�L���#	]����,�L��紻.3�7���t$��o�s#&amp#2;&amp#4;&amp#8;&amp#16; @�&amp#0;&amp#1;&amp#2;&amp#4;&amp#8;&amp#16; @�&amp#0;&amp#1;&amp#2;&amp#4;&amp#8;L�&amp#2;ɬ>nܸW^y套^z��s
x�&amp#6;����O&amp#20;v�y�{6C&amp#15;�%��'?��+2�&amp#28;ʞW&amp#4;ʩfQI���k��dYO0~�9����	N��&amp#12;�B&amp#22;�T�yd�?��&amp#27;o�1묳�I�&amp#25;-���y���&amp#25;f��5�\�w#�\s�F����EK&amp#2;&amp#4;&amp#8;&amp#16;�7��&amp#5;q��&amp#7;�&amp#24;1"Q�e�]��W��mnn4	��&amp#4;8�мM�&amp#0;&amp#1;&amp#2;&amp#4;&amp#8;&amp#16; @�&amp#0;&amp#1;&amp#2;&amp#4;&amp#8;&amp#16; @�&amp#0;&amp#1;&amp#2;&amp#31;�@B���|>&amp#31;����y��r��سï�f&amp#26;-g!#'}�r�C�&amp#12;�|�ͧr&amp#16;�	&amp#16; @`�&amp#8;�/����+�a�)�ɴ( �>->5s&@�&amp#0;&amp#1;&amp#2;&amp#4;&amp#8;&amp#16; @�&amp#0;&amp#1;&amp#2;&amp#4;&amp#8;&amp#16; @�@�&amp#5;dBm2��&amp#8;&amp#16; @``&amp#11;�G�&amp#12;�i�݀&amp#22;����&amp#28;�&amp#19;49&amp#2;&amp#4;&amp#8;&amp#16; @�&amp#0;&amp#1;&amp#2;&amp#4;&amp#8;&amp#16; @�&amp#0;&amp#1;&amp#2;&amp#4;&amp#8;&amp#16; @�&amp#0;&amp#1;&amp#2;&amp#4;&amp#8;&amp#16; 0�&amp#4;rv�p��{,fD�&amp#0;&amp#1;&amp#2;&amp#4;&amp#8;&amp#16; @�&amp#0;&amp#1;&amp#2;&amp#4;&amp#8;&amp#16; @�&amp#0;&amp#1;&amp#2;&amp#4;&amp#8;&amp#16; @�&amp#0;&amp#1;&amp#2;&amp#3;^@�}�?"&amp#19;$@�&amp#0;&amp#1;&amp#2;&amp#4;&amp#8;&amp#16; @�&amp#0;&amp#1;&amp#2;&amp#4;&amp#8;&amp#16; @�&amp#0;&amp#1;&amp#2;&amp#4;&amp#8;&amp#16; @�&amp#0;��' �>�&amp#25;&amp#17; @�&amp#0;&amp#1;&amp#2;&amp#4;&amp#8;&amp#16; @�&amp#0;&amp#1;&amp#2;&amp#4;&amp#8;&amp#16; @�&amp#0;&amp#1;&amp#2;&amp#4;&amp#8;&amp#16; @���&amp#22;�0a�p��~DfG�&amp#0;&amp#1;&amp#2;&amp#4;&amp#8;&amp#16; @�&amp#0;&amp#1;&amp#2;&amp#4;&amp#8;&amp#16; @�&amp#0;&amp#1;&amp#2;&amp#4;&amp#8;&amp#16; @�&amp#0;&amp#1;&amp#2;&amp#3;O���C�}�=&amp#22;3"@�&amp#0;&amp#1;&amp#2;&amp#4;&amp#8;&amp#16; @�&amp#0;&amp#1;&amp#2;&amp#4;&amp#8;&amp#16; @�&amp#0;&amp#1;&amp#2;&amp#4;&amp#8;&amp#16; @�&amp#0;�&amp#1;/ �>�&amp#31;�	&amp#18; @�&amp#0;&amp#1;&amp#2;&amp#4;&amp#8;&amp#16; @�&amp#0;&amp#1;&amp#2;&amp#4;&amp#8;&amp#16; @�&amp#0;&amp#1;&amp#2;&amp#4;&amp#8;&amp#16; @��&amp#0;&amp#19;����LB�&amp#1;6+�!@�&amp#0;&amp#1;&amp#2;&amp#4;&amp#8;&amp#16; @�&amp#0;&amp#1;&amp#2;&amp#4;&amp#8;&amp#16; @�&amp#0;&amp#1;&amp#2;&amp#4;&amp#8;&amp#16; @�&amp#0;&amp#1;&amp#2;&amp#3;Z�3&amp#31;��&amp#1;��L�&amp#0;&amp#1;&amp#2;&amp#4;&amp#8;&amp#16; @�&amp#0;&amp#1;&amp#2;&amp#4;&amp#8;&amp#16; @�&amp#0;&amp#1;&amp#2;&amp#4;&amp#8;&amp#16; @�&amp#0;&amp#1;&amp#2;&amp#4;&amp#6;�@B�&amp#18;q&amp#31;x&amp#19;3#&amp#2;&amp#4;&amp#8;&amp#16; @�&amp#0;&amp#1;&amp#2;&amp#4;&amp#8;&amp#16; @�&amp#0;&amp#1;&amp#2;&amp#4;&amp#8;&amp#16;�&amp#15;��7�x��&amp#23;ϝF�&amp#30;�&amp#31;�s&amp#15;&amp#2;&amp#4;&amp#8;&amp#16; @�@&amp#11;	t���BO�R&amp#8;&amp#16; @�&amp#0;&amp#1;&amp#2;&amp#4;&amp#8;&amp#16; @�&amp#0;&amp#1;&amp#2;&amp#4;&amp#8;&amp#16; @�&amp#0;&amp#1;&amp#2;&amp#4;&amp#8;&amp#16; @�?&amp#4;&�ݞ?�q+� @�&amp#0;&amp#1;&amp#2;&amp#4;&amp#8;&amp#16; @�&amp#0;&amp#1;&amp#2;&amp#4;&amp#8;&amp#16; @�&amp#0;&amp#1;&amp#2;&amp#4;&amp#8;&amp#16; @�&amp#0;&amp#1;&amp#2;�"�D�v���ô&amp#14;&amp#2;&amp#4;&amp#8;&amp#16; @�&amp#0;&amp#1;&amp#2;&amp#4;&amp#8;&amp#16; @�&amp#0;&amp#1;&amp#2;&amp#4;&amp#8;&amp#16; @�&amp#0;&amp#1;&amp#2;&amp#4;&amp#8;&amp#16;�G�N���Qۭ&amp#8;&amp#16; @�&amp#0;&amp#1;&amp#2;&amp#4;&amp#8;&amp#16; @�&amp#0;&amp#1;&amp#2;&amp#4;&amp#8;&amp#16; @�&amp#0;&amp#1;&amp#2;&amp#4;&amp#8;&amp#16; @�E&amp#4;�no�&amp#7;i&amp#25;&amp#4;&amp#8;&amp#16; @�&amp#0;&amp#1;&amp#2;&amp#4;&amp#8;&amp#16; @�&amp#0;&amp#1;&amp#2;&amp#4;&amp#8;&amp#16; @�&amp#0;&amp#1;&amp#2;&amp#4;&amp#8;&amp#16; П&amp#2;��y3�"@�&amp#0;&amp#1;&amp#2;&amp#4;&amp#8;&amp#16; @�&amp#0;&amp#1;&amp#2;&amp#4;&amp#8;&amp#16; @�&amp#0;&amp#1;&amp#2;&amp#4;&amp#8;&amp#16; @�&amp#0;&amp#1;&amp#2;- �D�]]]-�&amp#18;K @�&amp#0;&amp#1;&amp#2;&amp#4;&amp#8;&amp#16; @�&amp#0;&amp#1;&amp#2;&amp#4;&amp#8;&amp#16; @�&amp#0;&amp#1;&amp#2;&amp#4;&amp#8;&amp#16; @�&amp#0;&amp#1;&amp#2;�&Б�����ۍ&amp#8;&amp#16; @�&amp#0;&amp#1;&amp#2;&amp#4;&amp#8;&amp#16; @�&amp#0;&amp#1;&amp#2;&amp#4;&amp#8;&amp#16; @�&amp#0;&amp#1;&amp#2;&amp#4;&amp#8;&amp#16; @�e&amp#4;$�o�Gi!&amp#4;&amp#8;&amp#16; @�&amp#0;&amp#1;&amp#2;&amp#4;&amp#8;&amp#16; @�&amp#0;&amp#1;&amp#2;&amp#4;&amp#8;&amp#16; @�&amp#0;&amp#1;&amp#2;&amp#4;&amp#8;&amp#16; �O&amp#2;&amp#19;���ӭ܆&amp#0;&amp#1;&amp#2;&amp#4;&amp#8;&amp#16; @�&amp#0;&amp#1;&amp#2;&amp#4;&amp#8;&amp#16; @�&amp#0;&amp#1;&amp#2;&amp#4;&amp#8;&amp#16; @�&amp#0;&amp#1;&amp#2;&amp#4;&amp#8;��@��ɷ�ô&amp#14;&amp#2;&amp#4;&amp#8;&amp#16; @�&amp#0;&amp#1;&amp#2;&amp#4;&amp#8;&amp#16; @�&amp#0;&amp#1;&amp#2;&amp#4;&amp#8;&amp#16; @�&amp#0;&amp#1;&amp#2;&amp#4;&amp#8;&amp#16;�G&amp#1;���&amp#17;ۭ&amp#8;&amp#16; @�&amp#0;&amp#1;&amp#2;&amp#4;&amp#8;&amp#16; @�&amp#0;&amp#1;&amp#2;&amp#4;&amp#8;&amp#16; @�&amp#0;&amp#1;&amp#2;&amp#4;&amp#8;&amp#16; @�%&amp#4;&&�ϟ�X�E&amp#16; @�&amp#0;&amp#1;&amp#2;&amp#4;&amp#8;&amp#16; @�&amp#0;&amp#1;&amp#2;&amp#4;&amp#8;&amp#16; @�&amp#0;&amp#1;&amp#2;&amp#4;&amp#8;&amp#16; @�&amp#0;��&amp#19;�L���݉&amp#0;&amp#1;&amp#2;&amp#4;&amp#8;&amp#16; @�&amp#0;&amp#1;&amp#2;&amp#4;&amp#8;&amp#16; @�&amp#0;&amp#1;&amp#2;&amp#4;&amp#8;&amp#16; @�&amp#0;&amp#1;&amp#2;&amp#4;ZF@2��y�&amp#22;B�&amp#0;&amp#1;&amp#2;&amp#4;&amp#8;&amp#16; @�&amp#0;&amp#1;&amp#2;&amp#4;&amp#8;&amp#16; @�&amp#0;&amp#1;&amp#2;&amp#4;&amp#8;&amp#16; @�&amp#0;&amp#1;&amp#2;�' ����D�&amp#0;&amp#1;&amp#2;&amp#4;&amp#8;&amp#16; @�&amp#0;&amp#1;&amp#2;&amp#4;&amp#8;&amp#16; @�&amp#0;&amp#1;&amp#2;&amp#4;&amp#8;&amp#16; @�&amp#0;&amp#1;&amp#2;-# ��2��B&amp#8;&amp#16; @�&amp#0;&amp#1;&amp#2;&amp#4;&amp#8;&amp#16; @�&amp#0;&amp#1;&amp#2;&amp#4;&amp#8;&amp#16; @�&amp#0;&amp#1;&amp#2;&amp#4;&amp#8;&amp#16; @��&amp#4;&L� ��O�nC�&amp#0;&amp#1;&amp#2;&amp#4;&amp#8;&amp#16; @�&amp#0;&amp#1;&amp#2;&amp#4;&amp#8;&amp#16; @�&amp#0;&amp#1;&amp#2;&amp#4;&amp#8;&amp#16; @�&amp#0;&amp#1;&amp#2;-#�p{G���z,�&amp#0;&amp#1;&amp#2;&amp#4;&amp#8;&amp#16; @�&amp#0;&amp#1;&amp#2;&amp#4;&amp#8;&amp#16; @�&amp#0;&amp#1;&amp#2;&amp#4;&amp#8;&amp#16; @�&amp#0;&amp#1;&amp#2;&amp#4;&amp#8;������.&amp#4;&amp#8;&amp#16; @�&amp#0;&amp#1;&amp#2;&amp#4;&amp#8;&amp#16; @�&amp#0;&amp#1;&amp#2;&amp#4;&amp#8;&amp#16; @�&amp#0;&amp#1;&amp#2;&amp#4;&amp#8;&amp#16; �R&amp#2;��-�8-�&amp#0;&amp#1;&amp#2;&amp#4;&amp#8;&amp#16; @�&amp#0;&amp#1;&amp#2;&amp#4;&amp#8;&amp#16; @�&amp#0;&amp#1;&amp#2;&amp#4;&amp#8;&amp#16; @�&amp#0;&amp#1;&amp#2;&amp#4;�G@���݅&amp#0;&amp#1;&amp#2;&amp#4;&amp#8;&amp#16; @�&amp#0;&amp#1;&amp#2;&amp#4;&amp#8;&amp#16; @�&amp#0;&amp#1;&amp#2;&amp#4;&amp#8;&amp#16; @�&amp#0;&amp#1;&amp#2;&amp#4;ZG�������8��&amp#0;&amp#1;&amp#2;&amp#4;&amp#8;&amp#16; @�&amp#0;&amp#1;&amp#2;&amp#4;&amp#8;&amp#16; @�&amp#0;&amp#1;&amp#2;&amp#4;&amp#8;&amp#16; @�&amp#0;&amp#1;&amp#2;&amp#4;�M���~�v#&amp#2;&amp#4;&amp#8;&amp#16; @�&amp#0;&amp#1;&amp#2;&amp#4;&amp#8;&amp#16; @�&amp#0;&amp#1;&amp#2;&amp#4;&amp#8;&amp#16; @�&amp#0;&amp#1;&amp#2;&amp#4;&amp#8;&amp#16;h&amp#29;&amp#1;���y�VB�&amp#0;&amp#1;&amp#2;&amp#4;&amp#8;&amp#16; @�&amp#0;&amp#1;&amp#2;&amp#4;&amp#8;&amp#16; @�&amp#0;&amp#1;&amp#2;&amp#4;&amp#8;&amp#16; @�&amp#0;&amp#1;&amp#2;�&0����F&amp#4;&amp#8;&amp#16; @�&amp#0;&amp#1;&amp#2;&amp#4;&amp#8;&amp#16; @�&amp#0;&amp#1;&amp#2;&amp#4;&amp#8;&amp#16;��&amp#4;���Mss6a&amp#2;&amp#4;&amp#8;&amp#16; @`�&amp#8;�&amp#30;=z���4�B`	v��&amp#5;�1	&amp#16; @�&amp#0;&amp#1;&amp#2;&amp#4;&amp#8;&amp#16; @�&amp#0;&amp#1;&amp#2;&amp#4;&amp#8;&amp#16; @�&amp#0;&amp#1;&amp#2;&amp#4;&amp#8;&amp#16; @��&amp#5;:�IȽ��hm&amp#4;&amp#8;&amp#16; @�&amp#0;&amp#1;&amp#2;&amp#4;&amp#8;&amp#16; @�&amp#0;&amp#1;&amp#2;&amp#4;&amp#8;&amp#16; @�&amp#0;&amp#1;&amp#2;&amp#4;&amp#8;&amp#16; @�&amp#15;&amp#4;�n�&amp#3;TC&amp#18; @�&amp#0;&amp#1;&amp#2;&amp#4;&amp#8;&amp#16; @�&amp#0;&amp#1;&amp#2;&amp#4;&amp#8;&amp#16; @�&amp#0;&amp#1;&amp#2;&amp#4;&amp#8;&amp#16; @�@K&amp#11;tuuuL�����˴8&amp#2;&amp#4;&amp#8;&amp#16; @�&amp#0;&amp#1;&amp#2;&amp#4;&amp#8;&amp#16; @�&amp#0;&amp#1;&amp#2;&amp#4;&amp#8;&amp#16; @�&amp#0;&amp#1;&amp#2;&amp#4;&amp#8;&amp#16; �d�N��,j8&amp#2;&amp#4;&amp#8;&amp#16; @�&amp#0;&amp#1;&amp#2;&amp#4;&amp#8;&amp#16; @�&amp#0;&amp#1;&amp#2;&amp#4;&amp#8;&amp#16; @�&amp#0;&amp#1;&amp#2;&amp#4;&amp#8;&amp#16;hu��ڝ���&amp#15;��&amp#8;&amp#16; @�&amp#0;&amp#1;&amp#2;&amp#4;&amp#8;&amp#16; @�&amp#0;&amp#1;&amp#2;&amp#4;&amp#8;&amp#16; @�&amp#0;&amp#1;&amp#2;&amp#4;&amp#8;&amp#16; @��&amp#2;	�;��٨�#@�&amp#0;&amp#1;&amp#2;&amp#4;&amp#8;&amp#16; @�&amp#0;&amp#1;&amp#2;&amp#4;&amp#8;&amp#16; @�&amp#0;&amp#1;&amp#2;&amp#4;&amp#8;&amp#16; @�&amp#0;�V&amp#23;�&amp#24;n���L�#@�&amp#0;&amp#1;&amp#2;&amp#4;&amp#8;&amp#16; @�&amp#0;&amp#1;&amp#2;&amp#4;&amp#8;&amp#16; @�&amp#0;&amp#1;&amp#2;&amp#4;&amp#8;&amp#16; @�&amp#0;&amp#1;&amp#2;�&amp#20;���L����"@�&amp#0;&amp#1;&amp#2;&amp#4;&amp#8;&amp#16; @�&amp#0;&amp#1;&amp#2;&amp#4;&amp#8;&amp#16; @�&amp#0;&amp#1;&amp#2;&amp#4;&amp#8;&amp#16; @�&amp#0;�6&amp#17;��&amp#14;�6Y�e&amp#18; @�&amp#0;&amp#1;&amp#2;&amp#4;&amp#8;&amp#16; @�&amp#0;&amp#1;&amp#2;&amp#4;&amp#8;&amp#16; @�&amp#0;&amp#1;&amp#2;&amp#4;&amp#8;&amp#16; @�&amp#0;�f	���,I�&amp#16; @�&amp#0;&amp#1;&amp#2;&amp#4;&amp#8;&amp#16; @�&amp#0;&amp#1;&amp#2;&amp#4;&amp#8;&amp#16; @�&amp#0;&amp#1;&amp#2;&amp#4;&amp#8;&amp#16; @�@&amp#27;	t��Z-�&amp#0;&amp#1;&amp#2;&amp#4;&amp#8;&amp#16; @�&amp#0;&amp#1;&amp#2;&amp#4;&amp#8;&amp#16; @�&amp#0;&amp#1;&amp#2;&amp#4;&amp#8;&amp#16; @�&amp#0;&amp#1;&amp#2;&amp#4;&amp#8;4C ��;����1�1&amp#8;&amp#16; @�&amp#0;&amp#1;&amp#2;&amp#4;&amp#8;&amp#16; @�&amp#0;&amp#1;&amp#2;&amp#4;&amp#8;&amp#16; @�&amp#0;&amp#1;&amp#2;&amp#4;&amp#8;&amp#16; @�@�&amp#8;t����vy��I�&amp#0;&amp#1;&amp#2;&amp#4;&amp#8;&amp#16; @�&amp#0;&amp#1;&amp#2;&amp#4;&amp#8;&amp#16; @�&amp#0;&amp#1;&amp#2;&amp#4;&amp#8;&amp#16; @�&amp#0;&amp#1;&amp#2;�&amp#19;�L�y�F"@�&amp#0;&amp#1;&amp#2;&amp#4;&amp#8;&amp#16; @�&amp#0;&amp#1;&amp#2;&amp#4;&amp#8;&amp#16; @�&amp#0;&amp#1;&amp#2;&amp#4;&amp#8;&amp#16; @�&amp#0;��&amp#16;��L�=Vj�&amp#4;&amp#8;&amp#16; @�&amp#0;&amp#1;&amp#2;&amp#4;&amp#8;&amp#16; @�&amp#0;&amp#1;&amp#2;&amp#4;&amp#8;&amp#16; @�&amp#0;&amp#1;&amp#2;&amp#4;&amp#8;&amp#16; @�i&amp#2;	�K&�4M&amp#3;&amp#17; @�&amp#0;&amp#1;&amp#2;&amp#4;&amp#8;&amp#16; @�&amp#0;&amp#1;&amp#2;&amp#4;&amp#8;&amp#16; @�&amp#0;&amp#1;&amp#2;&amp#4;&amp#8;&amp#16; @�@�&amp#8;���>��J	&amp#16; @�&amp#0;&amp#1;&amp#2;&amp#4;&amp#8;&amp#16; @�&amp#0;&amp#1;&amp#2;&amp#4;&amp#8;&amp#16; @�&amp#0;&amp#1;&amp#2;&amp#4;&amp#8;&amp#16; @�9&amp#2;&amp#19;���Os&amp#6;3
&amp#1;&amp#2;&amp#4;&amp#8;&amp#16; @�&amp#0;&amp#1;&amp#2;&amp#4;&amp#8;&amp#16; @�&amp#0;&amp#1;&amp#2;&amp#4;&amp#8;&amp#16; @�&amp#0;&amp#1;&amp#2;&amp#4;&amp#8;&amp#16;h&amp#27;&amp#1;����Q[(&amp#1;&amp#2;&amp#4;&amp#8;&amp#16; @�&amp#0;&amp#1;&amp#2;&amp#4;&amp#8;&amp#16; @�&amp#0;&amp#1;&amp#2;&amp#4;&amp#8;&amp#16; @�&amp#0;&amp#1;&amp#2;&amp#4;&amp#8;4O@2��Y&amp#26;�&amp#0;&amp#1;&amp#2;&amp#4;&amp#8;&amp#16; @�&amp#0;&amp#1;&amp#2;&amp#4;&amp#8;&amp#16; @�&amp#0;&amp#1;&amp#2;&amp#4;&amp#8;&amp#16; @�&amp#0;&amp#1;&amp#2;&amp#4;�F@��m&amp#30;��&amp#18; @�&amp#0;&amp#1;&amp#2;&amp#4;&amp#8;&amp#16; @�&amp#0;&amp#1;&amp#2;&amp#4;&amp#8;&amp#16; @�&amp#0;&amp#1;&amp#2;&amp#4;&amp#8;&amp#16; @�@�&amp#4;�ۛgi$&amp#2;&amp#4;&amp#8;&amp#16; @�&amp#0;&amp#1;&amp#2;&amp#4;&amp#8;&amp#16; @�&amp#0;&amp#1;&amp#2;&amp#4;&amp#8;&amp#16; @�&amp#0;&amp#1;&amp#2;&amp#4;&amp#8;&amp#16;h&amp#15;�	&amp#19;&&amp#8;��ǣ�J&amp#2;&amp#4;&amp#8;&amp#16; @�&amp#0;&amp#1;&amp#2;&amp#4;&amp#8;&amp#16; @�&amp#0;&amp#1;&amp#2;&amp#4;&amp#8;&amp#16; @�&amp#0;&amp#1;&amp#2;&amp#4;&amp#8;&amp#16;h�@��&amp#29;�Ӽ&amp#1;�D�&amp#0;&amp#1;&amp#2;&amp#4;&amp#8;&amp#16; @�&amp#0;&amp#1;&amp#2;&amp#4;&amp#8;&amp#16; @�&amp#0;&amp#1;&amp#2;&amp#4;&amp#8;&amp#16; @�&amp#0;&amp#1;&amp#2;&amp#4;�B����x�&amp#22;I�&amp#0;&amp#1;&amp#2;&amp#4;&amp#8;&amp#16; @�&amp#0;&amp#1;&amp#2;&amp#4;&amp#8;&amp#16; @�&amp#0;&amp#1;&amp#2;&amp#4;&amp#8;&amp#16; @�&amp#0;&amp#1;&amp#2;�&amp#21;&amp#16;no���&amp#8;&amp#16; @�&amp#0;&amp#1;&amp#2;&amp#4;&amp#8;&amp#16; @�&amp#0;&amp#1;&amp#2;&amp#4;&amp#8;&amp#16; @�&amp#0;&amp#1;&amp#2;&amp#4;&amp#8;&amp#16; @�-&amp#4;����1[$&amp#1;&amp#2;&amp#4;&amp#8;&amp#16; @�&amp#0;&amp#1;&amp#2;&amp#4;&amp#8;&amp#16; @�&amp#0;&amp#1;&amp#2;&amp#4;&amp#8;&amp#16; @�&amp#0;&amp#1;&amp#2;&amp#4;&amp#8;4Q������M�4&amp#20;&amp#1;&amp#2;&amp#4;&amp#8;&amp#16; @�&amp#0;&amp#1;&amp#2;&amp#4;&amp#8;&amp#16; @�&amp#0;&amp#1;&amp#2;&amp#4;&amp#8;&amp#16; @�&amp#0;&amp#1;&amp#2;&amp#4;&amp#8;������򤭓&amp#0;&amp#1;&amp#2;&amp#4;&amp#8;&amp#16; @�&amp#0;&amp#1;&amp#2;&amp#4;&amp#8;&amp#16; @�&amp#0;&amp#1;&amp#2;&amp#4;&amp#8;&amp#16; @�&amp#0;&amp#1;&amp#2;&amp#4;�( ��DLC&amp#17; @�&amp#0;&amp#1;&amp#2;&amp#4;&amp#8;&amp#16; @�&amp#0;&amp#1;&amp#2;&amp#4;&amp#8;&amp#16; @�&amp#0;&amp#1;&amp#2;&amp#4;&amp#8;&amp#16; @�@�&amp#8;&amp#8;��˓�N&amp#2;&amp#4;&amp#8;&amp#16; @�&amp#0;&amp#1;&amp#2;&amp#4;&amp#8;&amp#16; @�&amp#0;&amp#1;&amp#2;&amp#4;&amp#8;&amp#16; @�&amp#0;&amp#1;&amp#2;&amp#4;&amp#8;&amp#16;h���	&amp#19;���,L�&amp#16; @�&amp#0;&amp#1;&amp#2;&amp#4;&amp#8;&amp#16; @�&amp#0;&amp#1;&amp#2;&amp#4;&amp#8;&amp#16; @�&amp#0;&amp#1;&amp#2;&amp#4;&amp#8;&amp#16; @�@&amp#27;	���F&amp#15;�R	&amp#16; @�&amp#0;&amp#1;&amp#2;&amp#4;&amp#8;&amp#16; @�&amp#0;&amp#1;&amp#2;&amp#4;&amp#8;&amp#16; @�&amp#0;&amp#1;&amp#2;&amp#4;&amp#8;&amp#16; @�Y&amp#2;��͒4&amp#14;&amp#1;&amp#2;&amp#4;&amp#8;&amp#16; @�&amp#0;&amp#1;&amp#2;&amp#4;&amp#8;&amp#16; @�&amp#0;&amp#1;&amp#2;&amp#4;&amp#8;&amp#16; @�&amp#0;&amp#1;&amp#2;&amp#4;&amp#8;��@WWW��?&amp#29;&amp#29;�b�$@�&amp#0;&amp#1;&amp#2;&amp#4;&amp#8;&amp#16; @�&amp#0;&amp#1;&amp#2;&amp#4;&amp#8;&amp#16; @�&amp#0;&amp#1;&amp#2;&amp#4;&amp#8;&amp#16; @�&amp#0;&amp#1;&amp#2;�&amp#16;�����&amp#24;�&amp#24;&amp#4;&amp#8;&amp#16; @�&amp#0;&amp#1;&amp#2;&amp#4;&amp#8;&amp#16; @�&amp#0;&amp#1;&amp#2;&amp#4;&amp#8;&amp#16; @�&amp#0;&amp#1;&amp#2;&amp#4;&amp#8;&amp#16; @�]&amp#4;&amp#18;j�&amp#16;no��m�&amp#4;&amp#8;&amp#16; @�&amp#0;&amp#1;&amp#2;&amp#4;&amp#8;&amp#16; @�&amp#0;&amp#1;&amp#2;&amp#4;&amp#8;&amp#16; @�&amp#0;&amp#1;&amp#2;&amp#4;&amp#8;&amp#16; �$��ڝ��$K�&amp#16; @�&amp#0;&amp#1;&amp#2;&amp#4;&amp#8;&amp#16; @�&amp#0;&amp#1;&amp#2;&amp#4;&amp#8;&amp#16; @�&amp#0;&amp#1;&amp#2;&amp#4;&amp#8;&amp#16; @�@�&amp#8;L&amp#12;�����Y��&amp#18; @�&amp#0;&amp#1;&amp#2;&amp#4;&amp#8;&amp#16; @�&amp#0;&amp#1;&amp#2;&amp#4;&amp#8;&amp#16; @�&amp#0;&amp#1;&amp#2;&amp#4;&amp#8;&amp#16; @�&amp#0;�&&amp#8;tvvJ&�&amp#4;GC&amp#16; @�&amp#0;&amp#1;&amp#2;&amp#4;&amp#8;&amp#16; @�&amp#0;&amp#1;&amp#2;&amp#4;&amp#8;&amp#16; @�&amp#0;&amp#1;&amp#2;&amp#4;&amp#8;&amp#16; @�@�	t:���&amp#30;��&amp#18; @�&amp#0;&amp#1;&amp#2;&amp#4;&amp#8;&amp#16; @�&amp#0;&amp#1;&amp#2;&amp#4;&amp#8;&amp#16; @�&amp#0;&amp#1;&amp#2;&amp#4;&amp#8;&amp#16; @���&amp#11;��>��F @�&amp#0;&amp#1;&amp#2;&amp#4;&amp#8;&amp#16; @�&amp#0;&amp#1;&amp#2;&amp#4;&amp#8;&amp#16; @�&amp#0;&amp#1;&amp#2;&amp#4;&amp#8;&amp#16; @�&amp#0;��&amp#19;�l�&amp#21;[0&amp#1;&amp#2;&amp#4;&amp#8;&amp#16; @�&amp#0;&amp#1;&amp#2;&amp#4;&amp#8;&amp#16; @�&amp#0;&amp#1;&amp#2;&amp#4;&amp#8;&amp#16; @�&amp#0;&amp#1;&amp#2;&amp#4;&amp#8;&amp#16;�:�$����ꚺA�&@�&amp#0;&amp#1;&amp#2;&amp#4;&amp#8;&amp#16; @�&amp#0;&amp#1;&amp#2;&amp#4;&amp#8;&amp#16; @�&amp#0;&amp#1;&amp#2;&amp#4;&amp#8;&amp#16; @�&amp#0;&amp#1;&amp#2;�%Б�����[-&amp#1;&amp#2;&amp#4;&amp#8;&amp#16; @�&amp#0;&amp#1;&amp#2;&amp#4;&amp#8;&amp#16; @�&amp#0;&amp#1;&amp#2;&amp#4;&amp#8;&amp#16; @�&amp#0;&amp#1;&amp#2;&amp#4;&amp#8;4C@2�f(&amp#26;�&amp#0;&amp#1;&amp#2;&amp#4;&amp#8;&amp#16; @�&amp#0;&amp#1;&amp#2;&amp#4;&amp#8;&amp#16; @�&amp#0;&amp#1;&amp#2;&amp#4;&amp#8;&amp#16; @�&amp#0;&amp#1;&amp#2;&amp#4;�I`b2�vZ��&amp#18; @�&amp#0;&amp#1;&amp#2;&amp#4;&amp#8;&amp#16; @�&amp#0;&amp#1;&amp#2;&amp#4;&amp#8;&amp#16; @�&amp#0;&amp#1;&amp#2;&amp#4;&amp#8;&amp#16; @�&amp#0;�&&amp#8;$�.�|&amp#19;&amp#28;A�&amp#0;&amp#1;&amp#2;&amp#4;&amp#8;&amp#16; @�&amp#0;&amp#1;&amp#2;&amp#4;&amp#8;&amp#16; @�&amp#0;&amp#1;&amp#2;&amp#4;&amp#8;&amp#16; @�&amp#0;&amp#1;&amp#2;�&`w{�=q�%@�&amp#0;&amp#1;&amp#2;&amp#4;&amp#8;&amp#16; @�&amp#0;&amp#1;&amp#2;&amp#4;&amp#8;&amp#16; @�&amp#0;&amp#1;&amp#2;&amp#4;&amp#8;&amp#16; @�&amp#0;��&amp#21;��L>�v&amp#24;�	&amp#16; @�&amp#0;&amp#1;&amp#2;&amp#4;&amp#8;&amp#16; @�&amp#0;&amp#1;&amp#2;&amp#4;&amp#8;&amp#16; @�&amp#0;&amp#1;&amp#2;&amp#4;&amp#8;&amp#16; @�@�	H&�f&amp#15;�r	&amp#16; @�&amp#0;&amp#1;&amp#2;&amp#4;&amp#8;&amp#16; @�&amp#0;&amp#1;&amp#2;&amp#4;&amp#8;&amp#16; @�&amp#0;&amp#1;&amp#2;&amp#4;&amp#8;&amp#16; @�&amp#25;&amp#2;��7C�&amp#24;&amp#4;&amp#8;&amp#16; @�&amp#0;&amp#1;&amp#2;&amp#4;&amp#8;&amp#16; @�&amp#0;&amp#1;&amp#2;&amp#4;&amp#8;&amp#16; @�&amp#0;&amp#1;&amp#2;&amp#4;&amp#8;&amp#16; �f&amp#2;��m��-�&amp#0;&amp#1;&amp#2;&amp#4;&amp#8;&amp#16; @�&amp#0;&amp#1;&amp#2;&amp#4;&amp#8;&amp#16; @�&amp#0;&amp#1;&amp#2;&amp#4;&amp#8;&amp#16; @�&amp#0;&amp#1;&amp#2;&amp#4;�! ��&amp#12;Ec&amp#16; @�&amp#0;&amp#1;&amp#2;&amp#4;&amp#8;&amp#16; @�&amp#0;&amp#1;&amp#2;&amp#4;&amp#8;&amp#16; @�&amp#0;&amp#1;&amp#2;&amp#4;&amp#8;&amp#16; @�@;	L�0A���&amp#30;��&amp#18; @�&amp#0;&amp#1;&amp#2;&amp#4;&amp#8;&amp#16; @�&amp#0;&amp#1;&amp#2;&amp#4;&amp#8;&amp#16; @�&amp#0;&amp#1;&amp#2;&amp#4;&amp#8;&amp#16; @�@3&amp#4;&amp#18;n�ȟf&amp#12;e&amp#12;&amp#2;&amp#4;&amp#8;&amp#16; @�&amp#0;&amp#1;&amp#2;&amp#4;&amp#8;&amp#16; @�&amp#0;&amp#1;&amp#2;&amp#4;&amp#8;&amp#16; Ђ&amp#2;��r�M7ݔ�}��ߞ~��[p��D�&amp#0;&amp#1;&amp#2;&amp#4;&amp#8;�V`Po;�G�&amp#0;&amp#1;&amp#2;&amp#4;&amp#8;&amp#16; @�&amp#0;&amp#1;&amp#2;&amp#4;&amp#8;&amp#16; @�&amp#0;��&amp#21;x��&amp#31;��q�ƽ��+��:��I�&amp#21;VXa�g�;��.��w���f�m��V[��]�2�>��&amp#11;/T5lذ���&amp#25;f��&amp#31;�_�����>;��i����&amp#7;��2=&amp#2;&amp#4;&amp#8;&amp#16; ��&amp#2;���&amp#12;�v&amp#4;&amp#8;&amp#16; @�&amp#0;&amp#1;&amp#2;&amp#4;&amp#8;&amp#16; @�&amp#0;&amp#1;&amp#2;&amp#4;&amp#8;L�&amp#2;]]]�^z�&amp#31;���&amp#7;&amp#31;|��2�]w�=��#q�W����N{ꩧ&amp#14;?���7�|Р&amp#1;���3�8#/&amp#7;�\�\s͵�b�十�W_�f&amp#3;�&amp#4;&amp#8;&amp#16; @�&amp#0;�iE����ʓ2O&amp#2;&amp#4;&amp#8;&amp#16; @�&amp#0;&amp#1;&amp#2;&amp#4;&amp#8;&amp#16; @�&amp#0;&amp#1;&amp#2;&amp#4;>f���~��?�����_&amp#25;kO�x��f*gv��&amp#15;&amp#25;2������sϝ&amp#1;�&amp#15;&amp#31;��O|��#��h/��br�����{�_~�����4}�G&amp#30;yd�w���+��U�<&amp#1;&amp#2;&amp#4;&amp#8;&amp#16;h%���9��l%kk!@�&amp#0;&amp#1;&amp#2;&amp#4;&amp#8;&amp#16; @�&amp#0;&amp#1;&amp#2;&amp#4;&amp#8;&amp#16; @`�&amp#22;���&amp#15;��o���&amp#29;v�����ȑ#������&amp#31;������Zk���&amp#7;��J&amp#15;8�����o+��RGGG&amp#31;ݢ���|��Řo���3�<����}�ݿ���S��q�~��&amp#11;/����ހ7�p�&amp#29;wܱ�&amp#26;k��Ҭ�&amp#0;&amp#1;&amp#2;&amp#4;&amp#8;L�&amp#2;�������3m&amp#2;&amp#4;&amp#8;&amp#16; @�&amp#0;&amp#1;&amp#2;&amp#4;&amp#8;&amp#16; @�&amp#0;&amp#1;&amp#2;&amp#4;�U�7��M&amp#17;k�c�9&amp#14;>��ļ+o�#ۓF>��ʦ���~�M7m��}:`�&amp#17;?���Yz��[o�$�?��������;?���N=�����O��&amp#2;�_{�-�
K @�&amp#0;&amp#1;&amp#2;-& ��b&amp#15;�r&amp#8;&amp#16; @�&amp#0;&amp#1;&amp#2;&amp#4;&amp#8;&amp#16; @�&amp#0;&amp#1;&amp#2;&amp#4;&amp#8;&amp#16;h����?�)�&amp#20;�&amp#30;u�Q�,�L���裏&amp#30;x���&}�{�y�g��&amp#23;_b�%�F�����+'����*��^��w_Rӿ���-�\q�y�����ꬳκ��Vv�0aB�>��&amp#19;�Ӟ��C�&amp#14;�]VXa��&amp#4;P�,�tϘ/��B
	~�墓>U��5���2�q���k��'R>�|�uoً�lg?��&amp#19;���&amp#22;�������&amp#17;��&amp#22;҄�3�Q�F%���dG�����B&amp#22;Zu���&amp#31;�ᇳ����ߟw�yӦ���&amp#17;#&amp#22;X`�ʚ��&amp#4;�y�&amp#15;=�P&amp#18;&amp#27;�e�%�&amp#12;c�fEM&amp#30;_���&amp#29;;6?B&amp#25;m�E&amp#22;��/_A({&amp#21;O6�&amp#21;�y:I����O眂��0�&amp#12;W\qEڤ���>������8�,��!&a@����g�&amp#6;��a,&amp#18;&amp#12;�&amp#20;(�)&amp#16; @�&amp#0;&amp#1;&amp#2;�&amp#19;&amp#16;n^&amp#4;&amp#8;&amp#16; @�&amp#0;&amp#1;&amp#2;&amp#4;&amp#8;&amp#16; @�&amp#0;&amp#1;&amp#2;&amp#4;&amp#8;��@��8	�돵g���g�y�y�%zZ��ꪫ���?���&�����,��D�w�}�t/zm���E�����Մ��9�r��~��o��&amp#30;{��)&amp#11;&amp#27;l�A��&amp#23;_&amp#19;�?���:��jYH�:��&amp#19;�-j&amp#18;���o��?��lP&amp#22;��j�=�أ{��lP!����&amp#31;~�k_K������&amp#27;�&amp#27;�&amp#27;r��&amp#0;�[F�r�-�O ��σ;�Cʫ�����=�؋/����^�n��v�m������\�Խ�2�o}�[YH9��j�cq��&��*��U/.&amp#20;Ov�]v�+&amp#8;���UW]Uv�s��w�S�0\6�S\�[&amp#11;_�җ���u��N΀�WY���[&amp#11;�̰�&amp#11;&amp#7;e3&amp#5;&amp#2;&amp#4;&amp#8;&amp#16; @�&amp#23;&amp#2;����<�pӅ&amp#0;&amp#1;&amp#2;&amp#4;&amp#8;&amp#16; @�&amp#0;&amp#1;&amp#2;&amp#4;&amp#8;&amp#16; @�&amp#0;��&amp#18;ȡ�ł���o6���/b�Ç&amp#15;_s�5&amp#19;e/�'j~���&amp#28;*��X{&amp#2;�ٲ���&amp#11;�l��7�|3��"֞�&amp#25;?��ܫh���e�?��e�=۬�^{�r�|��Wn����2֞&amp#0;mZ.����8�{���_�9��L�s��\&amp#6;I,��C_&amp#14;�&amp#11;���&amp#20;&amp#11;I&amp#0;�����gi��������3ѳ䄽+k�1�X{�ܹZ&amp#30;9����#�&amp#23;]t��;�\<�0�&amp#20;���瞼[��SOu�g��N@&amp#25;k/�~��gC�RK-U��3Mނ�7?�&amp#26;AQ�&amp#5;&amp#23;t&amp#31;05��&amp#23;�y��f&amp#3;�&amp#4;&amp#8;&amp#16; @�@�&amp#5;:::�nﵞ�&amp#4;&amp#8;&amp#16; @�&amp#0;&amp#1;&amp#2;&amp#4;&amp#8;&amp#16; @�&amp#0;&amp#1;&amp#2;&amp#4;&amp#8;��@�-&amp#21;y���&amp#30;"��-&amp#18;��~�d�N��&amp#12;�'���nr�_w�uIf��B&amp#11;Uu,�"gG�7��O~򓹚	T�)��q�&amp#25;	�����&amp#31;�,��&amp#6;�$H���&amp#27;�Zk���&amp#27;o�QD�&amp#19;��������O&amp#18;��n��W^�&amp#12;�g;��믿�+�(�b&amp#2;i|���'&amp#2;�Bn�=�E���o��&amp#23;�&amp#3;&amp#18;~.7|�έ��$&amp#25;{�iH� ��&amp#7;?�/�S�~��?[�S���Yg��&amp#3;�� ��G^f��P��:��#7�p�r���&amp#7;&amp#30;x`FH���#�H&amp#30;���&amp#28;��C� �9�t��E�fHM�š�&amp#30;�����.�^ζ���8r��_��W���ʎ�m�Y^����CU�=�1&amp#20;��D���U&amp#14;�L�&amp#0;&amp#1;&amp#2;&amp#4;&amp#8;�N���޹�E�&amp#0;&amp#1;&amp#2;&amp#4;&amp#8;&amp#16; @�&amp#0;&amp#1;&amp#2;&amp#4;&amp#8;&amp#16; @�@�&amp#8;$V],����S$�q�&amp#29;�Ź���}"��=^tLP��&amp#8;	���e���&amp#7;�lY�۝&amp#0;�>��2֞�9w|�m��y�E��^z�($d[��S3x����h�����s��&amp#14;:(���	�>��$WO!&amp#17;�&amp#18;��W������޽s�s&amp#14;9-�h&amp#25;�J�D���[n���P��'X^���&z�n�m
ay�&amp#23;�^��~zQ>�ÊX{��^yS�؏~����&amp#20;��}Yȫ&amp#6;�����C�4+�W��*���_r�%U�r���f���ƾ&amp#18; @�&amp#0;&amp#1;&amp#2;�
$e�ė�&amp#26;�=&amp#1;&amp#2;&amp#4;&amp#8;&amp#16; @�&amp#0;&amp#1;&amp#2;&amp#4;&amp#8;&amp#16; @�&amp#0;&amp#1;&amp#2;&amp#4;�G��&amp#7;���?��MY��Q��q�2�&amp#23;���Wm_���n��0��{h��{q���.��C���&amp#22;[l���2�\�e��s�9g�c��V�Ms8}Ѹ�}��doz�&amp#31;��'��9�&amp#14;;�0hPu������Շ��&amp#23;^��j��Vf�/&amp#7;�d�M��#�<RV��춯�4P��PH8��1�&amp#30;��+�lYf�/��W^R&@�&amp#0;&amp#1;&amp#2;&amp#4;�^ ��	�O=�&amp#17;&amp#8;&amp#16; @�&amp#0;&amp#1;&amp#2;&amp#4;&amp#8;&amp#16; @�&amp#0;&amp#1;&amp#2;&amp#4;&amp#8;&amp#16;he�l8.�W&amp#21;�lh�I)��s�%%{�V�&amp#29;;��&amp#29;Q�&amp#7;�&amp#6;�l:�^_�泟�lQ����Q���Q���O?}R��>)ǳ&amp#25;�W��U���{˪���{��'������̿�Zs�U&amp#29;���񋖳�2K�.����^�r�E&amp#22;)�˻&amp#23;_�9�x&amp#1;"ǥ��X���hS�1��EM&amp#18;�&amp#23;�g���n�R�jC�7��׼uϕ[n�e&amp#26;����ʖIi���#_s�AՋ&amp#5;e&amp#27;&amp#5;&amp#2;&amp#4;&amp#8;&amp#16; @`j&amp#4;�A����f,}	&amp#16; @�&amp#0;&amp#1;&amp#2;&amp#4;&amp#8;&amp#16; @�&amp#0;&amp#1;&amp#2;&amp#4;&amp#8;&amp#16; В&amp#2;Æ+�U�I&amp#23;�y��p�5c�5�&amp#25;9rd�����&amp#28;�r�)��[B���擽�I����U����&amp#31;'�|�UW�剓>��&��J+��=cyb�9G���o/c�5�>��%˂&amp#11;.X9Z/�*��\N���O>9m�:�d�/&amp#27;_q�&amp#21;E�|�UW-++&amp#11;�i����z�{	WO��-�
/��rUM&amp#30;Ye����=|]o��&amp#14;>��4H��2`��&amp#22;]�7-z��&amp#18;&amp#1;&amp#2;&amp#4;&amp#8;&amp#16; �k��7�&amp#30;HG&amp#2;&amp#4;&amp#8;&amp#16; @�&amp#0;&amp#1;&amp#2;&amp#4;&amp#8;&amp#16; @�&amp#0;&amp#1;&amp#2;&amp#4;&amp#8;��@�,��&amp#4;�&amp#31;{챉'tvvֹ�dn?ꨣ��9�;��g�}��O&amp#0;���*LnkuU��k��Ρ���&amp#31;���?$Q|>�M���ޛm�Y&amp#25;&amp#12;�n��&amp#14;9���h����M�������oy�{v�'0�0q9~֞���}���9��oJ![�q*&amp#19;��έ���&amp#28;��S��O8�&amp#28;���O:i��A��g���v��&amp#25;&amp#11;�#(�W��P֧�}�r�|e�z�y:9���&amp#11;.�馛�D~����/�3��QQ� �&amp#16; @�&amp#0;&amp#1;&amp#2;�
L���п&amp#14;&amp#27;���&amp#4;&amp#8;&amp#16; @�&amp#0;&amp#1;&amp#2;&amp#4;&amp#8;&amp#16; @�&amp#0;&amp#1;&amp#2;&amp#4;&amp#8;&amp#16;h&amp#1;��&amp#22;Z�؇}��.��r��(y݋X{��}��Zk�I���&amp#30;���&amp#12;^�&��w�i��,�a&amp#19;�N��4�v����׿^�x�I�l�Nh6�׳���[o�z�s�x&amp#17;&amp#24;N&amp#4;������o}�[�G�N(�&amp#24;���/�g�}*G������&amp#19;�/&amp#6;)O�o�[�&amp#30;�&amp#12;~&amp#23;�ʊN;����&amp#23;�&amp#28;�&amp#11;Ir���8�eMe�|w���{��v�~��w�v�m�7苚�&amp#17;�g���G�+_�J��/ލ�b�-�A�/&fL&amp#2;&amp#4;&amp#8;&amp#16; ��&amp#2;�Kv⧅Whi&amp#4;&amp#8;&amp#16; @�&amp#0;&amp#1;&amp#2;&amp#4;&amp#8;&amp#16; @�&amp#0;&amp#1;&amp#2;&amp#4;&amp#8;&amp#16;�z��_�&amp#24;$���&amp#28;�� ~��Gg�t&amp#25;kO���:ǩ�Y��I$~ꩧ�E��OH��&amp#8;��7�w���~.&amp#18;�'螌�E�rK���&amp#30;��|&amp#25;k�ռ%�}���I̻HV��&amp#26;k�&amp#17;�^�}��&amp#7;�'����{ej�W���N!O��_��1c��o�3�<��#�,7���XOe����?^O���)��g��:�K���_�)�&amp#27;�&amp#0;&amp#1;&amp#2;&amp#4;&amp#8;&amp#16;�)Й&amp#29;�5/�$@�&amp#0;&amp#1;&amp#2;&amp#4;&amp#8;&amp#16; @�&amp#0;&amp#1;&amp#2;&amp#4;&amp#8;&amp#16; @�&amp#0;�B`�-�,6g��_���zX�&amp#15;>�&amp#18;eO&amp#28;���}��WU�ܯ�^���b�&amp#23;^xar�'k�&amp#15;���j�w?��b/x&amp#18;�wOu�t�&amp#27;�&amp#23;�9&amp#24;��3�(:��^�&amp#8;��%9ѷ�K&amp#12;�K9re!����?��&amp#28;�뮻~���i�K,�De�^��Ћ�����/���Z�ǩ�Xn���&amp#11;&amp#4;i��V[�9� ��.�,�,0g&amp#1;T��L�&amp#0;&amp#1;&amp#2;&amp#4;&amp#8;4W���K���&amp#26;�&amp#0;&amp#1;&amp#2;&amp#4;&amp#8;&amp#16; @�&amp#0;&amp#1;&amp#2;&amp#4;&amp#8;&amp#16; @�&amp#0;&amp#1;&amp#2;-#���	�&amp#22;�I������9����&amp#21;�pg�x�&amp#8;�l����t^Y35�&amp#15;?��f��_/���&amp#0;'�z����6[��H�:��3&amp#23;m�ѽj�x&amp#14;&amp#5;ϧ�&amp#8;��y�W&amp#14;8��2������r�&amp#25;�Q�$�/������~�|����N��)����?SNP|РAee&amp#19;&amp#11;�.�����i��3jt#\��C�~��l?���&amp#23;���~z��D2�wo��&amp#0;&amp#1;&amp#2;&amp#4;&amp#8;&amp#16;h�@��K���3&amp#20;&amp#1;&amp#2;&amp#4;&amp#8;&amp#16; @�&amp#0;&amp#1;&amp#2;&amp#4;&amp#8;&amp#16; @�&amp#0;&amp#1;&amp#2;&amp#4;&amp#6;�@&amp#18;�g�pN��d�h�����g>3jԨaÆ����O>�d2����&amp#23;Q��&amp#23;_�l�S�s���o��(o⯉�6kE�[?�쳉�f�y�g���72�#�8"��!���?
����o�f�����9;���#�<����d>��O�����&amp#23;]tѼ&amp#31;�ʤ�φ�&amp#23;^8��/��Ҵ�ݜ�S�&amp#19;�O.�g�y&3���ˡ���/}���B/��\s�&amp#28;X��&amp#24;~��&amp#31;%I~&amp#22;&amp#24;����?�y&amp#17;u�&amp#28;�(/��2����z뭗M�3�0C���A&amp#12;#&amp#16;�2�}����|�_L~��2Oj��$�&amp#22;,��By- �&amp#3;�~��$H(>�&amp#31;����g�c���y&amp#1;q�C|���s�3�Yf�%�=�����Bꙭ6&amp#4;&amp#8;&amp#16; @�@�&amp#4;��ܠ������{w&amp#27;�&amp#8;&amp#16; @�&amp#0;&amp#1;&amp#2;&amp#4;&amp#8;&amp#16; @�&amp#0;&amp#1;&amp#2;&amp#4;&amp#8;&amp#16; 0�&amp#11;�&amp#20;��?����J�=k�kҧ�����S���&amp#5;&amp#23;\���?&}*[&5}BΓ�&amp#4;W���<������[��739{ҧ�������[�g��.��r�ƻ�[y*|�A&W���׼��q��	{W]�[&amp#18;&amp#15;$ܞq&amp#18;�/��嘉�'&���eMQ�l�͊�t����_u���&amp#14;;�&amp#19;�ϭ�Y&amp#15;_�ӒA��{［�&amp#24;yM�F7�祍��y��|���n���&�l�p{Q��%�t&amp#5;�m�	&amp#16; @�&amp#0;�f	$�P���٬�C�&amp#0;&amp#1;&amp#2;&amp#4;&amp#8;&amp#16; @�&amp#0;&amp#1;&amp#2;&amp#4;&amp#8;&amp#16; @�&amp#0;�&amp#22;&amp#22;H&amp#12;�+_��k��&amp#0;&amp#0;@&amp#0;IDAT�9眓�����}�94�<�;Iѓ�;���f�x�&amp#16;�{��
+���׳e����ʾ)g&amp#2;��K	�n��E6��ƙa��Ş��g&amp#11;�����e�]��M�Ç&amp#15;O&amp#4;����ʾ���*����z�+[�c��m�]����&amp#25;���'i�$s�}f�p��G&amp#30;���5�ٍ��s�=wb��/�B���tv�&amp#23;�&amp#5;]�&amp#19;�N���w޹h��1�'b���zq�z^MH���w�-ڔ�-�QQ_u�lV�g;{֘S�0s5�{�Ge��O��&amp#22;Ey�u�)�����=�ٝ_4&amp#8;u�R�&amp#0;&amp#1;&amp#2;&amp#4;&amp#8;&amp#16;�#��F_��y&amp#24;�&amp#0;&amp#1;&amp#2;&amp#4;&amp#8;&amp#16; @�&amp#0;&amp#1;&amp#2;&amp#4;&amp#8;&amp#16; @�&amp#0;&amp#1;&amp#2;Ӗ@N7Ob�&amp#4;e��=GkO� �$6&amp#31;7n\b�#F�(��7}�Ib��&amp#19;O���[��&amp#15;&amp#25;2d�С�M7]ͻ$�}���}��'&amp#6;���k6��s�z>YZ�ї�ꚍ���&amp#23;n9�=���D&amp#18;�C͉eS{6��R&amp#2;�I�����"��!��?�y[��&amp#11;&amp#1;���,�&amp#31;?>&amp#19;�&amp#15;L�sǩ�t�����?8y�y4U&amp#15;:����<�&amp#24;�<��&amp#17;�:��&amp#25;&amp#1;&amp#2;&amp#4;&amp#8;&amp#16; P�@��������$@�&amp#0;&amp#1;&amp#2;&amp#4;&amp#8;&amp#16; @�&amp#0;&amp#1;&amp#2;&amp#4;&amp#8;&amp#16; @���
$�Ys�����TJ�5����~MT����	BO.&amp#14;]9�l�N�>���~.��-o&amp#27;L�!��g!�&amp#2;>f̘�+�dR�&amp#23;��D��&amp#21;nOh��t����$m@���r�w&֞�9�]�}rJ�	&amp#16; @�@�&amp#4;&amp#18;n�I�Y��!@�&amp#0;&amp#1;&amp#2;&amp#4;&amp#8;&amp#16; @�&amp#0;&amp#1;&amp#2;&amp#4;&amp#8;&amp#16; @�&amp#0;��.� z�X$��9ל�^�&amp#23;��k�&amp#25;������&amp#0;��m���&amp#3;s�fE�&amp#0;&amp#1;&amp#2;&amp#4;ZI /�	���&amp#3;�&amp#22;&amp#2;&amp#4;&amp#8;&amp#16; @�&amp#0;&amp#1;&amp#2;&amp#4;&amp#8;&amp#16; @�&amp#0;&amp#1;&amp#2;&amp#4;&amp#8;&amp#16;�I�ذ~��7?��#��ew���&amp#30;��&amp#28;�ެ�����&amp#23;5�]����������[l��4��@_�&amp#24;�&amp#0;&amp#1;&amp#2;&amp#4;&amp#8;��@����Q.�&amp#11;��w2>&amp#1;&amp#2;&amp#4;&amp#8;&amp#16; @�&amp#0;&amp#1;&amp#2;&amp#4;&amp#8;&amp#16; @�&amp#0;&amp#1;&amp#2;&amp#4;&amp#8;&amp#16;��&amp#5;n��]v٥��&�l���K�:�o��f&amp#14;�O&amp#14;�&amp#7;&amp#31;|��t�!�|����g;�	�u�]�^{m~���W���i���g�uְaæ�W&amp#3;&amp#2;&amp#4;&amp#8;&amp#16; @`*&amp#5;&���g*Gѝ&amp#0;&amp#1;&amp#2;&amp#4;&amp#8;&amp#16; @�&amp#0;&amp#1;&amp#2;&amp#4;&amp#8;&amp#16; @�&amp#0;&amp#1;&amp#2;&amp#4;&amp#8;L+&amp#2;W^y�A&amp#7;&amp#29;��;�Ԝ�
+����;���*5�&amp#14;����??o&amp#6;��ʦ��N:i���*k&amp#20;&amp#8;&amp#16; @�&amp#0;�>&amp#21;&amp#16;n�S^�&amp#19; @�&amp#0;&amp#1;&amp#2;&amp#4;&amp#8;&amp#16; @�&amp#0;&amp#1;&amp#2;&amp#4;&amp#8;&amp#16; @���&amp#19;H����n&amp#26;;v�3�<��&amp#7;&amp#31;�9�C�&amp#14;�G�&amp#30;=r��&amp#1;7��O(�㯸�q��&amp#25;2$��7�p�D�'��&amp#21;&amp#2;&amp#4;&amp#8;&amp#16; @��&amp#2;��M&amp#6;5&amp#28;&amp#1;&amp#2;&amp#4;&amp#8;&amp#16; @�&amp#0;&amp#1;&amp#2;&amp#4;&amp#8;&amp#16; @�&amp#0;&amp#1;&amp#2;&amp#4;&amp#8;&amp#16; @�&amp#0;&amp#1;&amp#2;&amp#4;&amp#8;��@g;,�&amp#26;	&amp#16; @�&amp#0;&amp#1;&amp#2;&amp#4;&amp#8;&amp#16; @�&amp#0;&amp#1;&amp#2;&amp#4;&amp#8;&amp#16; @�&amp#0;&amp#1;&amp#2;&amp#4;&amp#8;&amp#16; @�@&amp#19;&amp#5;rn�p{&amp#19;=E�&amp#0;&amp#1;&amp#2;&amp#4;&amp#8;&amp#16; @�&amp#0;&amp#1;&amp#2;&amp#4;&amp#8;&amp#16; @�&amp#0;&amp#1;&amp#2;&amp#4;&amp#8;&amp#16; @�&amp#0;&amp#1;&amp#2;m!�p�d�m�-�&amp#0;&amp#1;&amp#2;&amp#4;&amp#8;&amp#16; @�&amp#0;&amp#1;&amp#2;&amp#4;&amp#8;&amp#16; @�&amp#0;&amp#1;&amp#2;&amp#4;&amp#8;&amp#16; @�&amp#0;&amp#1;&amp#2;&amp#4;�+`w{s=�F�&amp#0;&amp#1;&amp#2;&amp#4;&amp#8;&amp#16; @�&amp#0;&amp#1;&amp#2;&amp#4;&amp#8;&amp#16; @�&amp#0;&amp#1;&amp#2;&amp#4;&amp#8;&amp#16; @�&amp#0;&amp#1;&amp#2;m! ��&amp#22;��"	&amp#16; @�&amp#0;&amp#1;&amp#2;&amp#4;&amp#8;&amp#16; @�&amp#0;&amp#1;&amp#2;&amp#4;&amp#8;&amp#16; @�&amp#0;&amp#1;&amp#2;&amp#4;&amp#8;&amp#16; @��&amp#2;����4&amp#26;&amp#1;&amp#2;&amp#4;&amp#8;&amp#16; @�&amp#0;&amp#1;&amp#2;&amp#4;&amp#8;&amp#16; @�&amp#0;&amp#1;&amp#2;&amp#4;&amp#8;&amp#16; @�&amp#0;&amp#1;&amp#2;&amp#4;&amp#8;��@WW���[�1[!&amp#1;&amp#2;&amp#4;&amp#8;&amp#16; @�&amp#0;&amp#1;&amp#2;&amp#4;&amp#8;&amp#16; @�&amp#0;&amp#1;&amp#2;&amp#4;&amp#8;&amp#16; @�&amp#0;&amp#1;&amp#2;&amp#4;&amp#8;4]�����&amp#26;�&amp#0;&amp#1;&amp#2;&amp#4;&amp#8;&amp#16; @�&amp#0;&amp#1;&amp#2;&amp#4;&amp#8;&amp#16; @�&amp#0;&amp#1;&amp#2;&amp#4;&amp#8;&amp#16; @�&amp#0;&amp#1;&amp#2;&amp#4;Z_@�����&amp#21;&amp#18; @�&amp#0;&amp#1;&amp#2;&amp#4;&amp#8;&amp#16; @�&amp#0;&amp#1;&amp#2;&amp#4;&amp#8;&amp#16; @�&amp#0;&amp#1;&amp#2;&amp#4;&amp#8;&amp#16; @�@�&amp#5;�ۛNj@&amp#2;&amp#4;&amp#8;&amp#16; @�&amp#0;&amp#1;&amp#2;&amp#4;&amp#8;&amp#16; @�&amp#0;&amp#1;&amp#2;&amp#4;&amp#8;&amp#16; @�&amp#0;&amp#1;&amp#2;&amp#4;&amp#8;&amp#16;hq�	&amp#19;&8��ş��&amp#17; @�&amp#0;&amp#1;&amp#2;&amp#4;&amp#8;&amp#16; @�&amp#0;&amp#1;&amp#2;&amp#4;&amp#8;&amp#16; @�&amp#0;&amp#1;&amp#2;&amp#4;&amp#8;&amp#16; @�@_&amp#8;���&amp#23;��$@�&amp#0;&amp#1;&amp#2;&amp#4;&amp#8;&amp#16; @�&amp#0;&amp#1;&amp#2;&amp#4;&amp#8;&amp#16; @�&amp#0;&amp#1;&amp#2;&amp#4;&amp#8;&amp#16; @�&amp#0;�&amp#22;&amp#23;&amp#16;no�&amp#7;ly&amp#4;&amp#8;&amp#16; @�&amp#0;&amp#1;&amp#2;&amp#4;&amp#8;&amp#16; @�&amp#0;&amp#1;&amp#2;&amp#4;&amp#8;&amp#16; @�&amp#0;&amp#1;&amp#2;&amp#4;&amp#8;&amp#16; �t������::�>�&amp#1;	&amp#16; @�&amp#0;&amp#1;&amp#2;&amp#4;&amp#8;&amp#16; @�&amp#0;&amp#1;&amp#2;&amp#4;&amp#8;&amp#16; @�&amp#0;&amp#1;&amp#2;&amp#4;&amp#8;&amp#16; @�@&amp#11;&amp#11;t���&amp#22;^��&amp#17; @�&amp#0;&amp#1;&amp#2;&amp#4;&amp#8;&amp#16; @�&amp#0;&amp#1;&amp#2;&amp#4;&amp#8;&amp#16; @�&amp#0;&amp#1;&amp#2;&amp#4;&amp#8;&amp#16; @�&amp#0;��&amp#11;$��!��tV&amp#3;&amp#18; @�&amp#0;&amp#1;&amp#2;&amp#4;&amp#8;&amp#16; @�&amp#0;&amp#1;&amp#2;&amp#4;&amp#8;&amp#16; @�&amp#0;&amp#1;&amp#2;&amp#4;&amp#8;&amp#16; @�@k&amp#11;$�����~�VG�&amp#0;&amp#1;&amp#2;&amp#4;&amp#8;&amp#16; @�&amp#0;&amp#1;&amp#2;&amp#4;&amp#8;&amp#16; @�&amp#0;&amp#1;&amp#2;&amp#4;&amp#8;&amp#16; @�&amp#0;&amp#1;&amp#2;�&amp#23;�&amp#24;n����&amp#31;؈&amp#4;&amp#8;&amp#16; @�&amp#0;&amp#1;&amp#2;&amp#4;&amp#8;&amp#16; @�&amp#0;&amp#1;&amp#2;&amp#4;&amp#8;&amp#16; @�&amp#0;&amp#1;&amp#2;&amp#4;&amp#8;&amp#16; @�u&amp#5;:;;%�o��ke&amp#4;&amp#8;&amp#16; @�&amp#0;&amp#1;&amp#2;&amp#4;&amp#8;&amp#16; @�&amp#0;&amp#1;&amp#2;&amp#4;&amp#8;&amp#16; @�&amp#0;&amp#1;&amp#2;&amp#4;&amp#8;&amp#16; �g&amp#2;��n�3[&amp#3;&amp#19; @�&amp#0;&amp#1;&amp#2;&amp#4;&amp#8;&amp#16; @�&amp#0;&amp#1;&amp#2;&amp#4;&amp#8;&amp#16; @�&amp#0;&amp#1;&amp#2;&amp#4;&amp#8;&amp#16; @�@�
��޲���&amp#8;&amp#16; @�&amp#0;&amp#1;&amp#2;&amp#4;&amp#8;&amp#16; @�&amp#0;&amp#1;&amp#2;&amp#4;&amp#8;&amp#16; @�&amp#0;&amp#1;&amp#2;&amp#4;&amp#8;&amp#16; @��&amp#4;:�nh#&amp#19; @�&amp#0;&amp#1;&amp#2;&amp#4;&amp#8;&amp#16; @�&amp#0;&amp#1;&amp#2;&amp#4;&amp#8;&amp#16; @�&amp#0;&amp#1;&amp#2;&amp#4;&amp#8;&amp#16; @�&amp#0;��&amp#20;H"�ή���\�E&amp#17; @�&amp#0;&amp#1;&amp#2;&amp#4;&amp#8;&amp#16; @�&amp#0;&amp#1;&amp#2;&amp#4;&amp#8;&amp#16; @�&amp#0;&amp#1;&amp#2;&amp#4;&amp#8;&amp#16; @�&amp#0;�>&amp#18;�����}�kX&amp#2;&amp#4;&amp#8;&amp#16; @�&amp#0;&amp#1;&amp#2;&amp#4;&amp#8;&amp#16; @�&amp#0;&amp#1;&amp#2;&amp#4;&amp#8;&amp#16; @�&amp#0;&amp#1;&amp#2;&amp#4;&amp#8;&amp#16;ha&amp#1;��[��Z&amp#26;&amp#1;&amp#2;&amp#4;&amp#8;&amp#16; @�&amp#0;&amp#1;&amp#2;&amp#4;&amp#8;&amp#16; @�&amp#0;&amp#1;&amp#2;&amp#4;&amp#8;&amp#16; @�&amp#0;&amp#1;&amp#2;&amp#4;&amp#8;�@v�&amp#15;꓁J�&amp#0;&amp#1;&amp#2;&amp#4;&amp#8;&amp#16; @�&amp#0;&amp#1;&amp#2;&amp#4;&amp#8;&amp#16; @�&amp#0;��&amp#19;���&amp#15;�z�G&amp#31;}��G&amp#30;��'>1bĈQ�F-��b�[�o����&amp#19;O<1�t��;�&amp#11;.���.�����RԿ��&amp#27;��{o�+���&amp#12;3�0�ƍ�������3��&amp#31;|�����7_���J+&amp#30;<xr��Y��w�qǳ�>���ϧ�s�9t��e�Yfذa5�OC�!��ۊ	�>��K.��&amp#20;'���fy�+��r�>&amp#15;�?��{ｷ���=��e}s&amp#11;����G&amp#30;��&amp#2;&amp#11;��>����5W�h&amp#4;&amp#8;&amp#16; @`
&amp#2;��S&amp#0;r�&amp#0;&amp#1;&amp#2;&amp#4;&amp#8;&amp#16; @�&amp#0;&amp#1;&amp#2;&amp#4;&amp#8;&amp#16; @�&amp#0;&amp#1;&amp#2;&amp#17;��R����&amp#15;?��W_�&amp#2;Y{����'t]Y��+���׿��&amp#31;�PYY��Zj�&amp#31;��&amp#7;�-�\�KE�C&amp#15;=�&amp#1;_|��|=��s&amp#23;^x��-&amp#27;�O�����'���;�T�6�&amp#28;s��&amp#27;m�QU}ͯ&amp#31;}�Q�Ts��ϛ&amp#4;��{�[��4Q9nܸ�~���Tg�i������w&amp#17;�~��o~����P}jn��&amp#27;n�!����j��+�4�p�%��5��&amp#22;[,����&amp#29;�h&amp#4;&amp#8;&amp#16; @�@�&amp#2;y������\%@�&amp#0;&amp#1;&amp#2;&amp#4;&amp#8;&amp#16; @�&amp#0;&amp#1;&amp#2;&amp#4;&amp#8;&amp#16; @��&amp#5;^~��l&amp#29;���[&amp#11;�Da�鹫�+;�Ss�u׍&amp#29;;��s�I}���&amp#27;oL��T�k��&amp#22;Zh�����&amp#18;��v�&amp#29;w����&amp#27;9rd٦,���>��&amp#3;ʯ5&amp#11;����&amp#27;3fL&amp#17;�π�碋.:��3g�~*�&amp#2;����?hР�����y���#�8"3/k������*_A��{2ly5�_��&amp#23;�Ix��rZ)�a�t�M����z���_>����_\�&amp#15;���L}}y��&amp#24;��ь@�&amp#0;&amp#1;&amp#2;&amp#4;&amp#8;4$0qw{�L1sQC�jL�&amp#0;&amp#1;&amp#2;&amp#4;&amp#8;&amp#16; @�&amp#0;&amp#1;&amp#2;&amp#4;&amp#8;&amp#16; @�&amp#0;�V&amp#18;H|��&amp#23;^Ȋ�o{�=����bu�����~��k��6i�O:�l�.��,[�&amp#19;���W���ۖqЄo����N�C&amp#14;9��O.�&amp#23;�}��w&amp#19;̾袋*+k�&amp#27;��<�̓������O�?��bؼ&amp#1;�h�~�헯y�೟�l��@���}��E�=��k���JF��̖�&amp#7;&amp#30;x����V�ʽ�Y�Yg�Us�i���&amp#11;/�!ܞ�W�|P��$08��c�L~�5׬��į�l�M�o�5��8��&amp#8;&amp#16; @�&amp#0;�:&amp#5;:&amp#18;n���f&amp#4;&amp#8;&amp#16; @�&amp#0;&amp#1;&amp#2;&amp#4;&amp#8;&amp#16; @�&amp#0;&amp#1;&amp#2;&amp#4;&amp#8;&amp#16;hO��w���믿~��؉�o�馉�'̜,�%N�H�e�Y&amp#18;t/k�B"�;�C6����7�\��SN,�{����&amp#15;?��j����&���G?Jyr��&amp#27;�O�&amp#17;O~�l�ϘU�����ߦ�7��M�y�U�&amp#8;�&amp#31;u�Q�������&amp#23;��+S�W�}�}̓�|��3��TQ<�K/�tr'��&amp#11;,&amp#27;OC+&amp#29;h��C�&amp#0;&amp#1;&amp#2;&amp#4;�Q&amp#1;���&amp#7;g�&amp#4;&amp#8;&amp#16; @�&amp#0;&amp#1;&amp#2;&amp#4;&amp#8;&amp#16; @�&amp#0;&amp#1;&amp#2;&amp#4;&amp#8;�����>��}ޣG���܏=�X�G/��N���S�h���&amp#22;q�&amp#4;�&amp#27;V4K}��)��_N��&amp#31;��G��ee����Oٽ�P�س��,W6(�e:�,���\! ���	K�͒���g/�&amp#22;;��>�l&amp#4;�&amp#22;��&amp#23;_|�%�(&amp#27;T&amp#21;�B��?��&amp#19;�>�h�&amp#3;8���
�[�潇���������3Zi������u�7,&amp#6;��˾���uo���}�󬳑�h\����Ρ�I0~��f���G��&amp#7;<�!C�$!|R&amp#14;�Y&amp#7;ʖ�,�&amp#17;���g�i��e��&amp#25;��&amp#6;��Yy�˷7�&amp#17;B����*�gd&amp#14;�&}*�˖�8��&amp#16;�TfnYQ&amp#14;&amp#2;�n���e�Yfr��&amp#8;
&amp#4;&amp#8;&amp#16; @�=&amp#5;����[5&amp#1;&amp#2;&amp#4;&amp#8;&amp#16; @�&amp#0;&amp#1;&amp#2;&amp#4;&amp#8;&amp#16; @�&amp#0;&amp#1;&amp#2;�&amp#17;H��&amp#24;�{����y晢~�Yg-&amp#27;$��L�	y&amp#22;&amp#7;���&amp#7;�F&amp#11;�����/n��|��*_&amp#14;�<�ǆ+�f�{�3��,��&amp#23;�,s��N9�&amp#1;�<��$cOȹ�oʫ���O���v��ĀS뭷�5E!/=�v�i�]�[o��&amp#15;>��A�f&amp#18;駐�w���{�ʚ��&amp#19;f�f���s(@UV��̴s�@
_��&amp#23;&amp#19;��[�&amp#19;�.�T�&amp#12; &amp#17;���>�f��&amp#28;��m��{��'c�Z�>�&amp#6;&amp#27;lp�&amp#1;&amp#7;&amp#20;�W^y���&amp#31;��5�\��}e�^�&amp#28;	�K&amp#18;�]w�u��ZQ1NpN9�&amp#31;���9&amp#26;�l_&amp#20;v�i����u��W���&amp#0;&amp#1;&amp#2;&amp#4;&amp#8;��@g&amp#11;���&amp#8;&amp#16; @�&amp#0;&amp#1;&amp#2;&amp#4;&amp#8;&amp#16; @�&amp#0;&amp#1;&amp#2;&amp#4;&amp#8;&amp#16; ��&amp#2;��{on��l=�ȇ&amp#30;z�&amp#27;nH���g�a�ʹ-���E����&amp#23;����o���g�sϷ+s���׿���&amp#15;{h�&amp#29;�ل]�&amp#4;�r��L���n&amp#17;k&amp#31;>|x��'�^��4��&amp#31;~x��	&amp#30;o��e�=]ʐ:�p�&amp#0;�K�Ư��zU�|��_�ZTn��fݯv��v�"����>{�wvop�&amp#21;W&amp#20;�9b`����&amp#27;Ԭ��&amp#31;�X���3�7&amp#15;ʌ&amp#2;�������&amp#30;{&amp#20;��0f����z�\\�4�y�T����"֞�&amp#25;�&amp#28;���KĽ�+&amp#29;�ў�z&amp#17;kO��5�X#�-n�_����?�;�'@�&amp#0;&amp#1;&amp#2;m(�&amp#23;��no��n�&amp#4;&amp#8;&amp#16; @�&amp#0;&amp#1;&amp#2;&amp#4;&amp#8;&amp#16; @�&amp#0;&amp#1;&amp#2;&amp#4;&amp#8;4G gu&amp#23;&amp#17;�u�Y��&amp#17;�����+�Ȼ�{��{w���d�{�';���;�o|�&amp#27;S&amp#12;�f���'��&amp#0;y��'+{�P&amp#6;�f���|'5�&amp#30;�SO=��A�&���.��%{��@��/��Hpΰ�U����'��!�&amp#28;��阠{�/&amp#18;�'f�t�Ů�-�آHޞ�{�T���/.j����f�����'_�w�&amp#21;W�&amp#28;0�[/^SH�<	�ˌ&amp#2;�m���þ�&amp#1;Ȼ&amp#5;���� )���r�@�&amp#8;�8���*;�WYe�r'zR#�x�k��V��+k���C&amp#15;MM�&amp#15;:�ܮ�������_��Bß�����ڪ�WQN�=���{�d\(j�#�9�M7ݴ��J�&amp#15;��&amp#0;&amp#1;&amp#2;&amp#4;&amp#8;���p{K>V�"@�&amp#0;&amp#1;&amp#2;&amp#4;&amp#8;&amp#16; @�&amp#0;&amp#1;&amp#2;&amp#4;&amp#8;&amp#16; @�?&amp#4;&amp#18;d=��#�;��3���?���&amp#4;SǍ&amp#27;����N�D@����Oq���&amp#28;�=�܄�_z�Dً@{���n�m��S�O"���^$H���	i���j�&amp#2;�=�9�{�ݻ7(��W�'���o}�x&amp#23;!��2ܞ������[o��{�]r�� �D�c���&amp#5;&amp#23;\P&amp#21;nO��;�#��&amp#19;}�9���������l�z'ܞ)���4ț
��&�lR��b!�E�u�]�r�$&amp#3;������R�����S���&amp#31;1b�6�lSYS�|�I'&amp#21;���W��|�ya"!���&amp#19;ȯ��6�5h��n������&amp#1;b����݈��VI�&amp#0;&amp#1;&amp#2;&amp#4;�J ��u�Ղ-�&amp#0;&amp#1;&amp#2;&amp#4;&amp#8;&amp#16; @�&amp#0;&amp#1;&amp#2;&amp#4;&amp#8;&amp#16; @�&amp#0;&amp#1;&amp#2;�&amp#18;8�&amp#19;�&amp#24;p"���7_�a&amp#19;�=���&amp#19;�M
�2֞hqN���x�k�8�D�3�lk�馛�X{�ۉ�����D^&amp#19;v-Ҷg�	�g9_��&amp#23;N?��w�}wꗐ&amp#17;ʜ���&amp#3;�Ņ��C��ʪB��&amp#23;/=�<����W������&amp#27;nXY?�r&amp#25;M��蕍���	�煃����	�&amp#23;bX�<L�}�'?m.��ɵ�\}�������&amp#12;R��/&amp#27;'�?f̘|M���[n)���׾���X{Q_�(�&amp#31;���&amp#2;&amp#1;&amp#2;&amp#4;&amp#8;&amp#16; &amp#16;&amp#1;�v?&amp#6;&amp#4;&amp#8;&amp#16; @�&amp#0;&amp#1;&amp#2;&amp#4;&amp#8;&amp#16; @�&amp#0;&amp#1;&amp#2;&amp#4;&amp#8;&amp#16;hX q�d�N�D4��n����^z��k�,=A��&amp#12;��8�E<;�o����]z]Y�|�g��g��6J��%�X��W�;'&amp#8;�]�u�:���&amp#24;�����蒨p�Jo���&amp#15;<�@��T5˾��q��<y�ǎ&amp#29;[\�.��ٓO>�r�%���&amp#11;et��K.��Z&amp#28;:��x�I&amp#5;��c>Ce�|9��o��W&amp#22;�5ϱ����O?}&amp#17;���&amp#0;�b&amp#30;��2/��,dW}���&amp#3;&amp#15;Lv��s�3_}z���d&amp#29;���&amp#28;�(';}Qx�駻_-_w��������&amp#0;W�+&amp#19; @�&amp#0;&amp#1;&amp#2;��&amp#16;�&amp#5;&amp#1;&amp#2;&amp#4;&amp#8;&amp#16; @�&amp#0;&amp#1;&amp#2;&amp#4;&amp#8;&amp#16; @�&amp#0;&amp#1;&amp#2;&amp#4;&amp#8;�#p�e��(��&amp#6;�&amp#20;&�5<ǄW�&amp#20;�\�٬�D�	�&{B�e&amp#20;����Ц��d���O9����k<�|'����&amp#11;,�@e��Y�BB����l������E�&amp#0;�&amp#4;��&amp#3;�kv��L����~�7�[�+�����&amp#31;{�|��B�l�B�iXa�&amp#21;�7>�J�:��T>��C��_��&amp#23;&amp#27;���o��'/}ޫȫ&amp#0;Iſ�"�����&amp#23;)�Ϗ����{磌��X^t�'o-�&amp#12;��į&amp#12;��F��rJ~H�,)&amp#4;�ꗿ��*1E�r&amp#3;��s�]snI�_��d/�l��[9��ze&amp#2;&amp#4;&amp#8;&amp#16; ��&amp#2;�W���m�3`�&amp#4;&amp#8;&amp#16; @�&amp#0;&amp#1;&amp#2;&amp#4;&amp#8;&amp#16; @�&amp#0;&amp#1;&amp#2;&amp#4;&amp#8;4&�����o�$>��_�������{�=�H߄Q+7L76��ۺ��q�&amp#25;&amp#19;0.���f��;�%4��׳��H~�E%�>�n�Z$�zvx�y�E�7G��&amp#30;=:i��j��&/j�&amp#12;&amp#25;Ru���-��"��I����+���(����X�T�E�K/��(&amp#20;[�&amp#19;��&amp#15;�&amp#20;�W5H�>�g$7@�̼�|������?_�x�&amp#21;W�&amp#30;�\*��y���[o���c�t�-�ʯ��zQ���U����[&amp#8;)������y��L�&amp#0;&amp#1;&amp#2;&amp#4;�S�����ܭ�&amp#0;&amp#1;&amp#2;&amp#4;&amp#8;&amp#16; @�&amp#0;&amp#1;&amp#2;&amp#4;&amp#8;&amp#16; @�&amp#0;�^
\{�?�я�y���	TOq�q�۔����~�њ��O&amp#14;�/&amp#18;�g&amp#23;x�w/�g�t^;(�9���A�&amp#29;����J�&amp#0;&amp#30;p�&amp#1;	�g���'����9&amp#12;�j�Yf���y�W�.u���Zk&amp#21;�ߋ�Փ��(��&amp#5;&amp#23;\�{�)�d�|��,&amp#27;�?����/�X�&amp#19;?��5&amp#27;$1@��-�;�C1�[o�u뭷.��&amp#23;�&amp#18;��i��.���#�8"������&amp#15;>��Sk&amp#14;[T�/%���&amp#27;5���57��좒&amp#0;&amp#1;&amp#2;&amp#4;�{w&amp#2;�ո7|�T&amp#27;%�NR�&amp#20;"�1d�ӑ!����̳2&amp#28;CB9ȬC�&amp#14;�I��R�I%Ãc�2O�B%4&amp#18;J��������u���{7��������Z׺ֵ���������/&amp#5;&amp#20;�O����d�W@&amp#1;&amp#5;&amp#20;P@&amp#1;&amp#5;&amp#20;P@&amp#1;&amp#5;&amp#20;P@&amp#1;&amp#5;&amp#20;P@&amp#1;&amp#5;�?&amp#1;&amp#18;�{��A&amp#23;�vB�$d���ۨZ�j&amp#24;&amp#24;���;.�Q��z��f͚�$#<�&amp#5;�SWC�<�z���&amp#15;�]yn��&amp#31;����O�}&amp#8;9��ٳg�&amp#14;��yȞ�>}zjW�&��!���>�k&amp#22;�&amp#15;1츬{�!��P��1����qU��t}���7���&amp#23;_|1o&amp#3;�����~�`
�3��&amp#27;Va/u�Y&amp#8; sd�A�XU>5rΜ9��x�&amp#31;�fsS&amp#1;&amp#5;&amp#20;P@�r.`���&amp#1;�}&amp#5;&amp#20;P@&amp#1;&amp#5;&amp#20;P@&amp#1;&amp#5;&amp#20;P@&amp#1;&amp#5;&amp#20;P@&amp#1;&amp#5;&amp#20;�J��vH�&����&amp#15;&amp#22;/�Ι�M�&amp#22;�W�nݬN�Ϡuu=�؉Is&amp#18;B�E]�<yi���f�D�&amp#29;&amp#23;����q��N�({H&amp#28;��4&M���&amp#12;�ƍ&amp#27;Ӡ�|80s@��&amp#5;���+��&amp#18;���&amp#29;vXrL����ѣG��8&amp#11;�S��H��7�d��={��y.�&amp#30;&amp#15;lժ&amp#21;˷��&amp#24;2�{c�^�z��&amp#7;�&amp#12; �&amp#31;�c#V�oذa촡�&amp#2;
(��&amp#2;�&amp#16;`�&amp#23;���p�&amp#16;&amp#5;&amp#20;P@&amp#1;&amp#5;&amp#20;P@&amp#1;&amp#5;&amp#20;P@&amp#1;&amp#5;&amp#20;P@&amp#1;&amp#5;&amp#20;(_&amp#2;&amp#4;nC������)�^���U�lٲ<&amp#7;&amp#16;۾�;�.ʞ�9&��"]&amp#15;��&amp#2;ʰ�*&amp#29;���.m>o޼��mԨQa�?���qL|#�wމ��Q�V-&amp#26;&amp#28;2u��䮹s�r=ɞ��ԩShP�>?�x�&amp#14;;�&amp#16;J��&amp#20;��۷o�|&amp#15; �̲Q�Z�&amp#16;§�{��&amp#24;��r�8,��&amp#1;5j�&amp#8;����&amp#26;F�\�2&amp#30;�l�&amp#16;&amp#31;6�&amp#12;ɽ�&amp#29;.�K&amp#29;>|x�&amp#12;�&amp#25;3f�&amp#24;1�6��&amp#3;&amp#15;<0��M&amp#5;&amp#20;P@&amp#1;&amp#5;&amp#20;(�&amp#0;�E�)�&amp#1;&amp#14;V@&amp#1;&amp#5;&amp#20;P@&amp#1;&amp#5;&amp#20;P@&amp#1;&amp#5;&amp#20;P@&amp#1;&amp#5;&amp#20;P@&amp#1;&amp#5;ʛ&amp#0;��+��2���G&amp#30;�ꫯ�)@�x����&amp#31;�׿�Eȓ&amp#26;�&amp#26;4 ꜓�C�7yۃ&amp#7;&amp#15;f�o�P&amp#29;�E�&amp#22;y�ShgQ����\sM˖-	�&amp#19;d�z�&amp#31;/X����#G�|�78#��P����&amp#31;}�ѤM�i�f��w�b9%�|S�}�ر,!&amp#31;&amp#14;�qq6c��&amp#30;z��r��͗,YBD&amp#25;��M�&amp#18;�f�=�����{�עE��Nꥇxv�2��r��T�:��.��&amp#2;n&amp#4;U��'N�8k֬^�z%&amp#15;!����>��|�$ܞ�[�6O3�&amp#1;ϱ�:3)?�9	u�~��&amp#29;;v$]&amp#30;I&amp#0;sss���k&amp#22;�&amp#15;w}�A&amp#7;�yXϞ���D�*&amp#8;T��	�x,��&amp#0;�`���'�|2&amp#15;�&amp#25;(A&amp#15;&amp#17;��S&amp#30;�'��&amp#31;�~���&amp#20;ݺu+I1�l��1
(��&amp#2;
�&amp#7;&amp#1;����){�
(��&amp#2;
(��&amp#2;
(��&amp#2;
(��&amp#2;
(P|�Pk=&amp#28;?p���&�&amp#24;{&amp#8;��&amp#1;Dgc�6u&amp#8;�Z�̛o�y�?���]&amp#15;��&amp#24;~N��X{�~�B&amp#5;�Ԯ�&�·&amp#12;&amp#25;�ꌛ�T&amp#12;����&amp#4;�)�&amp#23;��~�E&amp#23;�a=z��ܹ3Q�1c�&amp#16;c~{�'�@�H9&amp#17;�̲�W_}5�~��&amp#23;�'O&T�<��$7i�nݚ�
1l����oj@Q7�5k�<$�s`��%&amp#20;09��+&amp#14;|2ǐkΫ&amp#12;����|б����_&amp#31;�����]�re&amp#30;(&amp#11;�s���~�и��Ky�"��&amp#2;
(��&amp#2;
&amp#20;U�7�*RP���9^&amp#1;&amp#5;&amp#20;P@&amp#1;&amp#5;&amp#20;P@&amp#1;&amp#5;&amp#20;P@&amp#1;&amp#5;&amp#20;P@&amp#1;&amp#5;&amp#20;(?&amp#2;&amp#5;�63&amp#29;H&&c��l�.��)&�裏&amp#22;\�>�&amp#29;�Fr��^&amp#15;��_~y�	�\d��ݟ{����/y�<یd��]&amp#4;��t��*�&amp#8;.&amp#23;O�7U�|��6c&amp#6;��&amp#15;&amp#29;:4��x?Y�&amp#20;�&amp#15;��S�I�7�~��S�\y����0���=���C#5Urd�&amp#29;�S���{&amp#0;ap��&amp#19;��!9[��&amp#30;��_x�{�gr&amp#24;�����2A߾}�&amp#27;&amp#24;�&amp#17;&amp#25;��	&amp#25;ٮ];B�1	��8y<]��W&amp#16;&amp#30;y�3�8#5	\&amp#20;��?&amp#12;�?�'&amp#12;�{c#&amp#30;hC&amp#1;&amp#5;&amp#20;P@��,�&amp#25;+�T���,�_&amp#2;�]&amp#1;&amp#5;&amp#20;P@&amp#1;&amp#5;&amp#20;P@&amp#1;&amp#5;&amp#20;P@&amp#1;&amp#5;&amp#20;P@&amp#1;&amp#5;և&amp#0;�N&amp#20;H����I&amp#24;��wb�&amp#27;�&amp#31;cI��z(*Nx���DC�H�O&amp#1;y&Y�x�&amp#21;+�T�R�N&amp#29;��&amp#23;<&amp#3;�Щ9�z䔠O&amp#5;��.X��ONv��Ľ�&amp#8;��)&O2}~��{�&��C(����������_�~��&amp#0;�)l���y^&amp#21;&amp#3;(�&amp#15;5ߟ�ի�W���c"ǝ32C�z�����&amp#2;�T@&amp#1;&amp#5;&amp#20;P@��&amp#5;��^&amp#5;��&amp#11;6r�&amp#2;
(��&amp#2;
(��&amp#2;
(��&amp#2;
(��&amp#2;
(���%�"�ԓ�I�fe�M��Z&amp#5;&amp#20;P@&amp#1;&amp#5;&amp#20;�T&amp#4;&amp#8;�W�T���T@&amp#1;&amp#5;&amp#20;P@&amp#1;&amp#5;&amp#20;P@&amp#1;&amp#5;&amp#20;P@&amp#1;&amp#5;&amp#20;P@&amp#1;&amp#5;&amp#20;P &amp#27;���?&amp#12;;餓�&amp#25;�&amp#24;&amp#5;&amp#20;P@&amp#1;&amp#5;&amp#20;P�&amp#24;&amp#2;k�픣)Ƒ&amp#30;��&amp#2;
(��&amp#2;
(��&amp#2;
(��&amp#2;
(��&amp#2;
(�@)&amp#20;x��wY��&amp#11;c1���^
/�KR@&amp#1;&amp#5;&amp#20;P@�2 �*-9��R&amp#6;&amp#30;����&amp#2;
(��&amp#2;
(��&amp#2;
(��&amp#2;
(��&amp#2;
�g&amp#1;��&amp#31;<x�[n���oO�<9P\}���&amp#3;xy�Vx�
(��&amp#2;
l&amp#0;��5�W��&amp#1;��)&amp#20;P@&amp#1;&amp#5;&amp#20;P@&amp#1;&amp#5;&amp#20;P@&amp#1;&amp#5;&amp#20;P@&amp#1;&amp#5;&amp#20;P@&amp#1;&amp#5;&amp#20;X&amp#31;&amp#2;&amp#11;&amp#22;,&amp#24;=ztr�뮻�&amp#3;&amp#14;H��V@&amp#1;&amp#5;&amp#20;P@&amp#1;&amp#5;ֹ@&amp#5;���|R'T@&amp#1;&amp#5;&amp#20;P@&amp#1;&amp#5;&amp#20;P@&amp#1;&amp#5;&amp#20;P@&amp#1;&amp#5;&amp#20;P@&amp#1;&amp#5;&amp#20;P`�	��N&amp#1;�Y�f���4j��裏�n��6��=�&amp#2;
(��&amp#2;
�[&amp#1;�����{�
(��&amp#2;
(��&amp#2;
(��&amp#2;
(��&amp#2;
(��&amp#2;
(��&amp#2;
(��&amp#2;�&amp#20; ��bnnn1��0&amp#5;&amp#20;P@&amp#1;&amp#5;&amp#20;P@&amp#1;&amp#5;&amp#20;P@&amp#1;&amp#5;&amp#20;P@&amp#1;&amp#5;&amp#20;P@&amp#1;&amp#5;&amp#20;P@&amp#1;&amp#5;&amp#20;P@&amp#1;&amp#5;ʥ&amp#0;����^.��7��&amp#2;
(��&amp#2;
(��&amp#2;
(��&amp#2;
(��&amp#2;
(��&amp#2;
(��&amp#2;
(P2��%;ܣ&amp#21;P@&amp#1;&amp#5;&amp#20;P@&amp#1;&amp#5;&amp#20;P@&amp#1;&amp#5;&amp#20;P@&amp#1;&amp#5;&amp#20;P@&amp#1;&amp#5;&amp#20;P@&amp#1;&amp#5;&amp#20;P@&amp#1;&amp#5;&amp#20;(w&amp#2;k�ɗ����&amp#21;P@&amp#1;&amp#5;&amp#20;P@&amp#1;&amp#5;&amp#20;P@&amp#1;&amp#5;&amp#20;P@&amp#1;&amp#5;&amp#20;P@&amp#1;&amp#5;&amp#20;P@&amp#1;&amp#5;&amp#20;P@&amp#1;&amp#5;&amp#20;(�&amp#0;�v�ɗ�У&amp#21;P@&amp#1;&amp#5;&amp#20;P@&amp#1;&amp#5;&amp#20;P@&amp#1;&amp#5;&amp#20;P@&amp#1;&amp#5;&amp#20;P@&amp#1;&amp#5;&amp#20;P@&amp#1;&amp#5;&amp#20;P@&amp#1;&amp#5;ʥ�����{�
(��&amp#2;
(��&amp#2;
(��&amp#2;
(��&amp#2;
(��&amp#2;
(��&amp#2;
(��&amp#2;%&amp#16;XSL���`&amp#6;&amp#15;U@&amp#1;&amp#5;&amp#20;P@&amp#1;&amp#5;&amp#20;P@&amp#1;&amp#5;&amp#20;P@&amp#1;&amp#5;&amp#20;P@&amp#1;&amp#5;&amp#20;P@&amp#1;&amp#5;&amp#20;P@&amp#1;&amp#5;&amp#20;P�<
XL�<>u�Y&amp#1;&amp#5;&amp#20;P@&amp#1;&amp#5;&amp#20;P@&amp#1;&amp#5;&amp#20;P@&amp#1;&amp#5;&amp#20;P@&amp#1;&amp#5;&amp#20;P@&amp#1;&amp#5;&amp#20;P@&amp#1;&amp#5;&amp#20;P��&amp#2;&amp#22;�/!��+��&amp#2;
(��&amp#2;
(��&amp#2;
(��&amp#2;
(��&amp#2;
(��&amp#2;
(��&amp#2;
�G&amp#1;����{�
(��&amp#2;
(��&amp#2;
(��&amp#2;
(��&amp#2;
(��&amp#2;
(��&amp#2;
(��&amp#2;%&amp#20;0�^B@&amp#15;W@&amp#1;&amp#5;&amp#20;P@&amp#1;&amp#5;&amp#20;P@&amp#1;&amp#5;&amp#20;P@&amp#1;&amp#5;&amp#20;P@&amp#1;&amp#5;&amp#20;P@&amp#1;&amp#5;&amp#20;P@&amp#1;&amp#5;&amp#20;(w&amp#2;�W�6�^7��&amp#2;
(��&amp#2;
(��&amp#2;
(��&amp#2;
(��&amp#2;
(��&amp#2;
(��&amp#2;
(PB&amp#1;��&amp#21;�_	g�p&amp#5;&amp#20;P@&amp#1;&amp#5;&amp#20;P@&amp#1;&amp#5;&amp#20;P@&amp#1;&amp#5;&amp#20;P@&amp#1;&amp#5;&amp#20;P@&amp#1;&amp#5;&amp#20;P@&amp#1;&amp#5;&amp#20;P@&amp#1;&amp#5;ʛ�����{�
(��&amp#2;
(��&amp#2;
(��&amp#2;
(��&amp#2;
(��&amp#2;
(��&amp#2;
(��&amp#2;�@�p�:@t
&amp#5;&amp#20;P@&amp#1;&amp#5;&amp#20;P@&amp#1;&amp#5;&amp#20;P@&amp#1;&amp#5;&amp#20;P@&amp#1;&amp#5;&amp#20;P@&amp#1;&amp#5;&amp#20;P@&amp#1;&amp#5;&amp#20;P@��&`���=q�W&amp#1;&amp#5;&amp#20;P@&amp#1;&amp#5;&amp#20;P@&amp#1;&amp#5;&amp#20;P@&amp#1;&amp#5;&amp#20;P@&amp#1;&amp#5;&amp#20;P@&amp#1;&amp#5;&amp#20;P@&amp#1;&amp#5;&amp#20;P��&amp#2;�����^RD�W@&amp#1;&amp#5;&amp#20;P@&amp#1;&amp#5;&amp#20;P@&amp#1;&amp#5;&amp#20;P@&amp#1;&amp#5;&amp#20;P@&amp#1;&amp#5;&amp#20;P@&amp#1;&amp#5;&amp#20;P@&amp#1;&amp#5;&amp#20;(�&amp#2;f��Ç�-+��&amp#2;
(��&amp#2;
(��&amp#2;
(��&amp#2;
(��&amp#2;
(��&amp#2;
(��&amp#2;
�T�p{I&amp#5;=^&amp#1;&amp#5;&amp#20;P@&amp#1;&amp#5;&amp#20;P@&amp#1;&amp#5;&amp#20;P@&amp#1;&amp#5;&amp#20;P@&amp#1;&amp#5;&amp#20;P@&amp#1;&amp#5;&amp#20;P@&amp#1;&amp#5;&amp#20;P�&amp#28;
&amp#24;n/�&amp#15;�[V@&amp#1;&amp#5;&amp#20;P@&amp#1;&amp#5;&amp#20;P@&amp#1;&amp#5;&amp#20;P@&amp#1;&amp#5;&amp#20;P@&amp#1;&amp#5;&amp#20;P@&amp#1;&amp#5;&amp#20;P@&amp#1;&amp#5;&amp#20;(���ի]��D�&amp#30;��&amp#2;
(��&amp#2;
(��&amp#2;
(��&amp#2;
(��&amp#2;
(��&amp#2;
(��&amp#2;
(P>&amp#5;�n/��ݻV@&amp#1;&amp#5;&amp#20;P@&amp#1;&amp#5;&amp#20;P@&amp#1;&amp#5;&amp#20;P@&amp#1;&amp#5;&amp#20;P@&amp#1;&amp#5;&amp#20;P@&amp#1;&amp#5;&amp#20;P@&amp#1;&amp#5;&amp#20;(����&amp#18;�y�&amp#2;
(��&amp#2;
(��&amp#2;
(��&amp#2;
(��&amp#2;
(��&amp#2;
(��&amp#2;
(�@9&amp#20;��ͭ��&amp#21;*�Û��&amp#21;P@&amp#1;&amp#5;&amp#20;P@&amp#1;&amp#5;&amp#20;P@&amp#1;&amp#5;&amp#20;P@&amp#1;&amp#5;&amp#20;P@&amp#1;&amp#5;&amp#20;P@&amp#1;&amp#5;&amp#20;P@&amp#1;&amp#5;&amp#20;(�@Κ���&amp#23;��&amp#3;&amp#21;P@&amp#1;&amp#5;&amp#20;P@&amp#1;&amp#5;&amp#20;P@&amp#1;&amp#5;&amp#20;P@&amp#1;&amp#5;&amp#20;P@&amp#1;&amp#5;6&amp#17;�Y�f�&amp#26;5���ر�;\����&amp#2;
(��&amp#2;�T�P{NŊ֓/����R@&amp#1;&amp#5;&amp#20;P@&amp#1;&amp#5;&amp#20;P@&amp#1;&amp#5;&amp#20;P@&amp#1;&amp#5;&amp#20;P@�R"�|�������b�-��o�&amp#2;�ꫯ��駟jԨ��n�&amp#21;0l������&amp#23;.\X�Z�=��s�\@�O��3�&amp#12;&amp#31;>��c��ܹs�'��y��&amp#28;9�F����|�}���&amp#31;~�!7ۦM��7�<?7�,[�,��/��[o]�z�?��999�]��'M��믿֮]{�w�o&amp#12;�?����~��7�̙3�N�:���o֬�V[mU�!��x��}�������&amp#7;�s��kڴi�F�2G�zV�Z��'�p&amp#20;g_�xq͚5��f�z����ޕ*U���������&amp#26;6lX�r�T��
(��&amp#2;
d�_J�&amp#20;P@&amp#1;&amp#5;&amp#20;P@&amp#1;&amp#5;&amp#20;P@&amp#1;&amp#5;&amp#20;P@&amp#1;&amp#5;&amp#20;P@��,@���K/&amp#2;��sO˖-��&amp#24;4h�k��FH�F~c6V�>}���&amp#11;&amp#2;�!�{c]F1����&amp#15;&amp#18;a��;u�e&amp#0;�&amp#24;g)c�&amp#12;&amp#27;6��&amp#30;�6�l�#�8"����꫉��w�-�<�cڵkW��#+W�&amp#28;0`&amp#0;�b&amp#6;�����=ϩ���{ｼ6���)���
ΒM&amp#21;�)S����|뭷R��ٶm�K.��&amp#16;~�.z~��7^�@#�;�&amp#26;ڷoߣG�p��&amp#15;?�y�a׶�n��.���G&amp#1;�&amp#1;�&amp#0;;&amp#21;P@&amp#1;&amp#5;ʪ&amp#0;��&amp#21;Y���ޞ���&amp#2;
(��&amp#2;
(��&amp#2;
(��&amp#2;
(��&amp#2;
�s�&amp#27;o�qɒ%�|Z',@ �QI�Nf!&amp#23;0�]K�.�v(ƌ&amp#25;S<&amp#16;�ԏ>��&amp#25;g���K/�9&amp#3;A�&amp#11;/�0���&amp#28;&amp#16;:Ǎ&amp#27;w��G�&amp#24;���oߪU+~��S�r�-O>�d&amp#1;��]��r�)��X{�$�ix��&amp#8;����Á3f�8��&amp#6;&amp#14;&amp#28;����]�g�&amp#26;��&amp#16;7&amp#11;h̝;��7��͛k��f���&amp#5;�t�&amp#2;
(�@9&amp#17;������ɳ�6&amp#21;P@&amp#1;&amp#5;&amp#20;P@&amp#1;&amp#5;&amp#20;P@&amp#1;&amp#5;&amp#20;P@&amp#1;&amp#5;&amp#20;P`�&amp#8;&amp#16;�#ŶgϞ�f:g�B��o~��7�&amp#0;�M&amp#14;t&amp#22;��!/��r����{o�̙�B�=�ҵ���&amp#23;�y����_�5Q�&amp#16;�&��駟N�S������)⚶��_O>��X����_����&amp#25;ٻw�?���&amp#20;lO&amp#30;�j�h��&amp#7;&amp#30;��}׮];t�@��0��&amp#19;7�p�&amp#7;&amp#31;|@��G&amp#30;y��s�M&amp#30;��?�~��&amp#4;��$��{����O�&amp#6;�{&amp#27;�.��+�&amp#16;�?�쳓G��ĉ&amp#19;C�����=U�?��S�?����'�>t��2�$A&�=
(��&amp#2;)��d����T@&amp#1;&amp#5;&amp#20;P@&amp#1;&amp#5;&amp#20;P@&amp#1;&amp#5;&amp#20;P@&amp#1;&amp#5;&amp#20;P@&amp#1;&amp#5;&amp#20;(@���&amp#31;&amp#15;�b&amp#23;0�]�P�@lǎ&amp#29;����9��T��׿�A�ȉ1ӈ����5&amp#17;q"��Â���&amp#15;=�����S�=&amp#28;��g�%�%u��w�&amp#23;��;X�<�7�&:N:����j�X;c&amp#8;�&amp#19;�&amp#14;�?����Q�ͽ�ڋ4�	&amp#19;&&amp#28;��1�Θ�u��
�,͞<��D�C��<x"�|�X��&amp#12;��^�p�	�&amp#7;&amp#15;�i���&amp#7;��<*�����~�G^y��8KE0�io��6�&amp#7;g�٣�&amp#2;
�7�&amp#28;_&amp#6;,o���U@&amp#1;&amp#5;&amp#20;P@&amp#1;&amp#5;&amp#20;P@&amp#1;&amp#5;&amp#20;P@&amp#1;&amp#5;&amp#20;P@�b&amp#11;��Np��o��ѣG'c��̹j�*J[��WӦM�f�m�4i�뮻��(�S�:&amp#4;&amp#29;�g���D��}�]~V�R����.�ӧO'��Ɓ&amp#7;&amp#30;&amp#24;C��1�n�&amp#28;�����eԬY�%���c��7�<���˗s1�$9��'1K��DC���O�<�X�&amp#14;;�P�^�&amp#21;+VL�:�x-3���O�Z��&amp#12;�YT�jժT&amp#8;��&amp#8;�ƽ�&amp#17;f�V�Z,&amp#30;N?&amp#23;��3UӦMٜ3g&amp#14;���7K�3&amp#15;&amp#23;O 65O�&amp#12;�ʩ&amp#25;ύ���y�xH��.&amp#14;K]&amp#21;����}.�x�!�&amp#28;�)�H&amp#18;�&amp#0;	&amp#15;�&amp#11;F�F�&amp#26;q&amp#18;&amp#26;�w��&{�osG!��b�LK����y�W��&amp#6;�������oNM�{�6m�5��N�o)9��?��CqW��N�:���A&amp#7;��o���&amp#0;�cbg~Kȓ�N�9w�&amp#31;�8�Ƌ/���G&amp#31;���&amp#24;&amp#21;)��%�&amp#22;�͉��>
��&amp#4;�w&amp#8;&amp#8;�&amp#23;o*�R@&amp#1;&amp#5;&amp#20;(&amp#27;&amp#2;9e�6�&amp#11;&amp#5;&amp#20;P@&amp#1;&amp#5;&amp#20;P@&amp#1;&amp#5;&amp#20;P@&amp#1;&amp#5;&amp#20;P@&amp#1;&amp#5;&amp#20;P`&amp#3;&amp#8;��&amp#4; Y������?�8gR��&amp#20;�Ne	&amp#19;)$Gv���g�Y�f�	�:묋/�893����Bک���w����o3���E�r�رcyu��x�Y���[oMF��$O���o&amp#15;&amp#25;���D4��Ν;��{ｗZ�d3&amp#31;u�Q&amp#23;]tQH���&amp#25;F}������W_}5��`&amp#30;^eHE^�lD�G�&amp#26;&amp#21;&amp#7;SЛ&amp#24;*!X&amp#30;ĵ�^���a�&amp#21;'&amp#3;;O&amp#16;��n�&amp#24;1"�&amp#22;&amp#26;$C����d��g&amp#23;&amp#15;	W�&amp#3;%(;|����&amp#31;q&amp#23;��&amp#16;n�&amp#26;�T*v&amp#28;&amp#22;&amp#26;}��=���S�Yn&amp#18;_&amp#15;#)��W�M��n�M��&amp#12;qX�#���+�l?���&amp#2;��&amp#27;&amp#24;�"5x�!�O��Q�&amp#25;&amp#24;�k(��i�
K�ؘ�߭[�u&amp#18;k&amp#15;��&amp#22;&amp#2;�݄��<�c�9���ym+��&amp#2;
�&amp#31;&amp#1;ޟ�h����S&amp#5;&amp#20;P@&amp#1;&amp#5;&amp#20;P@&amp#1;&amp#5;&amp#20;P@&amp#1;&amp#5;&amp#20;P@&amp#1;&amp#5;&amp#20;(�&amp#0;&amp#17;��.�,�&amp#24;)m=iҤ,'$����!�N&amp#24;���	&amp#30;s,q�&amp#11;/���&amp#23;^�MO�t�wRӾ��k�'��Hg��&amp#19;��3&amp#25;=&amp#30;�_���C���"?�y��J�&amp#21;W\������_}�a&amp#12;#�+��tff�&amp#19;{>�s��0s�N�"7�h��!F΍&amp#3;&amp#18;�ꪫX�;��M�&amp#3;KL=�C<����&amp#12;c(&amp#18;Λ&amp#4;��a��&amp#11;�v�&amp#5;��c-&amp#1;"���S�d��R�&amp#16;�g��&amp#24;k�,&amp#12;&amp#8;��I�g	�&amp#16;k�T;��/����e&amp#8;��k׎Lt
&amp#3;���r���&amp#19;O<�`^Y�����ʏ��iI�&amp#15;&amp#3;B	�8�&amp#0;s�.]�#�s�ʕqW�&amp#26;!L�!%Y) �Z��=�,���\$&amp#17;�"]U��y&amp#7;��&amp#14;c&amp#24;_�쿫�N�&amp#0;&amp#5;&amp#20;P@�MN�B�9�u��=6/X&amp#1;&amp#5;&amp#20;P@&amp#1;&amp#5;&amp#20;P@&amp#1;&amp#5;&amp#20;P@&amp#1;&amp#5;&amp#20;P@&amp#1;&amp#5;6�&amp#0;��I&amp#23;&��84�@t��m�An2�bF��7�L<5\�&amp#7;&amp#31;|p��&amp#19;����;���?&amp#17;&amp#22;��8)��&amp#19;,L��&amp#19;������/��t܌!�X�;�ʲqꩧR}�}��&amp#20;`&amp#15;ˏ&amp#18;�e=짞z�H9��c�=6L&amp#21;&amp#22;�&8=h� 
ȇNr�&amp#8;�&amp#19;�%ԝ:#&amp#1;{z�����&amp#6;&amp#29;vqkDǹeb��&amp#16;�$���M�3Y�!
>r�ȸ�w8�����	��(&amp#31;����&amp#14;u&amp#2;&amp#8;xS�;3������&amp#24;����O���&amp#14;&amp#29;J&amp#1;�xw�?��&amp#21;R��Dyzz��EL=�&amp#26;���&amp#15;svv�*��&amp#31;&amp#30;�"U�t���&amp#0;��:u�$g+R�73�&amp#11;&amp#14;	i�T���;�L>w���bA�s.]���g�&amp#29;0`&amp#0;#yO��߮&amp#2;N�mx3�1��C&amp#1;���ŝR'?���&amp#31;��O?=&amp#14;�&amp#17;�61�����	S����&amp#4;��(|�S&amp#3;�T@&amp#1;&amp#5;&amp#20;('&amp#2;&amp#21;��}z�
(��&amp#2;
(��&amp#2;
(��&amp#2;
(��&amp#2;
(�@�&amp#5;B��֭[�*6���K���i�t&amp#18;&amp#18;f&amp#24;��1��&y�dx� �&amp#26;2tcP��?��r�&amp#16;;$&amp#5;�NR�I��{c��&amp#1;&amp#7;&amp#28;&amp#16;;�� LND��w��s,/&amp#16;p�a��3g��Xk�6&amp#23;&amp#25;��l���B�g�yf��]��c���&amp#4;))�O#|���&amp#19;C�&amp#4;�);&amp#31;R�Y��?C
��	!3O��s&amp#0;P��r
±�%&amp#31;�s�=1��H֞��|8Yr%��]86�s���Dv��P=?Ig��v6��P��v�E�&amp#25;P���3&amp#3;`&amp#12;�&amp#22;��+&amp#23;��g���&amp#31;&amp#18;�&amp#15;&amp#31;�ֹl*���ݛ�|������f�S��W^y%���7$���y:��A�&amp#5;�x�"���^�F͚5�&amp#5;�w&amp#26;�佊ع&amp#14;&amp#27;q�&amp#24;�_��;�&amp#2;
(���"�����r�^�&amp#2;
(��&amp#2;
(��&amp#2;
(��&amp#2;
(��&amp#2;
(Pz&amp#4;(x&amp#30;&amp#2;��yg�z���&amp#24;�<��&amp#19;S�H}&amp#14;=S�L�Ѽy�&amp#25;��l�J�1PMZ|&amp#24;��P[��s�ƍcg�&amp#27;5j�&amp#8;��?��c���:�&amp#23;_|1�=&amp#16;�&amp#11;h�Z��&amp#27;KʓO_�v��^���&amp#30;��iӒ�&amp#5;�I�L_n֬Y8*y�q&amp#30;´�����g�&amp#16;��&amp#6;���]<$4&amp#8;rǧ��E%&amp#0;63�&amp#30;_;H�ߐ<0�6Ǿ��{�d�h��.��b����oyY�K���&amp#15;!�P��yڴi÷.Yh!���f&amp#12;�%&amp#20;&amp#0;��;�YdsH&amp#24;C�&amp#7;^)���&amp#18;xS�&amp#25;"`&amp#24;��O?�F����Y��U�V&amp#24;��&amp#1;Y&amp#30;�0&amp#5;&amp#20;P@��'@�=��ݕw��&amp#2;
(��&amp#2;
(��&amp#2;
(��&amp#2;
(��&amp#2;
�o&amp#1;b�d�S*�&amp#19;QR�&amp#28;�̊��&amp#26;BR8�kJ���T#,b�&amp#24;�fɗM.�&amp#30;��D�	E&amp#19;�'2J�u�]�&amp#29;���MMX�M����_�7o&amp#30;��I��&amp#14;9��X�"NE&amp#8;�h.'=�3�H&��Z�;���d&amp#30;|�)ȍ&amp#26;5��b#D1&amp#23;/^&amp#28;{
m4i�$sL��r��{c�?���~&amp#2;�<&amp#8;&amp#14;A�J�*����%���,��܅&amp#24;��_~�%�I;fcW�V-�+�M&amp#22;�&amp#15;�cF{�d9&amp#0;
&amp#0;PL�&amp#23;5�,��&amp#23;���a0&amp#11;�&amp#19;�&&amp#28;γ�Ǉdw�/�\�r�WR�H�f�t?�Xg!��v�S&amp#21;�����/*�&amp#11;x3��>c�&amp#0;�t�z����&amp#11;��Z�jh$���g���&amp#21;&��j�u2��(��&amp#2;
l�&amp#2;T1ܾ)>8�Y&amp#1;&amp#5;&amp#20;P@&amp#1;&amp#5;&amp#20;P@&amp#1;&amp#5;&amp#20;P@&amp#1;&amp#5;&amp#20;P@&amp#1;&amp#5;6���G&amp#31;ͺ�o��&amp#6;At
Y'׍N^&amp#28;��!�N��s�I�J�c�s�o&amp#31;6l&amp#24;�&amp#16;%�O�3&amp#4;�)�MD���s�=Ǣ�={��_xYq<Lr��&amp#7;&g+R�u�s���&amp#5;�&amp#16;&d9p&amp#6;��׏M2��&amp#16;�<餓���J���\&amp#1;E�C�|�RcA�T&amp#1;��2�qX���`|&amp#28;&amp#31;&amp#26;1۞�e�&amp#5;&amp#20;��%g��e&amp#2;&amp#6;�&amp#28;	��~����&amp#27;&amp#15;y��GC�%&amp#6;bg�&amp#26;��ǌ&amp#25;&amp#19;&amp#14;!��<��t�&amp#28;7n\��v2�v�<�6�Ib�|�9
�"堧�Jn.Z�����&amp#6;;	�I�����w^r&amp#23;�%(/O�;�\w�u&amp#15;<�@��Ÿ{��O&amp#30;U�v�!�߃.�)�A&amp#1;&amp#5;&amp#20;P��&amp#11;�)&��J��z�
(��&amp#2;
(��&amp#2;
(��&amp#2;
(��&amp#2;
(�@)&amp#20; �=\&amp#21;&amp#11;H��[f�wɒ%��	?�����&amp#4;;&amp#17;Y&amp#14;$�&amp#25;&amp#14;g�u&amp#26;&amp#4;��I���I�hĚ�Ŏђ&amp#25;|�a�&amp#17;��v.��܇&amp#30;zh*=�s�&amp#15;k�&amp#19;e?����&U�YE���p��&amp#25;��~Q�;dϧ&amp#14;)�f1J���&amp#0;2�&amp#21;S�		����.9a~W�&amp#19;&amp#12;g'�}�]wQ&amp#20;&amp#29;O��!R~�1���N�y�o���[1E�,��'Ɔy�"3�>�Sԭ[����J0`Ȑ!˗/�od��|u�u�&amp#22;�l=z��&amp#5;���s$u�Ij�;�^"��{&amp#24;k��{���bwΘ1#&amp#28;�Y���sz�&amp#2;
(���(�����M�6�f&amp#5;&amp#20;P@&amp#1;&amp#5;&amp#20;P@&amp#1;&amp#5;&amp#20;P@&amp#1;&amp#5;&amp#20;P@&amp#1;&amp#5;&amp#20;P`�&amp#11;ԩS�k�!$ɩo��&amp#22;�qg���e�Z�$����7�7s3,^N?�R��_x�&amp#5;�t���&amp#14;:(&amp#28;��o&amp#18;&amp#23;&amp#15;5�ٛ_p7s�d&amp#15;	�&amp#4;zC&amp#15;��b���&amp#25;�&amp#28;&amp#31;ڤ�^}��&amp#20;&amp#3;'T��#��=̰.]�&amp#12;&amp#24;0 �+�yT���/�&amp#28;&amp#23;�&amp#14;�E}v��#�&amp#5;&amp#12;&amp#31;>&amp#28;.B�1�=&amp#28;x�i�]p�&amp#5;�L�瘱cǆ~j�g&amp#14; ��x<�$�w��9s@�=�&amp#25;�3%H�^&amp#30;�&amp#14;;��,;��_r�%a�&amp#3;�o�_F����k
/��&amp#18;æM�&amp#22;^=	o	�C&amp#21;&amp#1;�&���ੲ��Z&amp#3;/��r&amp#24;ܠA�,�r�&amp#2;
(�@�&amp#19; �n1���X�#&amp#5;&amp#20;P@&amp#1;&amp#5;&amp#20;P@&amp#1;&amp#5;&amp#20;P@&amp#1;&amp#5;&amp#20;P@&amp#1;&amp#5;&amp#20;�p&amp#2;�xMIyB�Ւ�&amp#28;&amp#22;�N�����:Y���j&amp#15;G1&amp#3;��'N�H(���![7.&amp#4;NԐUۉ��9�S�ӟ�g̾M@�&amp#8;(�w��l�&amp#3;Y�:�X{&amp#28;Õ&amp#16;.e���C�&amp#14;&amp#28;8�~�6�T����ڬY���p{Q�]�)�A���e�&amp#24;Ӷm[*��&amp#4;!�=��#&d&amp#23;|x�{�~��k���X{�^�2�pF�E<�'�x�Hq�&amp#28;&amp#0;A��i���ԗ]vY�����&amp#25;g����������G&&amp#12;�م?)�wԨQ��P�$�&amp#15;x��&amp#7;�W��&amp#19;�䳟Ǒ
(��&amp#2;e@�b&amp#25;�&amp#7;oA&amp#1;&amp#5;&amp#20;P@&amp#1;&amp#5;&amp#20;P@&amp#1;&amp#5;&amp#20;P@&amp#1;&amp#5;&amp#20;P@&amp#1;&amp#5;&amp#20;�X&amp#2;&amp#4;#Y1:����c5���������}��d~�&amp#22;-Z��"�&amp#4;��&amp#24;&amp#22;���C�l�����j��s5�8��F|&amp#3; s�)S�&amp#20;p`ܕ��s��RЛ&amp#30;Vю���Aj2벧.��,��t֯_�R�JaoQ�]j�<7��p�3�<�*�TV?�s&amp#8;��$��Y�~��p�<S��U�re�&amp#23;����oYA &amp#12;.�'���&amp#0;9#�j�&amp#30;�9 ��û#�۱nc�.~]�{&amp#18;�&amp#2;�b�&amp#8;�:��WU�&amp#30;��&amp#31;~��p,���7�G)��&amp#2;
�&amp#25;&amp#1;��e�Qz#
(��&amp#2;
(��&amp#2;
(��&amp#2;
(��&amp#2;
(�q&amp#4;X����/&amp#15;�K�'/��&amp#19;O&amp#12;����믿&w���ի��1���C&amp#15;ѿ뮻&c�1��&amp#20;[�R�����ٷkԨ&amp#17;&amp#6;���ɣV�Zť&{B��kf'i���&amp#8;�f�-�=��&amp#16;_V�W8z���N&&amp#23;�����k̟??�&�J&amp#4;����&amp#11;&amp#22;,�g���3���&amp#3;��O�z�&amp#24;�&amp#28;&amp#16;z��&amp#30;&amp#26;�Ǐ�oL���&amp#1;'��<�|�H�O�;M�u���X{Ϟ=Su&amp#20;��g���oH�cy���&amp#12;����M���7&amp#12;h�L)&amp#8;&amp#17;�&amp#20;�'k�|��]�v3pS�?�Ş�&amp#3;&amp#21;P@&amp#1;&amp#5;6]&amp#1;�
g1�M��y�
(��&amp#2;
(��&amp#2;
(��&amp#2;
(��&amp#2;
(PZ&amp#4;N:�$2��8��&amp#8;�&amp#17;�{��H,>�&amp#19;X���%kK/Z��&amp#26;�D&amp#1;YN������+&amp#28;N�8At&amp#18;�C��XI>�%��*	�!&amp#14;J|1�b�y�&amp#2;:�4i&amp#18;��&amp#24;1�V�Z��'v��_���?&�'&amp#15;o׮&amp#29;&amp#11;c�+�2��'i�&amp#18;�!t�L�O&amp#30;U:�W]u&amp#21;�&amp#31;z�$m���&amp#19;&L&amp#8;/7 O��x�E}v���&amp#26;<w>TA�ӧ&amp#15;k��&amp#26;zx|�o�9�r�&amp#24;�@���)&amp#24;0l�0�b}��O?=�9��&amp#16;�*�&amp#29;w&amp#28;O0�a�&amp#11;&amp#31;��O>IV}ժU�H��,^&amp#16;6�j&amp#19;W��2,LK?u���"5��s��&amp#2;G�&amp#28;&amp#2;��9&amp#3;_-&amp#4;��E'&amp#23;@ؾC�&amp#14;&amp#7;&amp#29;tPݺu��v��˗� =/���	X&amp#24;�&amp#31;.l�3\x���B�� &amp#0;&amp#0;#�IDAT�&amp#1;T�?�#��g�&amp#29;wܑ�&amp#16;��&amp#25;3f��;&amp#31;��4�<�v(��;&amp#7;,1����3�%&amp#30;�&amp#24;�$����6&amp#20;P@&amp#1;&amp#5;ʧ�����ܽk&amp#5;&amp#20;P@&amp#1;&amp#5;&amp#20;P@&amp#1;&amp#5;&amp#20;P@&amp#1;&amp#5;&amp#20;P@&amp#1;&amp#5;&amp#20;X�&amp#2;DL����&amp#2;�o��������$��yz�z��h�!�&amp#28;&amp#18;
��ٺu�+4�'&amp#31;�&amp#19;�M��~����q&amp#18;
%r�*�Mܷq���&amp#26;�����O�)&amp#8;s�w�y�������ϧ���k?�+$�N&amp#20;<�&amp#26;w��]r�<ۄ�O;��M�{�tO�$">`���&amp#24;y����'Ǥ�cǎ=,&amp#6;�ڕ�$Hܻwo:����dw69&amp#17;o��&amp#6;�ML�~��$Ͻ�v&amp#18;&amp#20;&amp#15;�vFr��n�-�C�&amp#19;T@�����C&amp#21;�X�=5&amp#15;��+��2�I	&amp#1;��)�&amp#16;���}{C�>u,E�S=a�&amp#7;t��W��&amp#30;y�S&amp#1;&amp#5;&amp#20;P�\	�w6�ɗ�'��*��&amp#2;
(��&amp#2;
(��&amp#2;
(��&amp#2;
(�@q&amp#4;b�x&amp#1;��J�8A�0;)���T�V��u>a���^V
g�s�������M2q&amp#27;5j��E;�G޼y����6W�X����&amp#16;]&'8�O��r�&amp#3;&amp#7;&amp#14;&amp#12;װ�f�ŽW\q&amp#5;&amp#17;��&amp#25;&amp#26;�c�>��#G&��&amp#14;b�-yH4��<�&;�-&amp#30;�g>w�&amp#27;&amp#27;L&amp#24;F&amp#18;.�ҥ&amp#11;!m&amp#26;ɳ�A�]D���H�.�.ϫZ�x1&amp#21;�c��&amp#15;>�tm>���
&amp#2;d���8&amp#23;0iҤp&amp#25;�'&amp#30;/,4&amp#8;&amp#21;�&amp#26;&amp#7;m2�)Q�ڛ�lӦM�y��gS�R�D��<2{�T}��H6��b&amp#11;~&�*qL�&amp#14;qo���%&amp#14;���kY��/[��G&amp#25;:t�����<g��&amp#5;^p�{�0r��Q����jI��?����O�K�b�w�}7�&amp#6;���&amp#24;�T@&amp#1;&amp#5;ʳ@�Ԛ@���{W@&amp#1;&amp#5;&amp#20;P@&amp#1;&amp#5;&amp#20;P@&amp#1;&amp#5;&amp#20;P@&amp#1;&amp#5;&amp#20;P@&amp#1;&amp#5;6�&amp#0;+��M�d�&amp#18;�x��&amp#30;&amp#23;P_���p=�XNA��Z�s����&amp#20;T�'!��ի���6&amp#25;�B��&amp#5;�MJ�׬Y3ƘS#K�&�2s�Ln��r����-����r�-�ƍc�;ＳE�&amp#22;���	�w�ؑ&amp#28;n&amp#6;P���!��&����/u%�s�"&amp#16;���&amp#11;&&amp#20;Z@���P&amp#6; {����s�-
>|{�! ��8R&amp#1;&amp#5;&amp#20;P��&amp#8;�_�,?w�*��&amp#2;
(��&amp#2;
(��&amp#2;
(��&amp#2;
(��&amp#2;&amp#27;E���̄��}%��^8E����NN��&amp#23;p=&amp#12;nڴi&amp#1;&amp#3;6�]�K\�>��.ɳ#T&amp#31;b�zjx�!uF^� �>d�&amp#16;�Y=��r&amp#8;�w��95��n�
&amp#2;���d��R��Ya���8^&amp#1;&amp#5;&amp#20;P@� ���k��/�&amp#2;
(��&amp#2;
(��&amp#2;
(��&amp#2;
(��&amp#2;
(P6&amp#5;���&amp#5;&amp#11;&amp#22;&amp#16;��1cF߾}�MR!�l�m����&amp#11;&amp#23;�k,�~�����&amp#24;�����+�i&amp#20;PI>&amp#12;��&amp#2;
(��&amp#2;
l&amp#20;&amp#1;
�&amp#24;n�(�T&amp#1;&amp#5;&amp#20;P@&amp#1;&amp#5;&amp#20;P@&amp#1;&amp#5;&amp#20;P@&amp#1;&amp#5;&amp#20;P@&amp#1;&amp#5;&amp#20;X�&amp#2;O?�4��'O���ٯ��<�v�&amp#5;&amp#8;��!a��&amp#23;^ a}���J�Izܘ1cƏ&amp#31;O'&amp#5;�I��L��'�جY���ē&amp#7;�V@&amp#1;&amp#5;&amp#20;P@��(`�}#�{j&amp#5;&amp#20;P@&amp#1;&amp#5;&amp#20;P@&amp#1;&amp#5;&amp#20;P@&amp#1;&amp#5;&amp#20;P@&amp#1;&amp#5;&amp#20;P`=
�´&amp#23;]t�&amp#25;g��&amp#30;��ԅ	�p�	�&amp#6;�:uj�N�:t�иqc�ٳ&amp#24;��ٳ'L�&amp#16;J�S����.c�&amp#3;�~
���
(��&amp#2;
(�1&amp#5;*�^�zc��s+��&amp#2;
(��&amp#2;
(��&amp#2;
(��&amp#2;
(��&amp#2;
�&amp#31;&amp#1;�����[�dI͚5�ԩC���s&amp#30;g�V�'r��&amp#14;&amp#27;6,�&amp#3;ڶm{���7l�0�&amp#1;�+��&amp#2;
(�@�&amp#17;���K���J&amp#20;P@&amp#1;&amp#5;&amp#20;P@&amp#1;&amp#5;&amp#20;P@&amp#1;&amp#5;&amp#20;P@&amp#1;&amp#5;&amp#20;P@&amp#1;&amp#5;ʾ��9s�z�-r��͛W�B�m�~x&amp#31;�e˖�&amp#24;Q���;T@&amp#1;&amp#5;&amp#20;P�&amp#12;	&amp#24;n/C&amp#15;�[Q@&amp#1;&amp#5;&amp#20;P@&amp#1;&amp#5;&amp#20;P@&amp#1;&amp#5;&amp#20;P@&amp#1;&amp#5;&amp#20;P@&amp#1;&amp#5;&amp#20;P@&amp#1;&amp#5;&amp#20;P@&amp#1;&amp#5;&amp#20;�P&amp#2;�&amp#14;�PҞG&amp#1;&amp#5;&amp#20;P@&amp#1;&amp#5;&amp#20;P@&amp#1;&amp#5;&amp#20;P@&amp#1;&amp#5;&amp#20;P@&amp#1;&amp#5;&amp#20;P@&amp#1;&amp#5;&amp#20;P@&amp#1;&amp#5;&amp#20;P��&amp#8;���VX�
&amp#21;��&amp#29;y&amp#31;
(��&amp#2;
(��&amp#2;
(��&amp#2;
(��&amp#2;
(��&amp#2;
(��&amp#2;
(��&amp#2;
l&amp#8;���߾!��9&amp#20;P@&amp#1;&amp#5;&amp#20;P@&amp#1;&amp#5;&amp#20;P@&amp#1;&amp#5;&amp#20;P@&amp#1;&amp#5;&amp#20;P@&amp#1;&amp#5;&amp#20;P@&amp#1;&amp#5;&amp#20;P@&amp#1;&amp#5;&amp#20;(+&amp#2;��]���<L�C&amp#1;&amp#5;&amp#20;P@&amp#1;&amp#5;&amp#20;P@&amp#1;&amp#5;&amp#20;P@&amp#1;&amp#5;&amp#20;P@&amp#1;&amp#5;&amp#20;P@&amp#1;&amp#5;&amp#20;P@&amp#1;&amp#5;&amp#20;P`C	&amp#16;nw����y&amp#20;P@&amp#1;&amp#5;&amp#20;P@&amp#1;&amp#5;&amp#20;P@&amp#1;&amp#5;&amp#20;P@&amp#1;&amp#5;&amp#20;P@&amp#1;&amp#5;&amp#20;P@&amp#1;&amp#5;&amp#20;P@&amp#1;&amp#5;ʊ��p;k�����>&amp#20;P@&amp#1;&amp#5;&amp#20;P@&amp#1;&amp#5;&amp#20;P@&amp#1;&amp#5;&amp#20;P@&amp#1;&amp#5;&amp#20;P@&amp#1;&amp#5;&amp#20;P@&amp#1;&amp#5;&amp#20;P@&amp#1;&amp#5;&amp#20;�&amp#16;&amp#2;&amp#21;+V������&amp#28;
(��&amp#2;
(��&amp#2;
(��&amp#2;
(��&amp#2;
(��&amp#2;
(��&amp#2;
(��&amp#2;eL�"&amp#25;�e얼&amp#29;&amp#5;&amp#20;P@&amp#1;&amp#5;&amp#20;P@&amp#1;&amp#5;&amp#20;P@&amp#1;&amp#5;&amp#20;P@&amp#1;&amp#5;&amp#20;P@&amp#1;&amp#5;&amp#20;P@&amp#1;&amp#5;&amp#20;P@&amp#1;&amp#5;ַ����[��&amp#21;P@&amp#1;&amp#5;&amp#20;P@&amp#1;&amp#5;&amp#20;P@&amp#1;&amp#5;&amp#20;P@&amp#1;&amp#5;&amp#20;P@&amp#1;&amp#5;&amp#20;P@&amp#1;&amp#5;&amp#20;P@&amp#1;&amp#5;ʠ@�2xOޒ&amp#2;
(��&amp#2;
(��&amp#2;
(��&amp#2;
(��&amp#2;
(��&amp#2;
(��&amp#2;
(��&amp#2;�S�B�&amp#21;sss��)�[&amp#1;&amp#5;&amp#20;P@&amp#1;&amp#5;&amp#20;P@&amp#1;&amp#5;&amp#20;P@&amp#1;&amp#5;&amp#20;P@&amp#1;&amp#5;&amp#20;P@&amp#1;&amp#5;&amp#20;P@&amp#1;&amp#5;&amp#20;P@��&P��k������(��&amp#2;
(��&amp#2;
(��&amp#2;
(��&amp#2;
(��&amp#2;
(��&amp#2;
(��&amp#2;
�&amp#1;�ɯcϠ�&amp#2;
(��&amp#2;
(��&amp#2;
(��&amp#2;
(��&amp#2;
(��&amp#2;
(��&amp#2;
(P�&amp#4;�&amp#20;�/[w��(��&amp#2;
(��&amp#2;
(��&amp#2;
(��&amp#2;
(��&amp#2;
(��&amp#2;
(��&amp#2;
(��&amp#5;&amp#8;�[L~�+{&amp#2;&amp#5;&amp#20;P@&amp#1;&amp#5;&amp#20;P@&amp#1;&amp#5;&amp#20;P@&amp#1;&amp#5;&amp#20;P@&amp#1;&amp#5;&amp#20;P@&amp#1;&amp#5;&amp#20;P@&amp#1;&amp#5;&amp#20;P@��'`v{�{�ޑ&amp#2;
(��&amp#2;
(��&amp#2;
(��&amp#2;
(��&amp#2;
(��&amp#2;
(��&amp#2;
(���&amp#21;XSL���ߓ8�&amp#2;
(��&amp#2;
(��&amp#2;
(��&amp#2;
(��&amp#2;
(��&amp#2;
(��&amp#2;
(��&amp#2;eN�b�e�zC
(��&amp#2;
(��&amp#2;
(��&amp#2;
(��&amp#2;
(��&amp#2;
(��&amp#2;
(��&amp#2;�_�b����3(��&amp#2;
(��&amp#2;
(��&amp#2;
(��&amp#2;
(��&amp#2;
(��&amp#2;
(��&amp#2;
�9&amp#1;��e�zC
(��&amp#2;
(��&amp#2;
(��&amp#2;
(��&amp#2;
(��&amp#2;
(��&amp#2;
(��&amp#2;�_�p��7�&amp#12;
(��&amp#2;
(��&amp#2;
(��&amp#2;
(��&amp#2;
(��&amp#2;
(��&amp#2;
(��&amp#2;eK`��Ն���#�n&amp#20;P@&amp#1;&amp#5;&amp#20;P@&amp#1;&amp#5;&amp#20;P@&amp#1;&amp#5;&amp#20;P@&amp#1;&amp#5;&amp#20;P@&amp#1;&amp#5;&amp#20;P@&amp#1;&amp#5;&amp#20;P@&amp#1;&amp#5;ֿ&amp#0;��
�o���3(��&amp#2;
(��&amp#2;
(��&amp#2;
(��&amp#2;
(��&amp#2;
(��&amp#2;
(��&amp#2;
(P�&amp#4;�n/S�ӛQ@&amp#1;&amp#5;&amp#20;P@&amp#1;&amp#5;&amp#20;P@&amp#1;&amp#5;&amp#20;P@&amp#1;&amp#5;&amp#20;P@&amp#1;&amp#5;&amp#20;P@&amp#1;&amp#5;&amp#20;P@&amp#1;&amp#5;&amp#20;�0&amp#2;9&amp#27;�4�E&amp#1;&amp#5;&amp#20;P@&amp#1;&amp#5;&amp#20;P@&amp#1;&amp#5;&amp#20;P@&amp#1;&amp#5;&amp#20;P@&amp#1;&amp#5;&amp#20;P`S&amp#17;X�`�C&amp#15;=��&amp#30;u�Q����r�%��A�&amp#6;-Y����K8��+��&amp#2;
(�@9&amp#17;0�^N&amp#30;����&amp#2;
(��&amp#2;
(��&amp#2;
(��&amp#2;
(��&amp#2;�&amp#23;���'O���{���[o��D��ϟ2e
{��k����*�a��?��3Ç&amp#15;?��c;w���u;�_~&amp#25;9r$s6iҤ�p��y�N���f͚m�喙W�t�ҏ>������&amp#3;&amp#14;8��&amp#23;_|q��wo����z��X��&amp#20;a}�G~��v��&amp#25;n�|��(��&amp#2;
(�@�@nnni�{L��٣�&amp#2;
(��&amp#2;
(��&amp#2;
(��&amp#2;
(��&amp#2;
�&amp#18;�&amp#15;?��ҵ�&amp#16;W���}��0��o��oL��&amp#15;>� ��ӧ�ʕ+�<dc{���]O�6-�&amp#26;V�Xѳg�0��7�&amp#8;&amp#3;&L���'�<��S_~�e�!�(��&amp#2;
(��&amp#2;��&amp#0;o&amp#26;n�$��&amp#23;��&amp#2;
(��&amp#2;
(��&amp#2;
(��&amp#2;
(��&amp#2;�K�N�:�p���+U����~��]x�ɞ��&��[ny뭷��&amp#14;&amp#29;:t��-\�6�l&amp#19;&amp#26;�j�*���)��&amp#2;
(��&amp#2;&amp#5;&amp#11;XL�`&amp#31;�*��&amp#2;
(��&amp#2;
(��&amp#2;
(��&amp#2;
(��&amp#2;&amp#27;A��o~��7�7o^�B�x�e˖Q�<n��F������u�n���뮋	`'�|rݺu&amp#27;4h���&amp#23;^�&amp#2;
(��&amp#2;
(������d�W@&amp#1;&amp#5;&amp#20;P@&amp#1;&amp#5;&amp#20;P@&amp#1;&amp#5;&amp#20;P@&amp#1;&amp#5;&amp#20;P@&amp#1;&amp#5;6�@�ڵ;v�:=5�S=�ysȐ!a&amp#1;���ۯw���4�*U��Dzi�x�M&amp#1;&amp#5;&amp#20;P@&amp#1;&amp#5;&amp#20;(T`��Ն�&amp#11;Ur�&amp#2;
(��&amp#2;
(��&amp#2;
(��&amp#2;
(��&amp#2;
(P"&amp#1;�tg	�f͚m�喿��;����&amp#23;s���n���~�}��'&amp#25;�&amp#14;g�<y��?�\�Z�=��3��&amp#30;����C;�g&amp#15;������Y�fh������W_}5eʔ�~�m�&amp#29;w�y�&amp#27;5j�&amp#28;�l3��|8]�&M�6mJ�y2�>98��رc&amp#7;&amp#12;&amp#24;��]w�����b�-�����ӧO'�}�����&amp#30;:)/�50xΜ9(qa�m�&amp#25;J{�G~���K�g�}Ƅ���z��ըQ#y��w߽z�걇g��7�0�w�}װaCN��N;��&amp#20;��&amp#22;-�&amp#17;p�Y�(�&amp#21;G��@�66³�a�&amp#29;�&amp#18;���qsy&amp#11;&amp#23;.�I�I������?�6�V�&amp#26;�	[o�u�ǆ&amp#2;
(��&amp#2;
�r&amp#1;��T�_ J�xy
(��&amp#2;
(��&amp#2;
(��&amp#2;
(��&amp#2;
(�@)&amp#23; &amp#24;|�E&amp#23;q���s&amp#15;&amp#1;�/�8u���o��&amp#6;����{�w�ĉ�&amp#26;5j&amp#20;�}����ḁ�^&amp#26;&amp#7;�y睇&amp#30;zh�|����㎸&amp#25;&amp#26;��_���
�������{��Dܓ��ֵk�dOQ�/�����Q���뭶�*5���?��������1&amp#16;&amp#30;:w�m�����k�}��WSG�{�\X&amp#12;χ�&amp#4;�o���O>�$58����&amp#7;&amp#31;&amp#28;z&amp#8;���у�xr&amp#0;������LQ�1�Ǐ���&amp#12;<��oժU�?<���>������&amp#19;SO&amp#14;�ܹ3&amp#23;�[&amp#23;�\sM�&amp#30;��nJ>�䁶&amp#21;P@&amp#1;&amp#5;&amp#20;P�&amp#20;
&amp#24;n/�&amp#15;�KR@&amp#1;&amp#5;&amp#20;P@&amp#1;&amp#5;&amp#20;P@&amp#1;&amp#5;&amp#20;P@&amp#1;&amp#5;&amp#20;P@�2(0p�@�1��d9����/��&amp#18;0&�=f̘ʕ+�wۛo�9I�䬇x0�8��cl&amp#19;�}ꩧ���{�̈́�Usȸq�h��;��q��>۫W���$������&amp#16;,�4iR&amp#28;V��&amp#7;&amp#31;|p�UWq&amp#20;s�����l����z�"5�&amp#2;&amp#0;&amp#4;�I+����&amp#7;o���&amp#29;w\�������!�ݶm[B��,!|�"��d=3�h&amp#30;6�M'
&amp#30;&amp#12;y
T&amp#14;X�l&amp#25;�z��O=���&amp#31;'���
&amp#16;6�k'6σऌ�֭&amp#27;W�'&amp#14;�&amp#14;&amp#25;=z4c&amp#16;�	���M=��c&amp#20;-���O�{�=&amp#6;���&amp#3;BB<���0aB~y�qr&amp#27;
(��&amp#2;
(P&amp#26;&amp#4;rsssx���u�J��x
				(��&amp#2;
(��&amp#2;
(��&amp#2;
(��&amp#2;
(�@i&amp#22; �J��o���G&amp#31;&amp#29;��h1&amp#1;rR�),��O�|���]ȉ�9�&amp#15;<�@�H*̇X��&amp#7;&amp#30;x�7&amp#18;�e�ҥKIv'�K���'��� �ܯ_�0�u�]&amp#23;׉��;�傓�3O&amp#29;{�C���lr�$�&amp#23;/l&amp#12;&amp#20;��\�6�l&amp#19;f��BB?9�\jLp��C��{<����`&amp#2;ꤏ��q��u�ԉ�G���6���� B&amp#1;y(���&amp#15;N&amp#28;�l0O��&amp#19;e�*~��CDh��s��[�&amp#14;&amp#5;�&amp#7;���&amp#15;lr��~&amp#0;1u&amp#2;�\&amp#0;���`�m����&amp#0;�W�ZEN��&amp#17;#hSƀ�/h�Q@&amp#1;&amp#5;&amp#20;P@�R.@ᢊ��K�Uzy
(��&amp#2;
(��&amp#2;
(��&amp#2;
(��&amp#2;
(�@�&amp#16; @&amp#27;c��&amp#17;&amp#11;u&amp#19;��&amp#22;&amp#19;��w�$W&amp#17;��Xr�)�&amp#30;b�l��8q�b~�}��ly����!PMt<���Ep��v&amp#24;Sԟ3f��ҥK8�&amp#16;~�ƍ�:C&amp#24;O
{�>}b��Ζ-[�r�)4�UϞ=;N���I&amp#16;��v6	�Sv>�I�7��&amp#0;!&amp#6;��~�qyq�vj&amp#0;\}��t�ic���y�!l&amp#14;&amp#25;2$���x��A�®8&&amp#30;&amp#24;&amp#26;d��X;=�&amp#23;p�Yg�1�c����5Sv�w&amp#20;h��&amp#31;��P@&amp#1;&amp#5;&amp#20;P@��,@�}MĽ4_�צ�&amp#2;
(��&amp#2;
(��&amp#2;
(��&amp#2;
(��&amp#2;
�&amp#1;b�&amp#20;<O�&amp#11;AeҦ�$V��U�Mb�!`�i�Q�<y,��C@�X5��î�_=4:u�&amp#28;L�%�Cl;�_����_&amp#31;r�&amp#25;I�6��B&amp#15;�s&amp#0;��1&amp#22;&amp#30;&amp#7;4k�,��-&amp#31;;��O�A�&amp#6;�'4b&amp#24;{�̙q�;�&amp#19;��]f��<o��&amp#0;!I&amp#29;�&amp#26;5jĩB���&amp#17;G&amp#28;A������K�e3Ӗr�aX����+&amp#17;���D&amp#8;���i�B�?&amp#21;P@&amp#1;&amp#5;&amp#20;P��&amp#11;&amp#24;k/���+T@&amp#1;&amp#5;&amp#20;P@&amp#1;&amp#5;&amp#20;P@&amp#1;&amp#5;&amp#20;P@&amp#1;&amp#5;&amp#20;P@�� ��N;%�N��T�^=ڬ�&amp#29;{�шAhʒ�.x�x��0g&amp#12;?�Z9=Dkժ�y:�q��̦�W
��&amp#3;&amp#20;�'�>�C2�4i�$�3^g��3&�p��_R�C�>��7&amp#15;"����&amp#26;�&�癝!�N�&amp#1;&amp#7;&amp#28;����V�Z��8yrXÆ���k֬&amp#25;z&amp#26;5j���f����2&amp#7;أ�&amp#2;
(��&amp#2;�J���&amp#28;J&amp#12;��^���&amp#23;��&amp#2;
(��&amp#2;
(��&amp#2;
(��&amp#2;
(��&amp#2;eR ����ɿ��������&amp#20;���O?���|&amp#24;&amp#31;��S�����B7w�qG
�S��&amp#21;�	�&amp#15;&amp#27;6�y��ԁ/��Ԁd&amp#25;��+3&amp#31;�]��?Z����&amp#15;��w�8��G&amp#31;�d��&amp#16;&amp#17;�`{��&amp#30;&amp#7;�F&amp#12;�'������I}�dl�~F����&amp#11;�&amp#2;�l<0����=&&amp#7;�V@&amp#1;&amp#5;&amp#20;P@�R%��s
��}��V/F&amp#1;&amp#5;&amp#20;P@&amp#1;&amp#5;&amp#20;P@&amp#1;&amp#5;&amp#20;P@&amp#1;&amp#5;&amp#20;P@&amp#1;&amp#5;&amp#20;��&amp#2;�/&amp#21;�&amp#26;X����&amp#22;z`���a&amp#5;&amp#4;�C�yɒ%ad~�T�z�BϘ9�&amp#5;�Y����n��U�i�&�&amp#19;O<�gh9��ؓ�U�&amp#1;�q�!�<������v�z�I'���t�җ^zi�ĉ�9�c�(&amp#16;&amp#7;/X��6��cO�A-wp����y�[l�ErplW�Z5�#i�&amp#21;��cO��g���&amp#0;�
(��&amp#2;
(�I&amp#8;���&amp#27;s�ģ�"&amp#21;P@&amp#1;&amp#5;&amp#20;P@&amp#1;&amp#5;&amp#20;P@&amp#1;&amp#5;&amp#20;P@&amp#1;&amp#5;&amp#20;P`c	�&amp#0;v�Ktǫ�={vhW�R%vn�F�ss.r��&amp#2;���:�XO&amp#6;铃�WϼR�Ja�C&amp#15;=���G�&amp#28;I��W�^&amp#3;&amp#6;&amp#12;���g)y���Ç&amp#15;�ҥ&amp#11;��cF{����/����) �<y�ܹs���M�*�ή�^�&amp#11;��d#V�/8��<Ķ&amp#2;
(��&amp#2;
�%�&amp#28;�nQ�vms���C�^&amp#20;P@&amp#1;&amp#5;&amp#20;P@&amp#1;&amp#5;&amp#20;P@&amp#1;&amp#5;&amp#20;P@&amp#1;&amp#5;&amp#20;P`�
��șsƌ&amp#25;&amp#5;�<}����q��&amp#5;&amp#12;[&amp#31;�&amp#26;4h&amp#16;��
&amp#11;���E��o��6�&amp#21;Ǚg���%�ȋ/���?f&amp#5;�&amp#15;>�`Ȑ!D�K8a~��V�l�2��mۖ*�d�C���u��ׯ&amp#31;&!v��@��&amp#7;��y8d֬Y��{�5D��9�&amp#30;&amp#5;&amp#20;P@&amp#1;&amp#5;&amp#20;(�&amp#2;o��v�E�&amp#22;����&amp#20;P@&amp#1;&amp#5;&amp#20;P@&amp#1;&amp#5;&amp#20;P@&amp#1;&amp#5;&amp#20;P@&amp#1;&amp#5;&amp#20;P@�u"@&amp#28;7�a��'3ˆ�S����3��&ڽ�J��J�����1c�PӴлnذ!c�N���&amp#11;&amp#4;,�^�&amp#12;&amp#5;&amp#15;�6���&amp#30;�&amp#6;&amp#26;T�	�;&amp#29;&amp#21;��J?��3o���nݺ�s�9G&amp#30;ydf���c���W^ɜ��O?��d���9nܸ̽8�}&amp#8;�y�1�&amp#16;{&amp#20;P@&amp#1;&amp#5;&amp#20;P�,	����,Wcj{Yz�ދ&amp#2;
(��&amp#2;
(��&amp#2;
(��&amp#2;
(��&amp#2;
�&amp#15;&amp#1;��3-������=u
���v�m���c�M�]W�q&amp#17;�w�y'5'�Քp��>�1�Ԙd&amp#24;�C�&amp#14;a�СC��t����㏧�-�&&amp#17;�o�9&amp#28;�"�a��b�S�!d���w&amp#12;���&amp#11;&amp#24;|�a����r�n��&amp#21;+&amp#6;&amp#15;&amp#30;�y,��&amp#7;&amp#30;x �䮽�&amp#1;�?�<�+�y�������1n*��&amp#2;
(�@Y&amp#21;�oP3g��Y�t)��RdY�[�K&amp#1;&amp#5;&amp#20;P@&amp#1;&amp#5;&amp#20;P@&amp#1;&amp#5;&amp#20;P@&amp#1;&amp#5;&amp#20;P@&amp#1;&amp#5;&amp#20;(��Yg���s�&amp#17;�}ꩧ��&�z�&amp#29;v`Mw"��\&amp#31;x����w˖-;v�X�&amp#19;&amp#21;pl�F��އ&amp#30;z�e�ɽ&՞|��U���嗿���4z��M!�c�9�&amp#20;v��+�2e�K/�������&amp#25;&amp#14;>���wޙ+�v&amp#8;6�&amp#29;����&amp#11;&amp#7;�&&amp#30;Ɣ��!�&amp#28;&amp#18;&amp#22;q&amp#7;禛n�۷���&amp#15;���Ӈ��y"a�xr�I���&amp#0;�#���y�&amp#24;&amp#30;��۳g�]v�e�ʕ_�5&amp#23;&amp#22;&amp#2;癷|�&amp#21;Wt�ܙ��.���y��֭��&amp#15;?&amp#16;k硇�]�v�<�&amp#30;&amp#5;&amp#20;P@&amp#1;&amp#5;&amp#20;(�&amp#2;�-�ee&amp#8;��f��l?i�N&amp#1;&amp#5;&amp#20;P@&amp#1;&amp#5;&amp#20;P@&amp#1;&amp#5;&amp#20;P@&amp#1;&amp#5;&amp#20;P@&amp#1;&amp#5;J.@&amp#4;��n�^���&amp#18;m��[2�lժ&amp#21;&amp#3;�߿��h�"���5&amp#16;�&amp#23;УG�&amp#16;&amp#15;&���q(�NY�P�>y����$&amp#8;}�7^r�%Īy��O�E�w&amp#11;H&amp#1;O�&amp#20;��)�"�o��ƨQ�N=��bO�y �T&amp#29;��{�E&amp#16;�Oj̮��:`���R;Q�/���&amp#2;&amp#0;&amp#0;�w�y��ؒ���'�$;i&amp#3;~�w^u�U�yY!��&amp#16;�Q-�o&amp#5;!��Qn*��&amp#2;
(�@y&amp#16;��Ɗ�&amp#23;/���T���p�ޣ&amp#2;
(��&amp#2;
(��&amp#2;
(��&amp#2;
(��&amp#2;
(P$�&M��&amp#24;1�{��q��x8�����#&amp#22;[�V�ؙj���T'�!<��&amp#27;63;9K(o&amp#30;�I�&amp#19;O��رc۷o�&amp#25;&amp#0;nݺ5���(&amp#26;M�6&amp#29;=zt�6m��D������/���w�srr�{�l�1�������;&amp#23;&amp#31;���&amp#25;��W&amp#19;��g�{c�&amp#2;�$�X;øw*��9�#�&amp#5;�'O&�?NR�z���&amp#4;I&amp#31;J�&amp#19;�����{oF�ۉGQ��&amp#23;&amp#5;X&amp#18;>�� �ޮ];�&amp#15;:�d?�<�]&amp#24;&amp#19;/>6���ٙ&amp#28;`[&amp#1;&amp#5;&amp#20;P@&amp#1;&amp#5;J�&amp#0;U�	�W&amp#24;?~����_�Jϕy%
(��&amp#2;
(��&amp#2;
(��&amp#2;
(��&amp#2;
(�@)&amp#23;�&amp#8;9�C��n����&amp#3;�&amp#11;&amp#23;.�={6�����)1*�ϙ3�T+��&amp#19;]&;?5 n���r/ԥ��<Q��_�&amp#27;&amp#20;&amp#24;&amp#24;7n&amp#28;&amp#23;I�9��+WN^0��T�&amp#15;&amp#21;�'N���*�O?�4w�\&amp#22;}O�ޓ3d��Wuؗ-[�y&amp#1;�Ud&amp#30;h�&amp#2;
(��&amp#2;
�1&amp#1;��E���K/�aQ&amp#31;V�aI��[�e�n�&amp#29;&amp#5;&amp#20;P@&amp#1;&amp#5;&amp#20;P@&amp#1;&amp#5;&amp#20;P@&amp#1;&amp#5;&amp#20;P@&amp#1;&amp#5;&amp#20;P`�
�&amp#3;���nOQ�lTG�&amp#5;��&amp#27;F��O~{���+РA�dO�o�A��S�����&amp#11;�&amp#1;��C�&amp#12;a&amp#23;��̗&amp#18;��&amp#23;5d^�J&amp#21;�-=�\�(��&amp#2;
(�@�&amp#18;&amp#8;��)r�_�*��&amp#31;/-�)W&amp#4;ެ&amp#2;
(��&amp#2;
(��&amp#2;
(��&amp#2;
(��&amp#2;
(���+@~�x���w&amp#23;���&amp#15;���_�o*�&amp#21;P@&amp#1;&amp#5;&amp#20;P@��&amp#0;5r^�u&amp#18;�+RA�&amp#4;��>��ݔ&amp#12;J&amp#14;���&amp#2;
(��&amp#2;
(��&amp#2;
(��&amp#2;
(��&amp#2;
(�@)&amp#20; �&amp#30;��/��&amp#2;%�SWȿu?��&amp#19;�x��U�V�˱�ƻ��&amp#2;
(��&amp#2;
d)@j;Q�>}�Pk�����6۬r�-X�|��,��&amp#28;��&amp#2;
(��&amp#2;
(��&amp#2;
(��&amp#2;
(��&amp#2;
(��z&amp#18;8�&amp#19;&amp#6;&amp#26;4u��N�:u�Сq��[l�&amp#5;�����&amp#19;&L&amp#8;��SR���.[O&amp#23;�
(��&amp#2;
(P&amp#14;&amp#5;��O�<�Em��s�&amp#21;>���U�V͟7������w9&amp#20;�&amp#21;P@&amp#1;&amp#5;&amp#20;P@&amp#1;&amp#5;&amp#20;P@&amp#1;&amp#5;&amp#20;P@&amp#1;&amp#5;&amp#20;P@&amp#1;&amp#5;69&amp#1;r����aÆ�w�m۶=���&amp#27;6l��&amp#0;�&amp#21;P@&amp#1;&amp#5;&amp#20;P@��
�7����O�4)�ϩ@����_����k�nѢE�/꼎W@&amp#1;&amp#5;&amp#20;P@&amp#1;&amp#5;&amp#20;P@&amp#1;&amp#5;&amp#20;P@&amp#1;&amp#5;&amp#20;P@&amp#1;&amp#5;&amp#20;P`&amp#3;&amp#11;P�����"�}޼yd�m��S�N��-[֬Ys&amp#3;_��S@&amp#1;&amp#5;&amp#20;P@��-@$�W�^Ç&amp#15;'�Nv���:��,c�g��E����d�&{�g�V��&amp#20;P@&amp#1;&amp#5;&amp#20;P@&amp#1;&amp#5;&amp#20;P@&amp#1;&amp#5;&amp#20;P@&amp#1;&amp#5;&amp#20;P@&amp#1;&amp#5;&amp#20;P@&amp#1;&amp#5;&amp#20;P@&amp#1;&amp#5;&amp#20;(�����߻wo&amp#2;�|9&amp#21;*�!ll]���U�_}5�R�J��[��u�&amp#2;
(��&amp#2;
(��&amp#2;
(��&amp#2;
(��&amp#2;
(��&amp#2;
(��&amp#2;
(��&amp#2;eU`���w�q��P��U�	���&amp#15;9�P�R�
,߾zun�j��������ϭZ�*�&amp#16;ޗ&amp#2;
(��&amp#2;
(��&amp#2;
(��&amp#2;
(��&amp#2;
(��&amp#2;
(��&amp#2;
(��&amp#2;�
P1�R�7�pÈ&amp#17;#X�&浇&amp#3;�&amp#20;��+wU�&amp#31;*����ʕ+�.]�`�ό$���[��^�9&amp#28;��&amp#2;
(��&amp#2;
(��&amp#2;
(��&amp#2;
(��&amp#2;
(��&amp#2;
(��&amp#2;
(�@�&amp#16;X�.��������{�&amp#19;7O����
� &amp#26;&amp#31;v,_��Eݗ-[�bŊ�&amp#11;&amp#23;.X��~����_ժU��O�����](��&amp#2;
(��&amp#2;
(��&amp#2;
(��&amp#2;
(��&amp#2;
(��&amp#2;
(��&amp#2;
(�&amp#20; 8��&amp#15;?���o�رd�&amp#19;('�&amp#30;>�&amp#17;&amp#6;W�|�$R��&amp#14;�d�&amp#19;}��gɒ%&amp#11;&amp#23;-\�hq�ڵw�qǝvډc��g<>yJ�
(��&amp#2;
(��&amp#2;
(��&amp#2;
(��&amp#2;
(��&amp#2;
(��&amp#2;
(��&amp#2;
lB&amp#2;kc���yN�&amp#28;�g�}vܸq���:i�&amp#4;�C�=�Q2V^�/�`ǚ��s���J&amp#21;+-_��<�&amp#21;+W�\�*wՒ�~[�t�o��Ƽն�V�5�n�%��W�Re����pz&amp#26;�&��&amp#30;�A؞�|b'6����O���82�Ü_&amp#31;&amp#4;�&amp#26;&amp#4;���&amp#8;�&amp#19;�?�A&amp#31;��oB�>�ߨ��&amp#4;&amp#4;��&amp#17;��&amp#17;}�A�ߟ����&amp#28;��!������&amp#31;�����&amp#31;@�&amp#31;��&amp#16;(�������C��@��&amp#15;�~X�t��k�&amp#6;͗��&amp#15;�~�OD����&amp#7;?�&amp#29;X����&amp#15;k�
�~��C�&amp#19;���S&amp#16;J���^{m���3gΜ6mڔ�&amp#31;"��݆�?��c;���&amp#3;����f�ߥ&amp#0;&amp#0;&amp#0;&amp#0;IEND�B`�
Body:			<none>
Request method:	POST
Request URI:	https://aishwaryakandavel.atlassian.net/rest/api/3/issue/10090/attachments
Proxy:			<none>
Request params:	<none>
Query params:	<none>
Form params:	<none>
Path params:	issueId=10090
Headers:		Authorization=Basic YWlzaHdhcnlhLmthbmRhdmVsQGdtYWlsLmNvbTpBVEFUVDN4RmZHRjAzV05BaU5BMlo0RDVzek8wdnZlS29PeklQRXFLeW91OXF4UU5xS2RkZ1JkZVQ3S3VidV9iVFdmZ2V4TXAtS3B5Y2c0NU1qZmUzNVFMTlpyckZVTFplSG5ic0ItRTg3anVGbDIwdmxINFBmVHdOZ2t2UHotV2lPcHFsWU5aNVNjUUxOeklrWE5zM2pFMERvLV9ZcDc3YnptTmhTVXNzdTBub0F1MkZjdmszaW89RUFGMEJGREQ=
				X-Atlassian-Token=no-check
				Accept=*/*
				Content-Type=multipart/form-data
Cookies:		<none>
Multiparts:		------------
				Content-Disposition: form-data; name = file; filename = incorrectTotal.png
				Content-Type: application/octet-stream

				�PNG
				&amp#26;
&amp#0;&amp#0;&amp#0;IHDR&amp#0;&amp#0;
z&amp#0;&amp#0;&amp#7;^&amp#8;&amp#2;&amp#0;&amp#0;&amp#0;D&amp#14;�&amp#0;&amp#0;
�iCCPICC Profile&amp#0;&amp#0;H���&amp#7;T��&amp#22;����CB&amp#11;]J�&amp#29;�&amp#4;�&amp#18;z&amp#0;�WQ	I ���&amp#16;PĆ,��*""����&amp#2;
�.EւX� &amp#2;&amp#22;,�,
�X&amp#16;&amp#21;���G��w�{��s&�;w�g�?w&amp#0; �1&amp#5;�TX&amp#22;�4~�0�׃&amp#26;&amp#29;&amp#19;K�=&amp#3;&amp#16; &amp#2;<�&amp#2;��&amp#18;	����&amp#0;������&amp#30;b��m�i_���&amp#21;y6G�&amp#2;&amp#0;�C8�-b�!܆�&amp#23;,�0&amp#3;&amp#0;�1D���!��n�&amp#21;�H�&amp#8;�6�I��q�&amp#19;f&amp#24;M��	&amp#15;�D�
&amp#0;��d
�&amp#0; �!zj&+	�C�������&amp#17;�Aؕ�e�&amp#17;>��YZZ�4� l��&amp#11;&amp#0; #�&amp#1;����L���&amp#4;�&3I³y�&amp#8;ދ'&amp#18;�2W����ߒ�*���&amp#0;&amp#25;$��/t��H�&amp#7;H���$h�y�ٺO3W�&amp#23;1�,�g�&amp#28;��^&amp#1;���K&amp#2;�8��Ð��`��1G�&amp#29;6���P�^�BO�&amp#28;3����S"$z.�!�����L^�9&amp#22;��&amp#5;��xJ�Bq�$~&amp#14;��c~_&amp#31;I�i����cH�fp��$�3������>Eђ��&amp#28;/�y�&amp#8;�� �C�� 5Xb�I���E�a��&amp#25;��_&amp#27;,�a2�?x�A �E�&amp#31;�&amp#2;��l&amp#11;��38�2�&amp#19;�L&amp#23;�&amp#22;�&amp#25;T:r�8T&amp#6;�eaF����&amp#6;`���&amp#30;�w!3w&amp#18;R�ץ&amp#31;@��8r_��u	�&amp#1;h�&amp#12;�ʃy�^%&amp#0;2y&amp#0;4]d����:��&amp#15;&amp#6;�&�&amp#0;&amp#5;�
4�.0&amp#2;��&amp#26;�&amp#3;g�&amp#14;��?&amp#8;&amp#2;� &amp#6;,&amp#7;,�&amp#5;i@&amp#8;�@&amp#14;�&amp#8;�A!(&amp#2;�@9�&amp#4;��(8&amp#14;N�fp&amp#6;\&amp#0;W���G`&amp#0;&amp#12;��`&amp#12;|&amp#0;�&amp#16;&amp#4;� 2D�T!-H&amp#31;2��!&amp#26;�
yC�P(&amp#20;&amp#3;�CI&amp#16;&amp#31;&amp#18;C9�&�&amp#16;*�ʡ�P�&amp#19;t&amp#26;�&amp#0;]�z�&amp#7;� 4
��>�(�&amp#4;+�&amp#26;�&amp#1;�&amp#16;��t8&amp#0;&amp#14;���I�J8&amp#27;΃��ep&amp#21;|&amp#12;n�/�7��&amp#0;�&amp#18;&amp#30;G&amp#1;�&amp#20;J	��2G�P�� T,*&amp#17;%D�C&amp#21;�JQU�zT+�&amp#3;u&amp#27;5�z���Ƣ)h*�&amp#28;��CG�Y��u��r�Qt&amp#19;�&amp#18;�6z&amp#16;=���!c�1�&amp#24;'&amp#12;&amp#3;&amp#19;�I�da�1��ØF�e�]�0�&amp#3;&amp#22;�U�&amp#26;b&amp#29;�~�&amp#24;l2vv+v&amp#31;�&amp#1;ۆ��&amp#14;a�q8�*�&amp#20;�&amp#11;�1q&amp#25;�|�&amp#30;�1�y\/n&amp#24;�&amp#17;/���[�}�x>>&amp#23;_��ş����'	�&amp#4;}�&amp#19;!��&�&l'&amp#28;"�&amp#18;n&amp#17;�	�D9�!х&amp#24;NL&n$�&amp#17;뉗���wRRR:R�R!R<�ReR'��JJ}"ɓLH��8����t��Fz@zG&����Xr&amp#6;y&amp#27;��|����Q�"m!͐fK����n��~-C�ї��,�ɖ)�9%sK�,A�@�S�)�N�B��l��&amp#28;E�J.H.Mn�\��5�&amp#17;y�����<[>O�Z���&amp#16;&amp#5;EѥxRX�M�C�˔a&amp#5;���&amp#2;C!Y�P�B�����b��*�
ų�&amp#3;J(%&amp#3;%�R��v��J��>+k(ӕ9�[��{�'T&amp#22;���pT
T&amp#26;T�|V��z����PmV}��V3Q&amp#11;Q�RۯvY��&amp#2;�&amp#5;�&amp#11;X&amp#11;
&amp#22;�\�P&amp#29;V7Q&amp#15;U_�^�ީ>����!�أqQ㕦���f�f��9�Q-���&amp#22;O�D��&amp#11;�"�NM��Q/QǴյ����&amp#7;���'u&amp#12;u"tru&amp#26;t&amp#30;�&amp#18;ui���%��czZz��r���&amp#30;�&amp#19;�i�\���&amp#29;�&amp#19;&amp#6;�&amp#6;Q&amp#6;��F&amp#12;U&amp#12;&amp#25;�نu��Fd#7��FUFw���4�&amp#20;�}��&���	פ��)ljo�3�g�c�1s4�U��������u�&amp#22;J&amp#22;�&amp#22;�&amp#22;�&amp#22;�&amp#23;�-�]�ca��o�v����,&amp#31;Y�[�[�Z�Z��6�fYWX߱!��ج�i�yckj˱�o{ߎb��n�]��W{&amp#7;{�}�����C��^�>�&amp#2;-���v�&amp#17;������''{�&amp#12;��N8�;�8�:�,2\�Ythѐ��&amp#11;��ˀ+�5���뀛�&amp#27;ӭ���;����s�1=�~�����C���1���ֳ�&amp#11;���U���-�&amp#29;�]���G�'ɧ�g���w�o�&amp#31;�/�o�_&amp#31;C��b�0��&amp#29;���_
 &amp#5;�&amp#5;�&amp#7;<4	&amp#20;&amp#6;�.�&amp#23;�/޹���&amp#18;��� &amp#16;�&amp#8;�&amp#25;�8�0xe�/!ؐ����g�V�9�&amp#29;a��&amp#21;a�a&amp#31;�=·�?�0�&amp#16;G�G�D�E�DNDyE&amp#21;GD/�^&amp#27;}#F-�&amp#23;�&amp#18;����=&amp#28;;��{鮥�qvq�q��&amp#25;.[���r���Ϯ�Y�\q*&amp#30;&amp#19;&amp#31;&amp#21;_&amp#27;��&amp#25;Ĭb�'0&amp#18;�&��<Y�Y/���&amp#18;�(ǅS�y��X�8�䒴3i���-��y��yo���+�'R�R��L�F�6�����N���)�K���{&amp#4;��|��J���V�	&amp#3;��E�h��%C&amp#1;i�:�F��ă���&amp#21;�&amp#31;�"�N��[�_չ�d���ϳ}�\�^�ZӞ���1gp-}��uк�u��u��&amp#31;����F�Ɣ�7s-s�s�o��Ԛ���!o�;������}��7W~����}�&amp#22;�-{�|+`&amp#23;\/�,,-������&amp#15;V?��0�-q[�v�����E��{;�v&amp#28;-�+�.&amp#30;ڹxgS	������&amp#21;���ږV�&�&amp#22;�&amp#30;(&amp#11;,k٣��hϗrn��
�����{�����׻�}}�Fea��&amp#3;�&amp#3;�&amp#15;�&amp#30;l�2�*��VgV?;&amp#20;y��Gڏ5��&amp#14;&amp#23;&amp#30;�z�d�h��K5&amp#14;55�����:q�豸c�ǽ��ԛ�&amp#31;lPj(<&amp#1;N�O��)��{'&amp#3;N������Y�罍�Ƃ&�iu�X3�y�%������V���_,~9rF�L�Yų��&amp#17;�坛:�}~�M���B҅��&amp#21;�.F_�s)�R���W��\��A�8���kN�N_�]o�a��Ӯ�����.���[&amp#14;�Z�&amp#29;�[{&amp#22;���u�p����;�;7�.��s/����������#&amp#15;R&amp#31;�y��p�ц~L�c�ǥOԟT�j�kÀ���A��ΧaO&amp#31;��^�&���p�3���Z�kF�GΌ��v�X�b��������~���������9&amp#22;=6�F�f���w��}�>&amp#30;<��Cڇɉ���&amp#31;�~�}��&amp#28;���d�&amp#23;ܗ���_[�&amp#5;|�J��&amp#18;0�̙V&amp#0;�&amp#12;81&amp#17;��G��8&amp#6;&amp#0;
җ&amp#19;����3&amp#2;;&amp#7;f&amp#8;�'��g�&amp#30;��>&amp#0;��&amp#0;&amp#16;x&amp#19;�=�H;���A�&amp#4;�dD�&amp#8;`&amp#27;&amp#27;����&amp#18;m�g}���&amp#15;�dj�&amp#29;�&amp#3;�v&amp#2;�hjj�jj�k5&amp#18;l?&amp#0;m�ٞ~Z4��E&amp#22;&amp#14;���&amp#15;�je�&amp#31;2���%��`:&amp#2;[���O��&amp#26;��5\d&amp#0;&amp#0;&amp#0;8eXIfMM&amp#0;*&amp#0;&amp#0;&amp#0;&amp#8;&amp#0;&amp#1;�i&amp#0;&amp#4;&amp#0;&amp#0;&amp#0;&amp#1;&amp#0;&amp#0;&amp#0;&amp#26;&amp#0;&amp#0;&amp#0;&amp#0;&amp#0;&amp#2;�&amp#2;&amp#0;&amp#4;&amp#0;&amp#0;&amp#0;&amp#1;&amp#0;&amp#0;
z�&amp#3;&amp#0;&amp#4;&amp#0;&amp#0;&amp#0;&amp#1;&amp#0;&amp#0;&amp#7;^&amp#0;&amp#0;&amp#0;&amp#0;�&amp#23;Ȁ&amp#0;&amp#0;@&amp#0;IDATx&amp#1;��y�]ey(�uN�y&amp#14;$��$�D� �&amp#19;�8ϕ���R�D�8Tk��������V��V��j����jUp�"&amp#14;&amp#21;&amp#5;	��)&amp#16;H&amp#2;!�<&amp#15;���Â�f&amp#15;k�����&amp#12;��>!���wx��:9���}�z{{&amp#19;&amp#23;&amp#1;&amp#2;&amp#4;&amp#8;&amp#16; @�&amp#0;&amp#1;&amp#2;&amp#4;&amp#8;&amp#16; @�&amp#0;&amp#1;&amp#2;&amp#4;&amp#8;&amp#16; @�&amp#0;&amp#1;&amp#2;&amp#4;&amp#8;&amp#16; P�@w=��%@�&amp#0;&amp#1;&amp#2;&amp#4;&amp#8;&amp#16; @�&amp#0;&amp#1;&amp#2;&amp#4;&amp#8;&amp#16; @�&amp#0;&amp#1;&amp#2;&amp#4;&amp#8;&amp#16; @�&amp#0;&amp#1;&amp#2;&amp#4;�&amp#4;���&amp#28;&amp#16; @�&amp#0;&amp#1;&amp#2;&amp#4;&amp#8;&amp#16; @�&amp#0;&amp#1;&amp#2;&amp#4;&amp#8;&amp#16; @�&amp#0;&amp#1;&amp#2;&amp#4;&amp#8;&amp#16; @�&amp#0;��&amp#4;zzz����ꪯ��&amp#4;&amp#8;&amp#16; @�&amp#0;&amp#1;&amp#2;&amp#4;&amp#8;&amp#16; @�&amp#0;&amp#1;&amp#2;&amp#4;&amp#8;&amp#16; @�&amp#0;&amp#1;&amp#2;&amp#4;&amp#8;&amp#16; @��&amp#5;�����?&amp#0;fO�&amp#0;&amp#1;&amp#2;&amp#4;&amp#8;&amp#16; @�&amp#0;&amp#1;&amp#2;&amp#4;&amp#8;&amp#16; @�&amp#0;&amp#1;&amp#2;&amp#4;&amp#8;&amp#16; @�&amp#0;&amp#1;&amp#2;u&amp#11;D��K��n6&amp#8;&amp#16; @�&amp#0;&amp#1;&amp#2;&amp#4;&amp#8;&amp#16; @�&amp#0;&amp#1;&amp#2;&amp#4;&amp#8;&amp#16; @�&amp#0;&amp#1;&amp#2;&amp#4;&amp#8;&amp#16; @��&amp#5;"������&amp#17;0{&amp#2;&amp#4;&amp#8;&amp#16; @�&amp#0;&amp#1;&amp#2;&amp#4;&amp#8;&amp#16; @�&amp#0;&amp#1;&amp#2;&amp#4;&amp#8;&amp#16; @�&amp#0;&amp#1;&amp#2;&amp#4;&amp#8;&amp#16;�_�/�&amp#30;g���P&amp#11;&amp#2;&amp#4;&amp#8;&amp#16; @�&amp#0;&amp#1;&amp#2;&amp#4;&amp#8;&amp#16; @�&amp#0;&amp#1;&amp#2;&amp#4;&amp#8;&amp#16; @�&amp#0;&amp#1;&amp#2;&amp#4;&amp#8;&amp#16; й&amp#2;���6����o�&amp#4;&amp#8;&amp#16; @�&amp#0;&amp#1;&amp#2;&amp#4;&amp#8;&amp#16; @�&amp#0;&amp#1;&amp#2;&amp#4;&amp#8;&amp#16; @�&amp#0;&amp#1;&amp#2;&amp#4;&amp#8;&amp#16; а@���&amp#27;�Ӑ&amp#0;&amp#1;&amp#2;&amp#4;&amp#8;&amp#16; @�&amp#0;&amp#1;&amp#2;&amp#4;&amp#8;&amp#16; @�&amp#0;&amp#1;&amp#2;&amp#4;&amp#8;&amp#16; @�&amp#0;&amp#1;&amp#2;&amp#4;:V����}�&N�&amp#0;&amp#1;&amp#2;&amp#4;&amp#8;&amp#16; @�&amp#0;&amp#1;&amp#2;&amp#4;&amp#8;&amp#16; @�&amp#0;&amp#1;&amp#2;&amp#4;&amp#8;&amp#16; @�&amp#0;&amp#1;&amp#2;�&amp#11;t7�TK&amp#2;&amp#4;&amp#8;&amp#16; @�&amp#0;&amp#1;&amp#2;&amp#4;&amp#8;&amp#16; @�&amp#0;&amp#1;&amp#2;&amp#4;&amp#8;&amp#16; @�&amp#0;&amp#1;&amp#2;&amp#4;&amp#8;&amp#16; Б&amp#2;��|wOOOG�ݤ	&amp#16; @�&amp#0;&amp#1;&amp#2;&amp#4;&amp#8;&amp#16; @�&amp#0;&amp#1;&amp#2;&amp#4;&amp#8;&amp#16; @�&amp#0;&amp#1;&amp#2;&amp#4;&amp#8;&amp#16; @�@�&amp#2;]q9��A<�&amp#8;&amp#16; @�&amp#0;&amp#1;&amp#2;&amp#4;&amp#8;&amp#16; @�&amp#0;&amp#1;&amp#2;&amp#4;&amp#8;&amp#16; @�&amp#0;&amp#1;&amp#2;&amp#4;&amp#8;&amp#16; @��&amp#5;l&��/��	&amp#16; @�&amp#0;&amp#1;&amp#2;&amp#4;&amp#8;&amp#16; @�&amp#0;&amp#1;&amp#2;&amp#4;&amp#8;&amp#16; @�&amp#0;&amp#1;&amp#2;&amp#4;&amp#8;&amp#16; @�!����&amp#27;j�&amp#17;&amp#1;&amp#2;&amp#4;&amp#8;&amp#16; @�&amp#0;&amp#1;&amp#2;&amp#4;&amp#8;&amp#16; @�&amp#0;&amp#1;&amp#2;&amp#4;&amp#8;&amp#16; @�&amp#0;&amp#1;&amp#2;&amp#4;&amp#8;&amp#16;�\�H��L�s_��&amp#19; @�&amp#0;&amp#1;&amp#2;&amp#4;&amp#8;&amp#16; @�&amp#0;&amp#1;&amp#2;&amp#4;&amp#8;&amp#16; @�&amp#0;&amp#1;&amp#2;&amp#4;&amp#8;&amp#16; @�@�&amp#2;V�7L�!&amp#1;&amp#2;&amp#4;&amp#8;&amp#16; @�&amp#0;&amp#1;&amp#2;&amp#4;&amp#8;&amp#16; @�&amp#0;&amp#1;&amp#2;&amp#4;&amp#8;&amp#16; @�&amp#0;&amp#1;&amp#2;&amp#4;&amp#8;t�@�f��_��޴	&amp#16; @�&amp#0;&amp#1;&amp#2;&amp#4;&amp#8;&amp#16; @�&amp#0;&amp#1;&amp#2;&amp#4;&amp#8;&amp#16; @�&amp#0;&amp#1;&amp#2;&amp#4;&amp#8;&amp#16; @�@�&amp#2;6�oTN;&amp#2;&amp#4;&amp#8;&amp#16; @�&amp#0;&amp#1;&amp#2;&amp#4;&amp#8;&amp#16; @�&amp#0;&amp#1;&amp#2;&amp#4;&amp#8;&amp#16; @�&amp#0;&amp#1;&amp#2;&amp#4;&amp#8;&amp#16;�`&amp#1;��w��7u&amp#2;&amp#4;&amp#8;&amp#16; @�&amp#0;&amp#1;&amp#2;&amp#4;&amp#8;&amp#16; @�&amp#0;&amp#1;&amp#2;&amp#4;&amp#8;&amp#16; @�&amp#0;&amp#1;&amp#2;&amp#4;&amp#8;&amp#16;hT@��Q9�&amp#8;&amp#16; @�&amp#0;&amp#1;&amp#2;&amp#4;&amp#8;&amp#16; @�&amp#0;&amp#1;&amp#2;&amp#4;&amp#8;&amp#16; @�&amp#0;&amp#1;&amp#2;&amp#4;&amp#8;&amp#16; @��&amp#5;��;��:&amp#1;&amp#2;&amp#4;&amp#8;&amp#16; @�&amp#0;&amp#1;&amp#2;&amp#4;&amp#8;&amp#16; @�&amp#0;&amp#1;&amp#2;&amp#4;&amp#8;&amp#16; @�&amp#0;&amp#1;&amp#2;&amp#4;&amp#8;4$���+�ސ�F&amp#4;&amp#8;&amp#16; @�&amp#0;&amp#1;&amp#2;&amp#4;&amp#8;&amp#16; @�&amp#0;&amp#1;&amp#2;&amp#4;&amp#8;&amp#16; @�&amp#0;&amp#1;&amp#2;&amp#4;&amp#8;&amp#16; ��&amp#2;�n��:X��	&amp#16; @�&amp#0;&amp#1;&amp#2;&amp#4;&amp#8;&amp#16; @�&amp#0;&amp#1;&amp#2;&amp#4;&amp#8;&amp#16; @�&amp#0;&amp#1;&amp#2;&amp#4;&amp#8;&amp#16; @�@#&amp#2;V�7��&amp#1;&amp#2;&amp#4;&amp#8;&amp#16; @�&amp#0;&amp#1;&amp#2;&amp#4;&amp#8;&amp#16; @�&amp#0;&amp#1;&amp#2;&amp#4;&amp#8;&amp#16; @�&amp#0;&amp#1;&amp#2;&amp#4;&amp#8;t��t{��&amp#0;�>&amp#1;&amp#2;&amp#4;&amp#8;&amp#16; @�&amp#0;&amp#1;&amp#2;&amp#4;&amp#8;&amp#16; @�&amp#0;&amp#1;&amp#2;&amp#4;&amp#8;&amp#16; @�&amp#0;&amp#1;&amp#2;&amp#4;&amp#8;4" �ވ�6&amp#4;&amp#8;&amp#16; @�&amp#0;&amp#1;&amp#2;&amp#4;&amp#8;&amp#16; @�&amp#0;&amp#1;&amp#2;&amp#4;&amp#8;&amp#16; @�&amp#0;&amp#1;&amp#2;&amp#4;&amp#8;&amp#16; ��&amp#2;===�n��&amp#31;&amp#0;s'@�&amp#0;&amp#1;&amp#2;&amp#4;&amp#8;&amp#16; @�&amp#0;&amp#1;&amp#2;&amp#4;&amp#8;&amp#16; @�&amp#0;&amp#1;&amp#2;&amp#4;&amp#8;&amp#16; @�&amp#0;�&amp#6;&amp#5;�no&amp#16;N3&amp#2;&amp#4;&amp#8;&amp#16; @�&amp#0;&amp#1;&amp#2;&amp#4;&amp#8;&amp#16; @�&amp#0;&amp#1;&amp#2;&amp#4;&amp#8;&amp#16; @�&amp#0;&amp#1;&amp#2;&amp#4;&amp#8;&amp#16;�d&amp#1;��N~��N�&amp#0;&amp#1;&amp#2;&amp#4;&amp#8;&amp#16; @�&amp#0;&amp#1;&amp#2;&amp#4;&amp#8;&amp#16; @�&amp#0;&amp#1;&amp#2;&amp#4;&amp#8;&amp#16; @�&amp#0;&amp#1;&amp#2;
				H�7&amp#8;�&amp#25;&amp#1;&amp#2;&amp#4;&amp#8;&amp#16; @�&amp#0;&amp#1;&amp#2;&amp#4;&amp#8;&amp#16; @�&amp#0;&amp#1;&amp#2;&amp#4;&amp#8;&amp#16; @�&amp#0;&amp#1;&amp#2;&amp#4;&amp#8;t�@oo���;��8&amp#1;&amp#2;&amp#4;&amp#8;&amp#16; @�&amp#0;&amp#1;&amp#2;&amp#4;&amp#8;&amp#16; @�&amp#0;&amp#1;&amp#2;&amp#4;&amp#8;&amp#16; @�&amp#0;&amp#1;&amp#2;&amp#4;&amp#8;4.`u{�vZ&amp#18; @�&amp#0;&amp#1;&amp#2;&amp#4;&amp#8;&amp#16; @�&amp#0;&amp#1;&amp#2;&amp#4;&amp#8;&amp#16; @�&amp#0;&amp#1;&amp#2;&amp#4;&amp#8;&amp#16; @�@�
H�w�7q&amp#2;&amp#4;&amp#8;&amp#16; @�&amp#0;&amp#1;&amp#2;&amp#4;&amp#8;&amp#16; @�&amp#0;&amp#1;&amp#2;&amp#4;&amp#8;&amp#16; @�&amp#0;&amp#1;&amp#2;&amp#4;&amp#8;&amp#16;hP�����￮�&amp#6;;Ќ&amp#0;&amp#1;&amp#2;&amp#4;&amp#8;&amp#16; @�&amp#0;&amp#1;&amp#2;&amp#4;&amp#8;&amp#16; @�&amp#0;&amp#1;&amp#2;&amp#4;&amp#8;&amp#16; @�&amp#0;&amp#1;&amp#2;&amp#4;&amp#8;t�@w��ޑ&amp#19;7i&amp#2;&amp#4;&amp#8;&amp#16; @�&amp#0;&amp#1;&amp#2;&amp#4;&amp#8;&amp#16; @�&amp#0;&amp#1;&amp#2;&amp#4;&amp#8;&amp#16; @�&amp#0;&amp#1;&amp#2;&amp#4;&amp#8;&amp#16; Р@�ڻ��&amp#27;�ӌ&amp#0;&amp#1;&amp#2;&amp#4;&amp#8;&amp#16; @�&amp#0;&amp#1;&amp#2;&amp#4;&amp#8;&amp#16; @�&amp#0;&amp#1;&amp#2;&amp#4;&amp#8;&amp#16; @�&amp#0;&amp#1;&amp#2;&amp#4;:U R��n�ԗo�&amp#4;&amp#8;&amp#16; @�&amp#0;&amp#1;&amp#2;&amp#4;&amp#8;&amp#16; @�&amp#0;&amp#1;&amp#2;&amp#4;&amp#8;&amp#16; @�&amp#0;&amp#1;&amp#2;&amp#4;&amp#8;&amp#16; Ш@_�=�no��v&amp#4;&amp#8;&amp#16; @�&amp#0;&amp#1;&amp#2;&amp#4;&amp#8;&amp#16; @�&amp#0;&amp#1;&amp#2;&amp#4;&amp#8;&amp#16; @�&amp#0;&amp#1;&amp#2;&amp#4;&amp#8;&amp#16; @�&amp#19;&amp#5;���m&?�/���� n��ws�&amp#3;�����&amp#20;";o��sg�-|l�f�ۣՍ�|��6-������便ӛ�$��o&amp#2;&amp#4;&amp#8;&amp#16; @�&amp#0;&amp#1;&amp#2;&amp#4;&amp#8;&amp#16; @�&amp#0;&amp#1;&amp#2;&amp#4;&amp#8;&amp#16; @�&amp#0;&amp#1;&amp#2;&amp#4;&amp#8;&amp#16;�(�&amp#21;�ۻ��*>S�R�Ȳ_u��B���X�qOs�W�6�f�B���&amp#20;{!�����.����9��F�&amp#0;&amp#1;&amp#2;&amp#4;&amp#8;&amp#16; @�&amp#0;&amp#1;&amp#2;&amp#4;&amp#8;&amp#16; @�&amp#0;&amp#1;&amp#2;&amp#4;&amp#8;&amp#16; @�&amp#0;��&amp#18;���ݯ��,{���qڔ�%�\_���?�/j��C�By��P�&amp#17; @�&amp#0;&amp#1;&amp#2;&amp#4;&amp#8;&amp#16; @�&amp#0;&amp#1;&amp#2;&amp#4;&amp#8;&amp#16; @�&amp#0;&amp#1;&amp#2;&amp#4;&amp#8;&amp#16; �i&amp#2;���{�W����&amp#21;;�;^�݋&amp#23;�����]�^3$I��D*&amp#16; @�&amp#0;&amp#1;&amp#2;&amp#4;&amp#8;&amp#16; @�&amp#0;&amp#1;&amp#2;&amp#4;&amp#8;&amp#16; @�&amp#0;&amp#1;&amp#2;&amp#4;&amp#8;&amp#16; �Q&amp#2;���]G�&amp#28;�#�;j��lSV�W&amp#11;;2��(��7��b��V���t��|�&amp#25;�@�&amp#0;&amp#1;&amp#2;&amp#4;&amp#8;&amp#16; @�&amp#0;&amp#1;&amp#2;&amp#4;&amp#8;&amp#16; @�&amp#0;&amp#1;&amp#2;&amp#4;&amp#8;&amp#16; @���&amp#16;����ﱥ��B�&amp#11;&��7��SF�\(iݍ�{�l�L�&amp#0;&amp#1;&amp#2;&amp#4;&amp#8;&amp#16; @�&amp#0;&amp#1;&amp#2;&amp#4;&amp#8;&amp#16; @�&amp#0;&amp#1;&amp#2;&amp#4;&amp#8;&amp#16; @��&amp#16;&amp#18;�no��j�����.�z�w&amp#30;�Z�_0k�3&amp#14;N꽯�NsKdܛ�7&amp#2;&amp#4;&amp#8;&amp#16; @�&amp#0;&amp#1;&amp#2;&amp#4;&amp#8;&amp#16; @�&amp#0;&amp#1;&amp#2;&amp#4;&amp#8;&amp#16; @�&amp#0;&amp#1;&amp#2;&amp#4;��@�f��ߐ�{H&amp#4;ܞ\�ı��uˊb�7-:����M9��c/����vO�&amp#0;&amp#1;&amp#2;&amp#4;&amp#8;&amp#16; @�&amp#0;&amp#1;&amp#2;&amp#4;&amp#8;&amp#16; @�&amp#0;&amp#1;&amp#2;&amp#4;&amp#8;&amp#16; @�&amp#0;�&amp#14;&amp#17;���noɻ~Ï6�6�-麨��\{��=&amp#25;�&amp#24;�2����&amp#0;&amp#1;&amp#2;&amp#4;&amp#8;&amp#16; @�&amp#0;&amp#1;&amp#2;&amp#4;&amp#8;&amp#16; @�&amp#0;&amp#1;&amp#2;&amp#4;&amp#8;&amp#16; @�&amp#0;��&amp#18;�no���,{�ڛ�i����Ӻ2�̔&amp#17; @�&amp#0;&amp#1;&amp#2;&amp#4;&amp#8;&amp#16; @�&amp#0;&amp#1;&amp#2;&amp#4;&amp#8;&amp#16; @�&amp#0;&amp#1;&amp#2;&amp#4;&amp#8;&amp#16; @�9&amp#2;��|���c�d/�!�&amp#30;�|a���&amp#28;:�ɠZ��7����&amp#29;��p&amp#0;]&amp#19; @�&amp#0;&amp#1;&amp#2;&amp#4;&amp#8;&amp#16; @�&amp#0;&amp#1;&amp#2;&amp#4;&amp#8;&amp#16; @�&amp#0;&amp#1;&amp#2;&amp#4;&amp#8;&amp#16; @`P
X����Ҟ=�{G|j��{"�3G͋��&amp#30;&amp#24;]<��c&amp#14;��۷�J&�j�&amp#26;�מ�q�&amp#23;�&amp#5;�&amp#4;&amp#8;&amp#16; @�&amp#0;&amp#1;&amp#2;&amp#4;&amp#8;&amp#16; @�&amp#0;&amp#1;&amp#2;&amp#4;&amp#8;&amp#16; @�&amp#0;&amp#1;&amp#2;&amp#4;&amp#8;&amp#12;{&amp#1;�����Vl�Ԋ&amp#29;M뮬��#v�ٿ�w�ϯ��e&amp#15;�&amp#22;���.Z8e��=�F=X�R�&amp#31;D�=2���F&amp#7;&amp#4;&amp#8;&amp#16; @�&amp#0;&amp#1;&amp#2;&amp#4;&amp#8;&amp#16; @�&amp#0;&amp#1;&amp#2;&amp#4;&amp#8;&amp#16; @�&amp#0;&amp#1;&amp#2;&amp#4;&amp#8;&amp#16;&amp#24;2&amp#2;���yU�˵G�}׺�L��k׿���_�ﺳ��c�t��qV�&amp#28;�~gs���^dܟ��&amp#19;&amp#1;&amp#2;&amp#4;&amp#8;&amp#16; @�&amp#0;&amp#1;&amp#2;&amp#4;&amp#8;&amp#16; @�&amp#0;&amp#1;&amp#2;&amp#4;&amp#8;&amp#16; @�&amp#0;&amp#1;&amp#2;�\`�0�_[�ע\�ɇ&amp#30;ټu�O׮/LbՆ�&amp#20;����\���&amp#15;�WԿ���V�woz�=Np�?����^�$@�&amp#0;&amp#1;&amp#2;&amp#4;&amp#8;&amp#16; @�&amp#0;&amp#1;&amp#2;&amp#4;&amp#8;&amp#16; @�&amp#0;&amp#1;&amp#2;&amp#4;&amp#8;&amp#16; @`�
���Z�ބ���#��M�pǊ��Ο���{�]R���e�-��V���&amp#21;I��]���!�F�&amp#0;&amp#1;&amp#2;&amp#4;&amp#8;&amp#16; @�&amp#0;&amp#1;&amp#2;&amp#4;&amp#8;&amp#16; @�&amp#0;&amp#1;&amp#2;&amp#4;&amp#8;&amp#16; @�&amp#0;��+���#�����ܥ��<�&amp#30;!6��|��
[�&amp#23;&amp#23;�}s��&amp#23;λ<��&amp#12;�#&amp#1;&amp#2;&amp#4;&amp#8;&amp#16; @�&amp#0;&amp#1;&amp#2;&amp#4;&amp#8;&amp#16; @�&amp#0;&amp#1;&amp#2;&amp#4;&amp#8;&amp#16; @�&amp#0;&amp#1;&amp#2;&amp#4;��@��R�g��&amp#21;;�2b,j��ᎊ�����{���(��N��C�0���E�&amp#14;-�����&amp#27;�~��&�&amp#19; @�&amp#0;&amp#1;&amp#2;&amp#4;&amp#8;&amp#16; @�&amp#0;&amp#1;&amp#2;&amp#4;&amp#8;&amp#16; @�&amp#0;&amp#1;&amp#2;&amp#4;&amp#8;&amp#16; @`(
H������~��q,j��M?����'���oϑ�&amp#30;ڼ�����kV,����GW����&amp#31;��r>�Z�j�2��d�&amp#19; @�&amp#0;&amp#1;&amp#2;&amp#4;&amp#8;&amp#16; @�&amp#0;&amp#1;&amp#2;&amp#4;&amp#8;&amp#16; @�&amp#0;&amp#1;&amp#2;&amp#4;&amp#8;&amp#16; 0�&amp#4;����6���={Q{&amp#26;�܉&amp#15;�+�'&amp#27;W[��>O��?Y����t��&amp#29;�7�^K&amp#2;&amp#4;&amp#8;&amp#16; @�&amp#0;&amp#1;&amp#2;&amp#4;&amp#8;&amp#16; @�&amp#0;&amp#1;&amp#2;&amp#4;&amp#8;&amp#16; @�&amp#0;&amp#1;&amp#2;&amp#4;&amp#8;&amp#12;z�8�]�������k�XԞF֔��iW&amp#25;&amp#11;��
����&amp#27;�4kc��e�$@�&amp#0;&amp#1;&amp#2;&amp#4;&amp#8;&amp#16; @�&amp#0;&amp#1;&amp#2;&amp#4;&amp#8;&amp#16; @�&amp#0;&amp#1;&amp#2;&amp#4;&amp#8;&amp#16; @���&amp#22;�kpG8��Ks�5g�[�T�N�
&amp#27;�g׬����o|�5GQ�&amp#0;&amp#1;&amp#2;&amp#4;&amp#8;&amp#16; @�&amp#0;&amp#1;&amp#2;&amp#4;&amp#8;&amp#16; @�&amp#0;&amp#1;&amp#2;&amp#4;&amp#8;&amp#16; @�&amp#0;&amp#1;&amp#2;CZ@����ן������}��&amp#31;䩖�Ω&amp#11;��S36���Q�6�σ�&amp#14;&amp#1;&amp#2;&amp#4;&amp#8;&amp#16; @�&amp#0;&amp#1;&amp#2;&amp#4;&amp#8;&amp#16; @�&amp#0;&amp#1;&amp#2;&amp#4;&amp#8;&amp#16; @�&amp#0;&amp#1;&amp#2;CZ@����ן��#���;V�&amp#28;���w嬙��g~v]�jQ'2���U^�=��j&amp#4;&amp#8;&amp#16; @�&amp#0;&amp#1;&amp#2;&amp#4;&amp#8;&amp#16; @�&amp#0;&amp#1;&amp#2;&amp#4;&amp#8;&amp#16; @�&amp#0;&amp#1;&amp#2;&amp#4;&amp#8;&amp#12;E���^��v���C>���gMnz|�-��g�*�p��~�9�U#@�&amp#0;&amp#1;&amp#2;&amp#4;&amp#8;&amp#16; @�&amp#0;&amp#1;&amp#2;&amp#4;&amp#8;&amp#16; @�&amp#0;&amp#1;&amp#2;&amp#4;&amp#8;&amp#16; @`(
tuuI�7��&amp#26;�I��7�,��7ܛw1z�>&amp#31;ޱ+�u&amp#15;��\\���b�&amp#4;&amp#8;&amp#16; @�&amp#0;&amp#1;&amp#2;&amp#4;&amp#8;&amp#16; @�&amp#0;&amp#1;&amp#2;&amp#4;&amp#8;&amp#16; @�&amp#0;&amp#1;&amp#2;&amp#4;&amp#8;&amp#12;?���oJ�yF37��H=�M&amp#25;7�Z��N8�9'�&amp#29;O�sb�߅����&amp#26;�?^y�V�ݔ_{�'$=�ŕK&amp#30;|t���i'���X)&amp#1;&amp#2;&amp#4;&amp#8;&amp#16; @�&amp#0;&amp#1;&amp#2;&amp#4;&amp#8;&amp#16; @�&amp#0;&amp#1;&amp#2;&amp#4;&amp#8;&amp#16; @�&amp#0;&amp#1;&amp#2;&amp#4;:R���gdl(&amp#31;��;r��O���&amp#27;h�wd���u5�:vtI�&amp#15;���Q���]�4|�<2�����W˻&amp#23;�e�D����g&amp#29;�~gv���}ޔ3��[T�|���}�s�_q�&amp#21;K�.-/obI�^�lYy���(X"��~�%�*/o���(�F[���sNy����W_]^��&amp#0;&amp#1;&amp#2;&amp#4;&amp#8;&amp#16; @�&amp#0;&amp#1;&amp#2;&amp#4;&amp#8;&amp#16; @�&amp#0;&amp#1;&amp#2;&amp#4;&amp#8;&amp#16; @�@&amp#19;&amp#5;����ۛ��Uߑ�ȪQ�Yq�<&amp#18;�&amp#25;Y�J��H�_���ģ?�����ϧu~����sGU�_��;n{�3O�7��j&amp#21;&amp#6;IyŤr&amp#20;�:�&amp#30;ӯ8t�Y*v[~\��Da�4&amp#5;'r�q�&amp#15;��4e���3FL�V�D	&amp#1;&amp#2;&amp#4;&amp#8;&amp#16; @�&amp#0;&amp#1;&amp#2;&amp#4;&amp#8;&amp#16; @�&amp#0;&amp#1;&amp#2;&amp#4;&amp#8;&amp#16; @�&amp#0;�f	���ȸ;��nϛ6ս�}׺�sՑh���/�͵&amp#23;�*�����������&amp#31;�&amp#8;5�/P-c]o$���q�կ���j��&amp#19; @�&amp#0;&amp#1;&amp#2;&amp#4;&amp#8;&amp#16; @�&amp#0;&amp#1;&amp#2;&amp#4;&amp#8;&amp#16; @�&amp#0;&amp#1;&amp#2;&amp#4;&amp#8;&amp#16;hL@��1��Z�6�׹�|&amp#12;p�Q���&amp#31;��3�I�&amp#23;&amp#7;&amp#26;�Do����&amp#5;g&amp#21;�繏-�Gl==O�B��;o/ܻ&amp#25;�&amp#2;������=4��&amp#29;�����,4!@�&amp#0;&amp#1;&amp#2;&amp#4;&amp#8;&amp#16; @�&amp#0;&amp#1;&amp#2;&amp#4;&amp#8;&amp#16; @�&amp#0;&amp#1;&amp#2;&amp#4;&amp#8;&amp#16;&amp#24;�&amp#2;}������;��&amp#18;�&amp#15;�{&amp#27;���+N??��&amp#23;�����Fo�q?u~#G�ǖ�u&amp#5; �^&amp#23;�@U��tւG��&amp#31;|͘kVh�F$@�&amp#0;&amp#1;&amp#2;&amp#4;&amp#8;&amp#16; @�&amp#0;&amp#1;&amp#2;&amp#4;&amp#8;&amp#16; @�&amp#0;&amp#1;&amp#2;&amp#4;&amp#8;&amp#16;&amp#24;N&amp#2;};��5��Ԟ�ܼ�@��bi{�ʅ�|��?�ti�cso^��7��Y��@�u-p�7���~&amp#3;Qi�O�����Ӷ?a�&amp#28;�f����-&amp#1;&amp#2;&amp#4;&amp#8;&amp#16; @�&amp#0;&amp#1;&amp#2;&amp#4;&amp#8;&amp#16; @�&amp#0;&amp#1;&amp#2;&amp#4;&amp#8;&amp#16; @�&amp#0;�&amp#16;�&amp#21;� Z*���������6�q�w�{Kau�,�X&amp#8;��Z��Ji�&amp#25;��I5KU?&amp#4;&amp#8;&amp#16; @�&amp#0;&amp#1;&amp#2;&amp#4;&amp#8;&amp#16; @�&amp#0;&amp#1;&amp#2;&amp#4;&amp#8;&amp#16; @�&amp#0;&amp#1;&amp#2;�^����k�O��&amp#19;<w֘�}6�����4�4�h켜sI��;����*&amp#15;	�e˖�&amp#27;g����6O���欖gDu&amp#8;&amp#16; @�&amp#0;&amp#1;&amp#2;&amp#4;&amp#8;&amp#16; @�&amp#0;&amp#1;&amp#2;&amp#4;&amp#8;&amp#16; @�&amp#0;&amp#1;&amp#2;&amp#4;&amp#8;�&amp#11;�,/R�D��K�/<��1�6&amp#31;��p:�q����+�&amp#24;@vW�q_���M�sMZm�IK�̞&amp#17;�wt=T�ẇz��X��!,&amp#16;&amp#25;����:�&amp#4;&amp#6;*���t��ҥ�:�!���&amp#4;&amp#8;&amp#16; @�&amp#0;&amp#1;&amp#2;&amp#4;&amp#8;&amp#16; @�&amp#0;&amp#1;&amp#2;&amp#4;&amp#8;&amp#16; @�&amp#0;&amp#1;&amp#2;�O 6�����&amp#25;~&amp#19;k��Λ56�&amp#16;Ֆ�G�=��zڍg�z�����o�Z����ｸ�E�y"ɨ�7���t�}w=��&amp#31;ǟ	?YsF���SxT�y�ѕ9&amp#23;�;���6$n��}=r�Q@�Uq�+���%����&amp#1;��A	&amp#16; @�&amp#0;&amp#1;&amp#2;&amp#4;&amp#8;&amp#16; @�&amp#0;&amp#1;&amp#2;&amp#4;&amp#8;&amp#16; @�&amp#0;&amp#1;&amp#2;&amp#4;��@l$�&amp#29;�Н���<ͲG�=�D~�$�7�䊳Nl�JܓN�����{!��{�0��&amp#5;�%%&amp#21;?Λrf�r��V r:��N�Z�?��&amp#21;W�W��77$�&amp#17; @�&amp#0;&amp#1;&amp#2;&amp#4;&amp#8;&amp#16; @�&amp#0;&amp#1;&amp#2;&amp#4;&amp#8;&amp#16; @�&amp#0;&amp#1;&amp#2;&amp#4;&amp#8;t��\{#���ٹV�&amp#23;�$_H��g�&amp#11;&amp#17;��Kڽ�=&amp#29;�&amp#21;oxO!���b��GJ��@$������i�L����&amp#2;w&amp#25;�v�&amp#11;c&amp#17; @�&amp#0;&amp#1;&amp#2;&amp#4;&amp#8;&amp#16; @�&amp#0;&amp#1;&amp#2;&amp#4;&amp#8;&amp#16; @�&amp#0;&amp#1;&amp#2;&amp#4;:G�o3�ΙmsgZ3�p��t�<���&amp#25;Kۛ&amp#27;a]�U\�^�Cq�=�~�&amp#23;���j��&amp#11;S�
q&amp#21;>��&c�X�^q�{F�6&amp#7;o8&amp#2;&amp#4;&amp#8;&amp#16; @�&amp#0;&amp#1;&amp#2;&amp#4;&amp#8;&amp#16; @�&amp#0;&amp#1;&amp#2;&amp#4;&amp#8;&amp#16; @�&amp#0;��$ ��·9f�����c�U�7�|��ZڞF����&amp#16;m$�O�0��1����&amp#25;8��Q��tĖ��������&N���1��Ѕ��Acu�&amp#5;�� �	&amp#16; @�&amp#0;&amp#1;&amp#2;&amp#4;&amp#8;&amp#16; @�&amp#0;&amp#1;&amp#2;&amp#4;&amp#8;&amp#16; @�&amp#0;�<&amp#2;{&amp#14;&amp#30;��ݛ>���{�����k��_�cI���g�ߟ|��&amp#15;��&amp#15;��&amp#8;/b�?�&amp#14;&amp#28;&amp#30;�&amp#0;:mP&amp#7;�7�Ư<uJv�)&amp#7;V�zڍ+��Vv����.mOc8�������&�d���5�E�nσ9�u����&amp#1;Dr�bb;*W+�<w�Tw��&amp#27;.�8z��j�!�ذ�04$@�&amp#0;&amp#1;&amp#2;&amp#4;&amp#8;&amp#16; @�&amp#0;&amp#1;&amp#2;&amp#4;&amp#8;&amp#16; @�&amp#0;&amp#1;&amp#2;&amp#4;�����O��9&amp#31;���?s����]&amp#31;���&amp#31;��ʸ���/?�O���o�����ݦW<���]W^��Б�'�&amp#6;��wϦ�9�ܳ��}�&amp#7;,��&amp#24;�ou{��&amp#25;�m�,�7�դ&amp#31;<x��3�i/���&amp#19;�))i��W����&amp#7;=��΅��dԷ�|&amp#6;��yT-�&amp#30;���&amp#21;�Q&amp#24;W��&amp#7;*�&amp#30;��&amp#12;]�1��oy���&amp#21;#WH�&amp#0;&amp#1;&amp#2;&amp#4;&amp#8;&amp#16; @�&amp#0;&amp#1;&amp#2;&amp#4;&amp#8;&amp#16; @�&amp#0;&amp#1;&amp#2;&amp#4;&amp#8;&amp#16;(&amp#17;x�5+��ջ&amp#11;&amp#11;�O�=a��1�:�k�4fD��S������Gvw&amp#21;
�t��Ȯ./���&amp#29;&amp#25;��7��&amp#23;&amp#17;}E�}ݚ���ӳN\ZW�VT>��&amp#11;�w{ߝ���w��d�C&amp#11;�*ou���&amp#11;�&amp#12;B�t9x�Ttd�K��&amp#3;�k&amp#15;����'׋&amp#23;�&amp#23;��O���{&amp#2;&amp#4;&amp#8;&amp#16; @�&amp#0;&amp#1;&amp#2;&amp#4;&amp#8;&amp#16; @�&amp#0;&amp#1;&amp#2;&amp#4;&amp#8;&amp#16; @�@*p�m���q?i��/���<��4�&amp#30;Kޗ���;7<�i�is&&amp#21;����g~{Ŧ�O�!�Z0霛H���&amp#18;�s,&amp#26;�i����\�)sO���`ȵ����O�0������&amp#26;w��&amp#2;��)ɩ&amp#23;&amp#2;�&amp#28;|q����P'n"�]��.�Д�������q�����J&amp#8;&amp#16; @�&amp#0;&amp#1;&amp#2;&amp#4;&amp#8;&amp#16; @�&amp#0;&amp#1;&amp#2;&amp#4;&amp#8;&amp#16; @�&amp#0;�&amp#14;&amp#23;���ק&amp#2;���g��9�5�qs�qS���O���;��ho�p���&amp#11;�w���Ιj�g&amp#26;��K&amp#22;�&amp#23;ֵoٺ-�pg�0�K��h#�&amp#30;��sF>vƂ�[V�eܟ��]�='��&amp#22;&amp#25;�e˖��&amp#19;I�t�{��U^!Jڐk�8n��&amp#17;R��&amp#12;`��f��&amp#0;&amp#1;&amp#2;&amp#4;&amp#8;&amp#16; @�&amp#0;&amp#1;&amp#2;&amp#4;&amp#8;&amp#16; @�&amp#0;&amp#1;&amp#2;&amp#4;&amp#8;&amp#16;&amp#24;T&amp#2;�lߗ��&amp#19;f�	�ֵ;6�:8u���ZRߡ#?^�u��k��1a�q��M&amp#28;���l�=�ܓf���ڹ�p,�&amp#31;5�+>F&amp#15;��&amp#30;Z�v�/Wo����Y&amp#19;�̙tּ�%=���&amp#7;�m>|��&amp#25;��Œ��*&amp#14;��e��G��?n���*�Y�O/|��ޞ���&amp#27;eр@,pÓ�ɿ��G��U}{�70� lR�q�n&amp#31;��(;��[�&amp#15;x��Z&amp#0;&amp#21;�Um:щt{E1�&amp#4;&amp#8;&amp#16; @�&amp#0;&amp#1;&amp#2;&amp#4;&amp#8;&amp#16; @�&amp#0;&amp#1;&amp#2;&amp#4;&amp#8;&amp#16; @�@A����b��&amp#15;o�{�1���&amp#31;�ƽ߿w���L���.t&amp#18;7_�}����"R�Ņ%�[>����Gݵn׋>ss<��/�ԏ&amp#31;��o�WR��|�,�=itIyΏ��ɥW�&amp#20;����s#���O��U|E����g�=oJq��<&amp#2;���6��&amp#3;U�N��=}|���P����}͛�O8�f��T8����&amp#15;4�&amp#19;
�#�~��E�Q��`2�n2����R<f&amp#23;���d�+��#��1z�G��&amp#31;Z?��%@�&amp#0;&amp#1;&amp#2;&amp#4;&amp#8;&amp#16; @�&amp#0;&amp#1;&amp#2;&amp#4;&amp#8;&amp#16; @�&amp#0;&amp#1;&amp#2;�&amp#23;8娉���&amp#7;&amp#14;&amp#29;�m,��<��7>�<͵�璅W]v�&amp#7;��8V���͞4�-Ϙ�ᗞ4~Ԉ��_����\��SǾ��YO_��r�kn{��k�*�����]w�k�H.:aF�IC�����&amp#7;�4�m'��no��OOp^�UM�kHu��ч����{�t{��к�ȸW�H��v���)��n��3]�^^�bW�Ք&amp#16; @�&amp#0;&amp#1;&amp#2;&amp#4;&amp#8;&amp#16; @�&amp#0;&amp#1;&amp#2;&amp#4;&amp#8;&amp#16; @�&amp#0;&amp#1;&amp#2;&amp#29;+�ڥs#&amp#29;&amp#30;���[&amp#31;{�gy���P��?�N[=�.�ثO}�s���/?���}q���q#�~����&amp#11;�&amp#31;;�)K��j[l����?s�_<��o?��?|ƽzѢ�O��`b��&amp#6;")n&amp#18;&amp#27;�G~�_�x�Ώ���w�&amp#31;V��W�~Tԉo&amp#6;�Ík�+��#�&amp#29;W�z�d&amp#8;�&amp#2;��Z�i׎'��d�&amp#28;��^{�m�~��x��R�&amp#21;�<���&amp#8;�f&amp#0;&amp#21;+��v&amp#11;�+�P�&amp#4;&amp#8;&amp#16; @�&amp#0;&amp#1;&amp#2;&amp#4;&amp#8;&amp#16; @�&amp#0;&amp#1;&amp#2;&amp#4;&amp#8;&amp#16; @�@*0y��/����{�l:�/~��O�&amp#28;;�&amp#31;<ғ�(�bOS���E�&amp#31;O�����&amp#15;\�8��߸��&amp#29;�7���mO?g��7u?�	��O��x���I̟���z�1��i�G��k��~�5�r7�&amp#5;���[U����/���c&amp#30;̙5g���:�궎��0�h�&amp#5;�%S�Lv�dvI��|��&amp#30;=���큊&amp#1;T�bM�&amp#4;&amp#8;&amp#16; @�&amp#0;&amp#1;&amp#2;&amp#4;&amp#8;&amp#16; @�&amp#0;&amp#1;&amp#2;&amp#4;&amp#8;&amp#16; @�@g
���Y��Y�X4-�~$�cg�y���_&amp#15;��q}��}i�&amp#5;�Ǖ&amp#0;�Kգp��%��c��~¬	%��&amp#29;�Ė�&amp#21;��T��&amp#24;k���sK�̙2&��G�}&amp#27;���/�&amp#19;>J���-o����&amp#23;�qX{��&amp#28;t&amp#29;&amp#28;s���?�1�:��/&amp#12;��&amp#4;T�@��{�lw=cV�[-5�3���,p���&amp#1;&amp#1;&amp#2;&amp#4;&amp#8;&amp#16; @�&amp#0;&amp#1;&amp#2;&amp#4;&amp#8;&amp#16; @�&amp#0;&amp#1;&amp#2;&amp#4;&amp#8;&amp#16; ��&amp#25;�L��?���W���3�N�6�:��o޻�C7,_ScS��-{&amp#14;=��&amp#19;��aׁ�.��/y&amp#20;&amp#31;�8vry��I���&amp#29;�K{+��]�d���#*d�ӯ&amp#5;l�����G&amp#31;�O{zz*�&amp#14;˩�jR��<�n?e��_u�q�Q�&amp#29;}l�~&amp#8;��{�/�G;&��?�ӓ=i�X�n�{~�AX���&amp#21;s��H�&amp#0;,po�{1&amp#22;&amp#1;&amp#2;&amp#4;&amp#8;&amp#16; @�&amp#0;&amp#1;&amp#2;&amp#4;&amp#8;&amp#16; @�&amp#0;&amp#1;&amp#2;&amp#4;&amp#8;&amp#16;&amp#24;~&amp#2;�;i��޲t�_>�/_vR�z&amp#30;&amp#19;���ş���]&amp#7;3&;~�&amp#23;�2+*|�'�7��u���z>q�CQ&amp#30;]-�;���c��-/���*/l�d~�j���&&amp#14;�X`C�U&amp#28;�^�{&amp#19;Cw>&amp#3;&amp#16;��&amp#27;&amp#11;��j�W��5__�p�����O%�u��[�:����9{&amp#24;�jg�r��uw&amp#20;b�&amp#5;��&amp#22;]U��a�j��W�"7<PI�X�~�9�&amp#20;�&amp#31;#՝?�]����������(�&���~6�9�j&amp#4;&amp#8;&amp#16; @�&amp#0;&amp#1;&amp#2;&amp#4;&amp#8;&amp#16; @�&amp#0;&amp#1;&amp#2;&amp#4;&amp#8;&amp#16; @���&amp#16;�����&amp#5;�_~��/���q���&amp#3;����&amp#15;&amp#20;�T�8�7_8/������&amp#15;���K&amp#23;/�1.ֵG�=�&amp#16;�ӯ]R1�=}Bk�Ӟ>����&amp#21;cVؘ�t{cnO�z|i��&amp#31;��{����m+�׬Ӟ
��Y���&amp#25;�g<�eu�ڟV�k�8�&amp#5;�#&amp#22;�՞���
�ȸ/[������ˇ..��<zh��&amp#22;�&amp#3;vO�&amp#0;&amp#1;&amp#2;&amp#4;&amp#8;&amp#16; @�&amp#0;&amp#1;&amp#2;&amp#4;&amp#8;&amp#16; @�&amp#0;&amp#1;&amp#2;&amp#4;&amp#8;&amp#12;u��S�~�&amp#29;�&amp#31;����D~�j[�t^s֜o.;��W�&amp#18;��?���B�X����8��&amp#30;S(q3�&amp#5;l&ߏ7��\{�Qd�cW����������d��ѕ�����Yw�	��&amp#18;�&amp#21;&amp#23;g����R9�X%5cF�js���z%3*����K��&amp#0;&amp#1;&amp#2;&amp#4;&amp#8;&amp#16; @�&amp#0;&amp#1;&amp#2;&amp#4;&amp#8;&amp#16; @�&amp#0;&amp#1;&amp#2;&amp#4;&amp#8;&amp#16;&amp#24;&amp#30;&amp#2;q����'�\Vm�WsF����s��?�d�G_}�^q�ڿxn,|��V��"���ku{?^V�t{t��q��;6��:2�&amp#3;���}w�<�Q�Z�=&amp#30;9��.�z+�'���!O��-��6���<�R�����*C\�l
�N&amp#8;&amp#16; @�&amp#0;&amp#1;&amp#2;&amp#4;&amp#8;&amp#16; @�&amp#0;&amp#1;&amp#2;&amp#4;&amp#8;&amp#16; @�&amp#0;�� �؎&amp#3;&amp#17;��q5r��v����;��ڷ=�%��&amp#30;&amp#12;���&amp#21;&amp#2;]]]V�7
[%מv&amp#23;&amp#25;��^xn�����W�ܢ��ޑw'��ǟ�[O?�d&amp#15;���:-�^1q��tKd���r�8P�>�&amp#25;&amp#25;�B�v��cЊs/&amp#4;Ӕ�6&amp#12;є8uB�&amp#0;&amp#1;&amp#2;&amp#4;&amp#8;&amp#16; @�&amp#0;&amp#1;&amp#2;&amp#4;&amp#8;&amp#16; @�&amp#0;&amp#1;&amp#2;&amp#4;&amp#8;�S 2�Ն�ď&amp#30;�����K�&amp#28;U�NZ~㓻�ϛ:6���C]��7/���&amp#6;0�K��xΉ7m�k���c�&amp#22;�`�O�����j�&amp#21;�?��g&amp#30;�Ȋc&amp#23;��l~������C�u���&amp#5;��z	B|��nqҺ�B��j��v��c��b^�/�&amp#30;��!b��^�r&amp#2;&amp#4;&amp#8;&amp#16; @�&amp#0;&amp#1;&amp#2;&amp#4;&amp#8;&amp#16; @�&amp#0;&amp#1;&amp#2;&amp#4;&amp#8;&amp#16; @�&amp#3;&amp#5;����c��8|��&amp#5;S�L&amp#25;3{☽���޺�&amp#31;o\�&amp#31;��OA�x��l�3���V8�����yS&amp#22;�&amp#24;�~�4v��GM|�I3�Ο�݃�CB���gdl(&amp#31;�܇D��+�}7f�3{��	{7^2!9�̥��^!&amp#17;[�|`����?�]I<�&amp#31;cQ�&amp#25;&amp#19;�M|dE<��[�D�H���0�K�em&amp#27;��VK���0�+&amp#16;�&amp#12;�t{H6�e�6�&amp#5;�&amp#17; @�&amp#0;&amp#1;&amp#2;&amp#4;&amp#8;&amp#16; @�&amp#0;&amp#1;&amp#2;&amp#4;&amp#8;&amp#16; @�&amp#0;&amp#1;&amp#2;�&amp#20;����&amp#7;������{�Q}'�g\󧍻��߿wsԹu��SR������:�[���e�}���no����Yv�ٓ"�>/�,:���&amp#11;���j$�c?�O����>[�4{i�&amp#19;���&amp#15;&��&amp#8;aU���L���@N7#����w̢�#V�{�џH�-[V��@yI᭹!@�&amp#0;&amp#1;&amp#2;&amp#4;&amp#8;&amp#16; @�&amp#0;&amp#1;&amp#2;&amp#4;&amp#8;&amp#16; @�&amp#0;&amp#1;&amp#2;&amp#4;:S��~��o�j�&amp#15;��R2�IcF�璅W>縙&amp#19;G&amp#23;?&amp#26;�ݷ�yd����g��~���6��h����&amp#30;=�����&amp#31;ݾ�&amp#23;&amp#15;o��/�⑧ϟ��g/����{��&amp#17;O��}��&amp#14;T^^\R&amp#8;�b�#*��N������%&amp#2;��=���K&amp#30;�XU�V�=m8{�	&amp#27;&amp#31;[&amp#25;���&amp#23;\&amp#14;.�ɪ�U��&amp#31;����^���-{����<��7�3b'��5��Wd�;j?�H&amp#6;WL&amp#21;GN7r�����N*�&amp#19;���7g������s���&amp#22;ʧ&amp#25;��칼O%&amp#4;&amp#8;&amp#16; @�&amp#0;&amp#1;&amp#2;&amp#4;&amp#8;&amp#16; @�&amp#0;&amp#1;&amp#2;&amp#4;&amp#8;&amp#16; @���&amp#21;x��&amp#11;��ރG6�:�s��&amp#3;�{&�&amp#30;1oڸ�c+&amp#31;���[<كGz^��["�&amp#30;;��w�<g���$�/Wo?�o���^{׆4�~�qS{?���NJ&amp#22;W~ù�ğⒸ�%��=�L�����&amp#2;r��>U���I>mv���B�J�H���̥K&amp#22;�T��&amp#23;��\�&amp#15;q��Ο�/m�,���<'�<c�����ݕC #k&amp#27;&amp#25;�s�9�Z&amp#18;��w��Ϩ�1D���~Sq���x�n�C]L�&amp#4;&amp#8;&amp#16; @�&amp#0;&amp#1;&amp#2;&amp#4;&amp#8;&amp#16; @�&amp#0;&amp#1;&amp#2;&amp#4;&amp#8;&amp#16; @�@�&amp#5;Ə&amp#30;�p��3��&amp#28;'��6gR�\{�����&amp#17;{�G�߼��Z�k��/�&amp#26;������j�=(&amp#25;B&amp#2;}����v&amp#11;�[��
�ɗ�&amp#31;I�E&amp#19;�K&amp#30;_�&amp#30;�&amp#30;޶�����uڿ��7���\OG?f괙�����w�+�&amp#27;_&amp#18;||<*����&amp#22;Ƿ&amp#15;���î��-�WFI�toT�&amp#24;+&amp#30;E0��M��pQ&amp#24;���Ba�M�&amp#24;�&amp#27;&amp#14;��jzM�{ŷ&amp#19;�q�&amp#27;&amp#25;BJB%@�&amp#0;&amp#1;&amp#2;&amp#4;&amp#8;&amp#16; @�&amp#0;&amp#1;&amp#2;&amp#4;&amp#8;&amp#16; @�&amp#0;&amp#1;&amp#2;&amp#4;&amp#6;����&amp#7;��fLxʞ󅀏��>�}|\<s|���&amp#16;&amp#21;�;�]���/ﴧ-Y񫻪&amp#17;y�x�����=ɴɻ���%�V���Z'�)��=o�&amp#19;���~"�^�ʹ�|�n��<ͧ�s���ި�=\�ӌ ��2*&amp#12;�G&amp#21;��͚x��z&amp#12;�����l&amp#22;&amp#4;&amp#8;&amp#16; @�&amp#0;&amp#1;&amp#2;&amp#4;&amp#8;&amp#16; @�&amp#0;&amp#1;&amp#2;&amp#4;&amp#8;&amp#16; @�@�&amp#4;�v̤�����&amp#11;&amp#23;N��܋�أ�����4���Sf&amp#21;?r?D&amp#5;F�
����<D�2(�^2�;+~5/gh}G�����G�6d�#׾�??�3�B��K�&amp#11;�;�&&amp#18;�qFx�՛;�f���&amp#27;Us{��ko�&amp#16;�&amp#2;�&�&amp#14;D�d|&amp#19;&amp#3;�&amp#21;&amp#1;&amp#2;&amp#4;&amp#8;&amp#16; @�&amp#0;&amp#1;&amp#2;&amp#4;&amp#8;&amp#16; @�&amp#0;&amp#1;&amp#2;&amp#4;&amp#8;&amp#16; 0�&amp#5;��9�&amp#19;f�h����_������&amp#28;;ml�z�&amp#3;w?�;
S���My۳&amp#22;&amp#12;{�N�`�\{#�9���iϳ�P�&amp#16;+n�\�q��U]�&amp#27;˵�-m�}�f��&amp#14;���&amp#26;ob�6�ꐵ�&amp#21;��1�&~ՠZW&amp#21;�&amp#30;V?�&C�&amp#0;&amp#1;&amp#2;&amp#4;&amp#8;&amp#16; @�&amp#0;&amp#1;&amp#2;&amp#4;&amp#8;&amp#16; @�&amp#0;&amp#1;&amp#2;&amp#4;&amp#8;�E �9���/:�o�������7�}×n�?���=i�}Ҙ��t��}~&amp#28;&amp#15;ߖ�&amp#12;�Z����^�Ir��;6>V7DdܣM�ָ7�k�x�Z�>b�YuO{X4H&amp#19;���&amp#18;��s���&amp#16;&amp#2;M����������"@�&amp#0;&amp#1;&amp#2;&amp#4;&amp#8;&amp#16; @�&amp#0;&amp#1;&amp#2;&amp#4;&amp#8;&amp#16; @�&amp#0;&amp#1;&amp#2;&amp#4;J&amp#4;��&amp#27;��{����^���&amp#29;�&amp#31;ٶDw��)c�L&amp#25;s��	/8e�Q&amp#18;�%fC�cl$?������u��q&amp#23;&�����I�O{ڋ2Np���#�\���?=�7�<�iu�)��[�������w���1�͐;�=��ZQ3]H�p�=���]%ߊ9���j��&amp#27;&amp#30;::���˛G&amp#14;>��˕&amp#16; @�&amp#0;&amp#1;&amp#2;&amp#4;&amp#8;&amp#16; @�&amp#0;&amp#1;&amp#2;&amp#4;&amp#8;&amp#16; @�&amp#0;&amp#1;&amp#2;&amp#4;&amp#26;&amp#16;8��񧁆�&amp#12;!��H>R��C(�!&amp#26;j������;z&amp#30;\����냿&amp#29;7e�h��KO���]u��&amp#7;&amp#26;谮���?��Df��[n�7k&amp#30;I��=>����F����&amp#18;��k���j�&amp#21;&amp#3;&amp#24;~?�fD�&amp#0;&amp#1;&amp#2;&amp#4;&amp#8;&amp#16; @�&amp#0;&amp#1;&amp#2;&amp#4;&amp#8;&amp#16; @�&amp#0;&amp#1;&amp#2;&amp#4;&amp#8;&amp#16; �D��X����:��Xھ�UuMv㮥7�tc]M����L��&amp#2;��,s�D{d�&amp#11;�/�1�p��&��כn&amp#31;��F,j�~�囄�]�j�r�5&amp#27;&amp#22;WH&amp#19;�i��P�{�71_�y�}a��:�C�<j�c&amp#6;�ض�&amp#17;��8V<j�p�ajE�&amp#0;&amp#1;&amp#2;&amp#4;&amp#8;&amp#16; @�&amp#0;&amp#1;&amp#2;&amp#4;&amp#8;&amp#16; @�&amp#0;&amp#1;&amp#2;&amp#4;&amp#8;&amp#16; 0�&amp#5;"�.���;�?�&amp#30;��p�%&amp#27;&amp#31;[Y�x&amp#19;V&amp#29;����&amp#11;MҤ{|̿�|I�=��\|��&amp#11;}�i �&amp#30;ݶ?ݞg.�&amp#16; @�&amp#0;&amp#1;&amp#2;&amp#4;&amp#8;&amp#16; @�&amp#0;&amp#1;&amp#2;&amp#4;&amp#8;&amp#16; @�&amp#0;&amp#1;&amp#2;&amp#4;&amp#8;&amp#16; @��&amp#2;qn�������&amp#2;&amp#23;���{l^��&amp#21;�Ů��?ط�|�n���i�B�=�v~���&amp#23;/g��[��)ǝ\����6/m�9&amp#29;�&amp#8;&amp#16; @�&amp#0;&amp#1;&amp#2;&amp#4;&amp#8;&amp#16; @�&amp#0;&amp#1;&amp#2;&amp#4;&amp#8;&amp#16; @�&amp#0;&amp#1;&amp#2;&amp#4;&amp#8;&amp#16; ��8�]��!Ʊ�h�Yr�f׵���9S��+&amp#12;�����{�ǙE����|^�p���ɖ�B�	&amp#16; @�&amp#0;&amp#1;&amp#2;&amp#4;&amp#8;&amp#16; @�&amp#0;&amp#1;&amp#2;&amp#4;&amp#8;&amp#16; @�&amp#0;&amp#1;&amp#2;&amp#4;&amp#8;&amp#16; ��&amp#2;��|���&amp#27;�	h(�>{��ȸ�&amp#31;�Ȅ}�+�9c���5��1��Oز*�B���}S��&amp#1;&amp#2;&amp#4;&amp#8;&amp#16; @�&amp#0;&amp#1;&amp#2;&amp#4;&amp#8;&amp#16; @�&amp#0;&amp#1;&amp#2;&amp#4;&amp#8;&amp#16; @�&amp#0;&amp#1;&amp#2;&amp#4;��@wWW��U;f4�}��&amp#18;&amp#25;�Ӟ�$g�&amp#29;=&amp#15;欙����&amp#30;�Y9�l?��֜�U#@�&amp#0;&amp#1;&amp#2;&amp#4;&amp#8;&amp#16; @�&amp#0;&amp#1;&amp#2;&amp#4;&amp#8;&amp#16; @�&amp#0;&amp#1;&amp#2;&amp#4;&amp#8;&amp#16; @�@�&amp#8;D���sf;xf�d�w�g܏�k�&amp#24;��9y&amp#15;��\{cG���Z��ķ�+&amp#2;&amp#4;&amp#8;&amp#16; @�&amp#0;&amp#1;&amp#2;&amp#4;&amp#8;&amp#16; @�&amp#0;&amp#1;&amp#2;&amp#4;&amp#8;&amp#16; @�&amp#0;&amp#1;&amp#2;&amp#4;&amp#6;��t{�/%6�oh?�t��&amp#25;�����h�&amp#21;��?�
�eEr�e$
&amp#8;&amp#16; @�&amp#0;&amp#1;&amp#2;&amp#4;&amp#8;&amp#16; @�&amp#0;&amp#1;&amp#2;&amp#4;&amp#8;&amp#16; @�&amp#0;&amp#1;&amp#2;&amp#4;&amp#8;&amp#16; �&amp#20;&amp#1;���p�������Qrf�&amp#15;&amp#28;����w�t]�9�|���Y�^�&amp#21;&amp#8;&amp#16; @�&amp#0;&amp#1;&amp#2;&amp#4;&amp#8;&amp#16; @�&amp#0;&amp#1;&amp#2;&amp#4;&amp#8;&amp#16; @�&amp#0;&amp#1;&amp#2;&amp#4;&amp#8;&amp#16; 0�&amp#5;z{{��&amp#7;�%F���gͮ&amp#25;���\X�N�
yv��\��-����Q�N�&amp#25;8&amp#30;&amp#17; @�&amp#0;&amp#1;&amp#2;&amp#4;&amp#8;&amp#16; @�&amp#0;&amp#1;&amp#2;&amp#4;&amp#8;&amp#16; @�&amp#0;&amp#1;&amp#2;&amp#4;&amp#8;&amp#16; 0&amp#12;&amp#4;����&amp#18;���|:��I�_���G�o&amp#29;wW�&amp#2;}���=�2��r��K��(מA�&amp#17;&amp#1;&amp#2;&amp#4;&amp#8;&amp#16; @�&amp#0;&amp#1;&amp#2;&amp#4;&amp#8;&amp#16; @�&amp#0;&amp#1;&amp#2;&amp#4;&amp#8;&amp#16; @�&amp#0;&amp#1;&amp#2;&amp#4;R��X�K���&amp#23;������/}M�rc7��}�&amp#17;��Ƣ��&amp#15;=R�i]営�ť2&amp#1;&amp#2;&amp#4;&amp#8;&amp#16; @�&amp#0;&amp#1;&amp#2;&amp#4;&amp#8;&amp#16; @�&amp#0;&amp#1;&amp#2;&amp#4;&amp#8;&amp#16; @�&amp#0;&amp#1;&amp#2;CT@��/.&amp#22;�O���u�D�ȸg,s?pԖ~�2��&amp#11;*�ЬE�i�r�&amp#21;�&amp#21;&amp#18; @�&amp#0;&amp#1;&amp#2;&amp#4;&amp#8;&amp#16; @�&amp#0;&amp#1;&amp#2;&amp#4;&amp#8;&amp#16; @�&amp#0;&amp#1;&amp#2;&amp#4;&amp#8;&amp#16; 0�&amp#4;�bC��7�v�hU����t��&amp#23;E�&amp#21;�*�@~��%������&amp#20;�\&amp#16;��5w&amp#22;��}$��L&amp#30;����&amp#11;�F�]����&amp#0;&amp#1;&amp#2;&amp#4;&amp#8;&amp#16; @�&amp#0;&amp#1;&amp#2;&amp#4;&amp#8;&amp#16; @�&amp#0;&amp#1;&amp#2;&amp#4;&amp#8;&amp#16; @�&amp#0;�a,���cu{3�o�&amp#22;����2��+��&amp#4;�ƶ�?�i���#ў�&amp#30;��\{3&amp#28;�A�&amp#0;&amp#1;&amp#2;&amp#4;&amp#8;&amp#16; @�&amp#0;&amp#1;&amp#2;&amp#4;&amp#8;&amp#16; @�&amp#0;&amp#1;&amp#2;&amp#4;&amp#8;&amp#16; @�&amp#0;��!&amp#16;G��&amp#28;&amp#26;�&amp#14;�(#ݾ��d�Ϛ&amp#27;��y�$&amp#22;�o�|`�c+��ƶ��=o��u}k���=�i�����s���T�g&amp#2;&amp#4;&amp#8;&amp#16; @�&amp#0;&amp#1;&amp#2;&amp#4;&amp#8;&amp#16; @�&amp#0;&amp#1;&amp#2;&amp#4;&amp#8;&amp#16; @�&amp#0;&amp#1;&amp#2;&amp#4;������z׽��&amp#25;����M�&amp#31;�����=\\�}�&amp#5;&amp#23;�=����Ɨ�(�^n��&amp#0;&amp#1;&amp#2;&amp#4;&amp#8;&amp#16; @�&amp#0;&amp#1;&amp#2;&amp#4;&amp#8;&amp#16; @�&amp#0;&amp#1;&amp#2;&amp#4;&amp#8;&amp#16; @�&amp#0;��- �޼�&amp#27;��#����Ъ���k_��=��k��ͦ���ag͞&amp#22;7�;&amp#30;�}T�ͬ&amp#25;�&amp#15;�Szd{Z���Xtָ7_��&amp#14;uE�&amp#0;&amp#1;&amp#2;&amp#4;&amp#8;&amp#16; @�&amp#0;&amp#1;&amp#2;&amp#4;&amp#8;&amp#16; @�&amp#0;&amp#1;&amp#2;&amp#4;&amp#8;&amp#16; @�&amp#0;�A.���+���w�ƌ���wg��=���&amp#15;<�]�)O'���nJ?:!@�&amp#0;&amp#1;&amp#2;&amp#4;&amp#8;&amp#16; @�&amp#0;&amp#1;&amp#2;&amp#4;&amp#8;&amp#16; @�&amp#0;&amp#1;&amp#2;&amp#4;&amp#8;&amp#16; @��&amp#16;&amp#18;�&amp#30;B�&amp#14;�P�>#�s�[�Ztݨ��f�Ӷ\�u�&amp#25;o�#&amp#2;&amp#4;&amp#8;&amp#16; @�&amp#0;&amp#1;&amp#2;&amp#4;&amp#8;&amp#16; @�&amp#0;&amp#1;&amp#2;&amp#4;&amp#8;&amp#16; @�&amp#0;&amp#1;&amp#2;&amp#4;�����-x���&�?��bW��k�ۓk��|�߰&amp#17;&amp#8;&amp#16; @�&amp#0;&amp#1;&amp#2;&amp#4;&amp#8;&amp#16; @�&amp#0;&amp#1;&amp#2;&amp#4;&amp#8;&amp#16; @�&amp#0;&amp#1;&amp#2;&amp#4;&amp#8;&amp#16;&amp#24;�&amp#2;===]}�uu�&amp#0;�nX&amp#3;��|�ܥm8�}�s�&amp#20;���&amp#17;9&amp#1;&amp#2;&amp#4;&amp#8;&amp#16; @�&amp#0;&amp#1;&amp#2;&amp#4;&amp#8;&amp#16; @�&amp#0;&amp#1;&amp#2;&amp#4;&amp#8;&amp#16; @�&amp#0;&amp#1;&amp#2;&amp#4;�)�u�ȑ�n[����J�u�J"���g�9��kK:�\{��uO�&amp#0;&amp#1;&amp#2;&amp#4;&amp#8;&amp#16; @�&amp#0;&amp#1;&amp#2;&amp#4;&amp#8;&amp#16; @�&amp#0;&amp#1;&amp#2;&amp#4;&amp#8;&amp#16; @�&amp#0;�>���^�ɷ�G�m&amp#27;˯y��{V&amp#31;Y�`K�&amp#19;&amp#27;ȏ��M�wKG�9&amp#1;&amp#2;&amp#4;&amp#8;&amp#16; @�&amp#0;&amp#1;&amp#2;&amp#4;&amp#8;&amp#16; @�&amp#0;&amp#1;&amp#2;&amp#4;&amp#8;&amp#16; @�&amp#0;&amp#1;&amp#2;&amp#4;&amp#6;��t{�^P�����0���&amp#7;��B�'���&amp#19;�ho:�&amp#14;	&amp#16; @�&amp#0;&amp#1;&amp#2;&amp#4;&amp#8;&amp#16; @�&amp#0;&amp#1;&amp#2;&amp#4;&amp#8;&amp#16; @�&amp#0;&amp#1;&amp#2;&amp#4;&amp#8;&amp#16;&amp#24;�&amp#2;}��L�M�/2�q�7qȱ�H��/����"��􌻓ڟ���&amp#4;&amp#8;&amp#16; @�&amp#0;&amp#1;&amp#2;&amp#4;&amp#8;&amp#16; @�&amp#0;&amp#1;&amp#2;&amp#4;&amp#8;&amp#16; @�&amp#0;&amp#1;&amp#2;&amp#4;&amp#8;&amp#16;xB�f���QhV�=���.��S�h/�ISV�[�^L�&amp#0;&amp#1;&amp#2;&amp#4;&amp#8;&amp#16; @�&amp#0;&amp#1;&amp#2;&amp#4;&amp#8;&amp#16; @�&amp#0;&amp#1;&amp#2;&amp#4;&amp#8;&amp#16; @�&amp#0;&amp#1;&amp#2;�&amp#2;]}+ܻ���ܷC���{�\�r��hӼ���n;��욅���&amp#5;
7&amp#4;&amp#8;&amp#16; @�&amp#0;&amp#1;&amp#2;&amp#4;&amp#8;&amp#16; @�&amp#0;&amp#1;&amp#2;&amp#4;&amp#8;&amp#16; @�&amp#0;&amp#1;&amp#2;&amp#4;&amp#8;&amp#16;�&`u{5�v���Y���'&amp#6;Ko�$��W�דb�&amp#22;zd�#�^x�ޏXxV����,���"@�&amp#0;&amp#1;&amp#2;&amp#4;&amp#8;&amp#16; @�&amp#0;&amp#1;&amp#2;&amp#4;&amp#8;&amp#16; @�&amp#0;&amp#1;&amp#2;&amp#4;&amp#8;&amp#16; @�&amp#0;�l&amp#1;��l&amp#31;O	&amp#16; @�&amp#0;&amp#1;&amp#2;&amp#4;&amp#8;&amp#16; @�&amp#0;&amp#1;&amp#2;&amp#4;&amp#8;&amp#16; @�&amp#0;&amp#1;&amp#2;&amp#4;&amp#8;&amp#16; @�@�@ooowl&_Z�3&amp#1;&amp#2;&amp#4;&amp#8;&amp#16; @�&amp#0;&amp#1;&amp#2;&amp#4;&amp#8;&amp#16; @�&amp#0;&amp#1;&amp#2;&amp#4;&amp#8;&amp#16; @�&amp#0;&amp#1;&amp#2;&amp#4;&amp#8;&amp#16; P] &amp#14;m���:�'&amp#4;&amp#8;&amp#16; @�&amp#0;&amp#1;&amp#2;&amp#4;&amp#8;&amp#16; @�&amp#0;&amp#1;&amp#2;&amp#4;&amp#8;&amp#16; @�&amp#0;&amp#1;&amp#2;&amp#4;&amp#8;&amp#16; @��@w�r�&amp#4;&amp#8;&amp#16; @�&amp#0;&amp#1;&amp#2;&amp#4;&amp#8;&amp#16; @�&amp#0;&amp#1;&amp#2;&amp#4;&amp#8;&amp#16; @�&amp#0;&amp#1;&amp#2;&amp#4;&amp#8;&amp#16; @�@e����+?QJ�&amp#0;&amp#1;&amp#2;&amp#4;&amp#8;&amp#16; @�&amp#0;&amp#1;&amp#2;&amp#4;&amp#8;&amp#16; @�&amp#0;&amp#1;&amp#2;&amp#4;&amp#8;&amp#16; @�&amp#0;&amp#1;&amp#2;&amp#4;&amp#8;T&amp#17;�t����(&@�&amp#0;&amp#1;&amp#2;&amp#4;&amp#8;&amp#16; @�&amp#0;&amp#1;&amp#2;&amp#4;&amp#8;&amp#16; @�&amp#0;&amp#1;&amp#2;&amp#4;&amp#8;&amp#16; @�&amp#0;&amp#1;&amp#2;�&amp#5;�n�n�	&amp#1;&amp#2;&amp#4;&amp#8;&amp#16; @�&amp#0;&amp#1;&amp#2;&amp#4;&amp#8;&amp#16; @�&amp#0;&amp#1;&amp#2;&amp#4;&amp#8;&amp#16; @�&amp#0;&amp#1;&amp#2;&amp#4;&amp#8;&amp#16;�$з�|�W�2&amp#2;&amp#4;&amp#8;&amp#16; @�&amp#0;&amp#1;&amp#2;&amp#4;&amp#8;&amp#16; @�&amp#0;&amp#1;&amp#2;&amp#4;&amp#8;&amp#16; @�&amp#0;&amp#1;&amp#2;&amp#4;&amp#8;&amp#16; @������x@�&amp#0;&amp#1;&amp#2;&amp#4;&amp#8;&amp#16; @�&amp#0;&amp#1;&amp#2;&amp#4;&amp#8;&amp#16; @�&amp#0;&amp#1;&amp#2;&amp#4;&amp#8;&amp#16; @�&amp#0;&amp#1;&amp#2;&amp#4;�	�L���r&amp#2;&amp#4;&amp#8;&amp#16; @�&amp#0;&amp#1;&amp#2;&amp#4;&amp#8;&amp#16; @�&amp#0;&amp#1;&amp#2;&amp#4;&amp#8;&amp#16; @�&amp#0;&amp#1;&amp#2;&amp#4;&amp#8;&amp#16; PU@��*�&amp#7;&amp#4;&amp#8;&amp#16; @�&amp#0;&amp#1;&amp#2;&amp#4;&amp#8;&amp#16; @�&amp#0;&amp#1;&amp#2;&amp#4;&amp#8;&amp#16; @�&amp#0;&amp#1;&amp#2;&amp#4;&amp#8;&amp#16; @���t{5&amp#25;�&amp#4;&amp#8;&amp#16; @�&amp#0;&amp#1;&amp#2;&amp#4;&amp#8;&amp#16; @�&amp#0;&amp#1;&amp#2;&amp#4;&amp#8;&amp#16; @�&amp#0;&amp#1;&amp#2;&amp#4;&amp#8;&amp#16; @��@oo�t{e&amp#26;�&amp#4;&amp#8;&amp#16; @�&amp#0;&amp#1;&amp#2;&amp#4;&amp#8;&amp#16; @�&amp#0;&amp#1;&amp#2;&amp#4;&amp#8;&amp#16; @�&amp#0;&amp#1;&amp#2;&amp#4;&amp#8;&amp#16; @��@�ۻ�j��&amp#19; @�&amp#0;&amp#1;&amp#2;&amp#4;&amp#8;&amp#16; @�&amp#0;&amp#1;&amp#2;&amp#4;&amp#8;&amp#16; @�&amp#0;&amp#1;&amp#2;&amp#4;&amp#8;&amp#16; @�&amp#0;&amp#1;&amp#2;&amp#21;&amp#5;�n�Ȣ�&amp#0;&amp#1;&amp#2;&amp#4;&amp#8;&amp#16; @�&amp#0;&amp#1;&amp#2;&amp#4;&amp#8;&amp#16; @�&amp#0;&amp#1;&amp#2;&amp#4;&amp#8;&amp#16; @�&amp#0;&amp#1;&amp#2;&amp#4;&amp#8;d	H�g�xF�&amp#0;&amp#1;&amp#2;&amp#4;&amp#8;&amp#16; @�&amp#0;&amp#1;&amp#2;&amp#4;&amp#8;&amp#16; @�&amp#0;&amp#1;&amp#2;&amp#4;&amp#8;&amp#16; @�&amp#0;&amp#1;&amp#2;&amp#4;*
H�WdQH�&amp#0;&amp#1;&amp#2;&amp#4;&amp#8;&amp#16; @�&amp#0;&amp#1;&amp#2;&amp#4;&amp#8;&amp#16; @�&amp#0;&amp#1;&amp#2;&amp#4;&amp#8;&amp#16; @�&amp#0;&amp#1;&amp#2;&amp#4;�
���8����&amp#7;&amp#4;&amp#8;&amp#16; @�&amp#0;&amp#1;&amp#2;&amp#4;&amp#8;&amp#16; @�&amp#0;&amp#1;&amp#2;&amp#4;&amp#8;&amp#16; @�&amp#0;&amp#1;&amp#2;&amp#4;&amp#8;&amp#16; @������d�&amp#19; @�&amp#0;&amp#1;&amp#2;&amp#4;&amp#8;&amp#16; @�&amp#0;&amp#1;&amp#2;&amp#4;&amp#8;&amp#16; @�&amp#0;&amp#1;&amp#2;&amp#4;&amp#8;&amp#16; @�&amp#0;��&amp#2;��Ui< @�&amp#0;&amp#1;&amp#2;&amp#4;&amp#8;&amp#16; @�&amp#0;&amp#1;&amp#2;&amp#4;&amp#8;&amp#16; @�&amp#0;&amp#1;&amp#2;&amp#4;&amp#8;&amp#16; @�&amp#0;&amp#1;&amp#2;�&amp#4;�۫�('@�&amp#0;&amp#1;&amp#2;&amp#4;&amp#8;&amp#16; @�&amp#0;&amp#1;&amp#2;&amp#4;&amp#8;&amp#16; @�&amp#0;&amp#1;&amp#2;&amp#4;&amp#8;&amp#16; @�&amp#0;&amp#1;&amp#2;�&amp#5;z{{��^�F)&amp#1;&amp#2;&amp#4;&amp#8;&amp#16; @�&amp#0;&amp#1;&amp#2;&amp#4;&amp#8;&amp#16; @�&amp#0;&amp#1;&amp#2;&amp#4;&amp#8;&amp#16; @�&amp#0;&amp#1;&amp#2;&amp#4;&amp#8;&amp#16;�&amp#16;��=&amp#3;�#&amp#2;&amp#4;&amp#8;&amp#16; @�&amp#0;&amp#1;&amp#2;&amp#4;&amp#8;&amp#16; @�&amp#0;&amp#1;&amp#2;&amp#4;&amp#8;&amp#16; @�&amp#0;&amp#1;&amp#2;&amp#4;&amp#8;&amp#16; PY@����R&amp#2;&amp#4;&amp#8;&amp#16; @�&amp#0;&amp#1;&amp#2;&amp#4;&amp#8;&amp#16; @�&amp#0;&amp#1;&amp#2;&amp#4;&amp#8;&amp#16; @�&amp#0;&amp#1;&amp#2;&amp#4;&amp#8;&amp#16; PM�����￮�j5�&amp#19; @�&amp#0;&amp#1;&amp#2;&amp#4;&amp#8;&amp#16; @�&amp#0;&amp#1;&amp#2;&amp#4;&amp#8;&amp#16; @�&amp#0;&amp#1;&amp#2;&amp#4;&amp#8;&amp#16; @�&amp#0;&amp#1;&amp#2;�&amp#2;�q~{y�&amp#18;&amp#2;&amp#4;&amp#8;&amp#16; @�&amp#0;&amp#1;&amp#2;&amp#4;&amp#8;&amp#16; @�&amp#0;&amp#1;&amp#2;&amp#4;&amp#8;&amp#16; @�&amp#0;&amp#1;&amp#2;&amp#4;&amp#8;&amp#16; @��@�ڻ�۫�('@�&amp#0;&amp#1;&amp#2;&amp#4;&amp#8;&amp#16; @�&amp#0;&amp#1;&amp#2;&amp#4;&amp#8;&amp#16; @�&amp#0;&amp#1;&amp#2;&amp#4;&amp#8;&amp#16; @�&amp#0;&amp#1;&amp#2;&amp#21;&amp#5;"�����2
	&amp#16; @�&amp#0;&amp#1;&amp#2;&amp#4;&amp#8;&amp#16; @�&amp#0;&amp#1;&amp#2;&amp#4;&amp#8;&amp#16; @�&amp#0;&amp#1;&amp#2;&amp#4;&amp#8;&amp#16; @�@U��t{��^��&amp#7;&amp#4;&amp#8;&amp#16; @�&amp#0;&amp#1;&amp#2;&amp#4;&amp#8;&amp#16; @�&amp#0;&amp#1;&amp#2;&amp#4;&amp#8;&amp#16; @�&amp#0;&amp#1;&amp#2;&amp#4;&amp#8;&amp#16; @�@�@ww����T&amp#20;&amp#16; @�&amp#0;&amp#1;&amp#2;&amp#4;&amp#8;&amp#16; @�&amp#0;&amp#1;&amp#2;&amp#4;&amp#8;&amp#16; @�&amp#0;&amp#1;&amp#2;&amp#4;&amp#8;&amp#16; @�&amp#0;�Z&amp#2;��n�E�9&amp#1;&amp#2;&amp#4;&amp#8;&amp#16; @�&amp#0;&amp#1;&amp#2;&amp#4;&amp#8;&amp#16; @�&amp#0;&amp#1;&amp#2;&amp#4;&amp#8;&amp#16; @�&amp#0;&amp#1;&amp#2;&amp#4;&amp#8;&amp#16;(&amp#21;���T�g&amp#2;&amp#4;&amp#8;&amp#16; @�&amp#0;&amp#1;&amp#2;&amp#4;&amp#8;&amp#16; @�&amp#0;&amp#1;&amp#2;&amp#4;&amp#8;&amp#16; @�&amp#0;&amp#1;&amp#2;&amp#4;&amp#8;&amp#16; PS��f&amp#21;&amp#8;&amp#16; @�&amp#0;&amp#1;&amp#2;&amp#4;&amp#8;&amp#16; @�&amp#0;&amp#1;&amp#2;&amp#4;&amp#8;&amp#16; @�&amp#0;&amp#1;&amp#2;&amp#4;&amp#8;&amp#16; @�&amp#0;�b��H�������=&amp#1;&amp#2;&amp#4;&amp#8;&amp#16; @�&amp#0;&amp#1;&amp#2;&amp#4;&amp#8;&amp#16; @�&amp#0;&amp#1;&amp#2;&amp#4;&amp#8;&amp#16; @�&amp#0;&amp#1;&amp#2;&amp#4;&amp#8;&amp#16; �-�&amp#21;��۳�<%@�&amp#0;&amp#1;&amp#2;&amp#4;&amp#8;&amp#16; @�&amp#0;&amp#1;&amp#2;&amp#4;&amp#8;&amp#16; @�&amp#0;&amp#1;&amp#2;&amp#4;&amp#8;&amp#16; @�&amp#0;&amp#1;&amp#2;�&amp#2;6�/7QB�&amp#0;&amp#1;&amp#2;&amp#4;&amp#8;&amp#16; @�&amp#0;&amp#1;&amp#2;&amp#4;&amp#8;&amp#16; @�&amp#0;&amp#1;&amp#2;&amp#4;&amp#8;&amp#16; @�&amp#0;&amp#1;&amp#2;&amp#4;�&amp#4;�6��z�&amp#25;&amp#1;&amp#2;&amp#4;&amp#8;&amp#16; @�&amp#0;&amp#1;&amp#2;&amp#4;&amp#8;&amp#16; @�&amp#0;&amp#1;&amp#2;&amp#4;&amp#8;&amp#16; @�&amp#0;&amp#1;&amp#2;&amp#4;&amp#8;&amp#16; P&&amp#16;�v�ɗ�( @�&amp#0;&amp#1;&amp#2;&amp#4;&amp#8;&amp#16; @�&amp#0;&amp#1;&amp#2;&amp#4;&amp#8;&amp#16; @�&amp#0;&amp#1;&amp#2;&amp#4;&amp#8;&amp#16; @�&amp#0;&amp#1;&amp#2;�&amp#4;�n�%�9&amp#1;&amp#2;&amp#4;&amp#8;&amp#16; @�&amp#0;&amp#1;&amp#2;&amp#4;&amp#8;&amp#16; @�&amp#0;&amp#1;&amp#2;&amp#4;&amp#8;&amp#16; @�&amp#0;&amp#1;&amp#2;&amp#4;&amp#8;&amp#16;x�@�f���S&amp#11;}"@�&amp#0;&amp#1;&amp#2;&amp#4;&amp#8;&amp#16; @�&amp#0;&amp#1;&amp#2;&amp#4;&amp#8;&amp#16; @�&amp#0;&amp#1;&amp#2;&amp#4;&amp#8;&amp#16; @�&amp#0;&amp#1;&amp#2;&amp#4;j&amp#8;�L�&amp#6;��&amp#4;&amp#8;&amp#16; @�&amp#0;&amp#1;&amp#2;&amp#4;&amp#8;&amp#16; @�&amp#0;&amp#1;&amp#2;&amp#4;&amp#8;&amp#16; @�&amp#0;&amp#1;&amp#2;&amp#4;&amp#8;&amp#16; @�\�f��&J&amp#8;&amp#16; @�&amp#0;&amp#1;&amp#2;&amp#4;&amp#8;&amp#16; @�&amp#0;&amp#1;&amp#2;&amp#4;&amp#8;&amp#16; @�&amp#0;&amp#1;&amp#2;&amp#4;&amp#8;&amp#16; @�@&amp#1;��&amp#26;@&amp#30;&amp#19; @�&amp#0;&amp#1;&amp#2;&amp#4;&amp#8;&amp#16; @�&amp#0;&amp#1;&amp#2;&amp#4;&amp#8;&amp#16; @�&amp#0;&amp#1;&amp#2;&amp#4;&amp#8;&amp#16; @�&amp#0;�r&amp#1;��r&amp#19;%&amp#4;&amp#8;&amp#16; @�&amp#0;&amp#1;&amp#2;&amp#4;&amp#8;&amp#16; @�&amp#0;&amp#1;&amp#2;&amp#4;&amp#8;&amp#16; @�&amp#0;&amp#1;&amp#2;&amp#4;&amp#8;&amp#16; @ K���W�=&amp#11;�3&amp#2;&amp#4;&amp#8;&amp#16; @�&amp#0;&amp#1;&amp#2;&amp#4;&amp#8;&amp#16; @�&amp#0;&amp#1;&amp#2;&amp#4;&amp#8;&amp#16; @�&amp#0;&amp#1;&amp#2;&amp#4;&amp#8;&amp#16; P.&amp#16;�������&amp#18;&amp#2;&amp#4;&amp#8;&amp#16; @�&amp#0;&amp#1;&amp#2;&amp#4;&amp#8;&amp#16; @�&amp#0;&amp#1;&amp#2;&amp#4;&amp#8;&amp#16; @�&amp#0;&amp#1;&amp#2;&amp#4;&amp#8;&amp#16; @ C���&amp#12;&amp#28;�&amp#8;&amp#16; @�&amp#0;&amp#1;&amp#2;&amp#4;&amp#8;&amp#16; @�&amp#0;&amp#1;&amp#2;&amp#4;&amp#8;&amp#16; @�&amp#0;&amp#1;&amp#2;&amp#4;&amp#8;&amp#16; @�@e&amp#1;���.J	&amp#16; @�&amp#0;&amp#1;&amp#2;&amp#4;&amp#8;&amp#16; @�&amp#0;&amp#1;&amp#2;&amp#4;&amp#8;&amp#16; @�&amp#0;&amp#1;&amp#2;&amp#4;&amp#8;&amp#16; @�@��t{&amp#6;�G&amp#4;&amp#8;&amp#16; @�&amp#0;&amp#1;&amp#2;&amp#4;&amp#8;&amp#16; @�&amp#0;&amp#1;&amp#2;&amp#4;&amp#8;&amp#16; @�&amp#0;&amp#1;&amp#2;&amp#4;&amp#8;&amp#16; @��@OO���+�("@�&amp#0;&amp#1;&amp#2;&amp#4;&amp#8;&amp#16; @�&amp#0;&amp#1;&amp#2;&amp#4;&amp#8;&amp#16; @�&amp#0;&amp#1;&amp#2;&amp#4;&amp#8;&amp#16; @�&amp#0;&amp#1;&amp#2;�&amp#2;#�&amp#31;{J�@M�C�&amp#14;�ݻw߾}���?x�`|<|��#Gz{{�mWW׈&amp#17;#F�&amp#28;9jԨѣG�&amp#29;;vܸq�Ǐ��5{V�&amp#0;�&amp#14;&amp#21;ؾ>Y�<YsW����Ƈ�m�][�����&amp#7;�@F�N�NJ&�H��Mf&amp#31;��91��$Y�4�zt�r�6&amp#1;&amp#2;&amp#4;&amp#8;&amp#16; @�&amp#0;&amp#1;&amp#2;&amp#4;&amp#8;&amp#16; @�&amp#0;&amp#1;&amp#2;&amp#4;&amp#8;&amp#16;&amp#24; &amp#1;��&amp#7;&amp#8;ްC\ R�;v�عs�]�"���l"�>iҤɓ'O�2%R���	&amp#1;&amp#2;�J����k�;�+Y�d�}�Lm�I�i&amp#23;%g<?9���H_�i�P&amp#27;&amp#2;&amp#4;&amp#8;&amp#16; @�&amp#0;&amp#1;&amp#2;&amp#4;&amp#8;&amp#16; @�&amp#0;&amp#1;&amp#2;&amp#4;&amp#8;&amp#16; P��t{]\*&amp#19;H"˾u��m۶���C$��T=�t&amp#21;{��W&amp#20;�&amp#21;O�Z\qrC\��X�&amp#30;W&amp#20;��QmڴiӧO��;_&amp#2;&amp#4;:Q��뒟}%��W�C&amp#7;�3�Qc��_�<�u��/iN�z!@�&amp#0;&amp#1;&amp#2;&amp#4;&amp#8;&amp#16; @�&amp#0;&amp#1;&amp#2;&amp#4;&amp#8;&amp#16; @�&amp#0;&amp#1;&amp#2;&amp#4;�&amp#4;"�'�^���@%��ײq��͛7&amp#23;ֲ���q�&amp#25;3&&amp#18;�Z�(����&amp#3;&amp#7;b���Ҫ��}�̙�g�N��5�{L��P&amp#23;��������kp-{���z�K�H^��}�ϻ&amp#8;&amp#16; @�&amp#0;&amp#1;&amp#2;&amp#4;&amp#8;&amp#16; @�&amp#0;&amp#1;&amp#2;&amp#4;&amp#8;&amp#16; @�&amp#0;�f&amp#11;H�7[T�Q`���&amp#27;6l���1�8�===ֲ7e�q�{z�{����:�裝��&amp#20;]�&amp#16;&amp#24;�&amp#2;���ɷ>���܎�&�L^���Ԏ��A�&amp#0;&amp#1;&amp#2;&amp#4;&amp#8;&amp#16; @�&amp#0;&amp#1;&amp#2;&amp#4;&amp#8;&amp#16; @�&amp#0;&amp#1;&amp#2;&amp#4;:I@���޶��/�e˖�&amp#30;{,��G�X�>~��ȵ��M�&amp#22;�n~�޽�b�X4?gΜ&amp#25;3f�j�&amp#18;&amp#1;&amp#2;CH��_N���d�C�&amp#14;y���$��&amp#0;&amp#0;@&amp#0;IDAT�&amp#15;%���v�k<&amp#2;&amp#4;&amp#8;&amp#16; @�&amp#0;&amp#1;&amp#2;&amp#4;&amp#8;&amp#16; @�&amp#0;&amp#1;&amp#2;&amp#4;&amp#8;&amp#16; 0L&amp#5;�,鮾�&amp#30;?az��Ѵ&amp#8;4(&amp#16;)�G&amp#30;yd����>&amp#18;�&amp#19;&L�&amp#20;x�}��,�ݳgO�t�:u��&amp#30;۞q�Q]&amp#2;&amp#4;&amp#26;&amp#18;xle�����͆&amp#26;7��9/O��7ɜ&amp#19;�ԝn&amp#8;&amp#16; @�&amp#0;&amp#1;&amp#2;&amp#4;&amp#8;&amp#16; @�&amp#0;&amp#1;&amp#2;&amp#4;&amp#8;&amp#16; @�@G&amp#11;t�F����&amp#29;m`�&amp#4;�&amp#4;��5k��y��c�ĉ����Jk&amp#11;b���ݻ�o�̟??�to�xz'@��&amp#2;�>�ɡ��2&amp#6;�&amp#26;5&y�U�s�<�a&amp#24;�&amp#0;&amp#1;&amp#2;&amp#4;&amp#8;&amp#16; @�&amp#0;&amp#1;&amp#2;&amp#4;&amp#8;&amp#16; @�&amp#0;&amp#1;&amp#2;&amp#4;&amp#8;&amp#12;q�H&�L~��C�@ &amp#18;�6m��Ǎ&amp#27;7iҤ��>J��w��&amp#21;ǺG$�f͊�{&amp#11;�K&amp#2;&amp#4;�"�&amp#15;oK�u[F�=ȥ˒��}��*&amp#18; @�&amp#0;&amp#1;&amp#2;&amp#4;&amp#8;&amp#16; @�&amp#0;&amp#1;&amp#2;&amp#4;&amp#8;&amp#16; @�&amp#0;&amp#1;&amp#2;�&amp#2;��">w���C�&amp#30;z�Hr���ɓۿ���?���ܹ3�#�p��Q�F��QB���&amp#21;��X��NV�0&amp#24;#<���]��L�3&amp#24;c&amp#19;&amp#19;&amp#1;&amp#2;&amp#4;&amp#8;&amp#16; @�&amp#0;&amp#1;&amp#2;&amp#4;&amp#8;&amp#16; @�&amp#0;&amp#1;&amp#2;&amp#4;&amp#8;&amp#16;&amp#24;�&amp#2;};U�L~п&&amp#1;�I ֑�Z�j���#G��2e��IlǗ&amp#0;v��q���c�.Z�(�ܷI�0&amp#4;&amp#8;�S`�]�G/K����nZ�|�I�{�I�-i�&amp#16;�&@�&amp#0;&amp#1;&amp#2;&amp#4;&amp#8;&amp#16; @�&amp#0;&amp#1;&amp#2;&amp#4;&amp#8;&amp#16; @�&amp#0;&amp#1;&amp#2;�W�f���ݚY=&amp#2;����&amp#7;&amp#30;����ѣ�N�:P&amp#27;�W&amp#11;9�&amp#26;�}���&amp#7;&amp#15;Ɨ&amp#0;�?�����Z��	&amp#16;xB�[��~y�u�`&amp#7;�>7��o&&amp#11;�&amp#30;�q��&amp#0;&amp#1;&amp#2;&amp#4;&amp#8;&amp#16; @�&amp#0;&amp#1;&amp#2;&amp#4;&amp#8;&amp#16; @�&amp#0;&amp#1;&amp#2;&amp#4;&amp#8;&amp#12;>���&amp#21;�]]�/0&amp#17;&amp#17;h�@�k_�re��ǌ&amp#25;3mڴ�&amp#6;�\x�&amp#16;k��Vq�i�U����}\�h>�ȗGF��!�m�v�����&amp#19;N�ƽ1C�&amp#8;�I ֵ��&amp#11;�@�=刌��|�&amp#26;�6�l&amp#24;�&amp#0;&amp#1;&amp#2;&amp#4;&amp#8;&amp#16; @�&amp#0;&amp#1;&amp#2;&amp#4;&amp#8;&amp#16; @�&amp#0;&amp#1;&amp#2;&amp#4;�������e�JC&amp#2;�#����c&amp#15;��r��0�Ȃ���<!D&amp#2;>Ɗ����S��N�q��'�x����8B�&amp#4;&amp#8;$q^���dP�!_��bW���C縗�(!@�&amp#0;&amp#1;&amp#2;&amp#4;&amp#8;&amp#16; @�&amp#0;&amp#1;&amp#2;&amp#4;&amp#8;&amp#16; @�&amp#0;&amp#1;&amp#2;&amp#25;&amp#2;��&amp#25;8&amp#30;u�@��w��&amp#21;+ΧO��±x}Ϟ=�,>n�V��|�ĉ��{�£�X�&amp#30;+��QT����=��e��ݻ�U�$*D�	&amp#19;&�5s��u���mҤI�q��D5&amp#2;&amp#4;�*���MV�Є&amp#17;&amp#23;���ta��$r�3�'�f&c��u{`o�ks�yM_F��ے�nLV�ф�N�8���M�G&amp#23;&amp#4;&amp#8;&amp#16; @�&amp#0;&amp#1;&amp#2;&amp#4;&amp#8;&amp#16; @�&amp#0;&amp#1;&amp#2;&amp#4;&amp#8;&amp#16; @�3&amp#4;b9nב#G�J�u��Yv���5k6m�&amp#20;��ȵ���&amp#16;�l"e&amp#30;���(���6�{ϿE|$�� �Ț&amp#23;w&amp#18;����:D�>�F
֬Y����We�&amp#4;���?�-����
���&amp#11;_�<�&amp#21;ɬ&amp#5;y�ٴ:��7�&amp#27;������M*ֻtY򖿯�D!&amp#1;&amp#2;&amp#4;&amp#8;&amp#16; @�&amp#0;&amp#1;&amp#2;&amp#4;&amp#8;&amp#16; @�&amp#0;&amp#1;&amp#2;&amp#4;&amp#8;&amp#16; P.`u{���N&amp#17;ؼy��իc�3f�ȹ1{�P����%�h&amp#21;��Ϟ=;��{E�~�ƍ�?|�0bĈX��s{��&amp#0;˖-�j��&amp#5;3g�l8&amp#0;	&amp#16;h����O����>/�,y�;�S��x&amp#15;��4��_�x&amp#15;�>�<�͍7ג&amp#0;&amp#1;&amp#2;&amp#4;&amp#8;&amp#16; @�&amp#0;&amp#1;&amp#2;&amp#4;&amp#8;&amp#16; @�&amp#0;&amp#1;&amp#2;&amp#4;&amp#8;t��t{'�ms-&amp#18;���W�X&amp#17;K�'O�&amp#28;;�&amp#23;=�z�s���>&amp#30;G^|�ܹ�I�&amp#23;�&amp#17;I�u��E&amp#22;?
#����i���$�&amp#5;�vZ�&amp#4;_��r&amp#2;&amp#4;�'����}�'�&amp#14;42�K��>ԯD{�t��ϓ�~X\��~Ԙ�o�L朐��z&amp#4;&amp#8;&amp#16; @�&amp#0;&amp#1;&amp#2;&amp#4;&amp#8;&amp#16; @�&amp#0;&amp#1;&amp#2;&amp#4;&amp#8;&amp#16; @�S&amp#5;�6���:u����&amp#2;&amp#15;>�`��&amp#30;G�O�2�&D,g�ʱ�<jΛ7/&amp#22;��lRo�X�v��h&amp#21;��ck�X�^��&amp#29;;v�1�Qy���5+�@�@�&amp#5;>���o62��&amp#31;O^��F&amp#26;f���'�/�;�J��<y�V~��&amp#0;&amp#1;&amp#2;&amp#4;&amp#8;&amp#16; @�&amp#0;&amp#1;&amp#2;&amp#4;&amp#8;&amp#16; @�&amp#0;&amp#1;&amp#2;&amp#4;&amp#8;&amp#16;xR ΀�~���&amp#18;� �؉=��qX{�S�9�Ȳ�Y��w��O9�V��#��6:�!
��&amp#12;,��)�Dҍ�k�W�&amp#0;�&amp#22;
��ˍ��&amp#23;����/[�k��F
?:�!��K&amp#3;1&amp#29;&amp#23;&amp#1;&amp#2;&amp#4;&amp#8;&amp#16; @�&amp#0;&amp#1;&amp#2;&amp#4;&amp#8;&amp#16; @�&amp#0;&amp#1;&amp#2;&amp#4;&amp#8;&amp#16; �)&amp#16;�:��3�<&amp#28;�&amp#2;w�uWl&�g&amp#27;�H~����͔X&amp#4;�hѢ�7�R�&amp#24;hժU�l=&amp#6;���k�(�n)&amp#31;��/Y�����&amp#0;�&amp#26;&amp#2;�X�l|�F���K_���_��&amp#19;J���q���&amp#19;�O�_[_��&amp#23;&�z��&j&amp#19; @�&amp#0;&amp#1;&amp#2;&amp#4;&amp#8;&amp#16; @�&amp#0;&amp#1;&amp#2;&amp#4;&amp#8;&amp#16; @�&amp#0;�&amp#14;&amp#19;���m&�a/�t����G�}���5�lO���&amp#20;xd��?��V�����&amp#16;1P&amp#12;&amp#23;�Ʋ�&amp#8; ���&amp#20;b"1��TvMO	&amp#16;h���uݹ�&amp#11;.K��-ϵǜ#�&amp#31;&amp#3;�pu]�Ձ���&amp#0;&amp#1;&amp#2;&amp#4;&amp#8;&amp#16; @�&amp#0;&amp#1;&amp#2;&amp#4;&amp#8;&amp#16; @�&amp#0;&amp#1;&amp#2;&amp#4;&amp#8;&amp#16;�&amp#20;����ʬ�!�a%&amp#16;�/ٰaCLi�+Jӄw����
��>&amp#6;M��5�M'&amp#18;��ՙ�V*&amp#16;h���ɷ>Z_ϱ��=�V_�~֎�bк��TL�E�&amp#0;&amp#1;&amp#2;&amp#4;&amp#8;&amp#16; @�&amp#0;&amp#1;&amp#2;&amp#4;&amp#8;&amp#16; @�&amp#0;&amp#1;&amp#2;&amp#4;&amp#8;T&amp#17;�T{kwƮ2�b&amp#2;&amp#3;&�q��Ç&amp#15;Ǌ�؀=;��;w��G�;�f+�Ơ�9�&amp#17;Fv�1��NL*��]�S&amp#2;&amp#4;Z"�O'�6��s&amp#28;�&amp#30;{ȷ��A�:�=&&amp#21;Ss&amp#17; @�&amp#0;&amp#1;&amp#2;&amp#4;&amp#8;&amp#16; @�&amp#0;&amp#1;&amp#2;&amp#4;&amp#8;&amp#16; @�&amp#0;&amp#1;&amp#2;�&amp#5;�۫�x2&amp#28;&amp#5;6o�ˊ��F~���q,z�<��ڰ�|&amp#12;&amp#20;#�}�ݻv�J�c�&amp#24;:�#�x�&amp#22;V�;�N:�ju�&amp#19; �*��������v�!_�[�o�&amp#24;���ީ�չ�&amp#4;&amp#8;&amp#16; @�&amp#0;&amp#1;&amp#2;&amp#4;&amp#8;&amp#16; @�&amp#0;&amp#1;&amp#2;&amp#4;&amp#8;&amp#16; @`�&amp#11;H�&amp#15;�wh&amp#6;�&amp#5;v��&amp#17;��#G�&amp#29;;6�Q�ʞ���͛W31��O�GqL��5k>���}��&amp#31;\�jUaO�&amp#24;:&amp#2;�N"�Ba�>c:1��ZL�b&amp#5;�&amp#4;&amp#8;�J���u�����&amp#31;O&amp#22;-��~CU��V�&amp#27;:&amp#2;���b�.&amp#2;&amp#4;&amp#8;&amp#16; @�&amp#0;&amp#1;&amp#2;&amp#4;&amp#8;&amp#16; @�&amp#0;&amp#1;&amp#2;&amp#4;&amp#8;&amp#16; @��@���+�(&amp#27;�&amp#2;[�n��e�ڣ��ݻ���I�&͞=��&amp#18;�����민�ʯ}�k�>��M7�&amp#20;%�A#�&amp#8;#���
�&amp#21;o�I�&amp#19;�XA!&amp#1;&amp#2;-&amp#17;��W��v�%ɋ�YG���f�V�&amp#11; ���5��ݪI�&amp#0;&amp#1;&amp#2;&amp#4;&amp#8;&amp#16; @�&amp#0;&amp#1;&amp#2;&amp#4;&amp#8;&amp#16; @�&amp#0;&amp#1;&amp#2;&amp#4;���t���f�[ ~ܷm�&amp#22;��L�F�*tϞ=Qa�ܹ&amp#25;՚�hݺu���'cQ{$��&amp#14;�N�Z�s&amp#26;F�&amp#20;��<*��N*&��&amp#14;���{&amp#2;&amp#4;�+p�P����e&amp#31;��rCU��VI�
#&&amp#24;�t&amp#17; @�&amp#0;&amp#1;&amp#2;&amp#4;&amp#8;&amp#16; @�&amp#0;&amp#1;&amp#2;&amp#4;&amp#8;&amp#16; @�&amp#0;&amp#1;&amp#2;e&amp#2;q<���e*
��@l�&amp#30;��ѣG�&amp#24;1"c�i�}ڴi&amp#19;'N̨��G�&amp#15;&amp#31;��[>��&amp#15;\s�5���������/-پ>`�N&amp#26;X�r�ML*�&amp#22;&amp#19;��|���&amp#4;Z(p�ɡ&amp#3;y����g�\���U�`r^1����&amp#0;&amp#1;&amp#2;&amp#4;&amp#8;&amp#16; @�&amp#0;&amp#1;&amp#2;&amp#4;&amp#8;&amp#16; @�&amp#0;&amp#1;&amp#2;&amp#4;&amp#8;&amp#16;�$ �^IE�p&amp#20;عsgL+r�ٓK�ro�6�3|l&amp#29;�ַ����.&amp#4;���/{��Jr���4��M�&amp#11;��oҩ��,.wO�@�&amp#4;���:z~�;�\g�z�$u&amp#5;S�4�\u&amp#2;&amp#4;&amp#8;&amp#16; @�&amp#0;&amp#1;&amp#2;&amp#4;&amp#8;&amp#16; @�&amp#0;&amp#1;&amp#2;&amp#4;&amp#8;&amp#16; 0�&amp#5;F&amp#14;��&amp#5;O ���]���1c2��߿?�l�0aB떶oذ��_���ۿ&amp#21;��g�g/x�&amp#11;��&amp#22;�DH��=��8x>�G�-�fq��	&amp#16;h���&amp#31;�����[�����*}�DH��"W�����;�&amp#8;&amp#16; @�&amp#0;&amp#1;&amp#2;&amp#4;&amp#8;&amp#16; @�&amp#0;&amp#1;&amp#2;&amp#4;&amp#8;&amp#16; @��0&amp#17;�Ģt�0y���-p�С�Uwuu�&amp#26;5*�fԉ�ӧOϨ�����r��O��7�xcq'�&amp#7;��=�Z�=�&amp#25;!�L���b�1��l�4�GwO�@�&amp#2;��'��������YO���VI"�����fLv�����.&amp#1;&amp#2;&amp#4;&amp#8;&amp#16; @�&amp#0;&amp#1;&amp#2;&amp#4;&amp#8;&amp#16; @�&amp#0;&amp#1;&amp#2;&amp#4;&amp#8;&amp#16;&amp#24;�&amp#2;�n&amp#31;���&amp#12;S��{��M�$�&amp#3;}�0O�:��nG�&amp#28;���c���\�[��j{�&amp#23;ǐ���W\^r�N0�l�#&amp#31;	&amp#16;h����ut��W�Q9_�~�VI�
����_-&amp#2;&amp#4;&amp#8;&amp#16; @�&amp#0;&amp#1;&amp#2;&amp#4;&amp#8;&amp#16; @�&amp#0;&amp#1;&amp#2;&amp#4;&amp#8;&amp#16; 0&amp#12;&amp#4;��>&amp#12;^�)�&amp#22;H&amp#15;>�N�&amp#31;<x���wܸq5�w�=�SkD��_�����U�V&amp#21;?������.�lҤIŅ&amp#21;�#�&amp#8;,�*VH&amp#11;�	�<�=�&amp#7;�&amp#8;&amp#16;�+�殼5&amp#23;���Z��r�z����&amp#23;R&amp#4;���?ٜ&amp#29;�F�&amp#0;&amp#1;&amp#2;&amp#4;&amp#8;&amp#16; @�&amp#0;&amp#1;&amp#2;&amp#4;&amp#8;&amp#16; @�&amp#0;&amp#1;&amp#2;&amp#4;���t��x�&QK �%~Ĉ&amp#17;&amp#25;&amp#21;c&amp#15;�x��S�c����^����%�Ο������Ͽq}&amp#26;X&amp#26;d�Y�&amp#19;L'[��r&amp#2;&amp#4;�#���y�9�¼5��k�o�$`�'�o
j&amp#17; @�&amp#0;&amp#1;&amp#2;&amp#4;&amp#8;&amp#16; @�&amp#0;&amp#1;&amp#2;&amp#4;&amp#8;&amp#16; @�&amp#0;�a &amp#16;ke��>&amp#12;ޣ)�&amp#22;H&amp#23;��&amp#28;��&amp#3;����h����]#&amp#14;\��7��}���Ӟ���/����8&amp#11;9,�����t��+�&amp#11;��&amp#16; �/��&amp#15;�m��5s�k�o�$`�'�c
�&amp#16; @�&amp#0;&amp#1;&amp#2;&amp#4;&amp#8;&amp#16; @�&amp#0;&amp#1;&amp#2;&amp#4;&amp#8;&amp#16; @�&amp#0;��!��Օ�}&amp#28;&amp#30;�4&amp#11;&amp#2;!�.
�����!�d�&amp#29;;6[,֕���;w�|�K^�}�{���W����|���ٳg/[�l����/��Q��4��t{:��&amp#21;�&amp#25;CxD�@&amp#29;&amp#2;���<���&amp#3;�[%�&amp#21;د��?�_�qG�&amp#0;&amp#1;&amp#2;&amp#4;&amp#8;&amp#16; @�&amp#0;&amp#1;&amp#2;&amp#4;&amp#8;&amp#16; @�&amp#0;&amp#1;&amp#2;&amp#4;���t���f&amp#24;&amp#2;i�:;����&amp#19;5�&amp#15;n߼y���~�K_����s�&amp#21;W\1o޼�Y�ݻw��_/ϵG÷���g�}v���Q��J&amp#3;K�,yT��N0;%_��&amp#0;�~	�ڒ����&amp#25;5&amp#7;�J�&amp#25;�Sb�?٧4�&amp#0;&amp#1;&amp#2;&amp#4;&amp#8;&amp#16; @�&amp#0;&amp#1;&amp#2;&amp#4;&amp#8;&amp#16; @�&amp#0;&amp#1;&amp#2;&amp#4;&amp#8;&amp#12;g��܍��+&&amp#11;��7��۷GVu߾}�6Q��y���)�G=�dW�p>�>��ß��g��&amp#31;��}���]�f�;���3�<��U��&amp#28;������|&o|�&amp#27;/���~y�(I��N��&amp#19;�&amp#31;��˗W�D� &amp#20;X��O&amp#31;�Q	��&amp#2;�fV�m��$U&amp#2;�&amp#16;������&amp#29;�B&amp#19;E�&amp#20;�W&amp#25;G&amp#3;&amp#28;wfr�y�y�n���"@�&amp#0;&amp#1;&amp#2;&amp#4;&amp#8;&amp#16; @�&amp#0;&amp#1;&amp#2;&amp#4;&amp#8;&amp#16; @�@'&amp#11;�R��H�w2A�s?r�H$_&amp#31;|��&amp#27;6Ğ�r�K��av�=��Pm&amp#5;||��+_�J!מ�}��w�R�뮻.�oQ�H|�"J>�O&amp#20;J
7�w��_��ɓ'&amp#23;J�ߤ�e��͞`���$@��&amp#2;c�W�m��$U&amp#2;�&amp#24;��A-&amp#16;߇����7�&��k���n�g���Vp&amp#4;&amp#8;&amp#16; @�&amp#0;&amp#1;&amp#2;&amp#4;&amp#8;&amp#16; @�&amp#0;&amp#1;&amp#2;&amp#4;&amp#8;&amp#16;&amp#24;.&amp#2;��&amp#27;Y-�8\�ؒy�رc����	�&amp#19;'N&amp#28;5jT�<�wo�D��*&amp#2;�ׯ��$o�������7l۶�&amp#27;n(i��&amp#15;8~&amp#30;^���š�&amp#7;&amp#15;&amp#30;���G>�:�1�����|��Q�K�>����C&amp#2;&amp#4;�+0�~�4w�zk��������d�璥/m�(�&@�&amp#0;&amp#1;&amp#2;&amp#4;&amp#8;&amp#16; @�&amp#0;&amp#1;&amp#2;&amp#4;&amp#8;&amp#16; @�&amp#0;��&amp#5;��^�&amp#15;B�kOs�cƌ�4iR�.�uw�A[&amp#4;b�w|�$����i��޹�wP�=��w��&amp#29;Q��?�qI�_��&amp#31;x�����-[�l���=�G���3Ψ�yI��&amp#31;�m�3�&1��;�Ny�J&amp#8;&amp#16;h������	&amp#21;�&amp#24;��*I&amp#4;�&amp#26;�&amp#2;��'W_����Ʉ��r~&E�&amp#0;&amp#1;&amp#2;&amp#4;&amp#8;&amp#16; @�&amp#0;&amp#1;&amp#2;&amp#4;&amp#8;&amp#16; @�&amp#0;�A"&amp#16;���&amp#25;��A&amp#18;�`&amp#11;c�ڵ��=r�ӦM&amp#27;l����@�J�N�G"<�K&amp#17;�&amp#2;T;X=:�?~&amp#28;�&amp#30;��g�o|��&amp#22;��_��/�8~l�U�Y�&amp#30;X����n�ɨ&amp#2;�&amp#1;&amp#16;������&amp#7;��J&amp#18;����@dܿ�����4\�g^&amp#4;&amp#8;&amp#16; @�&amp#0;&amp#1;&amp#2;&amp#4;&amp#8;&amp#16; @�&amp#0;&amp#1;&amp#2;&amp#4;&amp#8;&amp#16;&amp#24;&amp#12;&amp#2;���&amp#6;C(C%�8j7�/G���}��,�&amp#16;H��&amp#5;��@�:�&amp#27;|�
Q��Ʈ���g>�&amp#25;�J&amp#30;&amp#29;s�1�|�+gΜYR^��4����&amp#4;���5��&amp#4;&amp#8;4A`�N&amp#6;�J�&amp#25;XF�&amp#30;��U����PEI�&amp#0;&amp#1;&amp#2;&amp#4;&amp#8;&amp#16; @�&amp#0;&amp#1;&amp#2;&amp#4;&amp#8;&amp#16; @�&amp#0;�!+Н.�&amp#29;��;�ݻwǐq^�=��M߿����w����"7�`���U��&amp#11;.ȮYx��׾��SO�g&amp#22;<,�&amp#7;O��`�� &amp#18;Xw_v0&amp#3;�[%�&amp#21;Xv؞&amp#14;&amp#1;��7� �H�&amp#0;&amp#1;&amp#2;&amp#4;&amp#8;&amp#16; @�&amp#0;&amp#1;&amp#2;&amp#4;&amp#8;&amp#16; @�&amp#0;��,�&amp#29;�/�P��ݱ�۷/�&amp#28;5jT�&amp#7;6^�&amp#4;F�&amp#24;&amp#17;&amp#29;���W�)�d��[�0��W�x��w��]y2��y�s.�袱c�V&amp#27;7gy&amp#26;Xv�=�`:ٜݪF�@�&amp#5;&amp#30;���&amp#16;&amp#3;�[%�&amp#17;X��U&amp#24;�&amp#2;&amp#15;�>��&amp#19;&amp#28;&amp#1;&amp#2;&amp#4;&amp#8;&amp#16; @�&amp#0;&amp#1;&amp#2;&amp#4;&amp#8;&amp#16; @�&amp#0;&amp#1;&amp#2;&amp#4;������{�yR����v[&amp#4;�,u&amp#28;͞1Z�-�t&amp#3;��j�������eG&amp#29;uT�&amp#14;kVH&amp#3;���G:��|́T @��&amp#2;�ݘ����VI�&amp#5;�'xu&amp#6;��t� }1�"@�&amp#0;&amp#1;&amp#2;&amp#4;&amp#8;&amp#16; @�&amp#0;&amp#1;&amp#2;&amp#4;&amp#8;&amp#16; @`�&amp#8;�F��٧Y&amp#15;���F�&amp#11;�&amp#25;�C�&amp#14;eH�&amp#30;=:�]��A���&amp#30;��E������q�&amp#25;���F��3���r�&amp#8;)&amp#2;�&amp#17;#Ȓ!�?�&amp#19;�n/6qO`�&amp#5;VߑlZ�'�v�V�&amp#11;)&amp#2;s&amp#17; @�&amp#0;&amp#1;&amp#2;&amp#4;&amp#8;&amp#16; @�&amp#0;&amp#1;&amp#2;&amp#4;&amp#8;&amp#16; @�&amp#0;&amp#1;&amp#2;�
���&amp#31;�I[�^�����v���ut�j�&amp#4;�E�����e̘1�����s�&amp#21;�|N>������&amp#21;3�����&amp#11;_8eʔ��eTKCJ�˨�N0{&amp#5;|Fs�&amp#8;&amp#16;h��/�����VIr��3r�&amp#6;��qg&amp#14;ƨ�D�&amp#0;&amp#1;&amp#2;&amp#4;&amp#8;&amp#16; @�&amp#0;&amp#1;&amp#2;&amp#4;&amp#8;&amp#16; @�&amp#0;�a$ �^��&amp#28;7n\4�����S�[/&amp#16;&amp#25;�X�&amp#29;�9d�����[��(#7��&amp#23;�(�x�o���Z�4��&amp#3;�cj1��f�T�&amp#31;�&amp#4;&amp#8;&amp#12;���_�?n{~�$���?x5&amp#7;��t��z&amp#31;�!@�&amp#0;&amp#1;&amp#2;&amp#4;&amp#8;&amp#16; @�&amp#0;&amp#1;&amp#2;&amp#4;&amp#8;&amp#16; @`�	�m&?�����L�81F�S�-po�t�O�a?p�@FבώDמ={r���v������w�J�B�q��g?;�~F����&amp#8;&B�Q����Բw�o,&amp#0;�&amp#8;&amp#16;����H��i�NZ�[�/�&amp#8;�5�&amp#5;N8o�O�&amp#4;	&amp#16; @�&amp#0;&amp#1;&amp#2;&amp#4;&amp#8;&amp#16; @�&amp#0;&amp#1;&amp#2;&amp#4;&amp#8;&amp#16; 0�&amp#2;��u�O�:uƌ&amp#25;�l׮]u7�`@&amp#5;�<t�s��&amp#4;�ƍ&amp#27;�
6rcK�,y���_ȸ_r�%��|S������ܧS�n��ũL�}&amp#2;��T]c���JRg0uE��`&amp#17;���y�&amp#30;,���&amp#0;&amp#1;&amp#2;&amp#4;&amp#8;&amp#16; @�&amp#0;&amp#1;&amp#2;&amp#4;&amp#8;&amp#16; @�&amp#0;&amp#1;&amp#2;�Q ��|���~���͋��c%�m۬q��o�&amp#26;��������#G2��0aB<��[�&amp#2;�hR�&amp#27;�D��瞛�&amp#24;=#��G&amp#17;F&amp#4;&amp#19;%i`ŏ��cR1��`��݋[�'@�}&amp#2;?���&amp#5;�&amp#17;X�~��&amp#17;�����ԣ�7����&amp#17; @�&amp#0;&amp#1;&amp#2;&amp#4;&amp#8;&amp#16; @�&amp#0;&amp#1;&amp#2;&amp#4;&amp#8;&amp#16; @`�&amp#5;bu��&amp#15;}�CMY�;��i[&amp#0;���4j�n���޽{c�p&amp#12;C�]h�+hl�xG���oHě�X&amp#2;&amp#30;���9��~ӝ&amp#12;�&amp#15;&amp#23;mg͚�p��H�?�&amp#25;�hJ���&amp#31;�H�����G1��
��j��f�&amp#4;&OJ�m�&amp#3;=��5�s~�� Z�[%���K6>TW&amp#24;*&amp#15;1�ȵ/�\���!&amp#22;�p	&amp#16; @�&amp#0;&amp#1;&amp#2;&amp#4;&amp#8;&amp#16; @�&amp#0;&amp#1;&amp#2;&amp#4;&amp#8;&amp#16; 0&amp#4;&amp#5;�2�C0�&amp#15;9&amp#18;�k׮ݲe���"�:&amp#5;F�&amp#28;9s�̌F�b����c'�ٳggԬ����g߾}����70b&amp#27;��1&amp#27;1bD&amp#4;&amp#28;Y��å�&amp#17;��&amp#22;2|&amp#6;����&amp#28;�ؚ,p�Ǔ&amp#23;���>��[%��'�/���&amp#0;�&amp#31;J&amp#2;��|�k�0u(�,V&amp#2;&amp#4;&amp#8;&amp#16; @�&amp#0;&amp#1;&amp#2;&amp#4;&amp#8;&amp#16; @�&amp#0;&amp#1;&amp#2;&amp#4;&amp#8;&amp#12;Y&amp#1;��~���۷�^ߑ[��Œ���lo�S�f�&amp#2;߿��&amp#8;�SN&amp#25;?~|{�{b�����{�C�h&amp#7;$N��S@����C��_�2Y�t`�^�<���w&amp#12;�}kG�<+9�̾?'����R�&amp#0;&amp#1;&amp#2;&amp#4;&amp#8;&amp#16; @�&amp#0;&amp#1;&amp#2;&amp#4;&amp#8;&amp#16; @�&amp#0;&amp#1;&amp#2;O&amp#21;�n��O�]`Æ�<�Hl&?}����ܹ3&amp#18;ޱH��O��:��ʟ�b�{�7��&amp#17;��ɓ'�W(.ٺuk�$��&amp#30;u�Q���	&amp#16;h��u�|�u&amp#12;���������PG��Tݿ'��g&�﨣�7~4y�{ꨯ*&amp#1;&amp#2;&amp#4;&amp#8;&amp#16; @�&amp#0;&amp#1;&amp#2;&amp#4;&amp#8;&amp#16; @�&amp#0;&amp#1;&amp#2;&amp#4;&amp#8;&amp#16;�0��&amp#14;���v�@l&amp#14;&amp#31;��Gr���&amp#3;�&amp#22;��&amp#30;5jT$�W�Z�]�&amp#21;Oc�&amp#24;:&amp#2;��k���tbR�{ߊ��I��&amp#4;^��ɤ��)JA"���ח&amp#22;��s&amp#12;ZW�=&&amp#21;Ss&amp#17; @�&amp#0;&amp#1;&amp#2;&amp#4;&amp#8;&amp#16; @�&amp#0;&amp#1;&amp#2;&amp#4;&amp#8;&amp#16; @�&amp#0;&amp#1;&amp#2;U&amp#4;�j��*6���@���.&amp#1;߳gO�)�.�qn��&amp#29;;ڜq��b�&amp#24;:&amp#2;�&amp#25;d:��T���5�Q�&amp#0;�&amp#6;&amp#5;F�N^V���&amp#24;f���߽���&amp#26;k&amp#22;�Šu]1����&amp#0;&amp#1;&amp#2;&amp#4;&amp#8;&amp#16; @�&amp#0;&amp#1;&amp#2;&amp#4;&amp#8;&amp#16; @�&amp#0;&amp#1;&amp#2;&amp#4;&amp#8;&amp#16;�" �^&amp#5;F�&amp#22;8��ǌ&amp#25;&amp#19;+�c��쉦	��I~۶m&amp#15;<�@l�]��Oc�&amp#24;(��A�dv�1��HL'&�]�S&amp#2;&amp#4;Z(��?Jf/����_���˓���W&amp#12;&amp#17;&amp#3;�pu]1����&amp#0;&amp#1;&amp#2;&amp#4;&amp#8;&amp#16; @�&amp#0;&amp#1;&amp#2;&amp#4;&amp#8;&amp#16; @�&amp#0;&amp#1;&amp#2;&amp#4;&amp#8;&amp#16;�.&amp#16;&amp#25;=�۫�x2|&amp#5;�̙&amp#19;�۽{w�&amp#12;zl�>mڴt�{&amp#28;�^3C�&amp#31;��<�H׵Ǡ1tvo&amp#17;|L!��ɮ�)&amp#1;&amp#2;�&amp#21;��Cu�&amp#31;���0�U��n��At&amp#30;CԻ�=�o`:��R�&amp#0;&amp#1;&amp#2;&amp#4;&amp#8;&amp#16; @�&amp#0;&amp#1;&amp#2;&amp#4;&amp#8;&amp#16; @�&amp#0;&amp#1;&amp#2;&amp#4;&amp#8;&amp#12;&amp#23;��X�>\�b&amp#30;&amp#4;�&amp#16;x��&amp#7;�o�>nܸ)S��lv�ȑ�|�С�9o޼V���q�Ƶk�F��eϳ�=jFb>�w�ʋ&amp#23;/�9&amp#5;&amp#21;&amp#8;&amp#16;h��G^����FF���ɋ��H��6��d��wgW�����'���ʏ�&amp#18; @�&amp#0;&amp#1;&amp#2;&amp#4;&amp#8;&amp#16; @�&amp#0;&amp#1;&amp#2;&amp#4;&amp#8;&amp#16; @�&amp#0;&amp#1;&amp#2;E&amp#2;��E&amp#24;n;I���&amp#3;+V����L�<y���y��s��tu��I��Ν;q��<�j։&amp#21;��֭۵kWԌH"��M�BD&amp#18;��y�vZl&���:&amp#4;&amp#8;�Vౕ��NO&amp#14;&amp#29;hd�%��-(?�Y��-os�O�k�<���Oj��&amp#26;���ɜ&amp#19;j�T�&amp#0;&amp#1;&amp#2;&amp#4;&amp#8;&amp#16; @�&amp#0;&amp#1;&amp#2;&amp#4;&amp#8;&amp#16; @�&amp#0;&amp#1;&amp#2;&amp#4;&amp#8;t�@�E-���?&amp#2;�=�͛7�^�:&amp#12;f̘Qs���j����&amp#23;����1�{�e��I�G�=&amp#22;��I��[�W&amp#31;Y��cǦ&amp#3;e�&amp#29;��l�&amp#18;u&amp#22;,X0s���ʞ&amp#18; �>��?�\}E��]pY��w�+�&amp#30;���~��ڋ#^���o..pO�&amp#0;&amp#1;&amp#2;&amp#4;&amp#8;&amp#16; @�&amp#0;&amp#1;&amp#2;&amp#4;&amp#8;&amp#16; @�&amp#0;&amp#1;&amp#2;&amp#4;&amp#8;T&amp#19;�n�&��#&amp#4;֬Y�iӦ�#GN�>���;ϜcA|����ٓV�0aB��&amp#29;�G�&amp#30;��y�9x�`lM�u���N"m&amp#31;K���&amp#16;_����&amp#15;&amp#31;�5k�����4Q�&amp#0;��	��ے�_ݯ�N<?��u��_��Z���M��_~#��+����ۤb�K�%o���O&amp#20;&amp#18; @�&amp#0;&amp#1;&amp#2;&amp#4;&amp#8;&amp#16; @�&amp#0;&amp#1;&amp#2;&amp#4;&amp#8;&amp#16; @�&amp#0;&amp#1;&amp#2;�&amp#2;���&J:K����&amp#5;�,��y��G�;��qtzܤ��&amp#24;�H��n�B=z�&amp#20;~���
�&amp#26;�&amp#20;{���&amp#29;�#U&amp#31;��&Q��g�N�������sd�9$$��&amp#4;1&amp#20;%Z��JQ�ڪ�{��&amp#26;����ju�y�Z�{�*�(Ֆ�tй��<��%D$ȌH�����w��3�$N���9��������k�������^��U	��0�_�*������[l�E�'�%&amp#1;&amp#2;�&amp#19;�䫛n�}/&amp#12;7i����h�t���6���4bl���v�xfI�¹Ms&amp#31;jz䮦�ol���&amp#7;o��yU�iW�B?� @�&amp#0;&amp#1;&amp#2;&amp#4;&amp#8;&amp#16; @�&amp#0;&amp#1;&amp#2;&amp#4;&amp#8;&amp#16; @�&amp#0;&amp#1;&amp#2;�F@���<j7څ@&amp#18;�'�Xxv@O~�.ZuY�&amp#11;��N�Y��e�&amp#23;��*����|>/<��d��X�0��&amp#30;&�_q�Z&amp#16; л&amp#2;�f5}b��Xx&amp#3;}&amp#18;����FOh�)�*&amp#1;&amp#2;&amp#4;&amp#8;&amp#16; @�&amp#0;&amp#1;&amp#2;&amp#4;&amp#8;&amp#16; @�&amp#0;&amp#1;&amp#2;&amp#4;&amp#8;&amp#16;��@����}&amp#4;F�&amp#19;&amp#2;Yn~��w'�j&amp#17;��=d�yz�B�|��=�J&amp#0;>��,^�'���I���i�t*������gY|�Y�&amp#4;&amp#8;�!�&amp#25;�5}v��'&amp#30;�CS�f*�l���+�6~I7M�"@�&amp#0;&amp#1;&amp#2;&amp#4;&amp#8;&amp#16; @�&amp#0;&amp#1;&amp#2;&amp#4;&amp#8;&amp#16; @�&amp#0;&amp#1;&amp#2;&amp#4;:
&amp#8;�w4Q�&amp#31;&amp#5;����{�I�<��lĞ�x�RH�>۽'��X�f�m���}jz&C�@'&amp#2;����Ń&amp#27; �X�)�5m�c'���&amp#0;&amp#1;&amp#2;&amp#4;&amp#8;&amp#16; @�&amp#0;&amp#1;&amp#2;&amp#4;&amp#8;&amp#16; @�&amp#0;&amp#1;&amp#2;&amp#4;&amp#8;&amp#16;�V@��[&amp#30;'��@ָ�w�}�&amp#12;�5�F��;���&amp#18;����h>9�'O�l]{�V��&amp#6;&amp#23;�&amp#26;�/��Og�O&amp#14;��_l]{��L�&amp#0;&amp#1;&amp#2;&amp#4;&amp#8;&amp#16; @�&amp#0;&amp#1;&amp#2;&amp#4;&amp#8;&amp#16; @�&amp#0;&amp#1;&amp#2;&amp#4;�#�&amp#21;���?���&amp#25;ߨ&amp#4;��@&amp#2;����&amp#11;3��#G��E�Yv�`���gĈ&amp#17;�n�i�y	��=:�!�W&amp#5;������������m��~�~�}�ј&amp#19;&amp#1;&amp#2;&amp#4;&amp#8;&amp#16; @�&amp#0;&amp#1;&amp#2;&amp#4;&amp#8;&amp#16; @�&amp#0;&amp#1;&amp#2;&amp#4;&amp#8;4�@�����Z��&amp#6;�3�5Vࡇ&amp#30;�3gNn/��&amp#19;��/H^�I�?k�3�q��M�8q�&amp#21;wc&amp#4;�x���k��7��]�{l�1_�[S2&amp#27;&amp#2;&amp#4;&amp#8;&amp#16; @�&amp#0;&amp#1;&amp#2;&amp#4;&amp#8;&amp#16; @�&amp#0;&amp#1;&amp#2;&amp#4;&amp#8;&amp#16; �P&amp#2;mmm��7�&amp#19;3�Z	̝;7A���$�>|���/sϢ�E�&amp#22;U�O$�>v��Zݺq&amp#8;&amp#16;X=&amp#2;W�����4=����}ez&amp#29;8��ȳ�^}��\�-&amp#1;&amp#2;&amp#4;&amp#8;&amp#16; @�&amp#0;&amp#1;&amp#2;&amp#4;&amp#8;&amp#16; @�&amp#0;&amp#1;&amp#2;&amp#4;&amp#8;&amp#16; P- �^-�@!��3�̜9s޼y�&amp#25;4hаa�&amp#6;&amp#15;&amp#30;\�]}���x��K�f�ѣGo��F�&amp#25;w�ݑ�	&amp#16;����������\VO��&amp#14;nz��M&amp#19;6��&amp#28;�M�&amp#0;&amp#1;&amp#2;&amp#4;&amp#8;&amp#16; @�&amp#0;&amp#1;&amp#2;&amp#4;&amp#8;&amp#16; @�&amp#0;&amp#1;&amp#2;&amp#4;�&amp#8;�����ɯ&amp#17;��M�.��&amp#31;|֬Y	�g�&amp#4;ݳ�}Ȑ!�i���~:��+����'L���뮦�tK�@�&amp#4;�xA�şlz��ZO`�M��|ZӞG�z\�&amp#17; @�&amp#0;&amp#1;&amp#2;&amp#4;&amp#8;&amp#16; @�&amp#0;&amp#1;&amp#2;&amp#4;&amp#8;&amp#16; @�&amp#0;�5W@2�5�ٺ��&amp#19;x��GgϞ�lٲt9`��Dܳ��Zk��+#䕗lОX{����?~��^�\'&amp#4;&amp#8;�Q��~���/7-�[��&amp#24;�t���&amp#14;9�&amp#22;c&amp#25;�&amp#0;&amp#1;&amp#2;&amp#4;&amp#8;&amp#16; @�&amp#0;&amp#1;&amp#2;&amp#4;&amp#8;&amp#16; @�&amp#0;&amp#1;&amp#2;&amp#4;&amp#8;�'��������+�U&amp#17;��&amp#11;�=�X�tO\�r}&amp#22;��e�&amp#3;&amp#7;&amp#14;\�&amp#30;�}��,��Z��r���(~�h_o�����W�C�&amp#16; �`&amp#2;˖6��M��V�#w���o0�i�w5�wBӀA�k&amp#8;�&amp#18; @�&amp#0;&amp#1;&amp#2;&amp#4;&amp#8;&amp#16; @�&amp#0;&amp#1;&amp#2;&amp#4;&amp#8;&amp#16; @�&amp#0;�~,`u{?~�n}�&amp#4;�ϟ��&amp#19;O<��	�W:Ht<&amp#17;�|��=k�[���2�4H�|�^K>Y����	�����1cƬ��:�F�Z�&amp#25;��&amp#0;�&amp#6;&amp#23;��&amp#23;M���K��m߷�&amp#23;>&amp#3;&amp#7;7�rh�noi���^�M&amp#23;&amp#4;&amp#8;&amp#16; @�&amp#0;&amp#1;&amp#2;&amp#4;&amp#8;&amp#16; @�&amp#0;&amp#1;&amp#2;&amp#4;&amp#8;&amp#16; @�@&amp#23;&amp#2;��]��&Э@�剻/X�`��z�n��>���#F�&amp#24;9rd���|u&amp#11;�&amp#4;&amp#8;�+�e�6����t�&amp#31;Vq�{ֲo�W���i��uM&amp#3;V%�F��v�&amp#4;&amp#8;&amp#16; @�&amp#0;&amp#1;&amp#2;&amp#4;&amp#8;&amp#16; @�&amp#0;&amp#1;&amp#2;&amp#4;&amp#8;&amp#16; @�E
$b؜��Y��";r9��,���K�,�쿞��9��b��_O(���=�ߓ|����СCs؟��;&amp#1;&amp#2;�	�{���&amp#30;��i����&amp#30;hz򑦅�7=��)���If�!#�F��4f���6i��E�ė4M��4z|w}:G�&amp#0;&amp#1;&amp#2;&amp#4;&amp#8;&amp#16; @�&amp#0;&amp#1;&amp#2;&amp#4;&amp#8;&amp#16; @�&amp#0;&amp#1;&amp#2;&amp#4;&amp#8;�����-�?&amp#2;&amp#4;&amp#8;&amp#16; @�&amp#0;&amp#1;&amp#2;&amp#4;&amp#8;&amp#16; @�&amp#0;&amp#1;&amp#2;&amp#4;&amp#8;&amp#16; @�&amp#0;&amp#1;&amp#2;&amp#4;&amp#8;&amp#16;�&amp#7;&amp#2;ֵ����&amp#22;	&amp#16; @�&amp#0;&amp#1;&amp#2;&amp#4;&amp#8;&amp#16; @�&amp#0;&amp#1;&amp#2;&amp#4;&amp#8;&amp#16; @�&amp#0;&amp#1;&amp#2;&amp#4;&amp#8;&amp#16; @�W&amp#5;��Z��WEuF�&amp#0;&amp#1;&amp#2;&amp#4;&amp#8;&amp#16; @�&amp#0;&amp#1;&amp#2;&amp#4;&amp#8;&amp#16; @�&amp#0;&amp#1;&amp#2;&amp#4;&amp#8;&amp#16; @�&amp#0;&amp#1;&amp#2;�@�}�������f�"&amp#1;&amp#2;&amp#4;&amp#8;&amp#16; @�&amp#0;&amp#1;&amp#2;&amp#4;&amp#8;&amp#16; @�&amp#0;&amp#1;&amp#2;&amp#4;&amp#8;&amp#16; @�&amp#0;&amp#1;&amp#2;&amp#4;&amp#8;&amp#16;�5&amp#1;��{�RG&amp#4;&amp#8;&amp#16; @�&amp#0;&amp#1;&amp#2;&amp#4;&amp#8;&amp#16; @�&amp#0;&amp#1;&amp#2;&amp#4;&amp#8;&amp#16; @�&amp#0;&amp#1;&amp#2;&amp#4;&amp#8;&amp#16; �O&amp#4;ړ�[��O&amp#30;��$@�&amp#0;&amp#1;&amp#2;&amp#4;&amp#8;&amp#16; @�&amp#0;&amp#1;&amp#2;&amp#4;&amp#8;&amp#16; @�&amp#0;&amp#1;&amp#2;&amp#4;&amp#8;&amp#16; @�&amp#0;�^&amp#20;�L�&amp#23;1uE�&amp#0;&amp#1;&amp#2;&amp#4;&amp#8;&amp#16; @�&amp#0;&amp#1;&amp#2;&amp#4;&amp#8;&amp#16; @�&amp#0;&amp#1;&amp#2;&amp#4;&amp#8;&amp#16; @�&amp#0;&amp#1;&amp#2;�E@2����'&amp#1;&amp#2;&amp#4;&amp#8;&amp#16; @�&amp#0;&amp#1;&amp#2;&amp#4;&amp#8;&amp#16; @�&amp#0;&amp#1;&amp#2;&amp#4;&amp#8;&amp#16; @�&amp#0;&amp#1;&amp#2;&amp#4;&amp#8;���p{/b�&amp#0;&amp#1;&amp#2;&amp#4;&amp#8;&amp#16; @�&amp#0;&amp#1;&amp#2;&amp#4;&amp#8;&amp#16; @�&amp#0;&amp#1;&amp#2;&amp#4;&amp#8;&amp#16; @�&amp#0;&amp#1;&amp#2;&amp#4;���p{y��&amp#0;&amp#1;&amp#2;&amp#4;&amp#8;&amp#16; @�&amp#0;&amp#1;&amp#2;&amp#4;&amp#8;&amp#16; @�&amp#0;&amp#1;&amp#2;&amp#4;&amp#8;&amp#16; @�&amp#0;&amp#1;&amp#2;&amp#4;zK���M���0�C�&amp#0;&amp#1;&amp#2;&amp#4;&amp#8;&amp#16; @�&amp#0;&amp#1;&amp#2;&amp#4;&amp#8;&amp#16; @�&amp#0;&amp#1;&amp#2;&amp#4;&amp#8;&amp#16; @�&amp#0;&amp#1;&amp#2;�E �������u�&amp#4;&amp#8;&amp#16; @�&amp#0;&amp#1;&amp#2;&amp#4;&amp#8;&amp#16; @�&amp#0;&amp#1;&amp#2;&amp#4;&amp#8;&amp#16; @�&amp#0;&amp#1;&amp#2;&amp#4;&amp#8;&amp#16; @��&amp#4;�n�%H�&amp#16; @�&amp#0;&amp#1;&amp#2;&amp#4;&amp#8;&amp#16; @�&amp#0;&amp#1;&amp#2;&amp#4;&amp#8;&amp#16; @�&amp#0;&amp#1;&amp#2;&amp#4;&amp#8;&amp#16; @�@&amp#18;&amp#16;n�OO۽&amp#18; @�&amp#0;&amp#1;&amp#2;&amp#4;&amp#8;&amp#16; @�&amp#0;&amp#1;&amp#2;&amp#4;&amp#8;&amp#16; @�&amp#0;&amp#1;&amp#2;&amp#4;&amp#8;&amp#16; @�@/	&amp#8;��&amp#18;�n&amp#8;&amp#16; @�&amp#0;&amp#1;&amp#2;&amp#4;&amp#8;&amp#16; @�&amp#0;&amp#1;&amp#2;&amp#4;&amp#8;&amp#16; @�&amp#0;&amp#1;&amp#2;&amp#4;&amp#8;&amp#16; @��&amp#8;���ڻ��<m7J�&amp#0;&amp#1;&amp#2;&amp#4;&amp#8;&amp#16; @�&amp#0;&amp#1;&amp#2;&amp#4;&amp#8;&amp#16; @�&amp#0;&amp#1;&amp#2;&amp#4;&amp#8;&amp#16; @�&amp#0;&amp#1;&amp#2;�'`u{�Y�&amp#0;&amp#1;&amp#2;&amp#4;&amp#8;&amp#16; @�&amp#0;&amp#1;&amp#2;&amp#4;&amp#8;&amp#16; @�&amp#0;&amp#1;&amp#2;&amp#4;&amp#8;&amp#16; @�&amp#0;&amp#1;&amp#2;&amp#4;���p{�y�n�&amp#0;&amp#1;&amp#2;&amp#4;&amp#8;&amp#16; @�&amp#0;&amp#1;&amp#2;&amp#4;&amp#8;&amp#16; @�&amp#0;&amp#1;&amp#2;&amp#4;&amp#8;&amp#16; @�&amp#0;&amp#1;&amp#2;&amp#4;zO@���,�D�&amp#0;&amp#1;&amp#2;&amp#4;&amp#8;&amp#16; @�&amp#0;&amp#1;&amp#2;&amp#4;&amp#8;&amp#16; @�&amp#0;&amp#1;&amp#2;&amp#4;&amp#8;&amp#16; @�&amp#0;&amp#1;&amp#2;�C��������Q�K&amp#2;&amp#4;&amp#8;&amp#16; @�&amp#0;&amp#1;&amp#2;&amp#4;&amp#8;&amp#16; @�&amp#0;&amp#1;&amp#2;&amp#4;&amp#8;&amp#16; @�&amp#0;&amp#1;&amp#2;&amp#4;&amp#8;&amp#16;�U&amp#1;��{�Sg&amp#4;&amp#8;&amp#16; @�&amp#0;&amp#1;&amp#2;&amp#4;&amp#8;&amp#16; @�&amp#0;&amp#1;&amp#2;&amp#4;&amp#8;&amp#16; @�&amp#0;&amp#1;&amp#2;&amp#4;&amp#8;&amp#16; �?&amp#4;����s�&amp#7;wy�^}�5��w���{u�&amp#4;&amp#26;[`����rˬY�&amp#26;�6̞&amp#0;&amp#1;&amp#2;&amp#4;&amp#8;&amp#16; @�&amp#0;&amp#1;&amp#2;&amp#4;&amp#8;&amp#16; @�&amp#0;&amp#1;&amp#2;&amp#4;&amp#8;&amp#16;��&amp#2;���&amp#3;�&amp#19;�77�o&amp#7;w�&amp#23;&amp#5;�ښf-x��ǟ���%s&amp#23;-&amp#29;;|�����&amp#31;1x�qC�&amp#30;�V�&amp#25;�3g��?��C;��I��϶~ﺇ��?�S��I����&amp#19;����:&amp#21;H���'��x���e�СC�&amp#12;��`��{�?��������|�3&amp#29;�qk�ϟ��C&amp#15;�M��s�&amp#29;;v	�&M&amp#26;9rd��QW&amp#15;=�zРAÆ[k�N���+C�&amp#0;&amp#1;&amp#2;&amp#4;&amp#8;&amp#16; @�&amp#0;&amp#1;&amp#2;&amp#4;&amp#8;&amp#16; @�&amp#0;&amp#1;&amp#2;&amp#4;&amp#8;&amp#16;�(���p{G&amp#22;5�&amp#23;�ꮹ&amp#31;���&amp#30;���T&amp#14;�q�&amp#27;�&amp#31;�K�&amp#27;1x@�V����>�&amp#7;��§��&amp#1;C&amp#6;���&amp#15;}vb���^&amp#20;����~�'v���ɓ�M���&amp#14;;��U�&amp#26;8p`7-k|ꗿ�e���W^��w�{���5���&amp#24;��&amp#30;;��.��⎝&amp#31;��g���&amp#29;O�T�
&amp#31;���o��6ۼ�e/�}�����&amp#22;+u�&amp#26;&amp#19; @�&amp#0;&amp#1;&amp#2;&amp#4;&amp#8;&amp#16; @�&amp#0;&amp#1;&amp#2;&amp#4;&amp#8;&amp#16; @�&amp#0;��,���&amp#3;&amp#18;r��S4��&�ty���p���+7���S�M\}��g&amp#30;|��&amp#31;���e?�aV���&amp#3;��ɋ_&amp#21;��/~�R~x��SƮ�&amp#18;���^,�ى��=�ju&amp#8;���'��7��}�{_��c�U�3��W͙3g&amp#8;��y�o}�[��U._p�&amp#5;y���&amp#11;/�e����囟���&amp#7;?�v�mO:��ۮ|V�f&amp#2;K�,�=���by�뮻n��5&amp#16;&amp#1;&amp#2;&amp#4;&amp#8;&amp#16; @�&amp#0;&amp#1;&amp#2;&amp#4;&amp#8;&amp#16; @�&amp#0;&amp#1;&amp#2;&amp#4;&amp#8;�^��&amp#22;&amp#7;�~�F\#&amp#5;�{�&amp#29;�X��{m��}�l4zH�6������'~v��{�.��X{�H������&�]&amp#30;���>;��˘@&amp#15;&amp#5;&amp#30;~��&amp#15;~��_��Wv�e�&amp#30;^�Z�e���~���&amp#16;뭷^Vc���j���ŋ��4�9d��'>�3�8�&amp#6;��&amp#16;��z�G&amp#30;����ԩ�&amp#25;�(e���r�Yg�f�}���&amp#23;�P>�L�&amp#0;&amp#1;&amp#2;&amp#4;&amp#8;&amp#16; @�&amp#0;&amp#1;&amp#2;&amp#4;&amp#8;&amp#16; @�&amp#0;&amp#1;&amp#2;k�@�����n����P&amp#27;�^&amp#18;G��_&amp#30;�-|��[���2��y���͟��^dͫ�����=6&amp#28;=d���&amp#23;�U�^�g'ֻ���&amp#23;)��:�$W��e˲exV�v����~��&amp#31;��u�{��׾��?��&amp#15;�̾��&amp#6;�&amp#11;��k�&amp#30;?�y&amp#22;ٓ>�&amp#17;\{�ŋ&amp#5;��ӟ�����F���tV�&/+d{��K<�'�߱�<��tϞ�&amp#29;O�Y�&amp#2;���/Vk�:'@�&amp#0;&amp#1;&amp#2;&amp#4;&amp#8;&amp#16; @�&amp#0;&amp#1;&amp#2;&amp#4;&amp#8;&amp#16; @�&amp#0;�>"оw�&amp#26;&amp#16;��#����&amp#5;~{��t���1��O'��&amp#23;��=l����&amp#27;��l��X�@��Q�S��T�x��g���{&amp#18;��K����'�z��'&amp#23;5�*�_:/�S�	����\sM��СC�(xj��o�)S��W��}��;�S��E&amp#22;>��&amp#23;&amp#15;=A�{�7C_~��E�Il��c�9��Q��@e&amp#31;�&amp#26;&amp#12;d&amp#8;&amp#2;&amp#4;&amp#8;&amp#16; @�&amp#0;&amp#1;&amp#2;&amp#4;&amp#8;&amp#16; @�&amp#0;&amp#1;&amp#2;&amp#4;&amp#8;&amp#16;�&amp#11;&amp#2;-Y��&amp#23;�a&amp#14;&amp#4;"p�}O�ｧ�m�[+�=&amp#28;&amp#2;�$0p������C&amp#31;�P&amp#22;7��}�]w�&amp#15;�*g����߿t�Ү&amp#26;Ծ~��&amp#5;�%/Z���C�d���6�|�J��ra��{x���ĭ�O^b�Ч�vڻ���r���~{��cy���>�h�Ϙ7o^ǳ5�yꩧ�p�~���ʛ&amp#4;�?�xf�of�]5�>78cƌ�y�
ז��҃&amp#15;>ؓߋ����|a&amp#15;�&amp#17;�9sf(���EN��#jF�&amp#0;&amp#1;&amp#2;&amp#4;&amp#8;&amp#16; @�&amp#0;&amp#1;&amp#2;&amp#4;&amp#8;&amp#16; @�&amp#0;&amp#1;&amp#2;�"0�Y`�W u�&amp#27;&amp#2;3�G\F&amp#25;�";[��v��&amp#11;nyx�3�_���Y&amp#11;��j��[O&amp#24;��Ա��j\��?2��s����A��1���&amp#23;~}�&amp#1;�'�=9��&amp#23;>s�&amp#3;�1�����=g�6&amp#19;F����6&amp#28;����Z�����5&amp#15;���?�&amp#28;���v�xT&vÌ�7�Xp݃��v��C&amp#6;�5m⨗n8r�)c�I���pb��?�����g.��r#�L&amp#24;���&amp#17;G�b�u�&amp#14;��J�����ی�f.�}����3l�ƣ��q⨁/L���f��&amp#26;r�w31�^��a�&amp#29;���|�H3���3�Wu���ĳ�&amp#12;:&amp#27;~�S䢟8q��[o����=q�b2g�}�&amp#21;W\Q&amp#28;~�K_�<��W��'�����w&amp#22;�M�0�_�j�e��y�Wi?`���/��&amp#3;:^������cO�����O�r�-&amp#15;:�W��U�%�����oM"�J�k^�����,�V
	a&amp#30;}����&amp#11;.�`���嚔�&amp#18;�/�K�rܸq���7�&amp#26;tz�%����*��~=3/���|���K6�`����(&amp#31;u�Q����
�;�(9�d������O�^�V��Y&amp#31;z�&amp#17;&amp#30;4hPq�9���_��8��&amp#7;>��W��8,&amp#23;�y�w��&amp#29;��R9f̘s�=7��C�^�[l��&amp#3;&amp#15;<p饗�p�w�yg�q��n�����^��J��ٳ�&amp#5;Nb��vR�fo{��&amp#14;8��N�ɕ&amp#11;�w^&amp#25;�&amp#6;����+]T���җ�4_�L��,
��&amp#23;o��k��׿>��l��I^w�u�&amp#28;�%�m�ݎ;��&amp#26;P\[)&amp#4;3���mQ������o|cq����M7ݴ���[~��&amp#31;f?���ʩ��w5��{�&amp#29;w�q��:��Kщ&amp#2;&amp#1;&amp#2;&amp#4;&amp#8;&amp#16; @�&amp#0;&amp#1;&amp#2;&amp#4;&amp#8;&amp#16; @�&amp#0;&amp#1;&amp#2;&amp#4;&amp#8;�Q���5�8uC�y&amp#2;[�&amp#31;�X��&amp#15;��E���]��&amp#11;n��s&amp#11;�&amp#11;���.��폝����c����m�&amp#14;>�Tis��O}�&amp#23;�7&amp#26;=�*�������ڣA'�i&amp#22;߿���-|�_Q�T���o��Bf~�1;M]��=�?}nz&amp#30;�Vsb�����&amp#23;^�He��߉�W
�=h�^3����/+��{����<��Y/w��%���O_q��Gl���Ǘ�&amp#22;�L��&amp#31;�&amp#26;�&&amp#17;���&amp#16;���R�܄۫L&amp#26;�0��"��x^VWw�&amp#17;&����E��&amp#30;z�s�W&z��c%(��f���h�����c�-&amp#14;˅D(�Hjꋴ�Y�\�Ӆ����>��믿��aʩ�'��g��DF+A�J`��3o&amp#3;t&amp#12;����/&amp#26;T�L&amp#12;u�=�(������?-��	���vS�6���\��+&amp#25;�&amp#19;u���&amp#11;�S)����^,'4������o����&amp#12;�lzȐ!�&amp#16;��~�E&amp#23;]T&amp#28;V&amp#21;���?��Č���'A��٩S�~�&amp#27;�(Z^v�e]�ۓW?=&amp#20;-3�J���o�馼!q���&amp#23;ԕ6�0�Ī3���I���&amp#23;�&amp#21;͒E?O97R��r����O�\S)��|�?�O$�]� �)�$�畎SN9%_�f�&amp#6;��'?�կ~U�I"��=�j�â�ʩ�&amp#19;�O��2w�$5&amp#25;%�&amp#11;�_�?�i&amp#27;�&amp#4;&amp#8;&amp#16; @�&amp#0;&amp#1;&amp#2;&amp#4;&amp#8;&amp#16; @�&amp#0;&amp#1;&amp#2;&amp#4;&amp#8;&amp#16; Pw�,t&amp#28;P^�W�	�@?&amp#23;�&����+n��h��CWAc�⥯��Չ&amp#31;�&amp#24;<�&amp#3;�LN&amp#20;|��a--�q���>�g����?&amp#30;Y��vё;�l�g�ၓ/m_'z�6�&amp#29;���[�7l�a&amp#3;�?�8Kɳ���G&amp#23;m��?����&amp#31;�u��o���o\��;�'�x�,+��M��?r�]	�_r��!&amp#3;[Vjn&amp#31;��]�@eb&amp#7;o����C7&amp#24;5$&amp#2;7�\��O��&amp#1;o<��[Nݣ�&amp#6;��������\���1_z��i0t�ZY��&amp#29;����;*o&amp#21;��؝&�&amp#28;<r���#&amp#7;�Ԭ4�#&amp#2;U��G�&amp#26;U5��0���>WUYu�Pk&amp#22;�fQr곮7ۓ&amp#23;!��5����u�Y<]��u�{]����m���1&amp#22;[�>a�,&amp#28;Ohv��Ω&amp#4;γav�M҆Ϛ5+��˗$zZ>L9&amp#1;�p{�x&amp#23;��&amp#6;]E�����K^�r婧��({r���&amp#31;Mp�8��&amp#18;BW&amp#28;��B�&amp#27;&amp#12;�����=�A&��L>Q�ʫ&amp#12;��[&amp#26;E�;q�C&amp#24;9���&amp#28;	B��+��ˇ�rp�"�Um����������׿^~&amp#28;Um��.��d5���a����&amp#29;&amp#27;�ۼ���x��w<[��{&amp#3;Y���<+��e�b&amp#31;�Uo���%/&amp#4;t&amp#21;k/���Z@��2&amp#1;&amp#2;&amp#4;&amp#8;&amp#16; @�&amp#0;&amp#1;&amp#2;&amp#4;&amp#8;&amp#16; @�&amp#0;&amp#1;&amp#2;&amp#4;&amp#8;�W ���"�m}�bt&amp#2;&amp#17;x�^����&amp#7;&amp#18;����W��}�v�X�{�&amp#4;���-�ڗ��7��%��o82+����&amp#7;���&amp#31;�0�{=��ɝ$&amp#19;��J����m��&amp#27;&amp#21;͒&amp#1;��&amp#29;&���&amp#14;��uY&amp#23;���&amp#15;}z��&amp#3;:��_|�\�`�9�o�px���S���WN:��;��>kʿ{��cv�X��I!���������痰o5~x&amp#22;�&amp#31;�������U�&amp#15;��W���roK�.���nL�a;N��;w(V�'���]6����~�&amp#15;y&amp#16;�0��/Tn �,).g�N&amp#22;�s�̩��'�����/d&amp#27;�3��M�5&amp#1;ȬPO���C&amp#14;I��ʩ�e&amp#19;&amp#29;�v�m���B6����^T&�|�x&amp#23;��&amp#20;&amp#18;*N\�&amp#28;gMN����Ĉ&amp#17;	�&�_&amp#4;}3t��'0��2�d&amp#29;/����&amp#27;���D�;�5���?fmqqI
Y�^>|��_�+S>UU&amp#30;=ztR�'<\��&amp#12;��</:��"�;�Wu��&amp#15;&amp#19;M/?�tX�3����ߒ �2P�K��O�4)�&amp#1;�u�]�-&��&amp#23;&amp#18;&amp#23;?�#R��͛���rj��?����ƕB���Eҡ's{U�&amp#28;�c���l���I,_~/!m�q��0��:�x&EAQ�·���|&amp#21;��.&amp#15;�*֞�<�� ���oE&amp#30;z�Ùg����뮻nQS.�^�yV�0�+&amp#11;��PTV&amp#26;�'C��߯ld�r&amp#25;!�Y�_�!;�W�3��:"K��H6P(2C��|�2&amp#1;&amp#2;&amp#4;&amp#8;&amp#16; @�&amp#0;&amp#1;&amp#2;&amp#4;&amp#8;&amp#16; @�&amp#0;&amp#1;&amp#2;&amp#4;&amp#8;�5&amp#1;����&amp#19;����|ܰ3޸u&amp#2;�Y����&amp#31;��w���#Vn]u����/&amp#29;�­�+���>����L��&amp#31;^��ʆ������%�X{�&amp#18;t��I�����e�߿��#wݸ8U.�7b�O޵S�`|��߇l������˃����w������&amp#23;�������&amp#28;k/ڏ&amp#27;>(��_��k��9��}¨�%���&amp#3;�2�%&amp#20;���´��&amp#27;�:���~�O&amp#15;~�5�&amp#21;�
$��w�]�'�8z�0�l�^�ɲ��>�Y��`v&amp#17;�N��N���&amp#3;&amp#15;,��<&amp#11;�;�ۯ���r�ox�&amp#27;ʇݔ�[&amp#17;hL��&amp#26;�&amp#16;y��}u&amp#19;��a�d����v&�hq��.��&amp#4;�}�k��&amp#4;/ˑ�J}����n��&E�r471�7ܰ8��Bv&amp#19;Ϧ�E�;&amp#17;��%��'�[Y�_�_&amp#29;��I_����]��E����7�4K�&amp#19;!.�!�5佁����|&amp#26;����O�c��*�@F��}��H?�3&amp#18;ɮ&amp#12;��sV�&amp#23;CW
YR��{��J��&amp#19;N8��B�6����W�K�-[�D�E'	u��_-.ϗ���=��+_9�ӊ��&amp#22;>��O&amp#21;ߥ�&amp#11;&amp#18;�\U��׵&amp#8;�'YB%_B�o�&amp#23; �&amp#1;��h�\�6E')$l_�X_�O&amp#15;����sG]�&amp#16;P�\�&amp#0;&amp#1;&amp#2;&amp#4;&amp#8;&amp#16; @�&amp#0;&amp#1;&amp#2;&amp#4;&amp#8;&amp#16; @�&amp#0;&amp#1;&amp#2;&amp#4;�%�Up�,í�l�K &amp#2;'��Ϗ{Y�k���+�&amp#25;���&amp#30;v�W�1'&amp#25;�{���o�i�=�gc�#wi_�~��=�h�`�۟���)&amp#23;6Yw��
���~1}y&amp#23;S��&amp#1;�u��&amp#23;����&)'&amp#4;~��&amp#20;�=)$a~V�w�2��+�&amp#15;>�T�Mr��p�-��*K�+���&amp#6;�O%�|�Z�>(��#�̘1#Ko��<+�&amp#19;G�o����3�D.��<���?�䋚�&amp#20;˱��g��{��A�Y&amp#0;����]&amp#14;�f'�,&amp#31;/�U
I�]��dʇ]��������	x��&amp#31;,b�O2��&amp#19;P4H��^9/&amp#1;$�\�W�}�&amp#14;�(&amp#23;ͮ��ڢ���+�+q���
&amp#11;�@&amp#21;oqIr�'P=lذ�f5&amp#21;�� &amp#11;��:�r���"���?|��'�&amp#31;b�D|�)���@������&y�!볋��B�C?��&amp#3;�&amp#26;�&amp#15;cR��S��_y�J��΋`yj2��[]�&amp#0;&amp#0;@&amp#0;IDAT��>��I�&amp#28;�&amp#18;@y�y2җ/υ��OyS��/���W����/b���&amp#3;�0_�Ӑ���E�ʗ����&amp#19;�&amp#29;3��˟�&amp#3;2\��2&amp#1;&amp#2;&amp#4;&amp#8;&amp#16; @�&amp#0;&amp#1;&amp#2;&amp#4;&amp#8;&amp#16; @�&amp#0;&amp#1;&amp#2;&amp#4;&amp#8;�5&amp#1;����Ḑ] �����W}����p�0iس>{Ï\��_�=�1�N��4���J�u��p�c+&amp#29;n?v��k&amp#15;\���O�c��M|��&amp#5;�t�,��;��T&��~[����&amp#29;ܻi��T&amp#22;ܯ��R�������&amp#30;x|IQ�����G߻�����c֮���d�"x�>.�&amp#21;�YA�xy�s&amp#31;��&amp#7;&amp#18;�,/q���=���wQ^����&amp#15;?�|�R.&amp#7;�S��~��&amp#28;��@�r���l읅��r�N�7��ⰛB"�Yt^4Ȕʛ�W�8{ڴiE�b��r�6&amp#11;������&amp#7;E��R/��%����?��&amp#20;���|�}9K���>&amp#1;�ͲJ>&amp#11;�&amp#7;&amp#12;h��ɪ�,�|�&amp#11;��mVXN�����җ��&amp#21;�����v���2z�kVXλ&amp#20;E�<�r4����&&amp#11;���)䡗S�'r��&amp#6;]�&amp#6;��������ګ�a���&amp#3;ەS��[�MfX>LV��0K�;�9�jQ��ٳ�K�
y&amp#27;���Aq��"o�&amp#20;�z^���&amp#19;,R#��&amp#19;-	&amp#16; @�&amp#0;&amp#1;&amp#2;&amp#4;&amp#8;&amp#16; @�&amp#0;&amp#1;&amp#2;&amp#4;&amp#8;&amp#16; @��&amp#2;Y�U&amp#29;&amp#3;���L�@&amp#4;�&amp#5;���6��>S~vˣ���C��sn������''����&amp#3;;�J&����W�o�\B��� ��iWU�����WU�&amp#15;�M&amp#28;U9�1��G?�;{�2�&amp#14;&amp#12;&amp#27;�]�>͒�>Y߫���!:-OZ�_q�NϦ2n�1���K��&amp#14;&amp#27;���O-+W�ˏ.�W�}����.�Un �D���/V-�����yq/I�]��BE�X:����Ϣͯ~���N��k�T&amp#5;8��:&amp#22;�"�&amp#3;&amp#7;&amp#14;�tJYJ^\�-�+��&amp#4;R���&amp#19;�O!��$!���Dp�;J����~�&amp#18;���?�QiS���M���rb�&amp#31;��G����)&amp#23;"v�I'%#z&amp#6;-�&amp#12;=��&amp#23;����Þ&amp#23;�\E]�6#&U@y��٢�&amp#4;�Yi=o޼��}��o�{Q|r��E��&amp#8;��D��=K��&A�2�E9��&amp#31;�+_��r�J���=5��'��cǎ-�)&amp#20;��Jev&amp#7;(�f9~�7&amp#20;�E!O�(�0s�̪�wq6�/&amp#20;�^T�P5�ŋW��tR�&A�&amp#27;Hv���~�a��U�n��g�L�&amp#0;&amp#1;&amp#2;&amp#4;&amp#8;&amp#16; @�&amp#0;&amp#1;&amp#2;&amp#4;&amp#8;&amp#16; @�&amp#0;&amp#1;&amp#2;u&amp#23;���&amp#1;�iN�m&amp#31;&amp#2;}O [�&amp#31;�Ä�y�ɧοf�鿽/�����}?���ˎ�i�	/X�[�����Ǵ:���k��&amp#6;
�8}�}V*�(>i�3ÙY���誖��]AP<�7&amp#24;�&amp#30;��w%_&amp#5;(��W�X&amp#28;v��~�q�P��D�G���k7��}��&amp#22;���͆���,�T��[:q뎓�
�w����"�>z��D܋��)�wX�>�Ņ	��|�xb�Ņ)|���-&amp#31;vZ.��&amp#27;o�q�o&amp#23;˝�(��a|yG�&amp#29;w�1&amp#1;ԝvک�&amp#27;�-�T����	�v\U������U���w�9+��Hp�\''"�Ç&amp#15;�tR&amp#21;#�>�zW�v_������t�,s�#�ꪫ�&amp#3;�&amp#16;�e�2tY��]�+�y�a���[l�E�*�|�R�r?)w�&amp#31;y՛&amp#1;�Ƶg����w&amp#22;�:��;Ｓ���ʙ&amp#12;���B�rU/j&amp#20;�B�E}�&amp#28;+5��_P��x�{�[�:!�啅|�5�������V��(&�@�&amp#0;&amp#1;&amp#2;&amp#4;&amp#8;&amp#16; @�&amp#0;&amp#1;&amp#2;&amp#4;&amp#8;&amp#16; @�&amp#0;&amp#1;&amp#2;}J�e����>u&amp#15;&��&amp#11;L&amp#28;���&amp#14;���Ͻ��]ۣGY���W��Z�]A�D�W&amp#7;Ȅ�b���\I��i��&amp#21;&amp#6;����V�Olq[[�����#�_���&amp#19;�&amp#30;&amp#28;�����&amp#3;N����Y��ċoO&amp#7;o߹}�{��/�m�&amp#19;a�|ʳ͢��J^�)���Ee��rW�L�	�^s�5�k�t���;��;�R�j��p{W���ET;�U۷gev*���'�yj*W:�L;��x㍕��&amp#29;Ƣ�}�;�(�[�Ƨ�rJ&amp#18;�'�9x����&amp#31;|ҭWz�&amp#22;�E�i��|q�"&amp#11;�-���?��$��l��:��&amp#23;�p>��?��O'�~�c핮�&amp#15;=5�jP���'˙��v~�{�(�kt�[UMW��f�a�P�{^Hr��&amp#26;w5��Zz��&amp#0;��zj���P�g|v&amp#1;�������:^��&amp#0;&amp#1;&amp#2;&amp#4;&amp#8;&amp#16; @�&amp#0;&amp#1;&amp#2;&amp#4;&amp#8;&amp#16; @�&amp#0;&amp#1;&amp#2;&amp#4;j/�P�*����\�H ���c��&amp#28;Ծ�p�H��?&amp#30;�h�}&���{^�����ꦒ.~�3��oz�B��6��sa�&amp#30;έ��ۻ�$��m�����f�}�5�0>��&amp#19;w�5���^��K>��&amp#28;�����wJW=��S&amp#2;Y)�&amp#8;k�e��ܒJ=���\X�hQ�pe�	&amp#18;�wd/&amp#22;7�wmO�&amp#7;&amp#30;x`�{~ꩧz޸c��2�Dг&amp#22;?�&amp#7;���W2�gu{qme[������&amp#20;-;-��G?*�&amp#31;y�o~�S��V[�}���{&amp#2;��&amp#30;{lB�YX_ޥ;K�˹�˽���5�I&amp#0;�ϙg�y�E&amp#23;E>��q�&amp#25;�l�MW��ːp{�&amp#29;�J�Lu�-��a�&amp#29;�s��I��iH>��;E���%�{��:^[��ɺힿ�Q�*K|y�U+�&amp#26;5j�.��Uy/��K/�ߝ^�_��|�3&amp#21;�N&amp#27;�$@�&amp#0;&amp#1;&amp#2;&amp#4;&amp#8;&amp#16; @�&amp#0;&amp#1;&amp#2;&amp#4;&amp#8;&amp#16; @�&amp#0;�� �I&amp#18;�0-s Щ@��&amp#31;�o�+n��=�D���s�N�����&amp#11;�n3a&amp#5;&amp#29;?<�}W�N&amp#23;�?<�&amp#5;&amp#27;&amp#6;w�ѣ&amp#11;�I}vy&amp#31;��&amp#25;�;��7�t�u����_��&amp#15;w?��&amp#25;WW5˺��>d����B�p&amp#14;{Q Q؟��'��������_�^�&amp#25;nʔ)	�&amp#23;�YQ�0f̘�TR�'[���[�Ir�la>lذ����E���7�t��p�����&amp#28;�����_U�U'W|�q"�ł�����ʒ�,�.� OH>&amp#8;��w"ʛl�I��n��E_>[~�`�ԩ�9ꨣ��v���a�[&amp#14;�&amp#30;zh���*'�}�&amp#19;���$�?�s�C$c�!�&amp#28;��F�<?s.�ŗ[&amp#22;�7��ME2���~�m�m��v��&amp#22;i�\��&amp#26;�K:&amp#22;VGZ��-Փ��}�{_ǡ�j&LX�?֫.��É&amp#19;'f��1�&amp#28;s�%����?,�-�q��&amp#20;Ϝ��a�G�&amp#0;&amp#1;&amp#2;&amp#4;&amp#8;&amp#16; @�&amp#0;&amp#1;&amp#2;&amp#4;&amp#8;&amp#16; @�&amp#0;&amp#1;&amp#2;�& ��k�:���>[�M���;��l�&amp#12;4��Xx7#.omK��4��N'Y�&amp#31;|b��v+Y觮7��Qz��&묽��!�-|&�3�}{���j����&amp#26;����&amp#7;V{wP��n�D�����&amp#19;O,&amp#6;J���~��U˅&amp#19;&amp#8;/oX>iҤ"�Z\�}!+��p{Zf��D^&amp#19;�.���^&amp#28;����c�M擠u���rVf'�^l֞H��?^\��n�Uʉ������~V9L����n*�u��xѬR(6��aB�1,7H����;��|g&amp#17;C-�O˜J��%����&amp#5;��g�}�8n"��6&amp#29;˕�&amp#6;E���7�h���&amp#1;Y��:��&amp#29;gRU��?&O��-�+�K�.]�/OUo5>�F��&amp#29;w�;���M�݋/L��Wg:>�&amp#26;O�p&amp#4;&amp#8;&amp#16; @�&amp#0;&amp#1;&amp#2;&amp#4;&amp#8;&amp#16; @�&amp#0;&amp#1;&amp#2;&amp#4;&amp#8;&amp#16; Е@vq�L�+&amp#28;�}W`�ѝĳW�t&amp#31;yn�z7�$�}������9�q����85S���_M��,k}�ׯ�a���v����^u��ȟ&amp#31;&amp#29;��'&amp#15;�B�}5�׬۬{����pYW�q�z�&amp#26;�Xlqm7������[&amp#18;T>�������T����w�G�[&amp#21;n/&amp#2;�=���FEL=G	��c����k�g��p��a�TQ�U��z=����Ԫ�I!��|��u�h�U�G&amp#31;}tqX�By&amp#17;����&amp#29;&amp#7;��{:V�k&amp#18;�~�[�R��_s�5�a
�&amp#24;�|X�r���n���❀����lg��A�}!�&amp#3;~��&amp#31;�_�H���p#=�&amp#11;-	&amp#16; @�&amp#0;&amp#1;&amp#2;&amp#4;&amp#8;&amp#16; @�&amp#0;&amp#1;&amp#2;&amp#4;&amp#8;&amp#16; Я&amp#4;�����^sn6&amp#17;���6&amp#19;���~v���;�&amp#25;�&amp#6;Y)�i��l﴾R��g���C)o�~���w?~݃�Xo�9�o7d�7o�y8yꤓN*����ΪZZ]&amp#14;��駟�&amp#5;��KzR~��__4�&amp#6;�W_���&amp#4;&amp#7;&amp#29;t���+�eN&amp#4;�&amp#28;�>���&amp#31;|�����&amp#20;�B�h�8zb���&amp#4;����8U޾���sy1qUF��N&amp#11;�]��ɯ���2nl;�'�����;֯���Z�NG�뮻����NO�+�[�G����*��e�&amp#21;��/&amp#26;�za���*����|�|X�ryg���_��{&����&amp#23;&amp#26;R��S+N�R��3&amp#16;&amp#1;&amp#2;&amp#4;&amp#8;&amp#16; @�&amp#0;&amp#1;&amp#2;&amp#4;&amp#8;&amp#16; @�&amp#0;&amp#1;&amp#2;&amp#4;&amp#8;�&amp#5;Z�)&amp#31;+&amp#19;��&amp#2;3�|�{�>�y�Z�l�����&amp#31;j&amp#15;�w�Y���3��?�N�w��&amp#1;��Z��߷7����b�9��]6�M���0cA:�v�&amp#17;�ۭ����&amp#6;&amp#27;lp�	'�'���~���:&amp#27;l�W�g��&amp#15;}�Cs�t�GC����G?J:�ro�r��ě��{�&�����B���~��ˍ��@y�zqj��ŉm玊�J��/{QYlN��>�&amp#20;�)�&amp#30;=��̾H?��D��|�e����G>�$&amp#3;omm-�ʒ��.��=�yOQS&amp#20;&amp#18;&amp#12;^ٗ	�kW�P������}��G&amp#30;y�c&amp#31;�X���rvI/�N(�rO���&amp#23;]]���&amp#15;=��r"��.�,��w�&amp#18;���ӿ��o��/Y&amp#29;��x㍋n�KQ���r*C�_�.&amp#6;�oKqU�Q&amp#20;�&amp#20;���/�R&@�&amp#0;&amp#1;&amp#2;&amp#4;&amp#8;&amp#16; @�&amp#0;&amp#1;&amp#2;&amp#4;&amp#8;&amp#16; @�&amp#0;��&amp#11;ػ���&amp#4;VB`�S�&amp#14;���&amp#11;�Y�k�m�V���h����u��ӆZ�����[�s�m�Y���ϯ��jv���{��}������5&amp#15;����9�?��f돨т�]6&amp#29;�&amp#17;|ӣ&amp#23;^��n�ǌZ{�Z-͕�\�y�Z��4Pi��&amp#16;8����ӟ&�^�m&amp#22;._~��&amp#7;&amp#31;|p1������&amp#0;_&amp#28;fyzR���~��}ԨQY&amp#12;=w���o���F<	�;�&amp#31;������m�I��u�/}�K�*{r�dډ��y睕�Y��&amp#17;G$X��&amp#22;[�&amp#31;?~�����&amp#3;&amp#15;<P�x&amp#19;�.w�]���s�lw]�L�c��l��1����W]��a&amp#18;�_p�&amp#5;�6&amp#31;���&amp#19;GO����3g�,��m*�d&amp#8;�g6w/�@�ج&amp#23;k2P�q��O*�iӦ&amp#25;2$&amp#20;&amp#29;�&amp#27;�f�7��U��4Nf��&amp#5;�f�U8�	�z�&amp#31;��&amp#7;�k�=��+��2_��j0`���M�O���dz8��&amp#19;WǄ'M�TL ��2�Q�L"O<�v����c�=f͚u�s�����J"�&amp#19;&LH2�|��ʶy-f����&amp#14;�	&amp#16; @�&amp#0;&amp#1;&amp#2;&amp#4;&amp#8;&amp#16; @�&amp#0;&amp#1;&amp#2;&amp#4;&amp#8;&amp#16; @�O	&amp#8;����ѯ's�#&amp#11;���[��z�}�&amp#28;���Q&amp#3;�/�[Aiϵ~�C���JT�k����7i�&amp#22;��ވ�W�1g�/��&amp#7;��a��QŸYm�&amp#5;7W&amp#18;�栩�&amp#15;*Nu,�{��?v��&amp#31;�w�����'T������4&amp#30;1x��^�iǫVS��S�y˴&amp#18;k���n�8DR�l��#v���m�ki�W&amp#24;�c35}Y`РA��rJb��$���/%j>v���H��h��&amp#23;�P4�b܎���l��N��Y�j�S�5x"�	�����s�rM7�D�;�B��U����Y�\U�򗿼���ü&amp#4;�x�"�,�/V�W]���eˊ�������g�=u�Ԫ���0O*c&amp#21;=g���ϧ�I!�It�@�r�]vɽT�f��'r_��Ka����w�}�Y&amp#22;r;?��&amp#15;j9�&amp#3;&amp#15;<�s�)�����Tj��_9��&amp#23;^Xn\U���Pu�!&amp#1;&amp#2;&amp#4;&amp#8;&amp#16; @�&amp#0;&amp#1;&amp#2;&amp#4;&amp#8;&amp#16; @�&amp#0;&amp#1;&amp#2;&amp#4;&amp#8;�W IL����&amp#8;����������'�'��S����c�$Ƚx��;&amp#31;]T��WZ'�}�+_�|��^V[�g��t�wn������/��K7&amp#26;���o~x�c&amp#11;�����ö9a�M�&amp#26;��'�Z{�i����+�Ο�>i���,]���\���%G����]u�j������յ3�==sޣ?��ѽ6_��&amp#19;^�U���.W�G&amp#4;&amp#18;\O��b�l"�_�򗳬��^�og��'>�&amp#4;Y��ʅ�b�&amp#24;y}�k_[n�R�y�r��}�sY{�R&amp#23;V&amp#26;��e��$�^�&amp#18;�RY$�/�H&amp#30;�J/&amp#14;{X�:�'�|�k_��
�'n�=�&amp#23;.\x��VVW�<�c�9&9�������Uk��&amp#5;�ޮ��g�ĉ�&amp#19;'�����Zu��0�R&amp#28;v�aU��'�\լ.�y�!O��3Έm]&���G&amp#30;y䷿��&amp#23;?z�%t|S��w�&amp#7;&amp#2;&amp#4;&amp#8;&amp#16; @�&amp#0;&amp#1;&amp#2;&amp#4;&amp#8;&amp#16; @�&amp#0;&amp#1;&amp#2;&amp#4;&amp#8;&amp#16;�-��&amp#31;�����&amp#23;+�&amp#8;��&amp#15;��w����ι�+��;&amp#30;]�?E�	r��+'&[{���+�ϓ&amp#15;�h�i!i�S����V�&amp#7;u��z&amp#26;O&amp#26;��-���_�s��3&amp#18;b�V�E&amp#15;	H��[���j��b��&amp#1;���:�!7��}�Tz�<v�w���&amp#3;��4����+ݖ��/om;������&amp#25;�@^\8x��7&amp#24;5x���-��=�����K����̂�,���O�y֛�)�W�/&amp#8;$3vy&amp#26;ݤ�N.�"ܞK��79����&amp#29;v�!��')z��&amp#23;Y�˝�A2�'#w��(�_$�ٗ��Y_���E��B�T����A&amp#14;�X��3ϼ�+�N�����&amp#24;7M`��&amp#3;&amp#14;(� ^t2r����.&amp#7;�w�m��lQ&amp#8;`r�g�|Q�&amp#27;�t2E��
��f5��矟��USM�?Y�3�������&amp#2;Y��%��&amp#29;w\�g|.y��ߞU�yk��!*�=�]��'5y���3(F���<����=K�3��&amp#22;z݀䍊r�=O��7&amp#6;z�Ы�T�l�w��&amp#29;��<�C��7��l�^��Pn�G�Oڔ+�F�:,Z&&amp#1;CQN��r����s?��ӫֲ畎ʯF���|�~&amp#5;u�ϔ��!/4t�{T��!&amp#1;&amp#2;&amp#4;&amp#8;&amp#16; @�&amp#0;&amp#1;&amp#2;&amp#4;&amp#8;&amp#16; @�&amp#0;&amp#1;&amp#2;&amp#4;&amp#8;�K�����^c&amp#27;�@�&amp#2;O?��آg�M{ֻ�{�}��ƣ�LZghV�w�~�V�������d�&amp#15;|j�GOaYk�ݏ-~t�39���7&amp#27;7���ә|����z�]��6�[��m���EK�|�§�%&amp#16;�̈́&amp#17;c��z_�o����.�-����{n=~x�ӮT&����Kyٙ���6��ĩ&amp#6;&amp#18;HΓ�*={�짟~:۷�&amp#0;aǥ�5���"���&amp#15;&����G?���j<�&amp#30;&amp#14;�hѢ
`��N&amp#4;zܸq=�����͛7cƌ&amp#4;��&amp#27;�G���&amp#19;�^�9�x�Y�_\��:&amp#14;?����&amp#20;&amp#18;՞9sf�B˗/&amp#31;3fL�>���8}��9�Mً=��[�q�\�Uo0�T�#�q̟??� �d�;����>�^��&amp#14;	&amp#16; @�&amp#0;&amp#1;&amp#2;&amp#4;&amp#8;&amp#16; @�&amp#0;&amp#1;&amp#2;&amp#4;&amp#8;&amp#16; @��&amp#2;u�_�pf��[�$i�8f�1}&amp#11; +�+&amp#19;ʦ�[�&amp#31;�?+5����<We��x_��W��i��;We�z����9y�M+���&amp#30;_���a�0�K&amp#26;K A�D&amp#4;��S�^��O��RW�&amp#25;>|x�5��U�>R_yk��L&�&amp#7;ʗ��5�)&amp#31;��r"�YПO�ߦd,�>iA�0�$�|�gD&amp#2;&amp#4;&amp#8;&amp#16; @�&amp#0;&amp#1;&amp#2;&amp#4;&amp#8;&amp#16; @�&amp#0;&amp#1;&amp#2;&amp#4;&amp#8;&amp#16;x�&amp#2;Yپr��^��z Р&amp#2;�e�n�[I���~�;M&amp#26;��&amp#27;&amp#24;:�_i�&amp#23;=�|��5 @��&amp#8;<����~_�l����u��$&amp#21;&amp#8;&amp#16; @�&amp#0;&amp#1;&amp#2;&amp#4;&amp#8;&amp#16; @�&amp#0;&amp#1;&amp#2;&amp#4;&amp#8;&amp#16; @�@�&amp#11;$��p{���@�&amp#22;x������-�W���^�����M�mO��C�&amp#0;�l4�я~����ˇ�&amp#4;&amp#8;&amp#16; @�&amp#0;&amp#1;&amp#2;&amp#4;&amp#8;&amp#16; @�&amp#0;&amp#1;&amp#2;&amp#4;&amp#8;&amp#16; @��&amp#8;H&���;%�.���!�&amp#24;�&amp#5;���S��&amp#6;e����bz&amp#26;�l���o0��Ĝ"@��&amp#2;7�t���&amp#3;&amp#7;&amp#15;&amp#30;|����}����w_1�W��&amp#21;�l�Mq�@�&amp#0;&amp#1;&amp#2;&amp#4;&amp#8;&amp#16; @�&amp#0;&amp#1;&amp#2;&amp#4;&amp#8;&amp#16; @�&amp#0;&amp#1;&amp#2;&amp#4;��@kk�$��"��s��&amp#0;��^�޹���_L�r��7�0�S��g-|�����}O��&amp#31;�e�mT&amp#18; �O&amp#4;N<��%K�t�١C��|��&amp#29;��&amp#16; @�&amp#0;&amp#1;&amp#2;&amp#4;&amp#8;&amp#16; @�&amp#0;&amp#1;&amp#2;&amp#4;&amp#8;&amp#16; @�&amp#0;�� ���"��&amp#31;&amp#30;�{$�&amp#2;��9t�[&amp#30;Yx݃�&amp#14;;����&amp#15;��7�����F&amp#12;zj���&amp#22;-�5���n����k.>jǽ6_�&amp#5;�; @��s&amp#2;g�y�&�l&amp#2;�&amp#0;&amp#1;&amp#2;&amp#4;&amp#8;&amp#16; @�&amp#0;&amp#1;&amp#2;&amp#4;&amp#8;&amp#16; @�&amp#0;&amp#1;&amp#2;&amp#4;&amp#8;�O��l&amp#31;��{��ywM��
&amp#12;&amp#31;��&amp#21;ǿ����W�wǣ�>|ٝ&amp#29;)F&amp#12;&amp#30;p�7=r׍'��k{G&amp#30;5&amp#4;����i�N:�-�����&amp#19;�?&amp#1;&amp#2;&amp#4;&amp#8;&amp#16; @�&amp#0;&amp#1;&amp#2;&amp#4;&amp#8;&amp#16; @�&amp#0;&amp#1;&amp#2;&amp#4;��@sB�����&amp#19;�F �&amp#31;�_t۳�[O�V����w̹��Y{n���^�a7&amp#3;���&amp#19;K����yw�^t��%Yھ��A&amp#19;F&amp#14;�0j�&amp#6;���|���&amp#3;��S��bP&amp#2;}N�W����&amp#15;?<gΜ�����m��v�m��fiB&amp#4;&amp#8;&amp#16; @�&amp#0;&amp#1;&amp#2;&amp#4;&amp#8;&amp#16; @�&amp#0;&amp#1;&amp#2;&amp#4;&amp#8;&amp#16; @��&amp#2;ٻ�y���&amp#22;�ז�h&amp#4;&amp#8;&amp#16; @�&amp#0;&amp#1;&amp#2;&amp#4;&amp#8;&amp#16; @�&amp#0;&amp#1;&amp#2;&amp#4;&amp#8;&amp#16; @�&amp#0;&amp#1;&amp#2;&amp#4;&amp#8;&amp#16; ��&amp#2;V�7�#t&amp#3;&amp#4;&amp#8;&amp#16; @�&amp#0;&amp#1;&amp#2;&amp#4;&amp#8;&amp#16; @�&amp#0;&amp#1;&amp#2;&amp#4;&amp#8;&amp#16; @�&amp#0;&amp#1;&amp#2;&amp#4;&amp#8;&amp#16; P{�&amp#22;��k�nD&amp#2;&amp#4;&amp#8;&amp#16; @�&amp#0;&amp#1;&amp#2;&amp#4;&amp#8;&amp#16; @�&amp#0;&amp#1;&amp#2;&amp#4;&amp#8;&amp#16; @�&amp#0;&amp#1;&amp#2;&amp#4;&amp#8;&amp#16;ht&amp#1;��&amp#27;�	�?&amp#1;&amp#2;&amp#4;&amp#8;&amp#16; @�&amp#0;&amp#1;&amp#2;&amp#4;&amp#8;&amp#16; @�&amp#0;&amp#1;&amp#2;&amp#4;&amp#8;&amp#16; @�&amp#0;&amp#1;&amp#2;&amp#4;&amp#8;�A��&amp#14;c&amp#26;�&amp#0;&amp#1;&amp#2;&amp#4;&amp#8;&amp#16; @�&amp#0;&amp#1;&amp#2;&amp#4;&amp#8;&amp#16; @�&amp#0;&amp#1;&amp#2;&amp#4;&amp#8;&amp#16; @�&amp#0;&amp#1;&amp#2;&amp#4;&amp#8;4�@&amp#18;ɷ���6�-�;&amp#1;&amp#2;&amp#4;&amp#8;&amp#16; @�&amp#0;&amp#1;&amp#2;&amp#4;&amp#8;&amp#16; @�&amp#0;&amp#1;&amp#2;&amp#4;&amp#8;&amp#16; @�&amp#0;&amp#1;&amp#2;&amp#4;&amp#8;&amp#16;��@s>�n����&amp#8;&amp#16; @�&amp#0;&amp#1;&amp#2;&amp#4;&amp#8;&amp#16; @�&amp#0;&amp#1;&amp#2;&amp#4;&amp#8;&amp#16; @�&amp#0;&amp#1;&amp#2;&amp#4;&amp#8;&amp#16; @��&amp#5;$�o�g�&amp#14;&amp#8;&amp#16; @�&amp#0;&amp#1;&amp#2;&amp#4;&amp#8;&amp#16; @�&amp#0;&amp#1;&amp#2;&amp#4;&amp#8;&amp#16; @�&amp#0;&amp#1;&amp#2;&amp#4;&amp#8;&amp#16; @��&amp#2;���k;��&amp#8;&amp#16; @�&amp#0;&amp#1;&amp#2;&amp#4;&amp#8;&amp#16; @�&amp#0;&amp#1;&amp#2;&amp#4;&amp#8;&amp#16; @�&amp#0;&amp#1;&amp#2;&amp#4;&amp#8;&amp#16; @�@�&amp#11;$�.�|�?E7@�&amp#0;&amp#1;&amp#2;&amp#4;&amp#8;&amp#16; @�&amp#0;&amp#1;&amp#2;&amp#4;&amp#8;&amp#16; @�&amp#0;&amp#1;&amp#2;&amp#4;&amp#8;&amp#16; @�&amp#0;&amp#1;&amp#2;�&amp#23;�����F$@�&amp#0;&amp#1;&amp#2;&amp#4;&amp#8;&amp#16; @�&amp#0;&amp#1;&amp#2;&amp#4;&amp#8;&amp#16; @�&amp#0;&amp#1;&amp#2;&amp#4;&amp#8;&amp#16; @�&amp#0;��&amp#22;hO&��ƾ	�'@�&amp#0;&amp#1;&amp#2;&amp#4;&amp#8;&amp#16; @�&amp#0;&amp#1;&amp#2;&amp#4;&amp#8;&amp#16; @�&amp#0;&amp#1;&amp#2;&amp#4;&amp#8;&amp#16; @�&amp#0;&amp#1;&amp#2;5&amp#23;�L���&amp#6;$@�&amp#0;&amp#1;&amp#2;&amp#4;&amp#8;&amp#16; @�&amp#0;&amp#1;&amp#2;&amp#4;&amp#8;&amp#16; @�&amp#0;&amp#1;&amp#2;&amp#4;&amp#8;&amp#16; @�&amp#0;��&amp#23;�L��; @�&amp#0;&amp#1;&amp#2;&amp#4;&amp#8;&amp#16; @�&amp#0;&amp#1;&amp#2;&amp#4;&amp#8;&amp#16; @�&amp#0;&amp#1;&amp#2;&amp#4;&amp#8;&amp#16; @�&amp#0;��&amp#11;&amp#8;�ל܀&amp#4;&amp#8;&amp#16; @�&amp#0;&amp#1;&amp#2;&amp#4;&amp#8;&amp#16; @�&amp#0;&amp#1;&amp#2;&amp#4;&amp#8;&amp#16; @�&amp#0;&amp#1;&amp#2;&amp#4;&amp#8;&amp#16; ��&amp#2;���&amp#12;�&amp#1;&amp#1;&amp#2;&amp#4;&amp#8;&amp#16; @�&amp#0;&amp#1;&amp#2;&amp#4;&amp#8;&amp#16; @�&amp#0;&amp#1;&amp#2;&amp#4;&amp#8;&amp#16; @�&amp#0;&amp#1;&amp#2;&amp#4;&amp#8;�V���M����F#@�&amp#0;&amp#1;&amp#2;&amp#4;&amp#8;&amp#16; @�&amp#0;&amp#1;&amp#2;&amp#4;&amp#8;&amp#16; @�&amp#0;&amp#1;&amp#2;&amp#4;&amp#8;&amp#16; @�&amp#0;��&amp#23;H��9?�#�&amp#0;&amp#1;&amp#2;&amp#4;&amp#8;&amp#16; @�&amp#0;&amp#1;&amp#2;&amp#4;&amp#8;&amp#16; @�&amp#0;&amp#1;&amp#2;&amp#4;&amp#8;&amp#16; @�&amp#0;&amp#1;&amp#2;&amp#4;&amp#8;�T����r&amp#27;�&amp#0;&amp#1;&amp#2;&amp#4;&amp#8;&amp#16; @�&amp#0;&amp#1;&amp#2;&amp#4;&amp#8;&amp#16; @�&amp#0;&amp#1;&amp#2;&amp#4;&amp#8;&amp#16; @�&amp#0;&amp#1;&amp#2;&amp#4;�&amp#12;&amp#1;��5�9�&amp#11;&amp#2;&amp#4;&amp#8;&amp#16; @�&amp#0;&amp#1;&amp#2;&amp#4;&amp#8;&amp#16; @�&amp#0;&amp#1;&amp#2;&amp#4;&amp#8;&amp#16; @�&amp#0;&amp#1;&amp#2;&amp#4;&amp#8;&amp#16;���p{M�F�&amp#0;&amp#1;&amp#2;&amp#4;&amp#8;&amp#16; @�&amp#0;&amp#1;&amp#2;&amp#4;&amp#8;&amp#16; @�&amp#0;&amp#1;&amp#2;&amp#4;&amp#8;&amp#16; @�&amp#0;&amp#1;&amp#2;k�@kk���׀��&amp#22;&amp#8;&amp#16; @�&amp#0;&amp#1;&amp#2;&amp#4;&amp#8;&amp#16; @�&amp#0;&amp#1;&amp#2;&amp#4;&amp#8;&amp#16; @�&amp#0;&amp#1;&amp#2;&amp#4;&amp#8;&amp#16; @��&amp#2;V��Z�x&amp#4;&amp#8;&amp#16; @�&amp#0;&amp#1;&amp#2;&amp#4;&amp#8;&amp#16; @�&amp#0;&amp#1;&amp#2;&amp#4;&amp#8;&amp#16; @�&amp#0;&amp#1;&amp#2;&amp#4;&amp#8;&amp#16; �&amp#6;&amp#8;&amp#8;��&amp#1;&amp#15;�-&amp#16; @�&amp#0;&amp#1;&amp#2;&amp#4;&amp#8;&amp#16; @�&amp#0;&amp#1;&amp#2;&amp#4;&amp#8;&amp#16; @�&amp#0;&amp#1;&amp#2;&amp#4;&amp#8;&amp#16; @�@�&amp#5;��k-n<&amp#2;&amp#4;&amp#8;&amp#16; @�&amp#0;&amp#1;&amp#2;&amp#4;&amp#8;&amp#16; @�&amp#0;&amp#1;&amp#2;&amp#4;&amp#8;&amp#16; @�&amp#0;&amp#1;&amp#2;&amp#4;&amp#8;&amp#16;ht���6{�7�C4&amp#2;&amp#4;&amp#8;&amp#16; @�&amp#0;&amp#1;&amp#2;&amp#4;&amp#8;&amp#16; @�&amp#0;&amp#1;&amp#2;&amp#4;&amp#8;&amp#16; @�&amp#0;&amp#1;&amp#2;&amp#4;&amp#8;&amp#16;�����u@7$&amp#1;&amp#2;&amp#4;&amp#8;&amp#16; @�&amp#0;&amp#1;&amp#2;&amp#4;&amp#8;&amp#16; @�&amp#0;&amp#1;&amp#2;&amp#4;&amp#8;&amp#16; @�&amp#0;&amp#1;&amp#2;&amp#4;&amp#8;4��p{�?A�'@�&amp#0;&amp#1;&amp#2;&amp#4;&amp#8;&amp#16; @�&amp#0;&amp#1;&amp#2;&amp#4;&amp#8;&amp#16; @�&amp#0;&amp#1;&amp#2;&amp#4;&amp#8;&amp#16; @�&amp#0;�Z&amp#11;���6��47�zd�&amp#17; @�&amp#0;&amp#1;&amp#2;&amp#4;&amp#8;&amp#16; @�&amp#0;&amp#1;&amp#2;&amp#4;&amp#8;&amp#16; @�&amp#0;&amp#1;&amp#2;&amp#4;&amp#8;&amp#16; @�&amp#0;�F&amp#22;h���<s'@�&amp#0;&amp#1;&amp#2;&amp#4;&amp#8;&amp#16; @�&amp#0;&amp#1;&amp#2;&amp#4;&amp#8;&amp#16; @�&amp#0;&amp#1;&amp#2;&amp#4;&amp#8;&amp#16; @�&amp#0;&amp#1;&amp#2;�&amp#22;H��Y�����#@�&amp#0;&amp#1;&amp#2;&amp#4;&amp#8;&amp#16; @�&amp#0;&amp#1;&amp#2;&amp#4;&amp#8;&amp#16; @�&amp#0;&amp#1;&amp#2;&amp#4;&amp#8;&amp#16; @�&amp#0;�&amp#6;&amp#23;H�����&amp#12;M�&amp#0;&amp#1;&amp#2;&amp#4;&amp#8;&amp#16; @�&amp#0;&amp#1;&amp#2;&amp#4;&amp#8;&amp#16; @�&amp#0;&amp#1;&amp#2;&amp#4;&amp#8;&amp#16; @�&amp#0;&amp#1;&amp#2;&amp#4;j.�&amp#30;n���5&amp#31;׀&amp#4;&amp#8;&amp#16; @�&amp#0;&amp#1;&amp#2;&amp#4;&amp#8;&amp#16; @�&amp#0;&amp#1;&amp#2;&amp#4;&amp#8;&amp#16; @�&amp#0;&amp#1;&amp#2;&amp#4;&amp#8;&amp#16; @��&amp#5;ZZZ$�o��g�&amp#4;&amp#8;&amp#16; @�&amp#0;&amp#1;&amp#2;&amp#4;&amp#8;&amp#16; @�&amp#0;&amp#1;&amp#2;&amp#4;&amp#8;&amp#16; @�&amp#0;&amp#1;&amp#2;&amp#4;&amp#8;&amp#16; P/�&amp#22;{�׋޸&amp#4;&amp#8;&amp#16; @�&amp#0;&amp#1;&amp#2;&amp#4;&amp#8;&amp#16; @�&amp#0;&amp#1;&amp#2;&amp#4;&amp#8;&amp#16; @�&amp#0;&amp#1;&amp#2;&amp#4;&amp#8;&amp#16; и&amp#2;V�7�3s&amp#2;&amp#4;&amp#8;&amp#16; @�&amp#0;&amp#1;&amp#2;&amp#4;&amp#8;&amp#16; @�&amp#0;&amp#1;&amp#2;&amp#4;&amp#8;&amp#16; @�&amp#0;&amp#1;&amp#2;&amp#4;&amp#8;&amp#16;��@K�F60&amp#1;&amp#2;&amp#4;&amp#8;&amp#16; @�&amp#0;&amp#1;&amp#2;&amp#4;&amp#8;&amp#16; @�&amp#0;&amp#1;&amp#2;&amp#4;&amp#8;&amp#16; @�&amp#0;&amp#1;&amp#2;&amp#4;&amp#8;&amp#16;hL�$�oimmm�ɛ5&amp#1;&amp#2;&amp#4;&amp#8;&amp#16; @�&amp#0;&amp#1;&amp#2;&amp#4;&amp#8;&amp#16; @�&amp#0;&amp#1;&amp#2;&amp#4;&amp#8;&amp#16; @�&amp#0;&amp#1;&amp#2;&amp#4;&amp#8;&amp#16;��@s>�n���Q	&amp#16; @�&amp#0;&amp#1;&amp#2;&amp#4;&amp#8;&amp#16; @�&amp#0;&amp#1;&amp#2;&amp#4;&amp#8;&amp#16; @�&amp#0;&amp#1;&amp#2;&amp#4;&amp#8;&amp#16; @��&amp#5;$�o�g�&amp#4;&amp#8;&amp#16; @�&amp#0;&amp#1;&amp#2;&amp#4;&amp#8;&amp#16; @�&amp#0;&amp#1;&amp#2;&amp#4;&amp#8;&amp#16; @�&amp#0;&amp#1;&amp#2;&amp#4;&amp#8;&amp#16; P&amp#15;��d��&amp#24;ט&amp#4;&amp#8;&amp#16; @�&amp#0;&amp#1;&amp#2;&amp#4;&amp#8;&amp#16; @�&amp#0;&amp#1;&amp#2;&amp#4;&amp#8;&amp#16; @�&amp#0;&amp#1;&amp#2;&amp#4;&amp#8;&amp#16; @��&amp#5;&amp#18;n�L�����&amp#19; @�&amp#0;&amp#1;&amp#2;&amp#4;&amp#8;&amp#16; @�&amp#0;&amp#1;&amp#2;&amp#4;&amp#8;&amp#16; @�&amp#0;&amp#1;&amp#2;&amp#4;&amp#8;&amp#16; @�@�&amp#4;�n���q	&amp#16; @�&amp#0;&amp#1;&amp#2;&amp#4;&amp#8;&amp#16; @�&amp#0;&amp#1;&amp#2;&amp#4;&amp#8;&amp#16; @�&amp#0;&amp#1;&amp#2;&amp#4;&amp#8;&amp#16; @�Q&amp#5;ړ��Q�o�&amp#4;&amp#8;&amp#16; @�&amp#0;&amp#1;&amp#2;&amp#4;&amp#8;&amp#16; @�&amp#0;&amp#1;&amp#2;&amp#4;&amp#8;&amp#16; @�&amp#0;&amp#1;&amp#2;&amp#4;&amp#8;&amp#16; @�N&amp#2;���	ް&amp#4;&amp#8;&amp#16; @�&amp#0;&amp#1;&amp#2;&amp#4;&amp#8;&amp#16; @�&amp#0;&amp#1;&amp#2;&amp#4;&amp#8;&amp#16; @�&amp#0;&amp#1;&amp#2;&amp#4;&amp#8;&amp#16; ��&amp#2;��7��3w&amp#2;&amp#4;&amp#8;&amp#16; @�&amp#0;&amp#1;&amp#2;&amp#4;&amp#8;&amp#16; @�&amp#0;&amp#1;&amp#2;&amp#4;&amp#8;&amp#16; @�&amp#0;&amp#1;&amp#2;&amp#4;&amp#8;&amp#16;���p{��K�&amp#0;&amp#1;&amp#2;&amp#4;&amp#8;&amp#16; @�&amp#0;&amp#1;&amp#2;&amp#4;&amp#8;&amp#16; @�&amp#0;&amp#1;&amp#2;&amp#4;&amp#8;&amp#16; @�&amp#0;&amp#1;&amp#2;�, ���O��	&amp#16; @�&amp#0;&amp#1;&amp#2;&amp#4;&amp#8;&amp#16; @�&amp#0;&amp#1;&amp#2;&amp#4;&amp#8;&amp#16; @�&amp#0;&amp#1;&amp#2;&amp#4;&amp#8;&amp#16; @�&amp#30;&amp#2;mmm����7&&amp#1;&amp#2;&amp#4;&amp#8;&amp#16; @�&amp#0;&amp#1;&amp#2;&amp#4;&amp#8;&amp#16; @�&amp#0;&amp#1;&amp#2;&amp#4;&amp#8;&amp#16; @�&amp#0;&amp#1;&amp#2;&amp#4;&amp#8;4�@����i�[0w&amp#2;&amp#4;&amp#8;&amp#16; @�&amp#0;&amp#1;&amp#2;&amp#4;&amp#8;&amp#16; @�&amp#0;&amp#1;&amp#2;&amp#4;&amp#8;&amp#16; @�&amp#0;&amp#1;&amp#2;&amp#4;&amp#8;&amp#16; P&amp#7;&amp#1;���nH&amp#2;&amp#4;&amp#8;&amp#16; @�&amp#0;&amp#1;&amp#2;&amp#4;&amp#8;&amp#16; @�&amp#0;&amp#1;&amp#2;&amp#4;&amp#8;&amp#16; @�&amp#0;&amp#1;&amp#2;&amp#4;&amp#8;&amp#16;ht&amp#1;��F��O�&amp#0;&amp#1;&amp#2;&amp#4;&amp#8;&amp#16; @�&amp#0;&amp#1;&amp#2;&amp#4;&amp#8;&amp#16; @�&amp#0;&amp#1;&amp#2;&amp#4;&amp#8;&amp#16; @�&amp#0;&amp#1;&amp#2;u&amp#16;&amp#16;n�&amp#3;�!	&amp#16; @�&amp#0;&amp#1;&amp#2;&amp#4;&amp#8;&amp#16; @�&amp#0;&amp#1;&amp#2;&amp#4;&amp#8;&amp#16; @�&amp#0;&amp#1;&amp#2;&amp#4;&amp#8;&amp#16; @��&amp#5;Z[[����O��	&amp#16; @�&amp#0;&amp#1;&amp#2;&amp#4;&amp#8;&amp#16; @�&amp#0;&amp#1;&amp#2;&amp#4;&amp#8;&amp#16; @�&amp#0;&amp#1;&amp#2;&amp#4;&amp#8;&amp#16; @�>&amp#2;V���ݨ&amp#4;&amp#8;&amp#16; @�&amp#0;&amp#1;&amp#2;&amp#4;&amp#8;&amp#16; @�&amp#0;&amp#1;&amp#2;&amp#4;&amp#8;&amp#16; @�&amp#0;&amp#1;&amp#2;&amp#4;&amp#8;&amp#16; ��&amp#2;����L�&amp#0;&amp#1;&amp#2;&amp#4;&amp#8;&amp#16; @�&amp#0;&amp#1;&amp#2;&amp#4;&amp#8;&amp#16; @�&amp#0;&amp#1;&amp#2;&amp#4;&amp#8;&amp#16; @�&amp#0;&amp#1;&amp#2;&amp#4;�# �^&amp#31;w�&amp#18; @�&amp#0;&amp#1;&amp#2;&amp#4;&amp#8;&amp#16; @�&amp#0;&amp#1;&amp#2;&amp#4;&amp#8;&amp#16; @�&amp#0;&amp#1;&amp#2;&amp#4;&amp#8;&amp#16; @�@�
���ٻ�q&amp#31;��&amp#19; @�&amp#0;&amp#1;&amp#2;&amp#4;&amp#8;&amp#16; @�&amp#0;&amp#1;&amp#2;&amp#4;&amp#8;&amp#16; @�&amp#0;&amp#1;&amp#2;&amp#4;&amp#8;&amp#16; @�@�&amp#4;�n�&amp#27;��	&amp#16; @�&amp#0;&amp#1;&amp#2;&amp#4;&amp#8;&amp#16; @�&amp#0;&amp#1;&amp#2;&amp#4;&amp#8;&amp#16; @�&amp#0;&amp#1;&amp#2;&amp#4;&amp#8;&amp#16; @�q&amp#5;��&amp#27;�ٙ9&amp#1;&amp#2;&amp#4;&amp#8;&amp#16; @�&amp#0;&amp#1;&amp#2;&amp#4;&amp#8;&amp#16; @�&amp#0;&amp#1;&amp#2;&amp#4;&amp#8;&amp#16; @�&amp#0;&amp#1;&amp#2;&amp#4;&amp#8;�G���������>�&amp#27;�&amp#0;&amp#1;&amp#2;&amp#4;&amp#8;&amp#16; @�&amp#0;&amp#1;&amp#2;&amp#4;&amp#8;&amp#16; @�&amp#0;&amp#1;&amp#2;&amp#4;&amp#8;&amp#16; @�&amp#0;&amp#1;&amp#2;&amp#4;&amp#8;4�@K�oo̙�5&amp#1;&amp#2;&amp#4;&amp#8;&amp#16; @�&amp#0;&amp#1;&amp#2;&amp#4;&amp#8;&amp#16; @�&amp#0;&amp#1;&amp#2;&amp#4;&amp#8;&amp#16; @�&amp#0;&amp#1;&amp#2;&amp#4;&amp#8;&amp#16;��@B������7*&amp#1;&amp#2;&amp#4;&amp#8;&amp#16; @�&amp#0;&amp#1;&amp#2;&amp#4;&amp#8;&amp#16; @�&amp#0;&amp#1;&amp#2;&amp#4;&amp#8;&amp#16; @�&amp#0;&amp#1;&amp#2;&amp#4;&amp#8;4�@B��noاg�&amp#4;&amp#8;&amp#16; @�&amp#0;&amp#1;&amp#2;&amp#4;&amp#8;&amp#16; @�&amp#0;&amp#1;&amp#2;&amp#4;&amp#8;&amp#16; @�&amp#0;&amp#1;&amp#2;&amp#4;&amp#8;&amp#16; P'��p{�n���%@�&amp#0;&amp#1;&amp#2;&amp#4;&amp#8;&amp#16; @�&amp#0;&amp#1;&amp#2;&amp#4;&amp#8;&amp#16; @�&amp#0;&amp#1;&amp#2;&amp#4;&amp#8;&amp#16; @�&amp#0;&amp#1;&amp#2;)���"�|C>9�&@�&amp#0;&amp#1;&amp#2;&amp#4;&amp#8;&amp#16; @�&amp#0;&amp#1;&amp#2;&amp#4;&amp#8;&amp#16; @�&amp#0;&amp#1;&amp#2;&amp#4;&amp#8;&amp#16; @�&amp#0;��
�ػ��&amp#15;��&amp#4;&amp#8;&amp#16; @�&amp#0;&amp#1;&amp#2;&amp#4;&amp#8;&amp#16; @�&amp#0;&amp#1;&amp#2;&amp#4;&amp#8;&amp#16; @�&amp#0;&amp#1;&amp#2;&amp#4;&amp#8;&amp#16; Ј&amp#2;V�7�S3g&amp#2;&amp#4;&amp#8;&amp#16; @�&amp#0;&amp#1;&amp#2;&amp#4;&amp#8;&amp#16; @�&amp#0;&amp#1;&amp#2;&amp#4;&amp#8;&amp#16; @�&amp#0;&amp#1;&amp#2;&amp#4;&amp#8;&amp#16;��@K��7<&amp#1;&amp#2;&amp#4;&amp#8;&amp#16; @�&amp#0;&amp#1;&amp#2;&amp#4;&amp#8;&amp#16; @�&amp#0;&amp#1;&amp#2;&amp#4;&amp#8;&amp#16; @�&amp#0;&amp#1;&amp#2;&amp#4;&amp#8;&amp#16;h4�$�oimmm�i�/&amp#1;&amp#2;&amp#4;&amp#8;&amp#16; @�&amp#0;&amp#1;&amp#2;&amp#4;&amp#8;&amp#16; @�&amp#0;&amp#1;&amp#2;&amp#4;&amp#8;&amp#16; @�&amp#0;&amp#1;&amp#2;&amp#4;&amp#8;&amp#16;��@s>�n��&amp#19;06&amp#1;&amp#2;&amp#4;&amp#8;&amp#16; @�&amp#0;&amp#1;&amp#2;&amp#4;&amp#8;&amp#16; @�&amp#0;&amp#1;&amp#2;&amp#4;&amp#8;&amp#16; @�&amp#0;&amp#1;&amp#2;&amp#4;&amp#8;4��d���̚&amp#0;&amp#1;&amp#2;&amp#4;&amp#8;&amp#16; @�&amp#0;&amp#1;&amp#2;&amp#4;&amp#8;&amp#16; @�&amp#0;&amp#1;&amp#2;&amp#4;&amp#8;&amp#16; @�&amp#0;&amp#1;&amp#2;&amp#4;�'ОL�~�&amp#27;�&amp#0;&amp#1;&amp#2;&amp#4;&amp#8;&amp#16; @�&amp#0;&amp#1;&amp#2;&amp#4;&amp#8;&amp#16; @�&amp#0;&amp#1;&amp#2;&amp#4;&amp#8;&amp#16; @�&amp#0;&amp#1;&amp#2;&amp#4;&amp#8;4�@���7�3i&amp#2;&amp#4;&amp#8;&amp#16; @�&amp#0;&amp#1;&amp#2;&amp#4;&amp#8;&amp#16; @�&amp#0;&amp#1;&amp#2;&amp#4;&amp#8;&amp#16; @�&amp#0;&amp#1;&amp#2;&amp#4;&amp#8;&amp#16;�������7:&amp#1;&amp#2;&amp#4;&amp#8;&amp#16; @�&amp#0;&amp#1;&amp#2;&amp#4;&amp#8;&amp#16; @�&amp#0;&amp#1;&amp#2;&amp#4;&amp#8;&amp#16; @�&amp#0;&amp#1;&amp#2;&amp#4;&amp#8;4�@{2��4��͘&amp#0;&amp#1;&amp#2;&amp#4;&amp#8;&amp#16; @�&amp#0;&amp#1;&amp#2;&amp#4;&amp#8;&amp#16; @�&amp#0;&amp#1;&amp#2;&amp#4;&amp#8;&amp#16; @�&amp#0;&amp#1;&amp#2;&amp#4;&amp#8;�U@2���&amp#27;�&amp#0;&amp#1;&amp#2;&amp#4;&amp#8;&amp#16; @�&amp#0;&amp#1;&amp#2;&amp#4;&amp#8;&amp#16; @�&amp#0;&amp#1;&amp#2;&amp#4;&amp#8;&amp#16; @�&amp#0;&amp#1;&amp#2;&amp#4;&amp#26;S@2��|nfM�&amp#0;&amp#1;&amp#2;&amp#4;&amp#8;&amp#16; @�&amp#0;&amp#1;&amp#2;&amp#4;&amp#8;&amp#16; @�&amp#0;&amp#1;&amp#2;&amp#4;&amp#8;&amp#16; @�&amp#0;&amp#1;&amp#2;u&amp#21;&amp#16;n�+��	&amp#16; @�&amp#0;&amp#1;&amp#2;&amp#4;&amp#8;&amp#16; @�&amp#0;&amp#1;&amp#2;&amp#4;&amp#8;&amp#16; @�&amp#0;&amp#1;&amp#2;&amp#4;&amp#8;&amp#16; @�1&amp#5;��&amp#27;�5&amp#1;&amp#2;&amp#4;&amp#8;&amp#16; @�&amp#0;&amp#1;&amp#2;&amp#4;&amp#8;&amp#16; @�&amp#0;&amp#1;&amp#2;&amp#4;&amp#8;&amp#16; @�&amp#0;&amp#1;&amp#2;&amp#4;&amp#8;�O���M��~�F&@�&amp#0;&amp#1;&amp#2;&amp#4;&amp#8;&amp#16; @�&amp#0;&amp#1;&amp#2;&amp#4;&amp#8;&amp#16; @�&amp#0;&amp#1;&amp#2;&amp#4;&amp#8;&amp#16; @�&amp#0;��&amp#20;H��9?�9y�&@�&amp#0;&amp#1;&amp#2;&amp#4;&amp#8;&amp#16; @�&amp#0;&amp#1;&amp#2;&amp#4;&amp#8;&amp#16; @�&amp#0;&amp#1;&amp#2;&amp#4;&amp#8;&amp#16; @�&amp#0;&amp#1;&amp#2;u&amp#19;���n�&amp#6;&@�&amp#0;&amp#1;&amp#2;&amp#4;&amp#8;&amp#16; @�&amp#0;&amp#1;&amp#2;&amp#4;&amp#8;&amp#16; @�&amp#0;&amp#1;&amp#2;&amp#4;&amp#8;&amp#16; @�&amp#0;��&amp#21;&amp#16;no�gg�&amp#4;&amp#8;&amp#16; @�&amp#0;&amp#1;&amp#2;&amp#4;&amp#8;&amp#16; @�&amp#0;&amp#1;&amp#2;&amp#4;&amp#8;&amp#16; @�&amp#0;&amp#1;&amp#2;&amp#4;&amp#8;&amp#16; P7&amp#1;����&amp#27;�&amp#0;&amp#1;&amp#2;&amp#4;&amp#8;&amp#16; @�&amp#0;&amp#1;&amp#2;&amp#4;&amp#8;&amp#16; @�&amp#0;&amp#1;&amp#2;&amp#4;&amp#8;&amp#16; @�&amp#0;&amp#1;&amp#2;&amp#4;&amp#26;T��������L�&amp#0;&amp#1;&amp#2;&amp#4;&amp#8;&amp#16; @�&amp#0;&amp#1;&amp#2;&amp#4;&amp#8;&amp#16; @�&amp#0;&amp#1;&amp#2;&amp#4;&amp#8;&amp#16; @�&amp#0;&amp#1;&amp#2;&amp#4;�)`u{=��M�&amp#0;&amp#1;&amp#2;&amp#4;&amp#8;&amp#16; @�&amp#0;&amp#1;&amp#2;&amp#4;&amp#8;&amp#16; @�&amp#0;&amp#1;&amp#2;&amp#4;&amp#8;&amp#16; @�&amp#0;&amp#1;&amp#2;* �ޠ&amp#15;δ	&amp#16; @�&amp#0;&amp#1;&amp#2;&amp#4;&amp#8;&amp#16; @�&amp#0;&amp#1;&amp#2;&amp#4;&amp#8;&amp#16; @�&amp#0;&amp#1;&amp#2;&amp#4;&amp#8;&amp#16; @��&amp#2;����76&amp#1;&amp#2;&amp#4;&amp#8;&amp#16; @�&amp#0;&amp#1;&amp#2;&amp#4;&amp#8;&amp#16; @�&amp#0;&amp#1;&amp#2;&amp#4;&amp#8;&amp#16; @�&amp#0;&amp#1;&amp#2;&amp#4;&amp#8;4�@[[���&amp#27;���3&amp#1;&amp#2;&amp#4;&amp#8;&amp#16; @�&amp#0;&amp#1;&amp#2;&amp#4;&amp#8;&amp#16; @�&amp#0;&amp#1;&amp#2;&amp#4;&amp#8;&amp#16; @�&amp#0;&amp#1;&amp#2;&amp#4;&amp#8;�Y���:?&amp#0;�&amp#19; @�&amp#0;&amp#1;&amp#2;&amp#4;&amp#8;&amp#16; @�&amp#0;&amp#1;&amp#2;&amp#4;&amp#8;&amp#16; @�&amp#0;&amp#1;&amp#2;&amp#4;&amp#8;&amp#16; @�@#
&amp#8;�7�S3g&amp#2;&amp#4;&amp#8;&amp#16; @�&amp#0;&amp#1;&amp#2;&amp#4;&amp#8;&amp#16; @�&amp#0;&amp#1;&amp#2;&amp#4;&amp#8;&amp#16; @�&amp#0;&amp#1;&amp#2;&amp#4;&amp#8;&amp#16;��@kkks�Oss=gal&amp#2;&amp#4;&amp#8;&amp#16; @�&amp#0;&amp#1;&amp#2;&amp#4;&amp#8;&amp#16; @�&amp#0;&amp#1;&amp#2;&amp#4;&amp#8;&amp#16; @�&amp#0;&amp#1;&amp#2;&amp#4;&amp#8;&amp#16; �h&amp#2;-ٿ���l�&amp#4;&amp#8;&amp#16; @�&amp#0;&amp#1;&amp#2;&amp#4;&amp#8;&amp#16; @�&amp#0;&amp#1;&amp#2;&amp#4;&amp#8;&amp#16; @�&amp#0;&amp#1;&amp#2;&amp#4;&amp#8;&amp#16; @��&amp#2;	�7&amp#11;���	&amp#24;�&amp#0;&amp#1;&amp#2;&amp#4;&amp#8;&amp#16; @�&amp#0;&amp#1;&amp#2;&amp#4;&amp#8;&amp#16; @�&amp#0;&amp#1;&amp#2;&amp#4;&amp#8;&amp#16; @�&amp#0;&amp#1;&amp#2;&amp#4;&amp#26;P �v{�7�s3e&amp#2;&amp#4;&amp#8;&amp#16; @�&amp#0;&amp#1;&amp#2;&amp#4;&amp#8;&amp#16; @�&amp#0;&amp#1;&amp#2;&amp#4;&amp#8;&amp#16; @�&amp#0;&amp#1;&amp#2;&amp#4;&amp#8;&amp#16;��@{�={��u&amp#14;&amp#6;'@�&amp#0;&amp#1;&amp#2;&amp#4;&amp#8;&amp#16; @�&amp#0;&amp#1;&amp#2;&amp#4;&amp#8;&amp#16; @�&amp#0;&amp#1;&amp#2;&amp#4;&amp#8;&amp#16; @�&amp#0;&amp#1;&amp#2;&���"�|�=3�%@�&amp#0;&amp#1;&amp#2;&amp#4;&amp#8;&amp#16; @�&amp#0;&amp#1;&amp#2;&amp#4;&amp#8;&amp#16; @�&amp#0;&amp#1;&amp#2;&amp#4;&amp#8;&amp#16; @�&amp#0;�� �b����&amp#24;́&amp#0;&amp#1;&amp#2;&amp#4;&amp#8;&amp#16; @�&amp#0;&amp#1;&amp#2;&amp#4;&amp#8;&amp#16; @�&amp#0;&amp#1;&amp#2;&amp#4;&amp#8;&amp#16; @�&amp#0;&amp#1;&amp#2;&amp#4;&amp#26;K����z^fK�&amp#0;&amp#1;&amp#2;&amp#4;&amp#8;&amp#16; @�&amp#0;&amp#1;&amp#2;&amp#4;&amp#8;&amp#16; @�&amp#0;&amp#1;&amp#2;&amp#4;&amp#8;&amp#16; @�&amp#0;&amp#1;&amp#2;}B��O��$&amp#8;&amp#16; @�&amp#0;&amp#1;&amp#2;&amp#4;&amp#8;&amp#16; @�&amp#0;&amp#1;&amp#2;&amp#4;&amp#8;&amp#16; @�&amp#0;&amp#1;&amp#2;&amp#4;&amp#8;&amp#16; @�@�&amp#8;$�|Kkkk�L�L	&amp#16; @�&amp#0;&amp#1;&amp#2;&amp#4;&amp#8;&amp#16; @�&amp#0;&amp#1;&amp#2;&amp#4;&amp#8;&amp#16; @�&amp#0;&amp#1;&amp#2;&amp#4;&amp#8;&amp#16; @�@�&amp#5;��w{���&amp#25;&amp#16; @�&amp#0;&amp#1;&amp#2;&amp#4;&amp#8;&amp#16; @�&amp#0;&amp#1;&amp#2;&amp#4;&amp#8;&amp#16; @�&amp#0;&amp#1;&amp#2;&amp#4;&amp#8;&amp#16; @�@�	H&�hO�|	&amp#16; @�&amp#0;&amp#1;&amp#2;&amp#4;&amp#8;&amp#16; @�&amp#0;&amp#1;&amp#2;&amp#4;&amp#8;&amp#16; @�&amp#0;&amp#1;&amp#2;&amp#4;&amp#8;&amp#16; @��&amp#2;����=&amp#7;�&amp#19; @�&amp#0;&amp#1;&amp#2;&amp#4;&amp#8;&amp#16; @�&amp#0;&amp#1;&amp#2;&amp#4;&amp#8;&amp#16; @�&amp#0;&amp#1;&amp#2;&amp#4;&amp#8;&amp#16; @�&amp#0;�&amp#6;&amp#19;H�]2�&amp#6;{f�K�&amp#0;&amp#1;&amp#2;&amp#4;&amp#8;&amp#16; @�&amp#0;&amp#1;&amp#2;&amp#4;&amp#8;&amp#16; @�&amp#0;&amp#1;&amp#2;&amp#4;&amp#8;&amp#16; @�&amp#0;&amp#1;&amp#2;}A�����&amp#20;́&amp#0;&amp#1;&amp#2;&amp#4;&amp#8;&amp#16; @�&amp#0;&amp#1;&amp#2;&amp#4;&amp#8;&amp#16; @�&amp#0;&amp#1;&amp#2;&amp#4;&amp#8;&amp#16; @�&amp#0;&amp#1;&amp#2;&amp#4;&amp#26;I�=�|~&amp#26;i��J�&amp#0;&amp#1;&amp#2;&amp#4;&amp#8;&amp#16; @�&amp#0;&amp#1;&amp#2;&amp#4;&amp#8;&amp#16; @�&amp#0;&amp#1;&amp#2;&amp#4;&amp#8;&amp#16; @�&amp#0;&amp#1;&amp#2;&amp#4;���d�}�!�&amp#2;&amp#1;&amp#2;&amp#4;&amp#8;&amp#16; @�&amp#0;&amp#1;&amp#2;&amp#4;&amp#8;&amp#16; @�&amp#0;&amp#1;&amp#2;&amp#4;&amp#8;&amp#16; @�&amp#0;&amp#1;&amp#2;&amp#4;&amp#8;4��d���̗&amp#0;&amp#1;&amp#2;&amp#4;&amp#8;&amp#16; @�&amp#0;&amp#1;&amp#2;&amp#4;&amp#8;&amp#16; @�&amp#0;&amp#1;&amp#2;&amp#4;&amp#8;&amp#16; @�&amp#0;&amp#1;&amp#2;&amp#4;���p{&amp#31;x&amp#8;�@�&amp#0;&amp#1;&amp#2;&amp#4;&amp#8;&amp#16; @�&amp#0;&amp#1;&amp#2;&amp#4;&amp#8;&amp#16; @�&amp#0;&amp#1;&amp#2;&amp#4;&amp#8;&amp#16; @�&amp#0;&amp#1;&amp#2;�& ��hO�|	&amp#16; @�&amp#0;&amp#1;&amp#2;&amp#4;&amp#8;&amp#16; @�&amp#0;&amp#1;&amp#2;&amp#4;&amp#8;&amp#16; @�&amp#0;&amp#1;&amp#2;&amp#4;&amp#8;&amp#16; @��&amp#2;mmm���~&amp#8;�'@�&amp#0;&amp#1;&amp#2;&amp#4;&amp#8;&amp#16; @�&amp#0;&amp#1;&amp#2;&amp#4;&amp#8;&amp#16; @�&amp#0;&amp#1;&amp#2;&amp#4;&amp#8;&amp#16; @�&amp#0;�F&amp#19;H��9?�6m�%@�&amp#0;&amp#1;&amp#2;&amp#4;&amp#8;&amp#16; @�&amp#0;&amp#1;&amp#2;&amp#4;&amp#8;&amp#16; @�&amp#0;&amp#1;&amp#2;&amp#4;&amp#8;&amp#16; @�&amp#0;&amp#1;&amp#2;u&amp#22;����&amp#15;��&amp#4;&amp#8;&amp#16; @�&amp#0;&amp#1;&amp#2;&amp#4;&amp#8;&amp#16; @�&amp#0;&amp#1;&amp#2;&amp#4;&amp#8;&amp#16; @�&amp#0;&amp#1;&amp#2;&amp#4;&amp#8;&amp#16; Ј&amp#2;����̙&amp#0;&amp#1;&amp#2;&amp#4;&amp#8;&amp#16; @�&amp#0;&amp#1;&amp#2;&amp#4;&amp#8;&amp#16; @�&amp#0;&amp#1;&amp#2;&amp#4;&amp#8;&amp#16; @�&amp#0;&amp#1;&amp#2;&amp#4;�, �^�&amp#7;`x&amp#2;&amp#4;&amp#8;&amp#16; @�&amp#0;&amp#1;&amp#2;&amp#4;&amp#8;&amp#16; @�&amp#0;&amp#1;&amp#2;&amp#4;&amp#8;&amp#16; @�&amp#0;&amp#1;&amp#2;&amp#4;&amp#8;&amp#16;h8���V{�7�S3a&amp#2;&amp#4;&amp#8;&amp#16; @�&amp#0;&amp#1;&amp#2;&amp#4;&amp#8;&amp#16; @�&amp#0;&amp#1;&amp#2;&amp#4;&amp#8;&amp#16; @�&amp#0;&amp#1;&amp#2;&amp#4;&amp#8;&amp#16;�����O�&amp#12;&amp#8;&amp#16; @�&amp#0;&amp#1;&amp#2;&amp#4;&amp#8;&amp#16; @�&amp#0;&amp#1;&amp#2;&amp#4;&amp#8;&amp#16;��&amp#2;&amp#3;���L�&amp#0;&amp#1;&amp#2;&amp#4;&amp#8;&amp#16; @��&amp#11;<��'���L~U�\G�&amp#0;&amp#1;&amp#2;&amp#4;&amp#8;&amp#16; @�&amp#0;&amp#1;&amp#2;&amp#4;&amp#8;&amp#16; @�&amp#0;&amp#1;&amp#2;&amp#4;&amp#8;&amp#16; @�&amp#0;&amp#1;&amp#2;�X@��&amp#31;?|�N�&amp#0;&amp#1;&amp#2;&amp#4;&amp#8;&amp#16; @�&amp#0;&amp#1;&amp#2;&amp#4;&amp#8;&amp#16; @�&amp#0;&amp#1;&amp#2;&amp#4;&amp#8;&amp#16; @�&amp#0;&amp#1;&amp#2;�$���&ܾJr."@�&amp#0;&amp#1;&amp#2;&amp#4;&amp#8;&amp#16; @�&amp#0;&amp#1;&amp#2;&amp#4;&amp#8;&amp#16; @�&amp#0;&amp#1;&amp#2;&amp#4;&amp#8;&amp#16; @�&amp#0;�~,���,�ޏ��['@�&amp#0;&amp#1;&amp#2;&amp#4;&amp#8;&amp#16; @�&amp#0;&amp#1;&amp#2;&amp#4;&amp#8;&amp#16; @�&amp#0;&amp#1;&amp#2;&amp#4;&amp#8;&amp#16; @�&amp#0;�U&amp#21;&amp#16;n_U9�&amp#17; @�&amp#0;&amp#1;&amp#2;&amp#4;&amp#8;&amp#16; @�&amp#0;&amp#1;&amp#2;&amp#4;&amp#8;&amp#16; @�&amp#0;&amp#1;&amp#2;&amp#4;&amp#8;&amp#16; @�@&amp#21;hmmmIB��z��&amp#0;&amp#1;&amp#2;&amp#4;&amp#8;&amp#16; @�&amp#0;&amp#1;&amp#2;&amp#4;&amp#8;&amp#16; @�&amp#0;&amp#1;&amp#2;&amp#4;&amp#8;&amp#16; @�&amp#0;&amp#1;&amp#2;&amp#4;&amp#8;��@K>��"�&amp#26;&amp#2;&amp#4;&amp#8;&amp#16; @�&amp#0;&amp#1;&amp#2;&amp#4;&amp#8;&amp#16; @�&amp#0;&amp#1;&amp#2;&amp#4;&amp#8;&amp#16; @�&amp#0;&amp#1;&amp#2;&amp#4;&amp#8;&amp#16;��&amp#2;	��G����['@�&amp#0;&amp#1;&amp#2;&amp#4;&amp#8;&amp#16; @�&amp#0;&amp#1;&amp#2;&amp#4;&amp#8;&amp#16; @�&amp#0;&amp#1;&amp#2;&amp#4;&amp#8;&amp#16; @�&amp#0;&amp#1;&amp#2;�" ־*j�!@�&amp#0;&amp#1;&amp#2;&amp#4;&amp#8;&amp#16; @�&amp#0;&amp#1;&amp#2;&amp#4;&amp#8;&amp#16; @�&amp#0;&amp#1;&amp#2;&amp#4;&amp#8;&amp#16; @�&amp#0;��,���&amp#3;��o���?&amp#11;�;&amp#1;&amp#2;&amp#4;&amp#8;&amp#16; @�&amp#0;&amp#1;&amp#2;&amp#4;&amp#8;&amp#16; @�&amp#0;�&amp#23;%�싺��&amp#4;&amp#8;&amp#16; @�&amp#0;&amp#1;&amp#2;k���5�&V�&amp#30;�3�糒WiN�&amp#0;&amp#1;&amp#2;&amp#4;&amp#8;&amp#16; @�&amp#0;&amp#1;&amp#2;&amp#4;&amp#8;&amp#16; @�&amp#0;&amp#1;&amp#2;&amp#4;&amp#8;&amp#16; @�&amp#0;&amp#1;&amp#2;&amp#4;��@KV��w&amp#3;�O�&amp#0;&amp#1;&amp#2;&amp#4;&amp#8;&amp#16; @�&amp#0;&amp#1;&amp#2;&amp#4;&amp#8;&amp#16; @�&amp#0;&amp#1;&amp#2;&amp#4;&amp#8;&amp#16; @�&amp#0;&amp#1;&amp#2;&amp#4;VR����y%/ќ&amp#0;&amp#1;&amp#2;&amp#4;&amp#8;&amp#16; @�&amp#0;&amp#1;&amp#2;&amp#4;&amp#8;&amp#16; @�&amp#0;&amp#1;&amp#2;&amp#4;&amp#8;&amp#16; @�&amp#0;&amp#1;&amp#2;&amp#4;&amp#8;�w&amp#1;����7��&amp#19; @�&amp#0;&amp#1;&amp#2;&amp#4;&amp#8;&amp#16; @�&amp#0;&amp#1;&amp#2;&amp#4;&amp#8;&amp#16; @�&amp#0;&amp#1;&amp#2;&amp#4;&amp#8;&amp#16; @���
$�|Kkk��^�=&amp#1;&amp#2;&amp#4;&amp#8;&amp#16; @�&amp#0;&amp#1;&amp#2;&amp#4;&amp#8;&amp#16; @�&amp#0;&amp#1;&amp#2;&amp#4;&amp#8;&amp#16; @�&amp#0;&amp#1;&amp#2;&amp#4;&amp#8;&amp#16;��&amp#2;I$ߒO&p�&amp#4;&amp#8;&amp#16; @�&amp#0;&amp#1;&amp#2;&amp#4;&amp#8;&amp#16; @�&amp#0;&amp#1;&amp#2;&amp#4;&amp#8;&amp#16; @�&amp#0;&amp#1;&amp#2;&amp#4;&amp#8;&amp#16; @`&amp#21;&amp#4;&amp#6;��5.!@�&amp#0;&amp#1;&amp#2;&amp#4;&amp#8;&amp#16; @�&amp#0;&amp#1;&amp#2;&amp#4;&amp#8;&amp#16; @��*&amp#8;,Y�d&amp#21;�r	&amp#1;&amp#2;&amp#4;&amp#8;&amp#16; @�@�&amp#4;�&amp#14;&amp#29;Z��&amp#26;}��d�~&amp#15;�O�&amp#0;&amp#1;&amp#2;&amp#4;&amp#8;&amp#16; @�&amp#0;&amp#1;&amp#2;&amp#4;&amp#8;&amp#16; @�&amp#0;&amp#1;&amp#2;&amp#4;&amp#8;&amp#16; @�&amp#0;&amp#1;&amp#2;&amp#4;j, �^cp�&amp#17; @�&amp#0;&amp#1;&amp#2;&amp#4;&amp#8;&amp#16; @�&amp#0;&amp#1;&amp#2;&amp#4;&amp#8;&amp#16; @�&amp#0;&amp#1;&amp#2;&amp#4;&amp#8;&amp#16; @��� `��5�)�&amp#7;&amp#2;&amp#4;&amp#8;&amp#16; @�&amp#0;&amp#1;&amp#2;&amp#4;&amp#8;&amp#16; @�&amp#0;&amp#1;&amp#2;&amp#4;&amp#8;&amp#16; @�&amp#0;&amp#1;&amp#2;&amp#4;&amp#8;&amp#16;��@�����xT�&amp#17; @�&amp#0;&amp#1;&amp#2;&amp#4;&amp#8;&amp#16; @�&amp#0;&amp#1;&amp#2;&amp#4;&amp#8;&amp#16; @�&amp#0;&amp#1;&amp#2;&amp#4;&amp#8;&amp#16; @�&amp#0;�F&amp#23;hinnn�{0&amp#2;&amp#4;&amp#8;&amp#16; @�&amp#0;&amp#1;&amp#2;&amp#4;&amp#8;&amp#16; @�&amp#0;&amp#1;&amp#2;&amp#4;&amp#8;&amp#16; @�&amp#0;&amp#1;&amp#2;&amp#4;&amp#8;&amp#16; PK���[j9��&amp#8;&amp#16; @�&amp#0;&amp#1;&amp#2;&amp#4;&amp#8;&amp#16; @�&amp#0;&amp#1;&amp#2;&amp#4;&amp#8;&amp#16; @�&amp#0;&amp#1;&amp#2;&amp#4;&amp#8;&amp#16; @���! ܾf<GwA�&amp#0;&amp#1;&amp#2;&amp#4;&amp#8;&amp#16; @�&amp#0;&amp#1;&amp#2;&amp#4;&amp#8;&amp#16; @�&amp#0;&amp#1;&amp#2;&amp#4;&amp#8;&amp#16; @�&amp#0;&amp#1;&amp#2;5&amp#21;&amp#16;n�)��&amp#8;&amp#16; @�&amp#0;&amp#1;&amp#2;&amp#4;&amp#8;&amp#16; @�&amp#0;&amp#1;&amp#2;&amp#4;&amp#8;&amp#16; @�&amp#0;&amp#1;&amp#2;&amp#4;&amp#8;&amp#16; @`&amp#16;hkk&amp#19;n_&amp#3;��[ @�&amp#0;&amp#1;&amp#2;&amp#4;&amp#8;&amp#16; @�&amp#0;&amp#1;&amp#2;&amp#4;&amp#8;&amp#16; @�&amp#0;&amp#1;&amp#2;&amp#4;&amp#8;&amp#16; @�&amp#0;��
&amp#8;�ה�`&amp#4;&amp#8;&amp#16; @�&amp#0;&amp#1;&amp#2;&amp#4;&amp#8;&amp#16; @�&amp#0;&amp#1;&amp#2;&amp#4;&amp#8;&amp#16; @�&amp#0;&amp#1;&amp#2;&amp#4;&amp#8;&amp#16; �f&amp#8;��f܉� @�&amp#0;&amp#1;&amp#2;&amp#4;&amp#8;&amp#16; @�&amp#0;&amp#1;&amp#2;&amp#4;&amp#8;&amp#16; @�&amp#0;&amp#1;&amp#2;&amp#4;&amp#8;&amp#16; @�&amp#0;&amp#1;&amp#2;�&amp#20;&amp#16;n����&amp#8;&amp#16; @�&amp#0;&amp#1;&amp#2;&amp#4;&amp#8;&amp#16; @�&amp#0;&amp#1;&amp#2;&amp#4;&amp#8;&amp#16; @�&amp#0;&amp#1;&amp#2;&amp#4;&amp#8;&amp#16; @`&amp#17;&amp#16;n_C&amp#30;�� @�&amp#0;&amp#1;&amp#2;&amp#4;&amp#8;&amp#16; @�&amp#0;&amp#1;&amp#2;&amp#4;&amp#8;&amp#16; @�&amp#0;&amp#1;&amp#2;&amp#4;&amp#8;&amp#16; @�&amp#0;��	���
��L�@&amp#4;&amp#8;&amp#16; @�&amp#0;&amp#1;&amp#2;&amp#4;&amp#8;&amp#16; @�&amp#0;&amp#1;&amp#2;&amp#4;&amp#8;&amp#16; @�&amp#0;&amp#1;&amp#2;&amp#4;&amp#8;&amp#16; ��&amp#8;ػ}y�n�&amp#0;&amp#1;&amp#2;&amp#4;&amp#8;&amp#16; @�&amp#0;&amp#1;&amp#2;&amp#4;&amp#8;&amp#16; @�&amp#0;&amp#1;&amp#2;&amp#4;&amp#8;&amp#16; @�&amp#0;&amp#1;&amp#2;&amp#4;j,`u{��G�&amp#0;&amp#1;&amp#2;&amp#4;&amp#8;&amp#16; @�&amp#0;&amp#1;&amp#2;&amp#4;&amp#8;&amp#16; @�&amp#0;&amp#1;&amp#2;&amp#4;&amp#8;&amp#16; @�&amp#0;&amp#1;&amp#2;k��p���&amp#20;�&amp#3;&amp#1;&amp#2;&amp#4;&amp#8;&amp#16; @�&amp#0;&amp#1;&amp#2;&amp#4;&amp#8;&amp#16; @�&amp#0;&amp#1;&amp#2;&amp#4;&amp#8;&amp#16; @�&amp#0;&amp#1;&amp#2;&amp#4;&amp#8;�R���M�����"@�&amp#0;&amp#1;&amp#2;&amp#4;&amp#8;&amp#16; @�&amp#0;&amp#1;&amp#2;&amp#4;&amp#8;&amp#16; @�&amp#0;&amp#1;&amp#2;&amp#4;&amp#8;&amp#16; @�&amp#0;�5A���Y�}Mx��&amp#0;&amp#1;&amp#2;&amp#4;&amp#8;&amp#16; @�&amp#0;&amp#1;&amp#2;&amp#4;&amp#8;&amp#16; @�&amp#0;&amp#1;&amp#2;&amp#4;&amp#8;&amp#16; @�&amp#0;&amp#1;&amp#2;&amp#4;j, �^cp�&amp#17; @�&amp#0;&amp#1;&amp#2;&amp#4;&amp#8;&amp#16; @�&amp#0;&amp#1;&amp#2;&amp#4;&amp#8;&amp#16; @�&amp#0;&amp#1;&amp#2;&amp#4;&amp#8;&amp#16; @�@�&amp#11;����$�|�߇&amp#27; @�&amp#0;&amp#1;&amp#2;&amp#4;&amp#8;&amp#16; @�&amp#0;&amp#1;&amp#2;&amp#4;&amp#8;&amp#16; @�&amp#0;&amp#1;&amp#2;&amp#4;&amp#8;&amp#16; @�&amp#0;&amp#1;&amp#2;5&amp#20;h�G�����"@�&amp#0;&amp#1;&amp#2;&amp#4;&amp#8;&amp#16; @�&amp#0;&amp#1;&amp#2;&amp#4;&amp#8;&amp#16; @�&amp#0;&amp#1;&amp#2;&amp#4;&amp#8;&amp#16; @�&amp#0;�5A ������p+�&amp#0;&amp#1;&amp#2;&amp#4;&amp#8;&amp#16; @�&amp#0;&amp#1;&amp#2;&amp#4;&amp#8;&amp#16; @�&amp#0;&amp#1;&amp#2;&amp#4;&amp#8;&amp#16; @�&amp#0;&amp#1;&amp#2;&amp#4;&amp#8;�P@���؆"@�&amp#0;&amp#1;&amp#2;&amp#4;&amp#8;&amp#16; @�&amp#0;&amp#1;&amp#2;&amp#4;&amp#8;&amp#16; @�&amp#0;&amp#1;&amp#2;&amp#4;&amp#8;&amp#16; @�&amp#0;�5B�}u{�o_#��M&amp#16; @�&amp#0;&amp#1;&amp#2;&amp#4;&amp#8;&amp#16; @�&amp#0;&amp#1;&amp#2;&amp#4;&amp#8;&amp#16; @�&amp#0;&amp#1;&amp#2;&amp#4;&amp#8;&amp#16; @�&amp#0;�&amp#26;	�g�ϧF�&amp#25;�&amp#0;&amp#1;&amp#2;&amp#4;&amp#8;&amp#16; @�&amp#0;&amp#1;&amp#2;&amp#4;&amp#8;&amp#16; @�&amp#0;&amp#1;&amp#2;&amp#4;&amp#8;&amp#16; @�&amp#0;&amp#1;&amp#2;&amp#4;&amp#8;�)&amp#2;-Yᾦ܋� @�&amp#0;&amp#1;&amp#2;&amp#4;&amp#8;&amp#16; @�&amp#0;&amp#1;&amp#2;&amp#4;&amp#8;&amp#16; @�&amp#0;&amp#1;&amp#2;&amp#4;&amp#8;&amp#16; @�&amp#0;&amp#1;&amp#2;5&amp#18;&amp#24;���\��ֈa����5�>�&amp#4;&amp#1;&amp#2;&amp#4;&amp#8;&amp#16; @�&amp#0;&amp#1;&amp#2;&amp#4;&amp#8;&amp#16; @�@�&amp#11;L�6����&amp#16; @�&amp#0;&amp#1;&amp#2;&amp#4;&amp#8;&amp#16;hd&amp#1;��&amp#27;��;&amp#1;&amp#2;&amp#4;&amp#8;&amp#16; @�&amp#0;&amp#1;&amp#2;&amp#4;&amp#8;&amp#16; @�&amp#0;&amp#1;&amp#2;&amp#4;&amp#8;&amp#16; @�&amp#0;&amp#1;&amp#2;&amp#4;&amp#8;�C �䛗/_n��z�&amp#27;�&amp#0;&amp#1;&amp#2;&amp#4;&amp#8;&amp#16; @�&amp#0;&amp#1;&amp#2;&amp#4;&amp#8;&amp#16; @�@�&amp#8;&amp#12;�v��v{�&amp#5;'�,Y�c&amp#7;&amp#4;&amp#8;&amp#16; @�&amp#0;&amp#1;&amp#2;}L`�С�4�^�/�U&amp#26;�n&amp#23;%�n�{��L�&amp#0;&amp#1;&amp#2;&amp#4;&amp#8;&amp#16; @�&amp#0;&amp#1;&amp#2;&amp#4;&amp#8;&amp#16; @�&amp#0;&amp#1;&amp#2;&amp#4;&amp#8;&amp#16; @�&amp#0;&amp#1;&amp#2;* �ޠ&amp#15;δ	&amp#16; @�&amp#0;&amp#1;&amp#2;&amp#4;&amp#8;&amp#16; @�&amp#0;&amp#1;&amp#2;&amp#4;&amp#8;&amp#16; @�&amp#0;&amp#1;&amp#2;&amp#4;&amp#8;&amp#16; @�n&amp#2;I&/�^7}&amp#3;&amp#19; @�&amp#0;&amp#1;&amp#2;&amp#4;&amp#8;&amp#16; @�&amp#0;&amp#1;&amp#2;&amp#4;&amp#8;&amp#16; @�&amp#0;&amp#1;&amp#2;&amp#4;&amp#8;&amp#16; @�@�
&amp#8;�7�3m&amp#2;&amp#4;&amp#8;&amp#16; @�&amp#0;&amp#1;&amp#2;&amp#4;&amp#8;&amp#16; @�&amp#0;&amp#1;&amp#2;&amp#4;&amp#8;&amp#16; @�&amp#0;&amp#1;&amp#2;&amp#4;&amp#8;&amp#16;������ol&amp#2;&amp#4;&amp#8;&amp#16; @�&amp#0;&amp#1;&amp#2;&amp#4;&amp#8;&amp#16; @�&amp#0;&amp#1;&amp#2;&amp#4;&amp#8;&amp#16; @�&amp#0;&amp#1;&amp#2;&amp#4;&amp#8;&amp#16;hP�����i�ٛ6&amp#1;&amp#2;&amp#4;&amp#8;&amp#16; @�&amp#0;&amp#1;&amp#2;&amp#4;&amp#8;&amp#16; @�&amp#0;&amp#1;&amp#2;&amp#4;&amp#8;&amp#16; @�&amp#0;&amp#1;&amp#2;&amp#4;&amp#8;&amp#16;��@Ksss��6.&amp#1;&amp#2;&amp#4;&amp#8;&amp#16; @�&amp#0;&amp#1;&amp#2;&amp#4;&amp#8;&amp#16; @�&amp#0;&amp#1;&amp#2;&amp#4;&amp#8;&amp#16; @�&amp#0;&amp#1;&amp#2;&amp#4;&amp#8;&amp#16;hD���[&amp#26;q��L�&amp#0;&amp#1;&amp#2;&amp#4;&amp#8;&amp#16; @�&amp#0;&amp#1;&amp#2;&amp#4;&amp#8;&amp#16; @�&amp#0;&amp#1;&amp#2;&amp#4;&amp#8;&amp#16; @�&amp#0;&amp#1;&amp#2;&amp#4;�+ �^_�&amp#19; @�&amp#0;&amp#1;&amp#2;&amp#4;&amp#8;&amp#16; @�&amp#0;&amp#1;&amp#2;&amp#4;&amp#8;&amp#16; @�&amp#0;&amp#1;&amp#2;&amp#4;&amp#8;&amp#16; @�@C
&amp#8;�7�c3i&amp#2;&amp#4;&amp#8;&amp#16; @�&amp#0;&amp#1;&amp#2;&amp#4;&amp#8;&amp#16; @�&amp#0;&amp#1;&amp#2;&amp#4;&amp#8;&amp#16; @�&amp#0;&amp#1;&amp#2;&amp#4;&amp#8;&amp#16;��@[[�p{&amp#29;�M�&amp#0;&amp#1;&amp#2;&amp#4;&amp#8;&amp#16; @�&amp#0;&amp#1;&amp#2;&amp#4;&amp#8;&amp#16; @�&amp#0;&amp#1;&amp#2;&amp#4;&amp#8;&amp#16; @�&amp#0;&amp#1;&amp#2;) �ސ�ͤ	&amp#16; @�&amp#0;&amp#1;&amp#2;&amp#4;&amp#8;&amp#16; @�&amp#0;&amp#1;&amp#2;&amp#4;&amp#8;&amp#16; @�&amp#0;&amp#1;&amp#2;&amp#4;&amp#8;&amp#16; @��&amp#2;-��w&amp#6;F'@�&amp#0;&amp#1;&amp#2;&amp#4;&amp#8;&amp#16; @�&amp#0;&amp#1;&amp#2;&amp#4;&amp#8;&amp#16; @�&amp#0;&amp#1;&amp#2;&amp#4;&amp#8;&amp#16; @�&amp#0;&amp#1;&amp#2;�( �ވO͜	&amp#16; @�&amp#0;&amp#1;&amp#2;&amp#4;&amp#8;&amp#16; @�&amp#0;&amp#1;&amp#2;&amp#4;&amp#8;&amp#16; @�&amp#0;&amp#1;&amp#2;&amp#4;&amp#8;&amp#16; @��&amp#2;��u~&amp#0;�'@�&amp#0;&amp#1;&amp#2;&amp#4;&amp#8;&amp#16; @�&amp#0;&amp#1;&amp#2;&amp#4;&amp#8;&amp#16; @�&amp#0;&amp#1;&amp#2;&amp#4;&amp#8;&amp#16; @�&amp#0;��&amp#19;hmm&amp#21;no��f�&amp#4;&amp#8;&amp#16; @�&amp#0;&amp#1;&amp#2;&amp#4;&amp#8;&amp#16; @�&amp#0;&amp#1;&amp#2;&amp#4;&amp#8;&amp#16; @�&amp#0;&amp#1;&amp#2;&amp#4;&amp#8;&amp#16; Pg&amp#1;{���&amp#1;&amp#24;�&amp#0;&amp#1;&amp#2;&amp#4;&amp#8;&amp#16; @�&amp#0;&amp#1;&amp#2;&amp#4;&amp#8;&amp#16; @�&amp#0;&amp#1;&amp#2;&amp#4;&amp#8;&amp#16; @�&amp#0;&amp#1;&amp#2;&amp#4;&amp#26;T���&amp#6;}p�M�&amp#0;&amp#1;&amp#2;&amp#4;&amp#8;&amp#16; @�&amp#0;&amp#1;&amp#2;&amp#4;&amp#8;&amp#16; @�&amp#0;&amp#1;&amp#2;&amp#4;&amp#8;&amp#16; @�&amp#0;&amp#1;&amp#2;�&amp#20;&amp#16;n����	&amp#16; @�&amp#0;&amp#1;&amp#2;&amp#4;&amp#8;&amp#16; @�&amp#0;&amp#1;&amp#2;&amp#4;&amp#8;&amp#16; @�&amp#0;&amp#1;&amp#2;&amp#4;&amp#8;&amp#16; @�&amp#17;&amp#5;��ڄ�&amp#27;���3&amp#1;&amp#2;&amp#4;&amp#8;&amp#16; @�&amp#0;&amp#1;&amp#2;&amp#4;&amp#8;&amp#16; @�&amp#0;&amp#1;&amp#2;&amp#4;&amp#8;&amp#16; @�&amp#0;&amp#1;&amp#2;&amp#4;&amp#8;�S���Y���&amp#15;��&amp#4;&amp#8;&amp#16; @�&amp#0;&amp#1;&amp#2;&amp#4;&amp#8;&amp#16; @�&amp#0;&amp#1;&amp#2;&amp#4;&amp#8;&amp#16; @�&amp#0;&amp#1;&amp#2;&amp#4;&amp#8;&amp#16; Р&amp#2;����L�&amp#0;&amp#1;&amp#2;&amp#4;&amp#8;&amp#16; @�&amp#0;&amp#1;&amp#2;&amp#4;&amp#8;&amp#16; @�&amp#0;&amp#1;&amp#2;&amp#4;&amp#8;&amp#16; @�&amp#0;&amp#1;&amp#2;&amp#4;�&���ڒ��u&amp#27;��&amp#4;&amp#8;&amp#16; @�&amp#0;&amp#1;&amp#2;&amp#4;&amp#8;&amp#16; @�&amp#0;&amp#1;&amp#2;&amp#4;&amp#8;&amp#16; @�&amp#0;&amp#1;&amp#2;&amp#4;&amp#8;&amp#16; @�&amp#1;&amp#5;Z�&amp#17;no�&amp#7;g�&amp#4;&amp#8;&amp#16; @�&amp#0;&amp#1;&amp#2;&amp#4;&amp#8;&amp#16; @�&amp#0;&amp#1;&amp#2;&amp#4;&amp#8;&amp#16; @�&amp#0;&amp#1;&amp#2;&amp#4;&amp#8;&amp#16; PO����#�����	&amp#16; @�&amp#0;&amp#1;&amp#2;&amp#4;&amp#8;&amp#16; @�&amp#0;&amp#1;&amp#2;&amp#4;&amp#8;&amp#16; @�&amp#0;&amp#1;&amp#2;&amp#4;&amp#8;&amp#16; @�@&amp#3;
��7�C3e&amp#2;&amp#4;&amp#8;&amp#16; @�&amp#0;&amp#1;&amp#2;&amp#4;&amp#8;&amp#16; @�&amp#0;&amp#1;&amp#2;&amp#4;&amp#8;&amp#16; @�&amp#0;&amp#1;&amp#2;&amp#4;&amp#8;&amp#16;��@�����^�9&amp#24;�&amp#0;&amp#1;&amp#2;&amp#4;&amp#8;&amp#16; @�&amp#0;&amp#1;&amp#2;&amp#4;&amp#8;&amp#16; @�&amp#0;&amp#1;&amp#2;&amp#4;&amp#8;&amp#16; @�&amp#0;&amp#1;&amp#2;&amp#4;&amp#8;4�@{&�|&amp#26;l֦K�&amp#0;&amp#1;&amp#2;&amp#4;&amp#8;&amp#16; @�&amp#0;&amp#1;&amp#2;&amp#4;&amp#8;&amp#16; @�&amp#0;&amp#1;&amp#2;&amp#4;&amp#8;&amp#16; @�&amp#0;&amp#1;&amp#2;&amp#4;�-0 +ܛ���=�&amp#19; @�&amp#0;&amp#1;&amp#2;&amp#4;&amp#8;&amp#16; @�&amp#0;&amp#1;&amp#2;&amp#4;&amp#8;&amp#16; @�@&amp#31;&amp#18;x�'2���&amp#7;&amp#15;&amp#27;6�&amp#15;M�T&amp#8;&amp#16; @�&amp#0;&amp#1;&amp#2;}I`�X{_z&amp#28;�B�&amp#0;&amp#1;&amp#2;&amp#4;&amp#8;&amp#16; @�&amp#0;&amp#1;&amp#2;&amp#4;&amp#8;&amp#16; @�&amp#0;��&amp#11;�}��G&amp#29;uT�1eʔ��;��&amp#19;2&amp#3;&amp#2;&amp#4;&amp#8;&amp#16; @�@�&amp#20;&amp#24;�'geR&amp#4;&amp#8;&amp#16; @�&amp#0;&amp#1;&amp#2;&amp#4;&amp#8;&amp#16; @�&amp#0;&amp#1;&amp#2;&amp#4;&amp#8;&amp#16;hH��˗/X�`�s�e˖�&amp#28;9r����;��&amp#27;�~r&amp#23;��.]���������Ξ=;Oo���cƌ&amp#25;1b�&amp#21;k/^U&amp#15;&amp#4;&amp#8;&amp#16; @`M&amp#21;H"�&amp#1;����o_S&amp#31;��"@�&amp#0;&amp#1;&amp#2;&amp#4;&amp#8;&amp#16; @�&amp#0;&amp#1;&amp#2;&amp#4;&amp#8;&amp#16; @�6&amp#2;�����^��?���[n�t�6�`�=��y睷�vہ&amp#3;&amp#7;v�Fe]&amp#4;�Ν{饗�s�=��{�9s��0nܸ	&amp#19;&L�6m�]w�:u��{��C&amp#2;&amp#4;&amp#8;&amp#16; П&amp#5;�&amp#31;&amp#6;�	��g&amp#2;�N�&amp#0;&amp#1;&amp#2;&amp#4;&amp#8;&amp#16; @�&amp#0;&amp#1;&amp#2;&amp#4;&amp#8;&amp#16; @���&amp#4;��?��˟?�dɒ�&amp#15;֔���ӿ�կ�x�=����>�&amp#19;��w߾&amp#28;����;���w�6�x����=���k�p��&amp#11;/����n&amp#15;g�g��W���&amp#3;&amp#15;L��&amp#30;^�&amp#25;&amp#1;&amp#2;&amp#4;&amp#8;&amp#16;h8��C��Ҝ{�&amp#24;Wi��]$�|��L�&amp#0;����}�YU�&amp#1;�)v@Ů��Q&amp#16;EDQ&amp#20;K�b��%V�h,Q�5����&amp#22;��@&amp#20;&amp#21;c�.6� V�&amp#5;E,�"
jT&amp#4;��t��'��=���ݻ���|b�Ι3g���-�g�&amp#25;&amp#5;&amp#20;P@&amp#1;&amp#5;&amp#20;P@&amp#1;&amp#5;&amp#20;P@&amp#1;&amp#5;&amp#20;P�Q&amp#11;|���W^y�&amp#17;#
�&amp#5;��Y���7��L2�v�B�&amp#0;&amp#0;@&amp#0;IDAT���9�aÆ�t�IFm&amp#11;��O�3�<s����<&amp#29;&amp#2;&amp#12;<&amp#20;��<�ɓ'�,v���}��&amp#29;:t����3�*
(��&amp#2;
T�����|�&amp#14;O&amp#1;&amp#5;&amp#20;P@&amp#1;&amp#5;&amp#20;P@&amp#1;&amp#5;&amp#20;P@&amp#1;&amp#5;&amp#20;P@&amp#1;&amp#5;&amp#20;�B&amp#1;±�&amp#30;{,K��؈�n��f�z��ڵ+{~�z�?'��K/������&amp#20;X�~��&amp#23;�[>��Po&amp#2;d#8����H��������g�&amp#5;&amp#22;��&amp#20;،��;�n�ȑcƌ	�X��lcY&amp#1;&amp#5;&amp#20;P@&amp#1;&amp#5;��&amp#0;�v��7ۧ�+��&amp#2;
(��&amp#2;
(��&amp#2;
(��&amp#2;
(�Q�b�AsV&amp#18;g�|&amp#21;6��/�>��O>�$���������&amp#31;k
&amp#22;&amp#8;ܲ >y⥗^ڳgς�&amp#27;��i'����&amp#15;9��n<�&amp#19;���۪U�t�&amp#25;3f���̙��6ۤ���&amp#2;
(��&amp#2;�Z�d�%=��%���&amp#2;
(��&amp#2;
(��&amp#2;
(��&amp#2;
(��&amp#2;
(��&amp#5;&amp#8;��q�&amp#25;1dީS�{�g���5��q�`�n�����G���&amp#7;O�:5��P&amp#15;&amp#2;d�v�ً��X;�Zxᅷ�j+c������&amp#2;
(��&amp#2;�E���-�_c&amp#25;��T@&amp#1;&amp#5;&amp#20;P@&amp#1;&amp#5;&amp#20;P@&amp#1;&amp#5;&amp#20;P@&amp#1;&amp#5;&amp#20;P@&amp#1;&amp#5;&amp#26;\`Ȑ!�ƍ&amp#11;��ܹ��W_�6��Gպu�#�<��|<�&amp#29;���6j�u��&amp#31;|��&amp#7;�U&amp#8;���u}E�W@&amp#1;&amp#5;&amp#20;P@�&,вE�&amp#22;M���5&amp#5;&amp#20;P@&amp#1;&amp#5;&amp#20;P@&amp#1;&amp#5;&amp#20;P@&amp#1;&amp#5;&amp#20;P@&amp#1;&amp#5;&amp#20;P��&amp#2;���n����!���
�]�v��ϧ�$��r�-Écǎ���J����	�-�9�p{y�x�&amp#2;
(��&amp#2;
(�&amp#0;ԙL�w�&amp#2;
(��&amp#2;
(��&amp#2;
(��&amp#2;
(��&amp#2;
(�U��;�M��m۶�e��#�8"�z�m�����&amp#30;l_���ɓ�Y���J,[P@&amp#1;&amp#5;&amp#20;P@&amp#1;&amp#5;�&amp#16;h]�9���&amp#2;
(��&amp#2;
(��&amp#2;
(��&amp#2;
(��&amp#2;
4C������G&amp#31;7�馛n��F�AXd�E�:�(2��ɗ_~��/��ݻ`��|���Њ+�ز����j��ٜ�j{�~'A:9�&amp#23;_|q&amp#22;ܯ��:���Z�~�����YL�YӧO�&amp#31;~���ڷo�����уN�P��b���ꫯr;&amp#12;���G:�ҥ˺뮛eo{�%&amp#28;���4^n���U����{�O>	���;��f���C!6�R��C3�:d&amp#28;R�n�&amp#14;࣏>���Xr�%��&amp#18;�|��g�	���
�2�@�s�����&amp#25;&amp#15;�&amp#31;?���^��/&amp#0;�g�y�.&amp#26;h�U,��&amp#7;&amp#31;|���s
_�ӡC��&amp#29;;�ߕVZ)N���&amp#23;,T�H�Û1cƧ�~&amp#26;�7�̙3���
_�-�X�q�rI�hk��v�6iժU�N���Y����$G�$�&amp#23;;�z&amp#5;&amp#20;P@��&amp#17;0�^=�(��&amp#2;
(��&amp#2;
(��&amp#2;
(��&amp#2;
(�@U&amp#11;<��Cq|��k,�]�|�ͯ��
���p�=�&amp#20;&amp#11;��=�c�=F&amp#27;6&amp#29;_x�C���_�u�����?&amp#21;&amp#12;�O�2�����'�O	5D[w�y�}�ݗ 4��b�
�&amp#19;f&amp#30;1b�M7�Dܷ`&amp#3;*��g����{�&amp#5;&amp#22;(� �����&amp#16;����[��5k�����dR���k��F��v���&amp#7;�&amp#2; &amp#1;�d�e��{�=6&amp#8;��8��]&amp#24;0 4��������I�x.��;��#)<��<M�&amp#31;�7��&amp#8;���&amp#3;��f��ѧ�~zȐ!��~�2�y�dk�&amp#25;k
&amp#22;�g$axL�&amp#24;5j&amp#20;�&amp#29;�G�.8�P��n�&amp#29;p�&amp#1;&amp#11;-�PJ&amp#27;&amp#14;���S�׿�&amp#21;:���&amp#29;�~�p�y&amp#18;G&amp#31;}t(�S�ز�i&amp#27;&amp#5;&amp#20;P@��&amp#23;�O ���?�WT@&amp#1;&amp#5;&amp#20;P@&amp#1;&amp#5;&amp#20;P@&amp#1;&amp#5;&amp#20;P@&amp#1;&amp#5;&amp#20;P@�F)���χq/��ݺu��=&amp#16;؎1Q�&amp#20;&amp#15;q��n�$7T&amp#18;\�|�5�\|��&amp#5;c�4+� ���w�}��X;'ru±ČYt[��v�&amp#20;&amp#31;v�a&amp#23;\pAJ���	�&amp#19;&amp#3;f	r�����
�&amp#6;,j?����i�r��~�.�����wߍ�J&amp#21;j�)@|��&amp#6;�&amp#30;Y.���SO=�X��s9D�&amp#4;fr���t��&amp#11;/<�3���9��O��N:��o�-v�d}5�����[o}�g���&amp#25;�]wݵ�^{�w!y&amp#11;����&amp#27;�gϞ�&amp#28;&amp#8;�<�������<��#�A�^����[yT&amp#1;&amp#5;&amp#20;�f&amp#1;~w����&amp#31;�cS@&amp#1;&amp#5;&amp#20;P@&amp#1;&amp#5;&amp#20;P@&amp#1;&amp#5;&amp#20;P@&amp#1;&amp#5;&amp#20;P@�j&amp#17; f&amp#25;���n�m�dݥ&amp#14;��Ĭk&amp#15;g&amp#17;%&amp#21;|J&amp#15;D&amp#1;o��;�#�ae��믿�Zk-��2D�Y�N
����Æ#0&amp#25;��,N�ܹ3�g�4�^��:����M�8��C&amp#15;%:&amp#27;ۧ&amp#23;�(�铁v"���W^ye�H�M�#G�&amp#12;�&amp#3;hFc�&amp#11;Ը&amp#20;�p;�b�[���[a&amp#0;�&amp#26;'�}׮]۴iC?��&amp#7;�ed�'�x���^zi�7�/��0a뮻��&amp#19;a� �Ҝ9&amp#7;,gG�&amp#16;��o�&amp#25;C���x�Lq8�䓙�&amp#17;Naq?� ���B���?�O�!��&amp#11;/����?��5RT�H�8T&amp#30;%�&amp#14;&amp#8;����&amp#27;�]	>��cv�-M&amp#27;ށ��r
&Yb�Y���a�&amp#29;w���k霴&amp#19;$o�&amp#27;=�!&amp#21;+0�!nK��v�&amp#21;kf�&amp#2;
(�@�&amp#11;���p{�?&G��&amp#2;
(��&amp#2;
(��&amp#2;
(��&amp#2;
(��&amp#2;/�\&amp#25;LT�R&amp#3;J.F�w����%&amp#26;&amp#26;.��N;��;�F����r2�N�������[o��&amp#3;��Y�L���ĹӻGi��?�9�ډ��`g�\�&�Ǜ��3�z��D(�9�d��2=3� ��Yu&amp#29;�&amp#0;�7.��l�ݻw'�7g&amp#31;>�M��&amp#0;��&amp#30;&amp#26;�1�14N&amp#30;&amp#2;Vl'C�LG��&amp#18;�=��s�Ca�&amp#1;��1��Q�R&amp#16;���@���&amp#14;;�p�Yg�w�СC�S`����m
&amp#22;�a$���&amp#29;�Rп��}��u}r��E�x�I��&amp#4;�0��7&amp#21;Y�&amp#7;&amp#26;�lV���&amp#27;����}&amp#8;������^*�[~%&amp#19;PB%ς�&amp#15;��Q@&amp#1;&amp#5;&amp#20;hD&amp#2;&�oD&amp#15;ˡ*��&amp#2;
(��&amp#2;
(��&amp#2;
(��&amp#2;
(�@�	�J;^�H^,ײ@���ɡ���ǧ�F�04`��1�&amp#28;Sc��&amp#21;�&amp#23;]tQ��#�&amp#24;<xp2�&amp#30;&amp#15;Q`�=��pk&amp#4;&����Yj���p�(�W^�&amp#19;k&amp#15;��p_r�%&amp#4;G�K�&amp#29;��Ni�����_^�X{�&amp#16;�P��&amp#15;����k�&amp#1;>vUo&amp#5;�3d&amp#8;`�z2�&amp#30;�N�79���t8t�y������x
+�A�����C酆&amp#29;	�&amp#28;n��f�L��<'�&amp#30;�=�|�1�$����`ڴi�h�B�o4R&amp#5;���;t&amp#18;��&amp#23;�3Y�j��&amp#14;��3O�e&amp#5;&amp#20;P@�F'`���=2&amp#7;��&amp#2;
(��&amp#2;
(��&amp#2;
(��&amp#2;
(��&amp#2; &amp#16;ҡsaVӶo߾�#�ҥK�m���Y���&amp#31;����,-��U�4&Ƽ�n���E�w���m�Q��&amp#19;�&amp#12;/	:&amp#18;�L	�&amp#19;�'�Ox2�'N&amp#31;�I/�O9���۔zt�&amp#21;V����Y&amp#12;����}c	����$Տ��/�}a�-�LֳΛ�dMN�m۶{�G�|��&amp#23;s�&amp#22;{��#avHʻ.&amp#14;{�=���&amp#15;>� ��&amp#11;Y��H�&amp#16;:!ܞ�ܾX���&amp#16;��`�bͬW@&amp#1;&amp#5;&amp#20;h&amp#20;&amp#2;s��5��(���T@&amp#1;&amp#5;&amp#20;P@&amp#1;&amp#5;&amp#20;P@&amp#1;&amp#5;&amp#20;P@&amp#1;&amp#5;&amp#20;P@�&amp#6;&amp#22;`��0�&amp#24;3�Ԁb���o���'1�,�h&amp#19;&amp#23;Ѳ
9�&amp#2;��&amp#22;[젃&amp#14;������&amp#27;�&amp#29;~��\�@�}�}�GI,��&amp#27;o&amp#20;k&amp#25;��N߳g��������/y��|�əg�	�m����&amp#23;_T�Bu�&amp#21;9�k�v���J�IN/H�'ˬ�&amp#14;/�Y2k֬�b��&amp#25;I�&amp#17;�z�.��&amp#7;d�Oo&amp#28;�f�F�իW�
��3��sS
q��Ν;W0OF�&amp#21;=��&amp#2;
(Pw&amp#2;d�1�^w����&amp#2;
(��&amp#2;
(��&amp#2;
(��&amp#2;
(��&amp#2;MG`�̙�fڵkWٻ�ắ���ƞ�&amp#19;����f4�0a�ĉ&amp#19;CKV��U;�Y�aG�&amp#26;[Θ1cĈ&amp#17;�&amp#25;[��,��Sh�Z^r&amp#3;���ƍ��,A�&amp#26;;)ؠE�&amp#22;�]��+��N2&amp#1;���g�o��'t��O?&amp#21;<�a+���ǔ�&amp#26;ǐ���z뭺�5���6&EH9�zF�2�x(>�)S��ʔB�o4R��i
1oJ��g�����&amp#29;&amp#26;�&amp#19;S�{H&amp#1;&amp#5;&amp#20;P��&amp#5;&amp#12;�W�3r�
(��&amp#2;
(��&amp#2;
(��&amp#2;
(��&amp#2;
(��&amp#2;qu����_�Ѵi�&t�e�����g�z2�Md4�Y4#R&amp#27;c���J�M�놋5����cJ��{<�S`gn��9��}ٽ{��n����;v��y��ѧ�v&amp#26;K�ٍ~ҤI�C^ΘZ?��y�O3�TtȲĿzF&amp#18;ǟR� 5��B'ٿ�bB���z��w��/�&amp#28;��7�l��&amp#1;{H&amp#1;&amp#5;&amp#20;P��&amp#8;&amp#24;no,O�q*��&amp#2;
(��&amp#2;
(��&amp#2;
(��&amp#2;
(�@U&amp#8;���u4��̽X��.�lƥ��&amp#16;��&h�\�\��d��k��|�_~�wB%cfT���,����Ч�~Z�M�g&amp#3;��&amp#6;&amp#21;9J
X��~���\s�v�m�쓰��w�=p���O>�����&amp#26;���Q&'��Hs�ÎY
�O�^c��&amp#25;I�C�ADȲeCI�h�f`jH&amp#24;��?�>�&amp#7;&amp#31;|04`s�8�&�&amp#20;�*��&amp#2;
T��/��b���&amp#31;�cS@&amp#1;&amp#5;&amp#20;P@&amp#1;&amp#5;&amp#20;P@&amp#1;&amp#5;&amp#20;P@&amp#1;&amp#5;&amp#20;P@�j&amp#17;h۶m&amp#24;
{�WvL?��C�&amp#14;�_~��-i��{��K-�T��B�&amp#21;VX!�&amp#20;&amp#22;�&amp#6;ݺu#1{z���8�&amp#26;&amp#3;�1��<����B׮]�!���&amp#15;�_��O^���g��믿~Μ9��&amp#6;)�l�ٯ&amp#30;#�5���&amp#2;&amp#11;�6s�έ�q���ơ�`��&amp#22;��,�)�&amp#27;�SbZ���?�M�n&amp#17;���%��v��㱥&amp#2;
(�@�
�'D��.��[u`
(��&amp#2;
(��&amp#2;
(��&amp#2;
(��&amp#2;
(�@m&amp#4;b�=f��Mo�s����r�E&amp#22;I��K�@ǝ�G[�&amp#21;cP<��&amp#20;�M�&amp#22;jX&amp#2;�ꫯ�&amp#28;My&amp#25;��_�5����(��}<���&amp#30;b�1k��"+8{l��=�?d�&amp#16;���y��&amp#19;&amp#12;�s+Xȸ�<y�%�X"��R��&amp#25;I�#�&amp#23;�r}�ԩ���׌&amp#25;3f%���׏2%}�q��o~�%�P�]=v�؞={Ʈ��'�|2�d�<�T��,+��&amp#2;
4^&amp#1;����9r&amp#5;&amp#20;P@&amp#1;&amp#5;&amp#20;P@&amp#1;&amp#5;&amp#20;P@&amp#1;&amp#5;&amp#20;P@&amp#1;&amp#5;&amp#20;�?�&amp#24;n'�V٫Μ93tخ]���KJ����߇�&amp#22;_|��n�&S��&amp#31;�&f�~��7�>��mj�$-J�=������h���#�<�L�䙏Aw"���/���V�Z��E��Y�*��a
r�+&amp#22;kS%#�={��Q��&amp#15;&amp#31;��)6�R�K�F�s~8�����>J��G&amp#30;)&amp#22;n����H���WRN�R�o{&amp#5;&amp#20;P@�z&amp#19; &amp#31;LK&|�����&amp#2;
(P?&amp#2;�1g�vISV�g`ut&amp#21;2�q�|eI�UGc�[&amp#5;&amp#20;P@&amp#1;&amp#5;&amp#20;P@&amp#1;&amp#5;&amp#20;P@&amp#1;&amp#5;��@\z��石����&amp#27;7Y�q�p��)&amp#31;��A�&amp#17;n�I�&amp#11;�&&amp#31;A��&amp#11;6�He�����
vҾ}{��W\q&amp#5;[ԇ&amp#6;cƌ���;&amp#11;6���8�z�V�%�a$|&amp#6;Hʁ����z�&amp#21;��s�e��؋=��}{�&amp#4;&amp#24;�Ǐ��OB����*�ף
(��&amp#2;�E�e˖����YT��9N&amp#5;&amp#20;�(�&amp#31;�!�δ�RwZ�x��jƿ(�y�&amp#25;�t�e���ӧ���`&amp#20;P@&amp#1;&amp#5;&amp#20;P@&amp#1;&amp#5;&amp#20;P@&amp#1;&amp#5;&amp#20;h2&amp#2;���j��	&amp#19;&�l�&amp#29;&amp#15;�Z����}��p�ꫯ^����'7��w�y�5+V���qr&amp#17;W�.]�_�b��Գ@����)&amp#29;�ݡ�ݻ_y啃&amp#6;
				� ܾ�&amp#30;{4�&amp#2;����F��&amp#23;_|AZ�&amp#24;�&amp#14;#_w�uWYe�N�:1s����� O&amp#3;�s����&amp#15;&amp#30;<��np�u�!i��_~�%F�&amp#28;����k���T��ݻ����\ї
(��&amp#2;� �&amp#31;E�	��Õ��&amp#2;
(P�&amp#2;$"&amp#11;�#�T}^���&amp#21;��&amp#28;&amp#11;5&amp#18;���&amp#2;
(��&amp#2;
(��&amp#2;
(�@&amp#19;&amp#22;Xm���ݱ&amp#30;�R���&amp#19;'�n	]�r-&amp#11;�[���D��~&amp#31;?])8�d��mη�~��͚R%O���&amp#14;�����M�9nܸJ�Nݔ&amp#12;+x/���q�76O���&amp#27;l�AzV�
&amp#14; �+B-;��7�ȡ&amp#7;&amp#30;x '��S���m��6�tk&amp#20;P@&amp#1;&amp#5;&amp#26;��������CC���&amp#22;+Jg͚Ul&amp#0;d�"�Т�.�L��[n�5�trC1+�k)��n�&amp#31;f&amp#7;&amp#28;p@-����t�Md:
/�<v�I'�C&amp#22;&amp#20;P@&amp#1;&amp#5;&amp#20;P@&amp#1;&amp#5;&amp#20;P@&amp#1;&amp#5;&amp#20;P@��#ЦM&amp#27;V͆��SO=��.�T���v:�����ʲ&amp#11;|2&amp#25;�a�mI��u]z������>Ko�d�&amp#18;%�v�&amp#5;*&amp#21;n�6mZ�!��&amp#27;���[c����'�|r���&amp#23;L�^�&amp#1;3�&amp#16;n'_ŤI��I7G�&amp#30;&amp#29;�_ 	��&amp#27;nX��ڛ&amp#2;
(�@&amp#3;
�������]�^�C �&amp#19;��d?��;�<��b&amp#11;B�鹘��iK&amp#5;�@λ���dS']R�}����k��������aA&amp#1;&amp#5;&amp#20;P@&amp#1;&amp#5;&amp#20;P@&amp#1;&amp#5;&amp#20;P@&amp#1;&amp#5;��&amp#0;Y�C���7��	��G�ǳ��8�s��&amp#21;�<'���&amp#1;!$I��X��0u����,1
Q|&amp#2;��-��Qn�&amp#15;�B�4�zkweL���E&amp#27;u&amp#15;���d���7���&amp#19;O�&amp#18;��&amp#27;���z饗^o��ƌ&amp#25;Å�x�䂨G&amp#30;y$\}�wNf���!ٿ&amp#2;
(�@]&amp#11;�;�ׯ����&amp#7;&amp#1;��0�n���#Z&amp#25;�&SF��&amp#19;����&amp#18;#F��e&amp#15;���&amp#2;
(��&amp#2;
(��&amp#2;
(��&amp#2;
4&amp#25;�d��|l�ꫯ�h+�'*&amp#11;�&֡�&amp#26;c���M���?JM�{_&amp#15;Q̂&amp#3;��J����u�&amp#14;<g&amp#0;1�~�n�9��_��t�;iV5�����&amp#30;x��&amp#25;��&amp#31;}�Q<��
�G�}���d�p!B&amp#3;�n&amp#15;eV�����Y&amp#1;&amp#5;&amp#20;P�A&amp#4;Z�'�+�kO�E&amp#23;�.>���7�|�&amp#31;�|1u�_���&amp#28;�2���&amp#15;?��K��d�Q&amp#11;MX�駟��_���{&amp#14;&amp#24;0��o��;��}��k���_��S�C����q��&amp#7;�&amp#29;���_cc&amp#27;(��&amp#2;
(��&amp#2;
(��&amp#2;
(��&amp#2;u'�g�$�&amp#14;��!C�l��6������W]uU&amp#24;-˦7�l�ʎ���|&amp#30;E�cǎe����?{�qo�b�t����{���	&amp#19;��s��V*ֲ�ԧ��_r�%㝒��m۶�ezaʔ)�<�#�����&amp#14;9G��L&amp#6;鋵�}�F&amp#27;m&amp#20;R ���&amp#28;&amp#24;묳&amp#14;}�&amp#28;92��$�&amp#21;W\��W�&amp#7;&amp#5;&amp#20;P@��&amp#18;hY�h\U�L&amp#3;&amp#14;��\WO|�W�^���#]&amp#12;�l���zb���#�&amp#15;�A�&amp#6;Ź���B�&amp#22;x����˪~��fZ�k��VKOz��ͷ�{�=�Q��Zެ�+��&amp#2;
(��&amp#2;
(��&amp#2;
(��&amp#2;Y&amp#4;X�&amp#16;�]x�q&amp#1;k��^&amp#24;:th�ă&amp#21;&amp#26;�&amp#11;��wU��&amp#26;k�&amp#17;��&amp#28;��T��~�)A�}�ʵ�^;��汦I&amp#22;ؐ;�Wǎ&amp#29;c9&amp#20;�&amp#27;&amp#1;�
+�h���g�.��&amp#20;�Y�Ϝ93���+�&amp#28;�
�&amp#11;����� }z��&amp#28;eR&amp#11;�pB&amp#15;��&amp#11;��&amp#31;~8&amp#20;�1��\�s&amp#21;P@&amp#1;&amp#5;�J�L���8���&amp#25;g<��&amp#3;q�#	d��z����&amp#14;���~��&amp#7;Ҿ}�UW]5\����w-/w���&amp#30;XY^ˮjsz�_2���s&amp#21;P@&amp#1;&amp#5;&amp#20;P@&amp#1;&amp#5;&amp#20;P@&amp#1;&amp#5;&amp#20;P@��&amp#11;���c��&amp#11;����[�\s�.��vԨQ7�tS8�&amp#21;�{�W&amp#25;���ҭ[�%�X"�����̙��>&amp#30;͒'��&amp#23;���~&amp#23;Ny�&amp#23;X�&amp#27;Oo�&amp#5;�,�r�-��X�ܽ{���\m��B�q��&amp#22;�!&amp#16;��h��Yͼr�e�&amp#2;�'O�B�;���YZV�M߾}C?��g͚Ų(���f�M7��%�D&amp#1;&amp#5;&amp#20;P�z&amp#4;�;�emf_Vϝ4��,��2䐏��oqR�ė&amp#22;��&amp#0;ս��&amp#27;u}��&amp#5;�3��c�6o0f�ĩ�qϡ�&amp#30;���a�B��Z��&amp#2;
(��&amp#2;
(��&amp#2;
(��&amp#2;
&amp#20;&amp#20;8���c&amp#24;{ذa�&amp#30;Xjĝ&amp#28;�$Ō��~����;o|Y�B˖-w�q��&amp#27;�&amp#31;{�,=�e��|����klv����T|��
|�~�9��T&amp#4;̷(�_x\�~�7fѠM�r�����vVXa��?s >���&amp#26;�Ů&amp#7;1�]c��7 nHq��ƌ&amp#25;&amp#19;3��Yh��j߿=(��&amp#2;
T�&amp#0;�����&amp#5;���PX%|�q��K>��s�l�i&amp#11;|��G�p����[�&amp#11;e��&amp#28;&amp#27;�&amp#20;b�#R2�M�r&amp#26;��K��J&amp#18;����WQ@&amp#1;&amp#5;&amp#20;P@&amp#1;&amp#5;&amp#20;P@&amp#1;&amp#5;&amp#20;P@&amp#1;&amp#5;�&amp#8;&amp#16;3#��&amp#18;�И&amp#4;�G&amp#28;q�&amp#7;&amp#31;|��\V8\z�$��?��UVY%��la�]vYt�EC��>�&amp#3;�g&amp#6;�H���&amp#14;�8&amp#6;6��&amp#17;w�s��~ٓ&amp#20;���O&amp#25;�R�fl����sE&amp#30;��&amp#23;_���χz�{�Đ�2ֳ&amp#6;&amp#6;ꜣ9/Y�~ꩧ�f�LN���e&amp#12;�s�&amp#23;\pAJ�&amp#6;r�&amp#15;&amp#25;2�ꫯ�g��v�)\��5�>�h(o���<&amp#12;/��&amp#2;
(P?&amp#2;��������&amp#14;;����aL���&amp#6;&amp#20;��&amp#25;���߿�p�w�ygy&amp#25;,8뮻�
���&amp#30;d=j(:���&amp#28;���zc��&amp#19;�&amp#26;˓r�
(��&amp#2;
(��&amp#2;
(��&amp#2;MF�mѯ��&amp#24;q'J}��&amp#7;�{���&amp#31;�o�� 	���8�}��&amp#23;&amp#27;���N�
�i���O��#������xs��&amp#5;F������!&amp#0;ܫW�xw�M~�C&amp#14;a&amp#27;�P��8&amp#7;&amp#31;|0�͔��,���i�\1��m�ְȘݵ�|��SO�G�	�_w�u<��&amp#30;z(&amp#14;���[~����d�%+}��	5,pgRŴiӒB�&amp#24;0ی��/��r�Qkj&amp#20;�]���;�f����`B~&amp#14;&amp#29;p�&amp#1;�_}h��?��ƞ+�`�-�&amp#8;]&amp#17;k&amp#15;!&amp#0;&amp#18;�w�ڵR�ۏ&amp#2;
(�@�&amp#8;0��u�����d�&amp#5;&amp#22;Xn��H��-g	���))q�N�:�/�Dk۶-3�:t�@z���(&amp#7;�p�	&amp#19;�lժ�J+��s�Ɨ�t�"��⊱=�|����&amp#2;WOV2��;b��]N*-��;�?ʋe���/8��u8�&amp#14;&amp#1;Ꮈ&amp#23;�ʶO��
�}�݋/��]Cğ�\z��&amp#22;��6�(9�1�O��_?��>���߾�C����g:�j��&amp#11;�v�)}r�S^}�U��&amp#14;�0,8ٙ���U���Q�ǟ��H�%&amp#15;e�ر뭷^�&amp#19;�mHs&amp#20;ޢT�/�,I����rm&amp#30;
��u�q��W_}UЍ'&amp#21;�k��-X�]��;�ҟ�x(3f�Xx�y�|���}�7K�&amp#19;k��]�&amp#24;of�{�2��(�
гgO&��H��&amp#30;�5�����+��3&amp#3;�_b���&amp#6;a[�7�0y�e���u�W@&amp#1;&amp#5;&amp#20;P@&amp#1;&amp#5;&amp#20;P@&amp#1;&amp#5;&amp#20;P@�&amp#26;&amp#5;V]u�&amp#27;n��&amp#5;�1�8�5�8q�����,+糵o���׏&amp#31;?>gE&amp#1;��3�<s�6��B�l�%N8�&amp#11;/�0��r[��P�s���#>>������&amp#23;�(!L�����Z�,X�o�����
Zƽۉn��&amp#7;&amp#23;���>>~�9s&���@��`X�`�uZɳ +dH&amp#12;�'�|.��Z�/&amp#14;�!&amp#18;���9!�&amp#3;r���u�]7�2�����>&amp#27;j&amp#2;����GOK/�4�0���r��0&amp#7;�&amp#12;&amp#7;9o�d���&amp#5;p~饗��	p��&amp#22;�Okyv|�F�Q>HLΥ�{�O������wU&amp#23;5��6�|s�&amp#0;�s&m��C�؏&amp#5;&amp#5;&amp#20;P@�j&amp#19;0��`O�ٯ!��&amp#18;�$nM��?Г�]�GLԍ?����І��&amp#7;&amp#12;&amp#24;&amp#16;������&amp#27;�w��!v&amp#24;�F=��31�̤K���&amp#15;��ÇӞX��_�_6�sc�3�0���&amp#14;J&amp#6;݉w2��?�b��&amp#2;*��>�Sr&amp#26;���*�*-��&amp#20;���&amp#3;�v��-��d�g�}65g�uV��C��Ѧ���ٸd�*8`�d�׿�ſ��W	g'kB�o߾d!˯/��ol���'UF��&amp#28;h�L4�&amp#31;�)o�bë�CA���L&amp#6;OvοK�[:Y��,��&amp#20;Z&amp#18;�gv6&amp#20;t�<7Y�_��{���dez�oR�=�����b-	�&amp#15;&amp#26;4�Lb%E���&amp#1;����,�g����?�y�����˶�&amp#0;�W@&amp#1;&amp#5;&amp#20;P@&amp#1;&amp#5;&amp#20;P@&amp#1;&amp#5;&amp#20;P@��&amp#19;�S��o���&amp#2;����d�����{�&amp#3;&amp#7;���
��`%�)��]t�E1&amp#0;ɇ�|&amp#21;�&amp#4;�ɍ�G.,QH�X,�ޮ];>c&amp#15;�ڄz>&amp#26;�+&amp#25;n̹VLq�S_�/�������;<���Z*�P���a�m�����&amp#7;�|%��2�&amp#26;N<�D�&amp#31;協=&amp#15;<�9&amp#23;X&amp#15;�&amp#7;��j����&amp#16;� &amp#8;3?N;�46>�(S+�<���Z���������R{��&amp#2;
(�@�&amp#16;p��&amp#6;{Lq&amp#17;����_p&amp#16;�i�hD�;=�ι�G�ff�СCs�a�.&amp#11;�Ce���� ��&amp#15;>&amp#24;&amp#26;0�/��~�y&amp#19;&amp#14;$"K��X����7&amp#6;��8��C���K��lY�?�!=8J��n	䧏0&amp#30;�O��&amp#23;���f��J� ���&amp#5;F&amp#24;�Yv�����#��&amp#31;&amp#21;�bf�91��&amp#15;O�`}��CZ�����w�=��LJ��`��h~����!��*�&���&amp#15;���&amp#19;kO�\�Q��<���ڋ�x�&amp#3;3^ys�&amp#5;�	�)&amp#29;�CL�%�O����8�9J&amp#27;Zf���?&amp#19;8x���̿�IR�ۏw�<��&amp#19;&amp#7;fA&amp#1;&amp#5;&amp#20;P@&amp#1;&amp#5;&amp#20;P@&amp#1;&amp#5;&amp#20;P@&amp#1;&amp#5;�S�&amp#15;&amp#31;���G�AVx��5��,�&��&amp#22;~�`���-�\���h,�4.x�w��l;�u	�&amp#22;l@%�	����X;/CZ�,�d%&amp#0;&amp#31;��&amp#16;[�&amp#19;�,�?��>�&amp#4;��4&amp#11;��5�W��&amp#5;&amp#6;����O_���i��&amp#3;f&amp#18;&amp#12;&amp#30;<��X{�#�s��&amp#31;�`R`,x�ݻw�C�&amp#17;k�&amp#1;�&amp#12;C3�!&amp#20;l&amp#31;��D���r*�&amp#22;�&amp#20;:�=/c�X�iS=#a��-���r�bμ�yó&amp#8;'�ڹ���A�a��������2�&amp#2;j�7.;�k�+�R&amp#1;&amp#5;&amp#20;P�A&amp#4;�-� Nc&amp#14;���Y/˯�p���ߟL�\c��UM �f,A������3%�����f$fgj$W!TOԐّ�#��&amp#30;�&amp#16;�f�k|I��[o���+)����y�ݝ��&amp#20;w�a�k,�&amp#21;�&amp#15;����&amp#28;s�e�]&amp#22;.ǐ�{�?V�c�?V��J�2y_��&�M��Pz8��2��9&amp#1;�B�&re&amp#19;����c@�[f�5�9�O�<�Z��[f�q��d#O&amp#6;n��w_��&amp#24;r
��&amp#31;֗36R��i&amp#1;��&amp#22;2�3ϔ�}�����Oy&amp#4;���ӖA�m��g�ȑ#&amp#25;@�
�&amp#25;CJ&amp#3;�A&amp#20;��&amp#23;���9cK�|7�`&amp#24;&amp#12;,�&amp#20;u�QG�Ϙ�&amp#30;�G�;��2���@�&amp#5;�6�&amp#20;�%yJ�\��B�=N�x��Ȧ&amp#30;�g&amp#6;q�B��?&amp#27;x�9���׿�����Q�!|�&amp#28;�n�D&amp#2;��&amp#29;a~qr�&amp#8;�&amp#16;�d�xbN�&amp#16;>i&amp#24;���(�F�&amp#15;��V[�w�y�&amp#31;[r�&amp#5;t�� ����L���Q�z&amp#6;̷6�&amp#17;�c��M�SH8�I�:�ώk!���&amp#23;_\��&amp#21;{���&amp#2;
(��&amp#2;
(��&amp#2;
(�@Y&amp#2;����g��l�S&amp#26;WK>�b�=�OXG�ɍ&amp#23;R��_>�`��j�&amp#29;>����&amp#15;I��&amp#23;���9b�$~g�zE��'&amp#27;|<�����O|��:&amp#1;n���|�FN��\�"���8�&amp#14;�� ��S&amp#23;�&amp#29;_l��'�|&amp#6;�P��'��R�&amp#11;&amp#2;&amp#20;���*t&amp#27;&amp#28;���Rԥ��I�绌U+,����&amp#8;2�4>H'=C&amp#3;�/&amp#31;��F+&amp#12;��&amp#11;.���&amp#6;&amp#28;��V@&amp#1;&amp#5;J&amp#21;(6���~*�&amp#23;cM&amp#23;��㿆��r�*&amp#26;W#&amp#25;J2�Yj�}���
qe~ˆ�x�M�(I����n�����b	�cx���)M0/9y�?2&amp#8;&amp#27;���v&amp#19;�ιJ��DX�=�\�����&amp#19;O�&amp#25;���(f<�q2u7��
&amp#4;���C�6��F�7&amp#26;�&amp#4;&���`�NB�?�.�䒸W7����!�Ⱥ��	QR��&amp#20;&amp#8;�X��&amp#8;c�!C��qT|�,$=c=7�Tӂ�&amp#15;�+�	�qa=sxYC&amp#31;O�)�	cSI����>:�h-_&ߍ!�N�D^��L!Fͳ\��&amp#4;�o�}XWͤ
օsV�p{�&amp#31;
�&amp#19;���W%3�[�M�&amp#27;�73Ӗ��+�&amp#3;�sf���JZ&amp#18;�O�7&amp#15;8�Ԏ�&amp#14;&amp#16;&amp#8;�܂&amp#19;n��&amp#31;w�q��&amp#31;.J�|s�/؂c�&amp#18;|&amp#22;��ts�ÀI-]�v�o�?�H���p&amp#19;�&amp#24;nϷ�F&amp#1;&amp#5;&amp#20;P@&amp#1;&amp#5;&amp#20;P@&amp#1;&amp#5;&amp#20;P�&amp#18;&amp#2;&amp#21;��4���&amp#18;��&amp#15;&amp#5;&amp#20;P�J&amp#5;�(���&amp#25;&amp#28;k~�~Q,oA���a)�@�&amp#23; �Q�A��b,��vR�&amp#6;�r3�03[�&amp#26;n&amp#22;�&amp#23;� Q&amp#18;��YFL�b�vN$�<1���&amp#27;o����&amp#21;�q}3�@&amp#23;�P�J"���D��X{~c��FD��vZ&amp#18;Mg[��&amp#25;c���N���X;�&amp#16;�d�t���B��ffb�EC�&amp#3;c�����ϊ��X;����v�mD.É�U���z�Fs�&amp#5;c�4&n�&amp#24;�Ǉ&amp#19;���&amp#26;f��w�P5�=¥	��&amp#25;3&�0X�&amp#29;b��52�[?&amp#15;%�`��H&amp#27;@&amp#4;�X���L���S�g?y���'�D�I�&amp#30;?&amp#26;`6&amp#12;;�&amp#21;��s&amp#22;k�y��oCΊo�d��̄�&amp#24;kgz&amp#1;�&amp#23;��ӞY�D�<��x�&amp#5;&amp#5;&amp#20;P@&amp#1;&amp#5;&amp#20;P@&amp#1;&amp#5;&amp#20;P@&amp#1;&amp#5;&amp#20;P@&amp#1;&amp#5;&amp#20;�&amp#6;&amp#1;V9�]bٌ�X{5<&amp#20;Ǡ�&amp#2;
ԝ�����-�s&amp#12;<�"%�3!�&amp#24;�.��o=�24 �ӒX`�!�Hv���&amp#5;_N�0!f��O��mB%��YM�Ҁ��,�&�}��&amp#7;����A� 1��b��&amp#14;>&amp#30;"&amp#3;<y����&amp#2;S&amp#22;&amp#14;?��POn�&amp#26;�c&amp#15;-&amp#25;I�/ ��XCR�X&V&amp#29;�^ ^&amp#27;�&amp#23;&amp#8;�Ƴ&amp#12;����&amp#25;k܉�f9%����&amp#18;������u�)��CW���
&amp#27;���&amp#17;#����3������`Ӈ�]ĸ.,1O&amp#3;����&amp#5;;'Y&amp#25;�;�!��&amp#16;�OϮ��&amp#17;�W�&amp#19;�&amp#23;��J&amp#5;&amp#20;P@&amp#1;&amp#5;&amp#20;P@&amp#1;&amp#5;&amp#20;P@&amp#1;&amp#5;&amp#20;P@&amp#1;&amp#5;&amp#20;�&amp#31;&amp#1;r��ed�V߾}��^E&amp#1;&amp#5;&amp#20;P��&amp#4;&amp#12;�׷<��&amp#27;n�!\�G�&amp#30;&amp#4;�j9�V�Z�m��ߞ�&amp#27;��c������9Z�e\&amp#7;ώ��k&amp#11;�	���R��C[o�u�͠A�j��q&amp#2;��)S���2�&amp#29;ť����g��P�&amp#2;��&amp#5;��-䋵�m��&amp#1;Ŏ&��&amp#4;(�&amp#2;O�&amp#31;�<���q>&amp#4;���_x)Wg];{̇&amp#6;�6Hi��&amp#30;&amp#30;J�E����~5��C?�&amp#12;&amp#5;&amp#28;&amp#8;~&amp#23;�|ذa�~�����&amp#2;q�䜌d&amp#15;ɳF�&amp#30;&amp#29;&amp#23;��M&amp#29;�s�m�ˌ!c��s�Q@&amp#1;&amp#5;&amp#20;P@&amp#1;&amp#5;&amp#20;P@&amp#1;&amp#5;&amp#20;P@&amp#1;&amp#5;&amp#20;P@��&amp#11;ĥ���uW�*v��&amp#2;
(P&amp#2;d41�^�&amp#15;��?>��&amp#19;�%&amp#15;=��X�M�U��t�9��
>&amp#6;M����6ɗ?����w�&amp#29;j��&amp#6;��v��l�I|Y�@ 0&amp#25;&amp#11;�q�&amp#29;��L�ǥ�����^�<##&amp#20;&amp#7;&amp#29;tP�
�&amp#11;S�ԇ6,m/�$?9�X�� ��&amp#29;&amp#15;5l�$��?N�H&amp#25;&amp#18;Y&amp#16;�ѕVZ�[�n)-�&amp#15;��Cɿh�5���{�Yc�Рcǎ��ԩSc9&amp#22;�&amp#22;~�W�K�]b�%��B�N��&amp#12;f�&amp#20;�<��H-��a<ڦM���A����&amp#2;
(��&amp#2;
(��&amp#2;
(��&amp#2;
(��&amp#2;"0y�d2\�K��2&amp#6;/��&amp#2;
(Po&amp#2;�������-�Y�&amp#29;W����:�S�&amp#17;Ę�&amp#7;&amp#31;|��aL&amp#8;O�y����5������r�&amp#27;n�azN��~�W&amp#14;e�ʧ�ݎ��&amp#28;����q�>�̞�<�&amp#25;�ƥ�$&amp#6;�㩱&amp#16;&amp#7;<iҤ&amp#26;&amp#27;�g&amp#3;r	�&amp#29;�YT;�)Wg
B�lA����&amp#5;&amp#15;��C)x���޽{�	&amp#7;�-9�[�y$�&amp#25;&amp#22;�O��&amp#16;�J�7+Xs�&amp#1;&amp#7;��d?�2&��k���O����6�,vbA&amp#1;&amp#5;&amp#20;P@&amp#1;&amp#5;&amp#20;P@&amp#1;&amp#5;&amp#20;P@&amp#1;&amp#5;&amp#20;P@&amp#1;&amp#5;&amp#26;P��[oW_t�E��Xk��zi&amp#5;&amp#20;P@��&amp#11;&amp#16;Zj]�^�&amp#1;��&amp#19;'�.<R���O?��#�u��s���9�pv4�j��b�Z&amp#22;&amp#22;_|��&amp#3;&amp#25;�Y�&amp#29;_R �ݹs�w�}�2;R'�Z'��r\��&��&amp#1;�&amp#24;���$�&�p_f�er&amp#14;&amp#21;{��RK�CӦM�o���ƨv�.]�&amp#27;&amp#20;�I��`j��&amp#23;l�l\�A�2vU0F�lY�e��C�&amp#14;�$H'��2��-�i&amp#19;F��&amp#11;@�î��R�0�&amp#27;,����)5&amp#29;:t&amp#8;)

���~��pn����4���!&amp#22;���D���	�|��&amp#19;7zO��R��&amp#21;R�xH&amp#1;&amp#5;&amp#20;P@&amp#1;&amp#5;&amp#20;P@&amp#1;&amp#5;&amp#20;P@&amp#1;&amp#5;&amp#20;P@&amp#1;&amp#5;�Z�Ė1�%��Z�6&amp#4;S�����&amp#2;
4��?�+�&amp#12;�<�Ȍ&amp#29;�M}�}���~-5��&-<��&amp#25;����I��v�&amp#5;GK|1f�!�^�M��&amp#30;���ೇ��r䂫����8&amp#12;◱\c&amp#1;�%�\2D��7@Ĵ�)&amp#12; }�AΉ$�&amp#14;5�g��9��/I&amp#11;ϝ���k���{�M	��s�=a��aJ�}Ϊ��R�d�A�&amp#23;^8\��&amp#31;�W&amp#28;?~|�$*���&amp#26;�
&amp#19;_ƍ&amp#27;����&amp#15;?�5�	4�2�P�=�t�!&amp#5;&amp#20;P@&amp#1;&amp#5;&amp#20;P@&amp#1;&amp#5;&amp#20;P@&amp#1;&amp#5;&amp#20;P@&amp#1;&amp#5;&amp#20;(O��L��zj8�O�	��׏g)��&amp#2;
4.&amp#1;�����v�m7�O���6���#�:_ĉI��&amp#2;z���_���&amp#21;�&amp#21;,�X6�ۧO���ӽz�*���&amp#30;&amp#11;��Ӯ1�}�&amp#17;Az�K�&amp#11;^={�W_}&amp#21;&amp#27;sG/��r|Yc&amp#1;��&}���Q��&amp#14;C�&amp#22;-Zdl� �x�p��O?�l&amp#3;�&amp#28;�&amp#15;��V�l&amp#17;���7+VS&amp#15;&amp#15;�إ��K}���!&amp#5;���&amp#22;��&amp#29;I�&amp#19;������d=�dM��\��&amp#25;<1�CNϾT@&amp#1;&amp#5;&amp#20;P@&amp#1;&amp#5;&amp#20;P@&amp#1;&amp#5;&amp#20;P@&amp#1;&amp#5;&amp#20;P@��&amp#11;�z�s�!c<&amp#31;��
�&amp#28;��%IG&amp#29;u�B&amp#11;-T�ڡ&amp#2;
(�@�	�r�p{e&amp#30;
+�c���#kd�����S����&amp#30;�+6���z뮻�&amp#26;9rdL4]�eJ}�v��vۇ&amp#31;~�6&amp#15;>�`�p{ܷ���5�v��&amp#22;K�b�C�#^���J��S�9�X.�&amp#16;��&amp#5;ϊaтG&amp#27;]妛n�l��&amp#22;���D<�&amp#11;��L5�\3�g,��C�8��f&amp#5;�&amp#22;���2&��[;�Y�e&amp#12;��g�����C3�T�~&amp#16;���B̯���C
(��&amp#2;
(��&amp#2;
(��&amp#2;
(��&amp#2;
(P)��3g�&amp#29;;�`o�&amp#29;w�6�lS�
(��&amp#2;ML������<�&amp#19;O<��&amp#1;Z�B<��#l�&amp#29;RO�~�$�&amp#15;�v�=���	����f�qul�?&amp#5;�g��&amp#30;��e2�[G&amp#23;�o����&amp#6;��a��-������&amp#14;�3��P`Μ9Æ&amp#11;c�}���&amp#24;d=<�2F�)e���]&amp#8;�xh�&amp#5;&amp#22;���&amp#5;fބ��SOb����&�*��)�R&amp#1;&amp#5;&amp#20;P@&amp#1;&amp#5;&amp#20;P@&amp#1;&amp#5;&amp#20;P@&amp#1;&amp#5;&amp#20;P@��&amp#11;&amp#20;�x�&amp#30;�|���&amp#6;&amp#27;Ծ{P@&amp#1;&amp#5;&amp#20;h,&amp#2;�۫�I�&amp#28;���O�'��[u�U�u��>�,�]d�E���
��&amp#29;�T��,_N6�/���#n[��O���9m&amp#30;z�PӧO��.&amp#8;ιP�_&7t?�����p���+��Fz�&amp#14;;�&amp#16;��C&amp#31;=z��&amp#27;o���Q�F�4�l=�<���&amp#28;&amp#30;J�&amp#15;���l&amp#0;&amp#17;<�v䍇ʛ�Qc:�x!&amp#11;
(��&amp#2;
(��&amp#2;
(��&amp#2;
(��&amp#2;
(P{�&amp#21;W\�&amp#15;�?��&amp#19;����}�&amp#21;V�3��$����=(��&amp#2;
T�����{F�-&amp#7;&amp#15;&amp#30;L@4��_�����[n���s�<�D���������ޛ&amp#19;n���&amp#31;c���lա��b�l&&amp#28;�&amp#29;n��.��+���ٳ�+��­&amp#14;&amp#31;><'�~�=�&amp#4;�=��&amp#19;�28��Cᛈ��&amp#16;)�Y�K��2eJh��gwd�<yrI}��U�]��{�&amp#20;&amp#5;&amp#20;P@&amp#1;&amp#5;&amp#20;P@&amp#1;&amp#5;&amp#20;P@&amp#1;&amp#5;&amp#20;P@&amp#1;&amp#5;&amp#26;�@۶mٗ���9&amp#27;��9H&amp#5;&amp#20;P@�,&amp#2;���K�,�lS�&amp#2;O=�T�������&amp#7;&amp#12;&amp#24;�&amp#18;kgl�ې���&amp#20;��Ǐ�8qb�����χ�=1�޽{'&amp#15;Ua�?b¨&amp#24;sL�]�㬶!��aH�>�l��R����&amp#6;&amp#8;�v�i���L&amp#30;Jܲ���8ԁ�&amp#4;&amp#21;9�q�&amp#2;��d���f�^f�!P�t�&amp#21;P@&amp#1;&amp#5;&amp#20;P@&amp#1;&amp#5;&amp#20;P@&amp#1;&amp#5;&amp#20;P@&amp#1;&amp#5;&amp#20;P@&amp#1;&amp#5;&amp#20;P@&amp#1;&amp#5;J&amp#21; 5���R���5�\&amp#19;���r���o[x�k�d�s=�%���=c&amp#30;}��d�&amp#7;&amp#31;|0�d��&amp#6;ܔ=9���.&amp#26;���e��PL`�M6�K�&amp#31;x���,>���^{�UV��%&amp#21;��C�&amp#19;_�{�� }��="��
�|��ױ>K��|�&amp#31;&amp#2;Yz��&amp#2;
(��&amp#2;
(��&amp#2;
(��&amp#2;
(��&amp#2;
(��&amp#2;
(�@F&amp#1;��&amp#25;��&amp#25;[�İ���&amp#3;�Xb�,&amp#23;��㏳4�M\�L�����������n��]5`3���W���Xc��&amp#0;ۍ�)!&amp#28;%k9s(Ϟ=���&amp#14;�q�{�&amp#30;R��CYy�&amp#3;&amp#31;~��Q�Є	&amp#19;¡�]���رc��6mZ,g)L�:5K3�(��&amp#2;
(��&amp#2;
(��&amp#2;
(��&amp#2;
(��&amp#2;
(��&amp#2;
TP�xkK&amp#18;�W�G������~&amp#26;{�ҥK,�&amp#23;>���&amp#6;�h\���ӯ��z���'Ca���"}}l\���&amp#22;[���ax#F���q&amp#22;&amp#27;X�s&amp#23;;Z���o�}�7�&amp#11;/�@�����Y���&amp#22;[�}�zx(?��S�ëԉ|&amp#7;��&amp#8;����k%u���/��g����&amp#21;W\1�6f̘X�R���&amp#15;�4��&amp#2;
(��&amp#2;
(��&amp#2;
(��&amp#2;
(��&amp#2;
(��&amp#2;
(�@&amp#5;&amp#5;Z�e��������N�:�rJ���&amp#31;{챔&amp#6;�C��?�~�B�#�<&amp#18;
��(������\�&amp#27;�?���lE_�C�ckݺu(�N V�s�%�&amp#27;n�a�����)�� �di�|��W����C�n����ͽ&amp#20;;�U�1!��7�X�Y��믿>֓�?�C�U�V=z�&amp#8;�[n�e֬Y9R^>��&amp#19;)G=��&amp#2;
(��&amp#2;
(��&amp#2;
(��&amp#2;
(��&amp#2;
(��&amp#2;
(P&amp#23;&amp#2;�����E��Y�&amp#0;۫�&amp#19;�L�&amp#18;�)�뮻.�NNi�<&amp#20;�7&amp#19;n'�G"�w�}74���~�lY��d�sv���Ʊ-�䒡��&amp#23;_���/���?\�&amp#29;&amp#4;Xo=jԨ�r�&amp#29;w��`����ҙY��?�r��<�&amp#31;��;襗^z��73vȂ�7�x#4�&amp#17;$wj�=Ğ��~��Gc}z���&amp#31;~���6&amp#30;U@&amp#1;&amp#5;&amp#20;P@&amp#1;&amp#5;&amp#20;P@&amp#1;&amp#5;&amp#20;P@&amp#1;&amp#5;&amp#20;P@&amp#1;&amp#5;&amp#20;P@&amp#1;&amp#5;&amp#20;�&amp#11;&amp#1;c�u�Z~�1G:]��\Jw�ƍ&amp#27;:thJ��Ck��F�&amp#24;O�xa\&amp#23;K�u��&amp#22;�o_�5��F&amp#27;m&amp#20;��]<��S�9�䨖^z����&amp#24;6�x�۷o&amp#31;Fr�a��BϞ=WXa��h�(��C��&amp#20;&amp#24;R5dM�o��"�&amp#21;W\���Ɨ�
d����+���v�-����|��o�9c�����:ىe&amp#5;&amp#20;P@&amp#1;&amp#5;&amp#20;P@&amp#1;&amp#5;&amp#20;P@&amp#1;&amp#5;&amp#20;P@&amp#1;&amp#5;&amp#20;P@&amp#1;&amp#5;&amp#20;P@��&amp#17;�uu;����żJ&amp#22;&amp#1;&amp#18;Jw��9�����ӗA�&amp#28;9�裏��mN��
�L�&amp#15;=�P8��&amp#14;;�4��'�pB&amp#28;���&amp#31;�UWe̿M�&amp#6;�C!����}�r��J&amp#21;��&amp#30;�&amp#0;��b&amp#1;�� c�.&amp#30;J�v�����Xn�&amp#2;ϑ�[�:sb&amp#6;&amp#14;&amp#28;�>�)�a���{�&amp#25;�<8��&amp#3;VYe���IS�1ǄC�&M:��&amp#3;�^�&amp#5;�3i��&amp#11;/���
&amp#30;�R&amp#1;&amp#5;&amp#20;P@&amp#1;&amp#5;&amp#20;P@&amp#1;&amp#5;&amp#20;P@&amp#1;&amp#5;&amp#20;P@&amp#1;&amp#5;&amp#20;P@&amp#1;&amp#5;&amp#20;P�N&amp#5;~�$�W�^��K&amp#21;�kg	�&amp#30;~��cǎ��a�ԩ�&amp#7;&amp#15;>��cC&amp#26;��&amp#15;>8�'��8�f�-�&amp#12;��&�G�U�ݺu�oY�5����΋#d�k&amp#2;���~�P:Qv0�?������w�qG<��
,���&amp#11;H�Of�z�t΅b��Pϛg�M6�iS��:z(���&amp#11;��&amp#29;{����7�
�E6��ݻ�&amp#14;�����=�X�l&amp#15;��3�&amp#1;&amp#3;&amp#6;�y3L�&amp#25;4hP�H��c���;�<p�s�=W���	&amp#19;��g�8��wu�fV*��&amp#2;
(��&amp#2;
(��&amp#2;
(��&amp#2;
(��&amp#2;
(��&amp#2;
ԝ@kb�-Z���&amp#11;�s�&amp#2;�Ͷ�j+�w�ȪYB�=z�X}�����&amp#24;&amp#27;&amp#17;��W&amp#22;���W^y��2^k�E&amp#23;�*1�<g�ܹ1���|�)��&amp#27;'<��^{&amp#17;<�k��V#;��ٳ����o��2e��ѣ�O~d4&amp#30;��&amp#2;��I�&amp#30;F�<�}�ݗ&amp#4;��:u"���&amp#25;3�M�F%&amp#11;��-}����]v�>}�<�쳡O�xsU���x(��&amp#31;x��0³�:��&amp#3;�Yg&amp#29;&amp#30;4�&amp#17;7�6�l���7���l
��v��O?&amp#29;Fu��'S �ޥK&amp#23;x�&amp#14;}뭷rR�&amp#19;G'eż�ΛBMϗ\r�&amp#17;G&amp#28;���f̹!�&amp#5;w��Zk������&amp#27;�ns~&amp#8;�~��&amp#29;:tH~G�\�C
(��&amp#2;
(��&amp#2;
(��&amp#2;
(��&amp#2;
(��&amp#2;
(��&amp#2;�&amp#18;h�&amp#24;���������&amp#19;O���F�&amp#26;&amp#21;F��o_&amp#5;G{�&amp#25;g���Dm��������\߾}&amp#11;�_��[o��RK-�2��Л&amp#8;%&amp#20;�&amp#26;L8h�[#���&amp#15;>&amp#24;&amp#3;��i���b�z&amp#8;�s��K&amp#12;�W|&amp#31;��?&amp#20;&amp#22;�3S�k�	O��߾�O�M�6�&amp#25;n��D�I�N�&amp#2;�*đ&amp#16;#&amp#15;a�X&amp#19;&amp#11;��'���&amp#2;&amp#11;Ěb&amp#5;ޜ�_���&amp#27;��Ќ��K�}�Ҿ}�s�9g��׏&amp#11;���X��&amp#2;
(��&amp#2;
(��&amp#2;
(��&amp#2;
(��&amp#2;
(��&amp#2;
(PG&amp#2;f�/&amp#31;6��?}�j��`��+�Z~��&amp#11;��jWV$�U;&��رch�&amp#28;U�sC�&amp#6;&amp#27;l&amp#16;�n��K,�D|�^ �&amp#25;&amp#26;&amp#16;nLo&amp#25;��&amp#16;#Î��xJ,��g�3��	O&o�`{�O>�d�&amp#0;s�&amp#28;+�&amp#11;�P�r���&amp#11;��O��<�+��"��.ؠ�U���,&amp#23;�
�&amp#27;n�!�Z
&amp#27;o�1���5���q��`l_��&amp#18;�d��&amp#27;n�!f�&amp#23;
��&amp#31;��8����B|&amp#15;�x"�D�I&amp#23;�؊�����6l�0�{�=�&amp#15;�����A�����&amp#23;�&amp#26;Cq衇�L�X;m�p>E�&amp#30;�W@&amp#1;&amp#5;&amp#20;P@&amp#1;&amp#5;&amp#20;P@&amp#1;&amp#5;&amp#20;P@&amp#1;&amp#5;&amp#20;P@&amp#1;&amp#5;&amp#20;P@&amp#1;&amp#5;&amp#20;�������̙�%8W��xn�&amp#2;<!&amp#18;�����O?���/	�-�����H+M�鲻�D�$�y���.#�xmz��s��w�y&amp#7;4&amp#18;�3&amp#7;�ͳY+��oյ&amp#29;�&amp#0;&amp#0;@&amp#0;IDAT_&amp#4;���D��&amp#12;�G0i�$�K��L�DO�Yf���ۨ��*x�
>&amp#20;~^M�<�o&amp#7;�~��g�i�k�'KZ��?��=&amp#11;&amp#24;�̙3۶m�&amp#27;��&amp#11;�kP�oUzf�<��yK�����O���^�,&amp#8;�&)�~�R&amp#1;&amp#5;&amp#20;P@&amp#1;&amp#5;&amp#20;P@&amp#1;&amp#5;&amp#20;P�n&amp#4;����9�E�▽�-&amp#21;P@&amp#1;&amp#5;&amp#20;P@&amp#1;&amp#5;�_�ܰK��b��[��&amp#21;[&amp#16;Э����H&amp#5;n��k�����ę�l+�Ho�a+��&amp#2;
(��&amp#2;
(��&amp#2;
(��&amp#2;
Խ@�><5�^�&amp#15;�+(��&amp#2;
(��&amp#2;�&amp#18;0�^&amp#18;���K�j"��Ν{�=���a����&�\�&amp#5;&amp#20;P@&amp#1;&amp#5;&amp#20;P@&amp#1;&amp#5;&amp#20;P@&amp#1;&amp#5;&amp#20;P@&amp#1;&amp#5;&amp#20;P@&amp#1;&amp#5;&amp#20;P@&amp#1;&amp#5;&amp#20;�/&amp#1;V�&amp#27;n�/�j�Θ1c�M&amp#29;F��v�U��&amp#28;�&amp#2;
(��&amp#2;
(��&amp#2;
(��&amp#2;
(��&amp#2;
(��&amp#2;
(��&amp#2;
(�&amp#8;&amp#4;&amp#12;�7��T&amp#23;C���C�k��v�N���&amp#18;���&amp#2;
(��&amp#2;
(��&amp#2;
(��&amp#2;
(��&amp#2;
(��&amp#2;
(��&amp#2;
4a��|5����

|���O=�T84`���m�T@&amp#1;&amp#5;&amp#20;P@&amp#1;&amp#5;&amp#20;P@&amp#1;&amp#5;&amp#20;P@&amp#1;&amp#5;&amp#20;P@&amp#1;&amp#5;&amp#20;P@&amp#1;&amp#5;&amp#20;P@&amp#1;&amp#5;&amp#20;H&amp#17;�uu;�Kiᡦ'p�M7��j߾���n��n�;R@&amp#1;&amp#5;&amp#20;P@&amp#1;&amp#5;&amp#20;P@&amp#1;&amp#5;&amp#20;P@&amp#1;&amp#5;&amp#20;P@&amp#1;&amp#5;&amp#20;P@&amp#1;&amp#5;&amp#20;P@&amp#1;&amp#5;�A�e�&amp#22;-��2^�J&amp#4;�~����/&amp#12;f�=��g�y�d`&amp#14;C&amp#1;&amp#5;&amp#20;P@&amp#1;&amp#5;&amp#20;P@&amp#1;&amp#5;&amp#20;P@&amp#1;&amp#5;&amp#20;P@&amp#1;&amp#5;&amp#20;P@&amp#1;&amp#5;&amp#20;P@&amp#1;&amp#5;&amp#20;hD&amp#2;��M&߈�Wm�:jԨ�;.����&amp#11;&amp#18;n�m����&amp#2;
(��&amp#2;
(��&amp#2;
(��&amp#2;
(��&amp#2;
(��&amp#2;
(��&amp#2;
4W����ƛ�}�嗧�~���.ڡC�ٳg������n�m��mڴ�/-(��&amp#2;
(��&amp#2;
(��&amp#2;
(��&amp#2;
(��&amp#2;
(��&amp#2;
(��&amp#2;
�$`��$���xƌ&amp#25;���J�&amp#17;�r�)���+x�J&amp#5;&amp#20;P@&amp#1;&amp#5;&amp#20;P@&amp#1;&amp#5;&amp#20;P@&amp#1;&amp#5;&amp#20;P@&amp#1;&amp#5;&amp#20;P@&amp#1;&amp#5;&amp#20;P@&amp#1;&amp#5;&amp#20;P@�&amp#26;&amp#5;~��&amp#23;��5*5�&amp#6;l&amp#21;�?�%�\��SO�h���&amp#15;Y��&amp#2;
(��&amp#2;
(��&amp#2;
(��&amp#2;
(��&amp#2;
(��&amp#2;
(��&amp#2;
(�Q�p{&amp#11;�����&amp#26;��̙3'M����&amp#31;�ҽS�N�;wn߾}��&amp#11;&amp#7;��&amp#2;
(��&amp#2;
(��&amp#2;
(��&amp#2;
(��&amp#2;�&amp#14;��ԣ�s������n&amp#12;/�y��0LǨ�&amp#2;
(��&amp#2;�(��&amp#26;kT�RǴ��&amp#11;�&amp#30;/v�b1&amp#22;�@uֻ��:�KeFծ]���}U�;{Q@&amp#1;&amp#5;&amp#20;P@&amp#1;&amp#5;&amp#20;P@&amp#1;&amp#5;&amp#20;P@&amp#1;&amp#5;&amp#20;P@&amp#1;&amp#5;&amp#20;P@&amp#1;&amp#5;&amp#20;P@&amp#1;&amp#5;&amp#20;��&amp#2;�n��&amp#18;��&amp#2;
(��&amp#2;
(��&amp#2;
(��&amp#2;
(��&amp#2;
&amp#20;&amp#22;��Z�Ƹ��0��
(��&amp#2;
(�@&amp#19;&amp#21;pu{I&amp#15;�eI�m��&amp#2;
(��&amp#2;
(��&amp#2;
(��&amp#2;
(��&amp#2;
(��&amp#2;
(��&amp#2;
(��&amp#2;s��5���@&amp#1;&amp#5;&amp#20;P@&amp#1;&amp#5;&amp#20;P@&amp#1;&amp#5;&amp#20;P@&amp#1;&amp#5;&amp#20;P@&amp#1;&amp#5;&amp#20;P@&amp#1;&amp#5;&amp#20;P@&amp#1;&amp#5;&amp#20;P@��&amp#4;Z�U�&amp#25;�V@&amp#1;&amp#5;&amp#20;P@&amp#1;&amp#5;&amp#20;P@&amp#1;&amp#5;&amp#20;P@&amp#1;&amp#5;&amp#20;P@&amp#1;&amp#5;&amp#20;P@&amp#1;&amp#5;&amp#20;P@&amp#1;&amp#5;&amp#20;P@���&amp#12;��.P@&amp#1;&amp#5;&amp#20;P@&amp#1;&amp#5;&amp#20;P@&amp#1;&amp#5;&amp#20;P@&amp#1;&amp#5;&amp#20;P@&amp#1;&amp#5;&amp#20;P@&amp#1;&amp#5;&amp#20;P@&amp#1;&amp#5;&amp#20;P�d&amp#1;��%�y�&amp#2;
(��&amp#2;
(��&amp#2;
(��&amp#2;
(��&amp#2;
(��&amp#2;
(��&amp#2;
(�@3&amp#23;��_&amp#12;�7������&amp#2;
(��&amp#2;
(��&amp#2;
(��&amp#2;
(��&amp#2;
(��&amp#2;
(��&amp#2;
(P�@�&amp#22;-&amp#12;����	
(��&amp#2;
(��&amp#2;
(��&amp#2;
(��&amp#2;
(��&amp#2;
(��&amp#2;
(��&amp#2;
&amp#24;n�=��&amp#2;
(��&amp#2;
(��&amp#2;
(��&amp#2;
(��&amp#2;
(��&amp#2;
(��&amp#2;
(�@i&amp#2;s��mIB��N��&amp#2;
(��&amp#2;
(��&amp#2;
(��&amp#2;
(��&amp#2;
(��&amp#2;
(��&amp#2;
(��&amp#2;�[�%_�ۛ�{��W@&amp#1;&amp#5;&amp#20;P@&amp#1;&amp#5;&amp#20;P@&amp#1;&amp#5;&amp#20;P@&amp#1;&amp#5;&amp#20;P@&amp#1;&amp#5;&amp#20;P@&amp#1;&amp#5;&amp#20;P@&amp#1;&amp#5;&amp#20;(Y�P��&amp#17;����&amp#4;&amp#5;&amp#20;P@&amp#1;&amp#5;&amp#20;P@&amp#1;&amp#5;&amp#20;P@&amp#1;&amp#5;&amp#20;P@&amp#1;&amp#5;&amp#20;P@&amp#1;&amp#5;&amp#20;P@&amp#1;&amp#5;&amp#20;P@&amp#1;&amp#5;���������{&amp#5;&amp#20;P@&amp#1;&amp#5;&amp#20;P@&amp#1;&amp#5;&amp#20;P@&amp#1;&amp#5;&amp#20;P@&amp#1;&amp#5;&amp#20;P@&amp#1;&amp#5;&amp#20;P@&amp#1;&amp#5;&amp#20;P@��&amp#5;~]�����&amp#25;
(��&amp#2;
(��&amp#2;
(��&amp#2;
(��&amp#2;
(��&amp#2;
(��&amp#2;
(��&amp#2;
4_�_3���|&amp#1;�s&amp#5;&amp#20;P@&amp#1;&amp#5;&amp#20;P@&amp#1;&amp#5;&amp#20;P@&amp#1;&amp#5;&amp#20;P@&amp#1;&amp#5;&amp#20;P@&amp#1;&amp#5;&amp#20;P@&amp#1;&amp#5;&amp#20;P@&amp#1;&amp#5;�&amp#18;h�
��N�$&amp#5;&amp#20;P@&amp#1;&amp#5;&amp#20;P@&amp#1;&amp#5;&amp#20;P@&amp#1;&amp#5;&amp#20;P@&amp#1;&amp#5;&amp#20;P@&amp#1;&amp#5;&amp#20;P@&amp#1;&amp#5;&amp#20;P@&amp#1;&amp#5;��@�&amp#22;-Z4߻��&amp#21;P@&amp#1;&amp#5;&amp#20;P@&amp#1;&amp#5;&amp#20;P@&amp#1;&amp#5;&amp#20;P@&amp#1;&amp#5;&amp#20;P@&amp#1;&amp#5;&amp#20;P@&amp#1;&amp#5;&amp#20;P@&amp#1;&amp#5;&amp#20;(K�L�e�y�&amp#2;
(��&amp#2;
(��&amp#2;
(��&amp#2;
(��&amp#2;
(��&amp#2;
(��&amp#2;
(�@3&amp#22; �|˹s�6c&amp#1;o]&amp#1;&amp#5;&amp#20;P@&amp#1;&amp#5;&amp#20;P@&amp#1;&amp#5;&amp#20;P@&amp#1;&amp#5;&amp#20;P@&amp#1;&amp#5;&amp#20;P@&amp#1;&amp#5;&amp#20;P@&amp#1;&amp#5;&amp#20;P@��&amp#5;H$ߒ����&amp#4;&amp#5;&amp#20;P@&amp#1;&amp#5;&amp#20;P@&amp#1;&amp#5;&amp#20;P@&amp#1;&amp#5;&amp#20;P@&amp#1;&amp#5;&amp#20;P@&amp#1;&amp#5;&amp#20;P@&amp#1;&amp#5;&amp#20;P@&amp#1;&amp#5;��@��}�޽&amp#2;
(��&amp#2;
(��&amp#2;
(��&amp#2;
(��&amp#2;
(�@�&amp#4;�����Eu�u��ݻw�:���_}��Q�F�X�&amp#14;�o���cP�G1u��aÆql��_q�&amp#21;&amp#11;7�V&amp#1;&amp#5;&amp#20;�K�W^ye�ر뭷^�&amp#30;=��:��@�
�L�p{�>&amp#27;���&amp#2;
(��&amp#2;
(��&amp#2;
(��&amp#2;
(��&amp#2;�,0a�&amp#19;'~��&amp#23;ӧOoӦ�b�}u��m��&amp#22;��a������w�-��w��[s�5[�jU�&amp#1;�)�w�I&amp#15;$Rm&amp#26;��w�}��������?�&amp#24;n�����&amp#20;�&amp#14;&amp#29;:��Ҡ6�����0T�:�&amp#26;n����&amp#25;���K��ƞm��&amp#2;�]��7�&amp#24;2dȼ�Λ1�>gΜ�^{�����JK,�D���������g�I��&amp#17;�/�N�:���*�}�K������^�ҥK�Ν��Y�1���O��C�Q�p{c|j�Y&amp#1;&amp#5;&amp#20;P@&amp#1;&amp#5;&amp#20;P@&amp#1;&amp#5;&amp#20;P@&amp#1;&amp#5;&amp#20;P@&amp#1;&amp#5;&amp#26;L�&amp#15;U&amp#31;y�{�����/8��7���#�X|��&amp#11;&amp#30;m�ʏ>��&amp#27;nx�&amp#23;���&amp#11;n��G&amp#30;yd�!k�&amp#8;�q�&amp#25;_�uJ�}��gРA)&amp#26;�п���G&amp#31;}4�շ�n�&amp#19;N8!cc�)�@�&amp#18; p��2�4'5n`��7ߜu�Ycƌ�c�=v�&amp#29;v(fE���c���&amp#1;���^y�L&amp#0;�?����=P�-�����s�&amp#30;r�!{�wNe&amp#25;��{��	&amp#8;�w��&�&amp#28;�&amp#5;&amp#5;&amp#20;P@&amp#1;&amp#5;&amp#20;P@&amp#1;&amp#5;&amp#20;P@&amp#1;&amp#5;&amp#20;P@&amp#1;&amp#5;&amp#20;�&amp#15;������N;���v&amp#22;�&amp#17;���g�s�2�ز�&amp#2;�����?g?�%��&amp#30;zh��/��&amp#29;;v�������ꫯ���,�z#�c�={6��뮻.�Y�&amp#31;%)}�_4�&amp#21;K&amp#26;���,��Q�Y	|���vێ;���vn|�С�m�ٞ{�y�9�<����r��&amp#24;7nܾ��&amp#27;b��G�5o�������&amp#16;k�7,�c��Y&amp#18;��&amp#27;��>K6�\j����K~��{�1־��+��>&amp#28;����o�馜�Jm�s�/�������_I�V���{#
(��&amp#2;
(��&amp#2;
(��&amp#2;
(��&amp#2;
(�@v&amp#1;>X?ꨣb���n[l����/&amp#31;�&amp#19;���&amp#31;��M6�d�y���mI-��ǐ�=�Y,�&amp#11;a�-�����&amp#15;^j��¹�1&amp#24;�3�<ö��{�T�2n$���Ǐ'��PQar��}��&amp#5;G8���&amp#23;�o����&amp#7;��!9�ѣG&amp#19;'��/�KϞ=��H&amp#19;�|iY&amp#1;&amp#5;��&amp#0;&amp#1;ur{�#&amp#16;&amp#14;���&amp#30;�ꪫ�^{�d&amp#3;����_�5��&amp#4;.��&amp#22;~s&amp#29;��`�g;k�����/����&amp#28;����饶�'�&amp#20;�{�9~�SI���K/m߾=�iӦ1���k��r&amp#11;?�w�&amp#30;�*�}<�B�&amp#19;hm���=T�H&amp#1;&amp#5;&amp#20;P@&amp#1;&amp#5;&amp#20;P@&amp#1;&amp#5;&amp#20;P@&amp#1;&amp#5;&amp#20;P@&amp#1;&amp#5;*.�2�&amp#16;kg�8���g�\�-�I#�Wů��-r�/k,Ϙ1#�#d�ٓO>9��-w��o_5vR&amp#23;J��&amp#26;�@���6u׀)&amp#23;m۶����g��W�g���%�Fw;�&amp#27;���&amp#2;u*���&amp#24;kg�	��LޢЫW/V��/�&amp#15;?��z�8&amp#6;&�&amp#17; &amp#15;�l������_�h~�E�|�	���_�&amp#16;�ﯝw���/�`1��o��n�Lw&amp#11;��>���桇&amp#30;��2��/�8��y��0�\r	ۂ&amp#16;��A�W��]���.@��uc�&amp#7;ǯ�&amp#2;
(��&amp#2;
(��&amp#2;
(��&amp#2;
(��&amp#2;
Ե�ԩSo���p&amp#21;�&amp#6;k��f�+�&��ޛ<y�)S�ݖ�嫮��j����&amp#3;��	T&amp#16;QXo��8�Y��&amp#14;ai&amp#22;�w��u�6`u&amp#29;�m��^z�x�ꫯ��"�ė�������&amp#30;=z$c��6�2�����&amp#26;V%�/����ǎ&amp#29;�ѕVZ��I�Dʭ[��i3Q&amp#22;z`^&amp#2;����F0���7B&amp#20;��&amp#31;~��w�}GR_�K�97º�W_}��&amp#31;��Db�&amp#12;�!Y��l&amp#28;@�|"��֥K�v����H]��9s&O����`�s�p&amp#11;<q&amp#22;�'c94�5k��&amp#31;&amp#12;&amp#2;�%�aG��_C��ѐ{a�&amp#7;�&amp#31;��K��w�}�Y �&amp#11;��rd|��&amp#2;U(0r��0*���&amp#30;7�x#�v~�o��&amp#23;��9�\��ϫ�k	?��<����w�裏��~���4���G�&amp#24;�~��h��s�&amp#12;/�-�]P�j���A�lí1���:��I
&amp#18;��)�}�C�MO�p{�{�ޑ&amp#2;
(��&amp#2;
(��&amp#2;
(��&amp#2;
(��&amp#2;
TX F&amp#23;��={���p�~����&amp#29;6�M���:�͓����G�&amp#29;w&amp#28;mH��ҽ�N:)�ҥ������ʰa�b&amp#15;�ex�JA2��C�&amp#2;K���O?�4Y_�L���&amp#11;/�(s&amp#11;��&amp#4;��u�CN�#�&amp#19;&amp#2;�O=�&amp#20;��s�w�m7���x&amp#14;�&amp#1;8ˍ0ɀ&amp#16;N�e�i
��~:!�x&amp#21;v&amp#2;&&amp#26;&amp#29;^RH��w�}A�Ֆw�qG�
xV1&amp#18;;aQf쭎
���;��6`$�.�l�B&amp#15;<�&amp#0;�'��f�m�����z&amp#11;O�&amp#28;$&amp#27;S�x��-���_f7�=&amp#31;�Vg�u&amp#22;{9'&amp#7;�T����cǎ�&amp#27;!'[ZV@��&amp#21;��ј�Up��X;&amp#8;��s��&amp#7;&amp#31;�k���]&amp#16;O/x.��F����ϟ׵��K3��&amp#31;������R�&amp#23;�n̹��&amp#27;�7�h���Zvfw��&amp#12;Jm�ߧ5MI�eS�&amp#25;�E&amp#1;&amp#5;&amp#20;P@&amp#1;&amp#5;&amp#20;P@&amp#1;&amp#5;&amp#20;P@&amp#1;&amp#5;&amp#20;P@&amp#1;&amp#5;&amp#20;�&amp#11;��&amp#5;��&amp#15;<����'n&amp#29;B&amp#11;DX{��&amp#29;V��&amp#3;+���bˡ&amp#24;k'�@H��$�����r�:��Uli;-9&amp#20;Na�v�Η4�R&amp#27;�{�!�N�{��֊���=�Y�&amp#29;:�r#�~�9��	�&amp#16;�&amp#14;7º��&amp#3;&amp#7;&&amp#3;�LY�"�6�pJ�q��u8�N&amp#24;[�>}&amp#8;�p
&amp#19;&amp#26;�^&amp#16;�&amp#8;�=�E�&amp#7;qꩧ����&amp#19;}�W!-s���&amp#14;&amp#1;*ֳ�1+Gc�&amp#29;�&amp#24;���ظ&amp#30;
&amp#25;	��x��a]p�&amp#5;aIk&amp#24;&amp#30;	&amp#15;���d�k~��z�&amp#11;/��&amp#2;�&amp#23;�?�b6�&amp#26;�$7;��ü+־���h����:�&amp#20;l�&amp#18;y��!>&amp#28;-�}�>���&amp#0;�Xc��6�2�L+�}~��4&amp#25;&amp#1;ބ�no2O�&amp#27;Q@&amp#1;&amp#5;&amp#20;P@&amp#1;&amp#5;&amp#20;P@&amp#1;&amp#5;&amp#20;P@&amp#1;&amp#5;&amp#20;P@�:&amp#17;���&amp#24;�M����b&amp#4;&amp#29;&amp#15;:� "�$���	>�?��cY���ϒ'|�&amp#21;V��'��fE�&amp#1;&amp#7;&amp#28;&amp#16;��f&amp#0;a�`\&amp#26;N!�b/������o&amp#28;=�ø.�	x&amp#23;k\�zb&amp#15;��)��&amp#18;�ړx�&amp#21;�$&amp#15;'R��&amp#19;O�S<�����7r�m���{��&amp#19;�mӦ'�&amp#16;W�&amp#19;�e	u��^v�e&amp#28;%��z���_?��sn�����&amp#15;&amp#24;&amp#0;[&amp#11;�u��}���KiIW��vZ�)&amp#21;ٳgO�.s-R&amp#23;0&amp#5;�2��&amp#17;ש��3D��'�&amp#20;gc&amp#28;��}���&�>��I�^����avC&@�&amp#25;��\t�E<���e�Iت���&amp#15;_e�Uj��&amp#20;P�:&amp#5;��믿�&amp#31;ba{�J��r��b;}�\%�&amp#29;Jm_l�1|&amp#30;~��4��q��R��t�˦$��'�noJ&amp#15;�{Q@&amp#1;&amp#5;&amp#20;P@&amp#1;&amp#5;&amp#20;P@&amp#1;&amp#5;&amp#20;P@&amp#1;&amp#5;&amp#20;P@��&amp#11;��v�4��&amp#26;/��?�a�����v�/��b��É�l.�&amp#3;�v&amp#22;:���s&amp#18;�&amp#22;<�X��;�L�9&amp#28;%&amp#20;�뮻����u�u���裏��vN!�z�嗇s	��&amp#5;�齑�>�kgc���>;��9&amp#5;�&amp#29;v��&amp#19;N�L���uz?ɣ$	�+r��X;Gɇ&amp#31;��7|�q&amp#25;e�Γ#=��,�Ʌ�<�pE&@�w&amp#0;&amp#23;�N��@aРA�M
���a0���>&amp#14;&amp#27;� �hS&amp#25;C-���&amp#12;I��N;q-d&amp#30;~�a
$W����)�4��&amp#5;�&amp#30;�'*�@�&amp#11;0K,&r�&amp#23;
S�&amp#24;&amp#18;�����O�&amp#31;[&amp#12;��&amp#31;�9}��o���C����-����&amp#11;n-�n)�%��B����B&amp#22;��&amp#0;�%&amp#24;noz��;R@&amp#1;&amp#5;&amp#20;P@&amp#1;&amp#5;&amp#20;P@&amp#1;&amp#5;&amp#20;P@&amp#1;&amp#5;&amp#20;P@�J
����q�喫H�+��b�g�ԩ�&amp#29;&amp#18;�g�����jH�~���&amp#19;��&amp#19;����[&amp#7;&amp#12;&amp#24;�����Ǘ�g��X���Q7�&amp#22;Zh�&amp#16;[%�o�&amp#24;�N�L��y&amp#6;�	&amp#8;۱?��c&amp#5;�QRe�Νi?y���*ؘE��_�ƍc�[lϳ`	{xɾ洿��kyI~����;6�&amp#16;6	f&amp#19;���d��)&amp#23;3$�&amp#2;�g���gQ{H#ϛ��&amp#7;���znǑ(�@&amp#22;&amp#1;~d1&amp#25;(9���Z�ab.&amp#17;q�,=&amp#20;k&amp#19;�������������Ů&amp#27;V���/&amp#5;ۄCq�]��&amp#11;�ie�&amp#17;0�|�y�ވ&amp#2;
(��&amp#2;
(��&amp#2;
(��&amp#2;
(��&amp#2;
ԉ�&amp#2;&amp#11;,&amp#16;�e��/��n2�&amp#19;���&amp#24;�O.}�=o���q��XY�&amp#2;k�ȵN �5�|�mq_����l&amp#16;^p1_�W\}������ĒɝNs&amp#11;���gu{8��ƽd�g���&amp#17;#�6?{���;y��2&amp#17;&amp#26;F��?Κ5���i&amp#28;��~V�QV~3&amp#15; �ͯ+��w�&amp#27;3-�&amp#1;��"Ь��&amp#20;"Ф^O>�&amp#16;��&amp#16;&amp#11;�sNϿD��d1$T������&amp#3;&amp#15;d��h&amp#16;��&amp#6;��<h�1{Q&amp#5;&amp#20;�����nJ&amp#30;��_~�l&amp#28;a�&amp#21;~��w�/��`���.&amp#23;�;)6/''QJ�틍��_�a�~��\j�b׵�i&amp#8;&amp#24;no&amp#26;�ѻP@&amp#1;&amp#5;&amp#20;P@&amp#1;&amp#5;&amp#20;P@&amp#1;&amp#5;&amp#20;P@&amp#1;&amp#5;&amp#20;P@��&amp#18;�&amp#1;�&amp#24;	�~%�t&amp#19;�~�&amp#23;�f�YN�&amp#18;���ON&amp#27;2�&amp#19;t&amp#31;8p �&amp#15;&amp#29;:t̘14���Y)H����e��J9�<?�&amp#20;\ʟӘ�&amp#1;� 4_�G�Yz�C=&amp#29;f�7@`���c�w&amp#22;��>��?*v"�����Ԑe��&amp#14;dY&amp#15;��&amp#29;w\��P&amp#19;����ۀ/�0\u�UY�~�5ׄa3�|�x&amp#11;^Z&amp#1;&amp#5;*+����6ڈ�������iCo��&�&amp#24;<x0�;�)�rq}���~[����<�,�}�>�&amp#12;���l��f�)	�;ڷo&amp#31;&amp#14;��>�C_6%&amp#1;�N&amp#26;noJ&amp#15;�{Q@&amp#1;&amp#5;&amp#20;P@&amp#1;&amp#5;&amp#20;P@&amp#1;&amp#5;&amp#20;P@&amp#1;&amp#5;&amp#20;P@��&amp#11;����؄�'N��g�Ŗ��_�U�W]uU�'zڡC�E&amp#22;Y�u�&amp#4;�c}N�]�v95&amp#21;|ɽ�y6_Ç&amp#15;��_�J����?��Ơx�׊9&amp#0;rz�	���Nrڇ��&amp#5;&amp#23;ʇ�$�&amp#15;&amp#5;V��[����ӏ8�8݁(�2�,C��&amp#2;s&amp#14;�&amp#5;W
vU�J�?$`��vb�9��!�m�6�PC�,�p�5ֈc^m��bق&amp#2;
41���_�<&amp#22;lV�n�����?_^��_�A�د�X�&amp#28;2Z�ھ&amp#24;{���%�ڊ��<��,&amp#22;2��]Yhz&amp#2;�ee���=V�H&amp#1;&amp#5;&amp#20;P@&amp#1;&amp#5;&amp#20;P@&amp#1;&amp#5;&amp#20;P@&amp#1;&amp#5;&amp#20;P@&amp#1;&amp#5;*,��
+�x-�qw��5K��A&amp#30;b�#a;�pǀ4˗S��Y:�}�]vم�ԇ&amp#27;FW&amp#31;~�a�p{&amp#12;&amp#3;&amp#23;�:&amp#17;ق�1s~Ƶ�!�����l�&amp#23;�Q����tr�'�g׷o�=��c�W��/��b��Ǘ�S`���o�9^�M�Y&amp#6;&amp#26;�!S&amp#31;�&amp#4;���&amp#30;�P�!9繻8<�{����9&amp#30;���&amp#2;MC���!���;�wG�0d.&amp#20;��b{���&amp#16;&amp#20;/�}�Q���W_}��7��pb\L_j�b׵�i&amp#8;�l&amp#26;��](��&amp#2;
(��&amp#2;
(��&amp#2;
(��&amp#2;
(��&amp#2;u'�&amp#6;��뮻.�UF�&amp#28;&amp#25;Z^x�l�&amp#29;c�T�l�&amp#25;���fݺu&amp#11;=�&amp#0;v�&amp#16;��c9&amp#22;�M�&amp#22;���&amp#24;&amp#2;�9&amp#20;�Zj��C&amp#5;_ƨ|&amp#12;o�4#?��ю�&amp#6;ɗ�'O&�Mi�O:�d����U�:-���&amp#15;�h&amp#30;.���{S 	3;&amp#31;'/&amp#26;s�3&amp#31;"Y�P�٢��/�d��b&amp#16;&amp#6;��g���P7�u&amp#21;P�.&amp#4;���&amp#26;�6O�z�Aͦ&amp#27;���i�&amp#15;�0Y-�ü��9}��1��~+���+�ǟϥ���Ӛ�$`��)=M�E&amp#1;&amp#5;&amp#20;P@&amp#1;&amp#5;&amp#20;P@&amp#1;&amp#5;&amp#20;P@&amp#1;&amp#5;&amp#20;P@&amp#1;&amp#5;�D`�w&amp#14;k�ؘ�]��\�u�4c�&amp#30;��sڗ��/汏����\��&amp#25;3f��1.&amp#18;&amp#3;�!J��۫���S�|I�8F֓��?�xx&amp#25;�&amp#20;�L�&amp#17;&amp#18;݇��=�X��P&���3�PF5v�K�&amp#12;�1�&amp#19;&amp#26;��	&amp#19;&�rϞ=��$&amp#3;p�����P���+C&amp#16;����&amp#7;&amp#31;ܻwo.:dȐ�-9�y�P��#�0�z&amp#24;U�%�3��G��6�&amp#12;&amp#26;4�&amp#4;&amp#15;\�o
rM�_Σ
(P�&amp#2;W\qŽ�ޛ?o���&amp#14;{�0��í�&amp#27;�&amp#6;'�������&amp#31;�!���[o&amp#29;&amp#15;��>��,���:���Q����&amp#28;*��L��PSj��>�i2&amp#2;�&amp#11;1��d��7��&amp#2;
(��&amp#2;
(��&amp#2;
(��&amp#2;
(��&amp#2;u%@��?���SN9e�Сs��M�X&amp#8;]&amp#19;&amp#24;���ОHv2�xz'9Gc��W^y%�P����}�x-�v���,�&amp#6;�&amp#16;#�O?�tN�,&amp#4;���r*s^�q�&amp#29;95�N&amp#8;+&amp#5;7�pøl�6)7��&amp#6;&amp#27;�`3qٜ�?�h��|�Ğ{֒K.�K�sB�as_&amp#14;�������o�喸&amp#29;oΡ:zI�&amp#30;z��7�tS�C���=��p�$]��&amp#31;h@�{���n���R&amp#7;3k�,�B>�O?���s&amp#11;�/Ðw�9�Co<�#�<��n��&amp#22;�)��뭷
^�J&amp#5;&amp#20;h&amp#20;&amp#2;�G�&w&amp#5;��;���&amp#31;>b�&amp#8;�ͷ�a�&amp#29;&amp#22;V�3kj��/�^6�|�p��W_��O?�~�uFMx����>֗ھ�&amp#15;I�l��N���������>���/s�����7_�n���h-4=&amp#1;~����k���yG
(��&amp#2;
(��&amp#2;
(��&amp#2;
(��&amp#2;
(P	��S;9=���&amp#28;�����u�z��J+&amp#17;&$�6�&��rdv%&amp#15;��>����&amp#31;}�Q�ͬ&amp#20;_q�&amp#21;iÆ�,���)&amp#4;&amp#29;��=+�O;�o��6�z�^��\s�P&N&amp#28;b�D&amp#17;�_~�P��_N|�'�$�ڡC�e�Y�&amp#1;�&amp#26;�����&amp#7;YUL&amp#16;�&amp#28;�l�M܂pŤI��z�)�!���v�ŸE�6m&amp#8;�&amp#16;�e�t�0�g@����O��o��6J.ُ!���ǳt�͹	!s�,C�0��O?=�ةI�&amp#17;6�e�&amp#2;W�r��cǎ��e˖���XR&amp#25;��w�҅&amp#24;Or�:�&amp#24;����S�N,R$�=q&amp#17;F���+N�8�����?��cV�'g&amp#15;�����~�Z���+�&amp#28;&amp#15;�&amp#23;x�2��&amp#22;Z�&amp#17;�qJ�x��&amp#29;<x07����<���@�q�	!�-��"\b��W��@�&amp#27;o�A}�v�Z�nM<���Ç&amp#15;�f�5֠e��&amp#12;�!BݜH�"^�p��O�-{&amp#31;��
#�&amp#12;�$Cv"`�~xw]t�E<A:��{��w�}7e&��+���׵��&amp#2;�)��&amp#23;~�26~F��=9o���G&amp#29;u�!�&amp#28;&amp#18;2�&amp#20;&amp#28;?����,~��.�?&amp#28;��B&amp#26;&amp#24;:��"�,�&amp#15;s~2&amp#19;k&amp#15;&amp#19;����3$�Xj�b?$��z�]w�-�g�A��gV�������&amp#11;�:��������q�����ʲ�Y��&amp#24;˺z��Ժ���&amp#21;P@&amp#1;&amp#5;&amp#20;P@&amp#1;&amp#5;&amp#20;P@&amp#1;&amp#5;&amp#20;P@&amp#1;&amp#5;&amp#20;P@��#@���K/���;���|��W�����&amp#19;*Y~}���&amp#19;�`U\X&amp#24;&amp#23;&amp#27;����=��X������&amp#19;K&rLt��c�	g����e�]Rz ��W�&amp#6;,:��Ѐ������YW����&amp#29;�S2�&amp#15;&amp#24;0�&amp#0;6s&amp#14;�ʹ&amp#22;��dx���7�
BpX|�&amp#30;�&amp#19;rz[m��N=��d��&amp#6;��r�&amp#2;����|�D_e�U&amp#8;��t&amp#2;�\rI�+B)��{�+�<Tj���xLι�1&amp#6;r!�{�!(�&amp#20;��^�Ƽa���K�x��&amp#3;&amp#15;<Я_?*&amp#25;&amp#27;+��"��&amp#12;�0� �̰c9�&amp#16;�Wdn��T�oSR�-���n&amp#11;;)�9}X�&amp#30;.Gh�0���O$����O��Q�X&amp#1;&amp#5;&amp#26;J��Ϟ>}:&amp#19;z�&amp#1;��*fG�-O�x~�u��5%О}�L&amp#20;cV&amp#22;?�XI�W�D~}�$YC����~H����k�e^&amp#20;?�/�천K\x��0OV��>y��$��Z��4�[�^&amp#20;P@&amp#1;&amp#5;&amp#20;P@&amp#1;&amp#5;&amp#20;P@&amp#1;&amp#5;&amp#20;P@&amp#1;&amp#5;&amp#20;P@�:&amp#18; ���gb��&amp#26;K�;�*D�	&amp#6;�z����}܉<T�җ�ᄴC&amp#24;2&amp#25;
���de�%&amp#24;�&amp#5;&amp#23;\��g�&amp#18;4�ē�7�G��&amp#21;&amp#3; �@� ��M6لY&amp#5;9w&amp#23;"������+�O�h���&amp#3;	o&amp#19;&amp#8;I^��\��k�2��r#P&amp#16;���Zk��<�&amp#12;&amp#1;��&amp#31;�&amp#29;�[n�d=奖Z���,�Lևq&amp#18;�>�#&amp#8;`�C�	r3ڰ�o�&amp#16;m�,�&amp#19;�(�1�L���^�t&F�-?�&amp#31;ҭskT��E��(k���@$>9<�&amp#27;o���&amp#27;�&amp#20;|��&amp#8;7-K���8��f7$/B����?��&amp#3;r�&amp#20;pFE%ۺ�k�i�K&amp#5;&amp#20;�f&amp#1;~��6�%��x&amp#15;ۙ�kb�����&amp#23;�M,�!�&amp#7;3���&amp#19;�c�&amp#6;��g�����&amp#29;)�}�&amp#15;IR�\u�U$�I&amp#14;�߹,���{�2�Km�߃5M@�ߞ-�̙&amp#19;�6�[�&amp#22;&amp#20;P@&amp#1;&amp#5;&amp#20;P@&amp#1;&amp#5;&amp#20;P@&amp#1;&amp#5;&amp#20;P@&amp#1;&amp#5;&amp#20;P��&amp#2;�	EK�&amp#15;&amp#31;V�Vzx�&amp#31;I�I�N6]�ܒ�6��珆%zd��cXB&amp#5;�A���YjH�K"q&amp#6;@��&amp#16;�M?뫯�"�<��	����HIJ�#tE{�;"�]ҰY�ŉ�-���x#dP�N�c&amp#29;!	��o��e���Y��m۶���$�~�{G,&amp#6;�c�j.���&amp#21;���&amp#22;�5&amp#14;��&amp#7;8&amp#16;&amp#3;+�����b&amp#26;�a���^&amp#1;&amp#5;j)p�727��8_�������w(s��yA
�&amp#12;�Y���C�_da&amp#17;<;k�����>e�Ur(9ӫ�!U�/�R.��m�ۣ���&amp#27;�!xy&amp#5;&amp#20;P@&amp#1;&amp#5;&amp#20;P@&amp#1;&amp#5;&amp#20;P@&amp#1;&amp#5;&amp#20;P@&amp#1;&amp#5;�]�b&amp#31;�6�p{�?7ǧ�&amp#2;
(�@&amp#29;&amp#11;���|�,v/����/n�u%`�=�����V�T@&amp#1;&amp#5;&amp#20;P@&amp#1;&amp#5;&amp#20;P@&amp#1;&amp#5;&amp#20;P@&amp#1;&amp#5;&amp#20;P��
&amp#24;no���&amp#27;W@&amp#1;&amp#5;&amp#20;P@�f'`�=�#�u�v���&amp#4;[*��&amp#2;
(��&amp#2;
(��&amp#2;
(��&amp#2;
(��&amp#2;
(��&amp#2;
(��&amp#2;
(�&amp#0;����%�&amp#2;
(��&amp#2;
(��&amp#2;
(��&amp#2;
(��&amp#2;
(��&amp#2;
(��&amp#2;
(��&amp#2;
�$�ҽ�K�&amp#2;
(��&amp#2;
(��&amp#2;
(��&amp#2;
(��&amp#2;
(��&amp#2;
(��&amp#2;
(��&amp#2;&amp#8;�lѢ�&amp#16;
(��&amp#2;
(��&amp#2;
(��&amp#2;
(��&amp#2;
(��&amp#2;
(��&amp#2;
(��&amp#2;
(P����Kⲱ&amp#2;
(��&amp#2;
(��&amp#2;
(��&amp#2;
(��&amp#2;
(��&amp#2;
(��&amp#2;
(��&amp#2;��D�-�Ν��&amp#2;
(��&amp#2;
(��&amp#2;
(��&amp#2;
(��&amp#2;
(��&amp#2;
(��&amp#2;
(��&amp#2;
d&amp#23; �|K���`K&amp#5;&amp#20;P@&amp#1;&amp#5;&amp#20;P@&amp#1;&amp#5;&amp#20;P@&amp#1;&amp#5;&amp#20;P@&amp#1;&amp#5;&amp#20;P@&amp#1;&amp#5;&amp#20;P@&amp#1;&amp#5;&amp#20;P@&amp#1;&amp#5;&amp#20;@�X�o&amp#3;&amp#5;&amp#20;P@&amp#1;&amp#5;&amp#20;P@&amp#1;&amp#5;&amp#20;P@&amp#1;&amp#5;&amp#20;P@&amp#1;&amp#5;&amp#20;P@&amp#1;&amp#5;&amp#20;P@&amp#1;&amp#5;&amp#20;P@&amp#1;&amp#5;J&amp#19;�5�|ig�Z&amp#1;&amp#5;&amp#20;P@&amp#1;&amp#5;&amp#20;P@&amp#1;&amp#5;&amp#20;P@&amp#1;&amp#5;&amp#20;P@&amp#1;&amp#5;&amp#20;P@&amp#1;&amp#5;&amp#20;P@&amp#1;&amp#5;&amp#20;P@�f/`��ٿ&amp#5;&amp#4;P@&amp#1;&amp#5;&amp#20;P@&amp#1;&amp#5;&amp#20;P@&amp#1;&amp#5;&amp#20;P@&amp#1;&amp#5;&amp#20;P@&amp#1;&amp#5;&amp#20;P@&amp#1;&amp#5;&amp#20;P@&amp#1;&amp#5;&amp#20;(]���K7�&amp#12;&amp#5;&amp#20;P@&amp#1;&amp#5;&amp#20;P@&amp#1;&amp#5;&amp#20;P@&amp#1;&amp#5;&amp#20;P@&amp#1;&amp#5;&amp#20;P@&amp#1;&amp#5;&amp#20;P@&amp#1;&amp#5;&amp#20;P@�f/���v���&amp#29;&amp#4;P@&amp#1;&amp#5;&amp#20;P@&amp#1;&amp#5;&amp#20;P@&amp#1;&amp#5;&amp#20;P@&amp#1;&amp#5;&amp#20;P@&amp#1;&amp#5;&amp#20;P@&amp#1;&amp#5;&amp#20;P@&amp#1;&amp#5;&amp#20;P�4��-Z�(�&amp#12;[+��&amp#2;
(��&amp#2;
(��&amp#2;
(��&amp#2;
(��&amp#2;
(��&amp#2;
(��&amp#2;
(м&amp#5;&amp#8;��l�&amp#2;޽&amp#2;
(��&amp#2;
(��&amp#2;
(��&amp#2;
(��&amp#2;
(��&amp#2;
(��&amp#2;
(��&amp#2;�&amp#8;&amp#24;n/G�s&amp#20;P@&amp#1;&amp#5;&amp#20;P@&amp#1;&amp#5;&amp#20;P@&amp#1;&amp#5;&amp#20;P@&amp#1;&amp#5;&amp#20;P@&amp#1;&amp#5;&amp#20;P@&amp#1;&amp#5;&amp#20;P@&amp#1;&amp#5;�����f�&amp#6;��&amp#21;P@&amp#1;&amp#5;&amp#20;P@&amp#1;&amp#5;&amp#20;P@&amp#1;&amp#5;&amp#20;P@&amp#1;&amp#5;&amp#20;P@&amp#1;&amp#5;&amp#20;P@&amp#1;&amp#5;&amp#20;P@&amp#1;&amp#5;J&amp#22;��_&amp#12;����	
(��&amp#2;
(��&amp#2;
(��&amp#2;
(��&amp#2;
(��&amp#2;
(��&amp#2;
(��&amp#2;�\�p{3&amp#3;x�
(��&amp#2;
(��&amp#2;
(��&amp#2;
(��&amp#2;
(��&amp#2;
(��&amp#2;
(��&amp#2;�&amp#8;�䫜�<G&amp#1;&amp#5;&amp#20;P@&amp#1;&amp#5;&amp#20;P@&amp#1;&amp#5;&amp#20;P@&amp#1;&amp#5;&amp#20;P@&amp#1;&amp#5;&amp#20;P@&amp#1;&amp#5;&amp#20;P@&amp#1;&amp#5;&amp#20;P@��-`��y?�^&amp#1;&amp#5;&amp#20;P@&amp#1;&amp#5;&amp#20;P@&amp#1;&amp#5;&amp#20;P@&amp#1;&amp#5;&amp#20;P@&amp#1;&amp#5;&amp#20;P@&amp#1;&amp#5;&amp#20;P@&amp#1;&amp#5;&amp#20;P�,&amp#1;��e�y�&amp#2;
(��&amp#2;
(��&amp#2;
(��&amp#2;
(��&amp#2;
(��&amp#2;
(��&amp#2;
(�@3&amp#22;�;w���f���u&amp#5;&amp#20;P@&amp#1;&amp#5;&amp#20;P@&amp#1;&amp#5;&amp#20;P@&amp#1;&amp#5;&amp#20;P@&amp#1;&amp#5;&amp#20;P@&amp#1;&amp#5;&amp#20;P@&amp#1;&amp#5;&amp#20;P@��&amp#4;ܻ�,6OR@&amp#1;&amp#5;&amp#20;P@&amp#1;&amp#5;&amp#20;P@&amp#1;&amp#5;&amp#20;P@&amp#1;&amp#5;&amp#20;P@&amp#1;&amp#5;&amp#20;P@&amp#1;&amp#5;&amp#20;P@&amp#1;&amp#5;&amp#20;h�&amp#2;�no�o&amp#1;&amp#1;&amp#20;P@&amp#1;&amp#5;&amp#20;P@&amp#1;&amp#5;&amp#20;P@&amp#1;&amp#5;&amp#20;P@&amp#1;&amp#5;&amp#20;P@&amp#1;&amp#5;&amp#20;P@&amp#1;&amp#5;&amp#20;P@&amp#1;&amp#5;J&amp#23;0�^��g(��&amp#2;
(��&amp#2;
(��&amp#2;
(��&amp#2;
(��&amp#2;
(��&amp#2;
(��&amp#2;
4o�_~��p{�~&amp#11;x�
(��&amp#2;
(��&amp#2;
(��&amp#2;
(��&amp#2;
(��&amp#2;
(��&amp#2;
(��&amp#2;�&amp#11;�h��p{�l���&amp#2;
(��&amp#2;
(��&amp#2;
(��&amp#2;
(��&amp#2;
(��&amp#2;
(��&amp#2;
(��&amp#5;Z7{��&amp#3;�����'��z���ӧ��Z�JÇ&amp#15;�8q�2�,3`��Bǭk&amp#22;&amp#2;&amp#15;?���۶mۃ&amp#14;:�Yܰ7��&amp#2;
(��&amp#2;
(��&amp#2;
(��&amp#2;
(��&amp#2;
(��&amp#2;
(�@�&amp#4;�Νۚ&amp#0;0��+�gs�iΜ9o���g�}6u����n�E&amp#23;]|��	f���ڭZ�
"8&amp#15;&amp#25;2�2�&amp#30;n��'_z�5�\�R��q��͘1�M�6ݺuKy&amp#7;�&amp#29;;��&amp#31;�A˖-{���2&amp#28;���&amp#15;����P�޽�&amp#2;&amp#11;,P�)6�.0jԨG&amp#30;y�}���۳��R&amp#1;&amp#5;&amp#20;P@&amp#1;&amp#5;&amp#20;P@&amp#1;&amp#5;&amp#20;P@&amp#1;&amp#5;&amp#20;P@&amp#1;&amp#5;&amp#20;P@&amp#1;&amp#5;&amp#20;P@� @��p{��&amp#12;����&amp#14;&amp#29;:lذ�ӧ�w���&amp#11;n����&amp#31;����&p�������+�)&amp#18;�P�D�)�<FD��,���<UfB2+S���Q�&amp#12;�B�2&amp#23;!�DQ)J(��\�����k������󜳟�~��y��^��^�Y{��s]׽g�� 堠o��6����裏�2����;A�s�9��;o��&amp#24;���N�ӟ�&amp#12;��{�.�=%&amp#1;	H@&amp#2;&amp#18;��&amp#4;$ &amp#1;	H@&amp#2;&amp#18;��&amp#4;$ &amp#1;	H@&amp#2;&amp#18;��&amp#4;$ &amp#1;	H`�&amp#17;��zJ$���߀u���O��.���o�y�2�,��G&amp#14;
�������@�o��6f��V_}��&amp#19;���+���?��OSko߬%% &amp#1;	H@&amp#2;&amp#18;��&amp#4;$ &amp#1;	H@&amp#2;&amp#18;��&amp#4;$ &amp#1;	H@&amp#2;&amp#18;��&amp#4;$ &amp#1;	L&amp#28;&amp#2;���'�?��&amp#15;�l�I��x���D;�u�Y#z<!�o��f"uo��}v0�TC8g�@Xr�%ۏ�&amp#7;?��&amp#14;;�𶷽�S�+����)�% &amp#1;	H@&amp#2;&amp#18;��&amp#4;$ &amp#1;	H@&amp#2;&amp#18;��&amp#4;$ &amp#1;	H@&amp#2;&amp#18;��&amp#4;$ &amp#1;	�.&amp#1;���&amp#17;�{t&amp#7;19�&amp#14;����?���~��&amp#23;^x�g?���f�-wj��߽��~��&amp#31;��&amp#7;'�	�&amp#31;3�&amp#5;x�S~�5�x�[�ڦ"{�S&amp#12;z��zk���&amp#4;��&amp#2;g�p�b�K@&amp#2;&amp#18;��&amp#4;$ &amp#1;	H@&amp#2;&amp#18;��&amp#4;$ &amp#1;	H@&amp#2;&amp#18;��&amp#4;$ &amp#1;	H@&amp#2;&amp#18;&amp#24;&amp#21;&amp#2;o��n0�>�_����w&amp#31;&amp#21;q�>��&amp#19;��f�^&amp#27;y��~��_��&amp#23;�`/�g�����|��7�&amp#20;Stj&amp#7;g�'�x◿�%���>�!v1�q�&amp#25;;&amp#21;�&amp#26;෿���k�x��W�������|?��Sw�&amp#18;������&amp#30;�sW,���i=Х�u�]&amp#23;gWYe�.��S�-�&amp#28;cCn���>��O��2}��F�3��&amp#12;�2�� ���O>�L_|��9�&amp#19;���g��>���&amp#31;&amp#15;<���SN��"��&amp#8;A�&amp#31;}�џ����&amp#1;>��g�z�ӅB�a�&amp#25;:5�|i��>�Otq��&amp#24;�SO=Ōح���|�\o~��~�&amp#28;L&h������_D�&amp#7;&amp#23;�o�e��^�d˃�&amp#31;�[�&amp#6;&amp#25;$�&amp#15;�n�mL�&amp#26;�&amp#31;{�g�y�&amp#3;&amp#31;�@ ��&amp#5;#�0̹�i��&amp#29;w���G�ؠL;���)&amp#1;	H@&amp#2;&amp#18;��&amp#4;$ &amp#1;	H@&amp#2;&amp#18;��&amp#4;$ &amp#1;	H@&amp#2;&amp#18;��&amp#4;$ �&amp#1; 0%&amp#30;�]T�&amp#1;�ᄘ�&amp#15;��hv�w�UkG��&amp#29;�����?����O)�F&amp#1;Tϣ�:����~���{�&amp#3;}����<��&amp#3;P�+�?o��Fz���!*��&amp#31;&amp#30;&amp#29;���j!K��N�K/��Sȱ���&amp#17;�i��/�뮻&amp#16;�C���&amp#31;�Xj��&amp#26;e�(&amp#12;�o���~��?��C&amp#15;=�`&amp#3;e>���;�HΏ��.����Y�+��&amp#2;H���wU���_�~���Lݫ���.H� &amp#5;�h�K�]n��&amp#7;��{����&amp#4;�g�q&amp#12;�&amp#14;X{`&amp#24;q�I'�s�9�&amp#29;w\&amp#14;&amp#30;˃��&amp#24;�׿���c����&amp#31;?�TS�a%�5�^{�Ť�|&amp#2;9&amp#0;�r�N8�&amp#4;���n��/|a�}��я~�UV]u�L���&amp#4;$ &amp#1;	H@&amp#2;&amp#18;��&amp#4;$ &amp#1;	H@&amp#2;&amp#18;��&amp#4;$ &amp#1;	H@&amp#2;&amp#18;���&amp#17;&amp#24;W�k&amp#7;o�#;#&amp#28;�#|:�*&amp#17;�{m&amp#28;����ѿ&amp#23;|�&amp#19;~��^��n��e�����=Sl�E&amp#23;E��&amp#2;�x�S&amp#22;&�X�&amp#6;�Z�,�̂+|��n&amp#23;��2���&amp#17;�3�iE٭t&amp#20;�HȸM�^{�&amp#27;&amp#11;4f���+)��e`��,��$p��pc#D��h��RkGb�e����s��\\�z]D������,��&amp#18;i%�u9��#+�����:�CE�i��J&amp#11;&amp#28;�(�v<��{{�&amp#31;?��_�rh��]\2�&amp#24;�ATm&amp#20;w�"����⪫�J���N�Yg������&amp#18;2z��/&amp#30;&&amp#5;p(����/�|�-�&amp#8;���&amp#7;J���C&amp#15;=�&amp#31;W�,O���?�òA�s-p��&amp#20;�P&amp#2;&amp#18;��&amp#4;$ &amp#1;	H@&amp#2;&amp#18;��&amp#4;$ &amp#1;	H@&amp#2;&amp#18;��&amp#4;$ &amp#1;	H@&amp#2;�D���� Mrd�r#�ww&amp#1;�������(�8�����Q&amp#0;M��&amp#3;&amp#15;��SW\q�z뭗&amp#21;�>��&amp#16;�7�x���.6G�#&amp#28;?lD�K.�&amp#4;�s�y��#yƎ���o�}xޣѢ�O7�t�l=q�i��w�y䣭&amp#30;t�A�.��Z��:�+��b�l�����&amp#31;��Gp�&&amp#8;����=&amp#4;抴�WR&amp#23;JK.�$@&amp#26;�9����B&amp#16;�&amp#30;��w��&amp#29;&amp#20;��&amp#28;�&amp#1;��I3&amp#11;d�z�|P�a&amp#31;r�!)�&amp#19;�&amp#29;�&amp#25;���_��&amp#23;Q�ǖ�q�?��S��h&amp#1;��#���)V9U&amp#30;��&amp#19;]�&amp#28;&��Yf�8K>w&amp#11;�F�gv��&amp#17;&amp#5;������H&amp#2;E��Y�@�?L
w�&amp#16;�)	v(ŭ&amp#18;�����&amp#7;&amp#31;|0�H��&amp#31;p�H&amp#3;��&amp#3;&amp#15;����[�� V&amp#1;	�g
&amp#31;��ǹ�T���P&amp#2;&amp#18;��&amp#4;$ &amp#1;	H@&amp#2;&amp#18;��&amp#4;$ &amp#1;	H@&amp#2;&amp#18;��&amp#4;$ &amp#1;	H@&amp#2;�D&amp#0;El&amp#28;&amp#26;� Mi"�%#l��q����&amp#30;��S&amp#23;�g��h��ٳ5tֳ�:�C&amp#20;�]v�%�v&amp#14;��<&amp#31;Ő�#���ߡ�����D&amp#2;�(�oy�[&amp#22;Zh�ts���G��SN�&amp#16;&amp#7;q$��(&amp#11;4&�b���9��ύ�:e���Z�b�l7^��!;�v,&amp#6;&amp#24;yy*�&amp#8;��׎�6&amp#3;&amp#14;����j��&amp#30;ՙ4�)&amp#12;&amp#8;�V&�=�����$�����&amp#26;g�&amp#0;�b��sE�{OE\����v�&amp#27;�� E&amp#19;�=&amp#27;�'N>���dF�����M���/'t<�&amp#25;���P}�5�,�vHb�&amp#16;�q�O��&amp#28;(m��6���-ǩ#�8"�vҀE����?M&amp#26;��G&amp#30;y�^&amp#23;+�&amp#11;/�����x°&amp#25;uD�H@&amp#2;&amp#18;��&amp#4;$ &amp#1;	H@&amp#2;&amp#18;��&amp#4;$ &amp#1;	H@&amp#2;&amp#18;��&amp#4;$ &amp#1;	&amp#12;&amp#18;&amp#1;&amp#20;1��q�4��0�?����KD��GTI\�+�f�q�&amp#16;���_穛o�9�D���H|��&amp#31;&amp#12;���&amp#31;�S7�tS���;3�L�&amp#0;}��GS�&amp#6;It�Y�l���o&amp#15;��>"���J+�&amp#20;�U�יE4�&amp#1;��N#}�&amp#29;wD�H�uY&amp#23;S���3�z�&amp#2;���v&amp#18;��7_����~��{���ӗ=��&amp#2;�7O&amp#26;�.1&amp#3;P�&amp#3;V&amp#17;Đ�1D&amp#2;&amp#3;��7ߜ4d����Y&amp#14;WYe&amp#21;,**��=�Xh�Dݯ&amp#7;�'P�|&amp#28;�	&amp#5;1�1e�&amp#20;@Ώ�'�x�r���w߽T��&amp#5;̑�&amp#4;$ &amp#1;	H@&amp#2;&amp#18;��&amp#4;$ &amp#1;	H@&amp#2;&amp#18;��&amp#4;$ &amp#1;	H@&amp#2;&amp#18;���&amp#17;0�|�&amp#23;4��&amp#27;7�&amp#30;�9<�&amp#27;���������/f&amp#11;)�����lʞ��&amp#8;�&amp#22;=&amp#21;	&amp#22;	�L���?a�����V
7&amp#30;2&amp#12;�ۈ&amp#28;�ʋ�tN��|%�&amp#7;?�&amp#1;9t&amp#29;�ݕ�C&amp#30;"�~�S����&amp#27;q�'6~���9�.Z/��;5&amp#18;a�9[ט�D�&
=ã&amp#24;��+&amp#1;��{�z��O?}d���Ky�'���3#.&amp#7;��7�p�l$��gf=�>���&amp#27;&amp#16;P~�E&amp#22;�Z���o��&amp#27;��?��Q�&amp#30;ߞ|6V�^$L&amp#1;��&amp#23;^x!l&amp#29;�&amp#19;�&amp#28;��Q2�gE&amp#18;D�/&amp#15;MK@&amp#2;&amp#18;��&amp#4;$ &amp#1;	H@&amp#2;&amp#18;��&amp#4;$ &amp#1;	�&amp#29;&amp#2;��ַ��J�C��&amp#6;`�?����5b�&amp#14;?�2��$2�&amp#1;�=�Pu&amp#24;&amp#18;�@�&amp#4;��{�&amp#23;��&amp#8;�}7bE	L�&amp#4;p�Un���G��Tٲ�NZx=�@ʽ�n�m���G���l&amp#4;B'�y���)�[<�#&amp#7;��&amp#20;��2����&amp#4;&amp#21;�,*r{��Jk��#��ɦ����H���w�}$�Y�R%&amp#14;C�e�|&amp#26;&amp#11;�5Br�u�Y�2�~����H���&amp#19;D}��&amp#19;������<°c�&amp#17;F	��??!���f�&amp#31;���H�4�L�Y&r؍Rwc��<�L���^6�i&amp#2;�W��&amp#28;&amp#6;Q��d�J��矯�`j�!�+�<��&amp#4;$ &amp#1;	H@&amp#2;&amp#18;��&amp#4;$ &amp#1;	H@&amp#2;�J�W��&amp#21;�*qQ`���o;�0|>������21�rŇ% |N��n:F�?&amp#6;1/�&amp#4;el3<V�/��"J��6&amp#24;r���>z�%�0#&amp#14;)�������
�c]v�l��e���f���eG&amp#20;�~��s�}&amp#11;���&amp#4;�&amp#2;�&amp#7;&amp#30;x��}�l)���?�A	��.S����q����SO�m�� _X|����(Ca��()s�1&amp#7;_p��>{���N#��c�g��{�&amp#7;7W�4;&amp#21;&���]����H@�����zv��9d��U�t&�Z�fc����&amp#31;Q���|�NzT��~��O��)&amp#11;tI�&amp#22;��i�K&amp#11;�"byz���~�UWE&amp#21;&amp#28;߻���_���.2?�7Q��&amp#0;�v���?����j��$��Cn�뮻�Y<ðW&amp#6;�����"&amp#29;W3�3�?��B�)&amp#18;��&amp#18;�f�[�&amp#23;��&amp#17;��-�宫7Xo�Ҳ�&amp#18;��&amp#4;$ &amp#1;	H@&amp#2;&amp#18;��&amp#4;$ &amp#1;	H``&amp#8;��JD�K/����&amp#26;'E&amp#20;�&amp#29;v؁�#&amp#27;ώJ&rũ��������;&amp#14;-,����S�!�����\�R�&amp#17;G&amp#28;Ѧ�(�A&amp#16;�c�=�&amp#15;��/��<־&amp#17;KJ@&amp#2;&amp#3;O&amp#0;�9bЃ_h�scI� �&amp#7;&amp#29;t�O�S2�&amp#8;�[1j�QG&amp#29;��]�%�V�;�3.��|&amp#14;&amp#17;�w�u�Џ�,����&amp#31;��a�tO0&amp#5;�G&amp#24;��V[m���&amp#27;�9��|�&amp#5;s&amp#6;�&amp#0;����=_ǔ!	��&amp#29;h*�-&amp#27;j&amp#12;&amp#21;�X&amp#23;&amp#23;�x���}�'T&amp#14;#��ol�����&amp#11;/���&amp#31;~8�Dt?�쳻h�e]B�s�%Q}��X�4&E� ~�&amp#25;g0M&amp#30;�s�5W4�8��&amp#4;8.&amp#1;�p�gw�_g���#i<�&amp#19;Z�<��o�������.&amp#8;�&amp#25;I~�@�i&amp#4;�����q0���=-����&amp#27;&amp#22;�&amp#30;�=�W&amp#14;�I����&$ &amp#1;	H@&amp#2;&amp#18;��&amp#4;$ &amp#1;	H@&amp#2;&amp#18;��&amp#4;�&amp#0;�&amp#16;�&amp#29;v�-��R&amp#2;a&amp#29;��� &amp#31;&amp#7;�\�)��T�X�?����&amp#30;۲A\��f�&amp#28;&amp#30;+f�%斅����ز�6�z�H�6�V�&amp#21;N���z뭻�&amp#28;�g�/M&amp#7;�^ˏY�N\&amp#2;c�&amp#0;�#_v�e&amp#8;"�p���&amp#7;y{���#�ɢ�.Z�OLl�|�+&amp#21;E�B&amp#15;��c�9��3&amp#31;�r|&amp#14;��"�:&amp#6;m�J(JY���&amp#15;?�x&amp#31;�t���'�x�C&amp#2;������U�oL�=�W<��,�>�&amp#4;|�r�������6۬��k����A"��w;����颂�Ͱټ�?�&amp#11;.���{z�޾p������蝪3*�&amp#21;񸉿�N��|&amp#30;.<b&amp#8;&amp#7;�C�&amp#7;"���q�o���2�i�v�S��&amp#31;�̓�,�E�¯&amp#29;���&amp#30;�&amp#23;<#��&��r9Ԍ&amp#3;?&amp#28;���G���#�����;1e&amp#8;��9����ђN&amp#17;=ùW
p&amp#15;DNc��J�8�{&amp#6;7�y晧^��W&amp#6;��޹^�&amp#28;	H@&amp#2;&amp#18;��&amp#4;$ &amp#1;	H@&amp#2;&amp#18;��&amp#4;$0�	����N;�S;�n�h��&amp#7;>&amp#16;�	Q���n��^z�	&amp#23;��������Z�&amp#6;&amp#24;
ħ?��-��2���-&amp#24;0[F&amp#18;��}k#U���t��&amp#23;��&amp#5;�C�-uod�ϲ ��Es�X'`{���}���&amp#24;rU�R�C	H`�&amp#16;�馛��Q�/�&amp#3;�뮻�&amp#19;N����2��P&amp#12;Չ/&amp#8;Z�8&amp#12;��e�Y&&amp#30;�|&amp#5;#��;��&amp#20;��f�&amp#8;����M��&amp#21;�&amp#12;UPʯ��
�{&amp#2;{p��&amp#19;O��&amp#18;��zkh�<&amp#18;�&amp#15;�O�;qPDz��w��&amp#22;&amp#27;&amp#11;,�@V�|V41x&amp#4;�S.&amp#29;<"mf���c���&amp#17;m��Q&����{�&amp#22;�<!��&amp#25;�0&amp#5;�����<�bc!&amp#30;=��[���i{��V���)�1�&amp#3;&amp#23;K�xO��dH�y���������&amp#29;Ͼ�&amp#18;�m9�s{�ʟ�`�&amp#17;�_&amp#16;a�&amp#17;c[}��냬� �3q2�����J�&amp#20;�������r��a��i�U�D��l��Yl�b��^{-&amp#17;]��% &amp#1;	H@&amp#2;&amp#18;��&amp#4;$ &amp#1;	H@&amp#2;&amp#18;��&amp#4;�9����&amp#0;�;�8B˲���&amp#0;&amp#18;��&amp#24;�_���W^y�	Ǌ-r{j�&amp#0;�&amp#17;�&amp#23;�@|
Sk�&amp#17;f��&amp#30;&amp#3;�o��6G�p�&amp#19;&amp#25;��;�c�2&amp#22;@A�|bwK&amp#22;�+�&amp#28;�K&amp#2;&amp#18;�@#&amp#1;ą��W]uU|))F���&amp#15;^���2���&�Y&amp#23;��S���B��&y�1���&amp#11;��&amp#23;^��˦&amp#17;ՔSN��/|&amp#1;�y� �4&amp#14;&amp#15;&amp#0;&amp#0;@&amp#0;IDAT~�.�8�GȖ/}�K&amp#24;�E&amp#21;�+�2&amp#26;&amp#17;�&amp#31;|��6�C�&amp#16;�Pr�G�VB_xK~��&amp#12;O�Tjbؽ�o���&amp#3;@&amp#0;-r�&amp#0;Lc�O�ߦi��z륰:�#��y�=��!�zc���d��k�&amp#29;i�0��O���� ��S�G$�8����p��&amp#0;�w
�]�&amp#15;y�x�Ac�&amp#31;�8�&amp#15;���jǣ;��a=:"��i��&amp#22;�M6�d�޻&amp#20;�?M��^w�uI�p�X� <��&amp#11;.إ�<&amp#21;�<&amp#28;xm��H<����{.�9�3M*eꇼ��!��?�a�[&amp#29;;�z&amp#21;r6�|s�g&amp#24;|��&amp#21;X/S�r���H@&amp#2;&amp#18;��&amp#4;$ &amp#1;	H@&amp#2;&amp#18;��&amp#4;$ �A%��g�&amp#25;��O��o&amp#27;r����{}�7�w�y�zd�>]�˺���u�]���O-�j�r�駓O&amp#14;&amp#2;&amp#3;�6�
9���8&amp#17;�$��"&amp#21;�WQ�����D��&amp#11;���Y�&amp#5;덠�����/3l�&amp#24;�aů�|&amp#23;��O����&amp#30;�&amp#2;&amp#2;&amp#0;Y�&amp#2;K�k&amp#22;���"&amp#24;�t�X�X)&amp#28;����˹
�ex��c��a&amp#30;��0"Dh�
'H:e�&amp#15;�Ќd��&amp#11;�A&amp#22;"�&��5������X}�3�ܽ�ށ�q�������f�&amp#7;l�&amp#18;���&p��7G&amp#23;�m��^{�d�!j�'?�Ir&amp#16;nP4J�&amp#7;�;v-�;�'a���4Nv=Fj�z��&amp#5;&amp#22;_|��D7ɳ!�pX�~�hʍޛ�&amp#2;	��D|!��+f@�(��b�`��s��^˗}�&amp#30;<&amp#2;o�&amp#0;��&amp#7;&amp#1;6{@e��*��;�H &~a����&amp#17;?��;�&amp#31;&amp#31;"Z�wG�&amp#12;&amp#3;E��&amp#23;{�7�&amp#24;�`-�s&amp#4;���,<��9��믧�/~�Q&amp#17;+��;�ߑ��D&amp#1;b<���o�_3�<�̾��[�"&amp#15;	Q�&amp#29;+�����&amp#30;<
C��&amp#2;��)��a&amp#26;&amp#28;��&amp#18;D�:��&amp#3;��g>�LwJ066�-#Yg�u&amp#14;8�&amp#0;&amp#28;�1�$&amp#30;>�<�`�"9+��B�&amp#22;����?��iN�&amp#3;�1&amp#12;�����{�&amp#27;n�!.�&amp#24;�a.�%�&amp#4;&amp#12;�z쳸�i&amp#12;���;�y)���{`��v㐛�m&amp#2;�&cR&amp#24;y��g��ʨ0w��&amp#5;�g�&amp#1;�1�&amp#28;��V�"_��i9�J�&amp#30;J@&amp#2;&amp#18;��&amp#4;$ &amp#1;	H@&amp#2;&amp#18;��&amp#4;$ �ɗ&amp#0;�"1x�܉��r"�_!&amp#21;��S��E݅&amp#22;Z��rM��D��8��&amp#18;�x��O,đâ�~&amp#23;_|q�&amp#27;%���C&amp#15;%�}�*&amp#19;���an�X���Y�;�#�g��h��&amp#2;�|F�,:���e��!�$�u�&amp#19;	T&amp#19;VSC�'���m&�*(�MY2Z�o���&amp#8;&amp#21;&amp#25;9�}��G�DI&amp#6;�:&amp#8;�w�}8J�=�Y�&amp#18;�̨>R�c&amp#25;�"!&amp#18;&amp#20;&amp#17;�Yƌ(�����t�M�k}&amp#16;f��%��0i��z]2���@���^&amp#6;&amp#28;���Y�&amp#7;�&amp#11;&amp#28;UQ�ɬ;&amp#26;�%MK@&amp#2;�&amp#11;��F��mXj�L
A��6&amp#15;��6ڈ�XV�c��%X>&amp#15;�'�o�����}�{�Z�j��&amp#21;��K�&amp#25;s%&amp#21;��0^�������&amp#12;U�S��/[3=x&amp#4;������]B�$�DXM��̧�V� ��j����ˣ��|��&amp#20;��&amp#25;�J����L�y&amp#20;zl	&amp#31;}����&amp#26;��,֘�`&amp#7;#P�N��D��W`c1&amp#30;����Rc�^3���Os~�R�w�����jcӀl&amp#12;a�\�&amp#31;����@��is�+����V"��rK���z Jb��&"�o�=?���ϧ2B�:x�W2�&amp#31;�E�&amp#5;�I�&amp#20;v&amp#27;Y&amp#30;k,&amp#28;���&amp#20;�&amp#19;�&amp#23;*�����.�pVɄ&amp#14;�&amp#4;$ &amp#1;	H@&amp#2;&amp#18;��&amp#4;$ &amp#1;	H@&amp#2;c�@��m��f=�:}�g�yf&amp#28;&amp#27;^y��_��&amp#11;&amp#30;r�!��8E&amp#16;�XZD<��&amp#29;�&amp#30;<��͋�D�qz���w�&amp#27;�&amp#28;N��R�=�q:�o��:�&amp#28;~�����&amp#16;QP�q^�ӈ�y�%��Є�&amp#28;�2qˇ�&amp#8;�l�&amp#25;��&amp#25;&amp#24;"
��D&amp#0;�M&amp#2;&amp#3;|��g	+&amp#21;&amp#17;L&amp#22;��vZ&amp#12;&amp#20;b
I��"R:�&amp#15;=�Ph�����&amp#17;�
�&amp#0;C�4E�H�&amp#24;>�J&amp#11;̚5=�'&amp#31;�&amp#7;O*|��Cv&amp#29;��VL&amp#22;�@x&amp#25;1$
����3&amp#24;b�QjKQ`"����ŕ��;��&amp#18;���K&amp#24;�ͱ�t�I��35��2߄&amp#4;$0�&amp#18;��&amp#20;��Bk���j3&amp#17;b9cf&amp#20;%�#1�u&amp#25;���dk&amp#17;9��&amp#31;�x�HpD��&amp#27;&amp#15;��&amp#2;��F&amp#0;��;o�Xf��>&amp#5;z-_oӜ�!�-������7&amp#28;�.[G`���#����m��Xl����q�b1j�6\9K&~ꈦ���|�l�߅H�&amp#21;�U�/&amp#4;�8묳�YS�&amp#7;&amp#11;#~�d���&amp#23;g�V��~�V�&amp#16;��#6g�H`R�K=i~&amp#8;2��ٖ��~�Xc���+�/i0&amp#11;g"z�&amp#12;f�����6D�BE��/�˱-}&amp#14;)���nٕ߬���&amp#8;�&amp#31;r;&amp#1;&amp#15;z�m�I&amp#4;1���Ē#U�&�o�]v�x,9#&amp#18;9��]y6
`�&amp#0;%&amp#12;5rc&amp#18;.&amp#28;B;��lgR�۩�[&amp#31;?�&amp#1;������&amp#12;�,#��p\��թ&amp#12;�C	H@&amp#2;&amp#18;��&amp#4;$ &amp#1;	H@&amp#2;&amp#18;��&amp#4;$0�&amp#19;`!5ÿ�~�C΋��-�؂p�,��>�b=�#2*�H���5���ƣ�e��B�&amp#1;�&amp#18;P���&amp#24;��(�&amp#23;5�O�F��_���,��lg�bh&amp#15;���_�j.Z&amp#18;�&amp#29;�&amp#14;�f�n�&amp#21;�*�F¿��DX"&amp#11;�&amp#29;�&amp#22;�H&amp#8;)JE �`�&amp#7;&amp#20;i��&amp#8;&amp#27;�&amp#7;&amp#11;飏>��&amp#17;r&amp#16;T�B8
�S~�5�%&amp#12;�5�\&amp#3;dM򨣎�&amp#24;Mu�&amp#12;Z��k����0�s�&amp#24;u*�/:4&amp#1;Dsa�]2&amp#25;L�
&amp#18;2���X&amp#24;�&amp#29;���c-�׮�_����,&amp#0;H�&amp#1;��&amp#14;�&amp#4;O����&amp#18;ځ�&amp#0;�&amp#30;�y�#�&amp#5;	H`T&amp#8;�S;�&amp#3;_p&amp#25;_}B&amp#15;��B�B.��0/��R���99�t�E&amp#1;JƷI�8S>��W�Lf�&amp#22;-���4�� &amp#17;Pn&amp#31;���9&amp#31;&amp#26;�&amp#4;�$֩����@�&amp#20;AI��j�.���tj�y��&amp#23;W�&amp#24;��%�k����O��"?&amp#22;Q���x8��z��R�S_�<�Gg*&amp#27;�@�Y���i���g��&amp#30;ܩY�k>�����6&amp#31;��l��&amp#28;yc�ߠ���ĝ���]��ğֈ�&amp#20;m�>��9\V,^	���&amp#4;��k&amp#0;�����&amp#22;x�����&amp#18;�E��&amp#8;��&amp#19;{X,���䵧Ӭ���.b.�&amp#25;cS.��&amp#24;[&amp#29;o�{��`̗�&amp#4;$ &amp#1;	H@&amp#2;&amp#18;��&amp#4;$ &amp#1;	H@&amp#2;�#���&amp#15;&amp#31;�M6٤2e�W4�&amp#8;FȊM]n�<B������X�4ff�&amp#4;�T&amp#4;�����H�l&amp#7;����<�,��l�}1�FRk�&amp#22;r&amp#8;&amp#1;&amp#29;�4~�l�ظ�Yi���X���G>�v�s'��&amp#14;-���΁F��lVZ�&amp#31;�JNS�|�v&amp#16;��{Hw�J��&amp#31;F�)�� �0&amp#25;����4�@C
Gv�,v�i�욺x���DN��{	&amp#7;��&amp#15;[	pi�;}�k��&amp#16;&amp#24;�&amp#1;�����y&amp#29;'�&amp#20;�N&amp#2;&amp#18;&amp#24;q&amp#2;|ma8&amp#21;���#�G�@ cW�&amp#17;�.&amp#27;�Q0l�؍73S��$�g�&amp#11;/��鬞�t[o���yaF&amp#22;Uz-�&amp#29;�&amp#24;<&amp#2;�x�&amp#6;oV�5#l�&amp#8;:D8&&amp#30;4�����&amp#7;&amp#26;�y�}��ߩ����c<x*&amp#15;�UF�F&amp#17;&amp#7;K]&amp#12;.�&amp#12;3ݞ?�&amp#5;�/"&amp#31;��)j7o;\k�&amp#31;��&amp#7;&amp#28;�&amp#6;����D�&amp#7;,#A���x�&amp#3;e-	H@&amp#2;&amp#18;��&amp#4;$ &amp#1;	H@&amp#2;&amp#18;��&amp#4;$0q&amp#8;�F&amp#31;&amp#29;��Dͪ]4��Z�&amp#2;&amp#18;,&amp#27;�����!��a�&amp#29;�sETGE� �7�(�R��fc-&amp#22;$�&amp#11;b�)�w;�	�[����&amp#8;��D�)���Z&amp#22;q&amp#2;�o)�ɷ�S���&amp#17;Q�&amp#24;�g��I��Rk�&amp#6;q�&amp#4;ND�EnO��&amp#6;&amp#27;d椙�t��&amp#22;{krin��fD���Dz����9GG%&amp#1;	t'���&amp#27;cÔ&amp#6;C&amp#20;&&amp#14;46L&amp#4;S)C/wo���l&amp#8;��$T!HI8�F���#�I�͔��&amp#15;�^��x^��Kc�8��w��ol�́!��>0�҉L&amp#18;&amp#4;�Y��0C�g1/&amp#24;�Ę&amp#28;�&amp#4;$ &amp#1;	H@&amp#2;&amp#18;��&amp#4;$ &amp#1;	H@&amp#2;&amp#18;���&amp#8;��&amp#16;&amp#16;&amp#5;����&amp#26;��ق=�!�x���[.7&amp#29;���#&amp#7;�&amp#29;�$&amp#18;�&amp#29;�&amp#29;�h&amp#1;���ޚ��&amp#12;��6�Up�I���l�ˍ�&amp#5;e�H��&amp#30;�ƍx�TAk�&amp#0;��	�^�>d&amp#14;�&amp#11;~��x�}���d�?d�>
�O|�&amp#22;�Z�Y�&amp#27;{A�0��x�ʨ紼{�ˏ&amp#27;l����я~İq�_x�G}�&amp#14;@&amp#2;&amp#18;&amp#24;q&amp#2;lI��&amp#17;l�q_x�&amp#17;wd�u֩l�<����$H&amp#6;�y�Uni�ŗB�_f�=���&amp#27;�k&amp#23;�}�M&amp#15;�^˗C2=x&amp#4;ܻ}�3&amp#26;5&amp#2;�=�&amp#28;���=�]�6&amp#14;;��&amp#4;$ &amp#1;	H@&amp#2;&amp#18;��&amp#4;$ &amp#1;	H@&amp#2;&amp#18;&amp#24;Q&amp#2;�Gl*��ǥ�=���f�m*��=|�&amp#6;�&amp#12;A"&amp#17;����{�?���gp���x�&amp#17;��};�J&�J�ܶ���&amp#30;�pe���B&amp#16;��&amp#6;[�&amp#27;@����[18���&amp#20;�+C&amp#29;�Ü{�r]&amp#19;b#Q6��&amp#12;;K�%G=���K0��&amp#14;:��2c��>;�&��,&amp#28;�&amp#4;$0�&amp#8;&amp#16;�c�%����c���&amp#7;�]&amp#15;>� }��nl�LΈ���;�LS|)�%J�&amp#1;=&amp#15;_|�����&amp#31;=K6&amp#22;����Y�&amp#23;�)&amp#29;�&amp#29;i/�k�z��&amp#12;&amp#12;&amp#1;L'��&amp#7;�j:�Q#p�	'���_���n�Al�喓�/�Q�c�&amp#18;��&amp#4;$ &amp#1;	H@&amp#2;&amp#18;��&amp#4;$ &amp#1;	H`�'�7&amp#27;��!&amp#3;����^�K;M�ȷ�&amp#29;�Y&amp#28;ٳ��گ��*&amp#2;|�W&amp#18;�N;m%g&amp#4;&amp#15;��Bo~�&amp#18;��c����:�&amp#8;���pO�f&amp#12;�J�&amp#12;��I&amp#11;��������Q27=�׿�U��x����e�&amp#29;vHs&amp#7;&amp#4;&amp#27;����I`s�I\il���&amp#12;bܽ�?��(0A/}�1���w�r�&amp#3;6t)���r&amp#29;�=�#&amp#1;	L�&amp#4;&amp#22;Yd�M7ݔ�Jb7w�&amp#17;�۟~����.&amp#30;)h�<U*�r��N_1���Y�ny�::�,���&amp#5;�N+�e�e�l���&amp#17;���r��]Vg4�	�3&amp#31;����In�5��b&amp#18;��&amp#4;$ &amp#1;	H@&amp#2;&amp#18;��&amp#4;$ &amp#1;	H@&amp#2;&amp#19;��l��&amp#22;z-A��o�6��&amp#7;yh�xԡ&amp#22;,���)H��Eno���ˬ����~��&amp#23;�ԓO>�Fn�L�j7�*�sNe&amp#28;��b�&amp#25;&amp#26;&amp#6;}u�lȎReɺ�&amp#4;����q��Y|���/&amp#3;�&amp#31;y䑸��kM�4 ȩM�&amp#1;Ի���6Hs��x��,�&amp#12;&amp#17;���#&amp#1;	&amp#12;$��}�s!�?��#ß �l���H�>��˗`�a��i��̯���&amp#8;S>���\��Bf&amp#20;N&amp#23;�^˗}�&amp#30;<&amp#2;��>x��&amp#25;Ml&amp#2;_�җV_}�&amp#21;VX&amp#1;ӭ�O?}�}���;&�P�O&amp#2;&amp#18;��&amp#4;$ &amp#1;	H@&amp#2;&amp#18;��&amp#4;$ &amp#1;	H`�&amp#16;��O>��=�|��Q�#�Xq�&amp#21;Sk'�eX��&amp#29;�]�c&amp#31;�Xԭ���ۢ?���]�JI�R&�[�J��|�&amp#27;�&amp#6;�p&amp#30;9�vT
���<�&amp#12;�����RK��o����M�U&~�x	1���}�&amp#15;��cw�W^y�-����+�<��3�8���&amp#6;��b�&amp#4;$0`&amp#4;�=���CN��!�I������'>ѩJ<?��N,~*eظ=��*&amp#15;�J1&amp#14;Sbg�����~���ͤ���6�&amp#25;$&amp#2;��t5���&amp#16;`k�������&amp#15;�Hy���&amp#31;�Aث&amp#4;$ &amp#1;	H@&amp#2;&amp#18;��&amp#4;$ &amp#1;	H@&amp#2;&amp#18;���$��Zk�O&amp#27;&amp#27;Ӳ&amp#11;x�����&amp#24;^w&amp#31;���+��v��8��&amp#25;m��&amp#14;����E��ER�~���M��g?�gf&amp#14;{�6
��8G�T)8�2&amp#17;B�G�뮻.&amp#27;�&amp#4;ZΏ�c&amp#14;���pȞ���JO�g��H/���ey2�&amp#0;&amp#28;J|&amp#22;&amp#30;��&amp#7;>�&amp#1;z�&amp#11;�]�Gq&amp#24;�u&amp#31;w/�&amp#24;����&amp#11;��&amp#11;^I�qK=��C��6[6!&amp#1;	L�&amp#4;&amp#16;��������&amp#30;~��أ�	.��Ùf���x�&amp#11;,�@�ְ��,�<{�V��&amp#15;���VZ�r�r��<��o����)&amp#14;#�/�&amp#5;&amp#23;\0��Z�ަ9&amp#3;C&amp#0;;&amp#15;�����ND&amp#2;&amp#18;��&amp#4;$ &amp#1;	H@&amp#2;&amp#18;��&amp#4;$ &amp#1;	H@&amp#2;&amp#18;�P&amp#4;&amp#8;B���[G�_��W�?��!&amp#21;Đ�Y�O�7��d�y��t�&amp#25;g����sO�&amp#22;�&amp#20;��&amp#6;�h��w^4�l&amp#16;�T�o��J�8�_~�����&amp#23;^X��:!<&amp#5;&amp#23;_|�t[�L��,��H&amp#26;�a&amp#15;���ϊ6;�G&amp#23;&amp#27;l�A$�����=$@]��s���￿,O����n�0��Q9d�����SO�tɺ&amp#12;���r�)X6��٥X�S�޽����A&amp#7;&amp#29;&amp#20;���~���m3aAɹ��.����][R&amp#2;&amp#18;��	�q�&amp#29;�&amp#28;s̺�˃k����&amp#25;0�k�n�mx�c5��j��=����.8餓2&amp#16;K�&amp#6;�[n�8�0��+�d1����!�3��W_�ꪫ&amp#8;z����.3����g?�!��&amp#21;ŝ�&amp#29;w�}7�����j���k�����&amp#17;��Ͻ�&amp#7;�:#	H@&amp#2;&amp#18;��&amp#4;$ &amp#1;	H@&amp#2;&amp#18;��&amp#4;$ &amp#1;	H`�	&amp#16;&amp#16;��k����/��&amp#18;s�9'�1�5~�O?�����5�X�S��&amp#20;��=��Q&amp#24;�`�7&&amp#28;=.�H&amp#17;��ַ�Vy�&amp#7;���=�\�d��&amp#16;�Y��Ϳ+�f��&amp#26;�6j����>4TtPB�?��CX&amp#12;D��UW]57��u�Y&amp#17;�&amp#17;�&amp#17;n���O?U�!�b�>��.����ǿ���N;/��&amp#18;6&amp#1;�&amp#18;�&amp#2;��X��2&amp#17;�&amp#21;6�%�$�6�d&amp#19;"�#ܾ��o�-��X�䤾&amp#18;��1�&amp#28;(@�����!�f^��6[&amp#20;��&amp#0;\p�&amp#27;&amp#18;�9�s�7�C&amp#26;�4q�&amp#25;&amp#27;S��A��l��f�}�)��&amp#18;�&amp#1;�g�}v����2B&amp#20;�؟������R��^�^6�$�&amp#1;�o����3O��/|&amp#1;Պ|L&amp#1;�_&amp#15;��r0&amp#22;��&amp#4;&)&amp#2;&amp#31;�Ї���?0$�D�{$��.&amp#18;�&amp#3;^~��#�H�O�&amp#5;�1���z��Ocuz	�,�&amp#1;�3��K/�����:��W&amp#0;FH�\rI&amp#4;���"m�h��o6y!A�&amp#22;���q��0��{�w�uW&amp#30;����Lί?�.�0�^˗uM&amp#15;&amp#24;&amp#1;��&amp#1;��NG&amp#2;&amp#18;��&amp#4;$ &amp#1;	H@&amp#2;&amp#18;��&amp#4;$ &amp#1;	H@&amp#2;&amp#18;� &amp#4;&amp#16;&amp#15;�:ꨋ.�(�oG��S�	y 2q���+Ќ�&amp#11;Ǹ,����&amp#26;�hf�I,��"��&amp#8;�&amp#8;	�&amp#1;Qe�w^{�TG�&amp#14;��^&amp#6;�7���[��&amp#22;Z�}�4�6��
�)&amp#30;�eN��p�qG��S��j��*Rk���a&amp#0;&amp#7;�{�EL�A��}�k��� ŀ�b��|��&amp#25;g�1�\s����o~�l&amp#7;�f���Kw��Ԩ��&amp#16;L�����&amp#21;q���eH�����^z�'FDn���E�
�ؔp&amp#27;�P1&amp#23;�Jqېs�&amp#1;&amp#7;p&amp#21;��z�<kB&amp#2;&amp#18;�L	&amp#28;|���m�Bk�&amp#23;n��6Tm���ܘo���&amp#22;ڃ&amp#6;�k)�_��&amp#19;%��M�-���؋-H0Z�SV��&amp#6;��2'&amp#31;�&amp#12;&amp#27;A}ܸ�?&amp#16;8�]P�w�m7�z�>��
i&amp#20;z�P��^˗uM&amp#15;&amp#18;�7�"��&amp#12;Ҕ��&amp#4;$ &amp#1;	H@&amp#2;&amp#18;��&amp#4;$ &amp#1;	H@&amp#2;&amp#18;��&amp#4;$ �	D&amp#0;&amp#21;a��6B5d&amp#23;�F&amp#5;&amp#20;�&amp#26;18z�/���܉<2��z��wGҎ踹���ԏ���D&amp#24;&amp#0;nߕ6��+��(�&amp#4;�M���'�&amp#0;�&amp#19;�&amp#15;*՗^zi�
*�&amp#11;�{��7��&amp#7;?H�F5���<�6�F�&amp#11;��&amp#5;��23Z�2&amp#17;P��S&amp#0;�����=��;�2�,e>i|��N&amp#24;��2?Ɖ܋�d8A�Y�XE0Zt}r�S&amp#28;&�L�m6�+@�b&�Z���8�&amp#20;���o��^F��&amp#20;�&amp#22;���*e&amp#11;��&amp#30;Q�sc�ʽQ�U?�v�֢L��&amp#23;�?���+_�4ō&amp#4;|��&amp#23;6�&amp#30;�c0G&amp#2;&amp#18;��&amp#8;�� �&amp#11;��<�c;s�&п+O��ye�L��&amp#26;3�&amp#2;�.K�&amp#24;���q&amp#21;_�Y�o&amp#4;��&amp#16;d��.�I"��/��R��0�SN8��&amp#22;[�,�s���|�����|�&amp#5;s&amp#6;�&amp#0;w�&amp#20;l�R��&amp#6;`bNA&amp#2;&amp#18;��&amp#4;$ &amp#1;	H@&amp#2;&amp#18;��&amp#4;$ &amp#1;	H@&amp#2;&amp#18;&amp#24;9&amp#2;&amp#29;��7�x�}Gx��/<�Dh$,9�ò�+��Q�Y�&amp#15;&amp#27;��?��,ò�_Y��&amp#23;n�C\z3�&amp#25;f����6���?����&amp#4;xG\'�8JI)T4V�<�cFh�=&amp#27;7/*2�6�&amp#29;r"&amp#4;�g��Ï�S��&amp#28;?�eĐg�̎��x�;�&amp#20;+�Ck�&amp#29;biܐ&amp#5;&�&amp#4;)�<�&amp#12;��,�s&amp#19;&amp#18;/&amp#1;�&amp#6;�&amp#12;&amp#24;ىL��wdGhk&amp#18;���&amp#18;`&amp#19;t&amp#2;� u�&amp#25;ݑD�<���ŀ��C:��&amp#8;1|Y`(���M-���	��Q����|��M:�&amp#21;C��&amp#3;&amp#27;�_��{&amp#28;�����B��ѿ&amp#14;�@&amp#2;&amp#18;��&amp#4;$ &amp#1;	H@&amp#2;&amp#18;��&amp#4;$ &amp#1;	H@&amp#2;�4�&amp#17;[<&amp#29;0�}��h&amp#14;N&amp#2;&amp#18;��&amp#4;$0�	�~���o�ٽ��{��o&amp#15;&amp#19;��r{{����YYR&amp#2;&amp#18;��&amp#4;$ &amp#1;	H@&amp#2;&amp#18;��&amp#4;$ &amp#1;	H@&amp#2;c��r����N\&amp#2;&amp#18;��&amp#4;$ �1G@���%c�v���`I	H@&amp#2;&amp#18;��&amp#4;$ &amp#1;	H@&amp#2;&amp#18;��&amp#4;$ &amp#1;	H@&amp#2;&amp#18;��&amp#4;$ &amp#1;	H@&amp#2;&amp#18;��&amp#4;��协 $ &amp#1;	H@&amp#2;&amp#18;��&amp#4;$ &amp#1;	H@&amp#2;&amp#18;��&amp#4;$ &amp#1;	H@&amp#2;&amp#18;��&amp#4;$ &amp#1;	H@&amp#2;&amp#18;��8�n�% &amp#1;	H@&amp#2;&amp#18;��&amp#4;$ &amp#1;	H@&amp#2;&amp#18;��&amp#4;$ &amp#1;	H@&amp#2;&amp#18;��&amp#4;$ &amp#1;	H@&amp#2;&amp#16;&amp#24;7�&amp#20;S&amp#8;B&amp#2;&amp#18;��&amp#4;$ &amp#1;	H@&amp#2;&amp#18;��&amp#4;$ &amp#1;	H@&amp#2;&amp#18;��&amp#4;$ &amp#1;	H@&amp#2;&amp#18;��&amp#4;$ ��&amp#8;&amp#24;I�'\&amp#22;��&amp#4;$ &amp#1;	H@&amp#2;&amp#18;��&amp#4;$ &amp#1;	H@&amp#2;&amp#18;��&amp#4;$ &amp#1;	H@&amp#2;&amp#18;��&amp#4;$ &amp#1;	�?&amp#4;�&amp#31;���KB&amp#2;&amp#18;��&amp#4;$ &amp#1;	H@&amp#2;&amp#18;��&amp#4;$ &amp#1;	H@&amp#2;&amp#18;��&amp#4;$ &amp#1;	H@&amp#2;&amp#18;��&amp#4;$ ��&amp#4;&amp#8;$?�O�
���&amp#4;$ &amp#1;	H@&amp#2;&amp#18;��&amp#4;$ &amp#1;	H@&amp#2;&amp#18;��&amp#4;$ &amp#1;	H@&amp#2;&amp#18;��&amp#4;$ &amp#1;	H&amp#0;&amp#2;j��&amp#6;&amp#18;��&amp#4;$ &amp#1;	H@&amp#2;&amp#18;��&amp#4;$ &amp#1;	H@&amp#2;&amp#18;��&amp#4;$ &amp#1;	H@&amp#2;&amp#18;��&amp#4;$ ��&amp#8;�&amp#17;L��&amp#26;���&amp#4;$ &amp#1;	H@&amp#2;&amp#18;��&amp#4;$ &amp#1;	H@&amp#2;&amp#18;��&amp#4;$ &amp#1;	H@&amp#2;&amp#18;��&amp#4;$ &amp#1;	�y&amp#2;��c�&amp#22;&amp#16;�&amp#4;$ &amp#1;	H@&amp#2;&amp#18;��&amp#4;$ &amp#1;	H@&amp#2;&amp#18;��&amp#4;$ &amp#1;	H@&amp#2;&amp#18;��&amp#4;$ &amp#1;	�N���{gf	H@&amp#2;&amp#18;��&amp#4;$ &amp#1;	H@&amp#2;&amp#18;��&amp#4;$ &amp#1;	H@&amp#2;&amp#18;��&amp#4;$ &amp#1;	H@&amp#2;&amp#18;&amp#24;�&amp#4;��n�ߘ� &amp#0;	H@&amp#2;&amp#18;��&amp#4;$ &amp#1;	H@&amp#2;&amp#18;��&amp#4;$ &amp#1;	H@&amp#2;&amp#18;��&amp#4;$ &amp#1;	H@&amp#2;&amp#18;�@o&amp#4;�M1�&amp#20;�հ�&amp#4;$ &amp#1;	H@&amp#2;&amp#18;��&amp#4;$ &amp#1;	H@&amp#2;&amp#18;��&amp#4;$ &amp#1;	H@&amp#2;&amp#18;��&amp#4;$ &amp#1;	H`l&amp#19;@j&amp#31;7�	8{	H@&amp#2;&amp#18;��&amp#4;$ &amp#1;	H@&amp#2;&amp#18;��&amp#4;$ &amp#1;	H@&amp#2;&amp#18;��&amp#4;$ &amp#1;	H@&amp#2;&amp#18;�@?&amp#4;����f&amp#29;	H@&amp#2;&amp#18;��&amp#4;$ &amp#1;	H@&amp#2;&amp#18;��&amp#4;$ &amp#1;	H@&amp#2;&amp#18;��&amp#4;$ &amp#1;	H@&amp#2;&amp#18;&amp#24;�&amp#4;������% &amp#1;	H@&amp#2;&amp#18;��&amp#4;$ &amp#1;	H@&amp#2;&amp#18;��&amp#4;$ &amp#1;	H@&amp#2;&amp#18;��&amp#4;$ &amp#1;	H�g&amp#2;�����{�f&amp#5;	H@&amp#2;&amp#18;��&amp#4;$ &amp#1;	H@&amp#2;&amp#18;��&amp#4;$ &amp#1;	H@&amp#2;&amp#18;��&amp#4;$ &amp#1;	H@&amp#2;&amp#18;&amp#24;�&amp#4;������% &amp#1;	H@&amp#2;&amp#18;��&amp#4;$ &amp#1;	H@&amp#2;&amp#18;��&amp#4;$ &amp#1;	H@&amp#2;&amp#18;��&amp#4;$ &amp#1;	H�&amp#31;&amp#2;���S�:&amp#18;��&amp#4;$ &amp#1;	H@&amp#2;&amp#18;��&amp#4;$ &amp#1;	H@&amp#2;&amp#18;��&amp#4;$ &amp#1;	H@&amp#2;&amp#18;��&amp#4;$ ��M@�}l_g/&amp#1;	H@&amp#2;&amp#18;��&amp#4;$ &amp#1;	H@&amp#2;&amp#18;��&amp#4;$ &amp#1;	H@&amp#2;&amp#18;��&amp#4;$ &amp#1;	H@&amp#2;}&amp#17;Pn�&amp#11;��$ &amp#1;	H@&amp#2;&amp#18;��&amp#4;$ &amp#1;	H@&amp#2;&amp#18;��&amp#4;$ &amp#1;	H@&amp#2;&amp#18;��&amp#4;$ &amp#1;	H`&amp#12;&amp#19;x��ו����w�&amp#18;��&amp#4;$ &amp#1;	H@&amp#2;&amp#18;��&amp#4;$ &amp#1;	H@&amp#2;&amp#18;��&amp#4;$ &amp#1;	H@&amp#2;&amp#18;��&amp#4;$�&amp#23;&amp#1;�n�&amp#11;��$ &amp#1;	H@&amp#2;&amp#18;��&amp#4;$ &amp#1;	H@&amp#2;&amp#18;��&amp#4;$ &amp#1;	H@&amp#2;&amp#18;��&amp#4;$ &amp#1;	H`�&amp#19;л}��&amp#2;&amp#2;��&amp#4;$ &amp#1;	H@&amp#2;&amp#18;��&amp#4;$ &amp#1;	H@&amp#2;&amp#18;��&amp#4;$ &amp#1;	H@&amp#2;&amp#18;��&amp#4;$ ��	(����&amp#26;&amp#18;��&amp#4;$ &amp#1;	H@&amp#2;&amp#18;��&amp#4;$ &amp#1;	H@&amp#2;&amp#18;��&amp#4;$ &amp#1;	H@&amp#2;&amp#18;��&amp#4;$0�	����Un&amp#31;۷����&amp#4;$ &amp#1;	H@&amp#2;&amp#18;��&amp#4;$ &amp#1;	H@&amp#2;&amp#18;��&amp#4;$ &amp#1;	H@&amp#2;&amp#18;��&amp#4;$ ��	L1�&amp#20;��c��&amp#4;$ &amp#1;	H@&amp#2;&amp#18;��&amp#4;$ &amp#1;	H@&amp#2;&amp#18;��&amp#4;$ &amp#1;	H@&amp#2;&amp#18;��&amp#4;$ &amp#1;	�y&amp#2;��c�&amp#22;&amp#16;�&amp#4;$ &amp#1;	H@&amp#2;&amp#18;��&amp#4;$ &amp#1;	H@&amp#2;&amp#18;��&amp#4;$ &amp#1;	H@&amp#2;&amp#18;��&amp#4;$ &amp#1;	�H���_&amp#31;G@�&amp#30;kY\&amp#2;&amp#18;��&amp#4;$ &amp#1;	H@&amp#2;&amp#18;��&amp#4;$ &amp#1;	H@&amp#2;&amp#18;��&amp#4;$ &amp#1;	H@&amp#2;&amp#18;��&amp#4;$0�	���>�o&amp#1;'/&amp#1;	H@&amp#2;&amp#18;��&amp#4;$ &amp#1;	H@&amp#2;&amp#18;��&amp#4;$ &amp#1;	H@&amp#2;&amp#18;��&amp#4;$ &amp#1;	H@&amp#2;�&amp#19;@jCq｢5$ &amp#1;	H@&amp#2;&amp#18;��&amp#4;$ &amp#1;	H@&amp#2;&amp#18;��&amp#4;$ &amp#1;	H@&amp#2;&amp#18;��&amp#4;$ &amp#1;	H@&amp#2;c��Z����N^&amp#2;&amp#18;��&amp#4;$ &amp#1;	H@&amp#2;&amp#18;��&amp#4;$ &amp#1;	H@&amp#2;&amp#18;��&amp#4;$ &amp#1;	H@&amp#2;&amp#18;��&amp#4;� ��w;���Q�*&amp#18;��&amp#4;$ &amp#1;	H@&amp#2;&amp#18;��&amp#4;$ &amp#1;	H@&amp#2;&amp#18;��&amp#4;$ &amp#1;	H@&amp#2;&amp#18;��&amp#4;$ �1K��H�|�����&amp#4;$ &amp#1;	H@&amp#2;&amp#18;��&amp#4;$ &amp#1;	H@&amp#2;&amp#18;��&amp#4;$ &amp#1;	H@&amp#2;&amp#18;��&amp#4;$ &amp#1;	H�?&amp#2;��pﯦ�$ &amp#1;	H@&amp#2;&amp#18;��&amp#4;$ &amp#1;	H@&amp#2;&amp#18;��&amp#4;$ &amp#1;	H@&amp#2;&amp#18;��&amp#4;$ &amp#1;	H@&amp#2;c���)��b�NމK@&amp#2;&amp#18;��&amp#4;$ &amp#1;	H@&amp#2;&amp#18;��&amp#4;$ &amp#1;	H@&amp#2;&amp#18;��&amp#4;$ &amp#1;	H@&amp#2;&amp#18;��&amp#4;�#`$���YK&amp#2;&amp#18;��&amp#4;$ &amp#1;	H@&amp#2;&amp#18;��&amp#4;$ &amp#1;	H@&amp#2;&amp#18;��&amp#4;$ &amp#1;	H@&amp#2;&amp#18;��&amp#4;�.&amp#1;&amp#2;ɏ{����.&amp#0;g.&amp#1;	H@&amp#2;&amp#18;��&amp#4;$ &amp#1;	H@&amp#2;&amp#18;��&amp#4;$ &amp#1;	H@&amp#2;&amp#18;��&amp#4;$ &amp#1;	H@&amp#2;&amp#18;�&amp#0;����齢5$ &amp#1;	H@&amp#2;&amp#18;��&amp#4;$ &amp#1;	H@&amp#2;&amp#18;��&amp#4;$ &amp#1;	H@&amp#2;&amp#18;��&amp#4;$ &amp#1;	H@&amp#2;c���cz�N^&amp#2;&amp#18;��&amp#4;$ &amp#1;	H@&amp#2;&amp#18;��&amp#4;$ &amp#1;	H@&amp#2;&amp#18;��&amp#4;&C&amp#2;���on���_���/���s�9��/��2SN��dx-&amp#29;�&amp#4;$ ��&amp#4;��{�w��&amp#22;Zp�&amp#5;;��&amp#4;F�&amp#0;����1j��X&amp#2;&amp#18;��&amp#4;$ &amp#1;	H@&amp#2;&amp#18;��&amp#4;$ &amp#1;	H@&amp#2;&amp#18;�\&amp#8;�����w_e�SM5�,��2�3&amp#18;G�r�r��o}�&amp#7;&amp#30;�f�m&amp#22;X`��)&amp#15;�&amp#16;`/T�&amp#22;
�y�Yg͒�\s�׿��<��[����?���'O8ᄇ&amp#30;zh�m����?�g{J<���=�\�*�y�{�c�8�裏��o�f�i�o�N�͗�&amp#4;$ �a&amp#18;�����{�[��Eno��n3&amp#24;�&amp#5;~��_�'@�G>�&amp#15;���M7]�����Ҕ�&G&amp#2;���Us�&amp#18;��&amp#4;$ &amp#1;	H@&amp#2;&amp#18;��&amp#4;$ &amp#1;	H@&amp#2;&amp#18;���&�?�i�=���+k��������w��<���&amp#23;]t&amp#17;�&amp#23;^x�r{�O��K.�&amp#4;K&amp#5;
&amp#28;y�)��3��u�Y�mo{�&amp#19;O<��&amp#15;~�/�&amp#11;�)&amp#12;��vD�&amp#31;��G���ꪫ��^q����:���I���?�����/&amp#1;	H@&amp#2;�!����꯼�
&amp#6;X�6�n���>&amp#18;�8������U�m��V&amp#27;o�q%��^��[0g&amp#0;&amp#8;p[��>&amp#0;��)H@&amp#2;&amp#18;��&amp#4;$ &amp#1;	H@&amp#2;&amp#18;��&amp#4;$ &amp#1;	H@&amp#2;�I&amp#0;&amp#31;8>�\��N��ԧ*Cy���&amp#30;9�FWN������{���sϽ��[���SO=&amp#21;Z���/�袋fū��*҇&amp#31;~�&amp#18;K,��D���p8����&amp#6;�'6�p�뮻��A&amp#7;&amp#29;t��g��޽�g% &amp#1;	H�=�&amp#23;_|��.&amp#27;?~|<���3��3&amp#19;Pd�%��K��&�Z�GwV�'��:����
+.�~�,��)����k��6+k�Z��kz�&amp#8;���ο!#&amp#29;Ҝ&amp#7;f.����w�ɏ9��{�&amp#20;�&amp#23;����_l���6�쩻�S&amp#24;S#&amp#30;y�~��7�d���x��w�v�m���v�&amp#17;
,�j�&amp#28;N/�W��?�!��no��&amp#22;#5�c�9��&amp#19;۱���H�i;}&amp#16;�g�?��&amp#15;&amp#2;欴�J-�O���e�&amp#22;&amp#27;���$% &amp#1;	H@&amp#2;&amp#18;��&amp#4;$ &amp#1;	H�&amp#11;&amp#1;&amp#4;���_�&amp#2;��&amp#19;?�&amp#15;�&amp#3;ktH&amp#2;,O���&amp#1;&amp#7;��g?����~�&amp#27;4&amp#30;�K-�T��&amp#7;��/~������&amp#18;;M�����S�o�}Y�]�9DhY|�������:8/���e~Oi\�)���+��X�H&amp#23;�Id��w�&amp#29;&amp#3;&amp#11;n�s�=��|&amp#22;6!&amp#1;	H@&amp#2;�	�t�M���<߹|0u��&amp#21;i�讷�9��zkh�&amp#8;�|&amp#1;��]��&amp#20;-��|������'>Q���|vdb�&amp#8;�Sk�&amp#28;/*��&amp#23;\p&amp#1;֝�j�L�*T�z&amp#26;��G�ݪn���G&amp#30;y�M#���&amp#26;��R�*-��p�&amp#24;6!�,O1
cz��&amp#23;�U��&amp#31;&amp#22;R�)e~�L�&amp#14;<�@B�d�1���-Bu�&amp#8;&amp#4;�vb��&o��&amp#27;l���&amp#15;�$7ɠ�&amp#15;q!~򓟴�3��C��-���Ph&amp#18;��&amp#4;$ &amp#1;	H@&amp#2;&amp#18;��&amp#4;$�+����~P[�P|�&amp#23;^{��8�&amp#29;v�!���&amp#15;~�:X��&amp#15;}�C(����+%&amp#7;���;��u^xw<����Zo��f�a��:Z&amp#11;�&amp#31;��&amp#7;���9�	��Z�َ���{��&amp#16;Z�Rn�&amp#24;�&amp#11;�&amp#8;�`	���g�.,&&amp#1;	H@&amp#2;]&amp#8;����O��-<&amp#22;Yd&amp#17;
�8���1w#P
>�&amp#31;����&amp#22;zzt�&amp#21;�t�f�r�}	��85�3~��&amp#12;O����k��/ӃD�_#&amp#6;���.(~��r&amp#11;���g?�)M:a��	�[�{����&amp#8;�&amp#3;}��?��;�ctʃ����&amp#5;��&amp#24;0�-CE�_9�ԝ&amp#16;����`&amp#6;��o|��!<�{���+�|��&amp#15;�C���ku�O&amp#8;&amp#2;ü��&amp#25;���p�YW&amp#2;&amp#18;��&amp#4;$ &amp#1;	H@&amp#2;&amp#18;��&amp#4;$0&amp#0;&amp#4;X_Zw�u	r��>�0&amp#29;���:�,��sj������H��$�i����g����>��١���&amp#5;+
?����ر�E&amp#1;b=������T���d`-��x���\s�5�&amp#28;s�u�o���W��&amp#21;i�&amp#30;/G&amp#27;g_{�5&amp#22;&amp#18;I�9��&amp#21;���{���}�&amp#5;&amp#23;$�`����/��&amp#25;&amp#27;���D����?�a��'�?����#�1����BY�L_z�q��R�3)�!&amp#7;��lh�Nfp&&amp#29;&amp#27;�����w�#��B���q��&amp#16;��2�`�&amp#17;�x���b�&amp#19;�.�F��^{�Zk�ս�g% &amp#1;	H`H&amp#2;7�|s�!&amp#14;1�:+�&amp#4;!f��O���&amp#20;���ܪ�Gw}&amp#12;��&amp#31;��&amp#21;W\�/��&amp#0;]/��r��x�cZ&amp#23;_&amp#16;��/&amp#27;4=x&amp#4;zV&amp#25;&amp#7;&amp#15;�d7#b�3f��J���&amp#19;�W{TDq������;,7��^ߕ�,s��W�����i��x-�w���]&amp#6;�Oۊim�*���&amp#4;�yM�3<��гn�&amp#4;�j��&amp#30;;餓z�hy	H@&amp#2;&amp#18;��&amp#4;$ &amp#1;	H@&amp#2;&amp#18;��&amp#4;�M��7<�q�F`F��&amp#30;Q&amp#2;&amp#8;EK&amp#26;�&amp#0;� �����G&amp#31;]��ƹe�-���Q���&amp#30;"R=q˳z$&amp#8;P&amp#31;ro&amp#28;R��g�.����w�e���7r�&amp#17;G&amp#28;A�3�<3��qT툊��n����q
�;2Y�cS��N;��B&amp#26;Mb�w�~��#��_�"�&amp#1;�&Q�ٿ��˳X&amp#20;��a�z�!���
D>&amp#17;��?��pm'�lm�7&�;&amp#6;�y��6
ϟ?����#�c�&amp#21;#&amp#6;�"�WLS_��Wb�/��R���w�3&amp#18;C����&amp#30;{�&amp#12;��+�Pn&amp#31;&amp#18;�&amp#5;$ &amp#1;	&amp#12;I 7b&amp#15;��z�Rk�l&amp#31;��z��WFf����&amp#18;K�/;&amp#6;d���Z�ޣ9�D@�}򻚘�2hl?�3t�#�GS�i'��Z&amp#23;��_��Ǐ�B⠃&amp#14;">6[�W��-�F �����&amp#24;���*&amp#22;��&amp#4;�yM�3<��гnO&amp#4;��'<]OU,,&amp#1;	H@&amp#2;&amp#18;��&amp#4;$ &amp#1;	H@&amp#2;&amp#19;�&amp#0;2y&amp#4;N��ǻ��S�!�&amp#28;&amp#18;eP�qR��&amp#17;��&amp#25;�n+�N&amp#8;�h�� �0�Cxf�+���#��~�V��9��&amp#20;`?Z�f��-.�Y~8�=��&amp#19;&amp#11;&amp#0;Z�����&amp#11;�Q&amp#8;�l�&amp#24;��0��FXxr2�/>0]�e��X0� q��5>��:M�����p&amp#23;'~�g7�l��&amp#27;o��b&amp#31;��|&�����G���NT&amp#0;.&amp#1;�D�&amp#2;w�1�_@�5!&amp#1;	H`�&amp#4;�M&amp#24;&amp#1;Z�l��Gw�����w����Ċ+��Z�ަ9&amp#3;C&amp#0;�J����j�~�Ɛ��3����{�&amp#29;&amp#14;y&amp#19; �&amp#18;�������^�&amp#28;����_�pc����k&amp#0;&amp#17;&amp#2;��]�VYe���[qB&amp#16;&amp#24;�5&amp#29;ΐ�&amp#31;�CϺ=&amp#17;� ~=U��&amp#4;$ &amp#1;	H@&amp#2;&amp#18;��&amp#4;$ &amp#1;	LL&amp#2;��6[t�.ݝz?ꨣ8ł&amp#6;&amp#30;�&amp#17;&amp#8;�CVl&amp#17;�y�[l�Ų"&amp#14;멵#r���6�|�$&amp#14;|�|��׉�&amp#22;Z;��&�l&amp#18;A��\��&amp#19;Oĕ�v���o�Ɵ���@kg��}��76/�&amp#17;bI2<�&amp#0;��q7g{]2q���/|�&amp#11;&amp#0;a�]&amp#28;��t&amp#23;B>%�o�,��>&amp#31;&amp#14;7�tS�mD�h<&amp#11;4&��Y��*r;Tc_H���$�1t�}�ݳb���!��(&amp#19;K��&amp#17;F�!&amp#28;�[��,Y&�&amp#4;��'ˤ�.�hyʴ&amp#4;$ &amp#1;	�J ��O9�&amp#20;�9��ܩ�,�ӣ��Z��VS�&amp#25;�&amp#11;��|�;&amp#15;&amp#7;��r� ]�Q��j��&amp#22;[&amp#28;&amp#17; �_������|��4
G1v�b�$�Ĵ'FV�.OR~�ϋGeۧz�&amp#8;&amp#11;�&amp#1;V����ǋ
�O�[ٿ��Q�G�G?��zSC����&amp#27;&amp#2;�.���&amp#25;�&amp#30;&amp#3;[��Û&amp#3;-`QE/�&amp#20;cD̻&amp#7;F���3Oc��)�
A�4˯vvҪ���&amp#26;�f��'�|��&amp#26;&amp#26;�k^&amp#21; �&amp#11;I�L�H�&amp#20;�y��Ԛ�Bp0^&amp#27;`��&amp#2;&amp#11;�꣥}�?��&amp#19;������x��&amp#21;�&amp#28;.���g�`^�$3T>e�2�>a�A1H�3H`2�zX��k&amp#26;��&amp#14;a&amp#18;΅`��<�쳳�>;=�_�l\\�	`���2e��&amp#25;&amp#0;oV̗Z����H���@���pfk1�����_�HX&amp#5;�T�Әny?D]n	���&amp#17;�&amp#11;a��&amp#29;[	�V���PR�&amp#29;\�	j�5又�k��"��&amp#0;�HX&amp#29;�&amp#2;&amp#1;<�)*&amp#3;&amp#0;&amp#14;73-�X�	&amp#17;�&amp#24;9&amp#15;�ʰ���&amp#15;��/nr.(�&amp#27;7&amp#3;��4�LSi��!��6tĝC&amp#25;n&amp#30;�$��2k��#��Vd���ǥ��C�V̖3�5=�s�&amp#16;#��Ǹ�&amp#30;|��&amp#19;�&amp#4;o&amp#0;����y&amp#8;��>|�Hߣ�&amp#22;�o�&amp#14;J\�w��]���#�g�Lpɸ�ccB�&amp#4;&amp#1;J��&amp#5;"&amp#17;��� �&amp#1;�����|��{y�p`�@�(.k<��e�ßi6eB&amp#2;&amp#18;��&amp#4;$ &amp#1;	H@&amp#2;&amp#18;�@�&amp#0;���3�Ȣ&amp#16;�f�&amp#21;���k5i֑Rk���֓�H�q�&amp#25;qx��&amp#7;�qm�"2�2�,������!B;&amp#26;s��֌�;��ĮG&amp#21;��}D���}&amp#2;��&amp#22;��&amp#23;od�o�=��9�%1��&amp#28;FO��_�dԲA�����OlB�&amp#3;��&amp#2;&amp#8;Z{�%&amp#16;.1E&amp#20;
�f�o}��>/��n�-&amp#1;>��&amp#20;�(̛�r{���&amp#18;��&amp#4;z%��0����S��ۣ:���&amp#25;�JZi��Gw��t[o\��~�Ċ����t�� &amp#17;@�л}�.���&amp#5;�U~I�z��������
Bh&&amp#6;���}&amp#14;ū&amp#28;%�\��R�
�lF&amp#21;���&amp#29;wܑ4B����&amp#17;AQ�(�c��&amp#5;K(z)�&amp#25;�&amp#18;8&amp#11;!�6/����p�4/'&amp#24;&amp#5;S��&amp#27;nH!&amp#28;�2F��&amp#31;����.�X���
+���/*T���t���>&amp#31;�Lc�[�;e~&�O�4�9��m��Ҥ��<^&amp#12;8��4&amp#23;�W�J&amp#21;��&amp#6;�V�y&amp#22;�
�&amp#24;UdN$h'�i*���-vc(l49گ���:t�m���W�)L���g�R��@�5�L¸���L�ro�&amp#14;��U�����bj{�w��&amp#1;p���F&amp#26;�&amp#28;&amp#18;#x?`&amp#19;G�?��&amp#15;��+����u&e���C�b	�;&amp#19;i�l����;���x�,O���~&amp#8;D����8�1-g�h�y)/���1.ϒ`s8&amp#22;&amp#5;*�&amp#29;܊����F1����[/Z@��~F�.&amp#27;�4&amp#1;*x���9��g�}�����23�t����^-�x�}���^<&amp#24;�6�#=��C�&amp#18;~Y����矟9��#�<��wy�Q1r8�=S�s�s��oȜL�=�h&amp#1;	|����5&amp#27;�&amp#4;+&amp#14;��iB��Ź�[/ɅÙ`�5�Ȋ$����J+���o&amp#5;&amp#26;����#�o&amp#16;��eEZ#ha�$�&amp#14;s�َ		H@&amp#2;&amp#18;��&amp#4;$ &amp#1;	H@&amp#2;]&amp#8;`�ͻ6&amp#5;0��^�b�&amp#5;�&amp#4;&amp#28;�y�/Ŕ%c�X�̗^z�2��Η#V�*�8�ݜWW&amp#18;7�|se&amp#5;�^�M&amp#14;�]��&amp#30;URx&amp#14;&amp#2;m�i,��&amp#6;��)w1&amp#28;o�ؘ�&amp#18;&amp#25;KI�&amp#2;1��O>&amp#25;��;３��%�&amp#4;TV�dXK`�N�U/L�y˦&amp#12;	^6Yj���%��a�6MK@&amp#2;&amp#18;�@�&amp#4;�����br~��U�7�ꫯ���V���{tW�&amp#20;��u��,�)ʰ&amp#16;&amp#26;9���vL&amp#12;$&amp#1;�����&amp#19;uRH&amp#29;(�h��:���7���kb@Ĺ"�U98�?����S�r{��m"�#�l��&amp#6;��Ђf�+$��&amp#28;"�c���jw)�&amp#28;�0��`!���GGd�&amp#24;���_��+��}&amp#30;��m�]hH��&amp#4;�&amp#16;	?�s&ΰq��*��k��6� &amp#6;3w�&amp#4;p��Y.
� �+L*&amp#21;y��Qq
�i��@ﴳ뮻rEʗ&amp#25;�U&amp#20;�&amp#28;&amp#21;�  �&amp#5;��7^�+&amp#15;&amp#17;SSkG��݆��&amp#8;&amp#14;�&amp#16;NN��&amp#4;�&amp#8;�E�2H�2/,&amp#12;�AVꖇ܄(|̎v��M&amp#27;�2��:&amp#12;��ղ<iNm���1e�xAJ�&amp#22;���e&amp#20;�FͲ�H&amp#28;��&amp#31;���׾&amp#22;&amp#17;&amp#29;x���&amp#2;�&amp#8;n��&y�e�K,�DcG������&amp#8;&amp#23;��Q&amp#29;>\\.7�ǆ��4��-G����We~&amp#21;���� n�|#�5�&amp#12;�>&amp#23;�{�&amp#1;&amp#16;�&amp#4;�)#�q�"��`��v��>&amp#19;��P>7�c�4����CgP���Ke�q���Z;w&amp#14;C�&amp#11;�p��/��=u���}��&amp#5;;�(L���c$�&amp#8;� J3w���l�H&amp#21;8��w&amp#23;&amp#23;�t��̥�v<U0	��V:B�f�8d]&amp#18;�&amp#25;U��YOޥ�B������ã8�v
�&amp#16;%㏑�\&amp#17;�!�&amp#20;�&amp#15;�=�&amp#23;�X&amp#12;⏝&amp#2;&amp#20;&amp#6;&amp#26;�5�]L&amp#4;�&amp#3;&amp#26;�0���g8�Sx�=����+�f�q&amp#14;�ю�K@&amp#2;&amp#18;��&amp#4;$ &amp#1;	H@&amp#2;&amp#18;�N ^�(S	�V��m1r;��&amp#19;@q�ŐW�J&amp#25;&amp#14;cA�D,&amp#20;�&amp#11;d&amp#14;oX�y���'F&amp#1;֗B*&amp#8;����w���z�&amp#20;*05��m�&amp#19;^��Z���J����H�H5�}G&amp#25;@�$R)ϋ9~&amp#2;D&amp#1;,�&amp#27;�&amp#18;�*婧����m&amp#20;ߞ�&amp#23;_���F&amp#21;�aY�5-&amp#1;	H@&amp#2;}&amp#16; �˒K.I|SB�D�&amp#22;&amp#30;¬&amp#19;�a7&amp#22;<����&amp#30;�Y=&amp#18;�8��&amp#2;�
��i��+�y8`&amp#4;��&amp#7;삎�t��λAl&amp#31;�TV���f&amp#30;?~<�B&Ŀ���&amp#16;QJ�Zk-�,&amp#4;&amp#18;���&amp#27;&amp#5;�ΐۑ��ԛ�Yb�����)���E_A!#�H�sYx&amp#2;%P�x��?�=/o;h�(�&amp#4;�"&amp#6;@�IhɌ�a0��_>��&amp#15;}\6�&amp#30;&amp#25;1~��f&amp#26;r�Ȣ�H`��������"���
�J#�U�]&amp#24;��&amp#17;����;�&amp#23;M��&amp#18;!��&amp#20;&amp#12;Sx�Q5��x?�`�+Ui���cO,^&amp#14;�(�t1T&amp#28;^y��f�:�:�SW\qE]�̺e"^#��>aqo��&amp#25;�6�&amp#31;�?���&amp#15;8���|��2>�8�GTj�����p��,��R�ߙ����&amp#3;��Ck_���E#4&amp#25;v�8X��&amp#6;����$ۯ'z�&amp#31;&amp#8;�&amp#16;W�&amp#23;{&amp#20;���Q�&amp#31;o����&amp#7;.&amp#4;��4Ⱦn̥����Ck'�&amp#26;�&amp#3;&amp#29;�b���i �"�2��'�f&amp#5;s&amp#22;&amp#2;
��&amp#4;&amp#23;&amp#8;&amp#25;�{�K&amp#19;c��+�vbQ&amp#16;�/	&amp#17;���[omc0��?��Fh�&amp#12;N��&amp#14;7&amp#18;]�l�&amp#14;�2G�&amp#24;Ckg����^q<$1C�?&amp#12;&amp#17;b߾&amp#24;����O&amp#31;wn�J�<�&amp#11;ʓd�-���}<{�<�L�l(�M(�g�a��v�v&amp#17;�&amp#4;&amp#7;tB/�&amp#15;M���&amp#19;�<�xL��_u�U�&amp#26;I��K/�4�)f1<9sl����&amp#4;7g:g�&amp#2;KQ��˩26&amp#0;3�'�v�'&amp#24;&amp#0;�C�&amp#8;�&amp#15;�ٔ		H@&amp#2;&amp#18;��&amp#4;$ &amp#1;	H@&amp#2;�	��B&amp#1;<(��	�&ëS&amp#4;-�]�&amp#15;KF8&amp#6; 0�����M��ܩk^��	�m�:���&amp#28;�&amp#30;��N&amp#5;z�o&amp#28;O=�zOmFa^��ݶ4�J&amp#21;��q&amp#22;J�&amp#5;�
&amp#27;�vx]�7�h�눧&amp#16;&�,&amp#19;��
FEng��%,Ɯ�W��P&amp#2;&amp#18;��&amp#4;J&amp#2;�헁<�&amp#20;˿�Q��xJ���z,r;��<lc�&amp#17;��,r��j����]vD�MH���c<��R��|�;&amp#15;&amp#7;�&amp#0;�ĸA��s&amp#25;-&amp#2;���]�����a9&amp#12;\6C�<%��g?��H��ef$2�U��{�p&amp#28;b&amp#5;��&amp#20;z*9�>�z&amp#24;����&amp#29;�&amp#28;�&amp#21;G<&amp#19;�2�v&amp#26;g��T}ʸ���s&amp#22;;�RCe��m�Y&amp#12;)�h�&amp#28;&amp#30;�"Z&amp#20;�S��0��v�)*v�8ޟ��S&amp#18;5�F�J��FyE��4�l~��å�f�m�Ԑ�&amp#19;q+ʠ\��N&amp#14;C�+� 0�-t&amp#25;$&amp#14;��U&amp#26;3&amp#17;�P&amp#31;����&amp#24;]&amp#19;&amp#27;&amp#5;
s�5"
��&amp#20;Y&amp#17;k1�ॗ*��&amp#24;14vԘ��~��MGy)i&amp#16;�<�Ŕ���Jf��&amp#1;��Ɵ	�&amp#7;���k$/��Si|��&amp#3;�/&amp#15;�r�o#$R:��"D|��cHN������iy&amp#12;&��Xl��Rk'�&amp#11;�&amp#15;�rK��i�N���)��&amp#2;?ݺ�>D/��U@��>�ۀL��&amp#17;�I�&amp#22;ͲH&amp#22;.&amp#19;�9r�&amp#24;&amp#27;Q&amp#6;&amp#27;��-H&amp#23;h����&amp#20;�&amp#2;��(3��Q��/I�;&amp#31;;�0ib����Ꮚ-أAL��Gr�F|��]��&amp#1;�&amp#5;|e�+&amp#23;�y��:���'�Z;-����/}):�&amp#26;��%�&amp#20;՟5&amp#14;�+��٣		H@&amp#2;&amp#18;��&amp#4;$ &amp#1;	H@&amp#2;]&amp#8;`�&amp#27;g+�%�U0��b8����y&amp#15;�h��r�rj����Ro-�i��W�J�x��&amp#6;+g{=,_�{�۽<�F&amp#20;ȕ���[�&amp#5;`�$��&amp#16;JI˺&amp#20;c�*&amp#28;�+o�e&amp#11;�zN�oZ&amp#2;&amp#18;��&amp#4;J&amp#2;�&amp#2;!:f�C��L%�?&amp#21;�O������Y)V9l��*)|�&amp#0;^i�����b�hY�ަ9&amp#3;C&amp#0;�A�}`��(O$�t&amp#2;��C	wU�;&amp#21;��,��&amp#20;�&amp#30;�S���$2���>��2�K:��J��0O&A�+�&�!rr�e����!���&amp#31;�Z&amp#6;�����&amp#26;e�,�=��/�&amp#22;e�Ҫ���[��5#F&amp#30;���,�c���^�=*_&amp#8;+M�&amp#15;s����g�X��f�e����廤y}��E�ˈa�DW�r��ZH&amp#2;!JV�t�WϜ��C^�
g�&amp#26;ѿ{�r&amp#14; &amp#18;��ClTF�&amp#21;^h&amp#0;&amp#0;@&amp#0;IDAT&amp#1;�U!�ɖM�~@]h���&amp#6;I#���&amp#7;�+k&amp#7;�&amp#17;�=�&amp#15;��uC�f�&amp#1;&amp#12;&amp#27;+M���l�f�?��&amp#31;~����Hz&amp#24;�m6Α&amp#2;l���<&amp#12;��)˓�G(��+��;L&amp#19;����&amp#28;�G0&amp#22;��Gqj�����uJ���e"��B�^�nt��L&amp#24;&amp#22;�}FT䞉���zꩲ��ϴlʹ&amp#4;$ &amp#1;	H@&amp#2;&amp#18;��&amp#4;$ �N&amp#4;ҁ$_�:��|�bpҸ��w�y�X&amp#17;�c�&amp#8;g����pw�<�w2����Hɹ��8۽�!��]�w�0�&amp#30;�&amp#1;&amp#16;�1�&amp#24;@A̼^G&amp#24;הQUĕ�z�f�izm��&amp#18;��&amp#4;� &amp#1;���&amp#29;T���gvb�>9�ݖ:=�+]�|&amp#30;��T�ff�r�k�J�&amp#30;&amp#14;&amp#24;�)&amp#7;l>Ng�&amp#8;  �#&amp#24;=������ESl{�R�^�il뮻n&amp#4;$��O~B��(�Oސ3&amp#17;�*�c�v�o�&amp#26;Ne+��.-�ȩ�����)L&amp#24;�̟g�y�r�n��jtEz̊�&amp#18;���.&amp#12;zD�FQ&amp#11;�Q�N���&amp#26;��.�&amp#2;��&amp#18;���R����Y&amp#12;��X&�# v�ΜN	��&amp#17;�p%�R��&amp#4;/d<�� �S&amp#21;TՖ���B�&amp#19;` ә��]&amp#26;��&amp#29;�x&amp#7;f�&amp#8;�&amp#17;�!��h?�#&amp#18;2Mq�J�o.k\&amp#5;6���Q�Ԑ�C�b$�������&amp#28;��@|���H�0&amp#8;|��Y,�d0G�&amp#21;&amp#1;&amp#30;&amp#11;l��&amp#3;������	ßR��&amp#4;.��c��&amp#16;�ţ�H�]�EY�1�Ea�&amp#12;&amp#6;à&amp#28;0~��s��<L y��1���T����o�Ӹ&amp#1;G.��|�&amp#27;lDF��&amp#29;&amp#15;&amp#1;�&amp#26;x��w��I,��C��y΀�&amp#21;
�Ɩ~��^��&amp#18;�O��?m�K4�w&amp#14;�&amp#17;�i}`�H@&amp#2;&amp#18;��&amp#4;$ &amp#1;	H@&amp#2;&amp#18;�&amp#16;x���S�m|׮��C�&amp#22;y�%p�y�&amp#23;Q&amp#6;�i��a�0�b�6���&amp#4;f��#�(Tzz�&amp#5;X%�S�oR���L�lab�q&amp#27;�%q&amp#4;�vl��č)�P��&amp#23;V&amp#17;lm��d'&amp#31;������&amp#16;&amp#2;�Q}�K7���)&amp#1;	H`�	�ڤp��dS��<��4���]��
g��{ｙ�2鰗_�Y�e�l��@&amp#18;Pn&amp#31;��:
�B&amp#19;E5g�d�M��&amp#26;:ez���u&amp#25;&amp#19;�&amp#20;r;&amp#5;�jRn����D��R�<���(ͦ*��o�ldD�&amp#21;W�h��'M��K/�:Ň'r����&amp#23;^&amp#24;�*q�;&amp#15;��k������7X�be~~+�����L):&amp#20;�Jy&amp#14;��[���W��f�&amp#6;��/&amp#17;&amp#27;�&amp#15;W�Hڸ;�]�i�� �*s&amp#24;a�Ț�c��j�u�Y�?�������9�21�㝜Wk,�r
\ܐ!Q�3�K���&amp#16;&amp#19;�o�O����)O�~h|���'��+�+��[
C�x�1�p�wc>(�ı`S��L�&amp#7;ѩ���s&amp#0;�0���!n�TO�ò��4���&amp#23;_�_h*�����9�=��ϧ,_�Gd!��5F۫�u#2*���<�&amp#23;씁��Ao~�'�%Dݓ�四o�&amp#25;K,�&amp#26;����~c���G�%&amp#27;Mv�ϓ&amp#17;�ivjB&amp#2;&amp#18;��&amp#4;$ &amp#1;	H@&amp#2;&amp#18;�@#&amp#1;쉏>��x�!�YF:l,ܘ��&amp#28;��7���'����k;Ͳ>���[w�&amp#15;��&<a�V'�y�b�&amp#29;�^&amp#28;c+�[�&amp#5;&amp#25;��n˞&amp#30;��H߉X��W�!�a&amp#25;�W9�i~�ΐ-�&amp#5;�4&amp#7;&amp#30;x`䰛&amp#30;�󾏖O&Q&amp#24;&amp#19;BY��FS�}!+��Q2��5��ԛ2G&amp#2;&amp#18;��&amp#4;�&amp#16;�:
�7��f�i��&amp#24;&amp#15;al�"g�%�,OuJwytW��p�3����o����-����8%�^�W��p�&amp#8;`�h0�A���<�UW]5Fp�UWE"\�	&amp#0;&amp#18;��;��PW&amp#17;(��6R��(����]�i<��Ȼ��j��wf{;�e�]6d�-�����&��&amp#17;&amp#14;�q�W#zǢ����20T+��{qh�!`&amp#23;����ʡ}̀4���j�I����C�!&amp#14;;�0&amp#28;��Yf�8{�M7��;{-��[���cY�M��&amp#14;��)I6�&amp#27;y��E&amp#4;g�&amp#5;�gh�T�a��&amp#1;�8"4��M�}�&amp#31;¡�&amp#30;����2�e�k&amp#26;��t?��x����&amp#31;&amp#11;��?��a�&amp#15;�7^�����S&amp#14;&amp#6;՜?��?&amp#2;C����o����x�&amp#28;-V,&amp#4;T�&amp#30;�M�&amp#27;�&���'6���}��{`9#&amp#30;M<ʰyg��F���q�&amp#25;��b�&H����x&amp#0;�`�'FjTh�,O���I梋.��#�ē>�@wdB�����/�&amp#11;��Ӏ=#�&amp#2;e�2��	�鯻l��HʹҬ�&amp#18;��&amp#4;$ &amp#1;	H@&amp#2;&amp#18;��&amp#4;�&amp#0;�Ҽ��V��׳ԓ�:%&amp#26;&amp#29;�1 ���*�Ay�Ǜ&amp#20;&amp#27;�wj�|���,��M&amp#27;�&amp#27;R�`�)&amp#27;IW&amp#7;�h23&amp#18;&amp#24;Ǐ��la-�A��U��&amp#28;���f&amp#7;�&amp#2;=&amp#29;�|���8�Q�����w,�����&amp#15;/�&amp#8;ؘ�1�&amp#29;e�=�X��o�&amp#29;"ws�k��z&amp#26;��% &amp#1;	H�N&amp#0;�0\����v'&amp#31;�[�̙g���&amp#16;^��F��f��n�"������`&amp#16;�"r3a�C\ρ�r�-w�}7�+��r~;�Z>[31x&amp#4;��w��]�Q�&amp#17;Z b!�����&amp#17;�0>E�c4&amp#8;`C���X&amp#8;��Z����7�c��.N��f;�XO�'�&amp#31;*&amp#21;G�&amp#16;��s��b�-��ң=��&�&amp#24;,&amp#15;96f�<&amp#31;�HT�1滧&amp#19;�![�&amp#2;霍���0�׬�=A�.>X(s��&amp#27;�E���7�.W$���j��;�M��J����8/��F�Y̽i�S#5�&amp#28;&amp#21;��|����&amp#0;�-�|�%.:�SO=u&amp#22;nL�z?`&amp#30;��Z��&amp#4;�9^#˾F�~��R<��y���uIc��p��-�T�&amp#7;�Uf"�5a���&amp#21;&amp#17;�7�l3"��&amp#8;I8�x"j�G�}�v�&amp#29;�&amp#21;�i�-��&amp#14;���<{&amp#25;2��&amp#18;&amp#27;�m��FC�&amp#31;N�&amp#28;琍��0O��&amp#15;O�K.���B��=�&amp#24;1&amp#27;x��0��FD��I�"T��&amp#7;f%a�5��+0�3�o&amp#0;֒�&amp#4;$ &amp#1;	H@&amp#2;&amp#18;��&amp#4;&amp#6;��&amp#19;O<&amp#17;&amp#11;��&amp#7;6�>,��&amp#28;yq�&amp#28;��95Q���[i��p� &amp#2;&amp#31;�N�آp�f_n�&amp#23;�&�T��̶\�U�:��&amp#30;�Np�w&amp#18;�6\Yx���k���&amp#21;!ޗ��^����?�n&amp#17;#d�)��&amp#24;-�0`�:&amp#8;F��9�x,�����3��&amp#8;^5v=C>�A"���!�`���&amp#29;v���g����26���~l�&amp#27;&amp#11;�,&amp#23;�B%R&amp#11;�t&amp#1;@��f�\;֋�Ix&amp#0;�%q�`{2¹&amp#17;ԓ�L�&amp#24;�#�Tz�m����\i�C	H@&amp#2;c�&amp#0;ˆ&amp#17;��/>>%��g�&amp#25;�(��ʯ�^&amp#31;�&amp#8;�G&amp#28;q&amp#4;�&amp#18;ą&amp#16;��>j:�>�,;���+&amp#23;&amp#6;X�=�/�t:�*��ώL&amp#12;&amp#30;&amp#1;������9#~�"�����_�&amp#25;&amp#31;���©�����"�g�e\&amp#30;�Ԫ�b�޺�nJ��D��h��&amp#11;�xV��dy�B&amp#26;�=�hc|m�&amp#25;&amp#18;�O!��5<^�r�m��T&��ZZ&amp#22;��㛯�i�f���m��&�&amp#28;r&amp#8;�2�����٦�Ne&amp#26;�&amp#28;yα�^�\g>߯aݸ7v&amp#22;�;A��0&amp#2;୒Wn<wyg��E:wo���!7�a����H Y����=&amp#31;�z�����Q�?y&amp#28;�y>묳�U'&amp#19;q��ۣ&amp#24;?�x&amp#22;�a�&amp#2;їL��s�u�`�&amp#24;&amp#27;�&amp#31;|e��1&amp#24;Ct����#����L��	1*V&amp#22;��t��&amp#8;�:&amp#11;4�le�B����`�؎�&amp#11;�b�RZ�N&amp#8;&amp#14;&amp#19;b�&amp#19;b��)&amp#1;	H@&amp#2;&amp#18;��&amp#4;$ &amp#1;	L&amp#22;&amp#4;г�4&amp#14;u�M7�p���{/k�&amp#8;�}խ�2�мXea&amp#29;��&amp#7;��7?y�&amp#4;��y��N;�:��&amp#0;��,�d~$&amp#8;�ƻp���&amp#3;��l�G&��|ʳ,�!�9}�ѹ1��z9e&amp#28;�;��g(~&amp#2;��1A]C#���p���*�FY��q�&amp#16;�Z�"LƘ�� 6������&amp#22;j���&amp#24;4��&amp#4;�&amp#11;�&amp#30;&amp#29;�v̑�&amp#4;$ �.&amp#4;&amp#14;>�`&amp#28;&amp#20;�"�[&amp#15;�'��&amp#4;&amp#17;!z<ۉ��P
��HO��Y&amp#22;���g8��n��Z��0�x$P�+�Y���4���&amp#16;x�.*C�&amp#12;�Ĝ�h&amp#17; �yt�Gc؟&amp#18;�U�3^&amp#12;�&amp#21;�&amp#19;n�ȍݣЗ�#&amp#29;F����B>�J��=d�(��_��&amp#23;Q�y��2�H�-�vF&amp#30;a&amp#0;H�fU&&amp#18;&���>&amp#14;S^�̹^���:���&amp#11;�s�&amp#17;�U'���^fDr&amp#26;�������&amp#25;��5_�a��&amp#14;�������&amp#29;I�����&amp#29;v؁&amp#8;&amp#7;�&amp#11;������!�v���&amp#15;>�f�S&amp#19;�~ȿt����V�E&amp#23;&amp#23;���p�&amp#28;p%��RK�W&amp#29;���Z�&amp#12;�������0V�v�6��7R��V&amp#31;�&amp#27;X��7by��t�&amp#11;4��SS&amp#20;&amp#30;�Q���"�&amp#26;8&amp#21;���.lq�����&amp#28;eؽzS#�3�f:"ó&amp#17;	H@&amp#2;&amp#18;��&amp#4;$ &amp#1;	H`� ����hY�a�1��Y����&amp#11;�ۻk�H��?u��H���&amp#3;::t���&amp#2;l׈�&amp#6;&amp#5;�
i�syu�&amp#28;����&amp#11;ѽ��D&amp#4;uL�	�V_�c����:�&amp#2;�&amp#8;	te֬6�|�&amp#16;��a�;]#�l��B&�Aծ��R&�`g��&amp#23;K:����X����c�&amp#4;6����&amp#2;TF싎�R&amp#25;��u��ġ&amp#5;�"�&amp#29;�0��&amp#15;F	���&amp#5;uF&amp#24;]��8�����&amp#4;$ �
&amp#1;�R��79k��]:_L,�7~q������>&amp#22;��&amp#29;Z�.#�	����Y���('�xb�+�2��/�5=0&amp#4;���D��&amp#31;&amp#31;&amp#3;31'2Z&amp#4;&amp#16;��&amp#6;q	%&amp#20;v��Ö����`�&amp#20;�E5d��'�e�(FX'�&�p:ke�v^?�~��I$AԬ�l����r���￿�̌]-���o�KI��T�&amp#25;&amp#4;/�&amp#21;�n�w�[9Ũ�_�L���kI勭Rw���{&amp#3;&amp#19;�0��to`2�|�K��&amp#4;��1���vO#'�&amp#25;��1Qcl�N��&amp#3;&2���2w+��&amp#2;(�&amp#23;�#��[&amp#30;fb&amp#4;�l&amp#19;s&amp#7;��1o�&amp#19;���F��&amp#21;�����]�K;7j�k4&amp#22;��|����7�4���&amp#8;&amp#15;&amp#8;�r�pL.����'X���7���N�!�,�S(�ة�&amp#12;�έ�iN�b��?*�����̿��W��&F��;�X�&amp#8;O;�X�(3G<=�����lP&amp#2;&amp#18;��&amp#4;$ &amp#1;	H@&amp#2;&amp#18;��&amp#8;�:�h��f&amp#22;�4��"��ǝ�!�aY3!�!���VHx��ʛ&amp#31;ֻp�C&amp#18;Η�r&amp#12;��`��5��X����{w�b[&amp#22;�4^&amp#28;h���#�&amp#24;��ϗ�&amp#8;�[VAZ�ϥ,��,&amp#22;&amp#3;X$�&amp#26;��&amp#24;$�u���l&amp#7;#&amp#6;B����&amp#4;&amp#14;*�\�)3I���;����^)&amp#25;�x8T����g�&amp#29;w$Hۋ/�ȫ:�yí�he�&amp#17;���>&amp#22;3�&amp#17;&amp#19;&amp#18;��&amp#4;$�7�^&amp#31;ݔ�ۍ�&amp#16;�+��&amp#0;�*.���&amp#4;�wh��&amp#0;��Z�ҝ�&amp#3;@�_&amp#11;Sv��6&amp#0;�s
�B ���:vso9&amp#12;loy&amp#19;���Kõ�Z�+߲&amp#5;���ˏoL����k�#�<��&amp#31;.�[m�U)%�os��DU��&amp#8;y|�w;Jv<��&amp#24;�ߗ��&amp#24;pu�#��%(ǘ�&amp#18;C;&�����Ü&amp#2;&amp#3;��&amp#26;&amp#27;m��&amp#11;���ø&amp#24;�|٠a_s�5-�'N8��x���2;�	��b�3ܸCi����l�e��ޠ
�n�/w�7&amp#16;&amp#5;�/�n&amp#4;Z'Z&amp#0;&amp#22;&amp#12;&amp#17;&amp#27;�7�-[v�S1���������+_��r	x&amp#5;�k&amp#27;tu#���^�&amp#7;̺�G�`nt�w8��&amp#24;	��u!ZN�#�]���P�Iz�]va�$�U&amp#29;ۑ5�X��&amp#1;������7�H��G�*���/!��	S�&amp#20;&amp#27;��r��&amp#31;��&amp#22;�ʏ�	�_5�&amp#28;W&amp#16;�SM5&amp#21;&amp#30;�	&amp#11;&amp#3;�$��(�o��!�͉=#O6&amp#30;hX���)�\t��&amp#30;q�p&amp#16;��]3 L�:���S�	�_&amp#19;&amp#1;&amp#6;��t�4�q�_�,�`Y�j&amp#8;U�>�K��S�&amp#31;&amp#21;L�� * �+�&amp#31;�V�ꫯ� �c-z�&amp#2;�R��B�X�&amp#17;1~n<<6���8���&amp#28;�LGv<�&&amp#1;	H@&amp#2;&amp#18;��&amp#4;$ &amp#1;	H &amp#8;��&amp#27;hO4bA�{&amp#21;ީ&amp#17;��t/V��ղq&amp#27;���0ӌ�&amp#23;y>m�Yt�Eys���/Fz��ͷM_�2�3#&amp#2;VNU&amp#14;y�'t?�+��R�yUZ�P&amp#2;&amp#18;��&amp#4;�&amp#19;`uq�5�&amp#28;2&amp#4;l�G7�&amp#17;�%·t�&amp#21;�\��T���|Y��&amp#0;&amp#16;p��&amp#1;����&amp#20;0&amp#11;BĊ-��Yg��&amp#6;�&amp#19;&amp#19;�=� n��&amp#27;&amp#26;�x6�FU�����.BKO��8��&amp#2; >&amp#24;Q��&amp#14;ىO�_�B���o�7��bHV�x�"+�瞙O�/!�\��By��4�%��y�Az�{���\n^~b��2�1Mu�]>��4�e��H&amp#14;�>﮽�&amp#27;��Ы̗� ���&amp#30;#2�z#h�qɐ`�&amp#20;`{&amp#24;�ܽ�r��>�&amp#7;Tv&amp#12;S�?@Z���l��8\�&amp#7;&amp#30;x��$=R�C�,.&amp#2;&amp#8;���&amp#2;&amp#4;&amp#2;BY��.���lmи�&amp#1;+&amp#14;�,&amp#24;|}��,�&amp#20;݅m,&amp#0;��v[
�oZ¤��_&amp#14;�{&amp#26;c&amp#26;� ~&amp#8;��n�0�^&amp#30;;�zf��E�&amp#14;D���&amp#24;&amp#30;g��/7�+�&amp#15;�&amp#30;��&amp#24;3�&amp#31;�)�w��Nl@���Ù�{����,��&amp#1;Q��q/3G<=�����lP&amp#2;&amp#18;��&amp#4;$ &amp#1;	H@&amp#2;&amp#18;��&amp#4;�&amp#16;൝�J��Y��輾&amp#21;}��&amp#19;�&amp#20;o���/^l�&amp#11;�&amp#19;g&amp#12;�"&amp#1;	H`�	���g��&amp#4;'_&amp#2;�&amp#30;&amp#24;�w��;��9�?L���L?�GS��&amp#19;N�ԭ�U&amp#28;f��z���&amp#15;��N��Әw��Vk,Ә&amp#25;͢��%I���}�`4��&amp#14;;,C`E&amp#11;Q%g&amp#17;�9&amp#23;T��}f��*�H�H�/��&amp#18;c&amp#11;��&amp#2;�,�&amp#12;S���@*�hr&amp#21;]�l�4}�B���,�#.�'�|r��7�&amp#11;��=��YT��&amp#11;z&amp#30;�&amp#2;r�m�Ù&amp#0;�x��r�ջ$���f�m>�яV�`,����Z�&amp#2;&amp#16;e*�Ȋ���U�ood/Ȣ&amp#8;��-3S�&amp#6;#�z�I���y&amp#15;���<�-���&amp#31;x"sɶ�b�8K���&amp#31;P��1�5%��K���\�P���&amp#31;&amp#8;�v�I'&amp#17;&amp#22;"������&amp#16;�c�a;&amp#28;rr�q���!!$�rؑ�O��.�o�&amp#28;I�b�&amp#8;n���6�&amp#5;y&amp#24;	�&amp#14;����swy&amp#0;�Z�@�� �ؐ�&amp#20;�&amp#21;��^����x�&amp#3;&amp#7;D���*�]戇7��&amp#8;&amp#23;Qi��̼�&amp#6;c����ù.�����7�寀��x&��a��{��S�&amp#17;7&amp#15;C�p�s��vp&amp#3;�W�4�&amp#17;b	r�(V���tr
��^H4f�?̙�]���&amp#4;$ &amp#1;	H@&amp#2;&amp#18;��&amp#4;$ ��@�&amp#8;��^�&amp#19;&amp#8;��&B�=uA������T�o&amp#12;�S;&amp#22;��&amp#4;$ &amp#1;	H`�%�r�&amp#20;&amp#8;<��&amp#4;���&amp#17;�z�)�#���7�;�&amp#3;Y&amp#11;�&amp#1;է�FF�"�&amp#31;���%��E��NzI�~q��9&amp#24;�.~�mڙ�e&amp#14;>���/��.&amp#8;m�լ&amp#24;&amp#4; �r��&amp#5;&amp#5;��F&amp#21;�&amp#28;&amp#30;&&amp#20;�)��h��GrY`��D��&amp#26;&amp#17;Ҝ=K�Ȋ]�����F&amp#11;\n&amp#26;A����h��&amp#30;f&amp#28;�y1�!���pҽ�&amp#27;�$&amp#17;�a�o.&amp#1;ɻ�k�����ߚF��$&amp#24;&amp#3;&&amp#2;e��¥>��3�.&amp#14;�Q�������Ædu��&amp#28;L�&amp#30;��P���&amp#23;^x���|C����M1(�&amp#28;	h&amp#17;��q#A��&amp#1;:�a�B#\P��8��uI0&amp#6;��!@&amp#2;!��K��T���/�̖xl&amp#12;ϟ&amp#0;��5�&amp#7;�%!��>3
��~��&amp#25;&amp#21;&<�x,&amp#16;O�+�i�&amp#3;�z��r�������&amp#24;�ove��̴lǴ&amp#4;$ &amp#1;	H@&amp#2;&amp#18;��&amp#4;�&amp#12;��t��k]�����x��c&amp#15;$Е&amp#0;&amp#27;�&amp#17;ߎ�s���ӵ��>ɢ�s�=�&amp#27;=��&amp#19;�o���&amp#4;$ &amp#1;	LH&amp#2;&amp#21;Ϩ�]��/��=N&amp#18;&amp#5;���h�tO&amp#18;&amp#0;&�A���܎X��1�D&amp#1;�i&amp#18;&amp#8;Tl�&amp#27;Շt����&amp#23;f�fTX����Q6k�&amp#5;&amp#18;&amp#14;���'~ID���	�����g&amp#25;r;>ٌ�o��p'`?1&amp#17;&�+�0�m�<�L��6v���۽�&amp#26;ʧ��&amp#17;�� �ְ&amp#12;(c�g��E&amp#16;� ��g�yfH����&amp#1;��Ov�&1����&amp#23;Tv>��2�9��R&amp#14;tD_�Z�&��|c��^��k�&amp#5;jt��hY�,6�n��
&amp#11;'>� &amp#27;Ә,�,�X}�2�3ӑ&amp#26;��H@&amp#2;&amp#18;��&amp#4;$ &amp#1;	H@&amp#2;&amp#18;���&amp#4;��_u�U�,6*&amp#5;*��Fe&amp#12;v*&amp#1;	H@&amp#2;&amp#18;���&amp#19;�R�}ԯA�&amp#3;`st4�[n�&amp#5;�<T�^[���m����N�Z�Ϲ&amp#23;�&amp#26;k�1!�����35��Ex~���L{W�Ij�&amp#14;�'&amp#2;���r�#�&amp#1;e����_&amp#11;K@&amp#2;&amp#18;��&amp#4;$ &amp#1;	H@&amp#2;&amp#18;��&amp#4;$ &amp#1;	H@&amp#2;&amp#18;��&amp#4;$ &amp#1;	�G`\լ5�&amp#4;��d�"\�+&amp#27;*�&amp#25;&amp#21;U�H�I�,�(&amp#11;g�y�/~�&amp#11;���:�&amp#5;5&amp#17;U5�U�a&amp#17;�r�&amp#8;=~��+���|����BW&amp#26;�p�'&amp#16;&amp#14;�D!{�'�%���&amp#31;N>a&amp#15;��&amp#18;]o�&amp#28;	H@&amp#2;&amp#18;��&amp#4;$ &amp#1;	H@&amp#2;&amp#18;��&amp#4;$ &amp#1;	H@&amp#2;&amp#18;��&amp#4;$ �>&amp#8; qN��7̨�}tl��&amp#19;�1}��M�oF&amp#15;<���7�ȍx��׳c4��@o��f��6��"6�)�����&amp#19;<��W�}��	��~�������ʌ���N;MvSs�}&amp#16;Xm��ؾ��&amp#27;l���k����|��_|�E�&amp#18; ����>&amp#26;m���n��Ǡ�"&amp#1;	H@&amp#2;&amp#18;��&amp#4;$ &amp#1;	H@&amp#2;&amp#18;��&amp#4;$ &amp#1;	H@&amp#2;&amp#18;��&amp#4;$�L�@�S��7�1w�&amp#16;������ˮ&amp#16;&amp#17;�'��w�;s&amp#6;;�&amp#22;�/����g������~�>��|�3[m�������)s&amp#6;��"�,�����C&amp#14;��?�y����&amp#28;&amp#23;X`�-�؂b�|&amp#15;% &amp#1;	H@&amp#2;&amp#18;��&amp#4;$ &amp#1;	H@&amp#2;&amp#18;��&amp#4;$ &amp#1;	H@&amp#2;&amp#18;��&amp#4;F����ҫ�J &amp#8;�;�&amp#27;m�&amp#17;���_N|l�{ǔ�.&amp#6;/;����������sϑ3㛟�f�i�%��~��U�I`���'f����ھ��f�m�e���[�����F��+���&amp#1;��v�c�=������^�a�&amp#25;�#��&amp#5;&amp#23;$����b#&amp#18;��&amp#4;$ &amp#1;	H@&amp#2;&amp#18;��&amp#4;$ &amp#1;	H@&amp#2;&amp#18;��&amp#4;$ &amp#1;	H@&amp#2;�'@&amp#12;�)�7��lA&amp#2;&amp#18;��&amp#4;$ &amp#1;	H@&amp#2;&amp#18;��&amp#4;$ &amp#1;	H@&amp#2;&amp#18;&amp#24;\&amp#2;o�:�׺��_'	����=��&amp#4;$ &amp#1;	H@&amp#2;&amp#18;��&amp#8;��&amp#28;;b�&amp#24;'1&amp#30;݆�ƾ���{N&amp#2;&amp#18;��&amp#4;$ &amp#1;	H@&amp#2;&amp#18;��&amp#4;$ &amp#1;	H@&amp#2;&amp#18;��&amp#4;$ &amp#1;	H@&amp#2;&amp#18;��&amp#4;$ �&amp#26;&amp#1;�mWn�Q1C&amp#2;&amp#18;��&amp#4;$ &amp#1;	H@&amp#2;&amp#18;��&amp#4;$ &amp#1;	H@&amp#2;&amp#18;��&amp#4;$ &amp#1;	H@&amp#2;&amp#18;��&amp#4;$Е&amp#0;���&amp#25;L�+"OJ@&amp#2;&amp#18;��&amp#4;$ &amp#1;	H@&amp#2;&amp#18;��&amp#4;$ &amp#1;	H@&amp#2;&amp#18;��&amp#4;$ &amp#1;	H@&amp#2;&amp#18;��&amp#4;&amp#26;&amp#8;��b�)&amp#26;�͒�&amp#4;$ &amp#1;	H@&amp#2;&amp#18;��&amp#4;$ &amp#1;	H@&amp#2;&amp#18;��&amp#4;$ &amp#1;	H@&amp#2;&amp#18;��&amp#4;$ &amp#1;	H�&amp#3;&amp#1;�v��w`c�&amp#4;$ &amp#1;	H@&amp#2;&amp#18;��&amp#4;$ &amp#1;	H@&amp#2;&amp#18;��&amp#4;$ &amp#1;	H@&amp#2;&amp#18;��&amp#4;$ &amp#1;	H�3&amp#1;���l<#&amp#1;	H@&amp#2;&amp#18;��&amp#4;$ &amp#1;	H@&amp#2;&amp#18;��&amp#4;$ &amp#1;	H@&amp#2;&amp#18;��&amp#4;$ &amp#1;	H@&amp#2;&amp#18;�@@��&amp#3;&amp#24;�% &amp#1;	H@&amp#2;&amp#18;��&amp#4;$ &amp#1;	H@&amp#2;&amp#18;��&amp#4;$ &amp#1;	H@&amp#2;&amp#18;��&amp#4;$ &amp#1;	H@&amp#2;&amp#29;&amp#8;����Un���l	H@&amp#2;&amp#18;��&amp#4;$ &amp#1;	H@&amp#2;&amp#18;��&amp#4;$ &amp#1;	H@&amp#2;&amp#18;��&amp#4;$���w'�VN{���%s&amp#20;e&amp#22;%C��"�2�e��g�,�&amp#28;2�&amp#26;�Y\%�HB��dHB2T�2&��&amp#12;i���������&amp#30;��t:��_��]{=�Y�z��8���]�&amp#20;P@&amp#1;&amp#5;&amp#20;P ����&amp#28;0V+��&amp#2;
(��&amp#2;
(��&amp#2;
(��&amp#2;
(��&amp#2;
(��&amp#2;
(��&amp#2;
(�[�&��G=��&amp#2;
(��&amp#2;
(��&amp#2;
(��&amp#2;
(��&amp#2;
(��&amp#2;
(��&amp#2;
(��&amp#2;�&amp#5;&amp#12;�gw�V&amp#1;&amp#5;&amp#20;P@&amp#1;&amp#5;&amp#20;P@&amp#1;&amp#5;&amp#20;P@&amp#1;&amp#5;&amp#20;P@&amp#1;&amp#5;&amp#20;P@&amp#1;&amp#5;&amp#20;P@&amp#1;&amp#5;&amp#20;P@�<&amp#2;����xH&amp#1;&amp#5;&amp#20;P@&amp#1;&amp#5;&amp#20;P@&amp#1;&amp#5;&amp#20;P@&amp#1;&amp#5;&amp#20;P@&amp#1;&amp#5;&amp#20;P@&amp#1;&amp#5;&amp#20;P@&amp#1;&amp#5;&amp#20;P@�,&amp#2;�����,.V)��&amp#2;
(��&amp#2;
(��&amp#2;
(��&amp#2;
(��&amp#2;
(��&amp#2;
(��&amp#2;
(�G�����xH&amp#1;&amp#5;&amp#20;P@&amp#1;&amp#5;&amp#20;P@&amp#1;&amp#5;&amp#20;P@&amp#1;&amp#5;&amp#20;P@&amp#1;&amp#5;&amp#20;P@&amp#1;&amp#5;&amp#20;P@&amp#1;&amp#5;&amp#20;P@��&amp#2;�n�I�&amp#1;&amp#5;&amp#20;P@&amp#1;&amp#5;&amp#20;P@&amp#1;&amp#5;&amp#20;P@&amp#1;&amp#5;&amp#20;P@&amp#1;&amp#5;&amp#20;P@&amp#1;&amp#5;&amp#20;P@&amp#1;&amp#5;&amp#20;P@&amp#1;&amp#5;r	&amp#24;n�%c�&amp#2;
(��&amp#2;
(��&amp#2;
(��&amp#2;
(��&amp#2;
(��&amp#2;
(��&amp#2;
(��&amp#2;�&amp#5;���o���i�U@&amp#1;&amp#5;&amp#20;P@&amp#1;&amp#5;&amp#20;P@&amp#1;&amp#5;&amp#20;P@&amp#1;&amp#5;&amp#20;P@&amp#1;&amp#5;&amp#20;P@&amp#1;&amp#5;&amp#20;P@&amp#1;&amp#5;&amp#20;P �@�&amp#26;5&amp#12;��±^&amp#1;&amp#5;&amp#20;P@&amp#1;&amp#5;&amp#20;P@&amp#1;&amp#5;&amp#20;P@&amp#1;&amp#5;&amp#20;P@&amp#1;&amp#5;&amp#20;P@&amp#1;&amp#5;&amp#20;P@&amp#1;&amp#5;&amp#20;P@��&amp#2;��s�x@&amp#1;&amp#5;&amp#20;P@&amp#1;&amp#5;&amp#20;P@&amp#1;&amp#5;&amp#20;P@&amp#1;&amp#5;&amp#20;P@&amp#1;&amp#5;&amp#20;P@&amp#1;&amp#5;&amp#20;P@&amp#1;&amp#5;&amp#20;P@��&amp#2;��WM&amp#18;�g=f�&amp#2;
(��&amp#2;
(��&amp#2;
(��&amp#2;
(��&amp#2;
(��&amp#2;
(��&amp#2;
(��&amp#2;
d&amp#21;���p{V&amp#26;+&amp#21;P@&amp#1;&amp#5;&amp#20;P@&amp#1;&amp#5;&amp#20;P@&amp#1;&amp#5;&amp#20;P@&amp#1;&amp#5;&amp#20;P@&amp#1;&amp#5;&amp#20;P@&amp#1;&amp#5;&amp#20;P@&amp#1;&amp#5;&amp#20;�%@����{���+��&amp#2;
(��&amp#2;
(��&amp#2;
(��&amp#2;
(��&amp#2;
(��&amp#2;
(��&amp#2;
(�@V&amp#1;c�YY�T@&amp#1;&amp#5;&amp#20;P@&amp#1;&amp#5;&amp#20;P@&amp#1;&amp#5;&amp#20;P@&amp#1;&amp#5;&amp#20;P@&amp#1;&amp#5;&amp#20;P@&amp#1;&amp#5;&amp#20;P@&amp#1;&amp#5;&amp#20;P ��?��ٿ=�q&amp#15;(��&amp#2;
(��&amp#2;
(��&amp#2;
(��&amp#2;
(��&amp#2;
(��&amp#2;
(��&amp#2;
(�@��?��yd�[��&amp#2;
(��&amp#2;
(��&amp#2;
(��&amp#2;
(��&amp#2;
(��&amp#2;
(��&amp#2;
(��&amp#2;�&amp#4;j��=�q�)��&amp#2;
(��&amp#2;
(��&amp#2;
(��&amp#2;
(��&amp#2;
(��&amp#2;
(��&amp#2;
(�@�@�&amp#26;5jdTZ��&amp#2;
(��&amp#2;
(��&amp#2;
(��&amp#2;
(��&amp#2;
(��&amp#2;
(��&amp#2;
(��&amp#2;�&amp#4;�$�O�c
(��&amp#2;
(��&amp#2;
(��&amp#2;
(��&amp#2;
(��&amp#2;
(��&amp#2;
(��&amp#2;
d
�H��_��y�&amp#26;&amp#5;&amp#20;P@&amp#1;&amp#5;&amp#20;P@&amp#1;&amp#5;&amp#20;P@&amp#1;&amp#5;&amp#20;P@&amp#1;&amp#5;&amp#20;P@&amp#1;&amp#5;&amp#20;P@&amp#1;&amp#5;&amp#20;P@&amp#1;&amp#5;&amp#20;�%@"��<r&amp#29;�^&amp#1;&amp#5;&amp#20;P@&amp#1;&amp#5;&amp#20;P@&amp#1;&amp#5;&amp#20;P@&amp#1;&amp#5;&amp#20;P@&amp#1;&amp#5;&amp#20;P@&amp#1;&amp#5;&amp#20;P@&amp#1;&amp#5;&amp#20;P@&amp#1;&amp#5;�
��Zk�&amp#2;
(��&amp#2;
(��&amp#2;
(��&amp#2;
(��&amp#2;
(�@�&amp#5;n��6&amp#18;�n����ڵ+s'���&amp#2;
(��b.0r�����u�֭Z�Z�)���)@2y��U�qT
(��&amp#2;
(��&amp#2;
(��&amp#2;
(��&amp#2;
(P&amp#21;&amp#5;�����&amp#31;~��:u�ԫWo����x㍗Xb�8\�x&amp#29;8p O�-Zx�}ذa&amp#15;=�Pǎ&amp#29;��o��U�&amp#20;Ǝ&amp#29;{�-������>9Q+�^E&amp#1;&amp#5;&amp#20;P@�&amp#5;
�&amp#30;=z��&amp#1;K-�T�p;��S�L��ժ��ڨQ�\G3��jܸq�3�&��&�4i҄���f�����D&amp#11;�!`��4^G�B&amp#1;&amp#5;&amp#20;P@&amp#1;&amp#5;&amp#20;P@&amp#1;&amp#5;&amp#20;P@&amp#1;&amp#5;&amp#20;P@&amp#1;&amp#5;&amp#22;���	&amp#19;��7�|3�J�-��&amp#30;{�q�i�e&amp#30;*�����~�m�޽;u�T�V�.�z������>M�6-|̶T@&amp#1;&amp#5;&amp#20;P`�
̛7��g͚EΘ\&amp#27;d&amp#19;��&amp#23;rc�=�<��r&amp#29;M�s��o�y����J��&amp#31;���&amp#30;���i��3{��&amp#4;&amp#4;����?�J��[P@&amp#1;&amp#5;&amp#20;P@&amp#1;&amp#5;&amp#20;P@&amp#1;&amp#5;&amp#20;P@&amp#1;&amp#5;&amp#20;P@��P`�ĉ'�x�&amp#31;�&amp#17;�}��V�]�6����iӦ-$�*��B�k��fr��B�Y���&amp#15;-W^y�&amp#2;O��&amp#2;
(��&amp#2;�N��_&amp#29;2dȠA�����r�&amp#7;�?x��t�MI&amp#27;ӦM&amp#27;&�ū�6�i�
s���ٳg&amp#12;�7nܘH?���֧O�?����c�M�\l�乖KI�������@���z/
(��&amp#2;
(��&amp#2;
(��&amp#2;
(��&amp#2;
(P�&amp#2;,w&amp#11;���w޹k׮���Z�&amp#4;_�����^{�&amp#23;����y睖-[V�&amp#23;��;w�&amp#8;c��Z�{�t&amp#5;&amp#20;P@&amp#1;&amp#5;�,��+�\z饙���&amp#11;&amp#15;�^a&amp#3;�&amp#22;-Z�&amp#6;S�N���&amp#12;=V�²�.&amp#27;�y
o��F��&amp#19;h��&amp#27;��3z>��3	���f��7�=:�Pl�x���&amp#19;�U���&amp#30;�w��&amp#2;
(��&amp#2;
(��&amp#2;
(��&amp#2;
(��&amp#2;%,0}����{�&amp#27;d&amp#3;�&amp#11;/�0���e��,��ׯ_�c�e&amp#27;�2�,��.���\�R@&amp#1;&amp#5;&amp#20;P�&amp#28;&amp#5;����&amp#24;k'&amp#15;<;�3���V[m���&amp#31;��&amp#7;3g�l޼y�M�t�5�X�&amp#28;-O?�4��h��뮋���|���&amp#31;q�&amp#17;L��A2�^l��-��&amp#0;�v�ɗ�&amp#11;�(��&amp#2;
(��&amp#2;
(��&amp#2;
(��&amp#2;
(�@�&amp#11;���ϡ�V�Z%c�&amp#5;^�|�_}��رcY
��ꫯ���&amp#27;o�q�:����Ӏ&amp#28;��l�I�9T6lؐu�gϦ&amp#31;j&O������������_�5��6؀me���;Na�y�կ?�Ap=�&amp#31;
�&amp#20;6&amp#31;e�^����'��.��5���;n�8�a���Z뭷&amp#30;���	Oɨ��'�|��7�&MZr�%��:u�$[2k!U�<jY&amp#1;&amp#5;&amp#20;P`q&amp#22;x��W��|��&amp#7;&amp#30;x���&amp#31;���j��&amp#15;&amp#14;��v�4$�_�w&amp#22;�X�
�3��&amp#16;{&amp#24;@��Ko���&amp#4;�YUꩧ��&amp#20;�>١��&amp#19;0�^z��w�@�	�x㍼��nݺ}��&amp#21;wU���&amp#2;
(��&amp#2;
(��&amp#2;
(��&amp#2;
T�&amp#0;K��&amp#5;	]&amp#23;ueb�o���y睗:�Y�fg�u&amp#22;&amp#17;�d��w��&amp#26;z���������裏�q�&amp#29;�8�&amp#12;&amp#22;��C&amp#20;���.#���|饗�e�C�^{-&amp#11;&amp#4;C� 6�^���*���5&amp#20;�)&amp#20;�z�&amp#24;� B�9�P���&amp#14;&amp#30;<���N�B���駟&amp#30;q��/���W�^cƌI5N>��kڶm�����&amp#2;
(�@&amp#16;&amp#8;�s�a�W&Kj��o��&amp#22;�ԭ[7�q�5�G�&amp#14;-��z��Sx�
k�G�&amp#26;��&amp#14;;Р���}ZSJ&amp#2;��K�լ&amp#18;�2o�<~ː냩=���m�&amp#1;���]4���E1P⾤&amp#16;9��&amp#8;�.��˫O&���c�&amp#14;�P̤f>&amp#23;��$�m�`�@��&amp#1;&amp#3;&amp#24;&amp#24;�6�^&amp#5;_ ���&amp#2;
(��&amp#2;
(��&amp#2;
(��&amp#2;�%�7�d�%�,{���;&amp#21;��s&amp#21;v�ߟp�F&amp#27;mDK&amp#22;��&amp#15;�h���{ｙ&amp#11;ͳ���/&amp#14;&amp#28;8�&amp#19;�x��Y�X�NK�9�����&amp#30;���N��)��B��7�p饗�L&amp#15;�1N:�$"��n�m�\O�=��&amp#16;>��+���/��Ɲ��&amp#29;����#��
x���&amp#18;6�g&amp#21;;Wd�b&amp#24;&amp#6;�Ȼ�bw���S,(��&amp#2;
(�&amp#20;Xs�5��&amp#17;#F��%y(kyƌ&amp#25;�~a��1�ߴi�̫��iӦ��Ŷ��Ӛ�&amp#17; Xf��d^�ʿ&amp#17;�t~��&amp#7;&amp#31;y䑘\+9&>	��&amp#20;�'+˫̬���&amp#7;&amp#30;���v&amp#18;s1' ׍�F��&amp#31;u�Q+��b�6�+��&amp#2;
(��&amp#2;
(��&amp#2;
(��&amp#2;
T�&amp#0;��o��6�K�����}��I���a���&amp#15;|-�Bvbϡ1&amp#1;�={&amp#14;&amp#31;>�C�<��~���Nh����o׮]&amp#15;>�ద�L�_~9K��R���&amp#4;�3�!�͚x��+��&amp#2;GI,O��&amp#7;�޽{������ge�&amp#16;koРA���	���$��>n�����&amp#30;J8?���`�@0���.T&amp#30;v�a��-����#+o��_&amp#5;&amp#20;P@&amp#1;&amp#5;2&amp#5;�v2���3�˞�,��&amp#6;LD�:uj&amp#8;Q�^C؞,2��Y�U&amp#12;��w��y(��&amp#24;�*�}�C���&amp#0;����t?�K%
�&amp#29;&amp#20;7��*��a0�I���&amp#31;g&amp#24;��8�o:��*��+��O?������׿���&amp#11;/T�u����h�G5�.��7��&amp#21;P@&amp#1;&amp#5;&amp#20;P@&amp#1;&amp#5;&amp#20;P@&amp#1;&amp#5;&amp#20;P��
��[m�U&amp#24;���_�&amp#23;8�&K��&amp#5;&amp#14;�[�n1�Nc��"�&amp#30;�����&amp#23;xzl���{��[�&amp#31;����_}��D�i��s�e&amp#29;I��ǯ�ؚ��c��g�}8��+����/����;��i��:�t>�E��x:�nQf&amp#5;|���1&amp#31;q�&amp#17;�MX%&amp#31;�[P@&amp#1;&amp#5;&amp#20;P %@&amp#6;��?>T�V��&amp#19;OP�駟��j&amp#25;��p;�⮸�
���^*D&amp#14;:� vK!&amp#26;���de\�&amp#30;�g�G�&amp#16;&amp#19;�&amp#18;�&amp#15;�b�'{�\b&amp#2;�}U���&amp#18;�mo��&amp#5;��J�*&amp#2;���t]&̶lْ���&amp#18;��0�?��&amp#2;\�&amp#14;&amp#29;�t���L\�С�"�D�w�&amp#26;wf��-��H��'"&&amp#5;&amp#15;&amp#26;4��1S&amp#22;.��&amp#2;vպ袋���%�!����@ܠ�$�ћR@&amp#1;&amp#5;&amp#20;P@&amp#1;&amp#5;&amp#20;P@&amp#1;&amp#5;&amp#20;P@��&amp#21;Xj��X��wP|��HX�ƪ	&amp#30;��IUH�¬�㻲d�=��W�&amp#30;�p&amp#22;��uPֳ�V����z�|#&amp#0;Ϩ�����K_B�&amp#3;&amp#15;<���Sg&amp#29;p�&amp#1;C�&amp#12;�r�ȑ��[�h֧���w}�C��n0&amp#30;"U>�̑��dh�uZ@<݂&amp#2;
(��&amp#2;&amp#8;&amp#16;=�}�;�o1l�N>��&amp#29;;v��9�%�7&amp#29;&amp#22;�Ӓݍ)&amp#16;&amp#26;',&amp#21;��P`Ǔ�>�,N&amp#17;��&amp#27;V��C�&amp#6;&amp#28;�M\VZl�\�Z_&amp#26;&amp#2;��K�u�̻ 	&amp#21;��B��Y�fl�&amp#20;��&amp#8;�bK'~��X��d﫰��"�J9v�G�0&amp#29;��|Ń�fd&amp#15;#&amp#27;�^����?·�-�ܲ&amp#28;/Z�]��ƇÒ�5oJ&amp#1;&amp#5;&amp#20;P@&amp#1;&amp#5;&amp#20;P@&amp#1;&amp#5;&amp#20;P@&amp#1;&amp#5;��&amp#0;_�J�U欴����&amp#12;��&amp#15;&amp#22;��|���۞�Y&amp#17;�5a;9&amp#26;�&amp#4;�X>�8���2&amp#27;l��桒&amp#29;&amp#12;3�6j�(��&amp#0;&amp#6;���PDf��&amp#26;V�gVƘ&amp#4;i��Q6��裏��=քB&amp#8;KP�]�v�O&amp#21;P@&amp#1;&amp#5;&amp#20;�&amp#20;`ue�v�X�طo_&amp#22;[Ҁ8����&amp#27;n�a�-����p����;w��.&amp#27;+���O���u�]�E؅&amp#4;�l�&amp#18;�f&amp#22;�T�Y��	k��$�b�'��\z&amp#2;��K�5��;"�&amp#20;&amp#11;��*suo��V�X&amp#21;>&amp#2;�&amp#22;&amp#31;;v,s��灆&amp#27;n��&�h=��`�ĉL�&amp#1;u~K���{d���&amp#26;i��#�6���)��H3�&amp#28;��ٳ9D&amp#15;|�`N&amp#19;�%�dҼy���&amp#28;r��&amp#30;=�����	&amp#4;���_}��Y���v�L_�&M"m&amp#8;&amp#11;���A���:�:�C��C�&amp#0;&amp#11;�wp��&amp#29;Q.ЍݹX7�]ǝN��0��&amp#22;ŧ��%� �&amp#23;&amp#26;���	���֭�<���N�:�&amp#26;�s��ኼ.���E�y�M7�Q�F�Y|J�&amp#23;�;3&amp#6;���@e�6H�v�exe[�h&amp#17;^&amp#11;�-&amp#24;1b&amp#4;�g�&amp#26;�c�&amp#22;ﵡ�&amp#31;~&amp#24;&amp#23;���2�����B�A�f
�6&amp#22;&amp#20;P@&amp#1;&amp#5;&amp#20;P@&amp#1;&amp#5;&amp#20;P@&amp#1;&amp#5;&amp#20;P@��&amp#0;ߊ&amp#16;tgY9&amp#11;�٪��h@�B&amp#2;ɤjO5ε�a��>�>�S��ʌ�Ә�>�)Y��|Ǖ�C�}�&amp#11;����s��~�~�Ӷm[��<����s�Y��2_��J&amp#11;
(��&amp#2;
�&amp#17; b��
A&amp#7;�&amp#8;D%x&amp#31;��������wj�&amp#4;2xħ&amp#20;�z���H����SR��&amp#15;��w�89,�&amp#21;e�&a���+�&amp#28;&amp#14;&amp#21;�>աOKI�����RzA+�^�&amp#31;&amp#20;.|��gNg&amp#29;&amp#22;�wɵ�&amp#2;�̣��we��ða�&amp#8;�3Y�_��Q�馛�Y�i	��N��&amp#4;#g�qF<�خ���K0VR`f&amp#0;�C�P�$�&amp#8;&amp#11;������&amp#30;{\~���\>>=��&amp#3;Ç&amp#15;�5�@�g�}v�N�R�e{ھ}�m�ن��\��'��㤷�����&amp#0;c{���3GBК����~r�23	@�&amp#19;Q�)����&amp#12;2>�=���&amp#3;&amp#16;kB��Td�&amp#15;�!R�&amp#30;}�Qv�JU27���&amp#1;�����}��|&amp#14;d�x|����$��N&amp#25;��|���Dvd�ǆ`<o~�>�l��)���K�vb/��rj�AlcA&amp#1;&amp#5;&amp#20;P@&amp#1;&amp#5;&amp#20;P@&amp#1;&amp#5;&amp#20;P@&amp#1;&amp#5;&amp#20;�*@��������{��M�{ｗ/7b�;�&amp#21;�M��Iᕩ(B<1.)ɺP>&amp#30;��C!|�Ǘf|��5j�j_�:&amp#19;�2�K?z>��SY)��&amp#25;Vμ��kaR{�u�}�r>U@&amp#1;&amp#5;&amp#20;P %@&`6,�-&l�BH"&amp#25;nO5�O��&amp#19;�`��'�|&amp#18;+�&amp#22;b&amp#28;����xA&amp#12;3�f�P`��&amp#23;��4&amp#4;���fi܉wQY&amp#2;���&amp#26;W�7KQ�fV'�X;˚��)Nw%��c�=�yG,�fs�&amp#24;k&amp#15;[@&amp#17;��l&amp#25;j&amp#8;�&amp#19;O�&amp#4;&amp#25;&amp#30;�&amp#19;�&amp#15;�&amp#1;�dNSh�G&amp#17;B�!�K��M�6����K�ߘ�13���Ғ&amp#1;3l��&amp#28;�C���&amp#15;�&amp#22;�_�ʡ���U�&amp#12;n��B
��\:��ٻ�E�'�p&amp#2;/P<��&amp#7;]�tI}."�A����Jz&amp#30;!dN?��f&amp#19;O&amp#15;&amp#5;�J��v&amp#24;1&amp#15;�I��Vg��O��)����>�L�(<B&amp#20;�	�����ix&amp#16;��&amp#19;&amp#29;'&amp#18;qgbAf�L�&amp#14;�vn��O���X��&amp#2;
(��&amp#2;
(��&amp#2;
(��&amp#2;��&amp#0;���b��N �&amp#20;&amp#18;̎��&amp#20;�A��hL���64�L�&amp#30;����&amp#2;k��kxql|YG�ސg�&amp#21;��n$�o���:�[�n��&amp#5;&amp#5;&amp#20;P@&amp#1;&amp#5;�&amp#21;����)&amp#4;�
<7&amp#4;qX��&amp#25;�H�@�!<�6mZ�>U&amp#25;7R)�}f�֔����K�լ�{�)�&amp#8;��-�uX�m�&amp#25;aN�x��N1�I��L\�g-{��&amp#18;O�Za5v���9�&amp#28;��P�BϞ=��F�>}��V�t�0�|<��&amp#18;p��S�L��sP���7�x�d��Y�w���"��<\B�qN1�&amp#3;µX�~�W&ۗ�&amp#28;�٩&amp#15;iep+j&amp#12;h&amp#16;��&amp#20;��;�c8�)c�{.ӐyJ0>3&amp#7;&amp#26;������}��w&amp#15;�&amp#16;�'��)�&amp#11;��z�-ҶЌ(�e�]&amp#22;r�͜9�+&amp#14;&amp#29;:�����&amp#7;&amp#31;&amp#28;���&amp#6;XB�L�&amp#8;�f�|��&amp#15;W!�Oˋ/�����&amp#20;>��鎧d&amp#8;��������χ&amp#2;�i�O&amp#21;P@&amp#1;&amp#5;&amp#20;P@&amp#1;&amp#5;&amp#20;P@&amp#1;&amp#5;&amp#20;P@��&amp#4;�F�&amp#5;$�&amp#18;�W)���&amp#27;&amp#19;Y�L-&amp#25;s�ǵ%�&amp#14;������wzY��K�^�2�R�&amp#6;�;�3k�ɱ�b	� f&amp#29;a�.�Y
(��&amp#2;��@��/p���ö���������bb9v&amp#18;��4���6&amp#5;��]Y(I&amp#1;W����Zq7&amp#21;�dg1qQWe�,&amp#1;T&��X;�o����zE�?ʉ�f���;�$+�&amp#2;c�������V[�X;O������G&amp#30;&amp#25;��ă�g"&amp#18;-c%5L�%�˶������^ۡC�&amp#24;k�&amp#16;ө��o&amp#18;�Ė&amp#11;Y`�B�e�&amp#30;�ĕcoev�=�/|���4�vb���db?��cÉ��̟s�91�NK^V����&amp#2;}>��r�-�&amp#3;N����ײ�.{�&amp#23;��`l&amp#25;0w��pn�_�����\��k��&amp#15;�*X|&amp#31;PC��&amp#18;�&amp#15;� �A�*�&amp#21;P@&amp#1;&amp#5;&amp#20;P@&amp#1;&amp#5;&amp#20;P@&amp#1;&amp#5;&amp#20;P@�b&amp#5;
�*��nS�&��+
�&$՞�o��ff�;�×o��I&amp#27;�yV�5W\q&amp#5;���#kf����5|�&amp#20;�&amp#19;��cK&amp#5;&amp#20;P@��S�$�dG&�q���_��[�o׮]�h֧�T&amp#11;Q�T&amp#0;(�1k&amp#29;��uV&amp#12;f&amp#30;�!�o8Zl��>�)&amp#25;&amp#1;BN��K�լ�&amp#27;�3��D��&amp#28;ǆ&amp#27;n&amp#24;z��MJ=���&amp#18;��K�};&amp#8;�����
�r±d2��f��L&amp#20;�M��/�q��g��~�m���w[��AH���Y+&amp#14;���c�X�=�|&amp#3;�i(ԯ_?L�&amp#8;�&amp#30;B%3&amp#18;�&amp#27;�2�*R[�1�l�}��&amp#16;��&M�&amp#20;�'�=�쳳n��l�*3�#��O��)����w�}��3u	�*��&amp#2;
(��&amp#2;
(��&amp#2;
(��� ������&amp#18;k&amp#31;0`@@���E����&amp#15;Ξ=;�?�o<��������[o�<&amp#20;�C�&amp#12;	i&amp#29;�!�=����ډ�`!&amp#11;|[&amp#24;�>��,&amp#22;�COW@&amp#1;&amp#5;&amp#20;X�&amp#4;�~��&amp#27;o��s�ά�<�S�}�Y&amp#4;����&amp#20;��ʜ8Q2m�	&amp#19;X闩D&amp#16;��|�a�r�؀7Sv.f&amp#15;x�&amp#28;�J"&amp#5;!B�L�T����_��wi��f\&amp#11;Zl�x!&amp#11;�'��P�ɗ��Z�w&amp#20;&amp#19;Xe�o����]��W&amp#4;��&amp#29;&amp#23;�����q�]v)�O�&amp#17;�&amp#31;9r$�I�B�&amp#2;t"�&amp#27;m�Q��,U���۩g�-�yV��k��&amp#16;,��3l>�0�KV���y��Մ>97��>�U�nɳ�!���&amp#15;2�����S1��&amp#27;3&amp#27;�&amp#14;��&amp#0;�&&amp#3;*^4������裏b}(ĉ&amp#5;|*���á&M��&amp#4;����<%�<+�&amp#25;<S�	�{�p&amp#22;?$yN��&amp#2;
(��&amp#2;
(��&amp#2;
(��&amp#2;
(&amp#16;&amp#4;���W��۷'��7&amp#30;|��2��&amp#3;�	���#,��0n�(�Ə&amp#31;O���SO�В�0nk�V��&amp#14;�zQ�&amp#25;;��6�tS����/n��f�J�%7ҴiӬ�,L%2 &amp#0;&amp#2;&amp#23;;0��>|��B&amp#11;&amp#22;x�&amp#15;�&amp#11;&amp#23;��pa&amp#6;�
(��&amp#2;�]�E�!���	���2�c�!iJ2��6��S�&amp#1;&amp#17;� Eq�:u�q�q-�������&amp#16;���&amp#16;Pgs[��&amp#26;5�l���h:A}����g�y&�!&amp#19;�"W|\R�&amp#27;}lL����s-�����&amp#18;{A+�vb��2,�&�ʦV��Jͱ�s&amp#15;Em(ձcG2�3&amp#7;�&amp#14;��&amp#7;k�&amp#15;:� ~&amp#17;��G&amp#28;jܸ1;|�~��&amp#4;˙3ŃO&amp#5;d��t
������W_%v�G����.�Ӱ(��&amp#1;|xK&amp#30;-�[����m�ݖp;&amp#15;^&amp#23;�Kb�0Q���Z�����+&amp#27;X29h&amp#28;Nn��xzf!fM���_�X.�@N~f���Ӈw�O>�$$<`jH�<�E�&amp#22;E�D&amp#21;~][*��&amp#2;
(��&amp#2;
(��&amp#2;
(�@I
���G�[#z�W�Y&amp#15;�K%+&amp#19;�X&amp#19;6 ܞ�p��OF&amp#17;�Gw�uW&
&amp#16;�HVRnذa�n�R������B�&amp#5;&amp#21;<Rݒ��W�^��%S|��&amp#2;
(��&amp#11;�6�	mL&amp#14;#�N�|���|�O�x�_�=�&amp#12;�G�)S�&amp#16;&amp#8;�O�&amp#5;�w.��r�&amp#5;�2�7�-&amp#1;�&amp#24;� ����Yg�E􇷪�>&amp#20;�Ч�&amp#20;ŶOu�Ӓ&amp#17;২&amp#22;�&amp#20;�NX2�h��H�1�"�¯���.�����&amp#20;��&amp#19;W�]�6���&amp#4;�x(Y(�&amp#15;q������C&amp#15;&amp#26;4�~&amp#8;`_r�%��z�UW]ղe��3qev�~��G&amp#7;&amp#14;&amp#28;�/q&amp#30;�/΃��I6&amp#30;�&amp#3;��K�.�NI�Ř�p@�D"&amp#28;�&amp#29;.|!ƛ�+���u<Y�&amp#7;l��vdPὤk׮�u1Aa�̙/��r�&amp#27;�S�N�N��-���f�����9�!�&amp#2;i,�&amp#2;��R5&amp#5;>%�Lx�%�&amp#30;���K�*��h�=�L&amp#1;&amp#5;&amp#20;P@&amp#1;&amp#5;&amp#20;P@&amp#1;&amp#5;&amp#20;P@&amp#1;&amp#5;&amp#22;&amp#31;&amp#1;���M&amp#2;���2;&amp#4;�7o~�QG��&amp#0;1kT�����!&amp#24;��&amp#12;�u�ֽ�&amp#27;�^����"&amp#16;&amp#18;�&amp#31;0�&amp#17;��J�"�&amp#12;X#8x���q�o]v�i��O>9�&amp#26;>&amp#6;&amp#27;b��b����%x&amp#26;&amp#7;��BB&amp#26;�f	m&amp#8;��o�H&amp#15;I�}VwPό&amp#1;n�G�&amp#30;��X��&amp#2;
(�@&amp#16; |@��P&HA&amp#15;Pv�&amp#0;&amp#0;@&amp#0;IDAT\��9+��0���^#��z�fn&amp#25;A��w�9�.�&amp#27;w��Q�&amp#16;A&amp#4;bCw�}�;�&amp#19;��[<o��XO����s-��&amp#0;?E��K�լ�&amp#27;�&amp#17;S�\&&amp#19;8��B�A��&amp#16;ko֬ى'�Ȃ��G9�pt�޽�N
l��e�~���3�<�6Z��f1�q�&amp#29;�&amp#24;��r��	�&amp#31;{����S&amp#19;&amp#25;�X�͡���z�ԩ&amp#4;�)31�&amp#21;�!�N&amp#4;���a���&amp#3;�{���r���&amp#27;C�'9[�|ݒ��8f�=����0{ �h&amp#15;G�m��&amp#19;N�-����+Y����j�����/lx��Y9V2&amp#31;��L��1��3� �A�$���r��])��&amp#2;
(��&amp#2;
(��&amp#2;
(�@	&amp#11;����5&amp#15;�Q!���`�G&amp#8;�/���Z���ے\��C�k��6�>Oe8D��&amp#12;�g�����&amp#2;��&amp#22;�4��&amp#8;C<���&M��z���L��l��#UI&amp#20;!�]��2&amp#27; ����l�-�H�l�&amp#22;�&amp#4;#�WX&amp#18;��-5&amp#0;�*��&amp#2;
(�@&amp#1;���8�Ә[��&amp#29;ќ�~�덆�$�'��5�/�&amp#31;ޣY�&amp#24;&amp#22;��&amp#19;J�~���m��۱A�&amp#19;�G�Vj�F��&amp#7;&amp#7;\�&amp#2;|r`��[o�ş�,"'L[�xB*o>��YTja4�&amp#23;�C�m�&amp#7;�G&amp#11;����{��NNg�s2�&amp#30;:�&!X&amp#30;Dg	�SI���&amp#15;?�پ��&amp#14;����&amp#4;\�&amp#0;�w�}W���#&amp#19;�B&amp#3;���-��&amp#22;�;�~B!W&amp#14;>12�6��[�������	&amp#25;Zb&�T?E=����믿��p;����yA)0&amp#31;�Oz!�ή���n��
(��&amp#2;
(��&amp#2;
(��&amp#2;
(�x
ԛ���{gQ;����� ���&amp#16;6a|��&amp#25;Ձ&amp#7;&amp#30;�~���ca=�XX��!Vz&amp#20;{&amp#11;�&amp#29;Z��&amp#2;
(�8&amp#8;&amp#16;J �&amp#12;���Y�6$$��&&amp#30;%�o�T��&amp#1;�Ӣ��-�}����&amp#16;���*(���.*^ओN"��u	`��y�m�����&amp#26;��=�|6&�-˽@>.�����K�����Ь_g5<m&O�L�&amp#17;�&amp#8;��b�&amp#4;��d����&amp#14;��5�\&amp#19;b�ĉc~�2�&amp#17;,&amp#15;�fw&amp#19;f['�A^�d.�䡋/���&amp#31;y䑙;�%������p"I�&amp#8;�$��g����&amp#3;3B���O&amp#29;�v6n&amp#15;m�Y���J&amp#5;&amp#20;P@&amp#1;&amp#5;&amp#20;P@&amp#1;&amp#5;&amp#20;P@&amp#1;&amp#5;&amp#20;P@�2&amp#8;̘1#��g�}�V�f+��R&amp#25;.�)
(��&amp#2;��&amp#0;���X&amp#12;o�[�.&amp#2;�n��u���r&amp#3;��*&amp#8;0��y�a$� &amp#15;��<&amp#3;[~���QZ��g�a	rX�����&amp#15;1�6�1�ٰJ;&��ڌ&amp#19;�b�&amp#16;͍{��&amp#26;5*�-�x�ZA�j����g	>��В&amp#8;1�h�S��&amp#22;����+�&amp#19;
Æ���'&amp#15;�>%��J,�l\�2C"y&amp#0;'��?W�}~1&amp#21;�s�U��of=��&amp#5;�;w��&amp#11;/�����SXu�U�f��z��
(��&amp#2;
(��&amp#2;
(��&amp#2;
(��&amp#2;&amp#11;&amp#20;໬&amp#16;D�&amp#11;.�'���-��!C������:�R�j�S&amp#5;&amp#20;P@&amp#1;&amp#5;&amp#20;P��	��w�����V&amp#5;&amp#7;����Ι�Jԙ�1v�y�-[��&amp#21;)��XN��	�&amp#31;�_~y�&amp#6;�Zj)��`�8�I��"cZ�����Y&amp#31;_�wG�pB����HNŏ��?�Ȣ�&amp#16;̎)�&amp#24;&amp#21;&amp#27;���>�#gi>{{3&amp#21;�6�]w&amp#29;�!.˘)4j�(��]����&amp#23;'2ݷo_B�e&amp#24;������Vl%B.z�Ǝ&amp#29;&amp#27;C�\���s����&amp#6;$a`7�x#�aH�OV|n��3S&amp#4;����E<x)ٛ��۹�+	Wga:9[�D���4�@=����&amp#15;?��S�N&amp#8;3��H?&|&amp#30;��޽{g&amp#29;^�ʘ&amp#31;��g�mѢ�&amp#14;;�@&amp#15;�ƍ�������p�}��w!�"�lA&amp#1;&amp#5;&amp#20;P@&amp#1;&amp#5;&amp#20;P@&amp#1;&amp#5;&amp#20;P@&amp#1;&amp#5;&amp#20;P &amp#8;�&amp#11;ߕ}�嗇&amp#28;r&amp#8;_��m&amp#18;�)M�>���H:H�F��R�d��)��&amp#2;
(��&amp#2;%#P���1&amp#21;s�ܕ7R�&amp#2;��&amp#30;4h���_��3�pi�&amp#16;��&amp#28;C\&amp#2;N�5�U���G�%;�&amp#23;&amp#21;jM��*��=�H&amp#8;�v��%�&amp#31;=�&amp#17;�&&amp#11;�\rI��&amp#18;\�ڵ+[�s�8q�&amp#31;&amp#18;�<�+��l�,c&amp#21;����̅�8∸�>6(֍y&amp#12;|��&amp#24;�&amp#30;=z�~B�t����OU����&amp#14;��曩'�&amp#31;���&amp#25;�&amp#12;n����<�x��&amp#2;i&amp#3;z��&amp#21;R�gE`{�&amp#2;�
�H<@Z�G&amp#30;y�����A=k�Ä�І�&amp#20;�۷&amp#15;�&amp#27;�!�}��_&amp#5;&amp#20;P@&amp#1;&amp#5;&amp#20;P@&amp#1;&amp#5;&amp#20;P@&amp#1;&amp#5;&amp#20;P@��&amp#18;�릙3g>��CD��.���Y�s�1�ĵ&amp#19;��>U@&amp#1;&amp#5;&amp#20;P@&amp#1;&amp#5;��@-c���e��c&��2��ێE�}�&amp#25;�ړ�$�͖����&amp#11;�[n�%1u�����͚5kv�)��&amp#30;��0�'&amp#23;&amp#31;��&amp#2;\�R���Yg��R�TvzB�&amp#7;��&amp#12;�{�&amp#22;U��&amp#0;�tf�&amp#18;x�p��&amp#8;�����w�yglIomڴa�&amp#0;&amp#3;#����8W!9�؆�&amp#24;�#_w�u��K�1	|l&amp#16;
źqV�n�X;N&amp#22;�8f*Af̄�C�=&amp#14;�&amp#21;�D��&amp#24;��B��&amp#11;l�>r�H�e	>��]>&amp#12;)�&amp#27;{HVR&amp#14;�W�Qz&{&amp#24;A��&amp#20;!y&amp#22;K��4��	��N�m���Z&amp#3;&amp#7;&amp#14;��d)��P��&amp#16;n'�B�X�j�S&amp#5;&amp#20;P@&amp#1;&amp#5;&amp#20;P@&amp#1;&amp#5;&amp#20;P@&amp#1;&amp#5;&amp#20;P�

�&amp#25;_t&amp#20;&amp#21;�櫏v��q/�ߐ,�&amp#27;��&amp#25;�`���#F�`�;�&amp#12;��+A�&amp#27;$�#_&amp#15;��e�&amp#14;��&amp#21;P@&amp#1;&amp#5;&amp#20;P@��&amp#23;�Q�6�&amp#21;?D�X&amp#29;&amp#5;&amp#8;�&amp#18;J�5k�
�&amp#31;��&amp#20;"��{�go��&amp#7;��&amp#25; <5ybQe�0q�D6h�R�3�&amp#24;�O���Q4#�L�+b�&amp#4;�\r�d�X�7o&amp#30;��&amp#8;?�Q��	��&amp#21;[.�B�ܐfج�'�����+�x�'&amp#24;63!�C+���ה�5y�i�G�\�&amp#20;{�H20n��[|�¿�&amp#30;b{�&amp#5;��������&amp#17;4�B�B���.�1�B�K&amp#17;ϲ��&amp#2;
(��&amp#2;
(��&amp#2;
(��&amp#2;&amp#5;&amp#8;d�����8��&amp#21;&amp#22;���%&amp#1;&amp#11;nm&amp#11;&amp#5;&amp#20;P@&amp#1;&amp#5;&amp#20;P@�
&amp#23;(d}i�A��_��:��uD�j&amp#16;;L&amp#5;���`&amp#29;�&amp#2;
,J&amp#1;f$0Ř+�&amp#24;���Y/E&amp#26;y���&amp#16;I��j��M��<���G�&amp#26;��X�^���*{s&amp#14;L&amp#1;&amp#5;&amp#20;P@&amp#1;&amp#5;&amp#20;P@&amp#1;&amp#5;&amp#20;P@�E-Pn_�&amp#26;n_�/��+��&amp#2;
(��&amp#2;&amp#11;)P�0J��Ÿ����	�׬�Kz9&amp#5;&amp#20;��&amp#2;3f�&amp#8;�
	䳎�&amp#12;`��e�Y&amp#27;T�JB�!�~�A&amp#7;��M��ޜ&amp#3;S@&amp#1;&amp#5;&amp#20;P@&amp#1;&amp#5;&amp#20;P@&amp#1;&amp#5;&amp#20;P@&amp#1;&amp#5;&amp#20;P@&amp#1;&amp#5;&amp#20;P@&amp#1;&amp#5;&amp#20;�&amp#28;&amp#1;c���U&amp#21;�j&amp#2;D�C&amp#16;��&amp#23;^ �~jx$�&amp#31;4hГO>I�6�lS�V�T���tʔ)�I&amp#31;F����<TǦ�&amp#2;
(��&amp#2;
(��&amp#2;
(��&amp#2;
(��&amp#2;
(��&amp#2;
(P]&amp#4;H&_�bfՅ�q*PM&amp#5;:w�ܧO��?�|����رcÆ�^zi�V���&amp#31;�&amp#14;&amp#29;&amp#26;vmgix�nݪ��r�-L&amp#11;&amp#24;7n����À�v��&amp#26;kT��;H&amp#5;&amp#20;P@&amp#1;&amp#5;&amp#20;P@&amp#1;&amp#5;&amp#20;P@&amp#1;&amp#5;&amp#20;P@&amp#1;&amp#5;&amp#20;P@&amp#1;&amp#5;&amp#20;P@�*.����������)�@�&amp#8;�ۀ&amp#16;�}�ݗ�r��&amp#27;;�7h� W�*U߾}��np{��E&amp#23;]��&amp#25;U�5r0
(��&amp#2;
(��&amp#2;
(��&amp#2;�G��v�L~Z�>��H&amp#21;P@&amp#1;&amp#5;&amp#20;P@��H�����_����p{�z�&amp#28;�&amp#2;�\`���o��&amp#22;k���^�F���&amp#31;���Z۶mWZi�E~��@߾}���ۙ3g2?�&amp#4;�-Z�(���I&amp#1;&amp#5;&amp#20;P@&amp#1;&amp#5;&amp#20;P@&amp#1;&amp#5;&amp#20;P@��M�ܾ<5ܾ���x�
(��&amp#2;
(P�&amp#4;&amp#12;�&amp#23;������-���&amp#21;~�-&amp#21;P@&amp#1;&amp#5;&amp#20;P@&amp#1;&amp#5;&amp#20;P@&amp#1;&amp#5;&amp#20;P@&amp#1;&amp#5;&amp#20;P`1&amp#19;0ܾ���ޮ&amp#2;
(��&amp#2;
,�&amp#2;��&amp#11;�	��4�^��-&amp#21;P@&amp#1;&amp#5;&amp#20;P@&amp#1;&amp#5;&amp#20;P@&amp#1;&amp#5;&amp#20;P@&amp#1;&amp#5;&amp#20;P@&amp#1;&amp#5;&amp#20;P@&amp#1;&amp#5;&amp#20;P@&amp#1;&amp#5;&amp#20;@�P{M!&amp#20;P@&amp#1;&amp#5;&amp#20;P@&amp#1;&amp#5;&amp#20;P@&amp#1;&amp#5;&amp#20;P@&amp#1;&amp#5;&amp#20;P@&amp#1;&amp#5;&amp#20;P@&amp#1;&amp#5;&amp#20;P@&amp#1;&amp#5;&amp#20;P�X&amp#1;��Ŋ�^&amp#1;&amp#5;&amp#20;P@&amp#1;&amp#5;&amp#20;P@&amp#1;&amp#5;&amp#20;P@&amp#1;&amp#5;&amp#20;P@&amp#1;&amp#5;&amp#20;P@&amp#1;&amp#5;&amp#20;P@&amp#1;&amp#5;&amp#20;P@����&amp#6;
(��&amp#2;
(��&amp#2;
(��&amp#2;
(��&amp#2;
(��&amp#2;�(0`�&amp#0;6�lڴi�V�ʱ[�*%��ÇO�8��q��o�R�/�E&amp#1;&amp#5;&amp#20;P@��J�?�&amp#12;�/V��7��&amp#2;
(��&amp#2;
(��&amp#2;
(��&amp#2;
(��&amp#2;e&amp#17;�={���~�����_�v�ڴy�����<+8���g�͚5+9��_~��V�[�n�Z%�U��~;mڴ�]�ʼ(�4T���&amp#27;/��b۶mw�u�T��:f̘����&amp#24;n�x|���&amp#2;
(�@y	&amp#24;n//I�Q@&amp#1;&amp#5;&amp#20;P@&amp#1;&amp#5;&amp#20;P@&amp#1;&amp#5;&amp#20;P@&amp#1;&amp#5;&amp#20;P@�R&amp#22; �ۿ��wx��G7o�<�Ez�o߾s���z��W_}�=��t�M�&amp#30;�֕O?���q�����+�ܽ{w&amp#26;<������s�=��N;-��&amp#18;yN�&amp#2;
(��&amp#2;
(P�@M&amp#30;����&amp#2;
(��&amp#2;
(��&amp#2;
(��&amp#2;
(��&amp#2;
(�@~&amp#1;���oP�Q&amp#22;m_}��o��VQg�j��?�s�=��{o�&amp#6;&amp#5;֗�
�hy5[a�&amp#21;�j�e�1�^^����&amp#2;
(��&amp#2;%�AȗV&amp#1;&amp#5;&amp#20;P@&amp#1;&amp#5;&amp#20;P@&amp#1;&amp#5;&amp#20;P@&amp#1;&amp#5;&amp#20;P@&amp#1;&amp#5;&amp#20;(w�m��6W*�e�]�&amp#28;/7jԨ)S��O���rk��F�n�8��_͘1��~�w>��#jF�&amp#30;���oo���YO,��̣*��ls�Wf�!&��ڵ�&amp#31;~���&amp#27;gmf�&amp#2;
(��&amp#2;
(P&amp#6;&amp#1;��e@�&amp#20;&amp#5;&amp#20;P@&amp#1;&amp#5;&amp#20;P@&amp#1;&amp#5;&amp#20;P@&amp#1;&amp#5;&amp#20;P@&amp#1;&amp#5;&amp#20;XL&amp#5;�^zi6D���'4^��&amp#16;]f��\f&amp#0;���jM�6%���#�P���&amp#11;&amp#19;n/��v/E���ׅm��~�����&amp#2;
(��&amp#2;
(�G�ٍ����xH&amp#1;&amp#5;&amp#20;P@&amp#1;&amp#5;&amp#20;P@&amp#1;&amp#5;&amp#20;P@&amp#1;&amp#5;&amp#20;P@&amp#1;&amp#5;&amp#20;(O�y��M�0�e�<fϞ]�~�u�]�Q�F�kPOt��_~���ￏ&amp#17;nb�&amp#27;n�a�e�eB�O>���9y��̳�wT�f�"���_��|��&amp#26;4�&amp#30;�B�v�Y��r�m��&amp#6; ����cƌ��%�\2�������_�e�&M�&amp#12;&amp#6;�&amp#22;{��&M��o0!�}Æ�Yg��M����Z��&amp#2;
(��&amp#2;&amp#21;#����+�ګ(��&amp#2;
(��&amp#2;
(��&amp#2;
(��&amp#2;
(��b-0s��g�y���s��MA�����c�5��f���zVJ�6��?B�v��W\qE�����&amp#4;}陑�po��j�رl&amp#18;��ǕW^���g&amp#0;��vQ�|��G�]q�&amp#21;{��&amp#17;������&amp#7;�&amp#7;&amp#29;tP�6m�&amp#23;��[n��E�ݻw����A&amp#2;�����5����QG&amp#29;E�?U�S&amp#5;&amp#20;P@&amp#1;&amp#5;&amp#20;��&amp#2;5��&amp#29;�&amp#2;
(��&amp#2;
(��&amp#2;
(��&amp#2;
(��&amp#2;
(P�&amp#4;�&amp#15;&amp#31;&amp#30;���,�&amp#12;K����[ &amp#6;|�}��2���ի&amp#23;B�Ԑ&amp#25;~�������e&amp#22;vs:k�b�=�V��z��W���&amp#19;��k�&amp#29;&amp#22;��|Ϟ=�ͅ&amp#25;��[�F�.]�&amp#0;B�d�&amp#15;�&amp#4;�U�&amp#5;&�23!����n�X��W_&amp#29;c��9Xs�5�F���{�g�}V�wd�
(��&amp#2;
(P�&amp#2;�n�xs���&amp#2;
(��&amp#2;
(��&amp#2;
(��&amp#2;
(��&amp#2;��&amp#0;A��ێ���l�M\�M���&amp#27;o$&amp#16;>q�D�Ư��ZDd/��Br�_r�%&amp#24;�o߾cǎ&amp#11;�E&�&amp#16;N��do�8��ӧ?��&amp#19;tNp�&amp#16;u�ƍÅ�&amp#27;���R&amp#30;8p�駟��z����p�!�<��&amp#3;,��۷�g�&amp#25;�4x��0;a�]v!&amp#19;~�,�&amp#6;�͇N�֭ˍשS'���K/&amp#29;:4&0�t&amp#4;&amp#7;��&amp#2;
(��&amp#2;e&amp#22;`����ˬ�
(��&amp#2;
(��&amp#2;
(��&amp#2;
(��&amp#2;
(�@&amp#17;&amp#2;{��~��&amp#23;c�I �S�N�����&amp#23;�{�,�f�y8��&amp#26;�ר�z��3K�c��&amp#26;"��)���&amp#27;z����U�V-Z�`&amp#24;�H @Na���o��6&amp#5;�&amp#15;��n&amp#20;£�&amp#27;di��/�&amp#24;N<��c���&amp#29;wܱC�&amp#14;��S�O&amp#1;&amp#5;&amp#20;P@&amp#1;&amp#5;��&amp#0;�r\�^�_@Ǯ�&amp#2;
(��&amp#2;
(��&amp#2;
(��&amp#2;
(��&amp#2;&amp#21;+@&amp#12;��_μ&k�O;���&amp#5;�4h� ��6m�&amp#2;&amp#27;&amp#23;Ҁ��,Ԧ%�Y]M"���=�����o��ƅtR�Q}��&amp#7;������_?u	����T&amp#18;�^o��RG���Yg����&amp#19;O<1sHɖ&amp#7;&amp#31;|�&amp#23;_|�&amp#18;��&amp#25;&amp#30;��s�$���;�ز�&amp#27;dnAH�O8���c'�@���^{-U�S&amp#5;&amp#20;P@&amp#1;&amp#5;&amp#20;��&amp#2;�۫��&amp#21;P@&amp#1;&amp#5;&amp#20;P@&amp#1;&amp#5;&amp#20;P@&amp#1;&amp#5;&amp#20;P@&amp#1;&amp#5;&amp#20;P��&amp#4;��&amp#1;�!�B�E&amp#15;&amp#4;��&amp#24;?gΜ�o���v[Ho�6Dyǌ&amp#25;��d��C&amp#15;=4�{aFŽ��-=��SW'�&amp#31;j&amp#22;�
~��&amp#5;&amp#8;rj<��d�gE�M7�D=���Qb𤚏-���8y�y�汓X �&amp#1;P��g����&amp#2;
(��&amp#2;�Q�??j�P>9A�:ކcV@&amp#1;&amp#5;&amp#20;P@&amp#1;&amp#5;&amp#20;P@&amp#1;&amp#5;&amp#20;P@&amp#1;&amp#5;&amp#20;P@&amp#1;&amp#5;*F�eߛn�i��ի�Y��!�̾ݟ~�iQ��T'&amp#11;|ʲ�&amp#24;Vg���S�rJ�&Mbe��r&amp#25;Ք)SB�����;R��O����i�p��wgf�g�y���N�̓&amp#31;&amp#26;�&amp#19;>�2�iÆw�i����&amp#24;y�֭�͊���N&amp#15;D֓���
+�`�=jXP@&amp#1;&amp#5;&amp#20;P��
�w���j��9l&amp#5;&amp#20;P@&amp#1;&amp#5;&amp#20;P@&amp#1;&amp#5;&amp#20;P@&amp#1;&amp#5;&amp#20;P@&amp#1;&amp#5;&amp#20;�&amp#4;��6ڈ���p�g�}vذa�DVT��w�ڵY���7����/���Z'�|r�&amp#29;�/��R�}뭷ڵkG��T��5��ӧǞk�ʙTu�喋�2&amp#11;,�ό@3�̖Yk���Į�A}�&amp#6;���P����o��\�L�=��S��&amp#2;
(��&amp#2;
T&amp#23;&amp#1;V��"�^]��8&amp#21;P@&amp#1;&amp#5;&amp#20;P@&amp#1;&amp#5;&amp#20;P@&amp#1;&amp#5;&amp#20;P@&amp#1;&amp#5;&amp#20;P@��(��&amp#31;�X;���ޛ���&amp#18;&amp#15;7�2諮�j&amp#17;�&amp#20;A�}����&amp#31;��&amp#7;&amp#30;x��s�M^�&amp#28;GE���31�\�̓��ZfB�O?��:��*��j&amp#22;�S����?���SO��`�UW�5��`LDOܽ~����X��?bق&amp#2;
(��&amp#2;
T_���&amp#12;��-9r&amp#5;&amp#20;P@&amp#1;&amp#5;&amp#20;P@&amp#1;&amp#5;&amp#20;P@&amp#1;&amp#5;&amp#20;P@&amp#1;&amp#5;&amp#20;P�J	�&amp#28;92���&amp#19;OL���2f&amp#29;_D&amp#3;nӦ&amp#25;�YH=iҤ&amp#17;#F�4^�&amp#28;G&amp#21;#�?��C���6�lS�)������&amp#11;��۶mK&&amp#0;��ӧυ&amp#23;^��&amp#18;K�K&amp#20;{�qs&amp#1;�쓩>s����g��F&amp#1;&amp#5;&amp#20;P@&amp#1;&amp#5;��&amp#0;��k�{&amp#21;&amp#28;�CR@&amp#1;&amp#5;&amp#20;P@&amp#1;&amp#5;&amp#20;P@&amp#1;&amp#5;&amp#20;P@&amp#1;&amp#5;&amp#20;P@&amp#1;&amp#5;JF ��O�&amp#30;o��/����¯���YYl͡�&amp#30;&amp#26;N&amp#25;4h�̙3���8�e�]6�gg�r&amp#25;s&amp#28;d&amp#5;&amp#20;�x����s��M�v�ܙM�)&amp#19;&&amp#31;2dH�z�7&amp#24;&amp#23;���X`�Ef��xԂ&amp#2;
(��&amp#2;
T&amp#23;&amp#1;����Q]��8&amp#21;P@&amp#1;&amp#5;&amp#20;P@&amp#1;&amp#5;&amp#20;P@&amp#1;&amp#5;&amp#20;P@&amp#1;&amp#5;&amp#20;P@��(�&amp#30;�&amp#12;��O�mډ���˙w&amp#20;�S?f̘̣�ְ&amp#19;y�&amp#22;-8�}�x�xz��*D���&amp#7;&amp#31;|p޼y�*U�0y����&amp#7;3H&amp#18;�&amp#31;v�a&amp#20;H�&amp#31;��Ç&amp#15;&amp#31;7n\&amp#28;Q7���+�ȹ������NB�駟N��T&amp#1;&amp#5;&amp#20;P@&amp#1;&amp#5;��@MV�Wӡ;l&amp#5;&amp#20;P@&amp#1;&amp#5;&amp#20;P@&amp#1;&amp#5;&amp#20;P@&amp#1;&amp#5;&amp#20;P@&amp#1;&amp#5;&amp#20;P�Z&amp#8;4h� �s�����&�=}�t��={�̚�F�&amp#26;u���&amp#20;�@&amp#19;&amp#12;&�8_�&amp#18;�/�����a�&amp#21;�����O���ht�ߏ&amp#29;;��+�&amp#28;5j&amp#20;�lF�&amp#12;&amp#3;Vx�y�g�uV֛-�M-��L&amp#11;�뮻B?G&amp#29;u�r�-G&amp#25;�.]���~����{(&amp#23;u���&amp#29;;v&amp#12;'���&amp#11;v^q�գq�&amp#29;w|����*��&amp#2;
(�@u&amp#23;�Ż~u�&amp#7;ǯ�&amp#2;
(��&amp#2;
(��&amp#2;
(��&amp#2;
(��&amp#2;
Te�=�؃�3�f�6��Ce��&amp#23;_|&amp#17;c���n�����&amp#15;�T�<B��7�&amp#24;&amp#27;&amp#20;UXa�&amp#21;v�u�g�}�����&amp#11;.��B���m�O8�&amp#4;��3f� ���&amp#3;&amp#15;&amp#20;5�JiL��0�a���jҤI&amp#28;&amp#3;;���>&amp#28;%@ζ�'�x"����V�Z}��'D�y��K&amp#25;�g%�z���g��&amp#26;&amp#11;
(��&amp#2;
(PM&amp#5;�$_M_8���&amp#2;
(��&amp#2;
(��&amp#2;
(��&amp#2;
(��&amp#2;&amp#21;'@�5\,&amp#22;&amp#22;x��>�,U?�3�Xc��Y�/��^{�u�G6lؐ�d{��i�f�=�L�O5H&amp#30;J�s5�q�&amp#29;���~������r&amp#31;�Zk�ս{����/��2�!Q^y啉��&amp#26;[�qQO&amp#11;EB�8�o���&amp#4;&amp#3;\����O]�C�&amp#14;$���mݙ*&amp#17;�&amp#22;u�,u��e3x^��9W��f�C�֭c�&amp#5;&amp#5;&amp#20;P@&amp#1;&amp#5;&amp#20;��&amp#2;�&amp#31;�A����E5��]&amp#21;&amp#4;���	&amp#19;&|��&amp#19;'N�S�&amp#14;y�6�x��W_=�ئL�B�$&amp#26;�q&amp#17;ή��&amp#27;m�Q��5�)��?�y0��ɡyZV�xRc`&2&amp#8;�&amp#20;sxWZi���믽�ڛn�i���:�:O�/���4o�<�&amp#31;�k�|lC#&amp#28;mܸ�j��&amp#22;[�0�&amp#27;nXg�u����~�<��3���w�}&amp#15;8��xi&amp#11;
(��&amp#2;
(��&amp#2;
(��&amp#2;
(P&�%�5'���9ȗ6��|�{�*��S��&amp#8;���k�&amp#0;|K��~���|�V�V�&amp#5;�R�&amp#6;�bT�&amp#11;�ۤ9s��=&amp#18;_&amp#0;.��e&amp#24;XU>��&amp#27;�9s&_�1&amp#11;!�-YU�;Ǧ�&amp#2;
(�8&amp#11;��U�&amp#23;(��&amp#24;��te�Qý�+��$�͟�&amp#3;&amp#6;&amp#12;����3�ɛ�&amp#30;{l�If��z�o��Vf{&amp#18;d�z�y��$�&amp#21;&amp#1;ZN���_=�&amp#7;j*r<�&amp#1;|��W�W�Q1�N�:�}����ծ|�%�&amp#16;�&amp#14;�>��3&amp#15;9���УG���z*�9��s�1�k����G&amp#30;�P���7�d������~��ǔ&amp#14;N�w&amp#22;�&amp#7;�2��&amp#19;&amp#21;P@&amp#1;&amp#5;&amp#20;P@&amp#1;&amp#5;&amp#20;P@&amp#1;&amp#5;&amp#20;�n&amp#2;��������;^&amp#5;&amp#20;P@&amp#1;&amp#5;&amp#20;X�&amp#4;R������b,��U��"�&amp#11;Y%��AT���1c.��b&amp#22;s��1'w���g���c�RC0uҤIW_}u&amp#28;K�>}�{S��������6�=�&amp#28;�x6C�L65{��޽{�&amp#24;m�-�Pa�I]�X�QG&amp#29;&amp#21;?.�&amp#26;�I�!�KK�M��<e�ܹݺucA�i�����.�A�&amp#6;�&amp#15;����1֞yS,�&amp#15;�����<Z^5���% �W	�&amp#22;(/&amp#19;�Q@&amp#1;&amp#5;&amp#20;P@&amp#1;&amp#5;&amp#20;P@&amp#1;&amp#5;&amp#20;P@&amp#1;&amp#5;&amp#20;P@&amp#1;&amp#5;&amp#20;P@&amp#1;&amp#5;&amp#20;(/&amp#1;V�&amp#27;n//�Ŵ&amp#31;r@�X;�L�|�ɫ��J� ��bn��ÆcO&6:
�[o�5�v��]�v�رc̗��?^z��ĉ��gM|&amp#18;��,�&&amp#3;y�2k�bƓyiR��X;&amp#11;�q��p1��/����{�<�i&amp#1;#F�Xtyԓ�Z&amp#20;e^ُ?��$��:�s&amp#29;����&amp#15;&�&amp#25;i��l7���&amp#2;&amp#15;]~��o��&�`�KV���L&amp#1;&amp#5;&amp#20;P@&amp#1;&amp#5;&amp#20;P@&amp#1;&amp#5;&amp#20;P@&amp#1;&amp#5;&amp#20;P@&amp#1;&amp#5;&amp#20;P@&amp#1;&amp#5;&amp#20;P@�&amp#2;&amp#5;&amp#12;�&amp#23;&amp#8;e��&amp#2;�e����)��f�%&amp#27;���zW^y�&amp#17;G&amp#28;A%A�&amp#24;ng�o&amp#22;�s�RK-�lOصgϞ��&amp#11;��G�N&amp#30;���&amp#15;X&amp#8;&amp#30;�٬ g��=�ܓl�,W�x��&amp#11;�_~���9e��'�zr-5&amp#19;&amp#11;���H�5|��TMuy�=�y&amp#15;C�&amp#14;�&amp#19;ng�{&amp#0;�:I�Y&amp#17;�,�[f��>�쳨�b�
(��&amp#2;
(��&amp#2;
(��&amp#2;
(��&amp#2;
(��&amp#2;
(��&amp#2;��&amp#0;kk]ݾx���y�m۶��&amp#29;qY����Ǎ&amp#27;�l@}�i,&amp#19;�&H������:VR �z��_u�U,���[�G3ˋz<�W����b�d�=�%5Lr&amp#25;9rdH�>y�万=�5�N�2e��N6��S��]�q��LVXq�&amp#21;�vK%��'L�&amp#16;&amp#0;٪���&amp#27;6$"��߆&amp#12;&amp#4;L�Ⱥ�Ƽy��t&amp#1;��&amp#27;l�A��C=&amp#25;��ԩ���o&amp#19;Pg&amp#26;&amp#4;����&amp#12;;�&��{f����&amp#15;&amp#19;'N̼e��&amp#22;>��3�&amp#25;��#�]p����
i&amp#3;��}&amp#0;)0&amp#30;��3���&amp#25;&amp#3;GWXa�f͚�N�)�����/&amp#17;&�<&amp#19;5&amp#16;�z;��F�&amp#26;��௿�b䌐sɄ�V&amp#8;��q@f��(��&amp#2;
(��&amp#2;
(��&amp#2;
(��&amp#2;
(��&amp#2;
(��&amp#2;
���?������K�e����G+\��o!c �I&amp#8;��qc�p&amp#22;A��ݻo��M�6�fΜ9���٦�Ɠ�3Q�PI`;�h���&amp#3;&amp#15;&amp#12;�I=����$�&amp#15;]���{&amp#15;<�@�
x����ԩS�O��&amp#18;��&amp#11;.�駟R��+Ю]������&amp#11;/�p���K5�)��0���>:&amp#21;��l���&amp#24;�p;�^y啬���d&amp#2;FۦM��&amp#30;��No��V
�'X&amp#30;�̘1�K.ɼk�2E�$
u�֥��ػwov&amp#28;&amp#8;g%�%*ϝ�D&amp#11;��`&amp#26;&amp#1;w��C&amp#15;%�Q~��'I5��d����6ۤ�C?�V��SO%�~�&amp#1;g]|��!1C�޲&amp#2;
(��&amp#2;
(��&amp#2;
(��&amp#2;
(��&amp#2;
(��&amp#2;
(�@�&amp#11;�4�^�qe� +�ê�u�]��1&amp#12;&amp#25;2$4kѢE�=��&amp#16;k���|�h�O�q<�+���J�\�|��?�����SV��l�2VR&amp#14;�V�Z�&amp#4;�t&amp#18;��t����oϺN�� qX8&amp#30;{���#���}��&amp#19;`f�vh@�{�w&amp#14;���&amp#7;'ϊ�g�y&����c�P`&amp#12;�n�m��'�x"u��,�&amp#15;/e����} ��Y��D�&amp#24;�g�E������>&amp#26;c�,.&amp#7;'.^G���!�j�v&amp#16;c�@m���a�&amp#3;�v���u�]���)S&amp#4;�r>��	�'ϢC&amp#22;�g=�J&amp#5;&amp#20;P@&amp#1;&amp#5;&amp#20;P@&amp#1;&amp#5;&amp#20;P@&amp#1;&amp#5;&amp#20;P@&amp#1;&amp#5;&amp#20;P@&amp#1;&amp#5;&amp#20;P@�R&amp#21; �^в�R��k�
�%�\"s�p꺄9&amp#31;{챛n��z⸇&amp#31;~x�A�<]���ڵ+K�&amp#25;�1�&amp#28;C�u��������o��6j&amp#14;8�&amp#0;��&amp#19;�͚&amp#27;�Ӊ������K.�d�&amp#1;"�����w"ӱ[b��^{mx�2k��&amp#4;H��*��7ߜl�����?N�D�c&amp#12;;�&amp#2;~&amp#8;�&amp#19;B&_z�6W����K/�
��&amp#31;~xԨQ,�oРA��믿N��0&amp#18;��'&amp#15;�)�T��
48餓&amp#14;;차ǒwb�d�&amp#15;��4�l���{�����zb��,Y�c��\�z��&amp#8;�s���7�&amp#16;o��&amp#0;�s&amp#14;��	�&amp#19;��h��R=�����]�t	������w�wҒ�-u�O&amp#21;P@&amp#1;&amp#5;&amp#20;P@&amp#1;&amp#5;&amp#20;P@&amp#1;&amp#5;&amp#20;P@&amp#1;&amp#5;&amp#20;P@&amp#1;&amp#5;&amp#20;P@&amp#1;&amp#5;J[�p{i���vw,%�ӧ&amp#15;�'���V[e��8%�sϜ9�(&��РI�&�\s��3�/d͢&amp#30;&amp#15;��w�}7l�NBr��D�;v���k�a�$E�&amp#17;�x�����v����n<VR&amp#8;�&amp#20;8e�&amp#29;v��&amp#8;E��;<e�9�v�C�&amp#14;=�3b&amp#27;
���Ӭy�-�eB�۩!T���'&amp#15;�%４��O5�,Uf&amp#3;�P�뮻�X;5�U�\s�~���N;�&amp#20;c��p
S&amp#19;¡<�2W�W�^�A߾}�yj�"�d�Ν)�&�&{�&amp#5;e6@�Yb�%���&amp#15;�&amp#23;e̘1�ނ&amp#2;
(��&amp#2;
(��&amp#2;
(��&amp#2;
(��&amp#2;
(��&amp#2;
(��b"Ps1�Oo�"&amp#5;Xj�2�p��.��f�,?f�0f�6��&amp#24;k'%8��5�\�܇Z&amp#1;�!�{�7�x�a�,���{&amp#8;r�'��&amp#31;\^w�&amp#2;t�
ˬc�!�ʹ���.V�
�l�IX�N�&amp#29;��Ѱ���d�>� k�hz�&amp#23;1����&amp#31;~&amp#8;ۺ&amp#23;&amp#21;��&amp#18;![>&amp#5;��s���zQ*��&amp#7;&amp#31;|&amp#16;�\�rՓQ 豀>&amp#25;k&amp#15;�Y�&amp#30;&amp#18;�j?���]&amp#29;r�!ɧ���&&amp#0;&amp#5;&amp#6;3k֬�Q�*��&amp#2;
(��&amp#2;
(��&amp#2;
(��&amp#2;
(��&amp#2;
(��&amp#2;
������%&amp#14;Z�7�U�&amp#0;{��1�&amp#7;&amp#31;|��&amp#8;�7o�<�Ew�qGvd�m��س<l4��`���&amp#29;w\\���b++l<�uf&amp#3;u�:s�,O&amp#15;�d��QG&amp#29;u���'c�E�&amp#2;9���ib����;�T�&amp#24;rf!{�i�Za�6��曱��r�����u䱾�&amp#2;��i�&amp#0;F�&amp#24;&amp#17;�?��ӡ���XYH��&amp#4;�ǀ�&amp#3;�
x��'��&amp#25;{ �=&amp#11;�yJb|f30�!�X&amp#31;��)ę
[n�e�fq�&amp#3;�d6�s&amp#2;���ׯ&amp#31;���!YoY&amp#1;&amp#5;&amp#20;P@&amp#1;&amp#5;&amp#20;P@&amp#1;&amp#5;&amp#20;P@&amp#1;&amp#5;&amp#20;P@&amp#1;&amp#5;&amp#20;P@&amp#1;&amp#5;&amp#20;P��&amp#5;&amp#8;��L��_⊾;b�d���0���4�&amp#26;&amp#1;&amp#27;`'&amp#15;&amp#17;Q&�<K�Y������;�8yn�rŏ�N�:$&amp#24;���J���!&amp#20;M�u2�����&amp#25;6˻_}�UV�3&amp#5;!k�9�KB�P����C��.��B�{*�g�$�a�t*C&amp#12;;uJ��t&amp#24;2�?��S!�;ڏ>�h���=qt^�SN9�&amp#5;��|�36x&amp#28;x����O&amp#5;�/��"֑���&amp#11;��1���&amp#16;�oݺu�&amp#26;5����&amp#11;�|�T�XOK��'��+<3*�5�\.?���Z��&amp#2;
(��&amp#2;
(��&amp#2;
(��&amp#2;
(��&amp#2;
(��&amp#2;
(P�&amp#5;�&amp#19;�����F�ixL��ݻ����&amp#25;4����&amp#23;�&amp#3;Ff�+��2�3'�&amp#30;&amp#22;�/��W�x�q�O�v�m�{n�&amp#11;b�S�N-�X/N�����'TODy��&amp#3;�}��d&amp#2; ��!�nOnd�j&amp#19;�֮];$x&amp#31;>|x\&amp#17;N���tK�:�Yy*I�&amp#30;R�&amp#19;����KKv�&amp#15;�a�E�&amp#19;s&amp#29;"�M��K/��L�����&amp#3;����&amp#11;Ǘ\rɞ={�~�현f���
i�I*���&amp#8;���K8��~�a,���>$&amp#18;H��W�^�e&amp#5;&amp#20;P@&amp#1;&amp#5;&amp#20;P@&amp#1;&amp#5;&amp#20;P@&amp#1;&amp#5;&amp#20;P@&amp#1;&amp#5;&amp#20;P@&amp#1;&amp#5;&amp#20;P@&amp#1;&amp#5;&amp#12;��3P>&amp#2;Ķټ�p)�&amp#17;&amp#7;��+�.&amp#5;�s1Bԝ:u
&L���e!���x�&amp#22;�����&amp#5;��a�~��,�%+�&amp#31;z��_�{���t�&amp#14;&amp#29;:�zXe�UBM&amp#8;x�����}=Ԅ�&amp#3;&amp#19;'N$%;5��׿
�&amp#24;���&amp#0;�S"�&amp#20;�.��oٲe�Y��Z�j&amp#17;���&amp#7;Hu@~�p"Awv&amp#25;`�|�&amp#31;f3`B�y&amp#18;	0#�C#G�d5|��l&amp#28;�q��&amp#25;3f��d!�np=�bY&amp#1;&amp#5;&amp#20;P@&amp#1;&amp#5;&amp#20;P@&amp#1;&amp#5;&amp#20;P@&amp#1;&amp#5;&amp#20;P@&amp#1;&amp#5;&amp#20;P@&amp#1;&amp#5;&amp#20;P �����,V&amp#22;'&amp#16;֑�X;���'�&amp#18;�⺘�:f �&amp#21;-��*5�&amp#24;{���<w���~�)���Λu���1&amp#23;z�\c�5B9�Pl&amp#19;&amp#11;�&amp#30;:&amp#28;:t(�/��b8ĺ�ئ��&amp#22;[l&amp#17;&amp#22;�&amp#15;&amp#26;4�x&amp#8;���{ق��K7k֌d�<��:�C=�&amp#14;غ>� ��\sM�ϳF?��'&amp#25;&amp#0;#�l&amp#22;k��\����k��v<˂&amp#2;
(��&amp#2;
(��&amp#2;
(��&amp#2;
(��&amp#2;
(��&amp#2;
(��&amp#2;�&amp#2;�&amp#23;5ܞ�bM�&amp#2;7�tӀ&amp#1;&amp#3;8�&amp#28;�$�^j����b�	�Ǐ&amp#15;'ưh���R�	̓,a�fzy��&amp#15;���V[�v"���??��&amp#20;&amp#8;&amp#19;&amp#20;��n"�Ɍ�f�)��)�?:�g�y�2;���vlSx��`e|�0��N9�J/��\-ٵ���������Y�:u�;�p4$&amp#6;��2��&amp#15;&amp#11;�S͘���㏇J&amp#2;���>U@&amp#1;&amp#5;&amp#20;P@&amp#1;&amp#5;&amp#20;P@&amp#1;&amp#5;&amp#20;P@&amp#1;&amp#5;&amp#20;P@&amp#1;&amp#5;&amp#20;P@&amp#1;&amp#5;&amp#20;P )�&amp#26;T��I&amp#16;�e&amp#17;�����͙,��ꪫ�&amp#7;��&amp#23;&amp#18;������l(NW�i�v�b}���&amp#31;�o��F,<�8���{����o&amp#30;۬��j�	�O�<9VR r&amp#28;�f.�f�wVo'&amp#27;��a�&amp#29;F�C�B�mbM�m��4&amp#14;��a>�)����ai�6�l�&amp#22;�E�&amp#16;&amp#26;ϛ7�hw�&amp#1;���9=-3��%>L;��;�i&amp#28;mڴ����~���S�&amp#12;&amp#27;6,Lw`&amp#14;A�\��O&amp#21;P@&amp#1;&amp#5;&amp#20;P@&amp#1;&amp#5;&amp#20;P@&amp#1;&amp#5;&amp#20;P@&amp#1;&amp#5;&amp#20;P@&amp#1;&amp#5;&amp#20;P@&amp#1;&amp#5;&amp#20;�&amp#2;�"���&amp#5;&amp#5;r	�u�]��w_8��f���v֖뮻n&amp#8;6w�֍E�������W_����ٳ�L�2|�����?!�ܹs琢<kW�++e<,&amp#19;gm7��	6�*�m��Yf&amp#25;RǏ&amp#30;=���!�<ۜ'o�u��2�һw�.]�4n�&amp#24;&amp#4;&amp#26;4j�(� ��&amp#7;&amp#15;&amp#30;L�&amp#4;�����ۗ`p�{'�N&amp#6;u�r�=��#��y�&amp#6;�̙�Yo��&amp#22;I�Ê�pn�ڵ����&amp#30;{,,m�r�&amp#29;v��m��\�U�Vqr@���O?�4�'&amp#17;}۶mɐO��&amp#31;���?.�'&amp#19;>C���&amp#15;?�p�°Y���J+1{�/��ӧO����*���:�&amp#0;r�I'�t�}���&amp#28;�t&amp#30;^&4�s�v횿&amp#19;�*��&amp#2;
(��&amp#2;
(��&amp#2;
(��&amp#2;
(��&amp#2;
(��&amp#2;
(���v&amp#12;&amp#22;J`Ĉ&amp#17;�|�l��T�&amp#4;�qm7�a��<Rm�S�_�}��Y&amp#15;&amp#21;RY��ye�#� ���l�&amp#1;S
�4&amp#5;&amp#22;��u��?���&amp#27;n�!�^&��ꫯN����C&amp#15;=4���!�I��&amp#5;&amp#23;&amp#0;K&amp#16;=��C�C&amp#14;9$�&amp#12;&amp#5;&amp#2;���C�y&amp#15;�/�|�A�O�0��&amp#25;I��&amp#18;�������&amp#31;�&amp#3; F&amp#30;w�'�&amp#14;&amp#20;��f�\g;���d&amp#19;&amp#29;���s�9�J�:�H&amp#30;�&amp#22;&amp#8;�''F$�ZV@&amp#1;&amp#5;&amp#20;P@&amp#1;&amp#5;&amp#20;P@&amp#1;&amp#5;&amp#20;P@&amp#1;&amp#5;&amp#20;P@&amp#1;&amp#5;&amp#20;P@&amp#1;&amp#5;&amp#20;P 
&amp#16;�2�|԰P&amp#22;����c�a�r�^t�EDg	j�C�СC&amp#7;2�&amp#19;9���d!�ъ&amp#31;&amp#15;cc&&amp#1;KƳ�h[�ly��&amp#19;�Mn��)&amp#4;���ε�Z+yk!&amp#15;���&amp#30;{�g&�(�t���&amp#30;":N��p:��&amp#31;y䑽��+y�2�[l�E�&amp#18;�Y&��&amp#6;&amp#27;�JNI&amp#29;��4&amp#12;o�%�L�al��9&amp#4;���Ŋ��2�Lqz��&amp#25;�&amp#2;�1[��x�&amp#7;&amp#31;|p8�l�'�xb�f����/'����z�J:���.�)&amp#1;s�]v��S��I!C�&amp#12;�\&amp#31;���pz��XHvkY&amp#1;&amp#5;&amp#20;P@&amp#1;&amp#5;&amp#20;P@&amp#1;&amp#5;&amp#20;P@&amp#1;&amp#5;&amp#20;P@&amp#1;&amp#5;&amp#20;P@&amp#1;&amp#5;&amp#20;P�T&amp#5;&amp#8;u�Ⱥ_r�ް�UE&amp#4;�~�M�Y�͖��]g�&amp#21;W\�&amp#18;�V^�:u*��� �L�s��g�z���}��,�&amp#17;�O"0$�uG�NH�&amp#31;���ӳ�Q�Db�q��T3�������t;t�Ъ&amp#22;$��&amp#31;�&amp#5;�|�&amp#4;ח]v������ӧs&amp#11;�&amp#11;h����>k%�&amp#26;����&amp#16;B�s�6V*��&amp#2;
(��&amp#2;
(��&amp#2;
(��|�����e��O�=&amp#11;���k�1&amp#5;&amp#20;P@&amp#1;&amp#5;&amp#20;P@�J&amp#21;H.�,f ��&amp#23;c1&amp#23;�����+�5p&amp#4;
T�&amp#0;&amp#27;����O8�&amp#4;����K{-&amp#5;&amp#20;P@&amp#1;&amp#5;&amp#20;P@&amp#1;&amp#5;&amp#20;P@&amp#1;&amp#5;&amp#20;��&amp#2;�����j�3��&amp#21;P@&amp#1;&amp#5;&amp#20;P`q&amp#17;0�^�+��К�n/�˖
Tw��s����;u�T�o��+��&amp#2;
(��&amp#2;
(��&amp#2;
(��&amp#2;
(��&amp#2;
(��&amp#2;
(PY&amp#2;��6�^Y�^W��&amp#22;`nM�~�>��S.����&amp#12;�&amp#21;=&amp#2;���&amp#2;
(��&amp#2;
(��&amp#2;
(��&amp#2;
(��&amp#2;
(��&amp#2;
(�@�&amp#8;&amp#16;}�U�vn.&amp#21;[�C��"0z��_~���_|�ş~��a�����&amp#30;[U��8&amp#20;P@&amp#1;&amp#5;&amp#20;P@&amp#1;&amp#5;&amp#20;P@&amp#1;&amp#5;&amp#20;P@&amp#1;&amp#5;&amp#20;P@&amp#1;&amp#5;&amp#20;P@&amp#1;&amp#5;&amp#20;��&amp#2;���&amp#29;�&amp#2;
&amp#20;*��&amp#23;_&amp#12;&amp#24;0 �f��ɯ��*�Ƃ&amp#2;
(��&amp#2;
(��&amp#2;
(��&amp#2;
(��&amp#2;
(��&amp#2;
(��&amp#2;
&amp#20;+�����o�Y��3m��&amp#2;�E�iӦ�&amp#28;rȏ?�X�N�6�`���"�^]&amp#6;�8&amp#21;P@&amp#1;&amp#5;&amp#20;P@&amp#1;&amp#5;&amp#20;P@&amp#1;&amp#5;&amp#20;P@&amp#1;&amp#5;&amp#20;P@&amp#1;&amp#5;&amp#20;P@&amp#1;&amp#5;&amp#20;��&amp#2;��k&amp#16;r���sT
(��&amp#2;
(��&amp#2;
(��&amp#2;
(��&amp#2;
(P5&amp#4;��;�9y����?�����D&amp#1;&amp#5;&amp#20;P@&amp#1;&amp#5;&amp#20;P��	�u�f���X�<&amp#22;0����&amp#23; �a&amp#5;&amp#20;P@&amp#1;&amp#5;&amp#20;P@&amp#1;&amp#5;&amp#20;P@&amp#1;&amp#5;&amp#20;P@&amp#1;&amp#5;&amp#20;P@&amp#1;&amp#5;&amp#20;P@&amp#1;&amp#5;&amp#20;P@&amp#1;&amp#5;2&amp#4;j֨Q#��
&amp#5;&amp#20;P@&amp#1;&amp#5;&amp#20;P@&amp#1;&amp#5;&amp#20;P@&amp#1;&amp#5;&amp#20;P@&amp#1;&amp#5;&amp#20;P@&amp#1;&amp#5;&amp#20;P@&amp#1;&amp#5;&amp#20;P@&amp#1;&amp#5;&amp#20;�'���t<��&amp#2;
(��&amp#2;
(��&amp#2;
(��&amp#2;
(��&amp#2;
(��&amp#2;
(��&amp#2;
(�@�&amp#0;��k���_�&amp#7;�Q@&amp#1;&amp#5;&amp#20;P@&amp#1;&amp#5;&amp#20;P@&amp#1;&amp#5;&amp#20;P@&amp#1;&amp#5;&amp#20;P@&amp#1;&amp#5;&amp#20;P@&amp#1;&amp#5;&amp#20;P@&amp#1;&amp#5;&amp#20;P@�\&amp#2;$���#�a�&amp#21;P@&amp#1;&amp#5;&amp#20;P@&amp#1;&amp#5;&amp#20;P@&amp#1;&amp#5;&amp#20;P@&amp#1;&amp#5;&amp#20;P@&amp#1;&amp#5;&amp#20;P@&amp#1;&amp#5;&amp#20;P@&amp#1;&amp#5;&amp#20;P �����,V*��&amp#2;
(��&amp#2;
(��&amp#2;
(��&amp#2;
(��&amp#2;
(��&amp#2;
(��&amp#2;
(�S��d�9&amp#15;z@&amp#1;&amp#5;&amp#20;P@&amp#1;&amp#5;&amp#20;P@&amp#1;&amp#5;&amp#20;P@&amp#1;&amp#5;&amp#20;P@&amp#1;&amp#5;&amp#20;P@&amp#1;&amp#5;&amp#20;P@&amp#1;&amp#5;&amp#20;P@&amp#1;&amp#5;�	&amp#24;nϦb�&amp#2;
(��&amp#2;
(��&amp#2;
(��&amp#2;
(��&amp#2;
(��&amp#2;
(��&amp#2;
(��&amp#2;y&amp#5;ܸ=/�&amp#7;&amp#21;P@&amp#1;&amp#5;&amp#20;P@&amp#1;&amp#5;&amp#20;P@&amp#1;&amp#5;&amp#20;P@&amp#1;&amp#5;&amp#20;P@&amp#1;&amp#5;&amp#20;P@&amp#1;&amp#5;&amp#20;P@&amp#1;&amp#5;&amp#20;�&���v���u
(��&amp#2;
(��&amp#2;
(��&amp#2;
(��&amp#2;
(��&amp#2;
(��&amp#2;
(��&amp#2;
(�S�f�&amp#26;5r&amp#30;�&amp#2;
(��&amp#2;
(��&amp#2;
(��&amp#2;
(��&amp#2;
(��&amp#2;
(��&amp#2;
(��&amp#2;
d&amp#8;&amp#16;j��Qi�&amp#2;
(��&amp#2;
(��&amp#2;
(��&amp#2;
(��&amp#2;
(��&amp#2;
(��&amp#2;
(��&amp#2;
,@�p�&amp#2;�<��&amp#2;
(��&amp#2;
(��&amp#2;
(��&amp#2;
(��&amp#2;
(��&amp#2;
(��&amp#2;
(�@�@��*k&amp#20;P@&amp#1;&amp#5;&amp#20;P@&amp#1;&amp#5;&amp#20;P@&amp#1;&amp#5;&amp#20;P@&amp#1;&amp#5;&amp#20;P@&amp#1;&amp#5;&amp#20;P@&amp#1;&amp#5;&amp#20;P@��&amp#21;&amp#24;9r���ߺu�V�Z�o���@�&amp#8;���߆�+Eދ*��&amp#2;
(��&amp#2;
(��&amp#2;
(��&amp#2;
(�@�&amp#16;�ꫯ�L�R�XW]u�F�&amp#26;&amp#21;��f
(��&amp#2;
,n&amp#2;�G�&amp#30;0`�RK-U`�}޼y&amp#31;|�&amp#1;����z���J&amp#30;������?�0a�/�����F&amp#27;m��&��i��&amp#16;o��ƍ&amp#27;;vl͚5�I�&u���՘�b����C�Q�p{u|�&amp#28;�&amp#2;
(��&amp#2;
(��&amp#2;
(��&amp#2;
(��&amp#2;
T��C&amp#15;=����&amp#23;x�=�����+���&amp#20;P@&amp#1;&amp#5;&amp#20;X�&amp#4;&amp#8;�s˳f��믿�g�}&amp#2;�_~�{�G���>�S�NY�&amp#19;�|�'z��:ڬY�&amp#11;/�p���J��zʐn�����&amp#7;�&amp#26;&amp#28;��&amp#30;zh���Ŷ����&amp#18;&amp#16;�����%�:z&amp#11;
(��&amp#2;
(��&amp#2;
(��&amp#2;
(��&amp#2;
(��&amp#4;jԨQx�&amp#11;�&amp#28;&amp#20;ޕ-&amp#21;P@&amp#1;&amp#5;&amp#20;(&amp#25;�_�uȐ!�&amp#6;����M=8���kn���ڵkӦ�r�-���O>��`yh�:�zz�7<�䓡�q��&amp#20;���K�&amp#29;3f�I'�t�-����:�S2�Ν;�gϞ/��B8D?�&amp#12;�8q"O�����&amp#30;{�ɳ�m�<�r�	�`�G�ݒ���&amp#2;
(��&amp#2;
(��&amp#2;
(��&amp#2;
(��&amp#2;�*�d����=�?&amp#7;����y^&amp#29;��&amp#2;o���ɑ����W^y%5�]v�&amp#22;[l�<Dvܥ�^:YcY&amp#1;&amp#5;&amp#20;P@��\��W^���K� &amp#16;&amp#17;oѢE�&amp#1;K�{�ɵ����>:�ShI��G�&amp#30;!�>}�tz�ׯ&amp#31;�͛7��&amp#5;N����&amp#31;��+��2�N�:��3�&amp#12;A��n��e˖qHŶ�'V�B��]n1&amp#22;v���j&amp#1;Y&amp#26;��0&amp#29;�&amp#2;
(��&amp#2;
(��&amp#2;
(��&amp#2;
(��&amp#2;
(P&amp#25;&amp#2;��W�����/&amp#31;&amp#6;B���`��2^"���&amp#2;
(Pu&amp#5;����&amp#24;kg˕-�ܒ�R��+&amp#14;<��7ܰA�&amp#6;D���j�C!��f�w�uW<��p�=���k��&�bg����>��p�x��ﾛ��d��O?�S���]w]���~���_}�=�&amp#6;�b��&amp#19;-���?�"��-y;
(��&amp#2;
(��&amp#2;
(��&amp#2;
(��&amp#2;
(�@�&amp#11;�&amp#30;nĈ&amp#17;l%۷o�&amp#1;&amp#3;&amp#6;� ~ƌ&amp#25;�Q�vt�ȑ����&amp#15;���<v�X�� �m����&amp#2;
(�@�&amp#18;x��WÀO>����;�I�&<]u�U;t�@���&amp#7;&amp#30;x ���mY�M�F��7ߜ�е�^;���_�L��(���V[-��3�&amp#8;5Ç&amp#15;O&amp#29;J=�<yr&amp#8;���.�ؓG&amp#25;���oOͰa�X4&amp#31;&amp#14;&amp#21;�>١�&amp#18;&amp#19;p��&amp#18;{A�&amp#29;&amp#5;&amp#20;P@&amp#1;&amp#5;&amp#20;P@&amp#1;&amp#5;&amp#20;P@&amp#1;&amp#5;&amp#20;P@&amp#1;&amp#5;&amp#20;�d&amp#1;���ᇉ����ڸSO=5��&amp#11;�&amp#6;&amp#14;&amp#28;&amp#24;�ܿ��˷�n�d{6��ڵ+5������,+��&amp#2;
(P-&amp#4;���Z��:�d��&amp#6;&amp#4;//�䒡C�&amp#30;r�!�jՊ�g=7&amp#4;�9ԨQ��&amp#6;��Һu���{���_?묳2&amp#27;ĚѣG���[o&amp#29;+c�m۶a-��Q�v�a&amp#7;�m&amp#31;��P�&amp#2;�n/ɗ՛R@&amp#1;&amp#5;&amp#20;P@&amp#1;&amp#5;&amp#20;P@&amp#1;&amp#5;&amp#20;P@&amp#1;&amp#5;&amp#20;P@��&amp#17;&amp#24;3fL��&amp#19;_o֬Y���&amp#27;6l�Pط��������ð�.���!?-�oc���s��	{�Sf&amp#27;�e�Y&��
(��&amp#2;
T;�5�\3��|-&amp#5;&amp#14;�\�G&amp#28;q&amp#4;�vڳ~=�Y���k8&amp#26;�yI5�h���!fO��ԡ��&amp#24;�oڴi�>�ce|�.�}f�֔��??�>&amp#20;P@&amp#1;&amp#5;&amp#20;P@&amp#1;&amp#5;&amp#20;P@&amp#1;&amp#5;&amp#20;P@&amp#1;&amp#5;&amp#20;P@&amp#1;&amp#5;�E`��w����w�u׭��*�
薬�7�p&amp#3;&amp#5;V�w��=\�t��/��&amp#2;"��^{-A��¯_�~�n��)����������&amp#2;
(�@u&amp#20;������3o޼���\�e�5�&amp#8;�L�4)k��#�z�[�^��m����&amp#21;VX!�M������b�g�iM�&amp#8;0#���%�jz#
(��&amp#2;
(��&amp#2;
(��&amp#2;
(��&amp#2;
(P�&amp#2;����&amp#21;W\��6��X;c�{�&amp#27;7nL᫯�J&amp#14;�]�v��&amp#15;5,��g(|����bK����;wN6���&amp#2;
(�@�&amp#19;Xw�u�?��0lvjg�&amp#25;�~�i֬Y&amp#11;/$��m�~�z�?��3��q�¦-����_��ɧq��&amp#18;K,��&amp#15;套^:&amp#20;�N�&amp#26;
Ŷ��Ӛ�&amp#17;`�����y5�&amp#17;&amp#5;&amp#22;J`����z�����&amp#23;�&amp#23;OV@&amp#1;&amp#5;&amp#20;P@&amp#1;&amp#5;&amp#20;P@&amp#1;&amp#5;&amp#20;P@&amp#1;&amp#5;&amp#20;�!ФI&amp#19;�d.�;餓ؠ�C��gQ{H#O��&amp#11;/�0��m���V@&amp#1;&amp#5;&amp#20;P�J&amp#11;&amp#28;z�LD�Y�&amp#25;+[�3&amp#17;��n#C�o����漁ƥ�饗�;��y�l�AX���J+���B84cƌ��O���&amp#18;&amp#19;0�|����p;S�L	�8�@��&amp#6;&amp#27;�&amp#25;&amp#1;s��&amp#5;�<���Z+O��?��Gfsݍ7޸nݺ&amp#21;?����7���&amp#7;&amp#31;�v�i�w^�~x�a�&amp#20;^��&amp#15;?|a��&amp#22;���&amp#27;l��&�l�k��g�~��RGy?^q�&amp#21;�ԩ�;k!&amp#31;wI�3j�(~�I��ꪫ�z�O�4�'m>N�&amp#18;���^{m>co��fY��ųR&amp#5;��}���_��ĉ&amp#19;�a���ۥy��lr�j���������Y3y�dFKF&amp#29;r�5j�(�_4mR�&amp#3;��O�&amp#30;.T�P3&amp#7;`�&amp#2;
(��&amp#2;
(��&amp#2;
(��&amp#2;�*��o��q�&amp#15;�|��&amp#7;pn3���_V�]v�e�&amp#30;{,�G&amp#31;}t8t�����&amp#0;&amp#0;@&amp#0;IDAT&amp#23;��<�̲&amp#2;
(��&amp#2;�W�C�&amp#14;$t!NԷo����s#�!��
&amp#15;6[�b�-�|k&amp#7;&amp#28;p���?�&amp#23;��0�m�%�&amp#28;3fL萯���&amp#7;&���s���Z*�Q&amp#14;���5k��e�Ŷ�߹G��&amp#0;љZ�y
	&amp#26;U��t��T�<W�_~9��W�c�=&amp#22;�vd�"&amp#19;u�?�&amp#19;�t钵AeU&amp#18;k'\��Y�ݾ}��&amp#26;F&amp#25;��\�&amp#1;&amp#3;&amp#6;p"&amp#25;�&amp#22;2�^��W�S&amp#8;*�q�&amp#25;&amp#12;~�u��'6�/�&amp#31;�1�Td�M��0�n�=�X}�ճ6���p|0f&amp#18;&amp#3;ef��&amp#25;v��?�쳞={~�駩C���9��7�<U���_�L �ݻ�7�|�y����&amp#28;sL�u�j��wߑ�&amp#0;�T}x�mr.w&amp#26;����qg�T���[�?b�&amp#22;�&amp#24;R�|��&amp#2;
(��&amp#2;
(��&amp#2;
(���&�\v>��Ֆ������&amp#26;|&amp#15;�Wg��~{8ʇqr�gmi�&amp#2;
(��&amp#2;�T��[m۶�͑p;k�X���G&amp#31;q/g�u�&amp#29;wܑgu\��%��&amp#27;(&amp#27;Ç4�cǎ�	�_u�U��'ܞg9\h&amp#28;���&amp#29;�SW�K���&amp#30;��&amp#21;�>աOKI�I&amp#24;��K�&amp#5;��{�w�5�\�,�J&amp#30;��t�&amp#21;VX!��j���8��B�+9j��&amp#4;�G�&amp#30;�"�2t�:r޿��^&:&amp#16;��쁩s���+8&amp#29;�3���k�&amp#29;4hP<��
,�g;&amp#25;Nd�{׮]&amp#31;|��7�06�,�6O32&amp#28;�C���Ӂ8z�
�{�.�(6���Ç3&amp#15; ���I3�k׎�{�����Į�&amp#22;&amp#15;v�c&amp#15;�#�<r�3��&amp#22;&amp#20;P@&amp#1;&amp#5;&amp#20;P@&amp#1;&amp#5;&amp#20;P@&amp#1;&amp#5;&amp#20;(1&amp#1;>��z��~�m�/>k�&amp#25;���&amp#20;H���{|&amp#26;7m�4R��6 6���&amp#2;
(�@5&amp#21;�r�-I�r�}�&amp#17;&amp#14;�&amp#22;�����vN�km���i��6�p汅ա&amp#19;&L�&amp#1;����b&amp#28;��4d�I5�ߢ�f�P`�T�>-%&amp#1;�4�bރR�1沈&amp#4;^{�&amp#23;_|q��v��&amp#1;,n��>�ۙ&amp#8;F&amp#26;�����v�&amp#4;�&amp#31;}��x.��&amp#22;&amp#24;ng�;��p
���_~!�:�m�.�&amp#22;{�駳�}�0&amp#20;&amp#30;y�&amp#17;���̧����yc>���~��&amp#11;�)����g6&amp#31;��>��2ύ5���v�m	�&amp#19;�'�N6��^?��&amp#31;���w�=�P��W^a�|�&amp#25;&amp#3;���h���&amp#20;?��;��L&�=��3^+&amp#20;�~�&amp#22;&amp#6;�y&amp#11;�&amp#27;&amp#4;��<�o�&amp#7;�L!|�&amp#23;�#)�/�T?>U@&amp#1;&amp#5;&amp#20;P@&amp#1;&amp#5;&amp#20;P@&amp#1;&amp#5;&amp#20;P��&amp#4;��Lr�&amp#16;k�m��&amp#14;<��ƍ&amp#27;�ۼ��X�&amp#30;�&&amp#11;|�&amp#16;�G�JZ�jՊey�6�&amp#21;P@&amp#1;&amp#5;&amp#20;(1����?���&amp#2;��F��&amp#7;o��+v�ei;O&amp#23;��q&amp#12;�O�6-�1��ϸ�{���,�����c�$�͛�&amp#20;&amp#1;>&amp#24;&amp#16;���K/�&amp#23;%DڱcG6&amp#20;_<o�ػf&amp#22;yX���.�p.&amp#31;qg̘��&amp#19;B���AF&amp#26;�J��<�&amp#5;&amp#16;&amp#22;��D����&amp#7;"�&amp#4;�C���5Q�x(k�O�̹&amp#27;2dȎ;�&amp#24;'?�Q���a_&amp#3;������&amp#27;+&amp#15;;�~��&amp#17;�'�\��s�Y�fݻw&amp#15;��1!���&amp#31;&amp#7;�^zi�!=&amp#29;�6���t:����&amp#4;g�S� ��S��w�ԉ�&amp#22;d�&amp#15;=0f��'/gY&amp#1;&amp#5;&amp#20;P@&amp#1;&amp#5;&amp#20;P@&amp#1;&amp#5;&amp#20;P@��D`ҤI!�-&amp#31;�/���d�&amp#29;&amp#1;���r`j{���#�&amp#8;m���y���jo�&amp#2;
(��&amp#2;% &amp#16;�ؙ_D����}TY����&amp#24;bg�]fK"&amp#11;�2n/[l��>�)&amp#25;�V���1�xJ�Ƽ��&amp#23;`"&amp#15;1Ȼﾛ��쀞��[�`�O�N&amp#14;m&amp#22;j�&amp#3;�>&amp#18;}$7�fRp�&amp#23;Ll/�j�pi&amp#8;%�k�&amp#19;S�c�&amp#15;f&amp#7;�t��c�P�O��w>&1&amp#1;�ͼ9�aÆ�4�5���$L¢%w�	���͛�(f���KP�E��&amp#16;��O>���&amp#19;ʥ[ҀS&amp#25;���'��Y�L��&amp#6;s�&amp#8;���&amp#29;z�7{�+y�Y�f����P&amp#8;33l��-[���'t&amp#27;�&amp#25;&amp#30;&amp#23;�	������Yy~Q�D��/���#%-�$�$��K�&amp#14;&amp#1;&amp#12;zt���o�r���O�1��+w��O��q㼬�u�]/�KI'���_�=�&amp#19;�&amp#27;F�5ܹvU�&amp#23;�,0Z���u�]&amp#28;�*$���R��`�-�`G�L�TW�0&amp#31;|�����寿�:e&amp#22;�ǉrY[r�\?�1�&amp#14;/M�\FΏ(5,U�!�d�2�&amp#25;0Qv���\&$2�!��2t�)
(��&amp#2;
(��&amp#2;
(��&amp#2;
T#�/��2��o&amp#6;�s���&amp#19;�&amp#27;�z/|GA�8&amp#14;&amp#17;&amp#12;�ҥ&amp#11;�~�v�m|e�<~&amp#18;�f=�J&amp#5;&amp#20;P@&amp#1;&amp#5;���M7�D���S��&amp#18;&amp#25;�۷o�&amp#11;�����&amp#31;�[&amp#18;�&amp#19;r��?!&amp#27;��&amp#17;�x뭷X�jL%5�2���bۧ:�i)	&amp#16;�1�|)���y/|`����ž��L���[�&amp#3;"������T{&amp#22;ݲ�7���]F&amp#18;-&amp#26;�|���RN�&amp#28;:t(&amp#1;~j�U��v�М9s�9�&amp#24;jڴiç��B�D��T&amp#19;&amp#2;���&amp#7;&amp#28;p&amp#0;cK&amp#6;S��_r�%�/�j�S�|3�u�R&�~�I'Q��y&amp#0;윝j��W�Gt��SN&amp#1;3y�&amp#27;�ѣGrZt�l�$&amp#3;&amp#15;�c%��?r�IvB��&amp#21;V6�[����.�,�sҧ�ݻC&amp#27;�B&amp#24;X�z�2O!�9��S+���^u�U�I	��rˈ&amp#17;#�}�i&amp#19;�&amp#31;#C�!c9S�Y�͞�W�5&amp#12;���&amp#30;�O�*0�pѝwޙww�b"&amp#2;���&amp#16;n�q���K/&amp#29;�&amp#1;87��&amp#12;��0K �&amp#18;�&amp#21;R`�Ch��mPȉ�6�'O&amp#14;OÏ_(Ϟ=��g�e^�d��,3��[�n��D?$�&amp#15;��.d����&amp#2;
(��&amp#2;
(��&amp#2;
(�@5&amp#18;�S�N&amp#24;�&amp#31;~���&GΗ&amp#30;a�{��2K&amp#14;���J
��&amp#15;��;w���&amp#27;o���lv�[��5�>ՏO&amp#21;P@&amp#1;&amp#5;&amp#20;��&amp#2;��c�9y\�g7h� ��=�G&amp#24;0ov{�W�&amp#14;���Y&amp#23;&amp#26;�y�&amp#15;{�&amp#1;gUq6`<�� � (����bC�c7vc�&amp#5;{�F�����c�h�D��؍&amp#5;{��&amp#21;K�a&amp#3;A&amp#5;&amp#5;A&amp#16;��=8�d<��˲��s�̙3gΜ���e�{�̜7�!'R�0�S��&amp#18;K��&amp#18;�aZ Cz��&amp#23;	H�q(��1őf<&amp#21;&amp#23;�&amp#1;嶯ݫ���&PEd�����4F&amp#1;~f&amp#17;}$&amp#24;&amp#28;&amp#6;�O1�&amp#27;*�B8*��{��Mh<��YW{���'dN?�����t��&amp#24;��&amp#1;�&amp#24;\&amp#12;m�j&amp#31;5{0j̘11�Nh���&amp#25;^��c&amp#18;�P��E1��oA,��!a&amp#23;��&amp#6;;C%A�&amp#16;kg�8?����z*	&amp#0;s�!�NW<&amp#29;@�@����F��k�����&amp#21;!��&amp#15;1�c�9&�&amp#26;&amp#30;N&amp#26;�$v��&amp#30;{&amp#16;k�%&amp#23;˃&amp#2;a&amp#23;�| �5Nbc
ܣ����!���r!&amp#4;\�gz:	�3�&amp#11;�&amp#3;Qe�w�k��\!�&amp#31;c�T�ɜ���@8�&amp#7;��Y�s1&amp#29;L���&amp#30;{,�	3��/�����L&amp#3;~r��@�d�~���褂��&amp#24;y��&amp#30;Ba��&amp#22;K�/�� �&amp#18;&amp#31;��[�&yo�?2p uA�&amp#29;�Ғ�Ox��&amp#12;~)�m��&amp#2;
(��&amp#2;
(��&amp#2;
(�@%	���>��&amp#15;>H~x��g�5����������!�N%�#Z�nM���O9����3�d�Fz�e&amp#5;&amp#20;P@&amp#1;&amp#5;&amp#26;�@��0w�����Y����L�J'7���&amp#8;F&amp#16;>'z�W�&amp#4;�8�&amp#20;t�d�8%=�L@��&amp#20;�-�;��+&�g&amp#17;XV��OR�&amp#18;�a��Y�7&amp#24;&amp#15;)�}<�B�	4�$5��+��L�_&amp#15;���^&amp#3;&amp#6;&amp#12; �z�UW&amp#17;&amp#27;���<%���4#���&amp#15;!)��ɓ�aǴu~&amp#27;��{�����(&�&amp#18;�<�#b��\&amp#14;?1C&amp#1;or�ǽq9"ֱ��&amp#2;�@x�����n�iLuNV���&amp#22;&amp#23;�&amp#28;��&amp#27;W��3�Pf�6&amp#11;i�y�LygH�&amp#4;)�&amp#16;B�\&amp#17;�Ij�P�Cx^�y��&amp#16;&amp#12;f�z�\�&amp#15;�gbހ�t�F&amp#27;m&amp#20;&amp#14;)�'C�p�B��O?����'���M���!�&amp#28;BV�����&amp#12;��:�d&amp#8;g&amp#6;<)5�"�&�q>&amp#14;C�rB��*&amp#8;��3˙%�c�P�I&amp#5;
\�&amp#5;&amp#23;\�0�@��~&amp#24;[��N`�T�q�&amp#0;Ҷ��i��&amp#7;!�[雜��&amp#18;��h'�=&amp#5;nk&amp#24;'����_�s�u<&amp#25;���ӀY���B�kP��
��&amp#0;4b������&amp#22;,�&amp#16;:�=�f��y�V\qŲ�,�qX&amp#22;&amp#1;&amp#28;�c��&��K9�6
(��&amp#2;
(��&amp#2;
(��&amp#2;
T�&amp#0;�&amp#18;�=F��w��&amp#23;�W���|��Bli孷�&amp#26;&amp#30;X's!_}�]<|�W:�X�[&amp#8;�&amp#3;��Jp�&amp#11;
(��&amp#2;
ԙ&amp#0;q&amp#4;�	�D&amp#8;��&amp#31;?��	�}L�d�&amp#22;�Q�a�=\&amp#5;�~�&amp#4;��E��7&amp#19;#�AX��&amp#2;�HW�fe[���ؘo�CN�7&amp#2;%��k�O{�\a&amp#2;U&amp#21;v=^N=
&amp#16;���,�&amp#29;�73�;F�&amp#11;��&amp#31;d$&amp#24;go&amp#8;�ư")͙�M%���F ��B�_}6��L$2vH�9���I�=�\�E�&amp#20;%�I?�&amp#31;�i�"eN���L���v&amp#26;&amp#19;�$�N�&amp#31;�D���!�	�-��"����@&&amp#16;g��
��'�D�X;�ĕ�c&amp#1;��&amp#17;��J�a>z8���c&amp#15;�&amp#22;�O�X;��'>&amp#3;�&amp#28;���3+�	��&amp#19;���7�p	����&amp#16;���&amp#15;���k��Ư�dk�&amp#1;q��` =&amp#23;�Ŋ)<�@�����&amp#15;˴�6�=�ک�&amp#25;�6؀&amp#2;O��&amp#6;5��w�	��c&7�&amp#24;d,�7&amp#30;��	�B������}�&amp#11;37&amp#20;Ұ�&amp#11;&amp#25;��S��9���&amp#27;x��Cx���Ք)S�%����&amp#31;�Q���_&amp#28;Ȁy�! �~H0&amp#16;
�l�����6q��ȑ#Kio&amp#27;&amp#5;&amp#20;P@&amp#1;&amp#5;&amp#20;P@&amp#1;&amp#5;&amp#20;P@&amp#1;&amp#5;&amp#26;�@�N�aǯP�%0O��"�[&amp#29;�)��&amp#6;�ӆoi�.�U��<K&amp#7;��&amp#16;c'&amp#20;h&amp#28;��'G 3=�]�&amp#21;P@&amp#1;&amp#5;&amp#20;h\&amp#2;|&amp#27;Or\"�<^&amp#22;�={�$�n��h�u�6���&S�&amp#7;+�b&amp#2;an�����6>g�&amp#7;z�H&amp#7;A���^;���L�\g�u�ʚ�����
&amp#16;`�g����
�$/��&amp#5;���I�ayr&amp#30;Y"*I�Ш�e&amp#27;��D&amp#7;۴i�6#��:&amp#25;�&amp#30;BБ`6�y�&amp#3;�9ִa�+R���O?�4&amp#5;~̭��L�&�N&amp#8;<D�	��&amp#26;����Lc���9����p8��ù�|&amp#31;j&amp#24;0��R&amp#18;���N8&amp#14;�&amp#19;Z&amp#14;s�I&amp#18;�&amp#25;sL�&amp#18;C��^&amp#2;�`v~�Yǎ&amp#29;I\O�y���]as�]vɭ�)��Ɵ?�&amp#23;�&amp#1;�T(�ϰ3�l���!]<&amp#25;�{���{�q�1�Le�T�&amp#19;a�]a�&amp#20;V2���Rl3����桼���&amp#6;Ĥ���{�?	K����,m^iM(�G��2&amp#31;ƹ�jP��}��9�0&amp#5;��&amp#30;&amp#8;�g&amp#22;8�@.�&amp#12;������رcCa.���s3�ſ,%^��&amp#20;P@&amp#1;&amp#5;&amp#20;P@&amp#1;&amp#5;&amp#20;P@&amp#1;&amp#5;&amp#20;h&amp#20;&amp#2;|&amp#31;�J�y�J0��י����L&amp#26;�;&amp#16;~S���G�R���[Ȁ�[o�&amp#2;
(��&amp#2;MG��1�?.� &amp#26;E���}Y[�&amp#16;F�8&amp#2;iwy܍iiy�J&amp#18;�!-.��0���D�0��΍k:W�?�ύXQ�&amp#17;�J�
&amp#16;�f&amp#2;1�ʉ��|8&amp#25;��6�2FXYQ�&amp#21;;2���T�P��c��G�7����%���o8q�+��&amp#18;�1�<{3=�`�X�Q�&amp#24;&amp#18;�����&amp#27;�b�;K�s��t���:Q�L�3sR����&amp#11;K��2.�&amp#30;��1���qe�ĉ��x�&amp#7;���ۆtd��&amp#11;�&amp#19;���1�&amp#30;���|	ӯYT,����t�P�vE9�)�Tv��-�Ĝ&amp#1;�A���g�XlS�@�a�&amp#2;�ݷk�.6�A�\&amp#8;��B�v�Z��ł�&amp#12;�gDxq&amp#8;/�&amp#14;�lD�p�&amp#11;,&amp#1;p�QG�&amp#15;��'WJ�d�&amp#25;�S&amp#14;<EŻ��:#亸j^<&amp#25;�_Ø3 �&amp#3;�)��ǜ&amp#15;8�&amp#7;�Be��!��5
(��&amp#2;
(��&amp#2;
(��&amp#2;
T�&amp#0;_��&amp#12;�
�F/M&amp#1;&amp#5;&amp#20;P@�&amp#26;&amp#8;&amp#16;O��&amp#22;x��,L�$ Rm�؀������RK-&amp#21;�W[(�}�&amp#29;ڠq	4o\�u��E��Y$&amp#18;'6|��&amp#19;x������O�����:�+�&amp#12;�q�>&amp#18;	&���ߐY=f&amp#23;'h�&amp#15;�&amp#16;�f�r&amp#8;��T�1V��Yb�@2k�&amp#15;&amp#30;<8Ə�&amp#30;H��u����O&amp#18;0&amp#2;�g��bV1a�8�=s`�&amp#1;���'�c�=�&amp#27;ʱM�LM�4�РH&amp#4;��s�&amp#8;}���ñ��g&amp#14;����9u܌y�c�)�� �o&amp#18;r��pY|^&amp#12;�'�x�6,�Rd����0՞]�gX�>m&amp#19;&amp#30;&amp#26; ���a�b&amp#22;��&amp#1;�&amp#24;�ft'(�&amp#28;}�&amp#21;����m!�}zT�ʼ�Y��c�&amp#17;�����~x&amp#19;�&amp#11;��&amp#8;&amp#11;&amp#15;��b�/�X&amp#0;&amp#15;&amp#0;��&amp#19;tȣ!�[nbXƾ����2�w�׳�&amp#30;l��&amp#2;
(��&amp#2;
(��&amp#2;
(��&amp#2;
(��&amp#2;
(P�&amp#2;du�U���E5M&amp#1;�A�v{Ӽ�s��I�����4g�qFX�=��1�5��,&amp#22;z&amp#17;z&amp#12;ǆ�ۉ�� .�u�&amp#8;��h&amp#2;�!�6��p:����'��6&amp#28;^֟D+O<�D��z��B��&amp#19;&amp#17;�gztާ�X��&amp#4;�\l�{�w���E&amp#23;]�w]�!�8¼1ﰗ���Y�BHt_�Mf�&amp#2;&amp#11;,��	�1�&amp#29;���,ElY��Q�{���$`&4&amp#15;(�'+&amp#2;&amp#16;�F�G&amp#30;���b��5��&amp#25;�-�s�=�&amp#16;��&amp#4;��W�Y�\m���.�����[o��})�R&amp#31;t�A!��J0s&amp#24;&amp#8;疑g�&amp#7;YBp�e&amp#14;�󐜟!�g&J&amp#25;^�mX$������LI���R&amp#1;&amp#5;&amp#20;P@&amp#1;&amp#5;&amp#20;P@&amp#1;&amp#5;&amp#20;P@&amp#1;&amp#5;&amp#20;P@&amp#1;&amp#5;&amp#20;P@&amp#1;&amp#5;&amp#20;h�&amp#2;��no��sl�Z����2g^2�q��`J1�&amp#16;J��թS�P��[�_��B&amp#5;D�����u&amp#14;���<9gd&z�K̛�ǔC��P�E���0m�&amp#6;̺>�Ø"&amp#31;CΏ>�h:�8v�r ,�͋<�w�}7�bv&amp#17;6&amp#30;:t(a�&amp#26;�̎��A��$���@�1��&amp#5;a<��M��c��&amp#17;&amp#1;�&amp#4;0ɛ�&amp#20;���!ओN*�' 6+T��@���ݻw���/��&amp#2;O&amp#15;p�x�����pxxK��G�N]z=s�9{�&amp#11;r�5׬��ʥ&amp#31;[�%��y&amp#12;��o��ȑ#{��A!.���K/���E&amp#14;��.�����@rQ����&amp#6;'�&amp#16;&amp#5;&amp#20;P@&amp#1;&amp#5;&amp#20;P@&amp#1;&amp#5;&amp#20;P@&amp#1;&amp#5;&amp#20;P@&amp#1;&amp#5;&amp#20;P@&amp#1;&amp#5;&amp#20;P�~&amp#5;&amp#8;�&amp#25;n��[P�g'�6�߉ &amp#18;@e�n��΄��,��Ç�&amp#18;n���Y&amp#31;=.D&amp#29;�q��O�>&amp#1;���^c��P&B_3�0י�٤��Lю�&amp#23;�q�b&amp#5;w&amp#4;&amp#8;=2Z�S���&amp#26;��7�zV�Ν�&amp#30;��qɱx�b��9�
�&amp#0;&amp#26;7n&amp#28;����&amp#14;;L�>��0I&amp#5;�g&amp#29;jp�&amp#7;&amp#31;|0&amp#28;u��g�Hs�&amp#15;�h2���$�|�u��ƹe&amp#14;d�s&amp#18;Z������.$&amp#12;�Ɍ9Y� wx1�&amp#1;w6�e������ʚ&amp#11;���z�Q5��9s�9�&amp#19;��1k֕G)��&amp#2;
(��&amp#2;
(��&amp#2;
(��&amp#2;
(��&amp#2;
(��&amp#2;\�&amp#8;Q&amp#21;�k�tx�W���)��&amp#18;��j�Z��\&amp#11;��Ps�}���Vdu���[�C^�uR�S`�uϞ=C'�K&amp#14;3�I#O�;T��⊡P֟&amp#4;}C�&amp#16;~&�N?,�^Jo��>ꨣB˸�y)&amp#7;�o�&amp#0;�&amp#25;��O?&amp#29;jb��x-����&amp#31;|����5�$]A������������o�]v၉�W�&amp#6;�&amp#18;&amp#11;&amp#15;}���Zyc�����[������O1bĈ��&amp#8;o�9���'?�߮���ڍ�s9&amp#31;|�A���Ɵ���&amp#31;~x��i�Bk=�N&amp#17;Z�W�4&amp#21;!�&amp#4;o�=�ܳ�&amp#30;l��&amp#2;
(��&amp#2;
(��&amp#2;
(��&amp#2;
(��&amp#2;
(��&amp#2;
4.��9�&amp#18;5�Ku��"��&amp#22;[��S�ᇹ!gb�a21��B��L&amp#24;������>&amp#11;���j��=��F&amp#27;�s��0�k�,�N�B�֭[�]d۞6mZڌ����&amp#26;�,��&amp#25;gh&amp#16;�����3=4�M�zg�D���&amp#14;FH��&amp#28;�q�&amp#7;&amp#31;|0eBΗ_~93�c},�5�{s&amp#11;�&amp#7;&amp#15;�����5d�&amp#16;Bż�{�ܮbM|P`�&amp#29;w���&amp#2;K������&amp#18;�3�8q�駟&amp#30;�![{���7��&amp#30;b�\5k.���*�&amp#31;&amp#27;Z�ޣ�BG��IX&amp#19;��w�.]b34�D�&amp#15;<��"=�C�&amp#23;Ȩ���%�C3V[��_��gq�&amp#2;
(��&amp#2;
(��&amp#2;
(��&amp#2;
(��&amp#2;
(��&amp#2;
(�p&amp#4;&amp#8;S6o8�q$�*p�'&amp#14;&amp#26;4���&amp#29;}��!p~�y�"�v�mGP���1cX&amp#4;��g�a�&amp#3;�����:�7&amp#15;���w��&amp#14;�&amp#16;�OcñM)&amp#5;&ʳ�4&amp#11;~&amp#19;K&�8˱&amp#19;�&amp#28;=z���&amp#3;����&amp#3;�7�p&amp#3;!̾}��n�h1&amp#17;k��&amp#23;^xah\J���n륆&amp#7;#���";�|s#�&amp#27;}�熹�,.NT8�j�wf�8�><��ß|�	�лu�F&amp#3;&amp#26;3�(xx��h�r�-G�&amp#19;�fe���۳���ڵß{&amp#29;&amp#23;�����̥��D��ۀ��"q&amp#2;eF�������&amp#2;���y깕Ŀ�&amp#6;�~�)A�P�m��:�&amp#3;&amp#6;&amp#12;&amp#8;5L��m������y&amp#15;�y�l�	���&amp#30;�c+�|�f�ر�&amp#8;ޮ�KY�&amp#0;"���&amp#0;�F���u�]�1w'=�w�	'�@�&amp#0;*�����&amp#30;{�(�;&amp#8;8�&amp#28;p��Yne�&amp#27;��&amp#8;�o�O?��_4�5��w�y'��I'1��iA&amp#1;&amp#5;&amp#20;P@&amp#1;&amp#5;&amp#20;P@&amp#1;&amp#5;&amp#20;P@&amp#1;&amp#5;&amp#20;P@&amp#1;&amp#5;&amp#20;P@&amp#1;&amp#5;&amp#20;�T&amp#1;��zg&amp#27;�u&amp#17;�#�<!ۼc"����^zꩧ&amp#18;d}��W�Yf�s®D&amp#19;C���
+���g�q&amp#2;��Q&amp#14;��cӖՖy&amp#14;�|�4#�&amp#26;c��(RħO&amp#0;P�4n�L퍳{���=�ظ�yZ�&amp#0;˛m�&amp#25;qV⯙�,C%&amp#4;NP6&amp#29;39����?�|��<��!D�ӽ�\�&amp#4;w�&amp#29;Ae�	��r&amp#0;�O�]�\;�S��9ҋ�&amp#17;�����Ӟh:+&amp#17;Įr&amp#11;�:����n�6H��?��+�&amp#16;jx7�Tyǎ&amp#29;�&amp#18;��N�%�q^�&amp#14;aQ&amp#3;&amp#22;\/��z���G�&amp#26;�fΝ��%�&amp#4;��w&amp#28;&amp#24;&amp#18;&amp#24;&amp#20;�!��\y�5mx�p�����@�
(��&amp#2;
(��&amp#2;
(��&amp#2;
(��&amp#2;
(��&amp#2;
(�@�	TU��x9u/м�&amp#30;�(2�y��+R���0Z�������o~C�33~"�{�WZ�|�8My��7�=)��C{b~i�촓L�tܙ&amp#26;6Y2��zH�&amp#29;�2g�ɾ��O&amp#8;(Ƴ��ꪌ3Ә�z��}�e��]�:ׁ�\]8W�9��B�Λ�;ooy+�Y2{�&3�o��FB��\j.�&amp#24;���߲e�t<��&amp#12;�&amp#20;�C&amp#15;=4�ڱ�9��B�)2�&amp#29;2&amp#21;~�-�$�N���~`0���ۃ�Ќ&amp#20;&amp#8;$-&amp#15;�y�]ļc'�&amp#2;�&amp#17;B�eve6&amp#25;Ux���w��&amp#23;&amp#26;'2��'��`&amp#8;Q3#<�U�&amp#25;/?ooqozH�r��CKr&amp#0;�u�YaɆ̱&amp#12;��%Q����;�+lv�����nb�;&amp#11;ۧw<��6�/�&amp#19;���W&amp#27;:&amp#2;�sx�&amp#24;k�U�F&amp#1;&amp#5;&amp#20;P@&amp#1;&amp#5;&amp#20;P@&amp#1;&amp#5;&amp#20;P@&amp#1;&amp#5;&amp#20;P@&amp#1;&amp#5;&amp#20;P@&amp#1;&amp#5;*R�y��ʚ{Z�
^T�&amp#18;&amp#24;?~<��y[�?�H&amp#30;)��`xW_}5�fs"�-�L�g$$����h��E��a�d�&^KԜ|�&amp#8;ުU�:&amp#24;�\:&amp#5;�ι&amp#22;�&amp#15;�m۶�SL�<y�ȑ,uO{b��[�.�І��amu���߿���&amp#30;n��v&amp#30;\`��#��ׯ_lO&amp#6;&amp#2;&��fM�@��q��q�x|$��r#��}86����&amp#5;&amp#23;\���^�O�*��&amp#2;
(��&amp#2;
(��&amp#2;
T�@��&amp#23;2���_�&amp#12;�����&amp#5;&amp#20;P@&amp#1;&amp#5;&amp#20;P@��$Pn|�c��1���F��3g�4�|#�OMj�D�y��%?���ጹS�	��*��l�&amp#4;�y�����阦\�Le�-`&amp#5;�&�&amp#2;�&amp#29; Л�	��C�����&amp#29;2dHh�&amp#12;���M��gS:������&amp#11;�&amp#26;&amp#31;�
(��&amp#2;
(��&amp#2;
(��&amp#2;
(��&amp#2;
(��&amp#2;
(�@�&amp#18; ����&uǽ��&amp#8;0&amp#3;{РA�&��>p��/���&amp#29;$���H��$&amp#8;�&amp#25;3&&amp#20;�W�ׄ�&amp#7;���F��w��O2��B o{+&amp#21;P@&amp#1;&amp#5;&amp#20;P@&amp#1;&amp#5;&amp#20;P@&amp#1;&amp#5;&amp#20;P@&amp#1;&amp#5;&amp#20;P@&amp#1;&amp#5;&amp#20;P@&amp#1;&amp#5;&amp#20;��&amp#2;��綰�7D��&amp#19;'�p�	��&amp#29;w�q�&amp#26;7�L ���裏n��6���>ޝ5�\���׾��;�=&amp#3;�&amp#2;
(��&amp#2;
(��&amp#2;
(��&amp#2;
(��&amp#2;
(��&amp#2;
(�@]
�v{]j{��"�T�M7�4�f��?��j�&amp#8;=�c��&amp#2;�n�k��X;�&amp#30;����z�iয়~����"&amp#8;=��n�&amp#31;|���
(��&amp#2;
(��&amp#2;
(��&amp#2;
(PS�Z[�ӵ�kz&amp#11;<N&amp#1;&amp#5;&amp#20;P@&amp#1;&amp#5;&amp#20;�#&amp#1;�n/&amp#29;������eˊ&amp#18;�4iҰa�Z�l��b����FE����|���La&amp#15;K��&amp#14;f��&amp#23;�ׯ��;�ܬY�ܽ�(��&amp#2;
(��&amp#2;
(��&amp#2;
(��\&amp#22;0�>���^&amp#1;&amp#5;&amp#20;P@&amp#1;&amp#5;&amp#20;h0&amp#2;5��ڿ&amp#24;&amp#27;�DI&amp#3;1�^&amp#18;��&amp#20;P�&amp#14;&amp#4;x&amp#2;�W^���&amp#15;>���ɓ'��{ǎ&amp#29;Y���&amp#3;������:�&amp#5;�B&amp#1;&amp#5;&amp#20;P@&amp#1;&amp#5;&amp#20;P@&amp#1;&amp#5;&amp#20;P@�&amp#2;&amp#2;��婳�&amp#11;&amp#8;[��&amp#2;
(��&amp#2;
4&amp#20;&amp#1;��e�	��eq�X&amp#1;&amp#5;&amp#20;P@&amp#1;&amp#5;&amp#20;P@&amp#1;&amp#5;&amp#20;P@&amp#1;&amp#5;&amp#20;P@�&(`��	�t/Y&amp#1;&amp#5;&amp#20;P@&amp#1;&amp#5;������n|UY�m��&amp#2;
(��&amp#2;
(��&amp#2;
(��&amp#2;
(��&amp#2;
(��&amp#2;
(��&amp#2;
(��&amp#2;�f�2���@&amp#1;&amp#5;&amp#20;P@&amp#1;&amp#5;&amp#20;P@&amp#1;&amp#5;&amp#20;P@&amp#1;&amp#5;&amp#20;P@&amp#1;&amp#5;&amp#20;P@&amp#1;&amp#5;&amp#20;P@&amp#1;&amp#5;&amp#20;P@��&amp#4;X
�p{yd�V@&amp#1;&amp#5;&amp#20;P@&amp#1;&amp#5;&amp#20;P@&amp#1;&amp#5;&amp#20;P@&amp#1;&amp#5;&amp#20;P@&amp#1;&amp#5;&amp#20;P@&amp#1;&amp#5;&amp#20;P@&amp#1;&amp#5;&amp#20;P&amp#0;��*(��&amp#2;
(��&amp#2;
(��&amp#2;
(��&amp#2;
(��&amp#2;
&amp#20;&amp#18;���&amp#15;
�^&amp#1;&amp#5;&amp#20;P@&amp#1;&amp#5;&amp#20;(.ЫW���ۨ&amp#5;fΜYEB�F}&amp#14;^&amp#1;&amp#5;&amp#20;P@&amp#1;&amp#5;&amp#20;P@&amp#1;&amp#5;&amp#20;P@&amp#1;&amp#5;&amp#20;P@&amp#1;&amp#5;&amp#20;P@&amp#1;&amp#5;&amp#20;P@&amp#1;&amp#5;&amp#20;P@�:&amp#22;���j6c�&amp#12;���O��&amp#20;P@&amp#1;&amp#5;&amp#20;P@&amp#1;&amp#5;&amp#20;P@&amp#1;&amp#5;&amp#20;P@&amp#1;&amp#5;&amp#20;P��&amp#8;�(:�iE��b�?���m7&amp#20;P@&amp#1;&amp#5;&amp#20;P@&amp#1;&amp#5;&amp#26;�����_�&amp#17;�ڿ&amp#24;kt��9���ڍ�׏�gU@&amp#1;&amp#5;&amp#20;P@&amp#1;&amp#5;&amp#20;P@&amp#1;&amp#5;&amp#20;P@&amp#1;&amp#5;&amp#20;P@&amp#1;&amp#5;&amp#20;P@&amp#1;&amp#5;&amp#20;P@&amp#1;&amp#5;&amp#20;h�&amp#2;��&amp#27;�s�
(��&amp#2;
(��&amp#2;
(��&amp#2;
(��&amp#2;
(��&amp#2;
(��&amp#2;
(��&amp#2;�#0{v;����=�&amp#2;
(��&amp#2;
(��&amp#2;
(��&amp#2;
(��&amp#2;
(��&amp#2;
(��&amp#2;
(��&amp#2;�S`v&y^�s��Z&amp#1;&amp#5;&amp#20;P@&amp#1;&amp#5;&amp#20;P@&amp#1;&amp#5;&amp#20;P@&amp#1;&amp#5;&amp#20;P@&amp#1;&amp#5;&amp#20;P@&amp#1;&amp#5;&amp#20;P@&amp#1;&amp#5;&amp#20;P@�z&amp#19;�b�{���&amp#19;+��&amp#2;
(��&amp#2;
(��&amp#2;
(��&amp#2;
(��&amp#2;
(��&amp#2;
(��&amp#2;
(�8&amp#5;��5k�8G�&amp#21;P@&amp#1;&amp#5;&amp#20;P@&amp#1;&amp#5;&amp#20;P@&amp#1;&amp#5;&amp#20;P@&amp#1;&amp#5;&amp#20;P@&amp#1;&amp#5;&amp#20;P@&amp#1;&amp#5;&amp#20;P@&amp#1;&amp#5;&amp#20;�7&amp#1;3��&amp#27;�'V@&amp#1;&amp#5;&amp#20;P@&amp#1;&amp#5;&amp#20;P@&amp#1;&amp#5;&amp#20;P@&amp#1;&amp#5;&amp#20;P@&amp#1;&amp#5;&amp#20;P@&amp#1;&amp#5;&amp#20;P@&amp#1;&amp#5;&amp#20;h�&amp#2;$���9sf#&amp#29;��V@&amp#1;&amp#5;&amp#20;P@&amp#1;&amp#5;&amp#20;P@&amp#1;&amp#5;&amp#20;P@&amp#1;&amp#5;&amp#20;P@&amp#1;&amp#5;&amp#20;P@&amp#1;&amp#5;&amp#20;P@&amp#1;&amp#5;&amp#20;P�^&amp#4;H$_ū^��I&amp#21;P@&amp#1;&amp#5;&amp#20;P@&amp#1;&amp#5;&amp#20;P@&amp#1;&amp#5;&amp#20;P@&amp#1;&amp#5;&amp#20;P@&amp#1;&amp#5;&amp#20;P@&amp#1;&amp#5;&amp#20;P@&amp#1;&amp#5;&amp#20;h�&amp#2;��&amp#27;�s�
(��&amp#2;
(��&amp#2;
(��&amp#2;
(��&amp#2;
(��&amp#2;
(��&amp#2;
(��&amp#2;�#0;�|��ٳ*��&amp#2;
(��&amp#2;
(��&amp#2;
(��&amp#2;
(��&amp#2;
(��&amp#2;
(��&amp#2;
(�h&amp#5;&amp#12;�7�[��&amp#21;P@&amp#1;&amp#5;&amp#20;P@&amp#1;&amp#5;&amp#20;P@&amp#1;&amp#5;&amp#20;P@&amp#1;&amp#5;&amp#20;P@&amp#1;&amp#5;&amp#20;P@&amp#1;&amp#5;&amp#20;P@&amp#1;&amp#5;�O������3+��&amp#2;
(��&amp#2;
(��&amp#2;
(��&amp#2;
(��&amp#2;
(��&amp#2;
(��&amp#2;
4Z�ٳ��_�&amp#29;�&amp#3;W@&amp#1;&amp#5;&amp#20;P@&amp#1;&amp#5;&amp#20;P@&amp#1;&amp#5;&amp#20;P@&amp#1;&amp#5;&amp#20;P@&amp#1;&amp#5;&amp#20;P@&amp#1;&amp#5;&amp#20;P@&amp#1;&amp#5;&amp#20;P�~&amp#4;��5kV?g��
(��&amp#2;
(��&amp#2;
(��&amp#2;
(��&amp#2;
(��&amp#2;
(��&amp#2;
(��&amp#2;
4N&amp#1;B�U�s�Z&amp#1;&amp#5;&amp#20;P@&amp#1;&amp#5;&amp#20;P@&amp#1;&amp#5;&amp#20;P@&amp#1;&amp#5;&amp#20;P@&amp#1;&amp#5;&amp#20;P@&amp#1;&amp#5;&amp#20;P@&amp#1;&amp#5;&amp#20;P@��&amp#20;0�^���[&amp#1;&amp#5;&amp#20;P@&amp#1;&amp#5;&amp#20;P@&amp#1;&amp#5;&amp#20;P@&amp#1;&amp#5;&amp#20;P@&amp#1;&amp#5;&amp#20;P@&amp#1;&amp#5;&amp#20;P@&amp#1;&amp#5;&amp#20;P��
&amp#24;no�7�a+��&amp#2;
(��&amp#2;
(��&amp#2;
(��&amp#2;
(��&amp#2;
(��&amp#2;
(��&amp#2;
ԛ��Y�����=�&amp#2;�S������O>��&amp#15;>��m�6΋(o��ƍ�����1[l��
+�P���V@&amp#1;&amp#5;&amp#20;P@&amp#1;&amp#5;&amp#20;P@&amp#1;&amp#5;&amp#20;P@&amp#1;&amp#5;&amp#20;P@&amp#1;&amp#5;&amp#20;P@&amp#1;&amp#5;&amp#20;P�&amp#18;&amp#5;&amp#12;�W�]��k���Ͽ��몪���Z�Y�f����g��&amp#26;5�y��k��f�6��O�0��3Ϝ2e�駟ީS�R&amp#14;��6�|�ɀ&amp#1;&amp#3;�s�]v�6��駟�&amp#30;=��U��6�־}�^�zQ����z�����[}��kw�5�m����{��a��ƌ&amp#30;��&amp#2;
(��&amp#2;
(��&amp#2;
(��&amp#2;
(��&amp#2;
(��&amp#2;
(PI&amp#2;DH��^I7�~�宻���9��/�ܢE�B�����&amp#31;x�&amp#1;�����E��&amp#14;�����ڠA��d��>��&amp#19;�&amp#27;f��o~�G&amp#24;�&amp#27;o��;�o���&amp#3;&amp#14;�Ov]t�E�ۿ��[�ؼ��&amp#26;N�=w��(��&amp#2;
(��&amp#2;
(��&amp#2;
(��&amp#2;
(��&amp#2;
(��&amp#2;
(��k��&amp#30;hd&amp#2;&amp#29;;v&amp#12;#^d�EҡO�>���&amp#15;���+�ʆ\f�~���C����&amp#27;o�1�mӦM&amp#24;s�L�o�\�M&amp#1;&amp#5;&amp#20;P@&amp#1;&amp#5;&amp#20;P@&amp#1;&amp#5;&amp#20;P@&amp#1;&amp#5;&amp#20;P@&amp#1;&amp#5;&amp#20;P@&amp#1;&amp#5;&amp#20;P@��&����vG&amp#28;O5&amp#2;+��21u��o��&amp#6;iS�T��W�ؐV6���ɓ�<�H&amp#18;�3B��o��va�-[�dv�СC7�p�&amp#6;;x&amp#7;��&amp#2;
(��&amp#2;
(��&amp#2;
(��&amp#2;
(��&amp#2;
(��&amp#2;
(��&amp#2;3g�4��۠�	&amp#16;P�۷o�����V6�&amp#26;&�t�I<&amp#31;�����}��7&amp#29;�?��&amp#26;�
(��&amp#2;
(��&amp#2;
(��&amp#2;
(��&amp#2;
(��&amp#2;
(��&amp#2;
(��&amp#4;\���ݑ&7�I�&���;͛7_s�5�x������ԩS�t���K&amp#19;zΠ�C�\~��۵kGa֬Y�&amp#7;��C&amp#15;Q&amp#30;=z�K/�&amp#20;&amp#14;����&amp#26;k�3�<a�?g̘1|���>����?')}�&amp#30;=�[n���?6�&amp#20;Ǝ&amp#29;Kc^���&amp#12;�C�&amp#14;s��<���Yg�&amp#21;&amp#30;&amp#14;�i��H��9)��&amp#19;�_|�ŗZj��&amp#11;����[�n�-�&amp#24;=&amp#12;&amp#27;6�&amp#15;>`r<�Yr�%WYe�&amp#5;&amp#22;X 6N&amp#11;�&amp#1;x��7���Kd&amp#22;\p�Ν;�j�*6�&amp#8;y��5?��#s�yq:|��%�X��K&%>����O'N�ؽ{wn\׮]S���v�P��!C�e]�&amp#21;VX��x'��ܩ�?���w��&amp#22;@�H��q�&amp#22;&amp#20;P@&amp#1;&amp#5;&amp#20;P@&amp#1;&amp#5;&amp#20;P@&amp#1;&amp#5;&amp#20;P@&amp#1;&amp#5;&amp#20;P@&amp#1;&amp#5;&amp#20;P@&amp#1;&amp#5;&amp#20;h&amp#8;&amp#2;�no&amp#8;w�鎁&amp#0;-�Թ����;���_����t�M�?���&amp#22;Z(��C.��ҐO~��w&amp#15;Y�iC!t&amp#24;�?��&amp#19;�X��'�xb�S&amp#30;{c��KT>ք&amp#2;��;��K.������_t�E3�em^~��<�&amp#8;�pi'�pB&��y9&amp#5;{��{>:���?��T�&amp#7;&amp#28;p�&amp#14;;�p�&amp#17;G|��&amp#23;q&amp#23;&amp#5;�&amp#24;8��S7�|���>{�E&amp#23;���3���3�<Ӷm۰��&amp#27;o&amp#28;s�1D��^
,*����.�I�?��&amp#19;wm��&amp#1;i%e�N&amp#0;6}b��x�&amp#24;�u�]�pz&amp#20;Wq��7�H�+��ª��.ʛm�&amp#25;)&amp#1;�P3{�T@&amp#1;&amp#5;&amp#20;P@&amp#1;&amp#5;&amp#20;P@&amp#1;&amp#5;&amp#20;P@&amp#1;&amp#5;&amp#20;P@&amp#1;&amp#5;&amp#20;P@&amp#1;&amp#5;&amp#20;P��&amp#5;&amp#12;�׽�g�#@��i��`�3S�Ǐ&amp#31;������SO&amp#17;�>����&amp#28;�ߪ�&amp#23;^�y�o��V�Xu�UC�I���;o(�ۡ�&amp#30;&amp#26;&amp#2;�a�8S��?�&amp#28;��&amp#14;;����������&amp#5;&amp#23;�{｡�����&T�&amp#28;qB�Efç=�-�t�M!2��Zk1�=w�wޣb%O&amp#15;�PB�
f{s�L�&amp#18;�9��	T/��2��������?�ͽ�ڋI�����p8�&amp#25;�<<�&amp#14;�Z|h�裏�v�i���&amp#21;W\�믿���8�&amp#6;b�i����	�&amp#24;�'�޺uk��s
�����<[��z륇�2�4�̀I3&amp#16;����&amp#7;&amp#29;tP��83�p~xB��'�dT�r��F&amp#1;&amp#5;&amp#20;P@&amp#1;&amp#5;&amp#20;P@&amp#1;&amp#5;&amp#20;P@&amp#1;&amp#5;&amp#20;P@&amp#1;&amp#5;&amp#20;P@&amp#1;&amp#5;&amp#20;P@��&amp#20;`&����&amp#4;�\&amp#5;&amp#5;��&amp#19;�>�sb�p��&amp#19;�'�M�u���#�[�૯��]��&amp#27;S��Yg&amp#29;&�gZ�F'|&amp#30;��&amp#4;���z�Ѐ,�� ��)�뮻n��&amp#19;��vj���&amp#26;�����o��T{�ۙ�K�|��&amp#7;���*&amp#26;s��1>
P��4C�?&amp#15;<���&amp#15;>8&amp#28;N�������^{-���N�g������'��P�ׯ߮���%�|�&amp#8;}�[OT���.&amp#11;m�(�&amp#28;�P&%&amp#0;�&amp#16;�&��&amp#27;n&amp#8;�vf��~��mڴa/����y�G&amp#25;m�:M_&amp#31;&amp#14;'�޻wo�t�ԉ&amp#26;�&amp#14;`��@@����8��<*��yԀ`<A�Љ*��&amp#2;
(��&amp#2;
(��&amp#2;
(��&amp#2;
(��&amp#2;
(��&amp#2;
(P�&amp#2;&amp#4;���fs=��S+�&amp#0;3�c��M��<��\�5�"S}�+�G�X;]���jG&amp#29;u&amp#20;&amp#5;B�Ĥc��_}(&amp#19;���vjX"��}lVV�1�}���&amp#16;B�1�_V'4�v�m�6&amp#31;C�̏'�&amp#30;&��y�Y%=L&amp#31;�w�}c��Ù&amp#16;����S L��~
����&amp#15;��&amp#8;&amp#14;9�&amp#24;kg&amp#23;��+��⿭~���&amp#16;f꯴�J&amp#23;^xa��ӂ&amp#31;+�I&amp#31;&�����������!!�N&amp#5;��.&amp#1;�\|&amp#30;���&amp#2;�&amp#24;<�&amp#23;��F�&amp#24;��&amp#14;�&amp#5;&amp#20;P@&amp#1;&amp#5;&amp#20;P@&amp#1;&amp#5;&amp#20;P@&amp#1;&amp#5;&amp#20;P@&amp#1;&amp#5;&amp#20;P@&amp#1;&amp#5;&amp#20;P@&amp#1;&amp#5;�Y�p{=�&amp#0;O&amp#31;&amp#4;XȜ��&amp#25;򙇚�#Gfv��&amp#25;�J�&amp#16;Vy�&amp#28;��[���C��&amp#2;��I�N�&amp#24;6��L�>}��	�3{�l&amp#30;{�qﭷ�&amp#26;��&amp#22;&amp#8;Eg&amp#14;!g>������)S�^���B�J���&amp#15;�R�&amp#23;^x!T&amp#18;)&amp#15;��'��sO�ޗ_~9�!�|&amp#12;�ǣ��j�0=��]&amp#20;x�C�&amp#14;iY���&amp#22;�kOwQ�իW�&amp#25;5jTf��
(��&amp#2;
(��&amp#2;
(��&amp#2;
(��&amp#2;
(��&amp#2;
(��&amp#2;
ԋ�̙3���97TV/��MY�gϞ��߾}�P��&amp#15;?��-�fذa4fU�0�;�q&amp#2;�رcC���_?o˕W^�&amp#21;���*^I>|f����I�k��F���w�T��&amp#6;,&amp#30;*'O�<�|�Q�3�Y^=�>^`��N��&amp#19;��w&
&amp#30;���=�]�C�Y}����Pf�:��&amp#31;z�!�M�>�y�_�[���K�&amp#30;���&amp#11;��Ν;g��k�.�0k?��M&amp#5;&amp#20;P@&amp#1;&amp#5;&amp#20;P@&amp#1;&amp#5;&amp#20;P@&amp#1;&amp#5;&amp#20;P@&amp#1;&amp#5;&amp#20;P@&amp#1;&amp#5;&amp#20;P@&amp#1;&amp#5;�E�i����Eޓf&amp#5;b�5��&amp#27;4ݬY��JB(�u�ɻ^��8m:&amp#22;�&amp#14;��cl�PWy�7�l�?��/���&amp#31;��&amp#7;&amp#26;�r�)w�}w̦����J拓=>�>&amp#23;�e˖,c�&amp#4;tβ�.��&amp#7;&amp#23;X%��;�&amp#7;��ǘ7&amp#19;�ê�q�p��˥�p;���&amp#29;&amp#18;5�-�X��4��CM^�p&amp#21;y��G��
[��&amp#2;
(��&amp#2;
(��&amp#2;
(��&amp#2;
(��&amp#2;
(��&amp#2;
(P�&amp#2;�lo�&amp#27;���&amp#1;y�F-�������eM�"��ɮt>tްq蜹�0aPh۶m��ƙ�y�&amp#22;�<��s�����&amp#27;������q?��S���ڼ��B��z^�1K�&amp#19;n'����o��~�&amp#17;J�|�]w����'�&amp#24;��G�B����&amp#27;7�S&amp#19;�/4&amp#0;�Ї]̹ϴ��2�l�j�*����'��5
(��&amp#2;
(��&amp#2;
(��&amp#2;
(��&amp#2;
(��&amp#2;
(��&amp#2;
ԁ�/2<���<E�	����~�m\&amp#23;<�2�j�̄���1���&amp#6;&amp#27;\z饹&amp#3;����&amp#25;?~|fW؜8qb���1�ݿ���~����뭷����C&amp#14;9���5���_���=�c&amp#8;�_s�5�&amp#31;n&amp#1;���&amp#30;kbV��g>�
����ó&amp#11;���&amp#31;&amp#16;�.=p̘1a3έO�ZV@&amp#1;&amp#5;&amp#20;P@&amp#1;&amp#5;&amp#20;P@&amp#1;&amp#5;&amp#20;P@&amp#1;&amp#5;&amp#20;P@&amp#1;&amp#5;&amp#20;P@&amp#1;&amp#5;&amp#20;P�Q&amp#11;̞�^(T֨/��ץ@׮]��F�&amp#24;Q$��駟�l��V�˱q.��,INx�����b��ѣG���LR�X�A�E��?��=�ܓ(�����>}���{�)吸p;S�q`&amp#6;?I�W[m��&amp#8;B�],	O�����*o�1p��P&amp#4;��&�&amp#31;9rdh_֤��&amp#20;�&amp#21;P@&amp#1;&amp#5;&amp#20;P@&amp#1;&amp#5;&amp#20;P@&amp#1;&amp#5;&amp#20;P@&amp#1;&amp#5;&amp#20;P@&amp#1;&amp#5;&amp#20;P@&amp#1;&amp#5;&amp#20;h�&amp#2;LI��j��s`�B`�%�&amp#12;�d��B&amp#3;~��&amp#6;�^"߅��a}�ʞ70&amp#28;&amp#22;)'L��k�U{��+���&amp#30;cQ�L{&amp#30;O)���Q�M&amp#30;J8묳B%��&amp#7;�L�9�$�&amp#0;�����_�t���>z���p�3��p�.]�P��㏇&amp#15;&amp#31;�{���&amp#7;�V���Z���G&amp#31;��ˍx�g���q>���X��&amp#2;
(��&amp#2;
(��&amp#2;
(��&amp#2;
(��&amp#2;
(��&amp#2;
(���&amp#16;�rQ��ڤ�$��ꪫr��?����ޛ��b��y�&amp#23;L��b���&amp#19;&[&amp#19;0Ν����^|��q�w:�t�Ć�&amp#11;�^��&amp#3;&amp#7;&amp#14;L�Q&���&amp#23;_d*k���F&amp#27;��&amp#16;k?��3��נ�⇼�A��^����n&amp#27;��t�M�&amp#6;��&amp#2;��A��}����&amp#6;������r��&amp#31;:�ׯ_(��&amp#2;
(��&amp#2;
(��&amp#2;
(��&amp#2;
(��&amp#2;
(��&amp#2;
(��&amp#2;&amp#21;&P���
��u9$H8��S�yI���������"s;Qv&��j��;�&amp#24;&p&amp#31;q�&amp#17;=z��K#$&amp#29;z���!q=ӻ����[n��vc/��w�u�&amp#7;&amp#31;|�O>aH��f���f�mbp�f1B�&amp#28;t��_~��iӈ��x�'�xbm��E��\��^z��n��nc?�,�L(��~�}�9��/���|��&amp#31;|�AlI���C��&amp#30;z��N㩅�S�&amp#18;D�'��
i{��ڏ;�8
d��e�]x&amp#16;&amp#1;�~����'�p&amp#2;&amp#15;^���&amp#3;6�t�́n*��&amp#2;
(��&amp#2;
(��&amp#2;
(��&amp#2;
(��&amp#2;
(��&amp#2;
(P&amp#25;&amp#2;�+�2���&amp#21;Xj��.��3�8����?�rǳ��&amp#18;�ͭ��&amp#26;���r&amp#11;�=��+t;`���={R>�È��&amp#28;&amp#0;�D��Ӽ�DN��O?�&amp#6;W��J[��~��Ӛ��Y���&amp#11;.�c�=@���+�&amp#16;P�&amp#11;�/���{��W&amp#25;&amp#30;O?�ʌ�&amp#25;�D��r&amp#18;��${����,������?�&amp#29;�5�L&amp#15;<��&amp#6;�@4?Ӏ�&amp#28;`�&amp#12;��
(��&amp#2;
(��&amp#2;
(��&amp#2;
(��\&amp#21;x�w�����S��!_v�M&amp#11;u&�׿��y)�tLt9�����ԞH&amp#1;&amp#5;&amp#20;($�L��m?��VYe�BͬW@��&amp#5;H&amp#26;ݜ��.�^:�-&amp#11;	l��ƫ��ڵ�^�2�ijq�@�����k2,��9<�b��	�7��s!�&amp#14;Yl��8��g��d�x�x`�6m�m&amp#19;n��&amp#27;��&amp#29;&amp#27;P`%�-�ܲ[�ni��[ò9����w��ݻ7����y&amp#8;�����޼�8��{;w�|�9��'{�&amp#17;�����<lf*c��X���Ϗ:�@�-`�z�&amp#22;-h?i�$标��tL��1��ϲ�.{�w��OB)�L�&amp#0;&amp#30;��n��^|�E�2�ý B&amp#15;&amp#11; �"&amp#23;�Zd�E��~�&amp#3;&amp#15;<0�4�&amp#23;�w�A��co�&amp#21;&amp#11;�O&amp#11;
(��&amp#2;
(��&amp#2;
(��&amp#2;
(�@�
����رc'L��w/�[�^p�&amp#5;�z��&amp#8;��F�f�cƌ&amp#25;<xp<&amp#23;CjP�v���*&amp#14;���&amp#2;&amp#11;,вe˲&amp#14;����~�7�ܙ�8&amp#18;O��&amp#2;
D&amp#1;&amp#2;&amp#4;/��2��l�I�,�����gZǎ&amp#29;�:��|H�C���㲔Éc��-&amp#25;�&amp#25;|�&amp#14;&amp#29;X?�0�|��Wʱն!�2t�P&"�i޾}{"M+��r��&amp#8;&amp#28;H�<jԨ�������z��U��Վ�&amp#6;�K��W��:͍�&amp#2;&amp#28;m�&amp#20;�<y�ȑ#yk�c��&amp#31;��u!��&amp#31;����!?&amp#22;۶m�������&amp#1;�o&amp#26;ġ����m&amp#19;kB&amp#26;y��,�䒙`sl��
��&amp#12;�|�0f�&amp#19;S�a�0T��%�&amp#0;e�_gb}f�|t}��W���&amp#5;Qfo�M>b�P�D<C�o���Y��&amp#2;
(��&amp#2;
(��&amp#2;
(��&amp#2;�S`�s��_e�&amp#18;I�W��ƴ���^x�&amp#5;&amp#22;�{뭷
�{���#�!_�&amp#23;j07�~�i&amp#22;&amp#19;�=�&amp#15;�k׮q��&amp#11;�&amp#18;!yd͆��&amp#14;�0��غ?�96o��F8/Y-����&amp#31;�gT@&amp#1;&amp#5;2&amp#2;�&amp#6;
				�&amp#3;��d�-���-��&amp#7;�]wݕ�4#��&amp#18;K,Q����x6i�IO&amp#28;j�m?��&amp#3;qo�¸q�H@&amp#28;&amp#15;�m�\���&amp#14;;&amp#16;ቕ�&amp#22;�{�+��"710��9�
�E��S�La&amp#22;�}�ݗ��&amp#26;&�&amp#30;y��.w<�}��_�������n&amp#27;���&7��:��#ЪU��px&amp#29;���8�&amp#14;�*r^�����&amp#1;�����_�x��X;�`���+��;&amp#30;&amp#2;��&amp#19;�9��Kȼ�&amp#15;�x8�U��&amp#21;��&amp#22;&amp#20;P@&amp#1;&amp#5;&amp#20;P@&amp#1;&amp#5;&amp#20;P@&amp#1;&amp#5;&amp#20;P@�:&amp#22;&amp#24;6l&amp#24;!�O?���y���k�u�9餓�$$P�,�k/њ&amp#26;&amp#15;xN�͜���S�N��	'��*��n*��&amp#2;&amp#21; @T��23�Hd&amp#27;.�eG^z�%&amp#22;�e�$q&amp#4;b:�W�\)=�&amp#28;��g�M�0y/�,Rf&amp#14;$&amp#31;�|z&amp#22;i��E*e2&amp#16;�ƳiF�7�x���_~���řN
mr�e�]�w/�_s�5���
כ7�
�&amp#15;��[�ZxЪ_�~�{��믟�++O��&amp#24;n����&amp#21;5u����P����ѣG�T��zS���&amp#21;P@&amp#1;&amp#5;&amp#20;P@&amp#1;&amp#5;&amp#20;P@&amp#1;&amp#5;&amp#20;P��&amp#11;�!��O�&amp#27;&amp#0;�kC��C&amp#15;=��K.aMü��c&amp#1;fX�&amp#27;2��5�YN��&amp#7;��&amp#20;P@�:&amp#19;�1c���&amp#3;��d>��q�+&amp#14;���n��&amp#1;&amp#7;&amp#28;��&amp#29;�2&amp#22;��G�|Ĉ&amp#17;���&amp#2;��<��&amp#25;@�&amp#30;�&amp#28;s��&amp#23;o����&amp#14;;����Ιd<�b��&amp#12;����O�ń]�O��&amp#0;�b��p�&amp#7;��oc�Xc��&amp#5;&amp#8;�WU��yi
4M������&amp#15;�>�˯&amp#19;�p��7߀ó�M�ȫV@&amp#1;&amp#5;&amp#20;P@&amp#1;&amp#5;&amp#20;P@&amp#1;&amp#5;&amp#20;P@&amp#1;&amp#5;j&�����v&amp#2;&amp#21;��'�,߷P�tNH���<2�Mp��v��}e(r&amp#27;PShnI��j7_��j��@&amp#1;&amp#5;&amp#20;�&amp#0;&amp#1;>w���?\|��Ն�	]&amp#19;�'�o�U��e�}��Y���L�?�&amp#19;�&amp#29;@z^Bڌ9��#`�&amp#29;w�{�W]uմ�ni�&amp#27;&amp#7;I�d�y;�~��&amp#15;>��>}�����?dȐ��to��&amp#0;&amp#0;@&amp#0;IDAT�&amp#19;O<A�ഒ�8���&amp#12;2�����M�&amp#21;,@�&amp#28;g�W���Қ�&amp#0;)�V[m�7�|��OH&amp#14;��+!�>���}�Y\e���e�]������&amp#2;
(��&amp#2;
(��&amp#2;
(��&amp#2;
�H��Й�&amp#1;��2�o�&amp#23;N�&amp#27;9r�g�9t��XI���&amp#31;|뭷�5M��&amp#20;���T*���&amp#15;=�P���&���3�<3�=x�&amp#2;
(�(&amp#4;�`Mn�&amp#18;�Jș'���D�	��r�-ie��&amp#19;'�s�9L%/��В5�����k��#km۶{���[r�ǩ�$���u�-�,�,�&amp#4;O&amp#15;�q�ΝQjӦ5����&amp#15;?|�&amp#23;ƽ|0�+����7�&amp#16;�R8��y&amp#14; �&amp#28;r�!�����ȑ'���mR�J-Ϟ�^�C&amp#31;�
�u)PI&amp#2;����\}���>��㫮���+�Ȏ&amp#18;~Q�������_��wݑJ��Z&amp#20;P@&amp#1;&amp#5;&amp#20;P@&amp#1;&amp#5;&amp#20;P@&amp#1;&amp#5;&amp#20;P@�Z&amp#20; y��ޛvH�]�ęX;X���m�]ژ�n�P}�7�<a�&amp#4;��'�0y��ܽ��&amp#21;&amp#3;i3���N�2���?���
����RF[J?5h3i�$&�&amp#16;�)�Xn��O?]J��6���A
��&amp#24;3fL�^k&amp#20;P@�&amp#6;%���&amp#1;&amp#3;&amp#6;�C�v�m��&amp#18;j�;�[o��%Ɖ&amp#22;�iٙ&amp#7;���ʬ�L�}�m�I;,R�&amp#19;��m&amp#26;k糒40E&amp#14;��X7=�)�L[���I?&amp#12;;m�>����-�$|ZOp=��C�o~�&amp#27;�b�G&amp#31;}4�p�)�4TO�?��9�u��,�&amp#30;������
&amp#22;hNd��/�KS�i
��p�W�kҋ/�H�x^��C�cǎ�}'�Y�!����U+��&amp#2;
(��&amp#2;
(��&amp#2;
(��&amp#2;e	��m�~�6 ܞ֤e�~9��c�uGt6ԓz��;��&amp#28;�w��v[h@��k׮�&|�ǈ�ĩ{$)d�D�9G&amp#26;4��eC���&amp#21;L�#�.K����ϫ��J���&amp#15;?�k��&amp#15;�Zk��v�u����$F��hӑ�V���=��&amp#3;o&amp#26;� b��
+���{��v�M��C	DY2�}���.T��k&amp#30;y�� ��0&amp#27;&amp#30;m�c��D��D믿�߱�b�&amp#21;P��&amp#8;�&amp#28;R:&amp#18;�&amp#0;#��O��z>,����&amp#15;1~�&amp#31;>����ԩS�T���%2M����i�Be>��&amp#24;mV^yeV�����&amp#11;�O���&�;�sx&amp#26; m�����&amp#30;*���R/�,8�gG�&amp#4;�J+���K�=S汃4~��SOŘ:��i��)�<l�\���&amp#0;�S����Ӵ&amp#31;ˍ]�&amp#6;��7Sc�*ǯ�&amp#2;A���/5&amp#20;P@&amp#1;&amp#5;&amp#20;P@&amp#1;&amp#5;&amp#20;P@&amp#1;&amp#5;&amp#20;P@&amp#1;&amp#5;�\`�ر�&amp#11;��&amp#27;k�&amp#22;_���GV��,7�Μ�x��7�v&Q����&amp#16;
a��P3mڴK/�4&amp#19;� &amp#12;���/�&amp#23;$2�&amp#30;��̔G�΄&amp#1;2{�g��/֦%s/�L�rG�9��6Y?�G&amp#19;�[��&amp#14;k&amp#12;��y�3�8&amp#3;̸�&amp#12;���M���]&amp#28;�+6#R&amp#18;��h��By��&amp#21;�&amp#26;BPLj�&amp#7;ZP@&amp#1;&amp#5;&amp#26;�@&&amp#15;GϞ=&amp#11;���z&amp#4;&amp#19;2{C|�����$&amp#19;i�;t�0jԨL�B�<&amp#1;Fr���&amp#19;i��&amp#19;u�y�B�c=���&amp#31;˹&amp#3;&amp#11;-��&amp#27;&amp#15;���g&amp#27;m�QZ���S&amp#5;i=������cg<P&amp#21;���S1��y@-m&amp#15;K�&amp#25;�k��F��&amp#2;�p��&amp#15;�ܣ�i�&amp#2;U��&amp#2;&amp#28;�&amp#2;
(��&amp#2;
(��&amp#2;
(��&amp#2;
(��&amp#2;
(0�&amp#5;�����&amp#20;L��&amp#27;��&oy�7d]ظ�o�Ӵ��>&amp#20;���&amp#11;V�����&amp#21;��&amp#19;3f6v&֞vBl���iMn�)��&amp#30;zhn�=m��Bf�LaZ�)W;�L���d�DƟ&amp#27;kO�g����f&amp#12;fj{n�==$�̬wr���gj�Uy�5�d*�T@&amp#1;&amp#5;�]`�E&amp#23;M���H�<�c�9�`�&amp#21;W\A���J��Ǔ��^[m�&amp#21;=��%��.��4[;]�Nm&amp#15;����#��&amp#2;����Be�_Iw�L@�&amp#25;���3�ꫯ&amp#30;�ӧ&amp#22;�(&amp#28;�i�7��*��&amp#18;�P�ÅZҮ,7d&amp#1;g�7���&amp#20;P@&amp#1;&amp#5;&amp#20;P@&amp#1;&amp#5;&amp#20;P@&amp#1;&amp#5;&amp#20;P@&amp#1;&amp#5;&amp#20;P�A&amp#8;�Iq&amp#25;P�)q�&amp#3;�[{&�&amp#17;!��&amp#8;ۧ���z
,�&amp#27;�ӥ��&amp#15;&amp#24;6_x�w�}7�E�O�>d���O�G��Q��M��2��&amp#12;�D�Y!�$�iL���/�ꪫ
eJ�v��X &amp#12;s�%�d:�&amp#7;�Od&amp#6;a:x�\p�&amp#5;��&amp#21;��-��b���(�͈�,��B���&amp#17;
&amp#14;�{��$�%��&amp#12;E��&amp#19;.�&amp#6;�	ģ&amp#30;|�ABJy�9�6&amp#22;&amp#20;P@�:&amp#22;�&amp#7;czF�\�&amp#22;{&J�6�[�a�&amp#29;���&amp#2;��&amp#20;�<&amp#1;V���z�pu�i����8&amp#11;�3&amp#31;������N�:��&amp#24;��zx|&amp#18;.�&amp#12;���&amp#29;6ә���nV�&amp#0;ol��&amp#21;s7�&amp#16;&amp#5;&amp#20;P@&amp#1;&amp#5;&amp#20;P@&amp#1;&amp#5;&amp#20;P@&amp#1;&amp#5;&amp#20;P@&amp#1;&amp#5;&amp#20;�[&amp#2;��#�.��)�T𴤟B&amp#25;}c��`��&amp#7;&amp#31;���r&amp#22;&���<_��t�M�&amp#8;&amp#0;&amp#19;&amp#12;�K��I��SN���-c��}w�qG�d$�~�&amp#25;&amp#16;]f�vX֗6��&+;���>-�&amp#19;�&amp#29;mڲ&amp#22;˙5�&amp#17; �|\��`<&amp#2;1�/#��曏8�&amp#8;&amp#6;@�dvQx��gI&amp#17;&amp#31;�D~��ݻ��L�׿���?Σ&amp#21;�o�y&amp#26;A�c�=�&amp#23;7�xcl�I�G&amp#11;
(�&amp#16;&amp#4;Z�l�G���_&amp#31;&amp#7;CĝW�$]J�oP&amp#5;~�����~�m���0^H�5a�6�5d�O+9Q�&amp#25;��&amp#26;>Y��%�Ϻ�&amp#1;��MZ�Y[��hҽ�+R�w���+��zQ
(��&amp#2;
(��&amp#2;
(��&amp#2;
(��&amp#2;
(P�&amp#2;�&amp#12;�1D]�9r���&amp#15;!M�-�ܲ��&amp#18;&amp#11;'��K��~̨Ng�����/N��_m�՘�^�s�է�@�&amp#23;�\|��M��&amp#19;�N��&amp#11;�6��אܞ�w쇥�/��&amp#24;k��k��������&�}<��&amp#2;��I�L>�4�&amp#30;:�2��d�&amp#3;.�D�W@&amp#1;&amp#5;��n���EOO��V��/&amp#26;����r����O?��&amp#7;&amp#31;d�NR��.�(��LvOw�e򸤛��xܕ~�R&amp#25;b�%���w��&amp#15;&amp#5;��F��y��p{��\�K&amp#1;&amp#5;&amp#20;P@&amp#1;&amp#5;&amp#20;P@&amp#1;&amp#5;&amp#20;P@&amp#1;&amp#5;&amp#20;P@&amp#1;&amp#5;jM`�ȑi_�l��L9&amp#19;�-�&amp#23;7&amp#28;E&amp#4;��ONCȱ�4&amp#5;:�&amp#4;Q��&amp#24;��&amp#2;��WZi�Le��ڽqs�6�֭[�&amp#12;�&amp#22;-Zl��ֱ2���X(2�ئ&amp#22;&amp#11;������h3�&amp#19; g�yZ��{拏�U&�&amp#16;����#�[P@&amp#1;&amp#5;�Q���&amp#11;/��ϋ�cx��G&amp#15;:��;nȐ!y&amp#27;�W%�E�S�&amp#28;�}��ǏY��t�7��~1�Jh��b�!��S�LIweB�qW&&amp#12;��&amp#15;?�+slX�>&amp#30;�&amp#22;�!L�81�e�R&amp#5;L&_�w��R@&amp#1;&amp#5;&amp#20;P@&amp#1;&amp#5;&amp#20;P@&amp#1;&amp#5;&amp#20;P@&amp#1;&amp#5;&amp#20;P@�Z&amp#19;�|)O��&amp#18;��$�e��"&amp#7;&amp#30;p�&amp#1;���&amp#29;5jTz`&&amp#26;&amp#17;wm��&$���i�@E&amp#26;� G=&amp#19;&amp#4;�&amp#6;��&amp#2;籒$���ˍ�&amp#6;EF&amp#27;{��B&��F&amp#27;m��sd.��Ҹ��%�c�"&amp#5;(Xė��ԩS�M����&ݴ��&amp#2;
4&amp#16;&amp#1;������n����&amp#12;&amp#28;80wT���"�ޯ_�&amp#6;2G���{��O�js�d&amp#2;乗&amp#25;j����C2&amp#31;��&amp#7;~�&amp#1;�&amp#18;&amp#3;�~:��&amp#21;\6�^�7�KS@&amp#1;&amp#5;&amp#20;P@&amp#1;&amp#5;&amp#20;P@&amp#1;&amp#5;&amp#20;P@&amp#1;&amp#5;&amp#20;P@��&amp#17;�ҥ�[o�&amp#21;�"=�b�-&amp#22;7�&amp#20;&amp#8;Ц{�T�i}(���+�2�|���q&amp#23;���΀�A�h=�2&amp#1;{�.yC/�,��Q�m�T��"���~&amp#14;+Ӵ�&amp#8;&amp#20;
��&amp#24;&amp#1;{�&amp#5;�Q5&amp#24;��ѣ&amp#31;~�a�`�фq��ՠ&amp#7;&amp#15;Q@&amp#1;&amp#5;�]�l&amp#28;'�p�o�[&amp#22;+a�x�x�2N��C&amp#15;=4wW��&amp#16;&amp#20;g�<%P�ԤrI�-��~��qW�&amp#14;&amp#29;b�B����t��2&amp#4;�۵k&amp#23;k±�fZN?,2���,W�&amp#0;&amp#15;V�L�b�&amp#23;��&amp#2;
(��&amp#2;
(��&amp#2;
(��&amp#2;
(��&amp#2;sK &amp#19;&�&amp#4;ы��	����&amp#23;_<�̔	�gj�f��<�&amp#30;|lC!&amp#19;KHw}��W�f���4���"�M��V9�&amp#23;&amp#17;�t�����F���ߟq�&amp#25;����7�<x��4|RV?6V@&amp#1;&amp#5;&amp#26;�&amp#0;�c���'&amp#12;�&amp#15;�L�z��&amp#1;Ç&amp#15;o C]y���N��;�����SNIw-��&amp#18;�f�r扴�`V�=�`Қ�Ⅰ{*�	����%�[�j&amp#21;wY�T&amp#1;�B8��Ro�ץ�&amp#2;
(��&amp#2;
(��&amp#2;
(��&amp#2;
(��&amp#2;�&�	��&amp#30;ngzt:��s�ӯ�ӣ(�a�"��
����L&amp#12; �6���&amp#6;�U{H:��9��&amp#28;�i��S�&amp#6;&amp#19;&L8�#�&amp#27;&amp#22;kb�Ey;u�ĵ&amp#19;���&amp#22;&amp#20;P@��%�j k���i����&amp#17;��7�Zj�&amp#6;r!|\^y���&amp#30;�E>��3�yZz饗]v�&amp#30;=z�`�&amp#7;&amp#31;|���[�n�f�r�4��&amp#0;|80&amp#19;J_`�&amp#5;B=Cb��P.�({&�_(&amp#21;M�&amp#17;Z�H&amp#5;&amp#12;�7�&amp#27;�&amp#21;P@&amp#1;&amp#5;&amp#20;P@&amp#1;&amp#5;&amp#20;P@&amp#1;&amp#5;&amp#20;P@&amp#1;&amp#5;&amp#20;P��&amp#4;2a�zj��wo֬Y�&amp#17;&amp#16;!~��g�6�~�]��L݋&amp#19;�c!��"��3&amp#19;���{o&amp#22;z��!Sӽ{�LM}m.����I�_d&amp#24;i�}�*ҲЮ{�'&amp#19;k�k��7gB\���#�L�&amp#23;(ԕ�
(�@�&amp#20; �L���&amp#15;?<&amp#14;/���5�[`�0I�y�&amp#14;c�Сie摸tWZ�y�t�'��N����/c��&amp#23;^x���&amp#11;��c��P�3v%&amp#14;,��B#&amp#21;0��Ho��V@&amp#1;&amp#5;&amp#20;P@&amp#1;&amp#5;&amp#20;P@&amp#1;&amp#5;&amp#20;P@&amp#1;&amp#5;&amp#20;P@��&amp#19;Ȅ�����7�`j`�&amp#17;<��c�D7��&amp#15;9i�&amp#31;�wo&amp#26;6&�����L��|�O^�e�Y&�&amp#26;feǎ&amp#29;��P�Q���ԧ�X&amp#28;�*�p�]w��/���V[-��<f̘L��
(�@�&amp#17;���tU5+Jg&amp#18;���Xi8W&amp#20;G���&amp#27;o�1nn���%�<3��G�bv���ԩS_~��ɔ�X�C<��
@��&amp#12; {3�O2���p&amp#11;�$0k֬j��U��z-
(��&amp#2;
(��&amp#2;
(��&amp#2;
(��&amp#2;
(�@�&amp#4;ڴi��N;�ǲ�7_��5�����o��ִ���fY�L����^�{�G&amp#31;}����v�ڥ��_y���/�O}ՓC8=�&amp#11;/��n��A�b�B�PGޤ�D�Ӏ=�&amp#7;��ډǌ&amp#24;1"=�e&amp#5;&amp#20;P�A	���&amp#30;{�q�-�|��&amp#23;y&amp#7;F:t>��]�&amp#31;��&amp#6;U����T.[n�e��c)��]���iX=V��>�)���qs�׎e
��n�&amp#25;ʙ>�h}nck*C�\G��+�Vz&amp#21;
(��&amp#2;
(��&amp#2;
(��&amp#2;
(��&amp#2;
(0w&amp#5;��o��&amp#4;|�~�g�q�t�w�}w�qǥ�y�����J۔U�����?��{8���?�>�&amp#16;9��&amp#15;?���'������&amp#27;��&amp#28;0`@��&amp#2;�d&�gf�g&Ŀ���i��<eʔ��L�#�<��qS&amp#1;&amp#5;&amp#20;hP&amp#2;<ND��믿~�}�a9�3�8�&amp#25;�q}&amp#19;�vl��6q���<V&amp#26;ZnPג&amp#14;�)��^{m�a�y�L3<d���&amp#30;&amp#14;I��#Q͐!CbW&amp#20;�&amp#16;���Ӛ��Z+n���:i:z>pI!&amp#16;�Rx����&amp#24;��뮛��I&amp#27;[�$&amp#1;��t7�&amp#22;&amp#5;&amp#20;P@&amp#1;&amp#5;&amp#20;P@&amp#1;&amp#5;&amp#20;P@&amp#1;&amp#5;&amp#20;P@&amp#1;&amp#5;&amp#20;�[&amp#2;|�~�a���&amp#19;���o��;�L�<9����&amp#15;Lnc"{&��&amp#17;G&amp#28;Qb���UZXo���o�9�u�]�ƛY����N&amp#15;�-3ڴ�p&amp#11;�Ч5�L���7�do�&amp#8;zn�:�a�z��/&amp#11;�v�i��&amp#14;�&amp#5;&amp#30;�H&amp#23;��`�z�ꕎ3��O��?�	�P�I&amp#3;@�dԨQi'&amp#4;�/��ҴƲ&amp#2;
(А&amp#5;���&amp#7;�M7����O�q�?<C�駟�~�4������K.9��#ӱ&amp#29;��͛�b��aÆ�&amp#17;�C&amp#6;��+��pL���׿N7y0.���G*O$��_���t�ҳgϸɉ��n��I�����o���I'�&amp#20;�R�|���M˕*�?$��>`�{�^�ץ�&amp#2;
(��&amp#2;
(��&amp#2;
(��&amp#2;
(��&amp#2;
Ԗ&amp#0;����t�:1&amp#12;���ϗ��{����ӽ�L��;�.6��0��2����/�-o����_}�UW�o���������8&amp#20;���n���ߴ?묳�(߻w�%�X�&amp#4;�%&amp#8;-��=tE� ��>�a&amp#29;o&amp#30;{���<)�d���W_����h��i�y<����&amp#16;��q�&amp#29;7�h#�u&amp#14;&amp#31;>&amp#28;��/��/�I�K��D�&amp#31;~8k&amp#3;/��rL|'�:&amp#31;4����&amp#2;
4R&amp#1;��|���۷ጟI�<&amp#28;�&amp#7;k�Ν�e�Q��k�c9&amp#12;��1���P�sT<�&amp#21;�L�����&amp#25;�,ô��&amp#3;&amp#7;�&amp#6;|ؑr��/|:��=�!r��&amp#7;gB��1���&amp#7;1�N�\s�o���s�>ß���$eI�Z�$���*��tC�&amp#22;&amp#5;&amp#20;P@&amp#1;&amp#5;&amp#20;P@&amp#1;&amp#5;&amp#20;P@&amp#1;&amp#5;&amp#20;P@&amp#1;&amp#5;&amp#20;��&amp#2;&amp#4;����J��q2\<&amp#25;�&amp#0;^q3-�E<�&amp#6;Ӛ����zk��O�&amp#1;D�y��&amp#17;5I&amp#27;��B�9L�K���m^�-&amp#27;`M��ݙ�x�&amp#21;Wıq�O>�d�L&amp#11;�Ir&amp#23;n'�o&amp#26;h�==�&amp#12;�qm{�D�q&amp#29;&amp#30;���(�S��8�&amp#21;��&amp#5;&amp#5;&amp#20;P�&amp#30;&amp#5;v�a&amp#7;��/��"��B&amp#15;c���
����׺u�z&amp#28;j���J�W�XC䛩�q3&amp#22;2�h���j&amp#26;n��A&amp#7;&amp#29;��K/���?&amp#12;f?&amp#7;yʊ��b��@��&amp#15;&amp#23;R��z�!�&amp#31;7c��&amp#19;O$
&amp#27;7-T�&amp#0;3۹���
��^�&amp#2;
(��&amp#2;
(��&amp#2;
(��&amp#2;
(��&amp#2;
Ԧ&amp#0;&amp#17;\��o��%v�l�&amp#11;.��V"&amp#25;���s�&Tό��y��v&amp#27;a�L}��H�2��������;�1������w�y��o�f&amp#4;ZbX=o&amp#3;*	�&amp#16;h)��z�&amp#17;s/�4p�&amp#2;
(P�&amp#2;��gAқ?��&amp#15;=�Э����b{�g&amp#24;Ձ&amp#7;&amp#30;��&amp#19;O\s�5|H��'T]^,?Ï:�(��y�h�֭[:�̒"��ر#&amp#11;�&amp#20;��\{��Lm&amp#15;���׏<1�)r�|�/�����T��/�3�ԋ��&amp#20;P@&amp#1;&amp#5;&amp#20;P@&amp#1;&amp#5;&amp#20;P@&amp#1;&amp#5;&amp#20;P@&amp#1;&amp#5;&amp#20;P@��&amp#18;Xp�&amp#5;O>�d�&amp#22;&amp#15;?�0&amp#19;&amp#7;ә��&amp#20;������k�&amp#14;&amp#29;ben!��l����|�,&amp#22;�����j�0�&amp#7;����9O|��{����&amp#31;*	ۓ&amp#29;���-����&amp#31;�3�B&amp#3;"&amp#25;<O@&amp#22;\ҧ�c��V�h�c��3=&amp#23;o��&�&amp#16;>!zt�}�e�l��*�0���
�&amp#4;ZH�K�)7'��+�&amp#24;OMP��&amp#4;��sOA�e�-� &amp#12;C<��{9&amp#4;�x`(�h�"֔uu�(&amp#11;
(�@�&amp#8;�Ê�-^K-�Ԅ	&amp#19;B��N糠��3?�2�����O��&amp#30;&amp#24;&amp#27;�~
�������2S�l��&amp#30;|��X�GF,�&amp#2;+��	�#&amp#8;,���!��7�u�!�7�N&amp#15;���ߟ�&amp#0;|�&amp#12;&amp#30;<8�&amp#25;
��'&amp#24;:uꔩw��&amp#5;f��>cƌZ�WQ&amp#5;cyi
(��&amp#2;
(��&amp#2;
(��&amp#2;
(��&amp#2;
4U��&amp#5;&amp#14;�	L�W��.�v�F��v̘1D�����ɓ'/��&amp#2;m۶%�K`cn_&amp#7;gd�q��L�"��j�1i�$�����&amp#15;L&amp#19;�9"�`�v��N&amp#25;���:n���<s���&amp#19;'N$�A��l���᧟~b�w��'X�%/��ܾ��|��)h�[&amp#23;dfCfVϴwS&amp#1;&amp#5;&amp#20;h�&amp#2;�&amp#6;:��S&amp#25;�)���cCv�S�L��/Ə&amp#31;?u�T&amp#6;ɏ_>��	\mn�pE|(�l
�&amp#8;<�V��&amp#2;>G8�رc9#�ࣤ�����w�}7j�(���&amp#8;�y-��&amp#18;e}&amp#12;ezkP�%R猹��Ř�s��h�?&amp#23;&amp#26;�&amp#0;&amp#29;�&amp#2;
(��&amp#2;
(��&amp#2;
(��&amp#2;
(��&amp#2;
Գ@�}yZ���z�9�^&amp#1;&amp#5;&amp#20;P@��&amp#4;^x�&amp#5;&amp#2;�%��曗v���������z��3g&amp#22;ʇPVG6V@&amp#1;&amp#5;&amp#20;P@&amp#1;&amp#5;&amp#20;P@&amp#1;&amp#5;&amp#20;P@&amp#1;&amp#5;&amp#20;P@�
&amp#21;0�^�7��R@&amp#1;&amp#5;&amp#20;hJ&amp#2;L�&�	WL2�F�Ť)ݜ�u���˺&amp#31;͍���ec&amp#5;&amp#20;P@&amp#1;&amp#5;&amp#20;P@&amp#1;&amp#5;&amp#20;P@&amp#1;&amp#5;&amp#20;P@&amp#1;&amp#5;&amp#20;P@&amp#1;&amp#5;&amp#20;P@&amp#1;&amp#5;&amp#26;�@X4���&amp#1;+��&amp#5;�&amp#26;��&amp#28;�&amp#2;
(��&amp#2;
(��&amp#2;
(��&amp#2;
(��&amp#2;
(��&amp#2;
(��&amp#2;
(��&amp#2;M�u۫H&�І�x&amp#20;P@&amp#1;&amp#5;&amp#20;P@&amp#1;&amp#5;&amp#20;P@&amp#1;&amp#5;&amp#20;P@&amp#1;&amp#5;&amp#20;P@&amp#1;&amp#5;&amp#20;P@&amp#1;&amp#5;&amp#20;P@&amp#1;&amp#5;&amp#20;h�&amp#2;$���Ր���&amp#20;P@&amp#1;&amp#5;&amp#20;P@&amp#1;&amp#5;&amp#20;P@&amp#1;&amp#5;&amp#20;P@&amp#1;&amp#5;&amp#20;P@&amp#1;&amp#5;&amp#20;P@&amp#1;&amp#5;&amp#20;P@&amp#1;&amp#5;&amp#20;h�&amp#2;�&amp#27;��&amp#28;R#&amp#18;�ק�M�2��&amp#1;wj3o�.&amp#11;Ҭ���z�f�ԇ��f�r�&amp#22;X�{�B�2����x���2���&=;���&amp#15;���>�*�k0�&amp#26;+�0e���&&amp#14;�j�G�LZh�&amp#22;=&amp#22;n��R&amp#11;.پU&amp#28;L(Ը���f&amp#30;1���'�?����C�[.�p��[d�wS&amp#1;&amp#5;&amp#20;P@&amp#1;&amp#5;&amp#20;P@&amp#1;&amp#5;&amp#20;P@&amp#1;&amp#5;&amp#20;P@&amp#1;&amp#5;&amp#20;P@&amp#1;&amp#5;&amp#20;P@��&amp#23; �������s�&amp#2;�������X�9���c��I�r���y֬_&amp#29;<�݇�=;�~�:]J&amp#15;�&amp#15;�n��y-o����37��q�ؠ����X��Pk�ē&amp#1;�>���&amp#15;}&amp#20;O&amp#29;&amp#11;'l���[.��|�Ě&amp#26;�ϱ��n�����~B�O;,w��Kg*�T@&amp#1;&amp#5;&amp#20;P@&amp#1;&amp#5;&amp#20;P@&amp#1;&amp#5;&amp#20;P@&amp#1;&amp#5;&amp#20;P@&amp#1;&amp#5;&amp#20;P@&amp#1;&amp#5;&amp#20;P��&amp#5;&amp#12;�W��m@WWլ��&amp#20;o����&amp#8;���:�կ�N�V�!����C��*�&*�2l��7�&amp#21;�{X�]˕:�&amp#25;=q��&amp#17;�sԟ����&amp#6;�q���=&amp#20;�����ѓ�;��о�|�W^��������)Ԝ��&amp#15;GM�r�Nˇ����&amp#2;
(��&amp#2;
(��&amp#2;
(��&amp#2;
(��&amp#2;
(��&amp#2;
(�@S&amp#16;`�vg�7�&amp#27;=&amp#23;���כ:cf�&amp#19;&amp#12;&amp#28;��ٻ�J�B�r���L����;����1?L��9i�Nm��=d�&amp#5;~QYn�L�5&amp#30;j�J�u&amp#15;����Z���`�0��������&amp#28;�ͤ;��j��:o�r�&amp#2;s�{H蓹��n�}��f3f�z����9��3��f�N���&amp#8;���&amp#2;
(��&amp#2;
(��&amp#2;
(��&amp#2;
(��&amp#2;
(��&amp#2;
(�@�
̞����5+s�q�zx]�&amp#11;&amp#20;_���WF�%�����D����&amp#17;M�1��-oS�v�v-[̓��<�>�9v����vZ ]�=�,n��>&amp#30;HaN�Z�&amp#18;s�&amp#31;���m�g��&amp#23;Jǰ�bmn��5.�&amp#23;�X�p{��&amp#15;�d�&amp#31;����&amp#27;v�y㉸�յ݃���⹃�u�&amp#3;&amp#31;���uӳ[V@&amp#1;&amp#5;&amp#20;P@&amp#1;&amp#5;&amp#20;P@&amp#1;&amp#5;&amp#20;P@&amp#1;&amp#5;&amp#20;P@&amp#1;&amp#5;&amp#20;P@&amp#1;&amp#5;&amp#20;P��&amp#5;���W��ǫ{u��&amp#23;>��&amp#1;&amp#28;�I�t��BC*���������p�+L+<���)��yv;��Rb�tRn���s8Դ��\Hi��&amp#23;����Q�/� �K��&amp#19;�~
���?�뉡�1�t�&amp#28;HD��&amp#29;{Q�}&amp#25;1nrf��
(��&amp#2;
(��&amp#2;
(��&amp#2;
(��&amp#2;
(��&amp#2;
(��&amp#2;
T�&amp#0;���J�6���&amp#5;.z��0�C�[���T�����������\c�v��&amp#21;Lb_�ta��b&amp#11;�"c|��ԗ�>v5�C�]e
�*eړ&amp#7;>�Z�SR&amp#18;���8zR��B�g�g�o����١cs�Z��&amp#2;
(��&amp#2;
(��&amp#2;
(��&amp#2;
(��&amp#2;
(��&amp#2;
(�@�
&amp#24;n��;[��Ų���=�A&amp#28;�N���x�1U�~��!�<�����AW?L�^�ü���8;�|�6����m&amp#31;NZ+C�;�j�r�&amp#26;1~2㡞���{35���f�&amp#20;Z2K>�&amp#19;+vn&amp#19;�&amp#25;����3�n*��&amp#2;
(��&amp#2;
(��&amp#2;
(��&amp#2;
(��&amp#2;
(��&amp#2;
T���,Ӿ&amp#20;�u�˟�<�y�F]K���G���gc~��&amp#1;��Ҽ���ڹ�ac�?���_?e܏�&amp#22;jݢ{���]�u����}�V��;&amp#24;j�U�=�WF��mVX$wo��P�=&amp#23;iMK��?L���.���~&amp#8;�����>�T@&amp#1;&amp#5;&amp#20;P@&amp#1;&amp#5;&amp#20;P@&amp#1;&amp#5;&amp#20;P@&amp#1;&amp#5;&amp#20;P@&amp#1;&amp#5;&amp#20;P@&amp#1;&amp#5;&amp#20;P�"&amp#5;f͚e��"�l=_�W��t�3�-z-���m�&amp#29;M���g�/�����^��³C�5{��yv;���{#�&amp#3;����z�Lн���Y[C�&amp#12;��j�r&amp#15;a1�3&amp#6;&amp#14;��x��:�6Hk��&amp#31;g�����7�&amp#30;5}�˞�,�L�����i&amp#11;�
(��&amp#2;
(��&amp#2;
(��&amp#2;
(��&amp#2;
(��&amp#2;
(��&amp#2;
T�&amp#0;�v��W⍭�k�z��X;��6�&amp#30;
��,ޞ0�~��C&amp#15;ۯ��u�&amp#20;��ޭWX84X~�&amp#5;6��a��&amp#22;�ob�&amp#27;_&amp#30;��9����E:�r���Ps/��Rn��������C����]�7&amp#17;|rX���&amp#25;O&yڞ��G���F@8�p�o�y���_����H����&amp#2;
(��&amp#2;
(��&amp#2;
(��&amp#2;
(��&amp#2;
(��&amp#2;
(�@%&amp#11;TUU9���op�\�������a�����{V3��f��Ϛ���o�4��{����sxEg�f�c6�`+���/&amp#29;�[#&���G&amp#3;�#���=�>��c��d�e��ݡf���R�1�3f�:��w^��;��l�l���sۤ5��'�~ݞ+�u�[&amp#16;�|��K�k�k�&amp#5;>&amp#24;����?�ɺ�ۿ��8
ԧ}ZV@&amp#1;&amp#5;&amp#20;P@&amp#1;&amp#5;&amp#20;P@&amp#1;&amp#5;&amp#20;P@&amp#1;&amp#5;&amp#20;P@&amp#1;&amp#5;&amp#20;P@&amp#1;&amp#5;&amp#20;P��&amp#5;&amp#12;�W��������/&amp#8;�r�&amp#19;7�&amp#4;�&amp#11;��x�k^&amp#24;����r�M�z/���&amp#5;{�y��Y�z��<���f���;u�&amp#24;Aϝ��j����n�.{�a����/'��`����>�8&amp#6;
ŕҖ�q���C&amp#6;��&amp#21;���^�͗�4�ݬ��=W�ܡu��n�&amp#16;{�/t��&amp#11;��Yl�_dsq���(��&amp#2;
(��&amp#2;
(��&amp#2;
(��&amp#2;
(��&amp#2;
(��&amp#2;
T����ʽ��qeS���ӓ�W�f2:Q�j�P�=�&amp#15;�k&amp#8;��߰�V��'&amp#15;|�>�_>��I��/�j1O����&amp#17;&amp#22;t�ˉi�=���P�+eF��&amp#30;{�&amp#7;}�&amp#11;�w]u1R&amp#2;�S�3��f��o�k�����o~�p�&amp#15;?L��{�+.֦e�����O2��&amp#11;Η�+&amp#21;P@&amp#1;&amp#5;&amp#20;P@&amp#1;&amp#5;&amp#20;P@&amp#1;&amp#5;&amp#20;P@&amp#1;&amp#5;&amp#20;P@&amp#1;&amp#5;&amp#20;P@&amp#1;&amp#5;&amp#20;�<��3g&amp#26;n���Z�W�7�"';#8����k^U�P����Ց����&amp#31;�y{���&amp#17;��.�Y_�c/ҿ3�;mI��y�&amp#31;ȯz.�:&amp#28;���&amp#31;��&amp#11;�3���P�+�#�&amp#29;k���˟���mW�t����i�i�L���	�&amp#19;e翴��#�&amp#15;�K.�*����&amp#2;
(��&amp#2;
(��&amp#2;
(��&amp#2;
(��&amp#2;
(��&amp#2;
(�@&amp#5;&amp#11;�v{&amp#5;��z�4���?�I8��}��v&amp#4;ն�Eؼ��ΘI��S��Q]�����4-�Xh�&amp#22;�[��6�~��Z�8.b�����e�̎���{�&amp#28;��%<hPz��Dia܏Ӯ~~85ۯܩS&amp#27;g��6�&amp#21;P@&amp#1;&amp#5;&amp#20;P@&amp#1;&amp#5;&amp#20;P@&amp#1;&amp#5;&amp#20;P@&amp#1;&amp#5;&amp#20;P@&amp#1;&amp#5;&amp#20;P@&amp#1;&amp#5;*\���&amp#21;~����&amp#6;&amp#14;�&�r?j�n�&amp#4;��m�{��VXt�B�����X$~��&amp#14;[)�,W�e�&amp#30;��A�|&amp#23;6���>�/Tδ�{C�V)��&amp#15;����gfg�'�����J����H����v���q&amp#23;�u��կ&amp#16;��&amp#7;+&amp#21;P@&amp#1;&amp#5;&amp#20;P@&amp#1;&amp#5;&amp#20;P@&amp#1;&amp#5;&amp#20;P@&amp#1;&amp#5;&amp#20;P@&amp#1;&amp#5;&amp#20;P@&amp#1;&amp#5;&amp#20;h�&amp#2;��&amp#27;�k���ӓ��a��z)㫶=k�&amp#23;YF���?����&amp#21;&amp#22;k��ZK�r��~��Ӵ&amp#25;�&amp#23;l����/'����Է����]��)����;�t��*��'<��%Oώ��z��-)�|8����!�2�����3&amp#6;&amp#14;es����v/�1��~�Q@&amp#1;&amp#5;&amp#20;P@&amp#1;&amp#5;&amp#20;P@&amp#1;&amp#5;&amp#20;P@&amp#1;&amp#5;&amp#20;P@&amp#1;&amp#5;&amp#20;P@&amp#1;&amp#5;&amp#20;P�1
̚5�p{c�qq�/~6��&amp#24;&amp#25;S���8�C,�}�&amp#29;Vۀ��;����WYt��&amp#23;��a�.�[�&amp#1;~�w��y��&amp#24;r�}�Ub&amp#2;�r�W;�&amp#26;4(Q鏏||��uXo����b���c����֗�?��8u�G�'u��j�V�A{�&amp#15;7�4��wF�k�6�]��
i��&amp#21;P@&amp#1;&amp#5;&amp#20;P@&amp#1;&amp#5;&amp#20;P@&amp#1;&amp#5;&amp#20;P@&amp#1;&amp#5;&amp#20;P@&amp#1;&amp#5;&amp#20;P@&amp#1;&amp#5;&amp#20;�x�f͚&amp#25;n���\G&amp#23;x�S���~̯��r�rۗ�g)m�}{&amp#20;��myю��]�SfW��3���f�JO~�m<���&amp#28;&amp#18;˙B�5&amp#23;τ�K�~�&amp#30;9a�K_�t�&���:�Oޜ&amp#1;���Q@&amp#1;&amp#5;&amp#20;P@&amp#1;&amp#5;&amp#20;P@&amp#1;&amp#5;&amp#20;P@&amp#1;&amp#5;&amp#20;P@&amp#1;&amp#5;&amp#20;P@&amp#1;&amp#5;&amp#20;P��&amp#4;&amp#12;�W�ݬ�k�b��&amp#7;�&amp#29;��YI���&amp#29;G���vؼj���-�ʻ7�r�&amp#30;&amp#11;]��
��=ꙡcӽ$�ߡw���Y���i}���c3�r�&amp#26;&amp#14;/]��YI˴��X&amp#28;[���Cb�&amp#25;�k,� ���6�V�"��X&amp#11;
(��&amp#2;
(��&amp#2;
(��&amp#2;
(��&amp#2;
(��&amp#2;
(��&amp#2;
T��̙3���_i��
�`/A&amp#1;&amp#4;��8mĸ�?M�٢��&amp#16;{��[&amp#20;g)�}��&amp#26;�^Vj'���IS&amp#25;�&amp#18;�Z.�v�Fz!&amp#14;[&amp#1;&amp#5;&amp#20;P@&amp#1;&amp#5;&amp#20;P@&amp#1;&amp#5;&amp#20;P@&amp#1;&amp#5;j$P���i����?��ؖ
(��&amp#2;
(��&amp#2;u/0���/&amp#27;�oT��/�|�7ܺf3f̨�*u~pý&amp#14;G��&amp#2;
(��&amp#2;
(��&amp#2;
(��&amp#2;
(��&amp#2;sK�־<5�>�n��*��&amp#2;
(��&amp#2;�$`��t�Y�f&amp#17;j7�^��-&amp#21;P@&amp#1;&amp#5;&amp#20;P@&amp#1;&amp#5;&amp#20;P@&amp#1;&amp#5;&amp#20;P@&amp#1;&amp#5;&amp#20;P@&amp#1;&amp#5;&amp#20;P@&amp#1;&amp#5;&amp#20;P@&amp#1;&amp#5;&amp#20;�-`����&amp#2;
(��&amp#2;
(��&amp#2;
(��&amp#2;
(��&amp#2;
(��&amp#2;
(��&amp#2;
(��&amp#2;�	̞�����&amp#29;dk&amp#5;&amp#20;P@&amp#1;&amp#5;&amp#20;P@&amp#1;&amp#5;&amp#20;P@&amp#1;&amp#5;&amp#20;P@&amp#1;&amp#5;&amp#20;P@&amp#1;&amp#5;&amp#20;P@&amp#1;&amp#5;&amp#20;P@&amp#1;&amp#5;����L�6�W��&amp#2;
(��&amp#2;
(��&amp#2;
(��&amp#2;
(��&amp#2;
(��&amp#2;
(��&amp#2;
(�@�&amp#2;U�p/� &amp#15;P@&amp#1;&amp#5;&amp#20;P@&amp#1;&amp#5;&amp#20;P@&amp#1;&amp#5;&amp#20;P@&amp#1;&amp#5;&amp#20;P@&amp#1;&amp#5;&amp#20;P@&amp#1;&amp#5;&amp#20;P@&amp#1;&amp#5;&amp#20;P�i&amp#11;T5k֬i&amp#11;x�
(��&amp#2;
(��&amp#2;
(��&amp#2;
(��&amp#2;
(��&amp#2;
(��&amp#2;
(��&amp#2;
�-`&���<@&amp#1;&amp#5;&amp#20;P@&amp#1;&amp#5;&amp#20;P@&amp#1;&amp#5;&amp#20;P@&amp#1;&amp#5;&amp#20;P@&amp#1;&amp#5;&amp#20;P@&amp#1;&amp#5;&amp#20;P@&amp#1;&amp#5;&amp#20;P��&amp#11;�H�j�̙M\��W@&amp#1;&amp#5;&amp#20;P@&amp#1;&amp#5;&amp#20;P@&amp#1;&amp#5;&amp#20;P@&amp#1;&amp#5;&amp#20;P@&amp#1;&amp#5;&amp#20;P@&amp#1;&amp#5;&amp#20;P@&amp#1;&amp#5;&amp#20;P�,&amp#1;&amp#18;�W�*�&amp#24;&amp#27;+��&amp#2;
(��&amp#2;
(��&amp#2;
(��&amp#2;
(��&amp#2;
(��&amp#2;
(��&amp#2;
(���v�&amp#3;
(��&amp#2;
(��&amp#2;
(��&amp#2;
(��&amp#2;
(��&amp#2;
(��&amp#2;
(��&amp#2;
�'0;�|yG�Z&amp#1;&amp#5;&amp#20;P@&amp#1;&amp#5;&amp#20;P@&amp#1;&amp#5;&amp#20;P@&amp#1;&amp#5;&amp#20;P@&amp#1;&amp#5;&amp#20;P@&amp#1;&amp#5;&amp#20;P@&amp#1;&amp#5;&amp#20;P@�&/`��ɿ&amp#5;&amp#4;P@&amp#1;&amp#5;&amp#20;P@&amp#1;&amp#5;&amp#20;P@&amp#1;&amp#5;&amp#20;P@&amp#1;&amp#5;&amp#20;P@&amp#1;&amp#5;&amp#20;P@&amp#1;&amp#5;&amp#20;P@&amp#1;&amp#5;&amp#20;(_����7�&amp#8;&amp#5;&amp#20;P@&amp#1;&amp#5;&amp#20;P@&amp#1;&amp#5;&amp#20;P@&amp#1;&amp#5;&amp#20;P@&amp#1;&amp#5;&amp#20;P@&amp#1;&amp#5;&amp#20;P@&amp#1;&amp#5;&amp#20;P@�&/0{v;�k�&amp#14;&amp#2;(��&amp#2;
(��&amp#2;
(��&amp#2;
(��&amp#2;
(��&amp#2;
(��&amp#2;
(��&amp#2;
(P�@U�f��;��
(��&amp#2;
(��&amp#2;
(��&amp#2;
(��&amp#2;
(��&amp#2;
(��&amp#2;
(��&amp#2;
4m&amp#1;B�͛��W_;&amp#2;�G����&O�l�����W�U�V&amp#11;-�P�N�jփG)��&amp#2;
(��&amp#2;
(��&amp#2;
(��&amp#2;
(��&amp#2;
(��&amp#2;
(�@&amp#29;&amp#11;43>Z��&amp#21;v�)S�|��g?��c�]W}]����߽{��曯�&amp#6;�y&amp#21;P@&amp#1;&amp#5;&amp#20;P@&amp#1;&amp#5;&amp#20;P@&amp#1;&amp#5;&amp#20;P@�|&amp#2;-�Uƺi�Tm�%��&amp#2;
(��&amp#2;
(P�&amp#2;��j4�Z�&amp#23;c��^o&amp#7;9����+��!�Nx�}����vm���V�z!7��q���&amp#19;�^�zլ&amp#31;�R@&amp#1;&amp#5;&amp#20;P@&amp#1;&amp#5;&amp#20;P@&amp#1;&amp#5;&amp#20;P@&amp#1;&amp#5;&amp#20;P@&amp#1;&amp#5;&amp#20;P@&amp#1;&amp#5;&amp#20;P@��&amp#17; �WU7g�,&amp#21;)@&amp#14;y����;w��s.��k|��&amp#3;&amp#16;F0!&amp#5;��]y�&amp#2;
(��&amp#2;
(��&amp#2;
(��&amp#2;
(��&amp#2;
(��&amp#2;
(��&amp#2;
ԁ���:@��S�^;�Ǽv&amp#3;�r�a&amp#4;��&amp#2;l��i'
(��&amp#2;
(��&amp#2;
(��&amp#2;
(��&amp#2;
(��&amp#2;
(��&amp#2;
(07&amp#4;�x͍~�&amp#8;���+%�|&amp#19;��:�̀&amp#25;`��t�B&amp#1;&amp#5;&amp#20;P@&amp#1;&amp#5;&amp#20;P@&amp#1;&amp#5;&amp#20;P@&amp#1;&amp#5;&amp#20;P@&amp#1;&amp#5;&amp#20;P@&amp#1;&amp#5;&amp#20;P@&amp#1;&amp#5;j,`���t&amp#30;�+�#����Z|+&amp#4;�&amp#0;[��ڕ&amp#2;
(��&amp#2;
(��&amp#2;
(��&amp#2;
(��&amp#2;
(��&amp#2;
(��&amp#2;
Ժ���Z'�C&amp#5;&amp#20;P@&amp#1;&amp#5;&amp#20;P@&amp#1;&amp#5;&amp#20;P@&amp#1;&amp#5;&amp#20;P@&amp#1;&amp#5;&amp#20;P@&amp#1;&amp#5;&amp#20;P@&amp#1;&amp#5;&amp#20;P@�
&amp#23;�9s���
��^�&amp#2;
(��&amp#2;
(��&amp#2;
(��&amp#2;
(��&amp#2;
(��&amp#2;
(��&amp#2;
(�@�&amp#11;�v{��ڡ&amp#2;
(��&amp#2;
(��&amp#2;
(��&amp#2;
(��&amp#2;
(��&amp#2;
(��&amp#2;
(�@�&amp#16;pv{���^�&amp#2;
(��&amp#2;
(��&amp#2;
(��&amp#2;
(��&amp#2;
(��&amp#2;
(��&amp#2;
(�@�
&amp#24;n�]O{S@&amp#1;&amp#5;&amp#20;P@&amp#1;&amp#5;&amp#20;P@&amp#1;&amp#5;&amp#20;P@&amp#1;&amp#5;&amp#20;P@&amp#1;&amp#5;&amp#20;P@&amp#1;&amp#5;&amp#20;P@&amp#1;&amp#5;&amp#20;�|�Y�f&amp#25;n����&amp#21;*��&amp#2;
(��&amp#2;
(��&amp#2;
(��&amp#2;
(��&amp#2;
(��&amp#2;
(��&amp#2;
Ԯ@�f�&amp#12;��.��)��&amp#2;
(��&amp#2;
(��&amp#2;
(��&amp#2;
(��&amp#2;
(��&amp#2;
(��&amp#2;
4	&amp#1;��M�6{�
(��&amp#2;
(��&amp#2;
(��&amp#2;
(��&amp#2;
(��&amp#2;
(��&amp#2;
(��&amp#2;�(0s��*&amp#18;��b�v��&amp#2;
(��&amp#2;
(��&amp#2;
(��&amp#2;
(��&amp#2;
(��&amp#2;
(��&amp#2;
(�@�&amp#11;T�2�^��&amp#11;T@&amp#1;&amp#5;&amp#20;P@&amp#1;&amp#5;&amp#20;P@&amp#1;&amp#5;&amp#20;P@&amp#1;&amp#5;&amp#20;P@&amp#1;&amp#5;&amp#20;P@&amp#1;&amp#5;&amp#20;P@&amp#1;&amp#5;&amp#20;�]&amp#1;B�#�۩�)��&amp#2;
(��&amp#2;
(��&amp#2;
(��&amp#2;
(��&amp#2;
(��&amp#2;
(��&amp#2;
(P�&amp#2;��+�&amp#22;{�
(��&amp#2;
(��&amp#2;
(��&amp#2;
(��&amp#2;
(��&amp#2;
(��&amp#2;
(��&amp#2;�,0{v;��r�v��&amp#2;
(��&amp#2;
(��&amp#2;
(��&amp#2;
(��&amp#2;
(��&amp#2;
(��&amp#2;
(�@E&amp#11;�H����+�&amp#22;{q�&amp#16;x�w^z�%��5kv��&amp#7;7o�<�&amp#30;=z����۾}�XcA&amp#1;&amp#5;&amp#20;P@&amp#1;&amp#5;&amp#20;P@&amp#1;&amp#5;&amp#20;P@&amp#1;&amp#5;&amp#20;P@&amp#1;&amp#5;&amp#20;P@&amp#1;&amp#5;&amp#20;P@&amp#1;&amp#5;&amp#20;("М&amp#25;�&amp#30;��p�&amp#2;�+���_�&amp#24;1��&amp#24;x&amp#3;���g�y�)�&�&amp#26;:t�}��&amp#23;���o&amp#12;�_y�&amp#15;=�&amp#16;�G&amp#28;q�v�mWm?6P@&amp#1;&amp#5;&amp#20;P@&amp#1;&amp#5;&amp#20;P@&amp#1;&amp#5;&amp#20;P@&amp#1;&amp#5;&amp#20;P@&amp#1;&amp#5;&amp#20;P@&amp#1;&amp#5;&amp#20;P@&amp#1;&amp#5;�&amp#27;k�M��&amp#5;�~��o��� ��΅&amp#22;Z�x�B{YO!��i��c�&amp#25;n/&amp#4;e�&amp#2;
(��&amp#2;
(��&amp#2;
(��&amp#2;
(��&amp#2;
(��&amp#2;
(��&amp#2;
�&amp#2;U�e&amp#5;��&amp#0;�),��2��{��&amp#17;x������QGe��T@&amp#1;&amp#5;&amp#20;P@&amp#1;&amp#5;&amp#20;P@&amp#1;&amp#5;&amp#20;P@&amp#1;&amp#5;&amp#20;P@&amp#1;&amp#5;&amp#20;P@&amp#1;&amp#5;&amp#20;P@��,@"��L�u����&h\�ޫW/VX�&amp#29;s���f�jN=�T�зj�j�M7ʹ&amp#25;8p�G&amp#31;}��tS&amp#1;&amp#5;&amp#20;P@&amp#1;&amp#5;&amp#20;P@&amp#1;&amp#5;&amp#20;P@&amp#1;&amp#5;&amp#20;P@&amp#1;&amp#5;&amp#20;P@&amp#1;&amp#5;&amp#20;P@&amp#1;&amp#5;��&amp#0;��&amp#27;ko�o��u��~�֭k}̝;w�ׯ_n�cǎ}��s�Q@&amp#1;&amp#5;&amp#20;P@&amp#1;&amp#5;&amp#20;P@&amp#1;&amp#5;&amp#20;P@&amp#1;&amp#5;&amp#20;P@&amp#1;&amp#5;&amp#20;P@&amp#1;&amp#5;&amp#20;P@&amp#1;&amp#5;�K�@E
|���C�&amp#12;&amp#25;:t�	&amp#19;�&amp#21;߳g�&amp#21;W\��$x2�O�8&amp#17;�.]����*&amp#1;��&amp#27;o�1���ݩ�۷o�&amp#14;&amp#29;�.&amp#11;
(��&amp#2;
(��&amp#2;
(��&amp#2;
�?{�&amp#1;'Uu�\v��{�4APQ&amp#16;�Į�&amp#23;H�ѿ&amp#21;�Ϛ&amp#24;KĂ&amp#26;;(�����&amp#16;E���"&amp#8;�(M&amp#4;)�;,,�.�/<z8{���̰mv>�J�s�}N��Yd��s&amp#17;@&amp#0;&amp#1;&amp#4;&amp#16;@&amp#0;&amp#1;&amp#4;&amp#16;@&amp#0;&amp#1;&amp#4;&amp#16;H7��ɧ�5s�� �����Nw��|��&amp#7;&amp#28;p�~���*��s�=�p�B�&amp#28;|���n&amp#31;;v���߿i�&&amp#23;��C&amp#15;�r���I�;
				&amp#8; �&amp#0;&amp#2;&amp#8; �&amp#0;&amp#2;&amp#8; �&amp#0;&amp#2;&amp#8; �&amp#0;&amp#2;&amp#8; �&amp#0;&amp#2;&amp#8; �&amp#0;&amp#2;&amp#8;��&amp#0;��4����%���{&amp#15;>�`�:��x��#�L�:�ϵG��&amp#18;&amp#1;&amp#4;&amp#16;@&amp#0;&amp#1;&amp#4;&amp#16;@&amp#0;&amp#1;&amp#4;&amp#16;@&amp#0;&amp#1;&amp#4;&amp#16;@&amp#0;&amp#1;&amp#4;&amp#16;@&amp#0;&amp#1;&amp#4;&amp#16;@&amp#0;&amp#1;&amp#4;�V@�mgu{�~�)y�V����	L�Z�jU�T�J�}���]���k�zŊ&amp#21;��7�x��&amp#23;Z8���c�ȑ#����;�õ����L&amp#1;&amp#1;&amp#4;&amp#16;@&amp#0;&amp#1;&amp#4;&amp#16;@&amp#0;&amp#1;&amp#4;&amp#16;@&amp#0;&amp#1;&amp#4;&amp#16;@&amp#0;&amp#1;&amp#4;&amp#16;@&amp#0;&amp#1;&amp#4;&amp#16;@&amp#0;&amp#1;&amp#4;�P`��v��B�
ix�\r*
���O��&amp#19;O�袋�~���nU�&amp#31;���뮻N7��T�~��K�7�&amp#16;n&amp#30;�����ָ���+S@&amp#0;&amp#1;&amp#4;&amp#16;@&amp#0;&amp#1;&amp#4;&amp#16;@&amp#0;&amp#1;&amp#4;&amp#16;@&amp#0;&amp#1;&amp#4;&amp#16;@&amp#0;&amp#1;&amp#4;&amp#16;@&amp#0;&amp#1;&amp#4;&amp#16;@&amp#0;&amp#1;&amp#4;2ȵ�C��&amp#2;�e�]·�~��g�y��ڭF+���c&amp#15;w�&amp#2;&amp#2;&amp#8; �&amp#0;&amp#2;&amp#8; �&amp#0;&amp#2;&amp#8; �&amp#0;&amp#2;&amp#8; �&amp#0;&amp#2;&amp#8; �&amp#0;&amp#2;&amp#8; �&amp#0;&amp#2;&amp#8; ���R�l&��&amp#30;KG�jժ���N�_�x��m׮]���&amp#3;����̙3&amp#3;�&amp#28;"�&amp#0;&amp#2;&amp#8; �&amp#0;&amp#2;&amp#8; �&amp#0;&amp#2;&amp#8; �&amp#0;&amp#2;&amp#8; ���ƍ&amp#27;��b�ڵ�@ä;���[�z�zP?Iw�r��'�.y��W�^�t'����t���˗/[�l�ڵ5jԨ��լY�R�[��0:&amp#2;&amp#8; �&amp#0;&amp#2;&amp#8;&amp#20;*@��P"&amp#2;ʐ�[o�&amp#21;�&amp#11;�&amp#11;m�M�4	ϻnݺ�Jj&amp#16;@&amp#0;&amp#1;&amp#4;&amp#16;@&amp#0;&amp#1;&amp#4;&amp#16;@&amp#0;&amp#1;&amp#4;&amp#16;@&amp#0;&amp#1;&amp#4;&amp#16;HN��O?&amp#29;:thvv�UW]u�q�%׉ZM�4�k�iذ���;I��7�|�&amp#5;&amp#11;t��&amp#25;g�QZ�_�dɨQ��[G��&amp#16;q&amp#14;&amp#7;&amp#28;p��&amp#1;&amp#3;�&amp#30;�ג&amp#17;�R�&amp#0;&amp#2;&amp#8; �&amp#0;&amp#2;� @�=&amp#29;>�t����|��v݂&amp#26;��5k�+�A&amp#0;&amp#1;&amp#4;&amp#16;@&amp#0;&amp#1;&amp#4;&amp#16;@&amp#0;&amp#1;&amp#4;&amp#16;@&amp#0;&amp#1;&amp#4;&amp#16;@ Q�-[��&amp#24;1�e���&amp#29;&�U��Zu�_v�7},�a&amp#25;&amp#15;X�r�f��ϔ�l��]��믿�۽{w-�ѧ�4��9st#��&amp#29;��o���&amp#3;&amp#15;�#���n�:M#�v;(nR�G&amp#0;&amp#1;&amp#4;&amp#16;@�8&amp#4;��5��‥��&amp#17;Г�u&amp#11;���CïZ�*<	}IWR�&amp#0;&amp#2;&amp#8; �&amp#0;&amp#2;&amp#8; �&amp#0;&amp#2;&amp#8; �&amp#0;&amp#2;&amp#8; �@B&amp#2;�&amp#22;-���Y�f���S��0:�>�&amp#5;�w�Z���i��&amp#22;-&E�۷o����w�֭��_&amp#30;�t�M��^CW�V�ꫯ�4&amp#26;7n�ǯ��h��)S��&amp#30;=zƌ&amp#25;}��q�%S���{����{�)��&amp#24;&amp#5;&amp#1;&amp#4;&amp#16;@&amp#0;&amp#1;&amp#4;�&amp#19; ݞ�&amp#27;�ʮ�&amp#30;�d��_~�E?���cMZO`*�Sgf&amp#8; �&amp#0;&amp#2;&amp#8; �&amp#0;&amp#2;&amp#8; �&amp#0;&amp#2;&amp#8; �&amp#0;&amp#2;� 0v�X��5S%����>���&amp#23;_,��k���X&amp#23;_��سr�����c�=Jx&amp#14;�7o���K�����.��^{m�gPfff��U�ӳ�M�ֺu�R&amp#25;�A&amp#17;@&amp#0;&amp#1;&amp#4;�&amp#23;&amp#8;���oKd�&amp#16;�b���q%\&amp#5;&amp#2;&�t�&amp#21;�t���|&amp#22;m&amp#15;���&amp#31;�5����vn�`Y�B�&amp#16;�&amp#0;&amp#2;&amp#8; �&amp#0;&amp#2;&amp#8; �&amp#0;&amp#2;&amp#8; �&amp#0;&amp#2;&amp#8; P^&amp#5;���&amp#3;&amp#15;<`��^�z=��s�:u���)���駟���R�\��|�]���&amp#19;OX���+���;"��K�ECk�&amp#4;~&amp#27;Y�&amp#31;&amp#1;�#�&amp#0;&amp#2;�&amp#8;���k���?�~�'��r,@��&amp#28;���Ҵ�ӚH/w��&amp#29;v�+�w�}����&amp#29;�?{&amp#30;y�D��6j���6f�&amp#24;W��&amp#0;&amp#2;&amp#8; �&amp#0;&amp#2;&amp#8; �&amp#0;&amp#2;&amp#8; �&amp#0;&amp#2;&amp#8; ��&amp#2;_|�śo��&amp#11;׾���N�:*k�t�R̜9�X�O�ο��[{^{�~�N<����eD�&amp#28;�cQF��&amp#6;&amp#2;&amp#8; ��&amp#2;/������Ǎ&amp#27;����]7��z����&amp#2;;&amp#23;��50��&amp#17;��_�&amp#26;�b_}��z��锞���{�O*/^������&amp#29;�U�Tѓ�6m�&amp#20;�m��6mڸ�O?���Q����6��ƑG&amp#30;�NQ@&amp#0;&amp#1;&amp#4;&amp#16;@&amp#0;&amp#1;&amp#4;&amp#16;@&amp#0;&amp#1;&amp#4;&amp#16;@&amp#0;&amp#1;&amp#4;&amp#16;H&amp#7;�?��&amp#15;&amp#3;&amp#7;&amp#14;�޽��&amp#7;&amp#30;讷����]��,>q����{Oc)��/�S�X3�\����+�A�ӧO��J�*u�ҥcǎ}���ߞ�0W�~�&amp#11;&amp#23;.<餓jԨ�b�
m&amp#24;��r�
hҤI׮]&amp#15;?�p&amp#21;\��ٳ�8s�k�{5i۶m�v�9�&amp#24;�]L�&amp#5;&amp#27;�����o��&amp#15;?L�4I�K�����u-s��Ոz�\�R[��v��}�}��[�Y~�7,��/��I�0=X]&amp#31;ʜ9s�KH�4OM�e˖��&amp#31;[�j&amp#21;��]����}���`����K@��+XϏoР��H�&amp#26;u�&amp#18;V�:�&amp#14;
~W&amp#3;&amp#6;&amp#12;�ֹ&amp#31;F&amp#25;&amp#1;&amp#4;&amp#16;@��&amp#5;���Q&L�p�u�&amp#29;:T٨�&amp#30;��ˠ��&amp#3;�n/��&amp#11;S�%��/�\w&amp#18;������ʾ&amp#7;���&amp#30;�s����/�&amp#22;f_�Uַ��9�&amp#0;&amp#2;&amp#8; �&amp#0;&amp#2;&amp#8; �&amp#0;&amp#2;&amp#8; �&amp#0;&amp#2;&amp#8; P�&amp#4;���K&amp#2;��g�&amp#3;�v�P+��|�I׃���
&amp#19;Ws��G&amp#7;�횉�wt�d��*&amp#20;&amp#21;�_���ު&amp#27;&amp#5;\sW&amp#24;9r�~��_��Ł��7o�W_}��SO�m���&amp#23;^�N쮭
��+��r�����~��B�6tӦM&amp#3;��)S�hP=&amp#8;U���o���O?���~�_~�����C&amp#15;=���.�]��6vy����}��b���?�h�"vp���&amp#22;-�G&amp#19;~l�Qhю������u�v]�,t�7�x����԰aC�X0x�`7�����;TA&amp#25;}��>&amp#8;e&amp#4;&amp#16;@�T&amp#4;&amp#30;��&amp#23;_|QCW�XQ[�(!��7�\}��w�}�n�*�)1h)
�&amp#27;&amp#11;��R�g�&amp#4;233&amp#11;��c��sĈ&amp#17;&amp#15;=��}u��J��~U�t��&amp#27;�*��&amp#31;������%&amp#30;{�1����'�%޵��&amp#0;&amp#2;&amp#8; �&amp#0;&amp#2;&amp#8; �&amp#0;&amp#2;&amp#8; �&amp#0;&amp#2;&amp#8; �@�&amp#2;Z@o&amp#15;:Զ�Z�%�Z[��*�&amp#27;���}�t�M��W&�w��J'ko[mK����+&amp#19;�<�R�JQ�N��;Ｃ�&amp#29;U�u�={�TNW�w�)W^Ym�bO&amp#25;�iӦY���SO�&amp#6;�͛7����Wb��k��N�Z��w�+e]���&amp#12;�R&amp#23;�&amp#6;Ҋv��&amp#11;ג&amp#24;MU��~��G����[n�&amp#20;-(��SN9%�V�H˵�o�������&amp#26;7n��9�$@�#h�ʸ7k����Æ&amp#27;,׮��&amp#22;&amp#5;�~@&amp#31;������Mݵ�`�O0v�Xur��g�m�ـH&amp#25;&amp#1;&amp#4;&amp#16;@��&amp#5;&amp#30;~�a�լq����	�&amp#29;cZ&amp#5;�;��'�UW]u�=�T�^��gň�+@��t�&amp#25;�p&amp#1;�j�W�q^����;���@���wn}&amp#17;׿��=�ɋ�^Ԟ&amp#31;�&amp#26;wX�V-�����m�[�nտ%u���ͅQ@&amp#0;&amp#1;&amp#4;&amp#16;@&amp#0;&amp#1;&amp#4;&amp#16;@&amp#0;&amp#1;&amp#4;&amp#16;@&amp#0;&amp#1;&amp#4;&amp#16;@�&amp#8;&amp#5;��{�ԡ2�J��&amp#17;�G&amp#28;qD��&amp#31;x�&amp#1;姕�U��_e�&amp#4;�A&amp#7;&amp#29;t��7O�<YϛW�>��;%��m;u�&amp#28;���k&amp#2;���F�oƔZP����ź3���S�Xy�+��ҝ�ł&amp#22;֫��&amp#15;>XCkE��M;�kD-���('�Ĺp��؅&amp#31;�Q&amp#1;��]�-@�l�&amp#18;�&amp#14;&amp#29;:h��?&amp#20;O�&amp#3;&amp#0;&amp#0;@&amp#0;IDAT�>/m�/&amp#31;%㕌&amp#17;]`�&amp#1;&amp#11;~��GUP*]�WWV�H�S�}&amp#12;�4�0&amp#17;�C�G��&amp#0;&amp#2;&amp#8; P�&amp#2;۶m�߶���5�����;�7��Æ��+�p&amp#16;=4D&amp#5;��]���&amp#12;��)�&amp#8;&amp#11;|����&amp#12;&amp#2;I&amp#11;h���������&amp#29;�7c���E����'FC&amp#4;&amp#16;@&amp#0;&amp#1;&amp#4;&amp#16;@&amp#0;&amp#1;&amp#4;&amp#16;@&amp#0;&amp#1;&amp#4;&amp#16;@&amp#0;&amp#1;&amp#4;�P@+�m�u���\���)C�&amp#12;Q9;;�?��O�q�&amp#5;z��2��3�/��R�&amp#24;v�(&amp#23;n��&amp#3;;D���&amp#11;�I�p�~��uu���Lƌ&amp#25;�*&amp#11;-�&amp#0;���~�&amp#26;=�k���B����WY�����&amp#24;�&amp#25;>|�˵�&amp#8;�&amp#20;&amp#2;&amp#8; �@&amp#25;&amp#17;P�]+�-�^�j���_�k��t&amp#11;�2��ڵSY&amp#15;8V��vY.#3g&amp#26;�-����ōL�&amp#8; �&amp#0;&amp#2;&amp#8; �&amp#0;&amp#2;&amp#8; �&amp#0;&amp#2;&amp#8; �&amp#0;&amp#2;&amp#8; �@1
�!��]+׵�:�0Zfw����K/�&amp#20;1@�ڂ>⩽���굲����&amp#15;�۷�&amp#14;��߼y�_���&amp#11;.� ��G�S��ۄ�'e��X�]ۿ��$�H����jɒ%�ڞv�i���>Z��#�&amp#0;&amp#2;&amp#8;&amp#20;��vS�sU�}�]��]���&amp#30;=z�c�ΰ&amp#7;&amp#31;|P&amp#27;��R�qѾ,�V��&amp#3;(�c&amp#1;}'!�^�?_.&amp#1;&amp#4;&amp#16;@&amp#0;&amp#1;&amp#4;&amp#16;@&amp#0;&amp#1;&amp#4;&amp#16;@&amp#0;&amp#1;&amp#4;&amp#16;@&amp#0;&amp#1;&amp#4;ʹ��&amp#21;+&M����#�c\�!�&amp#28;��ʈ�_�>&amp#28;�<z�g�V�X�֗k&amp#25;�~�&amp#28;n�&amp#26;�&amp#0;}ٲe&amp#17;&amp#3;���߿��M�4�Ym�&amp#27;#&p���ڤ=P_��Z��&amp#14;c��w���E;[zC&amp#0;&amp#1;&amp#4;&amp#16;�-���w뭷~��&amp#7;
�Y����߯&amp#7;���h/&amp#25;e�m�y��i?&amp#24;�K'&amp#28;IM�&amp#19; �^�>S�&amp#8;&amp#1;&amp#4;&amp#16;@&amp#0;&amp#1;&amp#4;&amp#16;@&amp#0;&amp#1;&amp#4;&amp#16;@&amp#0;&amp#1;&amp#4;&amp#16;@&amp#0;&amp#1;&amp#4;�E��u�P�&amp#24;�ܨQ#;�t��p�;&amp#27;>�&amp#26;�&amp#16;�&amp#30;#FOu����u�"��D���і�[o���W!�����WM�8Ib>�7�&amp#19;�&amp#21;�iӦ�M&amp#4;U�^����D&amp#0;&amp#1;&amp#4;&amp#16;(k&amp#2;���zP��&amp#31;��YB=�P&amp#21;7�&amp#26;5jh���{&amp#5;&amp#11;&amp#22;(�&amp#30;��\&amp#23;O�|&amp#8;h�,m(&amp#31;���q�\&amp#5;&amp#2;&amp#8; �&amp#0;&amp#2;&amp#8; �&amp#0;&amp#2;&amp#8; �&amp#0;&amp#2;&amp#8; �&amp#0;&amp#2;&amp#8; P^&amp#5;&amp#22;/^l���k�F��ÉyK]�n&amp#30;#ݮ�zly�扞�5�1Z%1��ڮ�|B&amp#25;�&amp#24;&amp#19;�)m&amp#21;�T��rrr�nݺe˖o��F���ֽX���=[�"�&amp#0;&amp#2;&amp#8;$$���x�_|�Z�N)�ko۶m�&amp#30;�U̽��{�u�M�2E�&amp#12;&amp#30;<���&amp#30;�sFb��lJ&amp#11;�C��)�	2y&amp#4;&amp#16;@&amp#0;&amp#1;&amp#4;&amp#16;@&amp#0;&amp#1;&amp#4;&amp#16;@&amp#0;&amp#1;&amp#4;&amp#16;@&amp#0;&amp#1;&amp#4;&amp#16;Hk&amp#1;�<������~��0�&amp#27;|����R��+�@�8�nn��/\�p&amp#23;�/�1cƼ��Z�&amp#24;�+�s�x�q��&amp#17;�D&amp#0;&amp#1;&amp#4;&amp#16;(k&amp#2;�����׬�m�r�g+�&amp#25;�˻���믟8qb�Z���|<��I]&amp#1;�����{�^&amp#0;3G&amp#0;&amp#1;&amp#4;&amp#16;@&amp#0;&amp#1;&amp#4;&amp#16;@&amp#0;&amp#1;&amp#4;&amp#16;@&amp#0;&amp#1;&amp#4;&amp#16;@&amp#0;&amp#1;&amp#4;�Y`�ڵv�&amp#7;&amp#31;|p<&amp#14;͛7&amp#15;��޶=&amp#28;_&amp#2;5�1%���s����'L�����]&amp#11;={��S��R2F�����k�M�<9�&amp#16;�q]�Ƣ&amp#30;&amp#1;&amp#4;&amp#16;@`W&amp#4;�_W�����&amp#26;2dHĿ=�u^�r�;�sĈ&amp#17;g�y�v��&amp#22;F}�&amp#17;(�&amp#29;~ʍ&amp#11;&amp#23;�&amp#0;&amp#2;&amp#8; �&amp#0;&amp#2;&amp#8; �&amp#0;&amp#2;&amp#8; �&amp#0;&amp#2;&amp#8; �&amp#0;&amp#2;&amp#8;�}&amp#1;��k׮�&amp#1;��ٖ�&amp#12;m�ze�W�Z��&amp#3;Կ��k��FWѲe˳�:�_�~ժU&amp#11;\ԤI��n���| �C&amp#4;&amp#16;@&amp#0;��,бc�'�|2��W�X��.+˗�܊J@��3�����~&amp#16;@&amp#0;&amp#1;&amp#4;&amp#16;@&amp#0;&amp#1;&amp#4;&amp#16;@&amp#0;&amp#1;&amp#4;&amp#16;@&amp#0;&amp#1;&amp#4;&amp#16;@&amp#0;&amp#1;&amp#4;JR�HVl��Kq,�&amp#15;�&amp#22;�'7�aÆ��r�Ç&amp#15;?��¹v�]�d�ޣm&�ܸ�B&amp#0;&amp#1;&amp#4;&amp#16;(-�$r�5U�-&amp#21;&amp#1;m$��U*c3(&amp#2;&amp#8; �&amp#0;&amp#2;&amp#8; �&amp#0;&amp#2;&amp#8; �&amp#0;&amp#2;&amp#8; �&amp#0;&amp#2;&amp#8; ��.
�&amp#21;�nW�]�&amp#28;7׭	&amp#3;&amp#6;&amp#12;�&amp#5;����K�.M�J׭[7k�,����&amp#11;b<���N�g�&amp#17;@&amp#0;&amp#1;&amp#4;&amp#16;@ u&amp#5;2��.u?<f�&amp#0;&amp#2;&amp#8; �&amp#0;&amp#2;&amp#8; �&amp#0;&amp#2;&amp#8; �&amp#0;&amp#2;&amp#8; �&amp#0;&amp#2;�[��K���D�̦M�کw�y'Z&amp#12;�N���Ϸ��>�*�,�&amp#12;���&amp#30;���ի���hg&amp#19;�ߴiSB�&amp#4;#�&amp#0;&amp#2;&amp#8; �@�&amp#8;d�&amp#7;B��3(&amp#2;&amp#8; �&amp#0;&amp#2;&amp#8; �&amp#0;&amp#2;&amp#8; �&amp#0;&amp#2;&amp#8; �&amp#0;&amp#2;&amp#8; P��=b|����"����A�t��'�`�{4%W�&amp#5;��5r�Hݠ��j�Z�jY?[�lq&amp#29;&amp#6;
�<�H�&�C[:o��'ќ&&amp#8; �&amp#0;&amp#2;&amp#8; P�&amp#2;�$_�ڌ�&amp#0;&amp#2;&amp#8; �&amp#0;&amp#2;&amp#8; �&amp#0;&amp#2;&amp#8; �&amp#0;&amp#2;&amp#8; �&amp#0;&amp#2;&amp#8;$ иqcE���yyyњ�q�&amp#25;�&amp#16;�;�S&amp#27;�G&amp#11;��&amp#4;N?�t��{n�����QhԨ��0v�؈�&amp#31;��&amp#31;~&amp#24;�TB�&amp#27;6T�?~B	F&amp#0;&amp#1;&amp#4;&amp#16;@&amp#0;�&amp#18;&amp#22;Э{&amp#25;���%<*�!�&amp#0;&amp#2;&amp#8; �&amp#0;&amp#2;&amp#8; �&amp#0;&amp#2;&amp#8; �&amp#0;&amp#2;&amp#8; �&amp#0;&amp#2;&amp#8;�#еkW�)���&amp#11;/D[�]�f�K.�Da�ǏW�}	[�n�;߼y�_~�첞Y�קgY��&amp#31;~�a[A��g��y�o����i�֯_����9s�h&amp#17;��ٳ�^;�&amp#30;w�q*?��3Z&amp#25;��&amp#0;�&amp#15;�&amp#29;/��g�}�~�(�n��n&amp#8;&amp#24;1b�>�$z�	&amp#2;&amp#8; �&amp#0;&amp#2;&amp#8;����&amp#30;dٳJf<FA&amp#0;&amp#1;&amp#4;&amp#16;@&amp#0;&amp#1;&amp#4;&amp#16;@&amp#0;&amp#1;&amp#4;&amp#16;@&amp#0;&amp#1;&amp#4;&amp#16;@&amp#0;&amp#1;&amp#4;&amp#16;�_@���������z��?��V�Zi&amp#1;ղeˎ<��SO=��s�1�ԯ_Ȑ!zv�5�\��6m�(X�ڕ+W*ml�
sMҹо}��&amp#31;�����]&amp#8;&amp#18;���{MC9x����$�=�}���&amp#29;:t��&amp#11;/���/�Pr]�.<��S
���]�p�:Q�r�C�&amp#14;]�jդI�v��jժg�u�r�b���&amp#26;�J�*�&amp#28;��^9�]陶&amp#8; �&amp#0;&amp#2;&amp#8; P�&amp#2;YE�#&amp#29;������&amp#29;�z��>W]�W*L��g�"�9&amp#2;&amp#8; �&amp#0;&amp#2;&amp#8; �&amp#0;&amp#2;&amp#8; �&amp#0;&amp#2;&amp#8; P�&amp#2;�*URo&amp#21;+Vܕ>333ct���Dp-�^��e&amp#3;Y~�&amp#31;�o߾����c�=���&amp#15;����&amp#2;:v�8`���&amp#14;:��X�fn&amp#19;&amp#8;�r�v��c�&amp#15;V|VV&amp#2;�p�6��&amp#23;ڕ&amp#5;�*p7��&amp#11;ڥ����2eʨQ���=;;[m���*�ޫW/�`�z�^����>��&amp#6;D�&amp#7;+�Hm-��&amp#30;f̘�����.&amp#27;H�Rh��V�k&amp#20;}�V&amp#25;ش�*yG&amp#0;&amp#1;&amp#4;&amp#16;@&amp#0;�R&amp#20;؞'��^)N��SW`����&amp#26;ڤI���Ԧ�&amp#23;���d�&amp#18;yv�ܹ���[&amp#4;&amp#16;@&amp#0;&amp#1;&amp#4;&amp#16;@&amp#0;&amp#1;&amp#4;&amp#16;@&amp#0;&amp#1;&amp#4;&amp#16;@ q�ع�&amp#2;����ܒ��c8&amp#27;Q@�&amp#23;-Z���J�6mڴv��&amp#17;ìR�z���&amp#27;�#�S����z�&amp#17;�槴-�~)�f�&amp#26;=�]+a�S�Q����g�G�ٲe��,^�X�&amp#25;���j&amp#18;1l&amp#23;+�9�&amp#22;�k �G&amp#31;z�&amp#6;X����4G&amp#0;&amp#1;&amp#4;&amp#16;�G ��_�}c�g�e$F�&amp#14;�n/#�EJNc�ҥ�(�r��͚5�{ޮ���EߞsrrZ�h��kw�Cz@&amp#0;&amp#1;&amp#4;&amp#16;@&amp#0;&amp#1;&amp#4;&amp#16;@&amp#0;&amp#1;&amp#4;&amp#16;@&amp#0;&amp#1;&amp#4;�H��~yJ���>&amp#17;�A&amp#0;&amp#1;&amp#4;&amp#16;@&amp#0;&amp#1;&amp#4;�K�t{B�&amp#25;	E&amp#19;��/�����)=�$��K��&amp#18;|��ʢ&amp#19;���EJ�=!=�&amp#17;@&amp#0;&amp#1;&amp#4;&amp#16;@&amp#0;&amp#1;&amp#4;&amp#16;@&amp#0;&amp#1;&amp#4;&amp#16;@&amp#0;&amp#1;&amp#4;&amp#16;@&amp#0;&amp#1;&amp#4;&amp#16;@&amp#0;&amp#1;&amp#4;&amp#16;(y&amp#1;��*l_�΃�K޾���\��?��]�E�y*�ޮ];m&amp#24;PT&amp#29;�&amp#15;&amp#2;&amp#8; �&amp#0;&amp#2;&amp#8; �&amp#0;&amp#2;&amp#8; �&amp#0;&amp#2;&amp#8; P&amp#20;&amp#2;�n/
E�@&amp#0;&amp#1;&amp#4;&amp#16;@&amp#0;&amp#1;&amp#4;RA����J���H�ߋ�h&amp#2;�U^O�ڴi&amp#19;?Nшb�떗�U�֫W�u�8�&amp#0;&amp#2;&amp#8; �&amp#0;&amp#2;&amp#8; �&amp#0;&amp#2;&amp#8; �&amp#0;&amp#2;�$@����&amp#25;&amp#22;&amp#1;&amp#4;&amp#16;@&amp#0;&amp#1;&amp#4;&amp#16;(q&amp#1;��	��nO��`&amp#4;&amp#16;@&amp#0;&amp#1;&amp#4;&amp#16;@&amp#0;&amp#1;&amp#4;&amp#16;@&amp#0;&amp#1;&amp#4;&amp#16;@&amp#0;&amp#1;&amp#4;�P�t{&amp#26;~�\2&amp#2;&amp#8; �&amp#0;&amp#2;&amp#8;��&amp#0;���>x�ݞ&amp#16;&amp#23;�&amp#8; �&amp#0;&amp#2;&amp#8; �&amp#0;&amp#2;&amp#8; �&amp#0;&amp#2;&amp#8; �&amp#0;&amp#2;&amp#8; �&amp#0;&amp#2;&amp#8; �&amp#0;&amp#2;&amp#8; �&amp#0;&amp#2;&amp#8;l&amp#23; ���&amp#1;&amp#2;&amp#8; �&amp#0;&amp#2;&amp#8; �&amp#0;&amp#2;&amp#8; �&amp#0;&amp#2;&amp#8; �&amp#0;&amp#2;&amp#8; �&amp#0;&amp#2;&amp#8; �&amp#0;&amp#2;&amp#8; �&amp#0;&amp#2;�	�Aۤ�&amp#19;##&amp#26;&amp#1;&amp#4;&amp#16;@&amp#0;&amp#1;&amp#4;&amp#16;@&amp#0;&amp#1;&amp#4;&amp#16;@&amp#0;&amp#1;&amp#4;&amp#16;@&amp#0;&amp#1;&amp#4;&amp#16;@&amp#0;&amp#1;&amp#4;&amp#16;@&amp#0;&amp#1;&amp#4;&amp#16;@&amp#0;&amp#1;���&amp#12; �&amp#0;&amp#2;&amp#8; �&amp#0;&amp#2;&amp#8; �&amp#0;&amp#2;&amp#8; �&amp#0;&amp#2;&amp#8; �&amp#0;&amp#2;&amp#8; �&amp#0;&amp#2;&amp#8; �&amp#0;&amp#2;&amp#8; ��@�^	7�&amp#1;&amp#2;&amp#8; �&amp#0;&amp#2;&amp#8; �&amp#0;&amp#2;&amp#8; �&amp#0;&amp#2;&amp#8; �&amp#0;&amp#2;&amp#8; �&amp#0;&amp#2;&amp#8; �&amp#0;&amp#2;&amp#8; �&amp#0;&amp#2;i/@�=�&amp#4;&amp#0;@&amp#0;&amp#1;&amp#4;&amp#16;@&amp#0;&amp#1;&amp#4;&amp#16;@&amp#0;&amp#1;&amp#4;&amp#16;@&amp#0;&amp#1;&amp#4;&amp#16;@&amp#0;&amp#1;&amp#4;&amp#16;@&amp#0;&amp#1;&amp#4;&amp#16;@&amp#0;&amp#1;&amp#4;&amp#16;H\�t{�f�@&amp#0;&amp#1;&amp#4;&amp#16;@&amp#0;&amp#1;&amp#4;&amp#16;@&amp#0;&amp#1;&amp#4;&amp#16;@&amp#0;&amp#1;&amp#4;&amp#16;@&amp#0;&amp#1;&amp#4;&amp#16;@&amp#0;&amp#1;&amp#4;&amp#16;@&amp#0;&amp#1;&amp#4;&amp#16;Ho���|����#��#�&amp#0;&amp#2;&amp#8; �&amp#0;&amp#2;&amp#8; �&amp#0;&amp#2;&amp#8; �&amp#0;&amp#2;&amp#8; �&amp#0;&amp#2;&amp#8; �&amp#0;&amp#2;&amp#8; �&amp#0;&amp#2;&amp#8;$.���&amp#19;7�&amp#5;&amp#2;&amp#8; �&amp#0;&amp#2;&amp#8; �&amp#0;&amp#2;&amp#8; �&amp#0;&amp#2;&amp#8; �&amp#0;&amp#2;&amp#8; �&amp#0;&amp#2;&amp#8; �&amp#0;&amp#2;&amp#8; �&amp#0;&amp#2;����v~
&amp#16;@&amp#0;&amp#1;&amp#4;&amp#16;@&amp#0;&amp#1;&amp#4;&amp#16;@&amp#0;&amp#1;&amp#4;&amp#16;@&amp#0;&amp#1;&amp#4;&amp#16;@&amp#0;&amp#1;&amp#4;&amp#16;@&amp#0;&amp#1;&amp#4;&amp#16;@&amp#0;&amp#1;&amp#4;&amp#16;HX�t{�d4@&amp#0;&amp#1;&amp#4;&amp#16;@&amp#0;&amp#1;&amp#4;&amp#16;@&amp#0;&amp#1;&amp#4;&amp#16;@&amp#0;&amp#1;&amp#4;&amp#16;@&amp#0;&amp#1;&amp#4;&amp#16;@&amp#0;&amp#1;&amp#4;&amp#16;@&amp#0;&amp#1;&amp#4;&amp#16;Hs�m۶�nO�&amp#1;.&amp#31;&amp#1;&amp#4;&amp#16;@&amp#0;&amp#1;&amp#4;&amp#16;@&amp#0;&amp#1;&amp#4;&amp#16;@&amp#0;&amp#1;&amp#4;&amp#16;@&amp#0;&amp#1;&amp#4;&amp#16;@&amp#0;&amp#1;&amp#4;&amp#16;@&amp#0;&amp#1;&amp#4;&amp#16;@ a�
&amp#21;*�nOX�&amp#6;&amp#8; �&amp#0;&amp#2;&amp#8; �&amp#0;&amp#2;&amp#8; �&amp#0;&amp#2;&amp#8; �&amp#0;&amp#2;&amp#8; �&amp#0;&amp#2;&amp#8; �&amp#0;&amp#2;&amp#8; �&amp#0;&amp#2;&amp#8;�n�g&amp#0;&amp#1;&amp#4;&amp#16;@&amp#0;&amp#1;&amp#4;&amp#16;@&amp#0;&amp#1;&amp#4;&amp#16;@&amp#0;&amp#1;&amp#4;&amp#16;@&amp#0;&amp#1;&amp#4;&amp#16;@&amp#0;&amp#1;&amp#4;&amp#16;@&amp#0;&amp#1;&amp#4;&amp#16;@&amp#0;��&amp#4;���3��|b��F&amp#0;&amp#1;&amp#4;&amp#16;@&amp#0;&amp#1;&amp#4;&amp#16;@&amp#0;&amp#1;&amp#4;&amp#16;@&amp#0;&amp#1;&amp#4;&amp#16;@&amp#0;&amp#1;&amp#4;&amp#16;@&amp#0;&amp#1;&amp#4;&amp#16;@&amp#0;&amp#1;&amp#4;&amp#16;@ �&amp#5;2�"ݞ�?&amp#3;\=&amp#2;&amp#8; �&amp#0;&amp#2;&amp#8; �&amp#0;&amp#2;&amp#8; �&amp#0;&amp#2;&amp#8; �&amp#0;&amp#2;&amp#8; �&amp#0;&amp#2;&amp#8; �&amp#0;&amp#2;&amp#8; �@�&amp#2;J�oϸ'܎&amp#6;&amp#8; �&amp#0;&amp#2;&amp#8; �&amp#0;&amp#2;&amp#8; �&amp#0;&amp#2;&amp#8; �&amp#0;&amp#2;&amp#8; �&amp#0;&amp#2;&amp#8; �&amp#0;&amp#2;&amp#8; �&amp#0;&amp#2;&amp#8;��&amp#0;������z&amp#4;&amp#16;@&amp#0;&amp#1;&amp#4;&amp#16;@&amp#0;&amp#1;&amp#4;&amp#16;@&amp#0;&amp#1;&amp#4;&amp#16;@&amp#0;&amp#1;&amp#4;&amp#16;@&amp#0;&amp#1;&amp#4;&amp#16;@&amp#0;&amp#1;&amp#4;&amp#16;@&amp#0;��&amp#5;��n���&amp#19;oH&amp#11;&amp#4;&amp#16;@&amp#0;&amp#1;&amp#4;&amp#16;@&amp#0;&amp#1;&amp#4;&amp#16;@&amp#0;&amp#1;&amp#4;&amp#16;@&amp#0;&amp#1;&amp#4;&amp#16;@&amp#0;&amp#1;&amp#4;&amp#16;@&amp#0;&amp#1;&amp#4;&amp#16;@&amp#0;&amp#1;&amp#4;�W`�N�z�/&amp#0;W�&amp#0;&amp#2;&amp#8; �&amp#0;&amp#2;&amp#8; �&amp#0;&amp#2;&amp#8; �&amp#0;&amp#2;&amp#8; �&amp#0;&amp#2;&amp#8; �&amp#0;&amp#2;&amp#8; �&amp#0;&amp#2;&amp#8; �@R&amp#2;&amp#25;Z�TC&amp#26;!�&amp#0;&amp#2;&amp#8; �&amp#0;&amp#2;&amp#8; �&amp#0;&amp#2;&amp#8; �&amp#0;&amp#2;&amp#8; �&amp#0;&amp#2;&amp#8; �&amp#0;&amp#2;&amp#8; �&amp#0;&amp#2;&amp#8; ��&amp#2;&amp#25;&amp#21;*TH߫��&amp#17;@&amp#0;&amp#1;&amp#4;&amp#16;@&amp#0;&amp#1;&amp#4;&amp#16;@&amp#0;&amp#1;&amp#4;&amp#16;@&amp#0;&amp#1;&amp#4;&amp#16;@&amp#0;&amp#1;&amp#4;&amp#16;@&amp#0;&amp#1;&amp#4;&amp#16;@&amp#0;&amp#1;&amp#4;&amp#16;HJ���b�&amp#17;&amp#2;&amp#8; �&amp#0;&amp#2;&amp#8; �&amp#0;&amp#2;&amp#8; �&amp#0;&amp#2;&amp#8; �&amp#0;&amp#2;&amp#8; �&amp#0;&amp#2;&amp#8; �&amp#0;&amp#2;&amp#8; �@&amp#26;&amp#11;h#�����4&amp#22;��&amp#17;@&amp#0;&amp#1;&amp#4;&amp#16;@&amp#0;&amp#1;&amp#4;&amp#16;@&amp#0;&amp#1;&amp#4;&amp#16;@&amp#0;&amp#1;&amp#4;&amp#16;@&amp#0;&amp#1;&amp#4;&amp#16;@&amp#0;&amp#1;&amp#4;&amp#16;@&amp#0;&amp#1;&amp#4;&amp#16;HX@&amp#27;�ged��=a8&amp#26; �&amp#0;&amp#2;&amp#8; �&amp#0;&amp#2;&amp#8; �&amp#0;&amp#2;&amp#8; �&amp#0;&amp#2;&amp#8; �@�&amp#8;L�>=M���D&amp#0;&amp#1;&amp#4;&amp#16;@&amp#0;�"&amp#23;�ܹs��I�eJ�\{��8�&amp#12;&amp#2;&amp#8; �&amp#0;&amp#2;&amp#8; �&amp#0;&amp#2;&amp#8; �&amp#0;&amp#2;&amp#8; �&amp#0;&amp#2;&amp#8; �&amp#0;&amp#2;&amp#8; �&amp#0;&amp#2;&amp#8; �@
&amp#8;h3�
�
̔)"�&amp#0;&amp#2;&amp#8; �&amp#0;&amp#2;&amp#8; �&amp#0;&amp#2;&amp#8; �&amp#0;&amp#2;&amp#8; �@�	T�9�֘g&amp#11;����.p�&amp#1;&amp#2;&amp#8; �&amp#0;&amp#2;&amp#8; �@&amp#25;&amp#19;�V�ZR3*�o�I�^:���vV��&amp#14;=�"�&amp#0;&amp#2;&amp#8; �&amp#0;&amp#2;&amp#8; �&amp#0;&amp#2;&amp#8; �&amp#0;&amp#2;&amp#8; �&amp#0;&amp#2;&amp#8; �&amp#0;&amp#2;&amp#8; �&amp#0;&amp#2;&amp#8;�����N�=u?>f�&amp#0;&amp#2;&amp#8; �&amp#0;&amp#2;&amp#8; �&amp#0;&amp#2;&amp#8; �&amp#0;&amp#2;&amp#8; �&amp#0;&amp#2;&amp#8; �&amp#0;&amp#2;&amp#8; �&amp#0;&amp#2;&amp#8; P:&amp#2;�H>���KǞQ&amp#17;@&amp#0;&amp#1;&amp#4;&amp#16;@&amp#0;&amp#1;&amp#4;&amp#16;@&amp#0;&amp#1;&amp#4;&amp#16;@&amp#0;&amp#1;&amp#4;&amp#16;@&amp#0;&amp#1;&amp#4;&amp#16;@&amp#0;&amp#1;&amp#4;&amp#16;@&amp#0;&amp#1;&amp#4;RY �B�
�<�&amp#0;&amp#2;&amp#8; �&amp#0;&amp#2;&amp#8; �&amp#0;&amp#2;&amp#8; �&amp#0;&amp#2;&amp#8; �&amp#0;&amp#2;&amp#8; �&amp#0;&amp#2;&amp#8; �&amp#0;&amp#2;&amp#8; �@I&amp#11;(��f�%��x&amp#8; �&amp#0;&amp#2;&amp#8; �&amp#0;&amp#2;&amp#8; �&amp#0;&amp#2;&amp#8; �&amp#0;&amp#2;&amp#8; �&amp#0;&amp#2;&amp#8; �&amp#0;&amp#2;&amp#8; �&amp#0;&amp#2;�@�t{9�&amp#16;�&amp#4;&amp#4;&amp#16;@&amp#0;&amp#1;&amp#4;&amp#16;@&amp#0;&amp#1;&amp#4;&amp#16;@&amp#0;&amp#1;&amp#4;&amp#16;@&amp#0;&amp#1;&amp#4;&amp#16;@&amp#0;&amp#1;&amp#4;&amp#16;@&amp#0;&amp#1;&amp#4;&amp#16;@&amp#0;��&amp#22; �^�⌇&amp#0;&amp#2;&amp#8; �&amp#0;&amp#2;&amp#8; �&amp#0;&amp#2;&amp#8; �&amp#0;&amp#2;&amp#8; �&amp#0;&amp#2;&amp#8; �&amp#0;&amp#2;&amp#8; �&amp#0;&amp#2;&amp#8; ��&amp#2;۶m#ݞ�&amp#31;"�G&amp#0;&amp#1;&amp#4;&amp#16;@&amp#0;&amp#1;&amp#4;&amp#16;@&amp#0;&amp#1;&amp#4;&amp#16;@&amp#0;&amp#1;&amp#4;&amp#16;@&amp#0;&amp#1;&amp#4;&amp#16;@&amp#0;&amp#1;&amp#4;&amp#16;@&amp#0;&amp#1;&amp#4;&amp#16;(i&amp#1;��%-�x&amp#8; �&amp#0;&amp#2;&amp#8; �&amp#0;&amp#2;&amp#8; �&amp#0;&amp#2;&amp#8; �&amp#0;&amp#2;&amp#8; �&amp#0;&amp#2;&amp#8; �&amp#0;&amp#2;&amp#8; �&amp#0;&amp#2;�@ C�rp&amp#25;\&amp#2;&amp#2;&amp#8; �&amp#0;&amp#2;&amp#8; �&amp#0;&amp#2;&amp#8; �&amp#0;&amp#2;&amp#8; �&amp#0;&amp#2;&amp#8; �&amp#0;&amp#2;&amp#8; �&amp#0;&amp#2;&amp#8; �&amp#0;&amp#2;%,@����&amp#25;&amp#14;&amp#1;&amp#4;&amp#16;@&amp#0;&amp#1;&amp#4;&amp#16;@&amp#0;&amp#1;&amp#4;&amp#16;@&amp#0;&amp#1;&amp#4;&amp#16;@&amp#0;&amp#1;&amp#4;&amp#16;@&amp#0;&amp#1;&amp#4;&amp#16;@&amp#0;&amp#1;&amp#4;&amp#16;@�<&amp#8;�n/&amp#15;�"׀&amp#0;&amp#2;&amp#8; �&amp#0;&amp#2;&amp#8; �&amp#0;&amp#2;&amp#8; �&amp#0;&amp#2;&amp#8; �&amp#0;&amp#2;&amp#8; �&amp#0;&amp#2;&amp#8; �&amp#0;&amp#2;&amp#8; P�&amp#2;���Y%9&amp#30;c!�&amp#0;&amp#2;&amp#8; �&amp#0;&amp#2;&amp#8; �&amp#0;&amp#2;&amp#8; �&amp#0;&amp#2;�
��l��߯��d�ּm�&amp#6;&amp#19;�@�&amp#8;T̬йI���lpQ�&amp#22;�s�\)&amp#2;&amp#8; �&amp#0;&amp#2;&amp#8; �&amp#0;&amp#2;eV@�n��m&amp#27;��Zf? &�&amp#0;&amp#2;&amp#8; �&amp#0;&amp#2;&amp#8; �&amp#0;&amp#2;&amp#8; �@z	��j�&amp#5;��1uц��l�&amp#22;�&amp#4;&amp#5;�7��؟;��W%�v�&amp#18;^1f�1�&amp#22;8���]��&amp#3;&amp#4;&amp#16;@&amp#0;&amp#1;&amp#4;&amp#16;@&amp#0;�2&P�Z��fTd�&amp#24;�&amp#26;��&amp#26;��|��30&amp#2;&amp#8; �&amp#0;&amp#2;&amp#8; �&amp#0;&amp#2;&amp#8; �&amp#0;&amp#2;&amp#8;&amp#4;&amp#4;ȵ&amp#7;@8D ��nI�&amp#31;����D&amp#0;&amp#1;&amp#4;&amp#16;@&amp#0;&amp#1;&amp#4;&amp#16;@&amp#0;��&amp#20; �^�ڌ�&amp#0;&amp#2;&amp#8; �&amp#0;&amp#2;&amp#8; �&amp#0;&amp#2;&amp#8; �&amp#0;&amp#2;Q&amp#5;��<�ڣ�p&amp#2;��&amp#2;�â?2&amp#5;�8B&amp#0;&amp#1;&amp#4;&amp#16;@&amp#0;&amp#1;&amp#4;&amp#16;@&amp#0;�&amp#18;&amp#21;�F��KT��&amp#16;@&amp#0;&amp#1;&amp#4;&amp#16;@&amp#0;&amp#1;&amp#4;&amp#16;@&amp#0;&amp#1;&amp#4;&amp#16;@ ����&amp#30;�&amp#20;�&amp#8; &amp#16;&amp#22;��L؄&amp#26;&amp#4;&amp#16;@&amp#0;&amp#1;&amp#4;&amp#16;@&amp#0;&amp#1;&amp#4;JR�B�
��K&amp#18;��&amp#16;@&amp#0;&amp#1;&amp#4;&amp#16;@&amp#0;&amp#1;&amp#4;&amp#16;@&amp#0;&amp#1;&amp#4;&amp#16;@ ���%&amp#27;���&amp#4;&amp#2;&amp#8;�&amp#4;�#&amp#19;"�&amp#2;&amp#1;&amp#4;&amp#16;@&amp#0;&amp#1;&amp#4;&amp#16;@&amp#0;��&amp#22; �^�⌇&amp#0;&amp#2;&amp#8; �&amp#0;&amp#2;&amp#8; �&amp#0;&amp#2;&amp#8; �&amp#0;&amp#2;&amp#17;&amp#5;��m�XO%&amp#2;&amp#8;D&amp#20;��LD&amp#22;*&amp#17;@&amp#0;&amp#1;&amp#4;&amp#16;@&amp#0;&amp#1;&amp#4;&amp#16;(1����&amp#12;m(_b�1&amp#16;&amp#2;&amp#8; �&amp#0;&amp#2;&amp#8; �&amp#0;&amp#2;&amp#8; �&amp#0;&amp#2;&amp#8; �&amp#0;&amp#2;&amp#8; �&amp#0;&amp#2;&amp#8; �&amp#0;&amp#2;&amp#8; �&amp#0;&amp#2;�@ C/������&amp#18;&amp#16;@&amp#0;&amp#1;&amp#4;&amp#16;@&amp#0;&amp#1;&amp#4;&amp#16;@&amp#0;&amp#1;&amp#4;&amp#16;@&amp#0;&amp#1;&amp#4;&amp#16;@&amp#0;&amp#1;&amp#4;&amp#16;@&amp#0;&amp#1;&amp#4;&amp#16;@&amp#0;&amp#1;&amp#4;JR@���&amp#25;��&amp#28;��&amp#16;@&amp#0;&amp#1;&amp#4;&amp#16;@&amp#0;&amp#1;&amp#4;&amp#16;@&amp#0;&amp#1;&amp#4;&amp#16;@&amp#0;&amp#1;&amp#4;&amp#16;@&amp#0;&amp#1;&amp#4;&amp#16;@&amp#0;&amp#1;&amp#4;&amp#16;@&amp#0;&amp#1;&amp#4;&amp#16;(&amp#7;&amp#2;������% �&amp#0;&amp#2;&amp#8; �&amp#0;&amp#2;&amp#8; �&amp#0;&amp#2;&amp#8; �&amp#0;&amp#2;&amp#8; �&amp#0;&amp#2;&amp#8; �&amp#0;&amp#2;&amp#8; �&amp#0;&amp#2;&amp#8;������z~{���`&amp#8; �&amp#0;&amp#2;&amp#8; �&amp#0;&amp#2;&amp#8; �&amp#0;&amp#2;&amp#8; �&amp#0;&amp#2;&amp#8; �&amp#0;&amp#2;&amp#8; �&amp#0;&amp#2;&amp#8; �&amp#0;&amp#2;&amp#8;�������J�`�&amp#8; �&amp#0;&amp#2;&amp#8; �&amp#0;&amp#2;&amp#8; �&amp#0;&amp#2;&amp#8; �&amp#0;&amp#2;&amp#8; �&amp#0;&amp#2;&amp#8; �&amp#0;&amp#2;&amp#8; �&amp#0;&amp#2;&amp#8;��@�V������&amp#0;&amp#2;&amp#8; �&amp#0;&amp#2;&amp#8; �&amp#0;&amp#2;&amp#8; �&amp#0;&amp#2;&amp#8; �&amp#0;&amp#2;&amp#8; �&amp#0;&amp#2;&amp#8; �&amp#0;&amp#2;&amp#8; �@�&amp#11;dT�P!�/��#�&amp#0;&amp#2;&amp#8; �&amp#0;&amp#2;&amp#8; �&amp#0;&amp#2;&amp#8; �&amp#0;&amp#2;&amp#8; �&amp#0;&amp#2;&amp#8; �&amp#0;&amp#2;&amp#8; �&amp#0;&amp#2;&amp#8; P�&amp#2;�$_�⌇&amp#0;&amp#2;&amp#8; �&amp#0;&amp#2;&amp#8; �&amp#0;&amp#2;&amp#8; �&amp#0;&amp#2;&amp#8; �&amp#0;&amp#2;&amp#8; �&amp#0;&amp#2;&amp#8; �&amp#0;&amp#2;&amp#8; ��&amp#2;�H>#???�/��#�&amp#0;&amp#2;&amp#8; �&amp#0;&amp#2;&amp#8; �&amp#0;&amp#2;&amp#8; �&amp#0;&amp#2;&amp#8; �&amp#0;&amp#2;&amp#8; �&amp#0;&amp#2;&amp#8; �&amp#0;&amp#2;&amp#8; P�&amp#2;�H>+#�&amp#5;�%i�X&amp#8; �&amp#0;&amp#2;&amp#8; �&amp#0;&amp#2;&amp#8; �&amp#0;&amp#2;&amp#8; �&amp#0;&amp#2;&amp#8; �J&amp#2;����4����7��Y��.�-�u����Y23&amp#4;&amp#16;@&amp#0;&amp#1;&amp#4;&amp#16;Hq&amp#1;r�)�&amp#1;2}&amp#4;&amp#16;@&amp#0;&amp#1;&amp#4;&amp#16;@&amp#0;&amp#1;&amp#4;&amp#16;@&amp#0;&amp#1;&amp#4;&amp#16;@&amp#0;&amp#1;&amp#4;&amp#16;@&amp#0;&amp#1;&amp#4;&amp#16;@&amp#0;&amp#1;&amp#4;&amp#16;@&amp#0;�&amp#18;&amp#23;ؾ�|�&amp#15;ʀ&amp#8; �&amp#0;&amp#2;&amp#8; �&amp#0;&amp#2;&amp#8; �&amp#0;&amp#2;&amp#8; �&amp#0;&amp#2;&amp#8; �&amp#0;&amp#2;eE�&amp#22;�����e&amp#5;�y �&amp#0;&amp#2;&amp#8; �@�&amp#22; �^�?^.&amp#14;&amp#1;&amp#4;&amp#16;@&amp#0;&amp#1;&amp#4;&amp#16;@&amp#0;&amp#1;&amp#4;&amp#16;@&amp#0;&amp#1;&amp#4;&amp#16;@&amp#0;&amp#1;&amp#4;&amp#16;�C �kw;��њ&amp#16;&amp#4;&amp#16;@&amp#0;&amp#1;&amp#4;&amp#16;@ M&amp#5;��vV���g�e#�&amp#0;&amp#2;&amp#8; �&amp#0;&amp#2;&amp#8; �&amp#0;&amp#2;&amp#8; �&amp#0;&amp#2;&amp#8; �&amp#0;&amp#2;&amp#17;&amp#5;,�N�="&amp#14;�&amp#8; �&amp#0;&amp#2;&amp#8; ��&amp#19;ؾ�=|ߢ;M&amp#1;&amp#1;&amp#4;&amp#16;@&amp#0;&amp#1;&amp#4;&amp#16;@&amp#0;&amp#1;&amp#4;&amp#16;@&amp#0;&amp#1;&amp#4;&amp#16;@&amp#0;&amp#1;&amp#4;&amp#16;@ �&amp#4;�Kc{���&amp#18;Rz�L&amp#30;&amp#1;&amp#4;&amp#16;@&amp#0;&amp#1;&amp#4;RB �[&amp#20;S�sb�&amp#8; �&amp#0;&amp#2;&amp#8; �&amp#0;&amp#2;&amp#8; �&amp#0;&amp#2;&amp#8; �&amp#0;&amp#2;&amp#8; �@)
��\����ঁR��&amp#25;&amp#26;&amp#1;&amp#4;&amp#16;@&amp#0;&amp#1;&amp#4;
&amp#21;�&amp#23;��B�&amp#8;@&amp#0;&amp#1;&amp#4;&amp#16;@&amp#0;&amp#1;&amp#4;&amp#16;@&amp#0;&amp#1;&amp#4;&amp#16;@&amp#0;&amp#1;&amp#4;&amp#16;@&amp#0;&amp#1;&amp#4;&amp#16;H&amp#31;&amp#1;�Gw)v+�ݝ���]L����+]�t�k�����ӟ�Զm�r��&amp#2;'N�8y��}��g��v�����Ooܸ�s�·&amp#28;rH��(.&amp#4;&amp#1;&amp#4;&amp#16;(&amp#11;&amp#2;���§�&amp#28;&amp#16;@&amp#0;&amp#1;&amp#4;&amp#16;@&amp#0;&amp#1;&amp#4;&amp#16;@&amp#0;&amp#1;&amp#4;&amp#16;@&amp#0;&amp#1;&amp#4;&amp#16;@&amp#0;��"`iu?�niu�kw&amp#19;�c\eZ&amp#21;~�����_7l�P�v����7o޼K�.�����|���_]��իW������L���v��5l�0��֭[�̙3cƌ���kJ&amp#18;nӦM&amp#12;�D�m���^�T�R�L��&amp#22;�����&amp#15;?�t{��4N!�&amp#0;&amp#2;I&amp#8;�nO&amp#2;�&&amp#8; �&amp#0;&amp#2;&amp#8; �&amp#0;&amp#2;&amp#8; �&amp#0;&amp#2;&amp#8; �&amp#0;&amp#2;&amp#8; �@�
X6=��ݩp&amp#30;��ڭ&amp#16;&amp#14;��a9��;w��?>~���5V�V�����§�q&amp#2;k֬&amp#25;2dȤI�Ts��W&amp#31;{��T��D��W^�z�j��Y�f&amp#15;=�P�F��J+'&amp#26;�zP�_圜������&amp#12;WO&amp#1;&amp#1;&amp#4;&amp#16;@&amp#0;�h&amp#2;�^�_&amp#24;�p�G&amp#0;&amp#1;&amp#4;&amp#16;@&amp#0;&amp#1;&amp#4;&amp#16;@&amp#0;&amp#1;&amp#4;&amp#16;@&amp#0;&amp#1;&amp#4;&amp#16;@&amp#0;&amp#1;&amp#4;ʛ���#&�c�r
.��jҳ0o޼�.�����֭۲eKG�5�+W�t�&amp#20;�&amp#2;?���Yg�e���Y�fڴi�\r���u&amp#31;C�����&amp#0;�(��`ѢE~�ʉƫ����_x��;NK�u���/&amp#31;t�A�&amp#6;���Ǝ&amp#29;�O30&amp#4;�q
h���&amp#7;���q�&amp#19;�&amp#0;&amp#2;&amp#8;����&amp#26;��=&amp#21;?8�&amp#0;&amp#2;&amp#8; �&amp#0;&amp#2;&amp#8; �&amp#0;&amp#2;&amp#8; �&amp#0;&amp#2;&amp#8; �&amp#0;&amp#2;&amp#8;$#���*��u�t�e�c��&amp#0;�*4,F&amp#15;���U[&amp#22;��C&amp#15;=���&amp#27;7nlץ���_�駟����J��*�|��&amp#7;&amp#30;x ����6t�P����k�g�&amp#22;�k�;�s���k�{�&amp#29;>|��*�x5TB��ov=����z�&amp#30;=zذa=z�p�&amp#20;�&amp#23;&amp#24;7n�ԩS���&amp#19;&amp#19;"&amp#17;@&amp#0;��&amp#19;�_L��S�Sc�&amp#8; �&amp#0;&amp#2;&amp#8; �&amp#0;&amp#2;&amp#8; �&amp#0;&amp#2;&amp#8; �&amp#0;&amp#2;&amp#8; ��v&amp#1;K~'a���{����*�ReĞ&amp#21;&amp#22;�>}*׮]k˲;u�t����O&amp#16;�2w=&amp#27;[���H�Jsss� �裏�J&amp#15;k����u�B�&amp#30;�&amp#8;~��&amp#5;
8���&amp#29;&amp#12;&amp#2;?�&amp#19;�-[������i�Z��N&amp#18;���x�k?�裕���&amp#18;*���Z%���oڴI��c̐S1&amp#4;>��&amp#24;g9�&amp#0;&amp#2;&amp#8;�&amp#27;&amp#1;�����B&amp#16;@&amp#0;&amp#1;&amp#4;&amp#16;@&amp#0;&amp#1;&amp#4;&amp#16;@&amp#0;&amp#1;&amp#4;&amp#16;@&amp#0;&amp#1;&amp#4;&amp#16;@ �&amp#4;,��hy�&amp#22;&amp#22;�w=�Z�z)L���=�:��#&amp#14;W.+W�Ze׵��{���B/v�ƍ�f�Z�d�ҥK&amp#21;�$q�Ν�6m&amp#26;h��_~��^�z&amp#29;:t�G�|���&amp#11;&amp#23;.l׮�&amp#18;�zf�}@j�d��&amp#25;3tV&amp#11;�[�h��t6Fo��Տ�&amp#7;�+۽��W�*U&amp#2;Mb&amp#31;j,e���'�_�~����k���{�:��1�f�W�^��rK�z&amp#31;~���y�1�&amp#4;:w{��&amp#26;5�&amp#11;.���������گ~���O>����z&amp#30;�&amp#31;v�t��hXL�w�~!&amp#22;%�V����#d}:�ѧּy�p[&amp#5;h/�֭[7i�Dg�C����W&amp#15;���V�Z�Ɇ&amp#27;�y�&amp#31;&amp#12;}��P�&amp#24;���iP�栟&amp#28;�T��i۶mVV�d�w�}�y��&amp#6;&amp#26;h�nDWP?���R�J={�t���e�&amp#22;����@?&amp#15;�_?Q���ҥ�>e�&amp#26;3f��Q�
�0a���^�z�n�\&amp#15;&amp#20;&amp#16;@&amp#0;��!&amp#16;�߰��ڸ
&amp#4;&amp#16;@&amp#0;&amp#1;&amp#4;&amp#16;@&amp#0;&amp#1;&amp#4;&amp#16;@&amp#0;&amp#1;&amp#4;&amp#16;@&amp#0;&amp#1;&amp#4;&amp#16;@��
X"P��\����/�C��&amp#14;]��*]f7�Q�$FK��J����F�&amp#19;��}��p��'�x饗��g=����&amp#30;Sf��������{���&amp#31;|�A%e��y���S*����3��O�z�s�=��n��VN�o�k�&amp#18;��3�J��&amp#19;%�&amp#3;��R&amp#25;t�2bY�؛n������_��&amp#4;�=�=b�U~��&amp#23;*t��Q��@���mڴQ*W���t{��n&amp#2;�s"п&amp#29;��&amp#17;&amp#3;T�?8W^y�
�!_��kÃ@��&amp#12;�G���_�裏*I�y���[o�U��G&amp#28;q�+�&amp#28;9��r�V��&amp#2;��I�R�7�p��]��-[��W�;�&amp#28;z}&amp#28;B&amp#24;0`��~p���+��n&amp#6;��&amp#7;&amp#31;�J+�������&amp#3;&amp#8;������/�u��t&amp#15;��B&amp#31;�~n&amp#3;M8D&amp#0;&amp#1;&amp#4;RZ@��e��&amp#5;0y&amp#4;&amp#16;@&amp#0;&amp#1;&amp#4;&amp#16;@&amp#0;&amp#1;&amp#4;&amp#16;@&amp#0;&amp#1;&amp#4;&amp#16;@&amp#0;&amp#1;&amp#4;&amp#16;@ m&amp#5;,w&amp#30;���4�����`{i&amp#25;���|�V1��H&amp#5;X�&amp#29;�&amp#24;+�2P�n�u�Ա��zF��&amp#28;�����ڵ�����[C=����&amp#14;w�e���Z�]�ny���&amp#28;1b��ڵ�Y;�+�i=<���&amp#17;w�V?�&amp#7;&amp#15;�\�����.A�V%G?����&amp#4;�5&amp#26;��3ϴ\��kK���&amp#21;W\��'����k�j_��b��?K:k�ܽ��+܏j,��'���D��JWam��k;L�]&amp#25;t˵�&&amp#6;	+�m���&amp#21;�&amp#22;���բ�{����uW�>&amp#23;&amp#17;Y�R�.׮�����n�P&[�a<��3�&amp#14;�&amp#24;]��[�]���>�c�e��{n85&amp#30;h&amp#30;��~h�&amp#31;��P?&amp#6;NR���$�7A��X�����۫k׮�B$&amp#2;&amp#8; �&amp#18;&amp#2;�����)�I1I&amp#4;&amp#16;@&amp#0;&amp#1;&amp#4;&amp#16;@&amp#0;&amp#1;&amp#4;&amp#16;@&amp#0;&amp#1;&amp#4;&amp#16;@&amp#0;&amp#1;&amp#4;&amp#16;@ ^&amp#1;˵�ݥ3U����Ց&amp#14;]w&amp#22;o&amp#1;��~}�&amp#0;��*]+E�&amp#26;�IZ&amp#21;�9眇&amp#31;~X��\��W_}�GV�X1�����&amp#30;zh�&amp#30;=���f͚&amp#22;��=����&amp#31;�&amp#26;�p�9s�&amp#28;{������J���oS�/w���T�ݥ�����&amp#27;��SO=���#�v��&amp#7;k&amp#29;�M@?	��x)R˲�T:�~�֕>t���%����?���������ך{u�e�ᡓ��&����Y��v��v��&amp#26;5j$&amp#26;��nQ��&amp#19;�-&k׮��O���FIn�&amp#23;�۷���.��^{�n&amp#8;�)=�^?'�>��V�>�!C��D��&amp#31;�q��ig&amp#2;�U���;�ж��VwNh��nqP�]KɵW���'��&amp#15;H���ꪫ�&amp#3;�^�<��[o���v��,�~`�&amp#19;]����@�<y�~���&amp#12;&amp#31;>\��&amp#8;�SO=���N��Ai�&amp#0;&amp#2;&amp#8;�e&amp#1;V���O��!�&amp#0;&amp#2;&amp#8; �&amp#0;&amp#2;&amp#8; �&amp#0;&amp#2;&amp#8; �&amp#0;&amp#2;&amp#8; �&amp#0;&amp#2;	&amp#11;X��2�z��U���|�ʲ}z�V;Z��A���o�:L��	'��5�v���s��'�����1>&amp#26;�Ĕ&amp#11;W����&amp#21;�心&amp#6;RA)R=�;�V����wO�֢g��]�5�\�r�T�]��U����&amp#28;�0WP�Vsp&amp#19;PfW;�&amp#31;��
P&amp#2;UO�v�&amp#17;&amp#11;��*g�S�����u�9�F&amp#5;%��K|Ķ�U��R�&amp#17;{p�k֬Q@��j�&amp#28;�ۈ^��m3��srr"�Xh�>&amp#20;�kW��e��&amp#16;��s�=&amp#23;�sQ�^�se��.��Rxe�����.׮&amp#26;e�&amp#31;z�!;�bt8{�l}F*�&amp#19;Q&amp#22;��<��&amp#31;�c���Xۤߵ����&amp#30;�z̼&amp#27;H&amp#31;�~&amp#2;�=&amp#16;I�OC&amp#4;&amp#16;@ �&amp#4;H���GƄ&amp#17;@&amp#0;&amp#1;&amp#4;&amp#16;@&amp#0;&amp#1;&amp#4;&amp#16;@&amp#0;&amp#1;&amp#4;&amp#16;@&amp#0;&amp#1;&amp#4;&amp#16;@&amp#0;�&amp#2;&amp#2;;2࿽�	ˠ�d�&amp#21;���¢e�����*Qm0w�n&amp#5;=�{�Сz@�]�2�z"����g�9����5��&amp#5;+�&amp#27;n�,~��-e�z�&amp#3;&amp#14;8 p�K�.V�bŊ�)&amp#29;&amp#14;&amp#28;8�&amp#18;��)�<�É&amp#19;'�����ѣ��N
���}�Q�7pjW&amp#14;]���p&amp#16;�ͥ�m]{��֛&amp#22;^+m��BW�&amp#30;����k���&amp#31;J`&amp#14;��>��&amp#14;:ȯQ�q���,v�q_�pa�&amp#14;��&amp#0;�{�;�m�m�|ݐ&amp#17;N`+��m&amp#18;&amp#20;��&amp#5;�gmO
P�)��&amp#18;���J��.&amp#22;�&amp#30;t�Ɓ&amp#7;&amp#30;��]�&amp#28;&amp#1;&amp#4;&amp#16;(&amp#7;&amp#2;��D��&amp#28;|�\&amp#2;&amp#2;&amp#8; �&amp#0;&amp#2;&amp#8; �&amp#0;&amp#2;&amp#8; �&amp#0;&amp#2;&amp#8; �&amp#0;&amp#2;&amp#8;��@8�fiu��t��	3E<e�����O���&amp#14;�_^k233�&amp#12;r=�]Iw=r�.󫯾���&amp#11;��8�:f���i�1>}���S�.^��*E&amp#29;���4�Y�U�&amp#22;����0�Q<�a۶m&amp#3;5:lѢ�M^��&amp#14;��k~��&amp#23;&amp#29;*x�̙zb��Ҧ�&amp#22;���~�],����Wj=&amp#7;�&amp#19;�w���&amp#0;/���wީ��[�&amp#0;_}�U��P�]&amp#8;�&amp#19;&amp#21;���¯����n�����;��&amp#7;һ��&amp#3;�j�~�q?BK�,���Mܥ&amp#5;�I�Pw�X&amp#19;-d&amp#15;߽�ho�#�&amp#0;&amp#2;�@@Ie����&amp#18;&amp#16;@&amp#0;&amp#1;&amp#4;&amp#16;@&amp#0;&amp#1;&amp#4;&amp#16;@&amp#0;&amp#1;&amp#4;&amp#16;@&amp#0;�R&amp#17;���m&amp#7;�jlC�&amp#25;�{�����&amp#17;�%�2��&amp#28;��>M�=䷧�J`��Ӧ.��ѿ�	�U���R�v�Vp�sW�Y&amp#23;&amp#19;6ѯ�u6ZF��l=�����&amp#7;*�5Zy���駟��V���˓&M�e���&amp#27;Zx����KV~������~�����&amp#24;��g&amp#23;�&amp#18;��F&amp#5;�����A�&amp#6;��++�)�&amp#14;&amp#0;W&amp#19;.�ӷT�"m��p�j�.]&amp#26;�>�Jw�@ĝ���u�g�L4ޟ�vD�&�ڙ`֬Y]�vU�\7C(@O@&amp#31;1b�j��he-d�x�}Xa&amp#31;�٭��ۺ&amp#7;&amp#19;���Y�&amp#27;5jd5����*[�][ӻ{2�&&amp#14;ǯL��.!�Ē�&&amp#8; �@�&amp#11;�nO�O��#�&amp#0;&amp#2;&amp#8; �&amp#0;&amp#2;&amp#8; �&amp#0;&amp#2;&amp#8; �@�&amp#2;��2voX5�8�n&amp#27;rr��ߺ%���y�F�jW��ەJY&amp#25;�n��1{6�Ҵz㚕�U��ik޲�[&amp#22;��yg��&amp#5;��|�m�&amp#19;���}���'ҨF���&amp#18;�@�&amp#11;(!&amp#26;x�T��c\`����)�G+�u�^~@���ᔖ�����o>��&amp#3;��g�}V&amp#27;�ׯ__e-�&amp#30;2d�رc&amp#29;�6�nڴi��Օ+U~��&amp#7;

&amp#8;ԸC�f�ʮ`&amp#31;�&amp#14;]��R�=cۯT�F�zn�҇&amp#27;8k�&amp#27;7nt�1&amp#18;�E���S��&amp#26;-���m��D��&amp#21;&amp#5;
Z�~�9���&amp#0;z��N��q�����@�J�[���&amp#11;�vG����r��.�/�>�N&amp#6;�&amp#0;�h?3����`��&amp#24;��&amp#15;�[�^�f�&amp#24;9�&amp#0;&amp#2;&amp#8;����&amp#29;e��&amp#27;4} �R&amp#4;&amp#16;@&amp#0;&amp#1;&amp#4;&amp#16;@&amp#0;&amp#1;&amp#4;&amp#16;@&amp#0;&amp#1;&amp#4;&amp#16;HC�&amp#11;�5��a;WB�&amp#5;6���[������d�r�|�&amp#19;z4��&amp#17;m�֮&amp#28;13���H��o��4rn�w-��RF&amp#0;�$&amp#4;,%�w��W��DW�&�|U��׻&amp#29;�]�e���&amp#3;m����&amp#19;O�6௽��.���t����kW���s��ٳ��r���>҃�K�J�؈�p{��N��&amp#27;q2.��&amp#7;���&amp#17;c���e�#����\�=�=���&amp#19;�#�-ݮm�cG���1��
�V��BD�@�&amp#29;��+�޼y�p�K{���ֻ�֍h{'螏Ds�&amp#26;4|En�&amp#4;7��ܨA&amp#0;&amp#1;&amp#4;�J@_�2�RZ]6&amp#23;�&amp#0;&amp#2;&amp#8; �&amp#0;&amp#2;&amp#8; �&amp#0;&amp#2;&amp#8; �&amp#0;&amp#2;&amp#8;H �&amp#18;��65*gvkV㪃[ͼ��i�6�y"�K��T�tݾ&amp#15;&amp#15;ܣY�\��H����ξ��&amp#18;����#P\&amp#2;�ծ^�b׻&amp#21;�����ѯaC۠n�b&amp#29;7U:�޽�M�%Y��}�hQ����/��w�vU�&amp#7;o��չ��c鳳m��ω�Ô��ԩ�jb���㋪��������J?o�>�?&amp#30;?~�*-��&&amp#26;&amp#31;��?\�r�&amp#29;F�H��te��w5Vp;�G�m>&amp#16;�C��vOd&amp#15;ĸ�&amp#28;��o֬�ń�Ы>���ܲe�+�&amp#5;�u��l�䷯C����&amp#20;&amp#5;&amp#4;&amp#16;@ =&amp#5;�7���{z^<W�&amp#0;&amp#2;&amp#8; �&amp#0;&amp#2;&amp#8; �&amp#0;&amp#2;&amp#8; �&amp#0;&amp#2;&amp#8;�)P�R�N���wۻU��W�D{�t&amp#21;3+(1ŀ�q�&amp#19;�@�&amp#8;��u8�&amp#24;C�_|l�&amp#31;eL��U��'�S6�?�?��6�?�&amp#31;��p�&amp#30;�v�Z�&amp#4;K�jM��&amp#3;�k���O���&amp#31;J�z-9&amp#29;&amp#24;N�l[��'�&amp#7;N&amp#5;&amp#14;۶m�&amp#26;-���o&amp#2;�����#�T�&amp#2;�9sf`�&amp#25;3f��&amp#15;?�pw*��&amp#7;&amp#31;|���o8�<m�4{(�zւ~���E��q��w���U��Gg�&amp#5;�Ō&amp#28;92&amp#28;�?k�O=��&amp#2;\���?&amp#15;7�&amp#21;�+Uc&amp#11;��&amp#1;~�2�&amp#11;&amp#22;,�kT�&amp#30;��&amp#7;&amp#31;|�y���و��ODĳT"�&amp#0;&amp#2;�@�\{9�&amp#16;�&amp#4;&amp#4;&amp#16;@&amp#0;&amp#1;&amp#4;&amp#16;@&amp#0;&amp#1;&amp#4;&amp#16;@&amp#0;&amp#1;&amp#4;&amp#16;(&amp#2;���m�[���u&amp#21;"v7���MjExVn��rY�Qa���M��&amp#15;\���n��q��Ekrr�"�]{h�-x�k����&amp#21;P�̿����/�sޖ�ֻK~�&amp#26;�aі�&amp#16;��6��@�8�&amp#7;�GK4*���K/&amp#25;���*�m�'L�����+}����&amp#20;k����
$�u&amp#21;zƼj��&amp#24;&amp#19;���vV)�	T�H�h�ܩ&amp#1;&amp#3;&amp#6;X��Ç���N4s���!�&amp#28;��&amp#19;��'p����r�)�&amp#29;w����G�&amp#26;���y晋/�xҤI*k7�?��O��B&amp#11;���J F�&amp#17;�3g�*���&amp#19;�f�Zݮ���믿����~�������&amp#31;�����&amp#31;�`1�	&amp#12;�&amp#27;�&amp#31;<=�����mq��y��Ν�*���&amp#11;/&amp#4;j�p���*h�&amp#23;_|1b�U֪U�
�}�Y�0N!�&amp#0;&amp#2;�.���2�M(�/��#�&amp#0;&amp#2;&amp#8; �&amp#0;&amp#2;&amp#8; �&amp#0;&amp#2;&amp#8; �&amp#0;&amp#2;�.p�G����/���E�&amp#27;Ʒ�q��{yƼ�&amp#5;�meeV&amp#24;v�&amp#30;�>P��p��m�E�?ݚ�o�n��q�o��aS��{b�&amp#27;��=@�&#���t>&amp#26;e&amp#4;&amp#2;y��a4&amp#31;�s�Rr�_&amp#15;��[�&amp#29;Zd�=0��Q�s&amp#8;&amp#23;&amp#19;���*�m�&amp#31;~�ᇇ&amp#29;v�7ܠ�Ǔ'OV�R����W_}��3ϴM��>�h�&amp#30;�+�&amp#3;�m�s�'G�&amp#24;�,�vAW����]w]	Shz��j����Z�|�e�i���Lp�ΝcO�cǎz2�bt��G;����Zw���&amp#15;~�GN>��hK�c�&amp#28;�nV�4�ԩSo�馉&amp#19;'�i�qA��1���n�u��h|�&amp#14;&amp#29;lt]���&amp#31;|���5����7��1U;��&amp#27;o�~��?�����h���_�����9�Shs?@��&amp#29;^y���Z�p�֭[�嗧�~zȐ!v���vM�pꩧ�PK�/��&amp#18;]ΦM����o����&amp#11;/���&amp#11;v&amp#5;K��P&amp#23;;e�&amp#20;M[?�Z��C���&amp#5;[A�v��V
���nS��P���>�aÆ���&amp#22;�K�gFe���O�v�׿&amp#19;|�@�&amp#28;"�&amp#0;&amp#2;)*����L>E?<��&amp#0;&amp#2;&amp#8; �&amp#0;&amp#2;&amp#8; �&amp#0;&amp#2;&amp#8; �&amp#0;&amp#2;�'�5o��i+��7�۳o��n�=&amp#26;Us�$
��2�6�ިf�Y˲^�)�&amp#30;&amp#26;׬�W˚�����lӪ�q�нy��5*~=o����8���jU�:�_s�~���ǌ�n��&amp#2;7%(@k���;i��{������[խrr�FoLY��&amp#16;�ܺ^&amp#21;mY�-�&amp#5;��"F�jY�jŌ��ˋ�!A�V���U�z���`��&amp#25;K�&amp#3;��?�g���Fd:&amp#8;���h���X��%�]Amݩh�D����!�+��&amp#29;&amp#6;&amp#2;�+�R���

С���j\��E�L�J�m�&amp#24;w*�!\�D&amp#11;Z�&amp#27;mٮ��J��&amp#14;�l�����t��^�^&amp#5;�E&amp#31;~�a�����t]7
��&amp#27;�M�6�_~�;�Q8��V�^�w�yg8R�\�+w�FDz&amp#24;��ѣÛ&amp#1;������{����o��V��uρ�H���&amp#27;7NY|�&amp#30;?hРnݺ%�h�44&amp#31;�p d�&amp#2;����&amp#11;:u�&amp#20;��}��E�l��&amp#21;�&amp#31;��ωvt���ի�wr�&amp#25;g�Z�hWr]?u�)�M����ޯT����z��_W�>�c�&amp#27;&amp#14;�w�M�&amp#3;M4�?w����E/?�R�Vs�i��ϛn&amp#17;��*����;��&amp#0;&amp#2;&amp#8;��@VB�WR�ژ-&amp#2;&amp#8; �&amp#0;&amp#2;&amp#8; �&amp#0;&amp#2;&amp#8; �&amp#0;&amp#2;&amp#8; ��&amp#2;y���C�V���z�+�^���J�_�ǖGwmP�ZV�vc�^9������oo�&amp#20;;&amp#11;^�z�&amp#17;��أq��&amp#5;{Ц�Jl����&amp#17;�/
��[֭<�=:6��t�&amp#27;U�&amp#17;,]�����N&amp#2;o"q&amp#21;�&amp#15;���_	����=�5&amp#30;��̎��vkV�&amp#5;�ql�7�]�g��=��r�&amp#22;p����\����:��I=&amp#26;i/&amp#1;��&amp#14;��u�u��='�~h��jT�&amp#8;9����v���^��~s��&amp#19;�q�&amp#3;�nܴV%�7��Y�)w��u&amp#23;�<C�&amp#20;�G�rr��C&amp#2;�&amp#8;�,�&amp#11;�/r��&amp#21;tJ&amp#5;&amp#23;��k&amp#21;��c\Y�.^�j��@Cw�G�&amp#30;��b�`�z��Ũ���]p����&amp#22;�wk&amp#30;1�U&7�k�PA��k�qe�n&amp#12;4TzR&amp#11;�݊a;���{�u�]ڃ�&amp#22;�[e׮]�?�|=����^Ӓ_]�+��?���Z&amp#28;�K&amp#15;���𪫮�bn->v�PWډ]��U���&amp#14;<0��-��[&amp#14;:� -k&amp#14;��VjV]�n���в��+��dee]����|̘1�Q�&amp#26;��&amp#3;&amp#15;&amp#20;�6&amp#15;&amp#8;4I4^&amp#25;�}�Z'JH+ݮ5�=z�&amp#8;t&amp#27;ϡ>S�fq�}�i&amp#7;x&amp#23;��$&amp#28;���Y�S�1.\g��ﯝ�g�v�w&amp#29;�S�ׯ���&amp#15;��&amp#21;P�vm=r^M�{�=�é&amp#29;�&amp#15;>�`Y=��&amp#19;J�۸�7M@��k��#���o��t��4��v��ϭ~&amp#6;t&amp#7;��&amp#20;��zS�^;^�s��&amp#24;��Q�+S@&amp#0;&amp#1;&amp#4;ʍ@b�o��es!&amp#8; �&amp#0;&amp#2;&amp#8; �&amp#0;&amp#2;&amp#8; �&amp#0;&amp#2;&amp#8; P�&amp#4;�]?���t����&amp#29;�31p���&amp#30;�tax&amp#14;?ܰ��ܮ��m_���-���9]&amp#15;�}�`{iC�@����zvnR�������/yu��G���_�[����#vq먹ʸ��N۷������q�����9��&amp#27;�ě�V�_n=���)p&amp#29;~8}�z&amp#8;t&amp#27;8����.*��8��&amp#31;?��ʅ���&amp#4;]�'���Ը���u@ϡ��-jV�&amp#28;u�^�&amp#26;&amp#20;H&amp#11;���l�}���ʣ��3��Q)|wh&amp#5;������4��� &amp#6;�6+|GB���[&amp#28;���ѯ8���g0�U0&��&amp#3;&amp#5;c~;r���g�fe�|X	�Y���K�2<z씶�I�`/׃aݺ�&amp#29;*҅&amp#21;Z����T��X�v�&amp#2;4�8G���&ڼ�uX���+W�9�&amp#27;6lPҷN�:J��i�ܴ�Z�ʕ++y&amp#28;#�h'�'y?��c�S{�+&amp#29;��&amp#22;�k�o�&amp#27;7n��Xz&amp#28;����&amp#19;�&amp#4;���+��o�g�k�vM;��&amp#18;���'�E֮�	m��O֞��]֕Y���&amp#24;��."�&amp#22;P�J��/0Z�mM�w���Y�������8�ל��&amp#3;-�_�~B?&amp#24;6���o����&amp#2;�>5mk/��-[&amp#6;���`&amp#14;&amp#17;@��&amp#8;${sL�}c,#&amp#14;qNc�+�ـ0&amp#4;&amp#16;@&amp#0;&amp#1;&amp#4;&amp#16;@&amp#0;&amp#1;&amp#4;&amp#16;@&amp#0;&amp#1;&amp#4;&amp#16;@ �&amp#4;&amp#2;i&%k]��H&amp#28;�&amp#20;&amp#31;vJ�Og�Y�9�R��3:&amp#31;޹~�Q�X��/&amp#23;�1�N�x�^����������{��s��;w*bAK��\�R|{kN�H�r��z�{��;3���O���{6����&amp#3;�v&amp#5;���[*W&amp#19;����ʸ���r��Y~��?�ʚ���{iWW&amp#19;.��&amp#19;�t�+3ߙ�<|�j
�m���#&amp#16;M@�b?U��V�&amp#21;�zWsw*bWᳪ�3�*�/׉*&amp#21;�����T��&amp#20;Z�&amp#30;�n�(�_!�ho1�&amp#3;�&amp#2;3/t�E&amp#18;�Ĥ^qv�	'&amp#20;&amp#31;g�I����J���DI�V�Z�5%Pޑ�O ��h|�.]�oA����/\?�E��Du�;&amp#7;(+&amp#31;gb��9��&amp#0;�&amp#19;��Ё����K��&amp#15;g&amp#17;@&amp#0;�&amp#20;&amp#21;�7�&amp#12;����&amp#23;��&amp#17;@&amp#0;&amp#1;&amp#4;&amp#16;@&amp#0;&amp#1;&amp#4;&amp#16;@&amp#0;&amp#1;&amp#4;&amp#16;@&amp#0;�b&amp#21;���ʯ�C,^��?�]&amp#30;2j�&amp#11;ؒ�����f�~oڊ��ە�~d�&amp#30;.�
���&amp#21;ε+����V���ؔ��&amp#26;۵�֬z ׮&amp#5;�Z�$�&amp#30;&amp#24;��ThR���?��kb�{4߹'��ߢE�1�ݩ�&amp#11;..�&amp#18;}��&amp#1;���m&amp#23;!��d�o&amp#3;i+�p�]W�&amp#0;m��F�]xtP'?׮fS&amp#23;m��Ǖ���&������,����s����)#P��e�]��e�]�]&amp#5;��Y{&amp#21;ڭ&amp#2;&amp#20;��U�&amp#16;z)�&amp#22;~��;�~��=�Q&amp#2;16=7a+&amp#4;f&amp#18;h��f�h&amp#19;�&amp#17;(T@��k��>}�&amp#20;&amp#26;I&amp#0;&amp#2;&amp#8; �&amp#0;&amp#2;&��$Y�^&amp#5;&amp#7;&amp#2;&amp#8; �&amp#0;&amp#2;&amp#8; �&amp#0;&amp#2;&amp#8; �&amp#0;&amp#2;&amp#8; �@D�&amp#23;���t�����#6�+�f}��l5y�&amp#11;&amp#3;���@�&amp#30;��&amp#5;w&amp#11;�m���&amp#2;	�ܼm��{�&amp#18;�֤jŌ3z7=�g�{���:Qᑁ����|����f��#����.�|�!���jq�'�[�@�}ņx7&amp#15;�i�&7�
�Jw�^e�[
��Of�V"�U�*����Ye�����o�i����zz�U^د��G�u����ܧmm-�w�ʯ���T�b5Jÿ{aw���&amp#26;�3�:��������&amp#5;7P�����&amp#17;�G@�h���%�-]m�j�&amp#14;����7[�ޭ��&amp#6;[�&amp#14;&amp#3;&amp#29;j &amp#23;�&amp#6;U��6?>��uh͕t���ax&amp#2;�t�b�O&amp#29;Z?��&amp#5;P@&amp#0;&amp#1;&amp#4;&amp#16;@&amp#0;&amp#1;&amp#4;JF����%3$� �&amp#0;&amp#2;&amp#8; �&amp#0;&amp#2;&amp#8; �&amp#0;&amp#2;&amp#8; �&amp#0;&amp#2;e_�k��C��N	Z���&amp#7;&amp#31;&amp#4;X��&amp#3;�#�?>~�e&amp#7;��W��&amp#7;&amp#28;֫V�I��voآNe�P9�>�Nr�e�+U�&amp#30;�?&amp#23;���{�ݽ���/X����&amp#21;�l���,��>�=�W��?�[�W�Y�w&amp#18;�&amp#28;x���&amp#29;)�����&amp#25;K7�5Mj�(�ޕ�Q�1�~�V���E&amp#7;6�W�����5�����q��oت��]W��&amp#3;'&amp#23;8{�g�\��uW�IO|��������h�v&amp#11;�6���� P��%��n/%�UP+�=�&amp#20;���ݽԡ��&amp#16;��NY�
��c�?\�M�&amp#29;Z�;�Xp�qݻ�U�&��&amp#19;�sU&amp#6;�&amp#20;-�z&amp#4;&amp#16;@&amp#0;&amp#1;&amp#4;&amp#16;@�8&amp#4;�U�t{q��'&amp#2;&amp#8; �&amp#0;&amp#2;&amp#8; �&amp#0;&amp#2;&amp#8; �&amp#0;&amp#2;&amp#8;������L�ժY&amp#25;J�ת�Y�R�&amp#25;�ڱ�ޏ�&amp#23;��]�٥ە�Ֆ��p��?�S] m�����S~��=&amp#27;���8�?��M�����٫E�x���&amp#27;�����ߟ�&amp#30;�?P3}I�&amp#29;�W��ϢR�Zn�R�~W��&amp#30;F���ϵ[���&amp#15;=��V���r��;���&amp#12;?�&amp#20;y���j�Z=��Z�*�&amp#28;&amp#1;�+�c�6&amp#16;�!&amp#2;q
�׵��\���P5��%���͵�&amp#12;��kWe�~��5���6�m�l2V�z���&amp#12;�>�n&amp#1;֧�l�Ʋ&amp#30;���������RF&amp#0;&amp#1;&amp#4;&amp#16;@&amp#0;&amp#1;&amp#4;JF@�IH��&amp#12;5� �&amp#0;&amp#2;&amp#8; �&amp#0;&amp#2;&amp#8; �&amp#0;&amp#2;&amp#8; �@Y&amp#23;hT���&amp#23;m��w��iq>�<Z'&amp#21;3+tlT�M���:W��&amp#25;x*|Ō
�q��
��oyn�>�zi��&amp#31;ޥ�&amp#31;`e]��&amp#11;�S���pM`&amp#11;����^9����؉���&amp#7;&amp#31;0�f��W�����)�����Z��׸r�ڕ��doɋ�S1s�&amp#1;Y&amp#25;&amp#21;�W�&amp#24;�ނ&amp#24;�u�R@�P&amp#1;��V�����Z�;��&amp#29;&amp#20;�t�*�ˏ�V��Sjk5J��Y��&amp#11;&amp#11;7q�"&amp#22;\���ֹ�&amp#30;�I�J�RWnz&amp#17;c�4��-[m���&amp#0;&amp#0;@&amp#0;IDAT&amp#30;p�&amp#1;*W���#p�V���yyym۶-�n�&amp#1;&amp#4;&amp#16;@��&amp#11;�;&amp#18;����11C&amp#4;&amp#16;@&amp#0;&amp#1;&amp#4;&amp#16;@&amp#0;&amp#1;&amp#4;&amp#16;@&amp#0;&amp#1;&amp#4;&amp#16;(e&amp#1;=��ڷ~&amp#26;���$�ѰF��hs�&amp#30;�jU�r��&amp#23;�O��&amp#5;�"&amp#17;&amp#23;|�;	�zt�&amp#30;�@Mso���)�p��Mnͷ�[z����p9�&amp#11;��M��&amp#24;W3v�jW&amp#14;&amp#20;&amp#26;��y'���Vn&amp#14;&amp#4;���&amp#31;�&amp#30;>۫eM��m��Ϝ�ٯ�X�٢昙�� &amp#16;c�&amp#17;��&amp#18;&amp#1;_��Ŗ{ֻ�R�&amp#14;&amp#3;���&amp#5;D�4[�����&amp#17;#�C����=&amp#16;i�&amp#22;��T�_֏j&amp#2;mU������[��TA/��5�x��k,X5�z?��/�L�^~�&amp#21;Џ�m��V�}�&amp#27;&amp#2;&amp#8; �@�&amp#8;�;L�}�I�&amp#25;3O&amp#4;&amp#16;@&amp#0;&amp#1;&amp#4;&amp#16;@&amp#0;&amp#1;&amp#4;&amp#16;@&amp#0;&amp#1;&amp#4;&amp#16;@��&amp#4;�,R���&amp#15;�6yY&amp#18;�fT�����ܿm�&amp#2;���:��mc�v�/�i�j	����&amp#14;�i�7��&amp#7;����@Y�����1&amp#31;���ܨ74���������~�V^�*r&amp#26;^g�7�k&amp#29;��j޸�S1f&amp#27;��&amp#16;����'֯g����UP��&amp#7;���.��G&amp#1;v�w˵�&amp#25;w���'�\�������`�����k���r XM�W >&amp#16;��
��&amp#24;C&amp#4;:�&amp#16;&amp#1;&amp#4;&amp#16;@&amp#0;&amp#1;&amp#4;&amp#16;(V�,��R�c�9&amp#2;&amp#8; �&amp#0;&amp#2;&amp#8; �&amp#0;&amp#2;&amp#8; �&amp#0;&amp#2;&amp#8; P�&amp#5;���a�/�5��&amp#27;�L_���x&amp#30;�&amp#30;����{��&amp#21;&amp#14;P>m�����mz�x�L|�r����v�&amp#17;��*�?�VQB����`��{5�^ѕc&amp#23;&amp#2;&amp#15;}��bS��X{����-&amp#6;Ȳ[��_�J��"D���c�6vKΦ���Ė*���.&amp#24;;&amp#21;[H��U����_P����YW�w�*U�&amp#24;�*��WC%ݭ`��=ЃոVv�&amp#15;&amp#11;7&amp#12;l/�:�;�{p&amp#1;&amp#20;&amp#16;@&amp#0;&amp#1;&amp#4;&amp#16;@&amp#0;��&amp#18;�&amp#23;�"�όҺ&amp#18;�E&amp#0;&amp#1;&amp#4;&amp#16;@&amp#0;&amp#1;&amp#4;&amp#16;@&amp#0;&amp#1;&amp#4;&amp#16;@&amp#0;&amp#1;&amp#4;vQ���W<���]��5���&amp#22;�\���9��[��w+Ve��&amp#18;~��n�&amp#14;�
&amp#27;s�ܓݫT��4q?&\^�9������Wf�c&amp#2;5�����v���e��
��WԲ�@�&amp#31;��Gv-�$�&amp#31;�lt�&amp#18;*�Q�ڍߚTΊ
Ҫn�h�~�k�&amp#5;��,X���_�&amp#5;��&amp#15;\��&amp#20;&amp#16;�u&amp#1;e��K�Y�
�=�Q\&amp#6;�
z&amp#15;�\?&amp#26;�ʊq�V�q�E*�5t&amp#5;�k�KP���
.��Ǖ���ІP�^�Pa�	��q�`7�&amp#24;a�B&amp#0;&amp#1;&amp#4;&amp#16;@&amp#0;&amp#1;&amp#4;�P�t{&amp#17;b�&amp#21;&amp#2;&amp#8; �&amp#0;&amp#2;&amp#8; �&amp#0;&amp#2;&amp#8; �&amp#0;&amp#2;&amp#8; ���]��&amp#22;z��)O~�ר\?�&amp#26;�e뷸t�rMJ��Ύ��s�yњ�u��p���i�K���
��vS»Z�L��_'�~�cS�a��Q]���������&amp#15;�/�ژ���Z���{N�-�;4�&amp#26;�ω�&amp#20;&amp#24;:7o�;S�G&amp#11;�&amp#30;��&amp#16;�L������5��I�e�hKQۻ���u�+�&amp#7;&féR���P�决�v�(6Л�w��Q��&amp#2;���h��P��&amp#30;m,�	&amp#5;&amp#4;&amp#16;@&amp#0;&amp#1;&amp#4;&amp#16;@�&amp#8;&amp#5;��&amp#11;\�c�&amp#21;&amp#2;&amp#8; �&amp#0;&amp#2;&amp#8; �&amp#0;&amp#2;&amp#8; �&amp#0;&amp#2;&amp#8; �n&amp#2;&amp#29;
>������&amp#5;�ש&amp#28;���&amp#5;kr�S�&amp#30;��?�V����R���o&amp#26;-2���&,�[�ۺV���&amp#22;y�Q��&&amp#11;��&amp#4;r�����E&amp#5;&amp#31;�~I�&amp#22;&amp#17;��jQ3b�*Z��O��٬z��c�V�#PT&amp#2;���,���sr�aKH+�&amp#30;xY��&l='���]o�&amp#14;m&z���C&��"��C�,(�ҡ^��&amp#17;��b\d8�&amp#26;&amp#4;&amp#16;@&amp#0;&amp#1;&amp#4;&amp#16;@��&amp#5;�݃t{���!&amp#2;&amp#8; �&amp#0;&amp#2;&amp#8; �&amp#0;&amp#2;&amp#8; �&amp#0;&amp#2;&amp#8; �[Ղ;�W�-�&amp#31;��&amp#27;���a��&amp#22;&amp#22;����{7�&amp#20;}&amp#7;u�|ܜ5���&amp#21;&amp#3;Z֬�s=�*���&amp#31;�ݸ%�o������&amp#25;~�J��&amp#7;�ղn��	.ze��<����G��@��wj\-F��7�|��V��ql�&amp#24;��B�&amp#8;&amp#5;�{X�\�X&amp#5;u��$��L��:gff�T�
~����}��_�F��h����&amp#14;~��*�Ll\&amp#29;����V��
&amp#17;ǲ9�]>��_��ʯ�&amp#30;�&amp#26;�&amp#8; �&amp#0;&amp#2;&amp#8; �@�
��&amp#7;��b&amp#21;�s&amp#4;&amp#16;@&amp#0;&amp#1;&amp#4;&amp#16;@&amp#0;&amp#1;&amp#4;&amp#16;@&amp#0;&amp#1;&amp#4;&amp#16;HS�U&amp#5;�~���V>�&amp#30;����&amp#29;��@���-ؚ�3��\����n]�����5���&amp#25;�����k��7K����&amp#14;�2+��j��M��&amp#26;W�Ѽ������]\M�&amp#5;�'�?�a����s��~L��&amp#27;���]�&amp#16;��W�o��ݭ��m��J�ڿ���o�P��1�5&amp#1;�jP��&amp#23;��wnR��&amp#11;������&amp#11;����M4�p����~�?���>��Yj&amp#16;HT�r��6�&amp#19;ɉ���-cm�m�]�.�&amp#21;&amp#2;&amp#25;�����&amp#25;�V��?��%�&amp#3;��p�@Mĩ*ƍ�ߚ`w'�&amp#30;lPwH&amp#1;&amp#1;&amp#4;&amp#16;@&amp#0;&amp#1;&amp#4;&amp#16;(E&amp#1;}&amp#11;������&amp#8; �&amp#0;&amp#2;&amp#8; �&amp#0;&amp#2;&amp#8; �&amp#0;&amp#2;&amp#8; Pn&amp#5;~Y��I�J���ڿ�&amp#31;����ܵ�9�����g�T�&amp#11;s&amp#5;=����&amp#11;�$�&amp#30;�����h}��ksjUͪW�b�&amp#29;+��$�������&amp#23;�p����/���M��e�ذ�I�JMjVjS���]��vMb&amp#20;�ο��V-�=��;�OS�O�X�)�z�����u��'��]SZ�9��&amp#31;V��[&amp#3;7��[֜us���goޚ߸V��u�D�4��&amp#29;&amp#5;=�}p���>&amp#0;��ɽ&amp#26;�\�q��MU*f4�]Y�Z�z�uծ~դ&amp#31;6_pd��W ��&amp#22;D�&&amp#30;&amp#29;�O���+X[����=&amp#7;�u&amp#24;&amp#30;.be ���&amp#29;����Κ�^�*Е&amp#14;u*\&amp#25;��u�&amp#2;&amp#18;j�ZQ@&amp#0;&amp#1;&amp#4;&amp#16;@&amp#0;&amp#1;&amp#4;�C�t{q��'&amp#2;&amp#8; �&amp#0;&amp#2;&amp#8; �&amp#0;&amp#2;&amp#8; �&amp#0;&amp#2;&amp#8;�������:�bk%�������s�i&amp#1;z4��>�n�fʲ�&amp#0;�֫^Q�s5���ߞ�����)�jߠ���jv�p���~|Y�F5w�I`��1��T�!r������{�l�忿=種��k����&amp#11;���&amp#1;���za�����ٵ��>�k��`j&amp#16;�E�pV8\&amp#19;&amp#30;"��VM����t�c�쇹�$
����z�L��_&amp#19;����uh��Pe���&amp#31;"&amp#17;@&amp#0;&amp#1;&amp#4;&amp#16;@&amp#0;��&amp#22;`3��&amp#22;�&amp#4;&amp#16;@&amp#0;&amp#1;&amp#4;&amp#16;@&amp#0;&amp#1;&amp#4;&amp#16;@&amp#0;&amp#1;&amp#4;&amp#16;HG&amp#1;��V�;ƕk��C�M	<=&amp#16;���&amp#19;�&amp#11;T&amp#22;zx�+3���&amp#28;��&amp#11;�L"`�ƭ��5��
<$>F?&amp#11;��&amp#28;6l��Y�c��yJC&amp#31;:lʆ�&amp#2;Ϗ�ۮ���{�$e���@y�ڜ�w~���&amp#27;&amp#2;�&amp#28;"P�&amp#2;�p�&<h Ǭ&amp#0;W���u�����ըg{%�ܵ���&amp#2;�L��0�:q�P@&amp#0;&amp#1;&amp#4;&amp#16;@&amp#0;&amp#1;&amp#4;ʎ��zSd����U1&amp#19;&amp#4;&amp#16;@&amp#0;&amp#1;&amp#4;&amp#16;@&amp#0;&amp#1;&amp#4;&amp#16;@&amp#0;&amp#1;&amp#4;&amp#16;@ &amp#30;�-��~X��&amp#2;���h�-�&amp#5;2��&amp#5;&amp#19;������	����F&amp#15;2�k�Y˲����<?�dS��&amp#19;&amp#30;�z�&amp#27;�Vg&amp#23;&amp#28;��6Z2~ۨ��&amp#31;���3_-�1t�:�&amp#20;墔���&amp#0;�����M�%]�������&amp#27;%ݣ�.����%&amp#27;/|e��&amp#24;��4;Z߱&amp#1;í���w~=uц@N]�.(���]&amp#19;�ެm�]Ü�&amp#8;�����&amp#15;��������&amp#5;?����&amp#3;�@7�����
�0��l�4(��@ C&amp#28;N!�fQ�@r]�~�:�&amp#14;&amp#21;�^��U&amp#31;�ѡ&amp#11;�B8 \&amp#19;��fk�v�b�z&amp#15;7w5�Ϻ0
&amp#8; �&amp#0;&amp#2;&amp#8; �@�&amp#11;l��&amp#19;�&amp#14;T�sb&amp#2;&amp#8; �&amp#0;&amp#2;&amp#8; �&amp#0;&amp#2;&amp#8; �&amp#0;&amp#2;&amp#8; ��&amp#2;ͮ&amp#31;W^/�]���[�j]�ʪ��Vn����J&amp#15;'q�m�W�׾�6?W�{��ͳ�f/]���~*fV�ղ�&amp#30;X^�R�u9&amp#11;V��Q��4,�g&amp#11;h^��vt�{��&amp#21;7l��u����[T��ǥ1�C]�˵t^Y�8g&amp#27;&amp#14;kZ��&amp#1;�j7�Qik^�����j�&amp#21;��7I�&amp#27;���_��WRӈ�&amp#8;��v�&amp#26;�4��w�&amp#15;&amp#17;�ҍ���Lz&amp#2;��W�k哽�u�&amp#24;K3�	iWv&amp#5;5O�7�n&amp#26;j�F	��N)؏&amp#15;7Q�&amp#5;�{&amp#8;Ը~���㥀ߋ��i#&amp#6;Z١N��%�#��S��&amp#23;uW�x�&amp#19;�&amp#0;&amp#2;&amp#8; �@�	T�V-�K.�o�I�^j���bTj&amp#19;d`&amp#4;&amp#16;@&amp#0;&amp#1;&amp#4;&amp#16;@&amp#0;&amp#1;&amp#4;&amp#16;@&amp#0;&amp#1;&amp#4;&amp#16;H&amp#15;�r�nO�&amp#15;��,&amp#5;&amp#1;��%�^&amp#2;�v%�u-�.ۻ
�c�-��&amp#31;v�"�=��W���&amp#16;n8�&amp#19;;�{��)�l�6&amp#19;����ˁ&amp#14;]�*��&amp#3;�y��d��n��C%&amp#2;&amp#8; �&amp#0;&amp#2;�'@�=!۬��	F&amp#0;&amp#1;&amp#4;&amp#16;@&amp#0;&amp#1;&amp#4;&amp#16;@&amp#0;&amp#1;&amp#4;&amp#16;@&amp#0;&amp#1;&amp#4;&amp#16;@&amp#0;&amp#1;&amp#4;&amp#16;(Z&amp#1;KK�w?�n&amp#3;)3�������&amp#19;p1��
zY�jkc&amp#5;:Q���#vg�=&amp#16;f�փ"#��J�Џw�&amp#17;'��R@&amp#0;&amp#1;&amp#4;&amp#16;@&amp#0;&amp#1;&amp#4;RB@�vH���'�$&amp#17;@&amp#0;&amp#1;&amp#4;&amp#16;@&amp#0;&amp#1;&amp#4;&amp#16;@&amp#0;&amp#1;&amp#4;&amp#16;@&amp#0;&amp#1;&amp#4;&amp#16;@��&amp#11;��vKH�����-��Ņ��Ũ`/�R�~p�T�&amp#22;�7�&���~s��I�&amp#31;whg-�&amp#26;�]K�&amp#11;m�z��&amp#0;&amp#2;&amp#8; �&amp#0;&amp#2;&amp#8;�Y&amp#1;}�!�^f?&amp#29;&�&amp#0;&amp#2;&amp#8; �&amp#0;&amp#2;&amp#8; �&amp#0;&amp#2;&amp#8; �&amp#0;&amp#2;&amp#8; �&amp#0;&amp#2;i!���*���Ż\��UV�&amp#5;����Y{�=�u������&amp#12;&amp#23;,���l�x&amp#27;�z��O&amp#27;ڍ�&��ֿ���&amp#0;&amp#2;&amp#8; �&amp#0;&amp#2;&amp#8;�q&amp#1;��e�&amp#3;bz&amp#8; �&amp#0;&amp#2;&amp#8; �&amp#0;&amp#2;&amp#8; �&amp#0;&amp#2;&amp#8; �&amp#0;&amp#2;&amp#8; P�&amp#5;��V�9΋Td�xˋ��^�h�r�=��b4ש���z�ɻC
&amp#8; �&amp#0;&amp#2;&amp#8; �@J&amp#11;�&amp#27;WVrߊR���<&amp#2;&amp#8; �&amp#0;&amp#2;&amp#8; �&amp#0;&amp#2;&amp#8; �&amp#0;&amp#2;&amp#8; �&amp#0;&amp#2;&amp#8; P&amp#22;&amp#4;ܯg]A	i�Re�I*��`az��r=X�k��&amp#3;&amp#5;&amp#5;�&amp#31;{�S:T�*U�^vV��&amp#7;�-��X+w��&amp#31;��SF&amp#0;&amp#1;&amp#4;&amp#16;@&amp#0;&amp#1;&amp#4;RN@O&amp#2;"ݞr�&amp#26;&amp#19;F&amp#0;&amp#1;&amp#4;&amp#16;@&amp#0;&amp#1;&amp#4;&amp#16;@&amp#0;&amp#1;&amp#4;&amp#16;@&amp#0;&amp#1;&amp#4;&amp#16;@&amp#0;�� ৱ#^O8{�&amp#5;���M���vըI ��в�&amp#16;&amp#14;S����&amp#3;ﮉ&amp#21;,�����&amp#26;�&amp#8; �&amp#0;&amp#2;&amp#8; �@*
�{N�R�8u�&amp#0;&amp#2;&amp#8; �&amp#0;&amp#2;&amp#8; �&amp#0;&amp#2;&amp#8; �&amp#0;&amp#2;&amp#8; �&amp#0;&amp#2;&amp#8;������T�E���k���Z�{&amp#15;����])��q7���
��)&amp#21;��t&amp#24;��&amp#3;(#�&amp#0;&amp#2;&amp#8; �&amp#0;&amp#2;�.���S�&amp#19;d�&amp#8; �&amp#0;&amp#2;&amp#8; �&amp#0;&amp#2;&amp#8; �&amp#0;&amp#2;&amp#8; �&amp#0;&amp#2;&amp#8; ��&amp#2;���&amp#25;��VMČ�*����n5ʸ['v���
v6��p�\}Z����i�To�.̏�gPb&amp#16;@&amp#0;&amp#1;&amp#4;&amp#16;@&amp#0;�&amp#20;&amp#18;�W�,}�b�{
}fL&amp#21;&amp#1;&amp#4;&amp#16;@&amp#0;&amp#1;&amp#4;&amp#16;@&amp#0;&amp#1;&amp#4;&amp#16;@&amp#0;&amp#1;&amp#4;&amp#16;@&amp#0;&amp#1;&amp#4;ʽ��^���u�����^&amp#22;������{i&amp#20;׹�ʦ���W��z���Y
&amp#8; �&amp#0;&amp#2;&amp#8; �@�&amp#17;���vr�����B&amp#16;@&amp#0;&amp#1;&amp#4;&amp#16;@&amp#0;&amp#1;&amp#4;&amp#16;@&amp#0;&amp#1;&amp#4;&amp#16;@&amp#0;&amp#1;&amp#4;&amp#16;@��	X��&amp#18;����亥�&amp#3;��p�߶hˁ��sr�E�Lo&amp#8; �&amp#0;&amp#2;&amp#8; Pf&amp#5;��e�$�{�Y&amp#8;&�&amp#0;&amp#2;&amp#8; �&amp#0;&amp#2;&amp#8; �&amp#0;&amp#2;&amp#8; �&amp#0;&amp#2;&amp#8; �&amp#0;&amp#2;&amp#8;�A���o�K]{���5m��=&amp#28;��&amp#21;Y�z�ѧ��H7��&amp#3;5�&amp#20;&amp#5;&amp#4;&amp#16;@&amp#0;&amp#1;&amp#4;&amp#16;@��	d���T�.��A&amp#0;&amp#1;&amp#4;&amp#16;@&amp#0;&amp#1;&amp#4;&amp#16;@&amp#0;&amp#1;&amp#4;&amp#16;@&amp#0;&amp#1;&amp#4;&amp#16;@&amp#0;&amp#1;&amp#4;R]�e�Up��E���F&amp#11;&amp#8;��>T'��pd`&amp#8;˵ǈ&amp#15;�@&amp#2;&amp#8; �&amp#0;&amp#2;&amp#8; ��&amp#2;&amp#25;�;uf�&amp#0;&amp#2;&amp#8; �&amp#0;&amp#2;&amp#8; �&amp#0;&amp#2;&amp#8; �&amp#0;&amp#2;&amp#8; �&amp#0;&amp#2;&amp#8; &amp#16;&amp#22;�&amp#20;x &amp#17;&amp#30;&amp#14;�&amp#6;&amp#1;&amp#4;&amp#16;@&amp#0;&amp#1;&amp#4;&amp#16;@`W&amp#4;�u+��nhW��-&amp#2;&amp#8; �&amp#0;&amp#2;&amp#8; �&amp#0;&amp#2;&amp#8; �&amp#0;&amp#2;&amp#8; �&amp#0;&amp#2;&amp#8; �@&amp#25;&amp#17; �^F>&amp#8;��&amp#0;&amp#2;&amp#8; �&amp#0;&amp#2;�X@;�d�U���KC&amp#0;&amp#1;&amp#4;&amp#16;@&amp#0;&amp#1;&amp#4;&amp#16;@&amp#0;&amp#1;&amp#4;&amp#16;@&amp#0;&amp#1;&amp#4;&amp#16;@&amp#0;&amp#1;&amp#4;&amp#16;@&amp#0;&amp#1;&amp#4;&amp#16;@&amp#0;&amp#1;&amp#4;&amp#16;@�8&amp#4;���S�D&amp#0;&amp#1;&amp#4;&amp#16;@&amp#0;&amp#1;&amp#4;&amp#16;@&amp#0;&amp#1;&amp#4;&amp#16;@&amp#0;&amp#1;&amp#4;&amp#16;@&amp#0;&amp#1;&amp#4;&amp#16;@�P&amp#1;{�{�ae<`�֭&amp#11;&amp#23;.���q�ƶm۶��^�zY���E�4�J�*��ٳ,ϓ�!�&amp#0;&amp#2;&amp#8; Pf&amp#5;��&amp#16;��2��01&amp#4;&amp#16;@&amp#0;&amp#1;&amp#4;&amp#16;@&amp#0;&amp#1;&amp#4;&amp#16;@&amp#0;&amp#1;&amp#4;&amp#16;@&amp#0;&amp#1;&amp#4;&amp#16;@��&amp#11;�t�=77��&amp#23;_|��#~N�����k�֭&amp#27;�l�V~��G��z��P�Z�&amp#15;>��t'��&amp#8; �&amp#0;&amp#2;&amp#8;����g���ԙ6&amp#2;&amp#8; �&amp#0;&amp#2;&amp#8; �&amp#0;&amp#2;&amp#8; �&amp#0;&amp#2;&amp#8; �&amp#0;&amp#2;&amp#8; �@�&amp#16;P�=&amp#21;/d���&amp#23;_|��kW�Y�f�Zƍ&amp#27;w��gO�0����ѣG&amp#15;&amp#30;<XK���&amp#18;(k-�&amp#3;&amp#15;<`��&amp#18;&amp#24;�!&amp#16;@&amp#0;&amp#1;&amp#4;&amp#16;(�&amp#2;zn;�����˥!�&amp#0;&amp#2;&amp#8; �&amp#0;&amp#2;&amp#8; �&amp#0;&amp#2;&amp#8; �&amp#0;&amp#2;&amp#8; �&amp#0;&amp#2;&amp#8;&amp#20;��ڵk�?����l����Z�޹s�����p���&amp#11;&amp#22;,x��>��իW�Խ�޻��&amp#6;�����O�:uÆ��b=\�t�7�8cƌb&amp#29;��&amp#17;@&amp#0;&amp#1;&amp#4;&amp#16;H&amp#19;�����4�Z.&amp#19;&amp#1;&amp#4;&amp#16;@&amp#0;&amp#1;&amp#4;&amp#16;@&amp#0;&amp#1;&amp#4;&amp#16;@&amp#0;&amp#1;&amp#4;&amp#16;@&amp#0;&amp#1;&amp#4;&amp#16;@&amp#0;�"&amp#17;x���-�ާO&amp#31;��o����y�*U:t���W\q��5lذ��<����O�<ٯ)����g�u���O;�3�<�&amp#4;&amp#6;e&amp#8;&amp#4;&amp#16;@&amp#0;&amp#1;&amp#4;ʷ@V���S�?&amp#21;�&amp#14;&amp#1;&amp#4;&amp#16;@&amp#0;&amp#1;&amp#4;&amp#16;@&amp#0;&amp#1;&amp#4;&amp#16;@&amp#0;&amp#1;&amp#4;&amp#16;@&amp#0;&amp#1;&amp#4;&amp#16;@��
h&amp#27;��_]����7�|���S���O<��ٳg�&amp#28;9R;����G&amp#31;}��i��&amp#11;/�`e��7n�h�F�&amp#26;�X�"??�^�zJ؇�T��^�x�
=z�P^ɒ%o��V�J��=��&amp#6;&amp#26;Dl�*��y�Eছn:�C&amp#30;{�1w�&amp#2;&amp#2;&amp#8; �&amp#0;&amp#2;&amp#8;$!����L>	7� �&amp#0;&amp#2;&amp#8; �&amp#0;&amp#2;&amp#8; �&amp#0;&amp#2;&amp#8; �&amp#0;&amp#2;&amp#8; �&amp#0;&amp#2;&amp#8;&amp#20;�@�m���o��k�x�\���"r��u�G�[�}�ر�л�G&amp#31;}ԕO:�O>�D�x�N�!233�)W���ly��U�][�[��6m��K\X�B�^�����w�}�=�P��-["�Q�&amp#0;&amp#2;&amp#8; �&amp#0;&amp#2;�&amp#11;d�&amp#31;J$&amp#2;&amp#8; �&amp#0;&amp#2;&amp#8; �&amp#0;&amp#2;&amp#8; �&amp#0;&amp#2;&amp#8; �&amp#0;&amp#2;&amp#8; �&amp#0;&amp#2;E+�r�v]�ܹs��㏏�ѢE�&amp#3;&amp#14;8@1˗/w�ػw�ެY3kئM&amp#27;&amp#29;ګe˖֡2�&M
��p�B˵&amp#31;z�5k�T���naZ�&amp#30;�&amp#15;�(�o�v�JE��&amp#21;Q�&amp#0;&amp#2;&amp#8; �@�
���t�&amp#25;&amp#29;&amp#1;&amp#4;&amp#16;@&amp#0;&amp#1;&amp#4;&amp#16;@&amp#0;&amp#1;&amp#4;&amp#16;@&amp#0;&amp#1;&amp#4;&amp#16;@&amp#0;&amp#1;&amp#4;&amp#16;H_�&amp#20;��jsx}f&amp#27;6�Z�j�&amp#31;�&amp#18;��ǏW�6~o߾��&amp#29;�q��]������k�u��:Q�3�<�������s�V&amp#24;3f�&amp#21;�8�&amp#8;+����&amp#18;����&amp#15;&amp#4;s�&amp#0;&amp#2;&amp#8; �&amp#0;&amp#2;�-�o2�n/nd�G&amp#0;&amp#1;&amp#4;&amp#16;@&amp#0;&amp#1;&amp#4;&amp#16;@&amp#0;&amp#1;&amp#4;&amp#16;@&amp#0;&amp#1;&amp#4;&amp#16;@&amp#0;&amp#1;&amp#4;&amp#16;(?&amp#2;�7o��s]�&amp#22;��sUz"����믅�7iҤO�>
Ӟ�6�k�_��&amp#1;�:�V��&amp#22;��&amp#7;&amp#26;��SO������.�&amp#2;&amp#2;&amp#8; �&amp#0;&amp#2;&amp#8;&amp#20;�&amp#0;���&amp#22;�&amp#4;&amp#16;@&amp#0;&amp#1;&amp#4;&amp#16;@&amp#0;&amp#1;&amp#4;&amp#16;@&amp#0;&amp#1;&amp#4;&amp#16;@&amp#0;&amp#1;&amp#4;&amp#16;@&amp#0;�r%�l�2��&amp#6;&amp#26;�saZ&amp#4;oa�O>���;���Zv;���&amp#31;-a�1���u�СC�V���&amp#24;&amp#4;&amp#16;@&amp#0;&amp#1;&amp#4;&amp#16;(Z�&amp#12;���GzC&amp#0;&amp#1;&amp#4;&amp#16;@&amp#0;&amp#1;&amp#4;&amp#16;@&amp#0;&amp#1;&amp#4;&amp#16;@&amp#0;&amp#1;&amp#4;&amp#16;@&amp#0;&amp#1;&amp#4;&amp#16;@�&amp#28;&amp#11;������̜�&amp#28;&amp#11;�P�B<��&amp#31;^��&amp#21;�����.�~�a����&amp#17;@&amp#0;&amp#1;&amp#4;&amp#16;@�&amp#20;&amp#5;H��">C#�&amp#0;&amp#2;&amp#8; �&amp#0;&amp#2;&amp#8; �&amp#0;&amp#2;&amp#8; �&amp#0;&amp#2;&amp#8; �&amp#0;&amp#2;&amp#8;��@���mƋ&amp#22;-�g�n5�[�&amp#30;�UVV�	'��&amp#24;=!~���&amp#22;���;j�(���sOֲ�&amp#6;�,&amp#2;&amp#8; �&amp#0;&amp#2;%)@��$�&amp#25;&amp#11;&amp#1;&amp#4;&amp#16;@&amp#0;&amp#1;&amp#4;&amp#16;@&amp#0;&amp#1;&amp#4;&amp#16;@&amp#0;&amp#1;&amp#4;&amp#16;@&amp#0;&amp#1;&amp#4;&amp#16;@ �&amp#5;�k�=�}����\�ҥK-,���&amp#21;|�GZ&amp#19;K��<q����l&amp#21;�:�(;�;&amp#2;�����ײ�&amp#27;&amp#0;&amp#28;&amp#7;&amp#16;d�PDD&amp#20;�"�ąbjn͑#Gjn�O-�/�4���lh�ܣ�3g��L�[1&amp#19;&amp#23;(��&amp#12;&amp#7;����&amp#15;7<>��&amp#28;�g���&amp#31;��Ͻ��=��;��o&amp#2;&amp#4;&amp#8;&amp#16; ��&amp#2;�������)�&amp#0;&amp#1;&amp#2;&amp#4;&amp#8;&amp#16; @�&amp#0;&amp#1;&amp#2;&amp#4;&amp#8;&amp#16; @�&amp#0;&amp#1;&amp#2;&amp#4;&amp#8;,J&amp#2;+��RL7�ߵ.p�3g�K/���m�喫�M���{��7�ʷ�~{ڋ>�I~뭷�c'�&amp#17; @�&amp#0;&amp#1;&amp#2;�-����&amp#22;�?&amp#1;&amp#2;&amp#4;&amp#8;&amp#16; @�&amp#0;&amp#1;&amp#2;&amp#4;&amp#8;&amp#16; @�&amp#0;&amp#1;&amp#2;&amp#4;&amp#8;,n&amp#2;뭷^��k����=��o��V��r�-�w�^�r�t�=�H���}�ԩ��w_\��]�t�W�&@�&amp#0;&amp#1;&amp#2;&amp#4;�W�����7:&amp#1;&amp#2;&amp#4;&amp#8;&amp#16; @�&amp#0;&amp#1;&amp#2;&amp#4;&amp#8;&amp#16; 0O�}�6,&amp#8;&amp#16;����2u�R�@�&amp#11;D,�G�&amp#30;�ml�^aK�ٳg_u�Ui�,|�.۴����g�}Vrz�n�i&amp#26;"&amp#2;�&amp#17;�Ou�M�K6�I�&amp#0;&amp#1;&amp#2;&amp#4;&amp#8;4��p{ӛ&amp#27;�&amp#0;&amp#1;&amp#2;&amp#4;&amp#8;&amp#16; @�&amp#0;&amp#1;&amp#2;&amp#4;&amp#8;&amp#16;(!��r�K��"@����2e`d&amp#19;h
��&amp#29;;&amp#30;��i���>:&amp#22;�&amp#23;�:~���O>yĈ&amp#17;Q��&amp#26;k&amp#12;&amp#30;<8_g饗N�O<�D>?K�m�v����ˇ&amp#30;z�&amp#7;&amp#30;�D�^��_��BJL�8�뮻馛&M�TP�&amp#0;&amp#1;&amp#2;&amp#4;&amp#8;&amp#16;hl�85�]c��&amp#2;&amp#4;&amp#8;&amp#16; @�&amp#0;&amp#1;&amp#2;&amp#4;&amp#8;&amp#16; @�@]&amp#4;�Xw��c>�KMu&amp#8;&amp#16;&amp#8;��+Á&amp#0;�f&amp#20;��׾v��>���q�{��c���A�V^y�N�:�z��@>B�Q&amp#20;3��3�<3�v�϶O�>�2&amp#22;�&amp#15;&amp#28;80Nd�����V������+����a��}��w/�$2c7�[o�5&amp#18;&amp#17;n?��##�E�&amp#0;&amp#1;&amp#2;&amp#4;&amp#8;4�@lW#��d�&amp#6;"@�&amp#0;&amp#1;&amp#2;&amp#4;&amp#8;&amp#16; @�&amp#0;&amp#1;&amp#2;&amp#4;*	&amp#28;7t�;^&amp#30;/�^�H&amp#25;��&amp#2;��v��2��/&amp#1;&amp#2;� &amp#16;�����77�|����&amp#24;>v��W�<����9�,���&amp#5;Eݺu�{�#R&amp#30;!�_�}E��C��}��Y�޽{&amp#15;&amp#25;2��&amp#30;K9�o�}V�%�~��~��׳L	&amp#2;&amp#4;&amp#8;&amp#16; @��&amp#4;&amp#22;x���F5&amp#16;&amp#1;&amp#2;&amp#4;&amp#8;&amp#16; @�&amp#0;&amp#1;&amp#2;&amp#4;&amp#8;&amp#16; @�X��&amp#3;֊ bq�&amp#28;&amp#2;&amp#4;�&amp#2;��$���s�	&amp#16;h&amp#22;������q:��;�&amp#24;a��9�v�i�<�8֞j&amp#30;s�1���7�:t萿��n��rb�|߾}&amp#11;J�r�6H�q�{qi�XO_��R&amp#2;&amp#4;&amp#8;&amp#16; @��@uuu���ڴ�\O)&amp#1;&amp#2;&amp#4;&amp#8;&amp#16; @�&amp#0;&amp#1;&amp#2;&amp#4;&amp#8;&amp#16; @��&amp#4;.&amp#30;�^,s���3g�i�AD��&amp#11;�o�&�k�=�c]{��>3+�.P���^ ��_|��d&amp#28;�&amp#25;�&amp#23;��k���p�&amp#17;�M��&amp#11;�r��M}Fo�gώ�
&amp#29;�Ro��N��
�i����Pn2Yۨ�^�y$*&amp#15;��|����,1����j�0kU2&amp#17;P%�&amp#27;<s֬Y��ާ�~z�������&amp#1;&amp#7;&amp#28;p�q�U&amp#30;hڴi����&amp#25;3�v�&amp#26;;�&amp#23;����?��ϣ���GP����|饗"N?`���R9&amp#4;&amp#8;&amp#16; @�&amp#30;&amp#2;q&amp#12;J=Z}�+���^�7[�6�U����f���	&amp#16; @�&amp#0;&amp#1;&amp#2;&amp#4;&amp#8;&amp#16; @�&amp#0;&amp#1;&amp#2;&amp#4;&amp#8;&amp#16;h�&amp#2;��S��
&amp#31;o��6�"�&amp#28;��{q}��b��9M&amp#22;nϦ1r���&amp#14;;,]~{�++Z�ĉ'���&amp#11;/D�{����&amp#29;S}&amp#2;&amp#4;&amp#8;&amp#16;h�&amp#2;��&amp#23;���1.B&amp#31;@|1����&amp#8;��T	&amp#16; @�&amp#0;&amp#1;&amp#2;&amp#4;&amp#8;&amp#16; @�&amp#0;&amp#1;&amp#2;&amp#4;&amp#8;&amp#16; @�@K&amp#22;Xe�U~��ߦ&amp#25;�V�7�pC�f&amp#27;���X�>��S��G�F֊&amp#0;&amp#1;&amp#2;&amp#4;&amp#8;&amp#16;���X{]��#@�&amp#0;&amp#1;&amp#2;&amp#4;&amp#8;&amp#16; @�&amp#0;&amp#1;&amp#2;&amp#4;&amp#8;&amp#16; @�&amp#0;&amp#1;&amp#2;u&amp#17;&amp#24;<x�)���j^z饷�zk]Z��&amp#31;?����J9qB|�H�&amp#0;&amp#1;&amp#2;&amp#4;&amp#8;&amp#16;h!&amp#2;���]��b�{&amp#11;�<L�&amp#0;&amp#1;&amp#2;&amp#4;&amp#8;&amp#16; @�&amp#0;&amp#1;&amp#2;&amp#4;&amp#8;&amp#16; @�&amp#0;&amp#1;&amp#2;&amp#4;&amp#22;&amp#15;��v�-�q���v&amp#30;}��M7ݴo߾��Z��۶m��&amp#27;o<��&amp#19;�r�F߻w�Z&amp#27;�@�&amp#0;&amp#1;&amp#2;&amp#4;&amp#8;4�@��ۤ�~�~l#&amp#18; @�&amp#0;&amp#1;&amp#2;&amp#4;&amp#8;&amp#16; @�&amp#0;&amp#1;&amp#2;&amp#4;&amp#8;&amp#16; ��&amp#8;4�I��n����&amp#28;�9����P
��
�H�{&amp#5;��EMv{��T.�i���Mv�u�X%&amp#31;&amp#2;�[)%@�&amp#0;&amp#1;&amp#2;(P�&amp#19;L&amp#26;�&amp#27;c&amp#3;�K&amp#19;t�.����n&amp#2;hC&amp#16; @�&amp#0;&amp#1;&amp#2;&amp#4;&amp#8;&amp#16; @�&amp#0;&amp#1;&amp#2;&amp#4;&amp#8;&amp#16; @�&amp#0;��&amp#2;&amp#7;&amp#30;x��1c�M�&amp#22;K�7�|�u�]�r}�&amp#4;&amp#8;&amp#16; @�@�
�&amp#19;ko�&amp#15;��&amp#4;&amp#8;&amp#16; @�&amp#0;&amp#1;&amp#2;&amp#4;&amp#8;&amp#16; @�&amp#0;&amp#1;&amp#2;&amp#4;&amp#8;&amp#16; @ 	&amp#28;r�!(&amp#8;&amp#16; @�&amp#0;�EH��;�,B7i�&amp#4;&amp#8;&amp#16; @�&amp#0;&amp#1;&amp#2;&amp#4;&amp#8;&amp#16; @�&amp#0;&amp#1;&amp#2;&amp#4;&amp#8;&amp#16; @�&amp#0;&amp#1;&amp#2;&amp#4;&amp#8;&amp#16; @�&amp#1;&amp#5;b#�����&amp#6;�QW&amp#4;&amp#8;&amp#16; @�&amp#0;&amp#1;&amp#2;&amp#4;&amp#8;&amp#16; @�&amp#0;&amp#1;&amp#2;&amp#4;&amp#8;&amp#16; @�&amp#0;&amp#1;&amp#2;&amp#4;&amp#8;&amp#16; @`�&amp#23;�����ߧ&amp#27;$@�&amp#0;&amp#1;&amp#2;&amp#4;&amp#8;&amp#16; @�&amp#0;&amp#1;&amp#2;&amp#4;&amp#8;&amp#16; @��"!�N�l�g����E�32I&amp#2;&amp#4;&amp#8;&amp#16; @�@& ֞QH&amp#16; @�&amp#0;&amp#1;&amp#2;&amp#4;&amp#8;&amp#16; @�&amp#0;&amp#1;&amp#2;&amp#4;&amp#8;&amp#16; @�9&amp#5;Zg�=��X��{s��&amp#25;�&amp#0;&amp#1;&amp#2;&amp#4;&amp#8;&amp#16;XH����n!��N�&amp#0;&amp#1;&amp#2;&amp#4;&amp#8;&amp#16; @�&amp#0;&amp#1;&amp#2;&amp#4;&amp#8;&amp#16; @�&amp#0;&amp#1;&amp#2;�"К��&amp#21;&amp#30;5�P�(&amp#31;�N	&amp#16; @�&amp#0;&amp#1;&amp#2;u&amp#19;�/oV�׍J-&amp#2;&amp#4;&amp#8;&amp#16; @�&amp#0;&amp#1;&amp#2;&amp#4;&amp#8;&amp#16; @�&amp#0;&amp#1;&amp#2;&amp#4;&amp#8;4�@&amp#22;hO���&amp#6;\�:.��GN�Z�n�t	&amp#16; @�&amp#0;��E����'�>&amp#8;&amp#16; @�&amp#0;&amp#1;&amp#2;&amp#4;&amp#8;&amp#16; @�&amp#0;&amp#1;&amp#2;&amp#4;&amp#8;&amp#16;Xd&amp#5;��㣫5v&amp#30;&amp#21;�O8�Nm�"	&amp#2;&amp#4;&amp#8;&amp#16; @�@�	ķ�*�I6&amp#25;��&amp#8;&amp#16; @�&amp#0;&amp#1;&amp#2;&amp#4;&amp#8;&amp#16; @�&amp#0;&amp#1;&amp#2;&amp#4;&amp#8;&amp#16; P,���&amp#5;!��j�wN��:���f�fE�t�)A�&amp#0;&amp#1;&amp#2;&amp#4;&amp#8;&amp#16;hz��V�&amp#29;��ōH�&amp#0;&amp#1;&amp#2;&amp#4;&amp#8;&amp#16; @�&amp#0;&amp#1;&amp#2;&amp#4;&amp#8;&amp#16; @�@+&amp#17;���H�r7&amp#30;��Zs~�R&amp#28;_/�i�P�&amp#0;&amp#1;&amp#2;&amp#4;&amp#8;&amp#16;h&amp#22;������f�7(&amp#1;&amp#2;&amp#4;&amp#8;&amp#16; @�&amp#0;&amp#1;&amp#2;&amp#4;&amp#8;&amp#16; @�&amp#0;&amp#1;&amp#2;�Q �&amp#31;�ƛ�x�&amp#17;>O��V�VQ?�,A�&amp#0;&amp#1;&amp#2;&amp#4;&amp#8;&amp#16;h&amp#22;�v�2�A	&amp#16; @�&amp#0;&amp#1;&amp#2;&amp#4;&amp#8;&amp#16; @�&amp#0;&amp#1;&amp#2;&amp#4;&amp#8;&amp#16; �z&amp#4;"r&amp#28;�����=#����ũN��Iw&amp#26;,���#��*P�=+TSD�&amp#0;&amp#1;&amp#2;&amp#4;&amp#8;&amp#16;h$&amp#1;��F��-&amp#1;&amp#2;&amp#4;&amp#8;&amp#16; @�&amp#0;&amp#1;&amp#2;&amp#4;&amp#8;&amp#16; @�&amp#0;&amp#1;&amp#2;&amp#4;�&amp#16;H��&amp#8;&amp#15;�+r���ܒ��&amp#8;3�lqI�M�[��P��n9&amp#31;_�ҵj&amp#20;w�&amp#31;B�&amp#0;&amp#1;&amp#2;&amp#4;&amp#8;&amp#16; �x&amp#2;�=D���x�L�&amp#0;&amp#1;&amp#2;&amp#4;&amp#8;&amp#16; @�&amp#0;&amp#1;&amp#2;&amp#4;&amp#8;&amp#16; @�&amp#0;�&amp#26;�&amp#20;3����luuuBi=q������:&amp#5;��[�V�	&amp#16; @�&amp#0;&amp#1;&amp#2;�( �ތ��&@�&amp#0;&amp#1;&amp#2;&amp#4;&amp#8;&amp#16; @�&amp#0;&amp#1;&amp#2;&amp#4;&amp#8;&amp#16; @`�&amp#23;�&amp#16;r
�G"�mZ�&amp#30;A���̬BVg1s�&amp#27;�&amp#28;ҭ�e��یth�͛��|*���*K&amp#16; @�&amp#0;&amp#1;&amp#2;&amp#4;Z�@|�����|&amp#22;�A�&amp#0;&amp#1;&amp#2;&amp#4;&amp#8;&amp#16; @�&amp#0;&amp#1;&amp#2;&amp#4;&amp#8;&amp#16; @���)��&amp#25;g�&amp#20;k�8t&amp#22;�^�&amp#3;�q�şnvˑ(x&amp#21;W.ȉ�%�,��&amp#0;&amp#1;&amp#2;&amp#4;&amp#8;&amp#16; Ш&amp#2;��ʫs&amp#2;&amp#4;&amp#8;&amp#16; @�&amp#0;&amp#1;&amp#2;&amp#4;&amp#8;&amp#16; @�&amp#0;&amp#1;&amp#2;&amp#4;&amp#8;�&amp#8;Dx8�H��H��W*Ju�5�&�Y"�1��.Xݞ��@�_F:���⢂�.	&amp#16; @�&amp#0;&amp#1;&amp#2;�* �ި�:'@�&amp#0;&amp#1;&amp#2;&amp#4;&amp#8;&amp#16; @�&amp#0;&amp#1;&amp#2;&amp#4;&amp#8;&amp#16; @�@�@&amp#4;�&amp#11;&amp#2;̑�&amp#2;�)�&amp#30;��J�5m&amp#22;�W�f�Y�{��-&amp#25;PO�%�Jv"�&amp#0;&amp#1;&amp#2;&amp#4;&amp#8;&amp#16; �&amp#24;&amp#2;q<�p{c��&amp#0;&amp#1;&amp#2;&amp#4;&amp#8;&amp#16; @�&amp#0;&amp#1;&amp#2;&amp#4;&amp#8;&amp#16; @�&amp#0;&amp#1;&amp#2;�&amp#2;)<���YY\F~���BVs1K�r�����L&amp#26;Yi�D]�l�H��]w�{ｷ�&amp#22;[l��֍4�n	&amp#16; @�&amp#0;��&�������&amp#15;&amp#1;&amp#2;&amp#4;&amp#8;&amp#16; @�&amp#0;&amp#1;&amp#2;&amp#4;&amp#8;&amp#16; @�&amp#0;&amp#1;&amp#2;�E ś#l�"���kO���<[��#��&amp#24;1�G�&amp#30;&amp#11;&amp#27;n&amp#31;7n�'�|&amp#18;&amp#26;���Z�&amp#26;�g����&amp#15;F�&amp#26;���ow�ܹ���
+�P�&amp#15;O4�V���ڇ&amp#31;~&amp#24;&amp#3;&amp#24;0�W�^���Paڴio��ƫ��&amp#26;��m�5��ڵk������Q�*&amp#16; @�&amp#0;��&amp#22;������O�&amp#0;&amp#1;&amp#2;&amp#4;&amp#8;&amp#16; @�&amp#0;&amp#1;&amp#2;&amp#4;&amp#8;&amp#16; @�&amp#0;�/&amp#4;������,�E%��!p�=���L�z����ٳ�}O�4��+���[�+&amp#12;&amp#25;2��[q�&amp#21;��R���_�e�&amp#21;�F��&amp#23;���Zk�U�_�e����_=��C&amp#5;57�`�3�<�{��&amp#5;��e�N#�V�&amp#0;&amp#1;&amp#2;&amp#4;&amp#8;4�@�>E�;&amp#3;�&amp#19; @�&amp#0;&amp#1;&amp#2;&amp#4;&amp#8;&amp#16; @�&amp#0;&amp#1;&amp#2;&amp#4;&amp#8;&amp#16; в&amp#5;�W��̊�&amp#11;&amp#20;N�2e��E�m۶�7�z�kO�э�Bc�p��qni�t�������^�<��n��Q��U�Q!���HT&amp#30;":�~/&amp#29;���а9&amp#1;հ&amp#29;�{�9s������O��s�N��[o�>}����o���&amp#21;B�ӧO���&amp#11;�㎬�r������&amp#31;����}.�袁&amp#3;&amp#7;f��D����n�� ?��9&amp#12;&amp#26;4(��5�����G?&amp#26;>|xɚq�1�e�Y�����QпK&amp#2;&amp#4;&amp#8;&amp#16;hX���^&amp#29;6�7�z��<���8���7*&amp#1;&amp#2;&amp#4;&amp#8;&amp#16; @�&amp#0;&amp#1;&amp#2;&amp#4;&amp#8;&amp#16; @�&amp#0;�EG��~yZ9^�2A&amp#26;<�&amp#30;��MwZ�Hsj.�^���F
�G�&amp#17;,��k>���r�Y~�寸�����Bl&amp#8;�ӟ����_��&amp#11;���曇&amp#31;~x�&amp#25;��&amp#31;x�����j&amp#4;��N�&amp#26;a��V�Z��k�-&amp#24;+r.����v�=��u��(@l&amp#2;��w?���)�ꫯ^e�U�3��>餓���Tᨣ��&amp#21;�K.���/�|��7��&amp#31;�&amp#28;&&amp#29;:t�w����w.M�&amp#0;&amp#1;&amp#2;. ܾP�6�_(.�	&amp#16; @�&amp#0;&amp#1;&amp#2;&amp#4;&amp#8;&amp#16; @�&amp#0;&amp#1;&amp#2;&amp#4;&amp#8;&amp#16; �&amp#4;"�^�&amp#16;��Wu�Y6r��ȃ4n���&amp#31;o���1"D�=V&amp#18;���w�ꩧ�8�T'���<G
T&amp#23;w�r����>:v�?蠃���o�C ����t�M��wߨ&amp#25;g������u�]�~⁀l��C&amp#15;=�#�HE��~�С?��&amp#15;S�<�������V&amp#21;&amp#18;q`|&amp#22;k?��sc�T9���o�yL2�<x���&amp#31;{�m��6�����,A�&amp#0;&amp#1;&amp#2;&amp#4;Z�@UK��9&amp#16; @�&amp#0;&amp#1;&amp#2;&amp#4;&amp#8;&amp#16; @�&amp#0;&amp#1;&amp#2;&amp#4;&amp#8;&amp#16; @��&amp#8;��X{��&amp#3;!^��A�&amp#22;��>&amp#22;�g���v�x��&amp#16;�Xz&amp#30;&amp#11;����N;m�=���x��&amp#27;6,��)־��&amp#27;���^a�&amp#21;
�&amp#20;_F��o��1�&amp#28;����j�{����&amp#14;>���g�M+��]w�l}|�о}���>;�#�&amp#30;&amp#11;��˥������&amp#14;;,�����F<C��w�yg��&amp#6;�F�si&amp#2;&amp#4;&amp#8;&amp#16; м&amp#2;��Pբ�U�yՌN�&amp#0;&amp#1;&amp#2;&amp#4;&amp#8;&amp#16; @�&amp#0;&amp#1;&amp#2;&amp#4;&amp#8;&amp#16; @�&amp#0;&amp#1;&amp#2;(������'�H�&amp#31;�˿����"�L#�!���;���'���&amp#22;[d�)&amp#17;'�Ǯ��o��b�x׮]�&amp#16;��:ŗ���.[��rV_}��&amp#24;5jT��?���t&amp#25;kͣ�|Q��t�&amp#18;k�Sf,�/(-��5kV��V[mU\!n-=&amp#16;+�ǌ&amp#25;�U�Z5�4�n%&amp#8;&amp#16; @�@K&amp#16;���"�=�%��&amp#3;&amp#1;&amp#2;&amp#4;&amp#8;&amp#16; @�&amp#0;&amp#1;&amp#2;&amp#4;&amp#8;&amp#16; @�&amp#0;&amp#1;&amp#2;&amp#4;�E ��F"��2��{�x�5X�D��SNAi�&amp#19;��k&amp#22;��O�������&amp#30;��$߼���r�u�Yg��[�n�sN,&amp#4;� }l#&amp#31;�9s旼�ɓ'�&amp#30;"���*v�O��&amp#7;&amp#15;��g�8�=��|��,�\"v�Ok�c���߾�Z�N&amp#22;���
;��[	&amp#2;&amp#4;&amp#8;&amp#16; �&amp#18;&amp#4;��RMĽ%L�&amp#28;&amp#8;&amp#16; @�&amp#0;&amp#1;&amp#2;&amp#4;&amp#8;&amp#16; @�&amp#0;&amp#1;&amp#2;&amp#4;&amp#8;&amp#16; @�.&amp#2;&amp#17;�M���nJԥU���{AL=k&amp#27;E�U���?��&amp#18;&amp#5;9�2M#�&amp#23;ԯ����Z뷄
}��M�x����l�R,F�n��&amp#22;�I��#G�L&amp#21;���ՌY�-�c�y�����xV ]�&amp#31;?>�_2��'���7ܰ�G&amp#22;&amp#11;�S�	&amp#19;&�D�O���d&amp#18; @�&amp#0;�f&amp#20;&amp#16;koF|C&amp#19; @�&amp#0;&amp#1;&amp#2;&amp#4;&amp#8;&amp#16; @�&amp#0;&amp#1;&amp#2;&amp#4;&amp#8;&amp#16; @�>&amp#2;�&amp#11;oG4=&amp#11;�G:&amp#6;N�)QP�&amp#21;���Y�5�M)_qMg��X������.��F��1c�C&amp#15;=�:�@x6ʧ�~��K/�t�Y�Xj��R·&amp#31;~XPT|���c�~qi��:���>�rC�'@�&amp#0;&amp#1;&amp#2;�"&amp#16;ߗ���U��mP&amp#2;&amp#4;&amp#8;&amp#16; @�&amp#0;&amp#1;&amp#2;&amp#4;&amp#8;&amp#16; @�&amp#0;&amp#1;&amp#2;&amp#4;&amp#8;&amp#16;��@&amp#22;ޮ��t�+�)�g����zz��&amp#15;���&amp#20;���ȌW����&amp#24;+�L��ѣNd�k.��W^�&amp#27;��F���&amp#31;~x��&amp#30;1bD���m��&amp#22;ۼ��q~��&amp#27;o��!�sw��=�,Hd�Ϗ&amp#27;7����2�$&amp#31;�YL��N�aq����Q<�&amp#28;&amp#2;&amp#4;&amp#8;&amp#16; Ќ&amp#2;�-�]�׌304&amp#1;&amp#2;&amp#4;&amp#8;&amp#16; @�&amp#0;&amp#1;&amp#2;&amp#4;&amp#8;&amp#16; @�&amp#0;&amp#1;&amp#2;&amp#4;&amp#8;,�@
i�{&amp#22; O����S������xO&amp#11;�
�"?Z���<�U6�ȌW\�DzO�Y��H�&amp#21;d.&amp#30;����w��n������~��q��N;�-ϗ6xz̘1W]uU�6�>�t�-F�&amp#16;&amp#29;o׮]6��?�<&amp#11;�g��D&amp#22;n�ڵk>?�Ί��}�O#?�4&amp#1;&amp#2;&amp#4;&amp#8;&amp#16;h	&amp#2;U�oN-aB�@�&amp#0;&amp#1;&amp#2;&amp#4;&amp#8;&amp#16; @�&amp#0;&amp#1;&amp#2;&amp#4;&amp#8;&amp#16; @�&amp#0;&amp#1;&amp#2;�
� wZY�__����_�&amp#22;�&amp#18;8.�V�痶&amp#23;�nO]�;�f&amp#21;�&amp#5;C�ed�+�&amp#19;�D:�g��M�}��'�tҟ���C�f7&amp#21;ǥ�q�&amp#29;�&amp#29;w�w���7�x#�o�ĤI�N9�t@�׿���4b��S��e�8�=U�5kV��u�p�%�H��&amp#22;�)Q�VQ��Ө<I�&amp#4;&amp#8;&amp#16; @��&amp#5;j�&amp#0;5��F$@�&amp#0;&amp#1;&amp#2;&amp#4;&amp#8;&amp#16; @�&amp#0;&amp#1;&amp#2;&amp#4;&amp#8;&amp#16; @�&amp#0;�&amp#6;&amp#17;�&amp#27;�y�ǿ��w*�0P��x&amp#22;)��y�sq?�*J�{Vm1K���g�}v,j����6|��#�8"����6mڏ~��w�}7�\u�U#�_�y��=��((�_�h}�t��1�_��:�&amp#16;��z�ܹs�!k�P�(��&amp#28;&amp#2;&amp#4;&amp#8;&amp#16; м&amp#2;v�o^�&amp#19; @�&amp#0;&amp#1;&amp#2;&amp#4;&amp#8;&amp#16; @�&amp#0;&amp#1;&amp#2;&amp#4;&amp#8;&amp#16; @��&amp#2;�PzJg&amp#17;�t�&amp#15;ug����j-�w޶m�4J��&amp#16;���q&amp#23;���={���6�ls�Gf�&amp#21;Q�l&amp#15;�,��'�O���&amp#31;���_��"��y�&amp#21;&amp#7;�{��&amp#6;ʶs/&amp#30;7b�Yfq&amp#15;YQJ�=�D��/(�.cG��^z�S�����%A�&amp#0;&amp#1;&amp#2;&amp#4;Z�@|�j&amp#23;&amp#27;&amp#4;�w��0�Eb&amp#14;�=��"1O�$@�&amp#0;&amp#1;&amp#2;&amp#4;&amp#8;&amp#16; @�&amp#0;&amp#1;&amp#2;&amp#4;&amp#8;&amp#16;X�&amp#5;6�h���&amp#30;�`&amp#5;�,�]��_�����D��E�#�U��sAQ4�W~�|A&amp#5;��@�>}&amp#14;9䐯}�k���7S��󟭶�*���&amp#19;3g����~���FW&amp#17;���&amp#31;��Ŷ�w��=]~��g��|:��&amp#23;,�����u	�g���r�O#��&amp#4;&amp#1;&amp#2;&amp#4;&amp#8;&amp#16;h	&amp#2;�;�X{K�,́&amp#0;&amp#1;&amp#2;&amp#4;&amp#8;&amp#16; @�&amp#0;&amp#1;&amp#2;&amp#4;&amp#8;&amp#16; @�&amp#0;&amp#1;&amp#2;&amp#11;!�&amp#15;�G:��.�����ȳ��)��&amp#3;��Y�,�^�歼ZD�c�{Bx��7&amp#27;P#b�g�q�c�=&amp#22;}F��O�S�޽K��m�������}�ĉ��2�,S��|f&amp#22;A&amp#31;?~|>?�Ί��>��p�&amp#4;&amp#8;&amp#16; @�%&amp#8;�k	�X�����E��2U&amp#2;&amp#4;&amp#8;&amp#16; @�&amp#0;&amp#1;&amp#2;&amp#4;&amp#8;&amp#16; @�&amp#0;&amp#1;&amp#2;��@>�&amp#30;w�]�`yM&amp#4;�蕯V&amp#14;'�GQ�${��{���&amp#5;���3f�(.�_N&amp#28;�&amp#30;��G&amp#31;}4��X�
+�P��~�����_}�Ձ&amp#3;&amp#7;&amp#22;�|���Sf��}�I��>��qSK,�D�4��y晔�*�e�N�xP9&amp#4;&amp#8;&amp#16; @�&amp#25;&amp#5;⫖oH��oh&amp#2;&amp#4;&amp#8;&amp#16; @�&amp#0;&amp#1;&amp#2;&amp#4;&amp#8;&amp#16; @�&amp#0;&amp#1;&amp#2;&amp#4;&amp#8;|Y�,��u���g+�SfV�\"�EQ����{(ת��G���&amp#15;?,wףG����R�&amp#27;nX��B�G�=��O��^�z]t�E�c����;xꩧJ���#���!C����ό&amp#5;�&amp#27;l�A�&amp#25;>|x�(��N���O����n�Uh�id�J&amp#16; @�&amp#0;��  ��&amp#18;>&amp#5;s @�&amp#0;&amp#1;&amp#2;&amp#4;&amp#8;&amp#16; @�&amp#0;&amp#1;&amp#2;&amp#4;&amp#8;&amp#16; @�@�&amp#5;��z�E��7K&amp#23;&amp#7;�˅ϳ~�({�ɺ�D��/[m�����o���<�ȫ����{�}�&amp#23;&L�&amp#16;&amp#26;q��y�w��&amp#7;O�2%.�Yg�,D�e�R�}ذa�I��c&amp#15;��}���a&amp#22;����|�MF�&amp#26;���/GN�N���b�|Q�?����-�����j���&amp#11;��e��27�l�e�]6��e��u"A�&amp#0;&amp#1;&amp#2;&amp#4;Z�@ͷ��93�"@�&amp#0;&amp#1;&amp#2;&amp#4;&amp#8;&amp#16; @�&amp#0;&amp#1;&amp#2;&amp#4;&amp#8;&amp#16; @�&amp#0;��&amp#2;Y4�8&amp#28;�&amp#21;e��B&amp#28;=��S�Hg��Hd��:�L���&amp#16;Yi�J����&amp#17;n?��O<��q��ŽGΝwޙ&amp#16;6�x�(j��˞�&amp#26;��3�<3��c���/�x�喫�sl&amp#17;&amp#31;��&amp#25;Ƿ�~���O�*&amp#14;Y?餓��N;�ԱcǬ(&amp#18;?��O��c������&amp#23;_���"���G�C&amp#15;=t�5��b_�x� ���.��zO#߉4&amp#1;&amp#2;&amp#4;&amp#8;&amp#16;h�&amp#2;�u�]��}=j��4+&amp#2;&amp#4;&amp#8;&amp#16; @�&amp#0;&amp#1;&amp#2;&amp#4;&amp#8;&amp#16; @�&amp#0;&amp#1;&amp#2;&amp#4;&amp#8;&amp#16;H&amp#2;�A��&amp#11;�,?�+���~#���=^����a$R��f��+���������Ѽ\QVg�L|��ߎ�ܱ����m��&�&amp#29;vX���K֯�y��>��é�̙3��W�&amp#31;�&amp#30;{�Y��F���駟>���#^&amp#30;[Џ&amp#24;1"���~=�E�<��Y�H�N�i�����c����J#*&amp#31;����ȹ�+��&amp#7;&amp#15;&amp#30;&amp#28;=DT>&amp#2;��Zk�U�V�&amp#30;��&amp#6;� @�&amp#0;&amp#1;&amp#2;-\�]��2��?&amp#21;�#@�&amp#0;&amp#1;&amp#2;&amp#4;&amp#8;&amp#16; @�&amp#0;&amp#1;&amp#2;&amp#4;&amp#8;&amp#16; @�@I�Z���P&amp#16;&amp#14;��,'bꑎW�&amp#18;�Q��J��2S�
&amp#21;ZI�ns_ӦM�=�?���I�&��w��E�;��	'�йs�&amp#6;t��O��b}ZF��&amp#20;$
&amp#22;�&amp#15;&amp#24;0��K/����&amp#23;�ɿ=���ߣG�&amp#11;.�`�&amp#21;W�gΘ1#��8qb�N�=�ܳm۶�{n\Ɗ�x�+�A����/�Xb�|f��1��&amp#30;\&amp#18; @�&amp#0;��)&amp#16;_���>6-��̊&amp#0;&amp#1;&amp#2;&amp#4;&amp#8;&amp#16; @�&amp#0;&amp#1;&amp#2;&amp#4;&amp#8;&amp#16; @�&amp#0;&amp#1;&amp#2;��@q�;~�[pשN�Oa�|��~J��S��a�UqQ�Oq��8'V{�&amp#25;��&amp#24;���Z*��&amp#17;�^�X{F&amp#23;a�V��KV.&amp#8;�G���^;�z�%�&amp#6;=�h��8&amp#0;>B�q�|��^��*��&amp#18;w�j~��_-(���w߽[�n�g~���JW]u�M7�4&amp#22;�&amp#23;��S���Fֳ&amp#4;&amp#1;&amp#2;&amp#4;&amp#8;&amp#16;h�&amp#2;5&amp#15;3��)�&amp#30;&amp#1;&amp#2;&amp#4;&amp#8;&amp#16; @�&amp#0;&amp#1;&amp#2;&amp#4;&amp#8;&amp#16; @�&amp#0;&amp#1;&amp#2;�*о��3+�.P&amp#24;Kl&amp#23;�^&amp#20;.&amp#22;*��&amp#4;7�Eg&amp#23;�W�Y�4��6�&amp#23;&amp#20;�o!+���&amp#18;�EYN�����={v&amp#19;L�裏�M�&amp#15;<���^�M0�B1f̘�c���߿gϞ&amp#21;&amp#26;�z�X�&amp#30;�&amp#17;���&amp#26;&amp#21;�&amp#5;�Q��N�&amp#26;��t�{����:N#�D�&amp#0;&amp#1;&amp#2;&amp#4;�R`��_=7�&amp#6;�Ƙ�s&amp#17;HZݾ&amp#8;|H�H�&amp#0;&amp#1;&amp#2;&amp#4;&amp#8;&amp#16; @�&amp#0;&amp#1;&amp#2;&amp#4;&amp#8;&amp#16; @�&amp#0;�$�&amp#5;�&amp#23;
$Z&amp#21;�Ës
�L��#&amp#22;7����&amp#23;t��_���o��ɕ��͎0w)~�Z�&amp#17;�׷�f�Z�œ(���Z�Պ+�q&amp#26;��&amp#16; @�&amp#0;��&P�-(�U����|&amp#8;&amp#16; @�&amp#0;&amp#1;&amp#2;&amp#4;&amp#8;&amp#16; @�&amp#0;&amp#1;&amp#2;&amp#4;&amp#8;&amp#16;h&amp#1;&amp#2;�V�����4�&amp#18;&amp#11;�K���yC��4��&amp#27;j��!@�&amp#0;&amp#1;&amp#2;�.`u{�?���ꪺ�V�&amp#0;&amp#1;&amp#2;&amp#4;&amp#8;&amp#16; @�&amp#0;&amp#1;&amp#2;&amp#4;&amp#8;&amp#16; @�&amp#0;&amp#1;&amp#2;&amp#4;�W B��U�iDͨ��&amp#11;�Ǫ�xe�%�d�Y"��7̊$&amp#8;&amp#16; @�&amp#0;&amp#1;&amp#2;�M�*^���/&amp#1;&amp#2;&amp#4;&amp#8;&amp#16; @�&amp#0;&amp#1;&amp#2;&amp#4;&amp#8;&amp#16; @�&amp#0;&amp#1;&amp#2;&amp#4;&amp#22;]�&amp#20;�c��B��z&amp#29;;�&amp#16;�_tI͜&amp#0;&amp#1;&amp#2;&amp#4;&amp#8;&amp#16; Po&amp#1;��z�iH�&amp#0;&amp#1;&amp#2;&amp#4;&amp#8;&amp#16; @�&amp#0;&amp#1;&amp#2;&amp#4;&amp#8;&amp#16; @�&amp#0;�f&amp#16;�ch<ͬB�,���&amp#18;&amp#21;�*kU��"&amp#2;&amp#4;&amp#8;&amp#16; @�@+&amp#17;&amp#16;no%&amp#31;��$@�&amp#0;&amp#1;&amp#2;&amp#4;&amp#8;&amp#16; @�&amp#0;&amp#1;&amp#2;&amp#4;&amp#8;&amp#16; @�@%�&amp#20;k�KĽR/�&amp#8;&amp#16; @�&amp#0;&amp#1;&amp#2;�F����v�&amp#4;&amp#8;&amp#16; @�&amp#0;&amp#1;&amp#2;&amp#4;&amp#8;&amp#16; @�&amp#0;&amp#1;&amp#2;&amp#4;&amp#8;&amp#16;�(`���<
	&amp#16; @�&amp#0;&amp#1;&amp#2;�&amp#2;�n/&amp#20;qM�&amp#0;&amp#1;&amp#2;&amp#4;&amp#8;&amp#16; @�&amp#0;&amp#1;&amp#2;&amp#4;&amp#8;&amp#16; @�&amp#0;�V+`��V�ѻq&amp#2;&amp#4;&amp#8;&amp#16; @�~&amp#2;6����V&amp#4;&amp#8;&amp#16; @�&amp#0;&amp#1;&amp#2;&amp#4;&amp#8;&amp#16; @�&amp#0;&amp#1;&amp#2;&amp#4;&amp#8;&amp#16; @�&amp#0;&amp#1;&amp#2;&amp#4;&amp#8;&amp#16; Ъ&amp#5;��[����	&amp#16; @�&amp#0;&amp#1;&amp#2;&amp#4;&amp#8;&amp#16; @�&amp#0;&amp#1;&amp#2;&amp#4;&amp#8;&amp#16; @�&amp#0;&amp#1;&amp#2;&amp#4;&amp#8;&amp#16; @�&amp#30;&amp#2;�3P�z4ӄ&amp#0;&amp#1;&amp#2;&amp#4;&amp#8;&amp#16; @�&amp#0;&amp#1;&amp#2;&amp#4;&amp#8;&amp#16; @�&amp#0;&amp#1;&amp#2;�D�M�6q�vY_&amp#20;?���-�37g&amp#2;&amp#4;&amp#8;&amp#16; @`�&amp#16;�/&amp#27;V�/&amp#18;��I&amp#18; @�&amp#0;&amp#1;&amp#2;&amp#4;&amp#8;&amp#16; @�&amp#0;&amp#1;&amp#2;&amp#4;&amp#8;&amp#16; М&amp#2;&amp#2;�ͩ_��}d�bӈ&amp#0;&amp#1;&amp#2;&amp#4;&amp#8;&amp#16;X8&amp#1;����R�&amp#0;&amp#1;&amp#2;&amp#4;&amp#8;&amp#16; @�&amp#0;&amp#1;&amp#2;&amp#4;&amp#8;&amp#16; @�&amp#0;&amp#1;&amp#2;&amp#4;&amp#8;&amp#16; @�&amp#0;&amp#1;&amp#2;&amp#4;&amp#8;TWW��M�<��G�&amp#0;&amp#1;&amp#2;&amp#4;&amp#8;&amp#16; @�&amp#0;&amp#1;&amp#2;&amp#4;&amp#8;&amp#16; @�&amp#0;&amp#1;&amp#2;%&amp#5;f͚U2_&&amp#1;&amp#2;&amp#4;&amp#8;&amp#16; @�@+&amp#23;���3�Z�&amp#15;��'@�&amp#0;&amp#1;&amp#2;&amp#4;&amp#8;&amp#16; @�&amp#0;&amp#1;&amp#2;&amp#4;&amp#8;&amp#16; @�&amp#0;&amp#1;&amp#2;&amp#4;&amp#8;&amp#16; @�&amp#0;��&amp#21;�P{M�}a��O�&amp#0;&amp#1;&amp#2;&amp#4;&amp#8;&amp#16; @�&amp#0;&amp#1;&amp#2;&amp#4;&amp#8;&amp#16; @�&amp#0;&amp#1;&amp#2;&amp#4;&amp#8;&amp#16; @�&amp#0;&amp#1;&amp#2;&amp#4;Z��X{+�&amp#1;p�&amp#4;&amp#8;&amp#16; @�&amp#0;&amp#1;&amp#2;&amp#4;&amp#8;&amp#16; @�&amp#0;&amp#1;&amp#2;&amp#4;&amp#8;&amp#16; @�&amp#0;&amp#1;&amp#2;&amp#4;&amp#8;&amp#16; ��&amp#2;5������n�&amp#1;&amp#1;&amp#2;&amp#4;&amp#8;&amp#16; @�&amp#0;&amp#1;&amp#2;&amp#4;&amp#8;&amp#16; @�&amp#0;&amp#1;&amp#2;&amp#4;&amp#8;&amp#16; @�&amp#0;&amp#1;&amp#2;&amp#4;&amp#8;&amp#16;h�&amp#2;5;�ǫ&amp#21;&amp#11;�u&amp#2;&amp#4;&amp#8;&amp#16; @�&amp#0;&amp#1;&amp#2;&amp#4;&amp#8;&amp#16; @�&amp#0;&amp#1;&amp#2;&amp#4;&amp#8;&amp#16; @�&amp#0;&amp#1;&amp#2;&amp#4;&amp#8;&amp#16; P&amp#31;��X�^�v�&amp#16; @�&amp#0;&amp#1;&amp#2;&amp#4;&amp#8;&amp#16; @�&amp#0;&amp#1;&amp#2;&amp#4;&amp#8;&amp#16; @�&amp#0;&amp#1;&amp#2;&amp#4;&amp#8;&amp#16; @�&amp#0;�V,PզM�V|�n�&amp#0;&amp#1;&amp#2;&amp#4;&amp#8;&amp#16; @�&amp#0;&amp#1;&amp#2;&amp#4;&amp#8;&amp#16; @�&amp#0;&amp#1;&amp#2;&amp#4;&amp#8;&amp#16; @�&amp#0;&amp#1;&amp#2;&amp#4;&amp#8;�G�N��Qӆ&amp#0;&amp#1;&amp#2;&amp#4;&amp#8;&amp#16; @�&amp#0;&amp#1;&amp#2;&amp#4;&amp#8;&amp#16; @�&amp#0;&amp#1;&amp#2;&amp#4;&amp#8;&amp#16; @�&amp#0;&amp#1;&amp#2;&amp#4;Z�@l$_U]]ݚ	�;&amp#1;&amp#2;&amp#4;&amp#8;&amp#16; @�&amp#0;&amp#1;&amp#2;&amp#4;&amp#8;&amp#16; @�&amp#0;&amp#1;&amp#2;&amp#4;&amp#8;&amp#16; @�&amp#0;&amp#1;&amp#2;&amp#4;&amp#8;&amp#16;XX��H�*^&amp#11;�L}&amp#2;&amp#4;&amp#8;&amp#16; @�&amp#0;&amp#1;&amp#2;&amp#4;&amp#8;&amp#16; @�&amp#0;&amp#1;&amp#2;&amp#4;&amp#8;&amp#16; @�&amp#0;&amp#1;&amp#2;&amp#4;&amp#8;&amp#16; ��&amp#5;��[�&amp#15;��'@�&amp#0;&amp#1;&amp#2;&amp#4;&amp#8;&amp#16; @�&amp#0;&amp#1;&amp#2;&amp#4;&amp#8;&amp#16; @�&amp#0;&amp#1;&amp#2;&amp#4;&amp#8;&amp#16; @�&amp#0;��&amp#22;��L~�&amp#27;i@�&amp#0;&amp#1;&amp#2;&amp#4;&amp#8;&amp#16; @�&amp#0;&amp#1;&amp#2;&amp#4;&amp#8;&amp#16; @�&amp#0;&amp#1;&amp#2;&amp#4;&amp#8;&amp#16; @�&amp#0;&amp#1;&amp#2;&amp#4;Z��p{����=&amp#1;&amp#2;&amp#4;&amp#8;&amp#16; @�&amp#0;&amp#1;&amp#2;&amp#4;&amp#8;&amp#16; @�&amp#0;&amp#1;&amp#2;&amp#4;&amp#8;&amp#16; @�&amp#0;&amp#1;&amp#2;&amp#4;&amp#8;�K����bӈ&amp#0;&amp#1;&amp#2;&amp#4;&amp#8;&amp#16; @�&amp#0;&amp#1;&amp#2;&amp#4;&amp#8;&amp#16; @�&amp#0;&amp#1;&amp#2;&amp#4;&amp#8;&amp#16; @�&amp#0;&amp#1;&amp#2;&amp#4;Z�@�����u#�{&amp#2;&amp#4;&amp#8;&amp#16; @�&amp#0;&amp#1;&amp#2;&amp#4;&amp#8;&amp#16; @�&amp#0;&amp#1;&amp#2;&amp#4;&amp#8;&amp#16; ��&amp#4;v�i��C�N�6���̄&amp#8;&amp#16; @�&amp#0;��&amp#2;�ڴi3?�	&amp#16; @�&amp#0;&amp#1;&amp#2;&amp#4;&amp#8;&amp#16; @�&amp#0;&amp#1;&amp#2;&amp#4;&amp#8;&amp#16; @�&amp#0;�Z&amp#4;�:��d�&amp#11;.�`���+Y���S�L�{�_���w�uW��Qg��7�\�aK������&amp#1;&amp#3;&amp#6;���۳�&amp#8;&amp#16; @�@K&amp#16;�P{��0&amp#15;s @�&amp#0;&amp#1;&amp#2;&amp#4;&amp#8;&amp#16; @�&amp#0;&amp#1;&amp#2;&amp#4;&amp#8;&amp#16; @�&amp#0;&amp#1;&amp#2;���ԩS�T{��Q0�8õ �i.�Xb��d>����&amp#25;�k��&amp#17;�Y�f��<餓*��G�&amp#30;=lذ��Zk�7.�z��7�~���^{�O�>&amp#3;&amp#7;&amp#14;&amp#28;2dH�&amp#26;����?��c���۷o&amp#31;&amp#21;��j�Ν;&amp#23;��ϩ���ӧǔ���>�l�u։g&amp#20;b�|&amp#15;�&amp#4;&amp#8;&amp#16; @ &amp#19;h�\��%&amp#8;&amp#16; @�&amp#0;&amp#1;&amp#2;&amp#4;&amp#8;&amp#16; @�&amp#0;&amp#1;&amp#2;&amp#4;&amp#8;&amp#16; @���+�����_�j&amp#11;���澲���'?���g���6�d�M�&amp#24;5jT,m�A&amp#31;|�������&amp#26;���J$�ӈI�T#g�}�-&amp#14;�?���?��O��w�u�&amp#31;��&amp#7;m۶M����	'��=[p�w�(���o�u�o�O����ɓ��&amp#31;����&amp#7;&amp#7;&amp#0;&amp#0;@&amp#0;IDAT�&amp#11;�Ulcp�e������&amp#7;&amp#2;��H&amp#19; @�&amp#0;�$�<���'@�&amp#0;&amp#1;&amp#2;&amp#4;&amp#8;&amp#16; @�&amp#0;&amp#1;&amp#2;&amp#4;&amp#8;&amp#16; @�&amp#0;&amp#1;&amp#2;��@��ל9s
np���%�#`&amp#28;&amp#11;�?���(-h�&amp#24;��z���ދE�&amp#17;Z��&amp#31;&amp#19;�	�$�N��ܢՋ/�8s�̂j��s�=��C&amp#15;��&amp#27;"s���qy�QG&amp#29;��Y����/N��,3�&amp#24;7n\���&amp#30;�&amp#17;����7�`��0��[nI�bV&amp#17;&amp#23;&amp#15;�c�9�{&amp#3;&amp#14;8���_?�s���ӵ�&amp#25;�#�&amp#30;�������[o�����8���?&amp#22;�&amp#7;Z�+i&amp#2;&amp#4;&amp#8;&amp#16; &amp#16;&amp#2;�p��&amp#4;&amp#2;&amp#4;&amp#8;&amp#16; @�&amp#0;&amp#1;&amp#2;&amp#4;&amp#8;&amp#16; @�&amp#0;&amp#1;&amp#2;&amp#4;&amp#8;&amp#16; А&amp#2;�&amp#2;{�m�-���&amp#25;3&֚G�K/��&amp#6;���o�馝v�i�=��h����&amp#31;��D�!���+B&amp#2;&amp#17;�>�裷�~�&amp#3;&amp#15;<���&amp#15;�y睿���G�?Պ�xL &&amp#25;��s�r���G��'��2c!}�)?���u�駞z���{,4���&amp#11;#��&amp#19;O���O9唸Ǭ�&amp#31;��ǿ���&amp#27;n�a���g��2>�ܱ�{l�߻w��>;J#
&amp#30;7&amp#18;�W^y��w�&amp#29;:t�A&amp#7;&amp#29;ԩS��]�&amp#30;{�뮻n�-?v�ج�|��>�M�v�m�Ŷ��&amp#28;�2�,&amp#19;[�o��v��@D�&amp#31;}��|W�&amp#4;&amp#8;&amp#16; @ &amp#4;���&amp#24;&amp#16; @�&amp#0;&amp#1;&amp#2;&amp#4;&amp#8;&amp#16; @�&amp#0;&amp#1;&amp#2;&amp#4;&amp#8;&amp#16; @�&amp#0;�&amp#6;&amp#22;8��S#&amp#0;|��wg1�X2&amp#30;���0�����&amp#31;��&amp#5;�i����?�)B��&amp#6;�m�#�&amp#28;��zL�_��&amp#17;#F�@1�&amp#8;c�p�>�l��S&amp#0;{��֋�d�u�Y�Z����q�&amp#29;q;qSQ&amp#20;�&amp#20;̎�&amp#7;�e��#�<&amp#18;���Oڀ=N[�m�w�m���&amp#7;g�c&amp#2;&amp#7;&amp#31;|p���,3�x衇�r�-��2#�&amp#30;���~�&amp#4;&amp#16;�&amp#17;V���n�1P��?v��Z�&amp#19;������&amp#16;~�&amp#14;&amp#29;��q&amp#30;|�c�{�#A�&amp#0;&amp#1;&amp#2;&amp#4;�@UU����0&amp#16; @�&amp#0;&amp#1;&amp#2;&amp#4;&amp#8;&amp#16; @�&amp#0;&amp#1;&amp#2;&amp#4;&amp#8;&amp#16; @�&amp#0;��&amp#22;x뭷
�&amp#8;�ر��k�&amp#29;&amp#29;�R�&amp#31;���qtzD�#�ݳg�X����/���?&amp#22;���"Z&amp#28;�&amp#8;6G�y���)s�ԩ�@�Bϩb��F�~��1�^�z��q&amp#11;����cb&amp#17;��۷od�&amp#2;�&amp#8;�ǖ��_�a�&amp#29;��g���&amp#4;�v�[n��*n!N4�5��F�ۏ��ӧ@u�j+��B�H���:��}�2_v�e�E묳N<���G&amp#31;E ?ޣh�5��WH�&amp#31;~�a>3K������r�$k���Gz���Y�&amp#4;&amp#1;&amp#2;&amp#4;&amp#8;&amp#16;�&amp#4;��3
	&amp#2;&amp#4;&amp#8;&amp#16; @�&amp#0;&amp#1;&amp#2;&amp#4;&amp#8;&amp#16; @�&amp#0;&amp#1;&amp#2;&amp#4;&amp#8;&amp#16; PW�k��_~�&amp#27;o�1��&�&amp#17;o�3�#�~�&amp#17;G\r�%�&amp#31;&amp#1;�؟<U���#q�!�d���\r�%Si#�&amp#23;&amp#4;�W]u՘s��c?�&amp#20;n��EH>�O���+7�l�xJ &amp#14;G�q�&amp#29;�v�)�B�xe�ŉأ>Nm��&amp#7;bw�(-&amp#23;P/n�����X�_&amp#16;k���|�ĉ&amp#19;#�B�]�t�ZEb�����	&amp#19;&�3S�.}��F�XF�o&amp#30;�)�S&amp#17;%��W�&@�&amp#0;��) ��:?wwM�&amp#0;&amp#1;&amp#2;&amp#4;&amp#8;&amp#16; @�&amp#0;&amp#1;&amp#2;&amp#4;&amp#8;&amp#16; @�&amp#0;&amp#1;&amp#2;_J ��+��R���ݻ�/����{.Vc�+��&amp#24;�W^9�&amp#16;+�#�6?�2�&&amp#17;��X���'�̘1#V�G�=&amp#18;��1�8��w��]Z}&amp#30;K�c�Yi]&amp#18;q��u�]&amp#23;���M����?�&�&amp#7;&amp#28;p@�M�K�&amp#19;��� �&amp#29;9�;w��O?�4�S�=��ez������g|�u�35,~�a饗�s��-N���G)&amp#2;&amp#4;&amp#8;&amp#16;h�&amp#2;����ah�?&amp#5;&amp#0;&amp#8;&amp#16; @�&amp#0;&amp#1;&amp#2;&amp#4;&amp#8;&amp#16; @�&amp#0;&amp#1;&amp#2;&amp#4;&amp#8;&amp#16; @`�&amp#5;v�e����&amp#4;�r��|�;�w&amp#28;���^{e�D�7Vo�eD����N���q&amp#0;��7�&amp#28;{�W&amp#30;k�=����cW������� �]�m*� }&amp#28;&amp#0;?r��ؑ>r��}�r�)q�{]����̙3&amp#11;*���C@�U<(о}��Z�PrC�����&amp#4;T�aJL�6-&amp#18;m۶-�wI�&amp#0;&amp#1;&amp#2;�\����&amp#7;��&amp#19; @�&amp#0;&amp#1;&amp#2;&amp#4;&amp#8;&amp#16; @�&amp#0;&amp#1;&amp#2;&amp#4;&amp#8;&amp#16; @�@#
d��X&amp#27;=y��l��X&amp#12;�F�_�7��&amp#11;v&amp#29;��o��ȋ��c&amp#7;���G���/���&amp#23;�����;３2�&amp#22;�]w݂
u��&amp#3;ڣf,����i������f�&amp#29;vȶӯ�I
{����j�&M��8�=�c��&amp#17;#F�T�O&amp#3;|���Y�|�Hץ�X�&amp#30;5S'���ƍ�AcW�|�4&amp#1;&amp#2;&amp#4;&amp#8;&amp#16;&amp#8;����&amp#28;w�&amp#17;����߻��=0��ܲ;m$�3�z=~������Կn	&amp#16; @�&amp#0;&amp#1;&amp#2;&amp#4;&amp#8;&amp#16; @�&amp#0;&amp#1;&amp#2;&amp#4;&amp#8;4�@�����&amp#31;��&�&amp#17;���ٳ��m�#?�l�D�&amp#24;�b�_~�����F�}�M7�&amp#31;&amp#27;�&amp#31;=�&amp#29;&amp#19;[k��"3��O���+,lz����s��{�WǶ�P��&amp#5;�q�|4O��&amp#20;&amp#26;�裏�&amp#29;�&amp#29;;6.{����ҵ��z����&�H{�Ǯ��Li&amp#2;&amp#4;&amp#8;&amp#16; �&amp#4;��&amp#23;����&amp#31;O���1�g��y&amp#15;E6����&amp#7;�h�uO��kS&amp#29;���&amp#27;&amp#19;������_&amp#27;��ɳ����CȬ��a&amp#23;>�v�5U()&amp#16;��ޜx���u�&amp#27;?���_��ֵO�&amp#23;9u�/�a&amp#29;3���Y���&amp#11;|c�c[�&amp#8;&amp#16; @�&amp#0;&amp#1;&amp#2;&amp#4;&amp#8;&amp#16; @�&amp#0;&amp#1;&amp#2;&amp#4;&amp#8;4�@l?&amp#30;۰�&amp#4;�&amp#4;�X�&amp#29;q�����{�ͦ����t�,��&amp#18;�F���#޼�&amp#26;kd������i�1�s�=��㏏ʱ%~�M=kX9��/�e�Y�&amp#8;��+ָ���Y~������t����:�>�h\���j�>hРx�g�&amp#21;�z꩸&amp#28;0`@>3K��gj���gM"�6կ�&amp#18;�|W�&amp#4;&amp#8;&amp#16; ��	̙3��bvK��vνd�%�o�f��_,&amp#29;���&M/yk&amp#3;��ъ�N�q�5{w.Y!�į4�n~�-W
��ud�&amp#20;�4}��&amp#31;&amp#28;u�wJ�w�����V�`�uJ��I�&amp#0;&amp#1;&amp#2;&amp#4;&amp#8;&amp#16; @�&amp#0;&amp#1;&amp#2;&amp#4;&amp#8;&amp#16; @��
\v�eo��v�h&amp#15;8��8����O����w��gǂ�y&amp#7;�7��͈�_}��Q'��'�XH&amp#29;;�/��R�n/��R����&amp#31;|��ť��u۱�}̘1}����ӧO���&amp#5;�B��&amp#30;�?��u���F���&amp#23;^���KO<��T���o�׿�u�!��d
��˴ >n*�{����?&amp#18;q�}]v�O����w�qǵ�^&amp#27;a�t:{<�&amp#16;��r�-Ӻ�!C�t��)&��.�����HA4���6�,u&amp#18;��?���U�Pk�Q-�F�&amp#8;�����$�H����#��;�>�&amp#19; @�&amp#0;�L ��&amp#22;n�4&amp#22;���&amp#25;��uۗ=:zq�W�������级ǜ��&amp#26;�|mՎ�&amp#11;�mX�{�&amp#8;���L�vU�4�~򭯾�ާ&amp#15;�0�[f&amp#5;�|�kc'��g�.�&amp#25;�#�OI9&amp#17;��8yF�T�&amp#0;&amp#1;&amp#2;&amp#4;&amp#8;&amp#16; @�&amp#0;&amp#1;&amp#2;&amp#4;&amp#8;&amp#16; @�@+&amp#17;8�s.��������&amp#17;P�'����EQ&amp#4;�#�&amp#30;��6�(B�7�|s&amp#4;�/�����f�m���>����&amp#29;w�&amp#6;&amp#27;l&amp#16;�˿��k&amp#17;N���^{�U�m\��&amp#31;������g�}:v�X\�rN�垶R?�#R�:��c|,v�&amp#14;��={v�����)�&amp#28;G˟z����-�ܲ�&����UW]���&amp#31;G&amp#16;�\�=�0x��&amp#7;b����>"�[l�Ed��⊕'�/���A��C&amp#15;�OL8d"�&amp#31;&amp#21;��&amp#2;�c��-�c����Ϛ5+<�Bd��|��&amp#3;
��m��e�}F��&amp#14;;,��?��&amp#15;c����&amp#15;&amp#27;6,&amp#30;����w&amp#5;�j^&amp#4;&amp#8;&amp#16; @ 	&amp#8;�/&amp#14;?	����A2&amp#15;�>!�W_�W�Eދ���<�ם��l"4g�W�N�&amp#30;q߷�O�c���&amp#19;�q��MϽ��)[vZ��+l�������ʸm�X�M���O�1��&amp#7;Gf&amp#26;uL��0e�o&amp#30;��zԏU��c�V��\�׼G&amp#22;��t��/��˳cN�a�:v�&amp#26;&amp#1;&amp#2;&amp#4;&amp#8;&amp#16; @�&amp#0;&amp#1;&amp#2;&amp#4;&amp#8;&amp#16; @�&amp#0;��C ��q#S�
�(�&amp#26;���&amp#17;t��&amp#31;��Gi&amp#29;y�s�QGE&amp#28;��W^�馛&amp#14;<��X&amp#15;��_���&amp#27;o�����X>��Ċ�r1�&>�;t�P0h�e���&amp#16;YQ��կ~&amp#21;���&amp#4;b����ׯ�E&amp#23;]4q�ğ��'�f�$J#��c��&amp#26;.��r&amp#17;q��qS&amp#17;t�ܹsl&amp#8;&amp#31;&amp#1;�W^9�S��a�+2g̘�}��C&amp#15;��}A��2��jV&amp#20;[&amp#2;D�;��&amp#17;���&amp#8;x��&amp#7;?H��:�\B,����+�1rb��&amp#19;N8!&amp#22;�g=�5����k�3B�\rIl��]wE?�V>�6��֧&amp#4;&amp#1;&amp#2;&amp#4;&amp#8;&amp#16;�&amp#4;��������&amp#23;7+�X�&amp#4;�<���F~��:��Y�&amp#17;&amp#28;=}��c�w3��&amp#11;��o��A}��t��&amp#6;�F�S����6�q\M���u�+&amp#31;&amp#29;�ח��dZ��t��ެ&amp#2;&amp#5;sk��8�~����i̹p�:Nfv��m���#oM�������oo��ҝ�ض&amp#1;�-u��G�[������&amp#27;�[]&amp#17; @�&amp#0;&amp#1;&amp#2;&amp#4;&amp#8;&amp#16; @�&amp#0;&amp#1;&amp#2;&amp#11;)оb��&amp#21;K&amp#23;(���&amp#2;�.&amp#8;&amp#16;�+&amp#16;{��a�&amp#17;�n׮�&amp#26;�Xz&amp#30;��#&amp#24;&amp#31;&amp#1;�/�&amp#22;c�k�e��@r����ȱ�{�5�LA�
��p�I'�T!�^�y*�cq?���&amp#8;�/���*�&amp#31;?>&����:q���ѣW_}��8H]���&�C���&amp#11;����&@��b)P� &amp#26;�&amp#27;㢥�.�Q�OŢ��&amp#21;���&amp#15;&E�=2�۰�2]����.yttěK�~�k�g͞��=�th��/�����~&amp#26;{ѯ�|�A}�Zu�&amp#18;߮��G�f&amp#12;��e�&amp#30;KN�Y�������g�L���r]&amp#6;-�u@��%&amp#7;�&9�z΃������];lЯāCQs���ߞ05&amp#18;CW�Y�*=��D�����&amp#21;~�@Ԍ���߰�:}�f��]t��>"�Yf$b��c#'�&amp#24;;��O��$�,�aŞK�&amp#26;�:��R&amp#27;��jͮ��^�hr��6+���]6�߽m�&amp#6;�c>�&amp#22;��>����Yq���>]�Z�K1T,&amp#16;&amp#31;>fRL��O�U���&amp#19;�4>��ݿ�&amp#27;*}�CV�&amp#17;+ΧΜ&amp#29;=<;��xΠ�Nk,�y��z&amp#22;&amp#12;&amp#20;��w�[���︔��8�W�%�˂��/|�b�1ʿ��iI��&��:
dMfΞ��'�4�ظ~�e;�߷��延o�ų�Y�|"~l���Y�&amp#24;whW&amp#21;?���]�O��&amp#31;��� M�&amp#0;&amp#1;&amp#2;&amp#4;&amp#8;&amp#16; @�&amp#0;&amp#1;&amp#2;&amp#4;&amp#8;&amp#16; @�%&amp#8;�)��<�&amp#8;'���ڕ�ԥ�.cU�'�0�&amp#4;�r�T&amp#26;K���׿�>�u�\�N�0���r&amp#21;"?�&amp#30;(Y&amp#26;&amp#27;Η�&amp#4;�.}�c_�Ɇ�S�I�&amp#0;&amp#1;&amp#2;��@��ۥMo&amp#22;��jm�&amp#18;��t�;X�g�p{,&amp#1;���n&amp#3;�-�����&amp#23;<&amp#21;�q���i����ق
�n���1����&amp#31;�1"���l�5�ߨO4O�ǳ�CV�q��&amp#27;��YQJĠߺ���Ҳ];���v&amp#5;��T�k_z�O"=�7;�;�&amp#30;�c&amp#26;���&amp#15;o{5�?���&amp#30;�Q�?��]&amp#20;,�n���\�bD��jY�x9u<���+�/����Ǡ޷&amp#31;�q�0�m��?^�݃����ذ_��&amp#28;����&amp#23;x�4>�#n&amp#24;&amp#30;&amp#21;^:u��&amp#22;&amp#23;4��v��$���&amp#7;&amp#30;��J�4�&amp#16;���&&amp#17;���OO&amp#23;��{����b����[���L�0&amp#21;��^�-W�<����1)&amp#29;�&amp#11;&amp#21;k_(�4DDͿq�s�HD6z$�с��&amp#27;�m�vi7�|Q�c��n��&amp#31;&amp#27;]����&amp#28;?�co����n��_��<c��xTy�u�-��K&amp#2;&amp#4;&amp#8;&amp#16; @�&amp#0;&amp#1;&amp#2;&amp#4;&amp#8;&amp#16; @�&amp#0;&amp#1;&amp#2;��@~;�����&amp#14;&amp#1;&amp#2;&amp#4;&amp#8;&amp#16;&amp#8;��&amp#3;f�&amp#22;]�Xo}�#5&amp#17;ǈ�.�u�&amp#29;�^&�"���&amp#23;�!��&amp#24;��&amp#20;k�&amp#16;x��#��J/y����"�&amp#25;�+�t&amp#28;ѽ�o&amp#30;�&amp#0;p�&amp#31;M�hn&amp#4;��>��8-��Iʉ&amp#5;�ߙ&amp#27;*��{�틫�1nr��&amp#31;���=:U�e��ua�	_�&amp#4;R��Ź�O��&amp#12;�&amp#20;k�&ۯ�L�
�����!����?{;v��b�&amp#17;��jFì��368�,�&amp#29;J_]}�4��%�uֿc����L�~��)�&amp#30;��(�@��}�K��ht�?�}�b�4�ȉt���&amp#30;��8ef�j�9|�~����z&amp#8;Ģ�A�&amp#28;�b�郈&amp#31;�&amp#24;%��oxΣ�y~�ؘa��>�b��&Q�n~����|�&amp#6;O�IQq����_&amp#31;�wկ�8�)��7�p��/�\�&amp#30;�"@�&amp#0;&amp#1;&amp#2;&amp#4;&amp#8;&amp#16; @�&amp#0;&amp#1;&amp#2;&amp#4;&amp#8;&amp#16; @�&amp#0;&amp#1;&amp#2;&amp#4;&amp#8;&amp#16;hv����qv��Y������'����Mk���
A�D۪��\�&amp#15;��c���ͻܢ�&amp#8;EG�2N��V��v�^����S��g�&amp#28;6���m�>��__�_[5�P�tꬃ�~!��1���y��o����O&amp#31;��
?���s�&amp#19;�FH;_&amp#20;�>�~ʉj&amp#5;E��&amp#12;��+u{��	&amp#17;��|���3�\'���&amp#20;����|m�e��/�~k���g잃�X�&amp#29;����WR?>pP�3mr&amp#30;&amp#1;�&amp#7;_����=�!~�7&amp#19;T<�p����/Y��@�G�����X&amp#19;X=���#�ܦ�&amp#18;eg�uUk"}�&amp#23;s�A����&amp#17;����/�G&amp#31;����G��Օ#�W__+޳5�þ�y�=G�7�~ܑ��w�;��;��@l&amp#6;�~��ؼ���\7&amp#23;�&amp#11;��W/~�|�Y�7���6������b�5�~&amp#12;�&amp#18;��&amp#30;y'&amp#30;&amp#17;�����&amp#24;>|�������?��ϵ�^��o}��aZ%ǽ��;&amp#31;}��(���}��&amp#7;&amp#14;&amp#28;�8��P2	&amp#16; @�&amp#0;&amp#1;&amp#2;&amp#4;&amp#8;&amp#16; @�&amp#0;&amp#1;&amp#2;&amp#4;&amp#8;&amp#16; @�&amp#0;&amp#1;&amp#2;-\ ��5�&amp#22;>Kӫ p��xd��c'�T-vAO���o&amp#6;^��e&amp#7;���ڣ�Z��<x�f��Y��&amp#17;&amp#7;�&amp#23;����O�a�l7�����c6N+�c&amp#7;�
&amp#11;��/�d&amp#28;�&amp#30;&amp#29;�q�q&amp#12;|��&amp#8;E���c&amp#21;��k~�L<_ga�q/��[�ˮ��
�lA�Ǹ;��+��GN&amp#28;`&amp#31;��z.�:��3�yV ^;r�#�藅�#�����-�y���L?�k���o9r�&amp#20;k�V&amp#17;�?f�&amp#21;/?hP��ل�&amp#31;&amp#24;Y�WC����:Y�=���&amp#1;.����)&amp#26;]�A�!��6���.]�C��w?��&amp#3;��X�&amp#31;�2d�q��E�&amp#15;���q��s�9�>&amp#30;����kgg&amp#31;ď�5��8��7�&amp#27;6HND��[oޓ%����UW]5s�̺�|뭷�X{4Yq�&amp#21;�<�H����I�&amp#0;&amp#1;&amp#2;&amp#4;&amp#8;&amp#16; @�&amp#0;&amp#1;&amp#2;&amp#4;&amp#8;&amp#16; @�&amp#0;&amp#1;&amp#2;&amp#4;&amp#8;&amp#16;hi&amp#2;U�½���|�(&amp#16;&amp#17;�X�&amp#29;��3t�,N�^ߥb��Ȍ�ϫ�|�&amp#17;c�g�>&amp#5;�D�9�/�8t��9_���?&amp#25;�&amp#8;�G&amp#0;>e>4w&&amp#5;&amp#21;�ˈ7��_��w"x�|�OR���!��@~֪~��wLK�C����J���&amp#21;O��e�L�
&amp#17;x�sP�&amp#21;Rf&amp#28;Ğ&amp#18;?�q��K忨~���&amp#30;��?���&amp#23;5&amp#22;2&amp#21;�&amp#29;8x��F}�uH&amp#1;���~^P�P�c?�&amp#23;n_y�NuoX&amp#15;�{G�C;i����"�x�ۇ�2O�e��ҁ�w&amp#29;�R��|��O
�&amp#26;�2�O:��&amp#3;�����&amp#27;o�q�&amp#21;W̘��C$%Ǌ���-�|��T���+&amp#31;u�Q&amp#29;;��Y-�D&&amp#1;&amp#2;&amp#4;&amp#8;&amp#16; @�&amp#0;&amp#1;&amp#2;&amp#4;&amp#8;&amp#16; @�&amp#0;&amp#1;&amp#2;&amp#4;&amp#8;&amp#16; @�@&amp#11;&amp#23;�e�mZ�&amp#20;M�����ׯG(7_��!5��&amp#8;6������,�^߮%c�;�=o��w?��U�&amp#18;%&amp#23;:o����oO,�$k&amp#27;��S���G&amp#23;8T�/�c�&amp#7;&amp#15;n����pٱ�&amp#29;�Uڹa�u��Ώ�a�Nz:B�%��g��c��U���d�(|u�&amp#18;k��&amp#12;�]֩���g�n�g\&amp#6;��&amp#18;;�g�Y"�ˏ�峜z$�vl�Z͘]]���&amp#16;�&amp#29;�S�ە��`�~K&amp#21;�&amp#30;������g=>��?m�~D�&amp#20;Eڠ����ω������&���F�&amp#28;��?�y��y&amp#15;(��?�����&amp#27;�}��T��j�ź�&amp#14;&amp#29;j&amp#30;��"@�&amp#0;&amp#1;&amp#2;&amp#4;&amp#8;&amp#16; @�&amp#0;&amp#1;&amp#2;&amp#4;&amp#8;&amp#16; @�&amp#0;&amp#1;&amp#2;&amp#4;&amp#8;&amp#16;Xt&amp#5;�&amp#5;�&amp#22;�&amp#27;h�3����C��s�œ���NK�+&amp#30;&amp#31;�m���=��)=&amp#15;���>��y=d�+t��u�`s���-�}{¼ h�$�����&amp#15;])ve�?��'��]�&amp#28;�ܫ�|/��&amp#1;�k��eү~8oaw��|��b%��O�l�K����^&amp#29;&amp#23;⁀�o��7�l�y��G�w&λ�~=jY��Nm����O�&amp#17;����R|��Sc���uꞹbn��|�������J����=�=PǶ�&amp#16;&amp#24;5��&ĺt(q�}zD�`�7���D�v�S&amp#5;E��X�ߵW�&amp#15;"_�~�xJi�}��S�&amp#31;����w޹��"���%�f͞=�/���/���Zs�5&amp#15;=�Ѕ=�~�Ԋ&amp#0;&amp#1;&amp#2;&amp#4;&amp#8;&amp#16; @�&amp#0;&amp#1;&amp#2;&amp#4;&amp#8;&amp#16; @�&amp#0;&amp#1;&amp#2;&amp#4;&amp#8;&amp#16; @��&amp#4;b{�Xv�x&amp#3;��&amp#4;���G��7���7&����g&amp#20;�����^b��%�,�����k��5�6�/nRp�i���L!�H�7b|Z�|���
*��W>�&amp#20;��^��VK�|�՗~��m��m�&amp#20;��&amp#31;�1����]���l&amp#27;���&amp#3;fg���۸�5�\�D�85Yj���X�]��|~�&amp#30;zv�♀|�&amp#6;I��&amp#31;��&amp#22;�ץ�z&amp#8;�&ݖ,&amp#29;&amp#23;�-&amp#1;���l&amp#2;qv{JǧV�O�͚4Rb�=�&amp#28;:th���w߽��K'O�\0֬Y����,�>`�&amp#0;��&amp#2;"�&amp#4;&amp#8;&amp#16; @�&amp#0;&amp#1;&amp#2;&amp#4;&amp#8;&amp#16; @�&amp#0;&amp#1;&amp#2;&amp#4;&amp#8;&amp#16; @�&amp#0;�ET �h����&amp#23;�ٷ�i_���&amp#19;Ǐ(&amp#21;��&amp#5;�w�=J��������&amp#11;����&amp#5;�&amp#31;Ώ��Z���r��?�6/rܯ̊�����|�u��땏.~�������f;���rY�/�xi�g�i�8��.�$����';���&amp#29;V���c��Gު�~����������e�H/?�~��|�&amp#25;���&>b���&amp#24;K��3�^]괋x�#��ɗ��=����g؛&amp#19;?�:�\8�`�z&amp#8;Ğ&amp#1;Ͽ�i&amp#28;|P�U��������&amp#31;�h&amp#18;&amp#21;>��v%�Kv�H���[�S��&amp#7;������K.9�c�t钆�X�5�\��k���u�]��&amp#3;&amp#15;l۶�&amp#3;&amp#25;�4I�&amp#18; @�&amp#0;&amp#1;&amp#2;&amp#4;&amp#8;&amp#16; @�&amp#0;&amp#1;&amp#2;&amp#4;&amp#8;&amp#16; @�&amp#0;&amp#1;&amp#2;&amp#4;&amp#8;4��X{#�6n�q�z��c���_~Р�?;r��,8b��Sy�h��Tg��yksKnT&amp#30;a�⮲=��/]b&amp#27;���n�Rʹ���O�&amp#29;����[���u�xA?�.gW�9�/�����yG����Ϗ}��h�a���&amp#31;�N�?���g̎tv_#+�&amp#31;5W�������>���q�x�[�0�^�4�rOE�g�H�xZ`�&amp#1;���v��ߣ�8J=&amp#4;V���~��&amp#17;bC�⡳3&amp#2;��&amp#24;&amp#23;7iԜ�v�i��OC�&amp#29;;��/��Ӛ�&amp#1;fΜy�Wf����_���&amp#14;&amp#18;ko��B�&amp#4;&amp#8;&amp#16; @�&amp#0;&amp#1;&amp#2;&amp#4;&amp#8;&amp#16; @�&amp#0;&amp#1;&amp#2;&amp#4;&amp#8;&amp#16; @�&amp#0;��&amp#20;��L�)�3VC	\����U�m�;-����V�:qV��oR0n,&amp#14;��}Af\�&�)3�K<_�W?�_�t6�,nZ\'��i@��m�_�&amp#29;&amp#19;����6k���c��s�&amp#31;��;57;`�.'m�r6n�&amp#19;����ۮ��'�&amp#30;�ڧ&amp#7;&amp#23;�y�&amp#20;�/���k-���fާ��&amp#25;��oy���&amp#25;�R�l�{��q��˻&amp#31;xmB��/�n�6���)3���ٻ��j�q��q�|]Z�C`�����>�&amp#6;������&amp#11;r�r�ޝS�UO��ࡸN&amp#19;�D�}�wN��&amp#27;7.ָG����/��7S��&amp#27;o|�&amp#1;&amp#7;�J��?&amp#23;�&amp#17; @�&amp#0;&amp#1;&amp#2;&amp#4;&amp#8;&amp#16; @�&amp#0;&amp#1;&amp#2;&amp#4;&amp#8;&amp#16; @�&amp#0;&amp#1;&amp#2;&amp#4;&amp#26;U@��Qy&amp#27;��X�}��5�k,�y�{�&amp#27;��s��Qz�&amp#19;%���=0����/|0|Lͩ�&amp#17;r�[��|��澑�fV�[�9n�o��&amp#19;&amp#1;�]ש}5y,"?~h�&amp#2;��{����]�&amp#30;��o�Z�|��K���g[���S�&amp#28;��_q�zK���Q��&amp#11;ʣy��=&amp#11;Q��]M&amp#0;>�y�s��i�I��&amp#4;)0��of狧������~#�O���&amp#0;��&amp#26;�������W�^�h��	�u���}�z�{_&amp#29;W�V&amp#27;��v�5Ol�k�����&amp#4;��{=&amp#4;�1�&amp#28;�s�}�`��&amp#25;��Ͼg&amp#30;Z~Ľ��&amp#30;�8�o��/����E&amp#19;���f��w�=:a��?Ԩy�&amp#2;l����_&amp#28;���S2&amp#28;&amp#1;&amp#2;&amp#4;&amp#8;&amp#16; @�&amp#0;&amp#1;&amp#2;&amp#4;&amp#8;&amp#16; @�&amp#0;&amp#1;&amp#2;&amp#4;&amp#8;&amp#16; @�@�
�b�ZB��:���'��k��b�c�\�B&amp#8;/¥�'���c��&amp#19;ֳ&amp#17;���&amp#15;���8�|ʌٱv��&amp#15;����Si:�<��%bM���&amp#31;�üc���s��&amp#27;��h*�ٮ�w�P�&amp#19;�&amp#15;��&amp#16;�m/լf>jȊm�&amp#22;.&amp#12;��'5&amp#27;�ǟ8��W��y�÷<����c#筄�x�����M�\�&amp#27;^��W?��kc'O�Y�o|�T\�p�+���&amp#0;V��)���v+��������k^|��	����	S"t��[�{��o�j&amp#17;k�þ&amp#3;"&amp#29;a��z8ֲG���&amp#5;��\�|������`�T?�W��9&amp#6;�D���;_� }�V��ĩ�>�^f�U�2�5{�;M<��m|��?�:����`��v[#�x��.&amp#23;=�����i��&amp#15;�>!~&amp#18;�?��&amp#8;���{,�&amp#12;H�!�|���۶����?�&amp#28;&amp#31;ǣoM�S&amp#6;b	~ o~������Y�Oڅ���2�s��&amp#24;�z������)���8��&amp#27;������VA�&��j����s�&amp#20;V�G�҈C�&amp#12;��7��&amp#4;�&amp#27;�&amp#0;&amp#1;&amp#2;&amp#4;&amp#8;&amp#16; @�&amp#0;&amp#1;&amp#2;&amp#4;&amp#8;&amp#16; @�&amp#0;&amp#1;&amp#2;&amp#4;&amp#8;&amp#16; @��&amp#5;"$�.��첉ݿ�p�?>o���&amp#27;���U���k�Y�{����;��+&amp#2;��==&�&amp#20;�p�&amp#30;k�n�&amp#5;�q&amp#25;+�;���8�ֿ��t��&amp#28;�e͚���V�����N&amp#7;�G�&amp#3;7�"�\��Q'B�_��ْ��۰�o�&amp#30;�&amp#2;�%+�3#&amp#30;&amp#26;&amp#17;�,H�/��&amp#21;&amp#7;ʞ&amp#3;�(�M�o���/|4izl&amp#20;_�W|�&amp#22;��m�/�����f��>�?W�g<�pݡ�矐�Ю��&amp#6;�uY��D <���d��"��ϩw:>��`?N&amp#22;&amp#8;��/x*�&amp#19;A�����g�&amp#30;K����'���s&amp#18;{&amp#18;ğ�����<��^&amp#11;+&amp#16;�N�q�g�����&�ܶ��&amp#2;?]1�ϧ�*���Y���w]���^���}��7����{����&amp#25;M��[l�E�v�n��&amp#20;n�z�w�u�&&amp#26;�0&amp#4;&amp#8;&amp#16; @�&amp#0;&amp#1;&amp#2;&amp#4;&amp#8;&amp#16; @�&amp#0;&amp#1;&amp#2;&amp#4;&amp#8;&amp#16; @�&amp#0;&amp#1;&amp#2;M.P%����_j���Ʈ���^�-�������&amp#24;��TtÂ��o�r�&amp#23;O�*b�����v��6���W�gf�^]�x��!G&amp#15;Y1헞�#��۽׾�����f$b�����N8r�y��o�j�Xޝo���X{��՗�`��{&amp#15;x��[�L��ڋ������f���I�&amp#31;<�o�� N���iC&amp#11;�G�=&amp#6;��v�yG�G�&amp#8;���
w&amp#30;��U&amp#22;��?fu�Ϋ?�-��w�A��u�&&amp#17;&amp#11;��{
̟�ۚ�D~�R&amp#27;�k[zW��Y@Ai��ߏ&amp#29;����ƪu���&amp#22;G�_{��;r���b��&amp#15;���a=&amp#4;���&amp#3;'l��&amp#29;WK+���b���?��\��&amp#11;
�(?�y���w�m�X:����C����&amp#7;.��4qb�M6���c���N����G�&amp#0;&amp#1;&amp#2;&amp#4;&amp#8;&amp#16; @�&amp#0;&amp#1;&amp#2;&amp#4;&amp#8;&amp#16; @�&amp#0;&amp#1;&amp#2;&amp#4;&amp#8;&amp#16;hJ�&amp#8;���6=nʁ��,&amp#2;�������*&amp#17;&�D&amp#28;&amp#3;�Ƹ�q����t*&amp#8;�g3��§�&amp#27;1>�/�:4e�V��λ�ҝzvj�U�{"Nm?��&amp#23;�~�q��I-&amp#11;���m�j��k&amp#31;M�d��X�&amp#31;q�>�:�&amp#26;�&amp#30;;i�{&amp#31;O[��&amp#18;��� &amp#19;&�&amp#24;=qZ��&amp#3;j���*�LE�N�&amp#21;���o�&B��>�Z;��B�����Sg̪�]����Ǿ�&�
�Ǩ�S�ά�d���-ۥC~�~�f�&amp#23;V �Ğ��
=:��ڡ��r��S&amp#29;�&amp#11;��lzl&amp#21;ЫK�^]�H�V���4�cǎ�ݻwӌe&amp#20;&amp#2;&amp#4;&amp#8;&amp#16; @�&amp#0;&amp#1;&amp#2;&amp#4;&amp#8;&amp#16; �$&amp#2;�&amp#11;4��s�2eJ�+�I�&amp#0;&amp#1;&amp#2;&amp#4;&amp#8;&amp#16; ��&amp#2;�:�;py!�n�o�&amp#11;9n3W�=
��&amp#19;4|c
�~�k�?ջ�������uo~�c�S�=�k�xd&amp#8;&amp#20;�,��F"&amp#18;\�`p&amp#4;��O��e&amp#21;�-�n�&amp#21;�e����'$���D�O�&amp#29;&amp#31;�w�:�ma&amp#5;��X(�_+_��"�&amp#31;'&amp#20;ğ�Tn�:b�MFm &amp#2;&amp#4;&amp#8;&amp#16; @�&amp#0;&amp#1;&amp#2;&amp#4;&amp#8;&amp#16; @�&amp#0;&amp#1;&amp#2;&amp#4;&amp#8;&amp#16; @�@3
���&amp#25;'d��[�Η����	q�'|��F����;&amp#2;&amp#4;&amp#8;&amp#16; @�&amp#0;&amp#1;&amp#2;&amp#4;&amp#8;&amp#16; @�&amp#0;&amp#1;&amp#2;&amp#4;&amp#8;&amp#16; @�&amp#0;&amp#1;&amp#2;&amp#4;&amp#22;&amp#27;��H^�}��4&amp#23;�&amp#27;y��i&amp#7;_�b�hlh�&amp#8;��&amp#20;	&amp#16; @�&amp#0;&amp#1;&amp#2;&amp#4;&amp#8;&amp#16; @�&amp#0;&amp#1;&amp#2;&amp#4;&amp#8;&amp#16; @�&amp#0;&amp#1;&amp#2;&amp#4;&amp#8;&amp#16; PJ ��6�/&amp#5;#�A&amp#5;~tǈ8���w?�땏R�g��J=[���z�:#@�&amp#0;&amp#1;&amp#2;&amp#4;&amp#8;&amp#16; @�&amp#0;&amp#1;&amp#2;&amp#4;&amp#8;&amp#16; @�&amp#0;&amp#1;&amp#2;&amp#4;&amp#8;&amp#16; @`1&amp#23;���&amp#18;n_�?�p{&amp#23;{g��Y�L�ؼ��;��]J&amp#16; @�&amp#0;&amp#1;&amp#2;&amp#4;&amp#8;&amp#16; @�&amp#0;&amp#1;&amp#2;&amp#4;&amp#8;&amp#16; @�&amp#0;&amp#1;&amp#2;&amp#4;&amp#8;&amp#16; @`Q&amp#20;&amp#16;n_&amp#20;?���y����U=g��]��ŐUzvl�v�^��ޤ������&O�>{�^�w&amp#29;��Uz&amp#20;TpI�&amp#0;&amp#1;&amp#2;&amp#4;&amp#8;&amp#16; @�&amp#0;&amp#1;&amp#2;&amp#4;&amp#8;&amp#16; @�&amp#0;&amp#1;&amp#2;&amp#4;&amp#8;&amp#16; @�&amp#0;�EN�Ml(��Mڄ	&amp#16; @�&amp#0;&amp#1;&amp#2;&amp#4;&amp#8;&amp#16; @�&amp#0;&amp#1;&amp#2;&amp#4;&amp#8;&amp#16;hB��&amp#21;ǚY�t��)S�,p�&amp#0;&amp#1;&amp#2;&amp#4;&amp#8;&amp#16; @��	t�T�U�����yT�NuuuU�re&amp#4;&amp#8;&amp#16; @�&amp#0;&amp#1;&amp#2;&amp#4;&amp#8;&amp#16; @�&amp#0;&amp#1;&amp#2;&amp#4;&amp#8;&amp#16; @�&amp#0;&amp#1;&amp#2;&amp#4;&amp#8;&amp#16; @�@�@��.�^�"�&amp#0;&amp#1;&amp#2;&amp#4;&amp#8;&amp#16; @�&amp#0;&amp#1;&amp#2;&amp#4;&amp#8;&amp#16; @�&amp#0;&amp#1;&amp#2;&amp#4;&amp#8;&amp#16; @�&amp#0;&amp#1;&amp#2;&amp#4;&amp#8;�& �^��r&amp#2;&amp#4;&amp#8;&amp#16; @�&amp#0;&amp#1;&amp#2;&amp#4;&amp#8;&amp#16; @�&amp#0;&amp#1;&amp#2;&amp#4;&amp#8;&amp#16; @�&amp#0;&amp#1;&amp#2;&amp#4;&amp#8;&amp#16; P$ �^D"�&amp#0;&amp#1;&amp#2;&amp#4;&amp#8;&amp#16; @�&amp#0;&amp#1;&amp#2;&amp#4;&amp#8;&amp#16; @�&amp#0;&amp#1;&amp#2;&amp#4;&amp#8;&amp#16; @�&amp#0;&amp#1;&amp#2;&amp#4;&amp#8;T&amp#20;�3g�p{E!�&amp#4;&amp#8;&amp#16; @�&amp#0;&amp#1;&amp#2;&amp#4;&amp#8;&amp#16; @�&amp#0;&amp#1;&amp#2;&amp#4;&amp#8;&amp#16; @�&amp#0;&amp#1;&amp#2;&amp#4;&amp#8;&amp#16; @�H�M�6��E*2&amp#8;&amp#16; @�&amp#0;&amp#1;&amp#2;&amp#4;&amp#8;&amp#16; @�&amp#0;&amp#1;&amp#2;&amp#4;&amp#8;&amp#16; @�&amp#0;&amp#1;&amp#2;&amp#4;&amp#8;&amp#16; @�@m&amp#2;��	)'@�&amp#0;&amp#1;&amp#2;&amp#4;&amp#8;&amp#16; @�&amp#0;&amp#1;&amp#2;&amp#4;&amp#8;&amp#16; @�&amp#0;&amp#1;&amp#2;&amp#4;&amp#8;&amp#16; @�&amp#0;&amp#1;&amp#2;&amp#11;
TWWWņ�&amp#11;f�"@�&amp#0;&amp#1;&amp#2;&amp#4;&amp#8;&amp#16; @�&amp#0;&amp#1;&amp#2;&amp#4;&amp#8;&amp#16; @�&amp#0;&amp#1;&amp#2;&amp#4;&amp#8;&amp#16; @�&amp#0;&amp#1;&amp#2;&amp#4;*	T�K����2&amp#2;&amp#4;&amp#8;&amp#16; @�&amp#0;&amp#1;&amp#2;&amp#4;&amp#8;&amp#16; @�&amp#0;&amp#1;&amp#2;&amp#4;&amp#8;&amp#16; @�&amp#0;&amp#1;&amp#2;&amp#4;&amp#8;&amp#16; P$&amp#16;����{Q�&amp#12;&amp#2;&amp#4;&amp#8;&amp#16; @�&amp#0;&amp#1;&amp#2;&amp#4;&amp#8;&amp#16; @�&amp#0;&amp#1;&amp#2;&amp#4;&amp#8;&amp#16; @�&amp#0;&amp#1;&amp#2;&amp#4;&amp#8;&amp#16; @���X{%&amp#29;e&amp#4;&amp#8;&amp#16; @�&amp#0;&amp#1;&amp#2;&amp#4;&amp#8;&amp#16; @�&amp#0;&amp#1;&amp#2;&amp#4;&amp#8;&amp#16; @�&amp#0;&amp#1;&amp#2;&amp#4;&amp#8;&amp#16; @�X�fu{��^\ �&amp#0;&amp#1;&amp#2;&amp#4;&amp#8;&amp#16; @�&amp#0;&amp#1;&amp#2;&amp#4;&amp#8;&amp#16; @�&amp#0;&amp#1;&amp#2;&amp#4;&amp#8;&amp#16; @�&amp#0;&amp#1;&amp#2;&amp#4;&amp#8;&amp#16;('P��|��&amp#21;�'@�&amp#0;&amp#1;&amp#2;&amp#4;&amp#8;&amp#16; @�&amp#0;&amp#1;&amp#2;&amp#4;&amp#8;&amp#16; @�&amp#0;&amp#1;&amp#2;&amp#4;&amp#8;&amp#16; @�&amp#0;&amp#1;&amp#2;&amp#4;J
T�
��&amp#5;2	&amp#16; @�&amp#0;&amp#1;&amp#2;&amp#4;&amp#8;&amp#16; @�&amp#0;&amp#1;&amp#2;&amp#4;&amp#8;&amp#16; @�&amp#0;&amp#1;&amp#2;&amp#4;&amp#8;&amp#16; @�&amp#0;�r&amp#2;Umڴ)W&�&amp#0;&amp#1;&amp#2;&amp#4;&amp#8;&amp#16; @�&amp#0;&amp#1;&amp#2;&amp#4;&amp#8;&amp#16; @�&amp#0;&amp#1;&amp#2;&amp#4;&amp#8;&amp#16; @�&amp#0;&amp#1;&amp#2;&amp#4;&amp#8;&amp#16;()`'��,2	&amp#16; @�&amp#0;&amp#1;&amp#2;&amp#4;&amp#8;&amp#16; @�&amp#0;&amp#1;&amp#2;&amp#4;&amp#8;&amp#16; @�&amp#0;&amp#1;&amp#2;&amp#4;&amp#8;&amp#16; @�@Y��H�����l�&amp#2;&amp#2;&amp#4;&amp#8;&amp#16; @�&amp#0;&amp#1;&amp#2;&amp#4;&amp#8;&amp#16; @�&amp#0;&amp#1;&amp#2;&amp#4;&amp#8;&amp#16; @�&amp#0;&amp#1;&amp#2;&amp#4;&amp#8;&amp#16; @�H 6���WQ�&amp#12;&amp#2;&amp#4;&amp#8;&amp#16; @�&amp#0;&amp#1;&amp#2;&amp#4;&amp#8;&amp#16; @�&amp#0;&amp#1;&amp#2;&amp#4;&amp#8;&amp#16; @�&amp#0;&amp#1;&amp#2;&amp#4;&amp#8;&amp#16; @���X{%&amp#29;e&amp#4;&amp#8;&amp#16; @�&amp#0;&amp#1;&amp#2;&amp#4;&amp#8;&amp#16; @�&amp#0;&amp#1;&amp#2;&amp#4;&amp#8;&amp#16; @�&amp#0;&amp#1;&amp#2;&amp#4;&amp#8;&amp#16; @�X�f3��\9&amp#4;&amp#8;&amp#16; @�&amp#0;&amp#1;&amp#2;&amp#4;&amp#8;&amp#16; @�&amp#0;&amp#1;&amp#2;&amp#4;&amp#8;&amp#16; @�&amp#0;&amp#1;&amp#2;&amp#4;&amp#8;&amp#16; @�@&amp#5;&amp#1;��
8�&amp#8;&amp#16; @�&amp#0;&amp#1;&amp#2;&amp#4;&amp#8;&amp#16; @�&amp#0;&amp#1;&amp#2;&amp#4;&amp#8;&amp#16; @�&amp#0;&amp#1;&amp#2;&amp#4;&amp#8;&amp#16; @�@i&amp#1;&amp#7;��v�K�&amp#0;&amp#1;&amp#2;&amp#4;&amp#8;&amp#16; @�&amp#0;&amp#1;&amp#2;&amp#4;&amp#8;&amp#16; @�&amp#0;&amp#1;&amp#2;&amp#4;&amp#8;&amp#16; @�&amp#0;&amp#1;&amp#2;&amp#4;*&amp#8;Ԭn��*�PD�&amp#0;&amp#1;&amp#2;&amp#4;&amp#8;&amp#16; @�&amp#0;&amp#1;&amp#2;&amp#4;&amp#8;&amp#16; @�&amp#0;&amp#1;&amp#2;&amp#4;&amp#8;&amp#16; @�&amp#0;&amp#1;&amp#2;&amp#4;&amp#8;&amp#20;&amp#11;T�iӦ8W&amp#14;&amp#1;&amp#2;&amp#4;&amp#8;&amp#16; @�&amp#0;&amp#1;&amp#2;&amp#4;&amp#8;&amp#16; @�&amp#0;&amp#1;&amp#2;&amp#4;&amp#8;&amp#16; @�&amp#0;&amp#1;&amp#2;&amp#4;&amp#8;&amp#16; PN B�U���&amp#19; @�&amp#0;&amp#1;&amp#2;&amp#4;&amp#8;&amp#16; @�&amp#0;&amp#1;&amp#2;&amp#4;&amp#8;&amp#16; @�&amp#0;&amp#1;&amp#2;&amp#4;&amp#8;&amp#16; @�&amp#0;&amp#1;&amp#2;�&amp#4;�����'@�&amp#0;&amp#1;&amp#2;&amp#4;&amp#8;&amp#16; @�&amp#0;&amp#1;&amp#2;&amp#4;&amp#8;&amp#16; @�&amp#0;&amp#1;&amp#2;&amp#4;&amp#8;&amp#16; @�&amp#0;&amp#1;&amp#2;e&amp#5;����( @�&amp#0;&amp#1;&amp#2;&amp#4;&amp#8;&amp#16; @�&amp#0;&amp#1;&amp#2;&amp#4;&amp#8;&amp#16; @�&amp#0;&amp#1;&amp#2;&amp#4;&amp#8;&amp#16; @�&amp#0;&amp#1;&amp#2;%&amp#5;�̙#�^RF&&amp#1;&amp#2;&amp#4;&amp#8;&amp#16; @�&amp#0;&amp#1;&amp#2;&amp#4;&amp#8;&amp#16; @�&amp#0;&amp#1;&amp#2;&amp#4;&amp#8;&amp#16; @�&amp#0;&amp#1;&amp#2;&amp#4;&amp#8;&amp#16;(+ �^�F&amp#1;&amp#1;&amp#2;&amp#4;&amp#8;&amp#16; @�&amp#0;&amp#1;&amp#2;&amp#4;&amp#8;&amp#16; @�&amp#0;&amp#1;&amp#2;&amp#4;&amp#8;&amp#16; @�&amp#0;&amp#1;&amp#2;&amp#4;&amp#8;&amp#16;('P&amp#21;�re�	&amp#16; @�&amp#0;&amp#1;&amp#2;&amp#4;&amp#8;&amp#16; @�&amp#0;&amp#1;&amp#2;&amp#4;&amp#8;&amp#16; @�&amp#0;&amp#1;&amp#2;&amp#4;&amp#8;&amp#16; @�&amp#0;�r&amp#2;���d�&amp#19; @�&amp#0;&amp#1;&amp#2;&amp#4;&amp#8;&amp#16; @�&amp#0;&amp#1;&amp#2;&amp#4;&amp#8;&amp#16; @�&amp#0;&amp#1;&amp#2;&amp#4;&amp#8;&amp#16; @�&amp#0;��&amp#2;��ei&amp#20;&amp#16; @�&amp#0;&amp#1;&amp#2;&amp#4;&amp#8;&amp#16; @�&amp#0;&amp#1;&amp#2;&amp#4;&amp#8;&amp#16; @�&amp#0;&amp#1;&amp#2;&amp#4;&amp#8;&amp#16; @�&amp#0;��&amp#2;�����%ed&amp#18; @�&amp#0;&amp#1;&amp#2;&amp#4;&amp#8;&amp#16; @�&amp#0;&amp#1;&amp#2;&amp#4;&amp#8;&amp#16; @�&amp#0;&amp#1;&amp#2;&amp#4;&amp#8;&amp#16; @�&amp#0;��&amp#2;�n/K��&amp#0;&amp#1;&amp#2;&amp#4;&amp#8;&amp#16; @�&amp#0;&amp#1;&amp#2;&amp#4;&amp#8;&amp#16; @�&amp#0;&amp#1;&amp#2;&amp#4;&amp#8;&amp#16; @�&amp#0;&amp#1;&amp#2;&amp#4;&amp#8;T&amp#16;���&amp#2;�"&amp#2;&amp#4;&amp#8;&amp#16; @�&amp#0;&amp#1;&amp#2;&amp#4;&amp#8;&amp#16; @�&amp#0;&amp#1;&amp#2;&amp#4;&amp#8;&amp#16; @�&amp#0;&amp#1;&amp#2;&amp#4;&amp#8;&amp#16; PZ@����\&amp#2;&amp#4;&amp#8;&amp#16; @�&amp#0;&amp#1;&amp#2;&amp#4;&amp#8;&amp#16; @�&amp#0;&amp#1;&amp#2;&amp#4;&amp#8;&amp#16; @�&amp#0;&amp#1;&amp#2;&amp#4;&amp#8;&amp#16; PN`Μ9���p�&amp#19; @�&amp#0;&amp#1;&amp#2;&amp#4;&amp#8;&amp#16; @�&amp#0;&amp#1;&amp#2;&amp#4;&amp#8;&amp#16; @�&amp#0;&amp#1;&amp#2;&amp#4;&amp#8;&amp#16; @�&amp#0;��&amp#2;mڴ&amp#17;n/M#�&amp#0;&amp#1;&amp#2;&amp#4;&amp#8;&amp#16; @�&amp#0;&amp#1;&amp#2;&amp#4;&amp#8;&amp#16; @�&amp#0;&amp#1;&amp#2;&amp#4;&amp#8;&amp#16; @�&amp#0;&amp#1;&amp#2;&amp#4;&amp#8;T&amp#16;&amp#16;n����&amp#0;&amp#1;&amp#2;&amp#4;&amp#8;&amp#16; @�&amp#0;&amp#1;&amp#2;&amp#4;&amp#8;&amp#16; @�&amp#0;&amp#1;&amp#2;&amp#4;&amp#8;&amp#16; @�&amp#0;&amp#1;&amp#2;&amp#4;&amp#8;�&amp#16;������K��"@�&amp#0;&amp#1;&amp#2;&amp#4;&amp#8;&amp#16; @�&amp#0;&amp#1;&amp#2;&amp#4;&amp#8;&amp#16; @�&amp#0;&amp#1;&amp#2;&amp#4;&amp#8;&amp#16; @�&amp#0;&amp#1;&amp#2;&amp#4;�&amp#8;T�K��&amp#12;�l&amp#2;&amp#4;&amp#8;&amp#16; @�&amp#0;&amp#1;&amp#2;&amp#4;&amp#8;&amp#16; @�&amp#0;&amp#1;&amp#2;&amp#4;&amp#8;&amp#16; @�&amp#0;&amp#1;&amp#2;&amp#4;&amp#8;&amp#16; PZ B�5&amp#17;�҅r	&amp#16; @�&amp#0;&amp#1;&amp#2;&amp#4;&amp#8;&amp#16; @�&amp#0;&amp#1;&amp#2;&amp#4;&amp#8;&amp#16; @�&amp#0;&amp#1;&amp#2;&amp#4;&amp#8;&amp#16; @�&amp#0;�2&amp#2;b�e`d&amp#19; @�&amp#0;&amp#1;&amp#2;&amp#4;&amp#8;&amp#16; @�&amp#0;&amp#1;&amp#2;&amp#4;&amp#8;&amp#16; @�&amp#0;&amp#1;&amp#2;&amp#4;&amp#8;&amp#16; @�&amp#0;�2&amp#2;5�����2��	&amp#16; @�&amp#0;&amp#1;&amp#2;&amp#4;&amp#8;&amp#16; @�&amp#0;&amp#1;&amp#2;&amp#4;&amp#8;&amp#16; @�&amp#0;&amp#1;&amp#2;&amp#4;&amp#8;&amp#16; @�&amp#0;�&amp#18;&amp#2;5;�ǫD�,&amp#2;&amp#4;&amp#8;&amp#16; @�&amp#0;&amp#1;&amp#2;&amp#4;&amp#8;&amp#16; @�&amp#0;&amp#1;&amp#2;&amp#4;&amp#8;&amp#16; @�&amp#0;&amp#1;&amp#2;&amp#4;&amp#8;&amp#16; @��@U�p/_��&amp#0;&amp#1;&amp#2;&amp#4;&amp#8;&amp#16; @�&amp#0;&amp#1;&amp#2;&amp#4;&amp#8;&amp#16; @�&amp#0;&amp#1;&amp#2;&amp#4;&amp#8;&amp#16; @�&amp#0;&amp#1;&amp#2;&amp#4;&amp#8;&amp#16;(!PզM�&amp#18;ٲ&amp#8;&amp#16; @�&amp#0;&amp#1;&amp#2;&amp#4;&amp#8;&amp#16; @�&amp#0;&amp#1;&amp#2;&amp#4;&amp#8;&amp#16; @�&amp#0;&amp#1;&amp#2;&amp#4;&amp#8;&amp#16; @�&amp#0;��&amp#2;v�/o��&amp#0;&amp#1;&amp#2;&amp#4;&amp#8;&amp#16; @�&amp#0;&amp#1;&amp#2;&amp#4;&amp#8;&amp#16; @�&amp#0;&amp#1;&amp#2;&amp#4;&amp#8;&amp#16; @�&amp#0;&amp#1;&amp#2;&amp#4;&amp#8;�&amp#18;��䫪��K&amp#21;�#@�&amp#0;&amp#1;&amp#2;&amp#4;&amp#8;&amp#16; @�&amp#0;&amp#1;&amp#2;&amp#4;&amp#8;&amp#16; @�&amp#0;&amp#1;&amp#2;&amp#4;&amp#8;&amp#16; @�&amp#0;&amp#1;&amp#2;&amp#4;J&amp#11;�F�U�*](�&amp#0;&amp#1;&amp#2;&amp#4;&amp#8;&amp#16; @�&amp#0;&amp#1;&amp#2;&amp#4;&amp#8;&amp#16; @�&amp#0;&amp#1;&amp#2;&amp#4;&amp#8;&amp#16; @�&amp#0;&amp#1;&amp#2;&amp#4;&amp#8;&amp#16;(# �^&amp#6;F6&amp#1;&amp#2;&amp#4;&amp#8;&amp#16; @�&amp#0;&amp#1;&amp#2;&amp#4;&amp#8;&amp#16; @�&amp#0;&amp#1;&amp#2;&amp#4;&amp#8;&amp#16; @�&amp#0;&amp#1;&amp#2;&amp#4;&amp#8;&amp#16;(#P��|�"�&amp#4;&amp#8;&amp#16; @�&amp#0;&amp#1;&amp#2;&amp#4;&amp#8;&amp#16; @�&amp#0;&amp#1;&amp#2;&amp#4;&amp#8;&amp#16; @�&amp#0;&amp#1;&amp#2;&amp#4;&amp#8;&amp#16; @�@i&amp#1;���.r	&amp#16; @�&amp#0;&amp#1;&amp#2;&amp#4;&amp#8;&amp#16; @�&amp#0;&amp#1;&amp#2;&amp#4;&amp#8;&amp#16; @�&amp#0;&amp#1;&amp#2;&amp#4;&amp#8;&amp#16; @�@&amp#5;&amp#1;&amp#7;�W�QD�&amp#0;&amp#1;&amp#2;&amp#4;&amp#8;&amp#16; @�&amp#0;&amp#1;&amp#2;&amp#4;&amp#8;&amp#16; @�&amp#0;&amp#1;&amp#2;&amp#4;&amp#8;&amp#16; @�&amp#0;&amp#1;&amp#2;&amp#4;J&amp#11;Ԭn��J&amp#23;�%@�&amp#0;&amp#1;&amp#2;&amp#4;&amp#8;&amp#16; @�&amp#0;&amp#1;&amp#2;&amp#4;&amp#8;&amp#16; @�&amp#0;&amp#1;&amp#2;&amp#4;&amp#8;&amp#16; @�&amp#0;&amp#1;&amp#2;&amp#4;�&amp#8;T�iӦL�l&amp#2;&amp#4;&amp#8;&amp#16; @�&amp#0;&amp#1;&amp#2;&amp#4;&amp#8;&amp#16; @�&amp#0;&amp#1;&amp#2;&amp#4;&amp#8;&amp#16; @�&amp#0;&amp#1;&amp#2;&amp#4;&amp#8;&amp#16; @��@�ګJd�"@�&amp#0;&amp#1;&amp#2;&amp#4;&amp#8;&amp#16; @�&amp#0;&amp#1;&amp#2;&amp#4;&amp#8;&amp#16; @�&amp#0;&amp#1;&amp#2;&amp#4;&amp#8;&amp#16; @�&amp#0;&amp#1;&amp#2;&amp#4;*
&amp#8;�W�QH�&amp#0;&amp#1;&amp#2;&amp#4;&amp#8;&amp#16; @�&amp#0;&amp#1;&amp#2;&amp#4;&amp#8;&amp#16; @�&amp#0;&amp#1;&amp#2;&amp#4;&amp#8;&amp#16; @�&amp#0;&amp#1;&amp#2;&amp#4;J	&amp#8;��R�G�&amp#0;&amp#1;&amp#2;&amp#4;&amp#8;&amp#16; @�&amp#0;&amp#1;&amp#2;&amp#4;&amp#8;&amp#16; @�&amp#0;&amp#1;&amp#2;&amp#4;&amp#8;&amp#16; @�&amp#0;&amp#1;&amp#2;&amp#4;�&amp#11;̙3G��<�&amp#18;&amp#2;&amp#4;&amp#8;&amp#16; @�&amp#0;&amp#1;&amp#2;&amp#4;&amp#8;&amp#16; @�&amp#0;&amp#1;&amp#2;&amp#4;&amp#8;&amp#16; @�&amp#0;&amp#1;&amp#2;&amp#4;&amp#8;&amp#16; PJ@����<&amp#2;&amp#4;&amp#8;&amp#16; @�&amp#0;&amp#1;&amp#2;&amp#4;&amp#8;&amp#16; @�&amp#0;&amp#1;&amp#2;&amp#4;&amp#8;&amp#16; @�&amp#0;&amp#1;&amp#2;&amp#4;&amp#8;&amp#16; PQ�*^&amp#21;+($@�&amp#0;&amp#1;&amp#2;&amp#4;&amp#8;&amp#16; @�&amp#0;&amp#1;&amp#2;&amp#4;&amp#8;&amp#16; @�&amp#0;&amp#1;&amp#2;&amp#4;&amp#8;&amp#16; @�&amp#0;&amp#1;&amp#2;&amp#4;J&amp#8;&amp#8;��@�E�&amp#0;&amp#1;&amp#2;&amp#4;&amp#8;&amp#16; @�&amp#0;&amp#1;&amp#2;&amp#4;&amp#8;&amp#16; @�&amp#0;&amp#1;&amp#2;&amp#4;&amp#8;&amp#16; @�&amp#0;&amp#1;&amp#2;&amp#4;*&amp#11;&amp#8;�W�QJ�&amp#0;&amp#1;&amp#2;&amp#4;&amp#8;&amp#16; @�&amp#0;&amp#1;&amp#2;&amp#4;&amp#8;&amp#16; @�&amp#0;&amp#1;&amp#2;&amp#4;&amp#8;&amp#16; @�&amp#0;&amp#1;&amp#2;&amp#4;
&amp#5;�����&amp#11;Q\&amp#19; @�&amp#0;&amp#1;&amp#2;&amp#4;&amp#8;&amp#16; @�&amp#0;&amp#1;&amp#2;&amp#4;&amp#8;&amp#16; @�&amp#0;&amp#1;&amp#2;&amp#4;&amp#8;&amp#16; @�&amp#0;��&amp#2;�n�죔&amp#0;&amp#1;&amp#2;&amp#4;&amp#8;&amp#16; @�&amp#0;&amp#1;&amp#2;&amp#4;&amp#8;&amp#16; @�&amp#0;&amp#1;&amp#2;&amp#4;&amp#8;&amp#16; @�&amp#0;&amp#1;&amp#2;&amp#4;&amp#8;�&amp#22;�����\&amp#2;&amp#4;&amp#8;&amp#16; @�&amp#0;&amp#1;&amp#2;&amp#4;&amp#8;&amp#16; @�&amp#0;&amp#1;&amp#2;&amp#4;&amp#8;&amp#16; @�&amp#0;&amp#1;&amp#2;&amp#4;&amp#8;&amp#16; PA@��&amp#2;�"&amp#2;&amp#4;&amp#8;&amp#16; @�&amp#0;&amp#1;&amp#2;&amp#4;&amp#8;&amp#16; @�&amp#0;&amp#1;&amp#2;&amp#4;&amp#8;&amp#16; @�&amp#0;&amp#1;&amp#2;&amp#4;&amp#8;&amp#16; PB`Μ9��%\d&amp#17; @�&amp#0;&amp#1;&amp#2;&amp#4;&amp#8;&amp#16; @�&amp#0;&amp#1;&amp#2;&amp#4;&amp#8;&amp#16; @�&amp#0;&amp#1;&amp#2;&amp#4;&amp#8;&amp#16; @�&amp#0;�
&amp#2;mڴ&amp#17;n�ࣈ&amp#0;&amp#1;&amp#2;&amp#4;&amp#8;&amp#16; @�&amp#0;&amp#1;&amp#2;&amp#4;&amp#8;&amp#16; @�&amp#0;&amp#1;&amp#2;&amp#4;&amp#8;&amp#16; @�&amp#0;&amp#1;&amp#2;&amp#4;&amp#8;�&amp#22;&amp#16;n/�"�&amp#0;&amp#1;&amp#2;&amp#4;&amp#8;&amp#16; @�&amp#0;&amp#1;&amp#2;&amp#4;&amp#8;&amp#16; @�&amp#0;&amp#1;&amp#2;&amp#4;&amp#8;&amp#16; @�&amp#0;&amp#1;&amp#2;&amp#4;&amp#8;�&amp#19;�������&amp#21;�'@�&amp#0;&amp#1;&amp#2;&amp#4;&amp#8;&amp#16; @�&amp#0;&amp#1;&amp#2;&amp#4;&amp#8;&amp#16; @�&amp#0;&amp#1;&amp#2;&amp#4;&amp#8;&amp#16; @�&amp#0;&amp#1;&amp#2;&amp#4;�&amp#5;��%�^�"�&amp#0;&amp#1;&amp#2;&amp#4;&amp#8;&amp#16; @�&amp#0;&amp#1;&amp#2;&amp#4;&amp#8;&amp#16; @�&amp#0;&amp#1;&amp#2;&amp#4;&amp#8;&amp#16; @�&amp#0;&amp#1;&amp#2;&amp#4;&amp#8;T&amp#16;�P{MĽBE&amp#4;&amp#8;&amp#16; @�&amp#0;&amp#1;&amp#2;&amp#4;&amp#8;&amp#16; @�&amp#0;&amp#1;&amp#2;&amp#4;&amp#8;&amp#16; @�&amp#0;&amp#1;&amp#2;&amp#4;&amp#8;&amp#16; @�@��X{��&amp#28;&amp#2;&amp#4;&amp#8;&amp#16; @�&amp#0;&amp#1;&amp#2;&amp#4;&amp#8;&amp#16; @�&amp#0;&amp#1;&amp#2;&amp#4;&amp#8;&amp#16; @�&amp#0;&amp#1;&amp#2;&amp#4;&amp#8;&amp#16; PI�fu{��^��2&amp#2;&amp#4;&amp#8;&amp#16; @�&amp#0;&amp#1;&amp#2;&amp#4;&amp#8;&amp#16; @�&amp#0;&amp#1;&amp#2;&amp#4;&amp#8;&amp#16; @�&amp#0;&amp#1;&amp#2;&amp#4;&amp#8;&amp#16; @`A�����`�+&amp#2;&amp#4;&amp#8;&amp#16; @�&amp#0;&amp#1;&amp#2;&amp#4;&amp#8;&amp#16; @�&amp#0;&amp#1;&amp#2;&amp#4;&amp#8;&amp#16; @�&amp#0;&amp#1;&amp#2;&amp#4;&amp#8;&amp#16; @�&amp#22;��X�^K&amp#21;�&amp#4;&amp#8;&amp#16; @�&amp#0;&amp#1;&amp#2;&amp#4;&amp#8;&amp#16; @�&amp#0;&amp#1;&amp#2;&amp#4;&amp#8;&amp#16; @�&amp#0;&amp#1;&amp#2;&amp#4;&amp#8;&amp#16; @���&amp#2;UmڴY0�&amp#21;&amp#1;&amp#2;&amp#4;&amp#8;&amp#16; @�&amp#0;&amp#1;&amp#2;&amp#4;&amp#8;&amp#16; @�&amp#0;&amp#1;&amp#2;&amp#4;&amp#8;&amp#16; @�&amp#0;&amp#1;&amp#2;&amp#4;&amp#8;&amp#16; P����k&amp#1;RL�&amp#0;&amp#1;&amp#2;&amp#4;&amp#8;&amp#16; @�&amp#0;&amp#1;&amp#2;&amp#4;&amp#8;&amp#16; @�&amp#0;&amp#1;&amp#2;&amp#4;&amp#8;&amp#16; @�&amp#0;&amp#1;&amp#2;&amp#4;
&amp#4;b#�����\�&amp#4;&amp#8;&amp#16; @�&amp#0;&amp#1;&amp#2;&amp#4;&amp#8;&amp#16; @�&amp#0;&amp#1;&amp#2;&amp#4;&amp#8;&amp#16; @�&amp#0;&amp#1;&amp#2;&amp#4;&amp#8;&amp#16; @�@&amp#5;��H�*^&amp#21;j("@�&amp#0;&amp#1;&amp#2;&amp#4;&amp#8;&amp#16; @�&amp#0;&amp#1;&amp#2;&amp#4;&amp#8;&amp#16; @�&amp#0;&amp#1;&amp#2;&amp#4;&amp#8;&amp#16; @�&amp#0;&amp#1;&amp#2;&amp#4;�&amp#5;�ڋM�&amp#16; @�&amp#0;&amp#1;&amp#2;&amp#4;&amp#8;&amp#16; @�&amp#0;&amp#1;&amp#2;&amp#4;&amp#8;&amp#16; @�&amp#0;&amp#1;&amp#2;&amp#4;&amp#8;&amp#16; @�&amp#0;�J&amp#2;5��W*WF�&amp#0;&amp#1;&amp#2;&amp#4;&amp#8;&amp#16; @�&amp#0;&amp#1;&amp#2;&amp#4;&amp#8;&amp#16; @�&amp#0;&amp#1;&amp#2;&amp#4;&amp#8;&amp#16; @�&amp#0;&amp#1;&amp#2;&amp#4;&amp#8;&amp#20;	&amp#8;�&amp#23;�� @�&amp#0;&amp#1;&amp#2;&amp#4;&amp#8;&amp#16; @�&amp#0;&amp#1;&amp#2;&amp#4;&amp#8;&amp#16; @�&amp#0;&amp#1;&amp#2;&amp#4;&amp#8;&amp#16; @�&amp#0;&amp#1;&amp#2;�	8��6!�&amp#4;&amp#8;&amp#16; @�&amp#0;&amp#1;&amp#2;&amp#4;&amp#8;&amp#16; @�&amp#0;&amp#1;&amp#2;&amp#4;&amp#8;&amp#16; @�&amp#0;&amp#1;&amp#2;&amp#4;&amp#8;&amp#16; @�H�fu{�W�/�&amp#0;&amp#1;&amp#2;&amp#4;&amp#8;&amp#16; @�&amp#0;&amp#1;&amp#2;&amp#4;&amp#8;&amp#16; @�&amp#0;&amp#1;&amp#2;&amp#4;&amp#8;&amp#16; @�&amp#0;&amp#1;&amp#2;&amp#4;&amp#8;&amp#16;�$PզM�J��&amp#8;&amp#16; @�&amp#0;&amp#1;&amp#2;&amp#4;&amp#8;&amp#16; @�&amp#0;&amp#1;&amp#2;&amp#4;&amp#8;&amp#16; @�&amp#0;&amp#1;&amp#2;&amp#4;&amp#8;&amp#16; @�&amp#0;�&amp#5;&amp#5;"�^�`�+&amp#2;&amp#4;&amp#8;&amp#16; @�&amp#0;&amp#1;&amp#2;&amp#4;&amp#8;&amp#16; @�&amp#0;&amp#1;&amp#2;&amp#4;&amp#8;&amp#16; @�&amp#0;&amp#1;&amp#2;&amp#4;&amp#8;&amp#16; @�v&amp#1;��ڍ� @�&amp#0;&amp#1;&amp#2;&amp#4;&amp#8;&amp#16; @�&amp#0;&amp#1;&amp#2;&amp#4;&amp#8;&amp#16; @�&amp#0;&amp#1;&amp#2;&amp#4;&amp#8;&amp#16; @�&amp#0;&amp#1;&amp#2;&amp#5;&amp#2;��&amp#5; .	&amp#16; @�&amp#0;&amp#1;&amp#2;&amp#4;&amp#8;&amp#16; @�&amp#0;&amp#1;&amp#2;���}@�U��&amp#3;3��%�%@��ۃP&amp#4;&amp#17;A��C�&amp#20;AP�`AQ&amp#4;A�( E� M�
JQ&amp#4;&amp#4;�R�X(�k�=T�N���w�}wn&�N�&amp#12;�{?w�����ޟ3�d����&@�&amp#0;&amp#1;&amp#2;&amp#4;&amp#8;&amp#16; @�&amp#0;&amp#1;&amp#2;&amp#4;� 0a�&amp#4;��)&amp#24;�L�&amp#0;&amp#1;&amp#2;&amp#4;&amp#8;&amp#16; @�&amp#0;&amp#1;&amp#2;&amp#4;&amp#8;&amp#16; @�&amp#0;&amp#1;&amp#2;&amp#4;&amp#8;&amp#16; @�&amp#0;&amp#1;&amp#2;&amp#4;�&amp#4;�۫@|%@�&amp#0;&amp#1;&amp#2;&amp#4;&amp#8;&amp#16; @�&amp#0;&amp#1;&amp#2;&amp#4;&amp#8;&amp#16; @�&amp#0;&amp#1;&amp#2;&amp#4;&amp#8;&amp#16; @�&amp#0;&amp#1;&amp#2;S&amp#22;����H�}�� @�&amp#0;&amp#1;&amp#2;&amp#4;&amp#8;&amp#16; @�&amp#0;&amp#1;&amp#2;&amp#4;&amp#8;&amp#16; @�}&amp#5;��q�&amp#31;�x�E&amp#2;&amp#4;&amp#8;&amp#16; @�&amp#0;�v&amp#16;h�1J&�&amp#14;?��H�&amp#0;&amp#1;&amp#2;&amp#4;&amp#8;&amp#16; @�&amp#0;&amp#1;&amp#2;&amp#4;&amp#8;&amp#16; @�&amp#0;&amp#1;&amp#2;&amp#4;&amp#8;&amp#16; @�&amp#0;&amp#1;&amp#2;M&amp#22;&amp#16;no2��&amp#8;&amp#16; @�&amp#0;&amp#1;&amp#2;&amp#4;&amp#8;&amp#16; @�&amp#0;&amp#1;&amp#2;&amp#4;&amp#8;&amp#16; @�&amp#0;&amp#1;&amp#2;&amp#4;&amp#8;&amp#16; @��&amp#5;�����[�)[ &amp#1;&amp#2;&amp#4;&amp#8;&amp#16; @�&amp#0;&amp#1;&amp#2;&amp#4;&amp#8;&amp#16; @�&amp#0;&amp#1;&amp#2;&amp#4;&amp#8;&amp#16; @�&amp#0;&amp#1;&amp#2;&amp#4;&amp#8;4Y g�&amp#11;�7��p&amp#4;&amp#8;&amp#16; @�&amp#0;&amp#1;&amp#2;&amp#4;&amp#8;&amp#16; @�&amp#0;&amp#1;&amp#2;&amp#4;&amp#8;&amp#16; @�&amp#0;&amp#1;&amp#2;&amp#4;&amp#8;&amp#16; �&amp#14;&amp#2;���𔭑&amp#0;&amp#1;&amp#2;&amp#4;&amp#8;&amp#16; @�&amp#0;&amp#1;&amp#2;&amp#4;&amp#8;&amp#16; @�&amp#0;&amp#1;&amp#2;&amp#4;&amp#8;&amp#16; @�&amp#0;&amp#1;&amp#2;&amp#4;�, ��dP�&amp#17; @�&amp#0;&amp#1;&amp#2;&amp#4;&amp#8;&amp#16; @�&amp#0;&amp#1;&amp#2;&amp#4;&amp#8;&amp#16; @�&amp#0;&amp#1;&amp#2;&amp#4;&amp#8;&amp#16; @�@�&amp#11;L�0A��埲&amp#5;&amp#18; @�&amp#0;&amp#1;&amp#2;&amp#4;&amp#8;&amp#16; @�&amp#0;&amp#1;&amp#2;&amp#4;&amp#8;&amp#16; @�&amp#0;&amp#1;&amp#2;&amp#4;&amp#8;&amp#16; @�@�&amp#5;:::&amp#6;5yH�&amp#17; @�&amp#0;&amp#1;&amp#2;&amp#4;&amp#8;&amp#16; @�&amp#0;&amp#1;&amp#2;&amp#4;&amp#8;&amp#16; �^&amp#2;ӵ�r��&amp#0;&amp#1;&amp#2;&amp#4;&amp#8;&amp#16; @���&amp#8;���?&amp#18;��&amp#0;&amp#1;&amp#2;&amp#4;&amp#8;&amp#16; @�&amp#0;&amp#1;&amp#2;&amp#4;&amp#8;&amp#16; @�&amp#0;&amp#1;&amp#2;&amp#4;&amp#8;&amp#16; @�&amp#0;&amp#1;&amp#2;&amp#4;&amp#8;�'���ՙ���5֊&amp#0;&amp#1;&amp#2;&amp#4;&amp#8;&amp#16; @�&amp#0;&amp#1;&amp#2;&amp#4;&amp#8;&amp#16; @�&amp#0;&amp#1;&amp#2;&amp#4;&amp#8;&amp#16; @�&amp#0;&amp#1;&amp#2;&amp#4;&amp#8;&amp#16;�(Й�p��&amp#5;&amp#2;&amp#4;&amp#8;&amp#16; @�&amp#0;&amp#1;&amp#2;&amp#4;&amp#8;&amp#16; @�&amp#0;&amp#1;&amp#2;&amp#4;&amp#8;&amp#16; @�&amp#0;&amp#1;&amp#2;&amp#4;&amp#8;&amp#16; А@B�&amp#19;#��ј&amp#0;&amp#1;&amp#2;&amp#4;&amp#8;&amp#16; @�&amp#0;&amp#1;&amp#2;&amp#4;&amp#8;&amp#16; @�&amp#0;&amp#1;&amp#2;&amp#4;&amp#8;&amp#16; @�&amp#0;&amp#1;&amp#2;&amp#4;&amp#8;&amp#16;&amp#16;k�3@�&amp#0;&amp#1;&amp#2;&amp#4;&amp#8;&amp#16; @�&amp#0;&amp#1;&amp#2;&amp#4;&amp#8;&amp#16; @�&amp#0;&amp#1;&amp#2;&amp#4;&amp#8;&amp#16; @�&amp#0;&amp#1;&amp#2;&amp#4;&amp#26;&amp#19;���=�7�Ik&amp#2;&amp#4;&amp#8;&amp#16; @�&amp#0;&amp#1;&amp#2;&amp#4;&amp#8;&amp#16; @�&amp#0;&amp#1;&amp#2;&amp#4;&amp#8;&amp#16; @�&amp#0;&amp#1;&amp#2;&amp#4;&amp#8;&amp#16; ��&amp#2;&amp#19;3����&amp#8;VO�&amp#0;&amp#1;&amp#2;&amp#4;&amp#8;&amp#16; @�&amp#0;&amp#1;&amp#2;&amp#4;&amp#8;&amp#16; @�&amp#0;&amp#1;&amp#2;&amp#4;&amp#8;&amp#16; @�&amp#0;&amp#1;&amp#2;&amp#4;&amp#26;&amp#22;��&amp#14;��;�@�&amp#0;&amp#1;&amp#2;&amp#4;&amp#8;&amp#16; @�&amp#0;&amp#1;&amp#2;&amp#4;&amp#8;&amp#16; @�&amp#0;&amp#1;&amp#2;&amp#4;&amp#8;&amp#16; @�&amp#0;&amp#1;&amp#2;&amp#4;�[������&amp#5;��&amp#0;&amp#1;&amp#2;&amp#4;&amp#8;&amp#16; @�&amp#0;&amp#1;&amp#2;&amp#4;&amp#8;&amp#16; @�&amp#0;&amp#1;&amp#2;&amp#4;&amp#8;&amp#16; @�&amp#0;&amp#1;&amp#2;&amp#4;&amp#8;4,�aw{�f:&amp#16; @�&amp#0;&amp#1;&amp#2;&amp#4;&amp#8;&amp#16; @�&amp#0;&amp#1;&amp#2;&amp#4;&amp#8;&amp#16; @�&amp#0;&amp#1;&amp#2;&amp#4;&amp#8;&amp#16; @�@{&amp#11;$�������&amp#8;VO�&amp#0;&amp#1;&amp#2;&amp#4;&amp#8;&amp#16; @�&amp#0;&amp#1;&amp#2;&amp#4;&amp#8;&amp#16; @�&amp#0;&amp#1;&amp#2;&amp#4;&amp#8;&amp#16; @�&amp#0;&amp#1;&amp#2;&amp#4;&amp#26;&amp#19;H"y��&amp#27;#Ӛ&amp#0;&amp#1;&amp#2;&amp#4;&amp#8;&amp#16; @�&amp#0;&amp#1;&amp#2;&amp#4;&amp#8;&amp#16; @�&amp#0;&amp#1;&amp#2;&amp#4;&amp#8;&amp#16; @�&amp#0;&amp#1;&amp#2;&amp#4;&amp#8;D��&amp#2;&amp#1;&amp#2;&amp#4;&amp#8;&amp#16; @�&amp#0;&amp#1;&amp#2;&amp#4;&amp#8;&amp#16; @�&amp#0;&amp#1;&amp#2;&amp#4;&amp#8;&amp#16; @�&amp#0;&amp#1;&amp#2;&amp#4;&amp#8;&amp#16; А��d�uИ&amp#0;&amp#1;&amp#2;&amp#4;&amp#8;&amp#16; @�&amp#0;&amp#1;&amp#2;&amp#4;&amp#8;&amp#16; @�&amp#0;&amp#1;&amp#2;&amp#4;&amp#8;&amp#16; @�&amp#0;&amp#1;&amp#2;&amp#4;&amp#8;&amp#16;H�]2y?&amp#6;&amp#4;&amp#8;&amp#16; @�&amp#0;&amp#1;&amp#2;&amp#4;&amp#8;&amp#16; @�&amp#0;&amp#1;&amp#2;&amp#4;&amp#8;&amp#16; @�&amp#0;&amp#1;&amp#2;&amp#4;&amp#8;&amp#16; @�a&amp#1;��&amp#27;&Ӂ&amp#0;&amp#1;&amp#2;&amp#4;&amp#8;&amp#16; @�&amp#0;&amp#1;&amp#2;&amp#4;&amp#8;&amp#16; @�&amp#0;&amp#1;&amp#2;&amp#4;&amp#8;&amp#16; @�&amp#0;&amp#1;&amp#2;&amp#4;�\`b2��is&amp#5;�'@�&amp#0;&amp#1;&amp#2;&amp#4;&amp#8;&amp#16; @�&amp#0;&amp#1;&amp#2;&amp#4;&amp#8;&amp#16; @�&amp#0;&amp#1;&amp#2;&amp#4;&amp#8;&amp#16; @�&amp#0;&amp#1;&amp#2;�
H&ߨ��&amp#4;&amp#8;&amp#16; @�&amp#0;&amp#1;&amp#2;&amp#4;&amp#8;&amp#16; @�&amp#0;&amp#1;&amp#2;&amp#4;&amp#8;&amp#16; @�&amp#0;&amp#1;&amp#2;&amp#4;&amp#8;&amp#16; @�?$��C@�&amp#0;&amp#1;&amp#2;&amp#4;&amp#8;&amp#16; @�&amp#0;&amp#1;&amp#2;&amp#4;&amp#8;&amp#16; @�&amp#0;&amp#1;&amp#2;&amp#4;&amp#8;&amp#16; @�&amp#0;&amp#1;&amp#2;&amp#4;&amp#26;&amp#22;&amp#16;no�L&amp#7;&amp#2;&amp#4;&amp#8;&amp#16; @�&amp#0;&amp#1;&amp#2;&amp#4;&amp#8;&amp#16; @�&amp#0;&amp#1;&amp#2;&amp#4;&amp#8;&amp#16; @�&amp#0;&amp#1;&amp#2;&amp#4;&amp#8;&amp#16;  ��g�&amp#0;&amp#1;&amp#2;&amp#4;&amp#8;&amp#16; @�&amp#0;&amp#1;&amp#2;&amp#4;&amp#8;&amp#16; @�&amp#0;&amp#1;&amp#2;&amp#4;&amp#8;&amp#16; @�&amp#0;&amp#1;&amp#2;&amp#4;&amp#8;4&0a�&amp#4;���ȴ&@�&amp#0;&amp#1;&amp#2;&amp#4;&amp#8;&amp#16; @�&amp#0;&amp#1;&amp#2;&amp#4;&amp#8;&amp#16; @�&amp#0;&amp#1;&amp#2;&amp#4;&amp#8;&amp#16; @�&amp#0;&amp#1;&amp#2;	�w�&amp#15;&amp#8;&amp#2;&amp#4;&amp#8;&amp#16; @�&amp#0;&amp#1;&amp#2;&amp#4;&amp#8;&amp#16; @�&amp#0;&amp#1;&amp#2;&amp#4;&amp#8;&amp#16;���&amp#0;&amp#0;@&amp#0;IDAT @�&amp#0;&amp#1;&amp#2;&amp#4;&amp#8;&amp#16; @�!&amp#1;��&amp#27;�Ҙ&amp#0;&amp#1;&amp#2;&amp#4;&amp#8;&amp#16; @�&amp#0;&amp#1;&amp#2;&amp#4;&amp#8;&amp#16; @�&amp#0;&amp#1;&amp#2;&amp#4;&amp#8;&amp#16; @�&amp#0;&amp#1;&amp#2;&amp#4;&amp#8;L&amp#20;&amp#16;n�s@�&amp#0;&amp#1;&amp#2;&amp#4;&amp#8;&amp#16; @�&amp#0;&amp#1;&amp#2;&amp#4;&amp#8;&amp#16; @�&amp#0;&amp#1;&amp#2;&amp#4;&amp#8;&amp#16; @�&amp#0;&amp#1;&amp#2;&amp#4;&amp#26;&amp#22;&amp#16;no�L&amp#7;&amp#2;&amp#4;&amp#8;&amp#16; @�&amp#0;&amp#1;&amp#2;&amp#4;&amp#8;&amp#16; @�&amp#0;&amp#1;&amp#2;&amp#4;&amp#8;&amp#16; @�&amp#0;&amp#1;&amp#2;&amp#4;&amp#8;&amp#16;hs���.g���π�&amp#19; @�&amp#0;&amp#1;&amp#2;&amp#4;&amp#8;&amp#16; @�&amp#0;&amp#1;&amp#2;&amp#4;&amp#8;&amp#16; @�&amp#0;&amp#1;&amp#2;&amp#4;&amp#8;&amp#16; @�@o&amp#4;�n>&amp#4;&amp#8;&amp#16; @�&amp#0;&amp#1;&amp#2;&amp#4;&amp#8;&amp#16; @�&amp#0;&amp#1;&amp#2;&amp#4;&amp#8;&amp#16; @�&amp#0;&amp#1;&amp#2;&amp#4;&amp#8;&amp#16; ��&amp#2;��m�&amp#3;`�&amp#4;&amp#8;&amp#16; @�&amp#0;&amp#1;&amp#2;&amp#4;&amp#8;&amp#16; @�&amp#0;&amp#1;&amp#2;&amp#4;&amp#8;&amp#16; @�&amp#0;&amp#1;&amp#2;&amp#4;&amp#8;&amp#16; �&amp#27;&amp#1;��ި�C�&amp#0;&amp#1;&amp#2;&amp#4;&amp#8;&amp#16; @�&amp#0;&amp#1;&amp#2;&amp#4;&amp#8;&amp#16; @�&amp#0;&amp#1;&amp#2;&amp#4;&amp#8;&amp#16; @�&amp#0;&amp#1;&amp#2;�,0a�&amp#4;g���&amp#15;��&amp#19; @�&amp#0;&amp#1;&amp#2;&amp#4;&amp#8;&amp#16; @�&amp#0;&amp#1;&amp#2;&amp#4;&amp#8;&amp#16; @�&amp#0;&amp#1;&amp#2;&amp#4;&amp#8;&amp#16; @�@/&amp#5;�n�%�n&amp#4;&amp#8;&amp#16; @�&amp#0;&amp#1;&amp#2;&amp#4;&amp#8;&amp#16; @�&amp#0;&amp#1;&amp#2;&amp#4;&amp#8;&amp#16; @�&amp#0;&amp#1;&amp#2;&amp#4;&amp#8;&amp#16; ��&amp#2;�������&amp#0;&amp#1;&amp#2;&amp#4;&amp#8;&amp#16; @�&amp#0;&amp#1;&amp#2;&amp#4;&amp#8;&amp#16; @�&amp#0;&amp#1;&amp#2;&amp#4;&amp#8;&amp#16; @�&amp#0;&amp#1;&amp#2;&amp#4;z#����1�OGGoz�C�&amp#0;&amp#1;&amp#2;&amp#4;&amp#8;&amp#16; @�&amp#0;&amp#1;&amp#2;&amp#4;&amp#8;&amp#16; @�&amp#0;&amp#1;&amp#2;&amp#4;&amp#8;&amp#16; @�&amp#0;&amp#1;&amp#2;&amp#4;�U�3緷�ڭ�&amp#0;&amp#1;&amp#2;&amp#4;&amp#8;&amp#16; @�&amp#0;&amp#1;&amp#2;&amp#4;&amp#8;&amp#16; @�&amp#0;&amp#1;&amp#2;&amp#4;&amp#8;&amp#16; @�&amp#0;&amp#1;&amp#2;&amp#4;&amp#8;�F ��&amp#14;�����C�&amp#0;&amp#1;&amp#2;&amp#4;&amp#8;&amp#16; @�&amp#0;&amp#1;&amp#2;&amp#4;&amp#8;&amp#16; @�&amp#0;&amp#1;&amp#2;&amp#4;&amp#8;&amp#16; @�&amp#0;&amp#1;&amp#2;m,�P������[:&amp#1;&amp#2;&amp#4;&amp#8;&amp#16; @�&amp#0;&amp#1;&amp#2;&amp#4;&amp#8;&amp#16; @�&amp#0;&amp#1;&amp#2;&amp#4;&amp#8;&amp#16; @�&amp#0;&amp#1;&amp#2;&amp#4;&amp#8;�J`b�=g����N&amp#4;&amp#8;&amp#16; @�&amp#0;&amp#1;&amp#2;&amp#4;&amp#8;&amp#16; @�&amp#0;&amp#1;&amp#2;&amp#4;&amp#8;&amp#16; @�&amp#0;&amp#1;&amp#2;&amp#4;&amp#8;&amp#16; @�M&amp#5;:;;%�o�go�&amp#4;&amp#8;&amp#16; @�&amp#0;&amp#1;&amp#2;&amp#4;&amp#8;&amp#16; @�&amp#0;&amp#1;&amp#2;&amp#4;&amp#8;&amp#16; @�&amp#0;&amp#1;&amp#2;&amp#4;&amp#8;&amp#16; 05&amp#2;��n�&amp#26;>}	&amp#16; @�&amp#0;&amp#1;&amp#2;&amp#4;&amp#8;&amp#16; @�&amp#0;&amp#1;&amp#2;&amp#4;&amp#8;&amp#16; @�&amp#0;&amp#1;&amp#2;&amp#4;&amp#8;&amp#16; @�=&amp#5;�no��n�&amp#4;&amp#8;&amp#16; @�&amp#0;&amp#1;&amp#2;&amp#4;&amp#8;&amp#16; @�&amp#0;&amp#1;&amp#2;&amp#4;&amp#8;&amp#16; @�&amp#0;&amp#1;&amp#2;&amp#4;&amp#8;&amp#16; 0U&amp#2;�S�[g&amp#2;&amp#4;&amp#8;&amp#16; @�&amp#0;&amp#1;&amp#2;&amp#4;&amp#8;&amp#16; @�&amp#0;&amp#1;&amp#2;&amp#4;&amp#8;&amp#16; @�&amp#0;&amp#1;&amp#2;&amp#4;&amp#8;&amp#16; �~&amp#2;I$�����~&amp#11;�b&amp#2;&amp#4;&amp#8;&amp#16; @�&amp#0;&amp#1;&amp#2;&amp#4;&amp#8;&amp#16; @�&amp#0;&amp#1;&amp#2;&amp#4;&amp#8;&amp#16; @�&amp#0;&amp#1;&amp#2;&amp#4;&amp#8;&amp#16; �{��|���{?=	&amp#16; @�&amp#0;&amp#1;&amp#2;&amp#4;&amp#8;&amp#16; @�&amp#0;&amp#1;&amp#2;&amp#4;&amp#8;&amp#16; @�&amp#0;&amp#1;&amp#2;&amp#4;&amp#8;&amp#16; @�]&amp#5;$�o�'o�&amp#4;&amp#8;&amp#16; @�&amp#0;&amp#1;&amp#2;&amp#4;&amp#8;&amp#16; @�&amp#0;&amp#1;&amp#2;&amp#4;&amp#8;&amp#16; @�&amp#0;&amp#1;&amp#2;&amp#4;&amp#8;&amp#16; �[����{�W?&amp#2;&amp#4;&amp#8;&amp#16; @�&amp#0;&amp#1;&amp#2;&amp#4;&amp#8;&amp#16; @�&amp#0;&amp#1;&amp#2;&amp#4;&amp#8;&amp#16; @�&amp#0;&amp#1;&amp#2;&amp#4;&amp#8;&amp#16; Ц&amp#2;	�K&ߦ�޲	&amp#16; @�&amp#0;&amp#1;&amp#2;&amp#4;&amp#8;&amp#16; @�&amp#0;&amp#1;&amp#2;&amp#4;&amp#8;&amp#16;&amp#24; &amp#2;o����￟�?�c�&amp#1;2%� @�&amp#0;&amp#1;&amp#2;&amp#4;&amp#8;&amp#16;�G@��&amp#30;%m&amp#8;&amp#16; @�&amp#0;&amp#1;&amp#2;&amp#4;&amp#8;&amp#16; @�&amp#0;&amp#1;&amp#2;&amp#4;&amp#8;&amp#16; �W&amp#2;뭷ޫ����/���&amp#5;&amp#22;X��nc\&amp#2;&amp#4;&amp#8;&amp#16; @�&amp#0;��
dw���;�;:�:��&amp#8;&amp#16; @�&amp#0;&amp#1;&amp#2;&amp#4;&amp#8;&amp#16; @�&amp#0;&amp#1;&amp#2;&amp#4;&amp#8;&amp#16; �^&amp#2;��γ�>��{��6�l٤>�L3տ�w�}�h��&amp#31;�߫Ζ�=�\v�/���u�׌&amp#0;&amp#1;&amp#2;&amp#4;&amp#8;&amp#16; @�~�Ab��ciI�&amp#0;&amp#1;&amp#2;&amp#4;&amp#8;&amp#16; @�&amp#0;&amp#1;&amp#2;&amp#4;&amp#8;&amp#16; @�&amp#0;�R��&amp#7;&amp#31;�ӟ���c�=������R
٧>bĈ5�X�ӟ�����+/�[��k��k��r�m��v��w���s�뮻�K.��e�m�\r�1c���X3&amp#2;&amp#4;&amp#8;&amp#16; @���&amp#11;$�>h�G1&amp#2;&amp#1;&amp#2;&amp#4;&amp#8;&amp#16; @�&amp#0;&amp#1;&amp#2;&amp#4;&amp#8;&amp#16; @�&amp#0;&amp#1;&amp#2;&amp#4;�J ���N:骫��a�OM����O�E&amp#23;]t�u��|����t����o�&amp#12;/������&amp#3;j��رc����&amp#30;&amp#0;&amp#27;���k�	�7��=&amp#1;&amp#2;&amp#4;&amp#8;&amp#16; 0�&amp#2;��S	�;&amp#1;&amp#2;&amp#4;&amp#8;&amp#16; @�&amp#0;&amp#1;&amp#2;&amp#4;&amp#8;&amp#16; @�&amp#0;&amp#1;&amp#2;�%��_��7��M՚�k�&amp#5;&amp#23;\p�Yfy�&amp#23;ƍ&amp#27;W����I��|�3�&amp#28;n&amp#31;?~|1��OJ�O~�U���&amp#0;&amp#1;&amp#2;&amp#4;&amp#8;&amp#16; @`j&amp#4;�ۧFO_&amp#2;&amp#4;&amp#8;&amp#16; @�&amp#0;&amp#1;&amp#2;&amp#4;&amp#8;&amp#16; @�&amp#0;&amp#1;&amp#2;&amp#4;�K ���X��ѣ����/��r�M7]%��￟&amp#29;�7�xcv�'ԞKK-�T�&amp#31;�>dȐbV	�&amp#15;�X�f�m���V�u/_|��E
�d���&amp#15;~нAeͰa�*�*&amp#19; @�&amp#0;&amp#1;&amp#2;&amp#4;�Z`	��}�l|&amp#2;&amp#4;&amp#8;&amp#16; @�&amp#0;&amp#1;&amp#2;&amp#4;&amp#8;&amp#16; @�&amp#0;&amp#1;&amp#2;&amp#4;ZD��+����b1	`&amp#31;z�+��b͵&amp#30;<8	���q�&amp#29;�y�$uO�f�>�\{�/���lm�n����F�&amp#24;<�&amp#0;���c�=V��G�&amp#28;������U&amp#2;&amp#4;&amp#8;&amp#16; @�@?&amp#11;&amp#8;��3��&amp#17; @�&amp#0;&amp#1;&amp#2;&amp#4;&amp#8;&amp#16; @�&amp#0;&amp#1;&amp#2;&amp#4;&amp#8;&amp#16; 0�
�שe�=k8��c�Xb�z&amp#22;3bĈ��޺��Mo��*�$�������t[&amp#3;&amp#18; @�&amp#0;&amp#1;&amp#2;&amp#4;:;;�n�c@�&amp#0;&amp#1;&amp#2;&amp#4;&amp#8;&amp#16; @�&amp#0;&amp#1;&amp#2;&amp#4;&amp#8;&amp#16; @�&amp#0;�)&amp#11;�s�=�>�l��&amp#3;&amp#14;�3�>�q��Ŭ�>}|&amp#19;�&amp#19; @�&amp#0;&amp#1;&amp#2;&amp#4;�T��M�m�&amp#4;&amp#8;&amp#16; @�&amp#0;&amp#1;&amp#2;&amp#4;&amp#8;&amp#16; @�&amp#0;&amp#1;&amp#2;&amp#4;&amp#8;&amp#16;hD�ꫯ.����zeY�&amp#0;&amp#1;&amp#2;&amp#4;&amp#8;&amp#16; @�m&amp#5;�����[8&amp#1;&amp#2;&amp#4;&amp#8;&amp#16; @�&amp#0;&amp#1;&amp#2;&amp#4;&amp#8;&amp#16; @�&amp#0;&amp#1;&amp#2;&amp#8;�[ۗ_~�A��m�NS&amp#2;&amp#4;&amp#8;&amp#16; @�@K
tuu�GaK>Y�"@�&amp#0;&amp#1;&amp#2;&amp#4;&amp#8;&amp#16; @�&amp#0;&amp#1;&amp#2;&amp#4;&amp#8;&amp#16; @��&amp#2;o��V1�����k���>��&amp#3;w�u�+���ꫯ����C�&amp#12;Yp�g���_h��>�O����rj��O?���C��>������|�������/��"�,��G���?&amp#30;}���n���&amp#23;_|饗��Yf�e�9�o��r&amp#30;�ȑ#�f&amp#3;�P,�&amp#23;^�2˅�5�\+���Q�:::&amp#6;�&amp#18;̐&amp#0;&amp#1;&amp#2;&amp#4;&amp#6;���&amp#31;~x�&amp#21;W�y�),����S\&amp#6;�lM��&amp#2;�no:�&amp#1;	&amp#16; @�&amp#0;&amp#1;&amp#2;&amp#4;&amp#8;&amp#16; @�&amp#0;&amp#1;&amp#2;&amp#4;&amp#8;&amp#16;hM�D����emcǎ��&amp#21;&F~��_p�&amp#5;��O�F�.�����KN�AQ������&amp#3;&amp#15;Ly���?蠃j6��/~q�e����&amp#23;_�7	&L��B&��SO�l��&amp#5;&amp#22;X`�]w]{�'�` ���G&amp#23;]t�i���7&amp#6;&7�&amp#4;�ǌ&amp#25;��&�����-��r�%�䵃M7�t��&amp#22;�ܘ�	&amp#16; @�}&amp#4;�y��E��3�&amp#20;K��������.oŵ&amp#15;���ﻊ,&amp#8;&amp#16; @�&amp#0;&amp#1;&amp#2;&amp#4;&amp#8;&amp#16; @�&amp#0;&amp#1;&amp#2;&amp#4;&amp#8;&amp#16; @`r&amp#2;��&amp#31;{�7�xcrͦ�>A���~�m����{���&amp#22;&amp#15;?����o�q�e/]&amp#15;wL켸���kV^��������w�&amp#1;&amp#7;�&amp#16;k�8���{~���M�ar�~���?��6�ls��&amp#7;�&amp#16;k�&amp#12;s5m���'��y�y&amp#28;��K�K8��s���h=�r�&amp#0;&amp#1;&amp#2;&amp#4;ZX ɞs�9e��X�o���_�jܸq-�pK�&amp#18;�L�
�W&amp#2;&amp#4;&amp#8;&amp#16; @�&amp#0;&amp#1;&amp#2;&amp#4;&amp#8;&amp#16; @�&amp#0;&amp#1;&amp#2;&amp#4;&amp#8;�&amp#16;�̠���뮻n�FSW����[9�R�>�J>bĈ��O.�Ĺs�l�+ڜq�&amp#25;s�=�V[mUv��B^#������&amp#15;&amp#22;�d��J+��U瓻'������{o^&amp#8;(&amp#26;����&amp#30;�c�=v�g���6�of��o~��U�&amp#21;VXa饗Ζ�p=��Yc�B�𼻐W&amp#28;zس~�}���L�=	�`��Q @�&amp#0;�6&amp#20;�q$&amp#27;o���'�\�&amp#18;��￟$1{�W�&amp#17;-m��&K�[&amp#23;��m�-�&amp#0;&amp#1;&amp#2;&amp#4;&amp#8;&amp#16; @�&amp#0;&amp#1;&amp#2;&amp#4;&amp#8;&amp#16; @�&amp#0;��&amp#18;X~��g�i�"���ߋ/�x�P��&amp#17;�u.c��O~��ڭ�|��_���&amp#15;?��b����&amp#31;�D���'��l�&���.��7����&amp#7;�5�Xo��F��({��&amp#23;�9Z��#�LZ����^Ȇ��X�&amp#18;K,&amp#17;�&amp#28;&amp#4;PNl��щ��k&amp#14;&amp#5;�&amp#30;�D�S�cMV�?��Os�9gٲ�P�m>��+�*&amp#19; @�@[	������&amp#31;����[&amp#15;&amp#27;6,]v������-���ڊ�=&amp#23;��.$�o�Go�&amp#4;&amp#8;&amp#16; @�&amp#0;&amp#1;&amp#2;&amp#4;&amp#8;&amp#16; @�&amp#0;&amp#1;&amp#2;&amp#4;&amp#8;4&0dȐ&amp#31;��&amp#7;E�Dg���/�x㍍Q_��}�s9#�f��&amp#24; &amp#27;�O8�r&��^��u�ʦ�d�Ͷ��X{e��W_=	Շ&amp#15;&amp#31;^T���.���l�q���}���/��'���T��+'�������\s͢2�*_8�l��K.Y��1�&amp#28;=�/�)&amp#16; @�@K
$�~�I'%3J��r&amp#17;q����믿ޒ˷��&amp#2;���M�&amp#16; @�&amp#0;&amp#1;&amp#2;&amp#4;&amp#8;&amp#16; @�&amp#0;&amp#1;&amp#2;&amp#4;&amp#8;&amp#16; @����&amp#27;n�M�ŅDg������߾��k4�mU����o��&amp#27;5jT��<��_~y�թ�z衇f&amp#31;�#,��§�rJ٦�\V~,�믿�̴�&amp#28;��v?����0�8'~y.@������>���� 2k���A&amp#7;&amp#29;$?pM%�&amp#4;&amp#8;&amp#16;hy�"֞�f�e�{�=;�s&amp#22;L�kX`&amp#4;�_g&amp#18;ʳ @�&amp#0;&amp#1;&amp#2;&amp#4;&amp#8;&amp#16; @�&amp#0;&amp#1;&amp#2;&amp#4;&amp#8;&amp#16; @�&amp#0;�)
$�z�1Ǭ���e�&amp#4;ww�qǯ}�k�����o���.��&amp#14;S��&amp#23;��eQH��&amp#28;&amp#19;��;Vv�`��[n�ʚɕs&amp#8;z&amp#26;&amp#23;W����瞛\���϶��vy(e��B�i�ϗ*G(+�B֛��G&amp#31;}�*��Ru�W&amp#2;&amp#4;&amp#8;&amp#16;h&amp#7;�2�^.��������Z��;o�L��&amp#5;�&amp#15;	��&amp#22;~��F�&amp#0;&amp#1;&amp#2;&amp#4;&amp#8;&amp#16; @�&amp#0;&amp#1;&amp#2;&amp#4;&amp#8;&amp#16; @�@�&amp#5;�����&amp#14;�{�S(���{�������&amp#7;&amp#30;x�wf�Sy��B��җ�Tg�ʓ�_x�:{�ܬ�1�s��j�T���z��i�'�|��[o-��G��&amp#27;9rd���7��,�:�&amp#25;&amp#1;&amp#2;&amp#4;&amp#8;L&amp#19;&amp#2;ed�j�e}&amp#25;q&amp#31;=z���_���V&amp#21;����&amp#17;�V]�u&amp#17; @�&amp#0;&amp#1;&amp#2;&amp#4;&amp#8;&amp#16; @�&amp#0;&amp#1;&amp#2;&amp#4;&amp#8;&amp#16; @��&amp#2;����o~�&amp#21;WdWte�=7�袋ƌ&amp#25;���9O�&amp#23;��~�ӟ�&amp#26;���g&amp#26;�&amp#1;��?�|&amp#15;-뿔&amp#8;A���Zj�e�]�h�}��߱�Z�u�]���o�}Y���&amp#20;&amp#5;e��q�J&amp#5;&amp#2;&amp#4;&amp#8;&amp#16;hg�2�^&amp#19;���������L�L�fK�-) �ޒ�բ&amp#8;&amp#16; @�&amp#0;&amp#1;&amp#2;&amp#4;&amp#8;&amp#16; @�&amp#0;&amp#1;&amp#2;&amp#4;&amp#8;&amp#16;�[���&amp#19;YϮ�#�8b��V��Y��&amp#31;w�q묳�QG&amp#29;��k�U^�<�|��ܠ��&amp#17;#���_~��R/��X�Fwg����ō�{�}/&�.��{o�1&amp#11;I���&amp#6;�&amp#6;�%�X��R���&amp#8;&amp#26;&amp#19; @�@�
���&amp#30;&amp#22;X�y뭷�&amp#12;&amp#25;"��&amp#3;T�]�����y�Z�Ê&amp#8;&amp#16; @�&amp#0;&amp#1;&amp#2;&amp#4;&amp#8;&amp#16; @�&amp#0;&amp#1;&amp#2;&amp#4;&amp#8;&amp#16; А�t�M���&amp#19;\����K�ݼ&amp#24;����x����9f�A��N�&amp#24;9���&amp#22;=4[t�E{�Z��СC���a����l�o���q��-��n]�&amp#26;&amp#8;;�&amp#27;���&amp#4;&amp#8;&amp#16; �w&amp#2;��ڋ�/���3�<s����&amp#3;S �*N�&amp#12;�ə&amp#21;&amp#1;&amp#2;&amp#4;&amp#8;&amp#16; @�&amp#0;&amp#1;&amp#2;&amp#4;&amp#8;&amp#16; @�&amp#0;&amp#1;&amp#2;&amp#4;�&amp#21;�lLOB�&amp#11;/���SO]s�5�i���;?��ͽ��O��3Oٱ�Bs�;���s��6��gK_��/����M�w�^ܽL-��J/��B�&amp#0;&amp#1;&amp#2;�'P�}��V�C��~&amp#0;�\QgS^{��f�&amp#17; @�&amp#0;&amp#1;&amp#2;&amp#4;&amp#8;&amp#16; @�&amp#0;&amp#1;&amp#2;&amp#4;&amp#8;&amp#16; @��&amp#5;�?6��&amp#19;\?�s*3�g���~��).|���b��kP����&amp#28;�sβ�&amp#23;&amp#11;���R�&amp#14;�⾍��P�*��M����&amp#8;�)&amp#1;&amp#2;&amp#4;&amp#8;4Q��X��[n)�|&amp#19;񧭡:=�i끙-&amp#1;&amp#2;&amp#4;&amp#8;&amp#16; @�&amp#0;&amp#1;&amp#2;&amp#4;&amp#8;&amp#16; @�&amp#0;&amp#1;&amp#2;&amp#3;_ �ُ9昽�ګ���'�<�&amp#3;�&amp#7;&amp#15;&amp#30;\����&amp#12;3���M&amp#7;N����>*'?�3���&amp#11;e&�^8�&amp#23;-	&amp#16; @`�&amp#16;�?־��+��O&amp#19;ϴ�&)�|��&amp#26;�&amp#0;&amp#1;&amp#2;&amp#4;&amp#8;&amp#16; @�&amp#0;&amp#1;&amp#2;&amp#4;&amp#8;&amp#16; @�&amp#0;��&amp#21;H����{�K���;�,&amp#15;������*3���
T�+��L>���b�eR�F5�'@�&amp#0;��&amp#16;�?־�*�����C��*�H����C�&amp#30;HG&amp#2;&amp#4;&amp#8;&amp#16; @�&amp#0;&amp#1;&amp#2;&amp#4;&amp#8;&amp#16; @�&amp#0;&amp#1;&amp#2;&amp#4;&amp#8;&amp#16;�.���g�[Q�e����{��&amp#12;�����7:��^z��R�&amp#14;/k����&amp#27;�c��eV��&0nܸ�}9NC�5&@�&amp#0;��&amp#16;h(־�&amp#22;[�ƪ���&amp#2;y�/�&amp#8;���׀:&amp#18; @�&amp#0;&amp#1;&amp#2;&amp#4;&amp#8;&amp#16; @�&amp#0;&amp#1;&amp#2;&amp#4;&amp#8;&amp#16; @`
&amp#2;�����OO�[�_~��&amp#27;�g����>��37ڽ���#۟��^���s�&amp#21;�f�m�^tׅ&amp#0;&amp#1;&amp#2;&amp#4;Z@��X����Z��{&amp#11;��&amp#18;z- ��k:&amp#29;	&amp#16; @�&amp#0;&amp#1;&amp#2;&amp#4;&amp#8;&amp#16; @�&amp#0;&amp#1;&amp#2;&amp#4;&amp#8;&amp#16; 0e��#G���{��<�
O?�t�S*w�W���A��~�С�Pe༡�� �ǻM��9kL�&amp#0;&amp#1;&amp#2;M&amp#20;����&amp#24;1��_���3�Xs��ڿ��/ּ���&amp#4;&&�o�5[/&amp#1;&amp#2;&amp#4;&amp#8;&amp#16; @�&amp#0;&amp#1;&amp#2;&amp#4;&amp#8;&amp#16; @�&amp#0;&amp#1;&amp#2;&amp#4;�S��&amp#15;?,o7��ӗ�Vx�G&amp#26;�R&amp#25;n_`�&amp#5;&amp#26;�����,�H1�c�=֋�&amp#31;}�Ѣ�2�,Ӌ�&amp#16; @��4-P&amp#21;k�y�G�&amp#26;5f̘&amp#25;f��j]��ԧ�ګL���p{;?}k'@�&amp#0;&amp#1;&amp#2;&amp#4;&amp#8;&amp#16; @�&amp#0;&amp#1;&amp#2;&amp#4;&amp#8;&amp#16; @�?&amp#4;Ǝ&amp#29;[�&��-�&amp#3;���SO���&amp#27;��*��_x�E��Ç�߱�Z~�3�)FN���;�h�.��r˳�>[tYz�&amp#27;�1&amp#1;&amp#2;&amp#4;&amp#8;����&amp#23;_\d��w�y&amp#19;k/���?��;������&amp#5;&־�曗_&amp#21;&amp#8;8���&amp#0;&amp#1;&amp#2;&amp#4;&amp#8;&amp#16; @�&amp#0;&amp#1;&amp#2;&amp#4;&amp#8;&amp#16; @�&amp#0;&amp#1;&amp#2;&amp#4;�V��{�-o0�|��&amp#1;X�馛��&amp#21;W\��;�&amp#20;�_~��;�Q��J�&amp#17;��ঢ়vZCw9����&amp#3;a-�d&amp#20;&amp#8;&amp#16; @�&amp#31;&amp#4;���&amp#3;&amp#15;<P�h�7��!���o��Gť�V[M��&amp#31;&amp#30;Ǵu����&amp#7;�۔Ӗ��&amp#18; @�&amp#0;&amp#1;&amp#2;&amp#4;&amp#8;&amp#16; @�&amp#0;&amp#1;&amp#2;&amp#4;&amp#8;&amp#16; @�J )��?���r�מu�Y�&amp#26;&amp#12;���j��1������]L~���J&amp#4;�c_H��m���4n���ﾻ�)�v�mw�uW�8��&amp#7;�3�sQ�&amp#17; @�@�&amp#2;w�yg&amp#17;S_h��ʣI����&amp#30;���~W\��t�m�Y�cj�>&amp#2;�&amp#29;&amp#29;&amp#29;�Z+%@�&amp#0;&amp#1;&amp#2;&amp#4;&amp#8;&amp#16; @�&amp#0;&amp#1;&amp#2;&amp#4;&amp#8;&amp#16; @�@�	$-��Z�n�6(�&amp#3;����5�\S��.��2��.��2@~ϼ�&amp#14;;��?�c�|�����
ɟ�ǖW��r˲ܽ��&amp#12;��^��&amp#0;&amp#1;&amp#2;&amp#4;�i���_���]w�r!��s�&amp#25;g�Q��W_}u��RF�R �&amp#4;���L�&amp#0;&amp#1;&amp#2;&amp#4;&amp#8;&amp#16; @�&amp#0;&amp#1;&amp#2;&amp#4;&amp#8;&amp#16; @�&amp#0;&amp#1;&amp#2;5&amp#5;^{����|��w�}�&amp#23;_|�h�袋���k<p���&amp#31;���=�߳��g?�Y1�^�A�&amp#3;d�s�5�^{�UL&�&amp#14;l��v9ǽ���&amp#25;}�K_�����6;��Q�j�Ϫ&amp#15;?���'}�>��mT&amp#18; @���(����~���|�&amp#5;&amp#23;�_��Ǐ���&amp#27;�������&amp#31;�>}o�����̹&amp#4;�����]&amp#8;&amp#16; @�&amp#0;&amp#1;&amp#2;&amp#4;&amp#8;&amp#16; @�&amp#0;&amp#1;&amp#2;&amp#4;&amp#8;&amp#16;��&amp#5;�N6;�rb��G&amp#31;�����w��a1	�&h��6�dc\�l�9��&amp#22;�駟��^&amp#31;��&amp#5;&amp#22;X���!�&amp#28;���믿�}J9�v���;�&amp#19;�K������@($&amp#27;�
+�P�$���j�+�����߯��{�w�e��&amp#25;��C,��&amp#18;cƌ�jV~}����=��W'}�:ꨞ&amp#0;�^
&amp#4;&amp#8;&amp#16; 0�&amp#5;ʭ�9&amp#27;���;蠃.���_~����?�i����&amp#16;?�&amp#25;&amp#14;�xo��&amp#4;&amp#8;&amp#16; @�&amp#0;&amp#1;&amp#2;&amp#4;&amp#8;&amp#16; @�&amp#0;&amp#1;&amp#2;&amp#4;&amp#8;&amp#16;&amp#24;�&amp#2;E.٧�z��I�L8���g�=q��&}&amp#18;����&amp#15;�=.��'&]���f�餓N&amp#26;6lXe�&amp#0;,'�}&amp#2;&amp#12;7�pC�vݤ��&amp#11;/���9�6���&amp#24;?���&A��&amp#15;8��&amp#21;W\���c/�&amp#19;�8����g������{�B��K/��|�͗&amp#24;|^��ZH����&amp#23;�&amp#24;<x�����s�U^&amp#26;;v�r�-WY�L�&amp#0;&amp#1;&amp#2;Ӣ@���~����/����%&amp#12;&amp#26;4(��/|�&amp#11;���&amp#4;�&amp#4;�#$�^e�+&amp#1;&amp#2;&amp#4;&amp#8;&amp#16; @�&amp#0;&amp#1;&amp#2;&amp#4;&amp#8;&amp#16; @�&amp#0;&amp#1;&amp#2;&amp#4;�,��{>=�K�=&amp#27;���b�&amp#20;zn9&amp#16;�敂#�8���O?��&amp#19;��$&amp#19;�䒱�=���?��&amp#12;��W�a�&amp#25;f8��~��_����҃�>���Bv��U�&amp#25;g�������Ke�СC+�*&amp#19; @��4*��#�Tes�k[�-�X^��KZ&amp#3;<-�4j�b�&amp#22;no�&amp#7;j9&amp#4;&amp#8;&amp#16; @�&amp#0;&amp#1;&amp#2;&amp#4;&amp#8;&amp#16; @�&amp#0;&amp#1;&amp#2;&amp#4;&amp#8;�@�F�s�9w�qG2�&amp#23;��{�����7�h��&amp#11;>�,���2WӦ�&amp#16;�8�&amp#20;&amp#27;W6(#ē�X6�y�+;�,gw~b&amp#12;;��&amp#26;k�q�&amp#5;&amp#23;d�_�6��W���~9&amp#22;�&amp#31;�!(o1�&amp#5;�\H*;;;&amp#19;A�z뭓&amp#22;����}ͅd�&amp#28;&amp#16;��d&amp#19;���)�&amp#19;w)�i�]��W&amp#5;&amp#2;&amp#4;&amp#8;&amp#16;�v&amp#5;�L���#	]����,�L��紻.3�7���t$��o�s#&amp#2;&amp#4;&amp#8;&amp#16; @�&amp#0;&amp#1;&amp#2;&amp#4;&amp#8;&amp#16; @�&amp#0;&amp#1;&amp#2;&amp#4;&amp#8;L�&amp#2;ɬ>nܸW^y套^z��s
x�&amp#6;����O&amp#20;v�y�{6C&amp#15;�%��'?��+2�&amp#28;ʞW&amp#4;ʩfQI���k��dYO0~�9����	N��&amp#12;�B&amp#22;�T�yd�?��&amp#27;o�1묳�I�&amp#25;-���y���&amp#25;f��5�\�w#�\s�F����EK&amp#2;&amp#4;&amp#8;&amp#16;�7��&amp#5;q��&amp#7;�&amp#24;1"Q�e�]��W��mnn4	��&amp#4;8�мM�&amp#0;&amp#1;&amp#2;&amp#4;&amp#8;&amp#16; @�&amp#0;&amp#1;&amp#2;&amp#4;&amp#8;&amp#16; @�&amp#0;&amp#1;&amp#2;&amp#31;�@B���|>&amp#31;����y��r��سï�f&amp#26;-g!#'}�r�C�&amp#12;�|�ͧr&amp#16;�	&amp#16; @`�&amp#8;�/����+�a�)�ɴ( �>->5s&@�&amp#0;&amp#1;&amp#2;&amp#4;&amp#8;&amp#16; @�&amp#0;&amp#1;&amp#2;&amp#4;&amp#8;&amp#16; @�@�&amp#5;dBm2��&amp#8;&amp#16; @``&amp#11;�G�&amp#12;�i�݀&amp#22;����&amp#28;�&amp#19;49&amp#2;&amp#4;&amp#8;&amp#16; @�&amp#0;&amp#1;&amp#2;&amp#4;&amp#8;&amp#16; @�&amp#0;&amp#1;&amp#2;&amp#4;&amp#8;&amp#16; @�&amp#0;&amp#1;&amp#2;&amp#4;&amp#8;&amp#16; 0�&amp#4;rv�p��{,fD�&amp#0;&amp#1;&amp#2;&amp#4;&amp#8;&amp#16; @�&amp#0;&amp#1;&amp#2;&amp#4;&amp#8;&amp#16; @�&amp#0;&amp#1;&amp#2;&amp#4;&amp#8;&amp#16; @�&amp#0;&amp#1;&amp#2;&amp#3;^@�}�?"&amp#19;$@�&amp#0;&amp#1;&amp#2;&amp#4;&amp#8;&amp#16; @�&amp#0;&amp#1;&amp#2;&amp#4;&amp#8;&amp#16; @�&amp#0;&amp#1;&amp#2;&amp#4;&amp#8;&amp#16; @�&amp#0;��' �>�&amp#25;&amp#17; @�&amp#0;&amp#1;&amp#2;&amp#4;&amp#8;&amp#16; @�&amp#0;&amp#1;&amp#2;&amp#4;&amp#8;&amp#16; @�&amp#0;&amp#1;&amp#2;&amp#4;&amp#8;&amp#16; @���&amp#22;�0a�p��~DfG�&amp#0;&amp#1;&amp#2;&amp#4;&amp#8;&amp#16; @�&amp#0;&amp#1;&amp#2;&amp#4;&amp#8;&amp#16; @�&amp#0;&amp#1;&amp#2;&amp#4;&amp#8;&amp#16; @�&amp#0;&amp#1;&amp#2;&amp#3;O���C�}�=&amp#22;3"@�&amp#0;&amp#1;&amp#2;&amp#4;&amp#8;&amp#16; @�&amp#0;&amp#1;&amp#2;&amp#4;&amp#8;&amp#16; @�&amp#0;&amp#1;&amp#2;&amp#4;&amp#8;&amp#16; @�&amp#0;�&amp#1;/ �>�&amp#31;�	&amp#18; @�&amp#0;&amp#1;&amp#2;&amp#4;&amp#8;&amp#16; @�&amp#0;&amp#1;&amp#2;&amp#4;&amp#8;&amp#16; @�&amp#0;&amp#1;&amp#2;&amp#4;&amp#8;&amp#16; @��&amp#0;&amp#19;����LB�&amp#1;6+�!@�&amp#0;&amp#1;&amp#2;&amp#4;&amp#8;&amp#16; @�&amp#0;&amp#1;&amp#2;&amp#4;&amp#8;&amp#16; @�&amp#0;&amp#1;&amp#2;&amp#4;&amp#8;&amp#16; @�&amp#0;&amp#1;&amp#2;&amp#3;Z�3&amp#31;��&amp#1;��L�&amp#0;&amp#1;&amp#2;&amp#4;&amp#8;&amp#16; @�&amp#0;&amp#1;&amp#2;&amp#4;&amp#8;&amp#16; @�&amp#0;&amp#1;&amp#2;&amp#4;&amp#8;&amp#16; @�&amp#0;&amp#1;&amp#2;&amp#4;&amp#6;�@B�&amp#18;q&amp#31;x&amp#19;3#&amp#2;&amp#4;&amp#8;&amp#16; @�&amp#0;&amp#1;&amp#2;&amp#4;&amp#8;&amp#16; @�&amp#0;&amp#1;&amp#2;&amp#4;&amp#8;&amp#16;�&amp#15;��7�x��&amp#23;ϝF�&amp#30;�&amp#31;�s&amp#15;&amp#2;&amp#4;&amp#8;&amp#16; @�@&amp#11;	t���BO�R&amp#8;&amp#16; @�&amp#0;&amp#1;&amp#2;&amp#4;&amp#8;&amp#16; @�&amp#0;&amp#1;&amp#2;&amp#4;&amp#8;&amp#16; @�&amp#0;&amp#1;&amp#2;&amp#4;&amp#8;&amp#16; @�?&amp#4;&�ݞ?�q+� @�&amp#0;&amp#1;&amp#2;&amp#4;&amp#8;&amp#16; @�&amp#0;&amp#1;&amp#2;&amp#4;&amp#8;&amp#16; @�&amp#0;&amp#1;&amp#2;&amp#4;&amp#8;&amp#16; @�&amp#0;&amp#1;&amp#2;�"�D�v���ô&amp#14;&amp#2;&amp#4;&amp#8;&amp#16; @�&amp#0;&amp#1;&amp#2;&amp#4;&amp#8;&amp#16; @�&amp#0;&amp#1;&amp#2;&amp#4;&amp#8;&amp#16; @�&amp#0;&amp#1;&amp#2;&amp#4;&amp#8;&amp#16;�G�N���Qۭ&amp#8;&amp#16; @�&amp#0;&amp#1;&amp#2;&amp#4;&amp#8;&amp#16; @�&amp#0;&amp#1;&amp#2;&amp#4;&amp#8;&amp#16; @�&amp#0;&amp#1;&amp#2;&amp#4;&amp#8;&amp#16; @�E&amp#4;�no�&amp#7;i&amp#25;&amp#4;&amp#8;&amp#16; @�&amp#0;&amp#1;&amp#2;&amp#4;&amp#8;&amp#16; @�&amp#0;&amp#1;&amp#2;&amp#4;&amp#8;&amp#16; @�&amp#0;&amp#1;&amp#2;&amp#4;&amp#8;&amp#16; П&amp#2;��y3�"@�&amp#0;&amp#1;&amp#2;&amp#4;&amp#8;&amp#16; @�&amp#0;&amp#1;&amp#2;&amp#4;&amp#8;&amp#16; @�&amp#0;&amp#1;&amp#2;&amp#4;&amp#8;&amp#16; @�&amp#0;&amp#1;&amp#2;- �D�]]]-�&amp#18;K @�&amp#0;&amp#1;&amp#2;&amp#4;&amp#8;&amp#16; @�&amp#0;&amp#1;&amp#2;&amp#4;&amp#8;&amp#16; @�&amp#0;&amp#1;&amp#2;&amp#4;&amp#8;&amp#16; @�&amp#0;&amp#1;&amp#2;�&Б�����ۍ&amp#8;&amp#16; @�&amp#0;&amp#1;&amp#2;&amp#4;&amp#8;&amp#16; @�&amp#0;&amp#1;&amp#2;&amp#4;&amp#8;&amp#16; @�&amp#0;&amp#1;&amp#2;&amp#4;&amp#8;&amp#16; @�e&amp#4;$�o�Gi!&amp#4;&amp#8;&amp#16; @�&amp#0;&amp#1;&amp#2;&amp#4;&amp#8;&amp#16; @�&amp#0;&amp#1;&amp#2;&amp#4;&amp#8;&amp#16; @�&amp#0;&amp#1;&amp#2;&amp#4;&amp#8;&amp#16; �O&amp#2;&amp#19;���ӭ܆&amp#0;&amp#1;&amp#2;&amp#4;&amp#8;&amp#16; @�&amp#0;&amp#1;&amp#2;&amp#4;&amp#8;&amp#16; @�&amp#0;&amp#1;&amp#2;&amp#4;&amp#8;&amp#16; @�&amp#0;&amp#1;&amp#2;&amp#4;&amp#8;��@��ɷ�ô&amp#14;&amp#2;&amp#4;&amp#8;&amp#16; @�&amp#0;&amp#1;&amp#2;&amp#4;&amp#8;&amp#16; @�&amp#0;&amp#1;&amp#2;&amp#4;&amp#8;&amp#16; @�&amp#0;&amp#1;&amp#2;&amp#4;&amp#8;&amp#16;�G&amp#1;���&amp#17;ۭ&amp#8;&amp#16; @�&amp#0;&amp#1;&amp#2;&amp#4;&amp#8;&amp#16; @�&amp#0;&amp#1;&amp#2;&amp#4;&amp#8;&amp#16; @�&amp#0;&amp#1;&amp#2;&amp#4;&amp#8;&amp#16; @�%&amp#4;&&�ϟ�X�E&amp#16; @�&amp#0;&amp#1;&amp#2;&amp#4;&amp#8;&amp#16; @�&amp#0;&amp#1;&amp#2;&amp#4;&amp#8;&amp#16; @�&amp#0;&amp#1;&amp#2;&amp#4;&amp#8;&amp#16; @�&amp#0;��&amp#19;�L���݉&amp#0;&amp#1;&amp#2;&amp#4;&amp#8;&amp#16; @�&amp#0;&amp#1;&amp#2;&amp#4;&amp#8;&amp#16; @�&amp#0;&amp#1;&amp#2;&amp#4;&amp#8;&amp#16; @�&amp#0;&amp#1;&amp#2;&amp#4;ZF@2��y�&amp#22;B�&amp#0;&amp#1;&amp#2;&amp#4;&amp#8;&amp#16; @�&amp#0;&amp#1;&amp#2;&amp#4;&amp#8;&amp#16; @�&amp#0;&amp#1;&amp#2;&amp#4;&amp#8;&amp#16; @�&amp#0;&amp#1;&amp#2;�' ����D�&amp#0;&amp#1;&amp#2;&amp#4;&amp#8;&amp#16; @�&amp#0;&amp#1;&amp#2;&amp#4;&amp#8;&amp#16; @�&amp#0;&amp#1;&amp#2;&amp#4;&amp#8;&amp#16; @�&amp#0;&amp#1;&amp#2;-# ��2��B&amp#8;&amp#16; @�&amp#0;&amp#1;&amp#2;&amp#4;&amp#8;&amp#16; @�&amp#0;&amp#1;&amp#2;&amp#4;&amp#8;&amp#16; @�&amp#0;&amp#1;&amp#2;&amp#4;&amp#8;&amp#16; @��&amp#4;&L� ��O�nC�&amp#0;&amp#1;&amp#2;&amp#4;&amp#8;&amp#16; @�&amp#0;&amp#1;&amp#2;&amp#4;&amp#8;&amp#16; @�&amp#0;&amp#1;&amp#2;&amp#4;&amp#8;&amp#16; @�&amp#0;&amp#1;&amp#2;-#�p{G���z,�&amp#0;&amp#1;&amp#2;&amp#4;&amp#8;&amp#16; @�&amp#0;&amp#1;&amp#2;&amp#4;&amp#8;&amp#16; @�&amp#0;&amp#1;&amp#2;&amp#4;&amp#8;&amp#16; @�&amp#0;&amp#1;&amp#2;&amp#4;&amp#8;������.&amp#4;&amp#8;&amp#16; @�&amp#0;&amp#1;&amp#2;&amp#4;&amp#8;&amp#16; @�&amp#0;&amp#1;&amp#2;&amp#4;&amp#8;&amp#16; @�&amp#0;&amp#1;&amp#2;&amp#4;&amp#8;&amp#16; �R&amp#2;��-�8-�&amp#0;&amp#1;&amp#2;&amp#4;&amp#8;&amp#16; @�&amp#0;&amp#1;&amp#2;&amp#4;&amp#8;&amp#16; @�&amp#0;&amp#1;&amp#2;&amp#4;&amp#8;&amp#16; @�&amp#0;&amp#1;&amp#2;&amp#4;�G@���݅&amp#0;&amp#1;&amp#2;&amp#4;&amp#8;&amp#16; @�&amp#0;&amp#1;&amp#2;&amp#4;&amp#8;&amp#16; @�&amp#0;&amp#1;&amp#2;&amp#4;&amp#8;&amp#16; @�&amp#0;&amp#1;&amp#2;&amp#4;ZG�������8��&amp#0;&amp#1;&amp#2;&amp#4;&amp#8;&amp#16; @�&amp#0;&amp#1;&amp#2;&amp#4;&amp#8;&amp#16; @�&amp#0;&amp#1;&amp#2;&amp#4;&amp#8;&amp#16; @�&amp#0;&amp#1;&amp#2;&amp#4;�M���~�v#&amp#2;&amp#4;&amp#8;&amp#16; @�&amp#0;&amp#1;&amp#2;&amp#4;&amp#8;&amp#16; @�&amp#0;&amp#1;&amp#2;&amp#4;&amp#8;&amp#16; @�&amp#0;&amp#1;&amp#2;&amp#4;&amp#8;&amp#16;h&amp#29;&amp#1;���y�VB�&amp#0;&amp#1;&amp#2;&amp#4;&amp#8;&amp#16; @�&amp#0;&amp#1;&amp#2;&amp#4;&amp#8;&amp#16; @�&amp#0;&amp#1;&amp#2;&amp#4;&amp#8;&amp#16; @�&amp#0;&amp#1;&amp#2;�&0����F&amp#4;&amp#8;&amp#16; @�&amp#0;&amp#1;&amp#2;&amp#4;&amp#8;&amp#16; @�&amp#0;&amp#1;&amp#2;&amp#4;&amp#8;&amp#16;��&amp#4;���Mss6a&amp#2;&amp#4;&amp#8;&amp#16; @`�&amp#8;�&amp#30;=z���4�B`	v��&amp#5;�1	&amp#16; @�&amp#0;&amp#1;&amp#2;&amp#4;&amp#8;&amp#16; @�&amp#0;&amp#1;&amp#2;&amp#4;&amp#8;&amp#16; @�&amp#0;&amp#1;&amp#2;&amp#4;&amp#8;&amp#16; @��&amp#5;:�IȽ��hm&amp#4;&amp#8;&amp#16; @�&amp#0;&amp#1;&amp#2;&amp#4;&amp#8;&amp#16; @�&amp#0;&amp#1;&amp#2;&amp#4;&amp#8;&amp#16; @�&amp#0;&amp#1;&amp#2;&amp#4;&amp#8;&amp#16; @�&amp#15;&amp#4;�n�&amp#3;TC&amp#18; @�&amp#0;&amp#1;&amp#2;&amp#4;&amp#8;&amp#16; @�&amp#0;&amp#1;&amp#2;&amp#4;&amp#8;&amp#16; @�&amp#0;&amp#1;&amp#2;&amp#4;&amp#8;&amp#16; @�@K&amp#11;tuuuL�����˴8&amp#2;&amp#4;&amp#8;&amp#16; @�&amp#0;&amp#1;&amp#2;&amp#4;&amp#8;&amp#16; @�&amp#0;&amp#1;&amp#2;&amp#4;&amp#8;&amp#16; @�&amp#0;&amp#1;&amp#2;&amp#4;&amp#8;&amp#16; �d�N��,j8&amp#2;&amp#4;&amp#8;&amp#16; @�&amp#0;&amp#1;&amp#2;&amp#4;&amp#8;&amp#16; @�&amp#0;&amp#1;&amp#2;&amp#4;&amp#8;&amp#16; @�&amp#0;&amp#1;&amp#2;&amp#4;&amp#8;&amp#16;hu��ڝ���&amp#15;��&amp#8;&amp#16; @�&amp#0;&amp#1;&amp#2;&amp#4;&amp#8;&amp#16; @�&amp#0;&amp#1;&amp#2;&amp#4;&amp#8;&amp#16; @�&amp#0;&amp#1;&amp#2;&amp#4;&amp#8;&amp#16; @��&amp#2;	�;��٨�#@�&amp#0;&amp#1;&amp#2;&amp#4;&amp#8;&amp#16; @�&amp#0;&amp#1;&amp#2;&amp#4;&amp#8;&amp#16; @�&amp#0;&amp#1;&amp#2;&amp#4;&amp#8;&amp#16; @�&amp#0;�V&amp#23;�&amp#24;n���L�#@�&amp#0;&amp#1;&amp#2;&amp#4;&amp#8;&amp#16; @�&amp#0;&amp#1;&amp#2;&amp#4;&amp#8;&amp#16; @�&amp#0;&amp#1;&amp#2;&amp#4;&amp#8;&amp#16; @�&amp#0;&amp#1;&amp#2;�&amp#20;���L����"@�&amp#0;&amp#1;&amp#2;&amp#4;&amp#8;&amp#16; @�&amp#0;&amp#1;&amp#2;&amp#4;&amp#8;&amp#16; @�&amp#0;&amp#1;&amp#2;&amp#4;&amp#8;&amp#16; @�&amp#0;�6&amp#17;��&amp#14;�6Y�e&amp#18; @�&amp#0;&amp#1;&amp#2;&amp#4;&amp#8;&amp#16; @�&amp#0;&amp#1;&amp#2;&amp#4;&amp#8;&amp#16; @�&amp#0;&amp#1;&amp#2;&amp#4;&amp#8;&amp#16; @�&amp#0;�f	���,I�&amp#16; @�&amp#0;&amp#1;&amp#2;&amp#4;&amp#8;&amp#16; @�&amp#0;&amp#1;&amp#2;&amp#4;&amp#8;&amp#16; @�&amp#0;&amp#1;&amp#2;&amp#4;&amp#8;&amp#16; @�@&amp#27;	t��Z-�&amp#0;&amp#1;&amp#2;&amp#4;&amp#8;&amp#16; @�&amp#0;&amp#1;&amp#2;&amp#4;&amp#8;&amp#16; @�&amp#0;&amp#1;&amp#2;&amp#4;&amp#8;&amp#16; @�&amp#0;&amp#1;&amp#2;&amp#4;&amp#8;4C ��;����1�1&amp#8;&amp#16; @�&amp#0;&amp#1;&amp#2;&amp#4;&amp#8;&amp#16; @�&amp#0;&amp#1;&amp#2;&amp#4;&amp#8;&amp#16; @�&amp#0;&amp#1;&amp#2;&amp#4;&amp#8;&amp#16; @�@�&amp#8;t����vy��I�&amp#0;&amp#1;&amp#2;&amp#4;&amp#8;&amp#16; @�&amp#0;&amp#1;&amp#2;&amp#4;&amp#8;&amp#16; @�&amp#0;&amp#1;&amp#2;&amp#4;&amp#8;&amp#16; @�&amp#0;&amp#1;&amp#2;�&amp#19;�L�y�F"@�&amp#0;&amp#1;&amp#2;&amp#4;&amp#8;&amp#16; @�&amp#0;&amp#1;&amp#2;&amp#4;&amp#8;&amp#16; @�&amp#0;&amp#1;&amp#2;&amp#4;&amp#8;&amp#16; @�&amp#0;��&amp#16;��L�=Vj�&amp#4;&amp#8;&amp#16; @�&amp#0;&amp#1;&amp#2;&amp#4;&amp#8;&amp#16; @�&amp#0;&amp#1;&amp#2;&amp#4;&amp#8;&amp#16; @�&amp#0;&amp#1;&amp#2;&amp#4;&amp#8;&amp#16; @�i&amp#2;	�K&�4M&amp#3;&amp#17; @�&amp#0;&amp#1;&amp#2;&amp#4;&amp#8;&amp#16; @�&amp#0;&amp#1;&amp#2;&amp#4;&amp#8;&amp#16; @�&amp#0;&amp#1;&amp#2;&amp#4;&amp#8;&amp#16; @�@�&amp#8;���>��J	&amp#16; @�&amp#0;&amp#1;&amp#2;&amp#4;&amp#8;&amp#16; @�&amp#0;&amp#1;&amp#2;&amp#4;&amp#8;&amp#16; @�&amp#0;&amp#1;&amp#2;&amp#4;&amp#8;&amp#16; @�9&amp#2;&amp#19;���Os&amp#6;3
&amp#1;&amp#2;&amp#4;&amp#8;&amp#16; @�&amp#0;&amp#1;&amp#2;&amp#4;&amp#8;&amp#16; @�&amp#0;&amp#1;&amp#2;&amp#4;&amp#8;&amp#16; @�&amp#0;&amp#1;&amp#2;&amp#4;&amp#8;&amp#16;h&amp#27;&amp#1;����Q[(&amp#1;&amp#2;&amp#4;&amp#8;&amp#16; @�&amp#0;&amp#1;&amp#2;&amp#4;&amp#8;&amp#16; @�&amp#0;&amp#1;&amp#2;&amp#4;&amp#8;&amp#16; @�&amp#0;&amp#1;&amp#2;&amp#4;&amp#8;4O@2��Y&amp#26;�&amp#0;&amp#1;&amp#2;&amp#4;&amp#8;&amp#16; @�&amp#0;&amp#1;&amp#2;&amp#4;&amp#8;&amp#16; @�&amp#0;&amp#1;&amp#2;&amp#4;&amp#8;&amp#16; @�&amp#0;&amp#1;&amp#2;&amp#4;�F@��m&amp#30;��&amp#18; @�&amp#0;&amp#1;&amp#2;&amp#4;&amp#8;&amp#16; @�&amp#0;&amp#1;&amp#2;&amp#4;&amp#8;&amp#16; @�&amp#0;&amp#1;&amp#2;&amp#4;&amp#8;&amp#16; @�@�&amp#4;�ۛgi$&amp#2;&amp#4;&amp#8;&amp#16; @�&amp#0;&amp#1;&amp#2;&amp#4;&amp#8;&amp#16; @�&amp#0;&amp#1;&amp#2;&amp#4;&amp#8;&amp#16; @�&amp#0;&amp#1;&amp#2;&amp#4;&amp#8;&amp#16;h&amp#15;�	&amp#19;&&amp#8;��ǣ�J&amp#2;&amp#4;&amp#8;&amp#16; @�&amp#0;&amp#1;&amp#2;&amp#4;&amp#8;&amp#16; @�&amp#0;&amp#1;&amp#2;&amp#4;&amp#8;&amp#16; @�&amp#0;&amp#1;&amp#2;&amp#4;&amp#8;&amp#16;h�@��&amp#29;�Ӽ&amp#1;�D�&amp#0;&amp#1;&amp#2;&amp#4;&amp#8;&amp#16; @�&amp#0;&amp#1;&amp#2;&amp#4;&amp#8;&amp#16; @�&amp#0;&amp#1;&amp#2;&amp#4;&amp#8;&amp#16; @�&amp#0;&amp#1;&amp#2;&amp#4;�B����x�&amp#22;I�&amp#0;&amp#1;&amp#2;&amp#4;&amp#8;&amp#16; @�&amp#0;&amp#1;&amp#2;&amp#4;&amp#8;&amp#16; @�&amp#0;&amp#1;&amp#2;&amp#4;&amp#8;&amp#16; @�&amp#0;&amp#1;&amp#2;�&amp#21;&amp#16;no���&amp#8;&amp#16; @�&amp#0;&amp#1;&amp#2;&amp#4;&amp#8;&amp#16; @�&amp#0;&amp#1;&amp#2;&amp#4;&amp#8;&amp#16; @�&amp#0;&amp#1;&amp#2;&amp#4;&amp#8;&amp#16; @�-&amp#4;����1[$&amp#1;&amp#2;&amp#4;&amp#8;&amp#16; @�&amp#0;&amp#1;&amp#2;&amp#4;&amp#8;&amp#16; @�&amp#0;&amp#1;&amp#2;&amp#4;&amp#8;&amp#16; @�&amp#0;&amp#1;&amp#2;&amp#4;&amp#8;4Q������M�4&amp#20;&amp#1;&amp#2;&amp#4;&amp#8;&amp#16; @�&amp#0;&amp#1;&amp#2;&amp#4;&amp#8;&amp#16; @�&amp#0;&amp#1;&amp#2;&amp#4;&amp#8;&amp#16; @�&amp#0;&amp#1;&amp#2;&amp#4;&amp#8;������򤭓&amp#0;&amp#1;&amp#2;&amp#4;&amp#8;&amp#16; @�&amp#0;&amp#1;&amp#2;&amp#4;&amp#8;&amp#16; @�&amp#0;&amp#1;&amp#2;&amp#4;&amp#8;&amp#16; @�&amp#0;&amp#1;&amp#2;&amp#4;�( ��DLC&amp#17; @�&amp#0;&amp#1;&amp#2;&amp#4;&amp#8;&amp#16; @�&amp#0;&amp#1;&amp#2;&amp#4;&amp#8;&amp#16; @�&amp#0;&amp#1;&amp#2;&amp#4;&amp#8;&amp#16; @�@�&amp#8;&amp#8;��˓�N&amp#2;&amp#4;&amp#8;&amp#16; @�&amp#0;&amp#1;&amp#2;&amp#4;&amp#8;&amp#16; @�&amp#0;&amp#1;&amp#2;&amp#4;&amp#8;&amp#16; @�&amp#0;&amp#1;&amp#2;&amp#4;&amp#8;&amp#16;h���	&amp#19;���,L�&amp#16; @�&amp#0;&amp#1;&amp#2;&amp#4;&amp#8;&amp#16; @�&amp#0;&amp#1;&amp#2;&amp#4;&amp#8;&amp#16; @�&amp#0;&amp#1;&amp#2;&amp#4;&amp#8;&amp#16; @�@&amp#27;	���F&amp#15;�R	&amp#16; @�&amp#0;&amp#1;&amp#2;&amp#4;&amp#8;&amp#16; @�&amp#0;&amp#1;&amp#2;&amp#4;&amp#8;&amp#16; @�&amp#0;&amp#1;&amp#2;&amp#4;&amp#8;&amp#16; @�Y&amp#2;��͒4&amp#14;&amp#1;&amp#2;&amp#4;&amp#8;&amp#16; @�&amp#0;&amp#1;&amp#2;&amp#4;&amp#8;&amp#16; @�&amp#0;&amp#1;&amp#2;&amp#4;&amp#8;&amp#16; @�&amp#0;&amp#1;&amp#2;&amp#4;&amp#8;��@WWW��?&amp#29;&amp#29;�b�$@�&amp#0;&amp#1;&amp#2;&amp#4;&amp#8;&amp#16; @�&amp#0;&amp#1;&amp#2;&amp#4;&amp#8;&amp#16; @�&amp#0;&amp#1;&amp#2;&amp#4;&amp#8;&amp#16; @�&amp#0;&amp#1;&amp#2;�&amp#16;�����&amp#24;�&amp#24;&amp#4;&amp#8;&amp#16; @�&amp#0;&amp#1;&amp#2;&amp#4;&amp#8;&amp#16; @�&amp#0;&amp#1;&amp#2;&amp#4;&amp#8;&amp#16; @�&amp#0;&amp#1;&amp#2;&amp#4;&amp#8;&amp#16; @�]&amp#4;&amp#18;j�&amp#16;no��m�&amp#4;&amp#8;&amp#16; @�&amp#0;&amp#1;&amp#2;&amp#4;&amp#8;&amp#16; @�&amp#0;&amp#1;&amp#2;&amp#4;&amp#8;&amp#16; @�&amp#0;&amp#1;&amp#2;&amp#4;&amp#8;&amp#16; �$��ڝ��$K�&amp#16; @�&amp#0;&amp#1;&amp#2;&amp#4;&amp#8;&amp#16; @�&amp#0;&amp#1;&amp#2;&amp#4;&amp#8;&amp#16; @�&amp#0;&amp#1;&amp#2;&amp#4;&amp#8;&amp#16; @�@�&amp#8;L&amp#12;�����Y��&amp#18; @�&amp#0;&amp#1;&amp#2;&amp#4;&amp#8;&amp#16; @�&amp#0;&amp#1;&amp#2;&amp#4;&amp#8;&amp#16; @�&amp#0;&amp#1;&amp#2;&amp#4;&amp#8;&amp#16; @�&amp#0;�&&amp#8;tvvJ&�&amp#4;GC&amp#16; @�&amp#0;&amp#1;&amp#2;&amp#4;&amp#8;&amp#16; @�&amp#0;&amp#1;&amp#2;&amp#4;&amp#8;&amp#16; @�&amp#0;&amp#1;&amp#2;&amp#4;&amp#8;&amp#16; @�@�	t:���&amp#30;��&amp#18; @�&amp#0;&amp#1;&amp#2;&amp#4;&amp#8;&amp#16; @�&amp#0;&amp#1;&amp#2;&amp#4;&amp#8;&amp#16; @�&amp#0;&amp#1;&amp#2;&amp#4;&amp#8;&amp#16; @���&amp#11;��>��F @�&amp#0;&amp#1;&amp#2;&amp#4;&amp#8;&amp#16; @�&amp#0;&amp#1;&amp#2;&amp#4;&amp#8;&amp#16; @�&amp#0;&amp#1;&amp#2;&amp#4;&amp#8;&amp#16; @�&amp#0;��&amp#19;�l�&amp#21;[0&amp#1;&amp#2;&amp#4;&amp#8;&amp#16; @�&amp#0;&amp#1;&amp#2;&amp#4;&amp#8;&amp#16; @�&amp#0;&amp#1;&amp#2;&amp#4;&amp#8;&amp#16; @�&amp#0;&amp#1;&amp#2;&amp#4;&amp#8;&amp#16;�:�$����ꚺA�&@�&amp#0;&amp#1;&amp#2;&amp#4;&amp#8;&amp#16; @�&amp#0;&amp#1;&amp#2;&amp#4;&amp#8;&amp#16; @�&amp#0;&amp#1;&amp#2;&amp#4;&amp#8;&amp#16; @�&amp#0;&amp#1;&amp#2;�%Б�����[-&amp#1;&amp#2;&amp#4;&amp#8;&amp#16; @�&amp#0;&amp#1;&amp#2;&amp#4;&amp#8;&amp#16; @�&amp#0;&amp#1;&amp#2;&amp#4;&amp#8;&amp#16; @�&amp#0;&amp#1;&amp#2;&amp#4;&amp#8;4C@2�f(&amp#26;�&amp#0;&amp#1;&amp#2;&amp#4;&amp#8;&amp#16; @�&amp#0;&amp#1;&amp#2;&amp#4;&amp#8;&amp#16; @�&amp#0;&amp#1;&amp#2;&amp#4;&amp#8;&amp#16; @�&amp#0;&amp#1;&amp#2;&amp#4;�I`b2�vZ��&amp#18; @�&amp#0;&amp#1;&amp#2;&amp#4;&amp#8;&amp#16; @�&amp#0;&amp#1;&amp#2;&amp#4;&amp#8;&amp#16; @�&amp#0;&amp#1;&amp#2;&amp#4;&amp#8;&amp#16; @�&amp#0;�&&amp#8;$�.�|&amp#19;&amp#28;A�&amp#0;&amp#1;&amp#2;&amp#4;&amp#8;&amp#16; @�&amp#0;&amp#1;&amp#2;&amp#4;&amp#8;&amp#16; @�&amp#0;&amp#1;&amp#2;&amp#4;&amp#8;&amp#16; @�&amp#0;&amp#1;&amp#2;�&`w{�=q�%@�&amp#0;&amp#1;&amp#2;&amp#4;&amp#8;&amp#16; @�&amp#0;&amp#1;&amp#2;&amp#4;&amp#8;&amp#16; @�&amp#0;&amp#1;&amp#2;&amp#4;&amp#8;&amp#16; @�&amp#0;��&amp#21;��L>�v&amp#24;�	&amp#16; @�&amp#0;&amp#1;&amp#2;&amp#4;&amp#8;&amp#16; @�&amp#0;&amp#1;&amp#2;&amp#4;&amp#8;&amp#16; @�&amp#0;&amp#1;&amp#2;&amp#4;&amp#8;&amp#16; @�@�	H&�f&amp#15;�r	&amp#16; @�&amp#0;&amp#1;&amp#2;&amp#4;&amp#8;&amp#16; @�&amp#0;&amp#1;&amp#2;&amp#4;&amp#8;&amp#16; @�&amp#0;&amp#1;&amp#2;&amp#4;&amp#8;&amp#16; @�&amp#25;&amp#2;��7C�&amp#24;&amp#4;&amp#8;&amp#16; @�&amp#0;&amp#1;&amp#2;&amp#4;&amp#8;&amp#16; @�&amp#0;&amp#1;&amp#2;&amp#4;&amp#8;&amp#16; @�&amp#0;&amp#1;&amp#2;&amp#4;&amp#8;&amp#16; �f&amp#2;��m��-�&amp#0;&amp#1;&amp#2;&amp#4;&amp#8;&amp#16; @�&amp#0;&amp#1;&amp#2;&amp#4;&amp#8;&amp#16; @�&amp#0;&amp#1;&amp#2;&amp#4;&amp#8;&amp#16; @�&amp#0;&amp#1;&amp#2;&amp#4;�! ��&amp#12;Ec&amp#16; @�&amp#0;&amp#1;&amp#2;&amp#4;&amp#8;&amp#16; @�&amp#0;&amp#1;&amp#2;&amp#4;&amp#8;&amp#16; @�&amp#0;&amp#1;&amp#2;&amp#4;&amp#8;&amp#16; @�@;	L�0A���&amp#30;��&amp#18; @�&amp#0;&amp#1;&amp#2;&amp#4;&amp#8;&amp#16; @�&amp#0;&amp#1;&amp#2;&amp#4;&amp#8;&amp#16; @�&amp#0;&amp#1;&amp#2;&amp#4;&amp#8;&amp#16; @�@3&amp#4;&amp#18;n�ȟf&amp#12;e&amp#12;&amp#2;&amp#4;&amp#8;&amp#16; @�&amp#0;&amp#1;&amp#2;&amp#4;&amp#8;&amp#16; @�&amp#0;&amp#1;&amp#2;&amp#4;&amp#8;&amp#16; Ђ&amp#2;��r�M7ݔ�}��ߞ~��[p��D�&amp#0;&amp#1;&amp#2;&amp#4;&amp#8;�V`Po;�G�&amp#0;&amp#1;&amp#2;&amp#4;&amp#8;&amp#16; @�&amp#0;&amp#1;&amp#2;&amp#4;&amp#8;&amp#16; @�&amp#0;��&amp#21;x��&amp#31;��q�ƽ��+��:��I�&amp#21;VXa�g�;��.��w���f�m��V[��]�2�>��&amp#11;/T5lذ���&amp#25;f��&amp#31;�_�����>;��i����&amp#7;��2=&amp#2;&amp#4;&amp#8;&amp#16; ��&amp#2;���&amp#12;�v&amp#4;&amp#8;&amp#16; @�&amp#0;&amp#1;&amp#2;&amp#4;&amp#8;&amp#16; @�&amp#0;&amp#1;&amp#2;&amp#4;&amp#8;L�&amp#2;]]]�^z�&amp#31;���&amp#7;&amp#31;|��2�]w�=��#q�W����N{ꩧ&amp#14;?���7�|Р&amp#1;���3�8#/&amp#7;�\�\s͵�b�十�W_�f&amp#3;�&amp#4;&amp#8;&amp#16; @�&amp#0;�iE����ʓ2O&amp#2;&amp#4;&amp#8;&amp#16; @�&amp#0;&amp#1;&amp#2;&amp#4;&amp#8;&amp#16; @�&amp#0;&amp#1;&amp#2;&amp#4;>f���~��?�����_&amp#25;kO�x��f*gv��&amp#15;&amp#25;2������sϝ&amp#1;�&amp#15;&amp#31;��O|��#��h/��br�����{�_~�����4}�G&amp#30;yd�w���+��U�<&amp#1;&amp#2;&amp#4;&amp#8;&amp#16;h%���9��l%kk!@�&amp#0;&amp#1;&amp#2;&amp#4;&amp#8;&amp#16; @�&amp#0;&amp#1;&amp#2;&amp#4;&amp#8;&amp#16; @`�&amp#22;���&amp#15;��o���&amp#29;v�����ȑ#������&amp#31;������Zk���&amp#7;��J&amp#15;8�����o+��RGGG&amp#31;ݢ���|��Řo���3�<����}�ݿ���S��q�~��&amp#11;/����ހ7�p�&amp#29;wܱ�&amp#26;k��Ҭ�&amp#0;&amp#1;&amp#2;&amp#4;&amp#8;L�&amp#2;�������3m&amp#2;&amp#4;&amp#8;&amp#16; @�&amp#0;&amp#1;&amp#2;&amp#4;&amp#8;&amp#16; @�&amp#0;&amp#1;&amp#2;&amp#4;�U�7��M&amp#17;k�c�9&amp#14;>��ļ+o�#ۓF>��ʦ���~�M7m��}:`�&amp#17;?���Yz��[o�$�?��������;?���N=�����O��&amp#2;�_{�-�
K @�&amp#0;&amp#1;&amp#2;-& ��b&amp#15;�r&amp#8;&amp#16; @�&amp#0;&amp#1;&amp#2;&amp#4;&amp#8;&amp#16; @�&amp#0;&amp#1;&amp#2;&amp#4;&amp#8;&amp#16;h����?�)�&amp#20;�&amp#30;u�Q�,�L���裏&amp#30;x���&}�{�y�g��&amp#23;_b�%�F�����+'����*��^��w_Rӿ���-�\q�y�����ꬳκ��Vv�0aB�>��&amp#19;�Ӟ��C�&amp#14;�]VXa��&amp#4;P�,�tϘ/��B
	~�墓>U��5���2�q���k��'R>�|�uoً�lg?��&amp#19;���&amp#22;�������&amp#17;��&amp#22;҄�3�Q�F%���dG�����B&amp#22;Zu���&amp#31;�ᇳ����ߟw�yӦ���&amp#17;#&amp#22;X`�ʚ��&amp#4;�y�&amp#15;=�P&amp#18;&amp#27;�e�%�&amp#12;c�fEM&amp#30;_���&amp#29;;6?B&amp#25;m�E&amp#22;��/_A({&amp#21;O6�&amp#21;�y:I����O眂��0�&amp#12;W\qEڤ���>������8�,��!&a@����g�&amp#6;��a,&amp#18;&amp#12;�&amp#20;(�)&amp#16; @�&amp#0;&amp#1;&amp#2;�&amp#19;&amp#16;n^&amp#4;&amp#8;&amp#16; @�&amp#0;&amp#1;&amp#2;&amp#4;&amp#8;&amp#16; @�&amp#0;&amp#1;&amp#2;&amp#4;&amp#8;��@��8	�돵g���g�y�y�%zZ��ꪫ���?���&�����,��D�w�}�t/zm���E�����Մ��9�r��~��o��&amp#30;{��)&amp#11;&amp#27;l�A��&amp#23;_&amp#19;�?���:��jYH�:��&amp#19;�-j&amp#18;���o��?��lP&amp#22;��j�=�أ{��lP!����&amp#31;~�k_K������&amp#27;�&amp#27;�&amp#27;r��&amp#0;�[F�r�-�O ��σ;�Cʫ�����=�؋/����^�n��v�m������\�Խ�2�o}�[YH9��j�cq��&��*��U/.&amp#20;Ov�]v�+&amp#8;���UW]Uv�s��w�S�0\6�S\�[&amp#11;_�җ���u��N΀�WY���[&amp#11;�̰�&amp#11;&amp#7;e3&amp#5;&amp#2;&amp#4;&amp#8;&amp#16; @�&amp#23;&amp#2;����<�pӅ&amp#0;&amp#1;&amp#2;&amp#4;&amp#8;&amp#16; @�&amp#0;&amp#1;&amp#2;&amp#4;&amp#8;&amp#16; @�&amp#0;��&amp#18;ȡ�ł���o6���/b�Ç&amp#15;_s�5&amp#19;e/�'j~���&amp#28;*��X{&amp#2;�ٲ���&amp#11;�l��7�|3��"֞�&amp#25;?��ܫh���e�?��e�=۬�^{�r�|��Wn����2֞&amp#0;mZ.����8�{���_�9��L�s��\&amp#6;I,��C_&amp#14;�&amp#11;���&amp#20;&amp#11;I&amp#0;�����gi��������3ѳ䄽+k�1�X{�ܹZ&amp#30;9����#�&amp#23;]t��;�\<�0�&amp#20;���瞼[��SOu�g��N@&amp#25;k/�~��gC�RK-U��3Mނ�7?�&amp#26;AQ�&amp#5;&amp#23;t&amp#31;05��&amp#23;�y��f&amp#3;�&amp#4;&amp#8;&amp#16; @�@�&amp#5;:::�nﵞ�&amp#4;&amp#8;&amp#16; @�&amp#0;&amp#1;&amp#2;&amp#4;&amp#8;&amp#16; @�&amp#0;&amp#1;&amp#2;&amp#4;&amp#8;��@�-&amp#21;y���&amp#30;"��-&amp#18;��~�d�N��&amp#12;�'���nr�_w�uIf��B&amp#11;Uu,�"gG�7��O~򓹚	T�)��q�&amp#25;	�����&amp#31;�,��&amp#6;�$H���&amp#27;�Zk���&amp#27;o�QD�&amp#19;��������O&amp#18;��n��W^�&amp#12;�g;��믿�+�(�b&amp#2;i|���'&amp#2;�Bn�=�E���o��&amp#23;�&amp#3;&amp#18;~.7|�έ��$&amp#25;{�iH� ��&amp#7;?�/�S�~��?[�S���Yg��&amp#3;�� ��G^f��P��:��#7�p�r���&amp#7;&amp#30;x`FH���#�H&amp#30;���&amp#28;��C� �9�t��E�fHM�š�&amp#30;�����.�^ζ���8r��_��W���ʎ�m�Y^����CU�=�1&amp#20;��D���U&amp#14;�L�&amp#0;&amp#1;&amp#2;&amp#4;&amp#8;�N���޹�E�&amp#0;&amp#1;&amp#2;&amp#4;&amp#8;&amp#16; @�&amp#0;&amp#1;&amp#2;&amp#4;&amp#8;&amp#16; @�@�&amp#8;$V],����S$�q�&amp#29;�Ź���}"��=^tLP��&amp#8;	���e���&amp#7;�lY�۝&amp#0;�>��2֞�9w|�m��y�E��^z�($d[��S3x����h�����s��&amp#14;:(���	�>��$WO!&amp#17;�&amp#18;��W������޽s�s&amp#14;9-�h&amp#25;�J�D���[n���P��'X^���&z�n�m
ay�&amp#23;�^��~zQ>�ÊX{��^yS�؏~����&amp#20;��}Yȫ&amp#6;�����C�4+�W��*���_r�%U�r���f���ƾ&amp#18; @�&amp#0;&amp#1;&amp#2;�
$e�ė�&amp#26;�=&amp#1;&amp#2;&amp#4;&amp#8;&amp#16; @�&amp#0;&amp#1;&amp#2;&amp#4;&amp#8;&amp#16; @�&amp#0;&amp#1;&amp#2;&amp#4;�G��&amp#7;���?��MY��Q��q�2�&amp#23;���Wm_���n��0��{h��{q���.��C���&amp#22;[l���2�\�e��s�9g�c��V�Ms8}Ѹ�}��doz�&amp#31;��'��9�&amp#14;;�0hPu������Շ��&amp#23;^��j��Vf�/&amp#7;�d�M��#�<RV��춯�4P��PH8��1�&amp#30;��+�lYf�/��W^R&@�&amp#0;&amp#1;&amp#2;&amp#4;�^ ��	�O=�&amp#17;&amp#8;&amp#16; @�&amp#0;&amp#1;&amp#2;&amp#4;&amp#8;&amp#16; @�&amp#0;&amp#1;&amp#2;&amp#4;&amp#8;&amp#16;he�l8.�W&amp#21;�lh�I)��s�%%{�V�&amp#29;;��&amp#29;Q�&amp#7;�&amp#6;�l:�^_�泟�lQ����Q���Q���O?}R��>)ǳ&amp#25;�W��U���{˪���{��'������̿�Zs�U&amp#29;���񋖳�2K�.����^�r�E&amp#22;)�˻&amp#23;_�9�x&amp#1;"ǥ��X���hS�1��EM&amp#18;�&amp#23;�g���n�R�jC�7��׼uϕ[n�e&amp#26;����ʖIi���#_s�AՋ&amp#5;e&amp#27;&amp#5;&amp#2;&amp#4;&amp#8;&amp#16; @`j&amp#4;�A����f,}	&amp#16; @�&amp#0;&amp#1;&amp#2;&amp#4;&amp#8;&amp#16; @�&amp#0;&amp#1;&amp#2;&amp#4;&amp#8;&amp#16; В&amp#2;Æ+�U�I&amp#23;�y��p�5c�5�&amp#25;9rd�����&amp#28;�r�)��[B���擽�I����U����&amp#31;'�|�UW�剓>��&��J+��=cyb�9G���o/c�5�>��%˂&amp#11;.X9Z/�*��\N���O>9m�:�d�/&amp#27;_q�&amp#21;E�|�UW-++&amp#11;�i����z�{	WO��-�
/��rUM&amp#30;Ye����=|]o��&amp#14;>��4H��2`��&amp#22;]�7-z��&amp#18;&amp#1;&amp#2;&amp#4;&amp#8;&amp#16; �k��7�&amp#30;HG&amp#2;&amp#4;&amp#8;&amp#16; @�&amp#0;&amp#1;&amp#2;&amp#4;&amp#8;&amp#16; @�&amp#0;&amp#1;&amp#2;&amp#4;&amp#8;��@�,��&amp#4;�&amp#31;{챉'tvvֹ�dn?ꨣ��9�;��g�}��O&amp#0;���*LnkuU��k��Ρ���&amp#31;���?$Q|>�M���ޛm�Y&amp#25;&amp#12;�n��&amp#14;9���h����M�������oy�{v�'0�0q9~֞���}���9��oJ![�q*&amp#19;��έ���&amp#28;��S��O8�&amp#28;���O:i��A��g���v��&amp#25;&amp#11;�#(�W��P֧�}�r�|e�z�y:9���&amp#11;.�馛�D~����/�3��QQ� �&amp#16; @�&amp#0;&amp#1;&amp#2;�
L���п&amp#14;&amp#27;���&amp#4;&amp#8;&amp#16; @�&amp#0;&amp#1;&amp#2;&amp#4;&amp#8;&amp#16; @�&amp#0;&amp#1;&amp#2;&amp#4;&amp#8;&amp#16;h&amp#1;��&amp#22;Z�؇}��.��r��(y݋X{��}��Zk�I���&amp#30;���&amp#12;^�&��w�i��,�a&amp#19;�N��4�v����׿^�x�I�l�Nh6�׳���[o�z�s�x&amp#17;&amp#24;N&amp#4;������o}�[�G�N(�&amp#24;���/�g�}*G������&amp#19;�/&amp#6;)O�o�[�&amp#30;�&amp#12;~&amp#23;�ʊN;����&amp#23;�&amp#28;�&amp#11;Ir���8�eMe�|w���{��v�~��w�v�m�7苚�&amp#17;�g���G�+_�J��/ލ�b�-�A�/&fL&amp#2;&amp#4;&amp#8;&amp#16; ��&amp#2;�Kv⧅Whi&amp#4;&amp#8;&amp#16; @�&amp#0;&amp#1;&amp#2;&amp#4;&amp#8;&amp#16; @�&amp#0;&amp#1;&amp#2;&amp#4;&amp#8;&amp#16;�z��_�&amp#24;$���&amp#28;�� ~��Gg�t&amp#25;kO���:ǩ�Y��I$~ꩧ�E��OH��&amp#8;��7�w���~.&amp#18;�'螌�E�rK���&amp#30;��|&amp#25;k�ռ%�}���I̻HV��&amp#26;k�&amp#17;�^�}��&amp#7;�'����{ej�W���N!O��_��1c��o�3�<��#�,7���XOe����?^O���)��g��:�K���_�)�&amp#27;�&amp#0;&amp#1;&amp#2;&amp#4;&amp#8;&amp#16;�)Й&amp#29;�5/�$@�&amp#0;&amp#1;&amp#2;&amp#4;&amp#8;&amp#16; @�&amp#0;&amp#1;&amp#2;&amp#4;&amp#8;&amp#16; @�&amp#0;�B`�-�,6g��_���zX�&amp#15;>�&amp#18;eO&amp#28;���}��WU�ܯ�^���b�&amp#23;^xar�'k�&amp#15;���j�w?��b/x&amp#18;�wOu�t�&amp#27;�&amp#23;�9&amp#24;��3�(:��^�&amp#8;��%9ѷ�K&amp#12;�K9re!����?��&amp#28;�뮻~���i�K,�De�^��Ћ�����/���Z�ǩ�Xn���&amp#11;&amp#4;i��V[�9� ��.�,�,0g&amp#1;T��L�&amp#0;&amp#1;&amp#2;&amp#4;&amp#8;4W���K���&amp#26;�&amp#0;&amp#1;&amp#2;&amp#4;&amp#8;&amp#16; @�&amp#0;&amp#1;&amp#2;&amp#4;&amp#8;&amp#16; @�&amp#0;&amp#1;&amp#2;-#���	�&amp#22;�I������9����&amp#21;�pg�x�&amp#8;�l����t^Y35�&amp#15;?��f��_/���&amp#0;'�z����6[��H�:��3&amp#23;m�ѽj�x&amp#14;&amp#5;ϧ�&amp#8;��y�W&amp#14;8��2������r�&amp#25;�Q�$�/������~�|����N��)����?SNP|РAee&amp#19;&amp#11;�.�����i��3jt#\��C�~��l?���&amp#23;���~z��D2�wo��&amp#0;&amp#1;&amp#2;&amp#4;&amp#8;&amp#16;h�@��K���3&amp#20;&amp#1;&amp#2;&amp#4;&amp#8;&amp#16; @�&amp#0;&amp#1;&amp#2;&amp#4;&amp#8;&amp#16; @�&amp#0;&amp#1;&amp#2;&amp#4;&amp#6;�@&amp#18;�g�pN��d�h�����g>3jԨaÆ����O>�d2����&amp#23;Q��&amp#23;_�l�S�s���o��(o⯉�6kE�[?�쳉�f�y�g���72�#�8"��!���?
����o�f�����9;���#�<����d>��O�����&amp#23;]tѼ&amp#31;�ʤ�φ�&amp#23;^8��/��Ҵ�ݜ�S�&amp#19;�O.�g�y&3���ˡ���/}���B/��\s�&amp#28;X��&amp#24;~��&amp#31;%I~&amp#22;&amp#24;����?�y&amp#17;u�&amp#28;�(/��2����z뭗M�3�0C���A&amp#12;#&amp#16;�2�}����|�_L~��2Oj��$�&amp#22;,��By- �&amp#3;�~��$H(>�&amp#31;����g�c���y&amp#1;q�C|���s�3�Yf�%�=�����Bꙭ6&amp#4;&amp#8;&amp#16; @�@�&amp#4;��ܠ������{w&amp#27;�&amp#8;&amp#16; @�&amp#0;&amp#1;&amp#2;&amp#4;&amp#8;&amp#16; @�&amp#0;&amp#1;&amp#2;&amp#4;&amp#8;&amp#16; 0�&amp#11;�&amp#20;��?����J�=k�kҧ�����S���&amp#5;&amp#23;\���?&}*[&5}BΓ�&amp#4;W���<������[��739{ҧ�������[�g��.��r�ƻ�[y*|�A&W���׼��q��	{W]�[&amp#18;&amp#15;$ܞq&amp#18;�/��嘉�'&���eMQ�l�͊�t����_u���&amp#14;;�&amp#19;�ϭ�Y&amp#15;_�ӒA��{［�&amp#24;yM�F7�祍��y��|���n���&�l�p{Q��%�t&amp#5;�m�	&amp#16; @�&amp#0;�f	$�P���٬�C�&amp#0;&amp#1;&amp#2;&amp#4;&amp#8;&amp#16; @�&amp#0;&amp#1;&amp#2;&amp#4;&amp#8;&amp#16; @�&amp#0;�&amp#22;&amp#22;H&amp#12;�+_��k��&amp#0;&amp#0;@&amp#0;IDAT�9眓�����}�94�<�;Iѓ�;���f�x�&amp#16;�{��
+���׳e����ʾ)g&amp#2;��K	�n��E6��ƙa��Ş��g&amp#11;�����e�]��M�Ç&amp#15;O&amp#4;����ʾ���*����z�+[�c��m�]����&amp#25;���'i�$s�}f�p��G&amp#30;���5�ٍ��s�=wb��/�B���tv�&amp#23;�&amp#5;]�&amp#19;�N���w޹h��1�'b���zq�z^MH���w�-ڔ�-�QQ_u�lV�g;{֘S�0s5�{�Ge��O��&amp#22;Ey�u�)�����=�ٝ_4&amp#8;u�R�&amp#0;&amp#1;&amp#2;&amp#4;&amp#8;&amp#16;�#��F_��y&amp#24;�&amp#0;&amp#1;&amp#2;&amp#4;&amp#8;&amp#16; @�&amp#0;&amp#1;&amp#2;&amp#4;&amp#8;&amp#16; @�&amp#0;&amp#1;&amp#2;Ӗ@N7Ob�&amp#4;e��=GkO� �$6&amp#31;7n\b�#F�(��7}�Ib��&amp#19;O���[��&amp#15;&amp#25;2d�С�M7]ͻ$�}���}��'&amp#6;���k6��s�z>YZ�ї�ꚍ���&amp#23;n9�=���D&amp#18;�C͉eS{6��R&amp#2;�I�����"��!��?�y[��&amp#11;&amp#1;���,�&amp#31;?>&amp#19;�&amp#15;L�sǩ�t�����?8y�y4U&amp#15;:����<�&amp#24;�<��&amp#17;�:��&amp#25;&amp#1;&amp#2;&amp#4;&amp#8;&amp#16; P�@��������$@�&amp#0;&amp#1;&amp#2;&amp#4;&amp#8;&amp#16; @�&amp#0;&amp#1;&amp#2;&amp#4;&amp#8;&amp#16; @���
$�Ys�����TJ�5����~MT����	BO.&amp#14;]9�l�N�>���~.��-o&amp#27;L�!��g!�&amp#2;>f̘�+�dR�&amp#23;��D��&amp#21;nOh��t����$m@���r�w&֞�9�]�}rJ�	&amp#16; @�@�&amp#4;&amp#18;n�I�Y��!@�&amp#0;&amp#1;&amp#2;&amp#4;&amp#8;&amp#16; @�&amp#0;&amp#1;&amp#2;&amp#4;&amp#8;&amp#16; @�&amp#0;��.� z�X$��9ל�^�&amp#23;��k�&amp#25;������&amp#0;��m���&amp#3;s�fE�&amp#0;&amp#1;&amp#2;&amp#4;ZI /�	���&amp#3;�&amp#22;&amp#2;&amp#4;&amp#8;&amp#16; @�&amp#0;&amp#1;&amp#2;&amp#4;&amp#8;&amp#16; @�&amp#0;&amp#1;&amp#2;&amp#4;&amp#8;&amp#16;�I�ذ~��7?��#��ew���&amp#30;��&amp#28;�ެ�����&amp#23;5�]����������[l��4��@_�&amp#24;�&amp#0;&amp#1;&amp#2;&amp#4;&amp#8;��@����Q.�&amp#11;��w2>&amp#1;&amp#2;&amp#4;&amp#8;&amp#16; @�&amp#0;&amp#1;&amp#2;&amp#4;&amp#8;&amp#16; @�&amp#0;&amp#1;&amp#2;&amp#4;&amp#8;&amp#16;��&amp#5;n��]v٥��&�l���K�:�o��f&amp#14;�O&amp#14;�&amp#7;&amp#31;|��t�!�|����g;�	�u�]�^{m~���W���i���g�uְaæ�W&amp#3;&amp#2;&amp#4;&amp#8;&amp#16; @`*&amp#5;&���g*Gѝ&amp#0;&amp#1;&amp#2;&amp#4;&amp#8;&amp#16; @�&amp#0;&amp#1;&amp#2;&amp#4;&amp#8;&amp#16; @�&amp#0;&amp#1;&amp#2;&amp#4;&amp#8;L+&amp#2;W^y�A&amp#7;&amp#29;��;�Ԝ�
+����;���*5�&amp#14;����??o&amp#6;��ʦ��N:i���*k&amp#20;&amp#8;&amp#16; @�&amp#0;�>&amp#21;&amp#16;n�S^�&amp#19; @�&amp#0;&amp#1;&amp#2;&amp#4;&amp#8;&amp#16; @�&amp#0;&amp#1;&amp#2;&amp#4;&amp#8;&amp#16; @���&amp#19;H����n&amp#26;;v�3�<��&amp#7;&amp#31;�9�C�&amp#14;�G�&amp#30;=r��&amp#1;7��O(�㯸�q��&amp#25;2$��7�p�D�'��&amp#21;&amp#2;&amp#4;&amp#8;&amp#16; @��&amp#2;��M&amp#6;5&amp#28;&amp#1;&amp#2;&amp#4;&amp#8;&amp#16; @�&amp#0;&amp#1;&amp#2;&amp#4;&amp#8;&amp#16; @�&amp#0;&amp#1;&amp#2;&amp#4;&amp#8;&amp#16; @�&amp#0;&amp#1;&amp#2;&amp#4;&amp#8;��@g;,�&amp#26;	&amp#16; @�&amp#0;&amp#1;&amp#2;&amp#4;&amp#8;&amp#16; @�&amp#0;&amp#1;&amp#2;&amp#4;&amp#8;&amp#16; @�&amp#0;&amp#1;&amp#2;&amp#4;&amp#8;&amp#16; @�@&amp#19;&amp#5;rn�p{&amp#19;=E�&amp#0;&amp#1;&amp#2;&amp#4;&amp#8;&amp#16; @�&amp#0;&amp#1;&amp#2;&amp#4;&amp#8;&amp#16; @�&amp#0;&amp#1;&amp#2;&amp#4;&amp#8;&amp#16; @�&amp#0;&amp#1;&amp#2;m!�p�d�m�-�&amp#0;&amp#1;&amp#2;&amp#4;&amp#8;&amp#16; @�&amp#0;&amp#1;&amp#2;&amp#4;&amp#8;&amp#16; @�&amp#0;&amp#1;&amp#2;&amp#4;&amp#8;&amp#16; @�&amp#0;&amp#1;&amp#2;&amp#4;�+`w{s=�F�&amp#0;&amp#1;&amp#2;&amp#4;&amp#8;&amp#16; @�&amp#0;&amp#1;&amp#2;&amp#4;&amp#8;&amp#16; @�&amp#0;&amp#1;&amp#2;&amp#4;&amp#8;&amp#16; @�&amp#0;&amp#1;&amp#2;m! ��&amp#22;��"	&amp#16; @�&amp#0;&amp#1;&amp#2;&amp#4;&amp#8;&amp#16; @�&amp#0;&amp#1;&amp#2;&amp#4;&amp#8;&amp#16; @�&amp#0;&amp#1;&amp#2;&amp#4;&amp#8;&amp#16; @��&amp#2;����4&amp#26;&amp#1;&amp#2;&amp#4;&amp#8;&amp#16; @�&amp#0;&amp#1;&amp#2;&amp#4;&amp#8;&amp#16; @�&amp#0;&amp#1;&amp#2;&amp#4;&amp#8;&amp#16; @�&amp#0;&amp#1;&amp#2;&amp#4;&amp#8;��@WW���[�1[!&amp#1;&amp#2;&amp#4;&amp#8;&amp#16; @�&amp#0;&amp#1;&amp#2;&amp#4;&amp#8;&amp#16; @�&amp#0;&amp#1;&amp#2;&amp#4;&amp#8;&amp#16; @�&amp#0;&amp#1;&amp#2;&amp#4;&amp#8;4]�����&amp#26;�&amp#0;&amp#1;&amp#2;&amp#4;&amp#8;&amp#16; @�&amp#0;&amp#1;&amp#2;&amp#4;&amp#8;&amp#16; @�&amp#0;&amp#1;&amp#2;&amp#4;&amp#8;&amp#16; @�&amp#0;&amp#1;&amp#2;&amp#4;Z_@�����&amp#21;&amp#18; @�&amp#0;&amp#1;&amp#2;&amp#4;&amp#8;&amp#16; @�&amp#0;&amp#1;&amp#2;&amp#4;&amp#8;&amp#16; @�&amp#0;&amp#1;&amp#2;&amp#4;&amp#8;&amp#16; @�@�&amp#5;�ۛNj@&amp#2;&amp#4;&amp#8;&amp#16; @�&amp#0;&amp#1;&amp#2;&amp#4;&amp#8;&amp#16; @�&amp#0;&amp#1;&amp#2;&amp#4;&amp#8;&amp#16; @�&amp#0;&amp#1;&amp#2;&amp#4;&amp#8;&amp#16;hq�	&amp#19;&8��ş��&amp#17; @�&amp#0;&amp#1;&amp#2;&amp#4;&amp#8;&amp#16; @�&amp#0;&amp#1;&amp#2;&amp#4;&amp#8;&amp#16; @�&amp#0;&amp#1;&amp#2;&amp#4;&amp#8;&amp#16; @�@_&amp#8;���&amp#23;��$@�&amp#0;&amp#1;&amp#2;&amp#4;&amp#8;&amp#16; @�&amp#0;&amp#1;&amp#2;&amp#4;&amp#8;&amp#16; @�&amp#0;&amp#1;&amp#2;&amp#4;&amp#8;&amp#16; @�&amp#0;�&amp#22;&amp#23;&amp#16;no�&amp#7;ly&amp#4;&amp#8;&amp#16; @�&amp#0;&amp#1;&amp#2;&amp#4;&amp#8;&amp#16; @�&amp#0;&amp#1;&amp#2;&amp#4;&amp#8;&amp#16; @�&amp#0;&amp#1;&amp#2;&amp#4;&amp#8;&amp#16; �t������::�>�&amp#1;	&amp#16; @�&amp#0;&amp#1;&amp#2;&amp#4;&amp#8;&amp#16; @�&amp#0;&amp#1;&amp#2;&amp#4;&amp#8;&amp#16; @�&amp#0;&amp#1;&amp#2;&amp#4;&amp#8;&amp#16; @�@&amp#11;&amp#11;t���&amp#22;^��&amp#17; @�&amp#0;&amp#1;&amp#2;&amp#4;&amp#8;&amp#16; @�&amp#0;&amp#1;&amp#2;&amp#4;&amp#8;&amp#16; @�&amp#0;&amp#1;&amp#2;&amp#4;&amp#8;&amp#16; @�&amp#0;��&amp#11;$��!��tV&amp#3;&amp#18; @�&amp#0;&amp#1;&amp#2;&amp#4;&amp#8;&amp#16; @�&amp#0;&amp#1;&amp#2;&amp#4;&amp#8;&amp#16; @�&amp#0;&amp#1;&amp#2;&amp#4;&amp#8;&amp#16; @�@k&amp#11;$�����~�VG�&amp#0;&amp#1;&amp#2;&amp#4;&amp#8;&amp#16; @�&amp#0;&amp#1;&amp#2;&amp#4;&amp#8;&amp#16; @�&amp#0;&amp#1;&amp#2;&amp#4;&amp#8;&amp#16; @�&amp#0;&amp#1;&amp#2;�&amp#23;�&amp#24;n����&amp#31;؈&amp#4;&amp#8;&amp#16; @�&amp#0;&amp#1;&amp#2;&amp#4;&amp#8;&amp#16; @�&amp#0;&amp#1;&amp#2;&amp#4;&amp#8;&amp#16; @�&amp#0;&amp#1;&amp#2;&amp#4;&amp#8;&amp#16; @�u&amp#5;:;;%�o��ke&amp#4;&amp#8;&amp#16; @�&amp#0;&amp#1;&amp#2;&amp#4;&amp#8;&amp#16; @�&amp#0;&amp#1;&amp#2;&amp#4;&amp#8;&amp#16; @�&amp#0;&amp#1;&amp#2;&amp#4;&amp#8;&amp#16; �g&amp#2;��n�3[&amp#3;&amp#19; @�&amp#0;&amp#1;&amp#2;&amp#4;&amp#8;&amp#16; @�&amp#0;&amp#1;&amp#2;&amp#4;&amp#8;&amp#16; @�&amp#0;&amp#1;&amp#2;&amp#4;&amp#8;&amp#16; @�@�
��޲���&amp#8;&amp#16; @�&amp#0;&amp#1;&amp#2;&amp#4;&amp#8;&amp#16; @�&amp#0;&amp#1;&amp#2;&amp#4;&amp#8;&amp#16; @�&amp#0;&amp#1;&amp#2;&amp#4;&amp#8;&amp#16; @��&amp#4;:�nh#&amp#19; @�&amp#0;&amp#1;&amp#2;&amp#4;&amp#8;&amp#16; @�&amp#0;&amp#1;&amp#2;&amp#4;&amp#8;&amp#16; @�&amp#0;&amp#1;&amp#2;&amp#4;&amp#8;&amp#16; @�&amp#0;��&amp#20;H"�ή���\�E&amp#17; @�&amp#0;&amp#1;&amp#2;&amp#4;&amp#8;&amp#16; @�&amp#0;&amp#1;&amp#2;&amp#4;&amp#8;&amp#16; @�&amp#0;&amp#1;&amp#2;&amp#4;&amp#8;&amp#16; @�&amp#0;�>&amp#18;�����}�kX&amp#2;&amp#4;&amp#8;&amp#16; @�&amp#0;&amp#1;&amp#2;&amp#4;&amp#8;&amp#16; @�&amp#0;&amp#1;&amp#2;&amp#4;&amp#8;&amp#16; @�&amp#0;&amp#1;&amp#2;&amp#4;&amp#8;&amp#16;ha&amp#1;��[��Z&amp#26;&amp#1;&amp#2;&amp#4;&amp#8;&amp#16; @�&amp#0;&amp#1;&amp#2;&amp#4;&amp#8;&amp#16; @�&amp#0;&amp#1;&amp#2;&amp#4;&amp#8;&amp#16; @�&amp#0;&amp#1;&amp#2;&amp#4;&amp#8;�@v�&amp#15;꓁J�&amp#0;&amp#1;&amp#2;&amp#4;&amp#8;&amp#16; @�&amp#0;&amp#1;&amp#2;&amp#4;&amp#8;&amp#16; @�&amp#0;��&amp#19;���&amp#15;�z�G&amp#31;}��G&amp#30;��'>1bĈQ�F-��b�[�o����&amp#19;O<1�t��;�&amp#11;.���.�����RԿ��&amp#27;��{o�+���&amp#12;3�0�ƍ�������3��&amp#31;|�����7_���J+&amp#30;<xr��Y��w�qǳ�>���ϧ�s�9t��e�Yfذa5�OC�!��ۊ	�>��K.��&amp#20;'���fy�+��r�>&amp#15;�?��{ｷ���=��e}s&amp#11;����G&amp#30;��&amp#2;&amp#11;��>����5W�h&amp#4;&amp#8;&amp#16; @`
&amp#2;��S&amp#0;r�&amp#0;&amp#1;&amp#2;&amp#4;&amp#8;&amp#16; @�&amp#0;&amp#1;&amp#2;&amp#4;&amp#8;&amp#16; @�&amp#0;&amp#1;&amp#2;&amp#17;��R����&amp#15;?��W_�&amp#2;Y{����'t]Y��+���׿��&amp#31;�PYY��Zj�&amp#31;��&amp#7;�-�\�KE�C&amp#15;=�&amp#1;_|��|=��s&amp#23;^x��-&amp#27;�O�����'���;�T�6�&amp#28;s��&amp#27;m�QU}ͯ&amp#31;}�Q�Ts��ϛ&amp#4;��{�[��4Q9nܸ�~���Tg�i������w&amp#17;�~��o~����P}jn��&amp#27;n�!����j��+�4�p�%��5��&amp#22;[,����&amp#29;�h&amp#4;&amp#8;&amp#16; @�@�&amp#2;y������\%@�&amp#0;&amp#1;&amp#2;&amp#4;&amp#8;&amp#16; @�&amp#0;&amp#1;&amp#2;&amp#4;&amp#8;&amp#16; @��&amp#5;^~��l&amp#29;���[&amp#11;�Da�鹫�+;�Ss�u׍&amp#29;;��s�I}���&amp#27;oL��T�k��&amp#22;Zh�����&amp#18;��v�&amp#29;w����&amp#27;9rd٦,���>��&amp#3;ʯ5&amp#11;����&amp#27;3fL&amp#17;�π�碋.:��3g�~*�&amp#2;����?hР�����y���#�8"3/k������*_A��{2ly5�_��&amp#23;�Ix��rZ)�a�t�M����z���_>����_\�&amp#15;���L}}y��&amp#24;��ь@�&amp#0;&amp#1;&amp#2;&amp#4;&amp#8;4$0qw{�L1sQC�jL�&amp#0;&amp#1;&amp#2;&amp#4;&amp#8;&amp#16; @�&amp#0;&amp#1;&amp#2;&amp#4;&amp#8;&amp#16; @�&amp#0;�V&amp#18;H|��&amp#23;^Ȋ�o{�=����bu�����~��k��6i�O:�l�.��,[�&amp#19;���W���ۖqЄo����N�C&amp#14;9��O.�&amp#23;�}��w&amp#19;̾袋*+k�&amp#27;��<�̓������O�?��bؼ&amp#1;�h�~�헯y�೟�l��@���}��E�=��k���JF��̖�&amp#7;&amp#30;x����V�ʽ�Y�Yg�Us�i���&amp#11;/�!ܞ�W�|P��$08��c�L~�5׬��į�l�M�o�5��8��&amp#8;&amp#16; @�&amp#0;�:&amp#5;:&amp#18;n���f&amp#4;&amp#8;&amp#16; @�&amp#0;&amp#1;&amp#2;&amp#4;&amp#8;&amp#16; @�&amp#0;&amp#1;&amp#2;&amp#4;&amp#8;&amp#16;hO��w���믿~��؉�o�馉�'̜,�%N�H�e�Y&amp#18;t/k�B"�;�C6����7�\��SN,�{����&amp#15;?��j����&���G?Jyr��&amp#27;�O�&amp#17;O~�l�ϘU�����ߦ�7��M�y�U�&amp#8;�&amp#31;u�Q�������&amp#23;��+S�W�}�}̓�|��3��TQ<�K/�tr'��&amp#11;,&amp#27;OC+&amp#29;h��C�&amp#0;&amp#1;&amp#2;&amp#4;�Q&amp#1;���&amp#7;g�&amp#4;&amp#8;&amp#16; @�&amp#0;&amp#1;&amp#2;&amp#4;&amp#8;&amp#16; @�&amp#0;&amp#1;&amp#2;&amp#4;&amp#8;�����>��}ޣG���܏=�X�G/��N���S�h���&amp#22;q�&amp#4;�&amp#27;V4K}��)��_N��&amp#31;��G��ee����Oٽ�P�س��,W6(�e:�,���\! ���	K�͒���g/�&amp#22;;��>�l&amp#4;�&amp#22;��&amp#23;_|�%�(&amp#27;T&amp#21;�B��?��&amp#19;�>�h�&amp#3;8���
�[�潇���������3Zi������u�7,&amp#6;��˾���uo���}�󬳑�h\����Ρ�I0~��f���G��&amp#7;<�!C�$!|R&amp#14;�Y&amp#7;ʖ�,�&amp#17;���g�i��e��&amp#25;��&amp#6;��Yy�˷7�&amp#17;B����*�gd&amp#14;�&}*�˖�8��&amp#16;�TfnYQ&amp#14;&amp#2;�n���e�Yfr��&amp#8;
&amp#4;&amp#8;&amp#16; @�=&amp#5;����[5&amp#1;&amp#2;&amp#4;&amp#8;&amp#16; @�&amp#0;&amp#1;&amp#2;&amp#4;&amp#8;&amp#16; @�&amp#0;&amp#1;&amp#2;�&amp#17;H��&amp#24;�{����y晢~�Yg-&amp#27;$��L�	y&amp#22;&amp#7;���&amp#7;�F&amp#11;�����/n��|��*_&amp#14;�<�ǆ+�f�{�3��,��&amp#23;�,s��N9�&amp#1;�<��$cOȹ�oʫ���O���v��ĀS뭷�5E!/=�v�i�]�[o��&amp#15;>��A�f&amp#18;駐�w���{�ʚ��&amp#19;f�f���s(@UV��̴s�@
_��&amp#23;&amp#19;��[�&amp#19;�.�T�&amp#12; &amp#17;���>�f��&amp#28;��m��{��'c�Z�>�&amp#6;&amp#27;lp�&amp#1;&amp#7;&amp#20;�W^y���&amp#31;��5�\��}e�^�&amp#28;	�K&amp#18;�]w�u��ZQ1NpN9�&amp#31;���9&amp#26;�l_&amp#20;v�i����u��W���&amp#0;&amp#1;&amp#2;&amp#4;&amp#8;��@g&amp#11;���&amp#8;&amp#16; @�&amp#0;&amp#1;&amp#2;&amp#4;&amp#8;&amp#16; @�&amp#0;&amp#1;&amp#2;&amp#4;&amp#8;&amp#16; ��&amp#2;��{on��l=�ȇ&amp#30;z�&amp#27;nH���g�a�ʹ-���E����&amp#23;����o���g�sϷ+s���׿���&amp#15;{h�&amp#29;�ل]�&amp#4;�r��L���n&amp#17;k&amp#31;>|x��'�^��4��&amp#31;~x��	&amp#30;o��e�=]ʐ:�p�&amp#0;�K�Ư��zU�|��_�ZTn��fݯv��v�"����>{�wvop�&amp#21;W&amp#20;�9b`����&amp#27;Ԭ��&amp#31;�X���3�7&amp#15;ʌ&amp#2;�������&amp#30;{&amp#20;��0f����z�\\�4�y�T����"֞�&amp#25;�&amp#28;���KĽ�+&amp#29;�ў�z&amp#17;kO��5�X#�-n�_����?�;�'@�&amp#0;&amp#1;&amp#2;m(�&amp#23;��no��n�&amp#4;&amp#8;&amp#16; @�&amp#0;&amp#1;&amp#2;&amp#4;&amp#8;&amp#16; @�&amp#0;&amp#1;&amp#2;&amp#4;&amp#8;4G gu&amp#23;&amp#17;�u�Y��&amp#17;�����+�Ȼ�{��{w���d�{�';���;�o|�&amp#27;S&amp#12;�f���'��&amp#0;y��'+{�P&amp#6;�f���|'5�&amp#30;�SO=��A�&���.��%{��@��/��Hpΰ�U����'��!�&amp#28;��阠{�/&amp#18;�'f�t�Ů�-�آHޞ�{�T���/.j����f�����'_�w�&amp#21;W�&amp#28;0�[/^SH�<	�ˌ&amp#2;�m���þ�&amp#1;Ȼ&amp#5;���� )���r�@�&amp#8;�8���*;�WYe�r'zR#�x�k��V��+k���C&amp#15;MM�&amp#15;:�ܮ�������_��Bß�����ڪ�WQN�=���{�d\(j�#�9�M7ݴ��J�&amp#15;��&amp#0;&amp#1;&amp#2;&amp#4;&amp#8;���p{K>V�"@�&amp#0;&amp#1;&amp#2;&amp#4;&amp#8;&amp#16; @�&amp#0;&amp#1;&amp#2;&amp#4;&amp#8;&amp#16; @�?&amp#4;&amp#18;d=��#�;��3���?���&amp#4;SǍ&amp#27;����N�D@����Oq���&amp#28;�=�܄�_z�Dً@{���n�m��S�O"���^$H���	i���j�&amp#2;�=�9�{�ݻ7(��W�'���o}�x&amp#23;!��2ܞ������[o��{�]r�� �D�c���&amp#5;&amp#23;\P&amp#21;nO��;�#��&amp#19;}�9���������l�z'ܞ)���4ț
��&�lR��b!�E�u�]�r�$&amp#3;������R�����S���&amp#31;1b�6�lSYS�|�I'&amp#21;���W��|�ya"!���&amp#19;ȯ��6�5h��n������&amp#1;b����݈��VI�&amp#0;&amp#1;&amp#2;&amp#4;�J ��u�Ղ-�&amp#0;&amp#1;&amp#2;&amp#4;&amp#8;&amp#16; @�&amp#0;&amp#1;&amp#2;&amp#4;&amp#8;&amp#16; @�&amp#0;&amp#1;&amp#2;�&amp#18;8�&amp#19;�&amp#24;p"���7_�a&amp#19;�=���&amp#19;�M
�2֞hqN���x�k�8�D�3�lk�馛�X{�ۉ�����D^&amp#19;v-Ҷg�	�g9_��&amp#23;N?��w�}wꗐ&amp#17;ʜ���&amp#3;�Ņ��C��ʪB��&amp#23;/=�<����W������&amp#27;nXY?�r&amp#25;M��蕍���	�煃����	�&amp#23;bX�<L�}�'?m.��ɵ�\}�������&amp#12;R��/&amp#27;'�?f̘|M���[n)���׾���X{Q_�(�&amp#31;���&amp#2;&amp#1;&amp#2;&amp#4;&amp#8;&amp#16; &amp#16;&amp#1;�v?&amp#6;&amp#4;&amp#8;&amp#16; @�&amp#0;&amp#1;&amp#2;&amp#4;&amp#8;&amp#16; @�&amp#0;&amp#1;&amp#2;&amp#4;&amp#8;&amp#16;hX q�d�N�D4��n����^z��k�,=A��&amp#12;��8�E<;�o����]z]Y�|�g��g��6J��%�X��W�;'&amp#8;�]�u�:���&amp#24;�����蒨p�Jo���&amp#15;<�@��T5˾��q��<y�ǎ&amp#29;[\�.��ٓO>�r�%���&amp#11;et��K.��Z&amp#28;:��x�I&amp#5;��c>Ce�|9��o��W&amp#22;�5ϱ����O?}&amp#17;���&amp#0;�b&amp#30;��2/��,dW}���&amp#3;&amp#15;Lv��s�3_}z���d&amp#29;���&amp#28;�(';}Qx�駻_-_w��������&amp#0;W�+&amp#19; @�&amp#0;&amp#1;&amp#2;��&amp#16;�&amp#5;&amp#1;&amp#2;&amp#4;&amp#8;&amp#16; @�&amp#0;&amp#1;&amp#2;&amp#4;&amp#8;&amp#16; @�&amp#0;&amp#1;&amp#2;&amp#4;&amp#8;�#p�e��(��&amp#6;�&amp#20;&�5<ǄW�&amp#20;�\�٬�D�	�&{B�e&amp#20;����Ц��d���O9����k<�|'����&amp#11;,�@e��Y�BB����l������E�&amp#0;�&amp#4;��&amp#3;�kv��L����~�7�[�+�����&amp#31;{�|��B�l�B�iXa�&amp#21;�7>�J�:��T>��C��_��&amp#23;&amp#27;���o��'/}ޫȫ&amp#0;Iſ�"�����&amp#23;)�Ϗ����{磌��X^t�'o-�&amp#12;��į&amp#12;��F��rJ~H�,)&amp#4;�ꗿ��*1E�r&amp#3;��s�]snI�_��d/�l��[9��ze&amp#2;&amp#4;&amp#8;&amp#16; ��&amp#2;�W���m�3`�&amp#4;&amp#8;&amp#16; @�&amp#0;&amp#1;&amp#2;&amp#4;&amp#8;&amp#16; @�&amp#0;&amp#1;&amp#2;&amp#4;&amp#8;4&�����o�$>��_�������{�=�H߄Q+7L76��ۺ��q�&amp#25;&amp#19;0.���f��;�%4��׳��H~�E%�>�n�Z$�zvx�y�E�7G��&amp#30;=:i��j��&/j�&amp#12;&amp#25;Ru���-��"��I����+���(����X�T�E�K/��(&amp#20;[�&amp#19;��&amp#15;�&amp#20;�W5H�>�g$7@�̼�|������?_�x�&amp#21;W�&amp#30;�\*��y���[o���c�t�-�ʯ��zQ���U����[&amp#8;)������y��L�&amp#0;&amp#1;&amp#2;&amp#4;�S�����ܭ�&amp#0;&amp#1;&amp#2;&amp#4;&amp#8;&amp#16; @�&amp#0;&amp#1;&amp#2;&amp#4;&amp#8;&amp#16; @�&amp#0;�^
\{�?�я�y���	TOq�q�۔����~�њ��O&amp#14;�/&amp#18;�g&amp#23;x�w/�g�t^;(�9���A�&amp#29;����J�&amp#0;&amp#30;p�&amp#1;	�g���'����9&amp#12;�j�Yf���y�W�.u���Zk&amp#21;�ߋ�Փ��(��&amp#5;&amp#23;\�{�)�d�|��,&amp#27;�?����/�X�&amp#19;?��5&amp#27;$1@��-�;�C1�[o�u뭷.��&amp#23;�&amp#18;��i��.���#�8"������&amp#15;>��Sk&amp#14;[T�/%���&amp#27;5���57��좒&amp#0;&amp#1;&amp#2;&amp#4;�{w&amp#2;�ո7|�T&amp#27;%�NR�&amp#20;"�1d�ӑ!����̳2&amp#28;CB9ȬC�&amp#14;�I��R�I%Ãc�2O�B%4&amp#18;J��������u���{7��������Z׺ֵ���������/&amp#5;&amp#20;�O����d�W@&amp#1;&amp#5;&amp#20;P@&amp#1;&amp#5;&amp#20;P@&amp#1;&amp#5;&amp#20;P@&amp#1;&amp#5;&amp#20;P@&amp#1;&amp#5;�?&amp#1;&amp#18;�{��A&amp#23;�vB�$d���ۨZ�j&amp#24;&amp#24;���;.�Q��z��f͚�$#<�&amp#5;�SWC�<�z���&amp#15;�]yn��&amp#31;����O�}&amp#8;9��ٳg�&amp#14;��yȞ�>}zjW�&��!���>�k&amp#22;�&amp#15;1츬{�!��P��1����qU��t}���7���&amp#23;_|1o&amp#3;�����~�`
�3��&amp#27;Va/u�Y&amp#8; sd�A�XU>5rΜ9��x�&amp#31;�fsS&amp#1;&amp#5;&amp#20;P@�r.`���&amp#1;�}&amp#5;&amp#20;P@&amp#1;&amp#5;&amp#20;P@&amp#1;&amp#5;&amp#20;P@&amp#1;&amp#5;&amp#20;P@&amp#1;&amp#5;&amp#20;�J��vH�&����&amp#15;&amp#22;/�Ι�M�&amp#22;�W�nݬN�Ϡuu=�؉Is&amp#18;B�E]�<yi���f�D�&amp#29;&amp#23;����q��N�({H&amp#28;��4&M���&amp#12;�ƍ&amp#27;Ӡ�|80s@��&amp#5;���+��&amp#18;���&amp#29;vXrL����ѣG��8&amp#11;�S��H��7�d��={��y.�&amp#30;&amp#15;lժ&amp#21;˷��&amp#24;2�{c�^�z��&amp#7;�&amp#12; �&amp#31;�c#V�oذa촡�&amp#2;
(��&amp#2;�&amp#16;`�&amp#23;���p�&amp#16;&amp#5;&amp#20;P@&amp#1;&amp#5;&amp#20;P@&amp#1;&amp#5;&amp#20;P@&amp#1;&amp#5;&amp#20;P@&amp#1;&amp#5;&amp#20;(_&amp#2;&amp#4;nC������)�^���U�lٲ<&amp#7;&amp#16;۾�;�.ʞ�9&��"]&amp#15;��&amp#2;ʰ�*&amp#29;���.m>o޼��mԨQa�?���qL|#�wމ��Q�V-&amp#26;&amp#28;2u��䮹s�r=ɞ��ԩShP�>?�x�&amp#14;;�&amp#16;J��&amp#20;��۷o�|&amp#15; �̲Q�Z�&amp#16;§�{��&amp#24;��r�8,��&amp#1;5j�&amp#8;����&amp#26;F�\�2&amp#30;�l�&amp#16;&amp#31;6�&amp#12;ɽ�&amp#29;.�K&amp#29;>|x�&amp#12;�&amp#25;3f�&amp#24;1�6��&amp#3;&amp#15;<0��M&amp#5;&amp#20;P@&amp#1;&amp#5;&amp#20;(�&amp#0;�E�)�&amp#1;&amp#14;V@&amp#1;&amp#5;&amp#20;P@&amp#1;&amp#5;&amp#20;P@&amp#1;&amp#5;&amp#20;P@&amp#1;&amp#5;&amp#20;P@&amp#1;&amp#5;ʛ&amp#0;��+��2���G&amp#30;�ꫯ�)@�x����&amp#31;�׿�Eȓ&amp#26;�&amp#26;4 ꜓�C�7yۃ&amp#7;&amp#15;f�o�P&amp#29;�E�&amp#22;y�ShgQ����\sM˖-	�&amp#19;d�z�&amp#31;/X����#G�|�78#��P����&amp#31;}�ѤM�i�f��w�b9%�|S�}�ر,!&amp#31;&amp#14;�qq6c��&amp#30;z��r��͗,YBD&amp#25;��M�&amp#18;�f�=�����{�עE��Nꥇxv�2��r��T�:��.��&amp#2;n&amp#4;U��'N�8k֬^�z%&amp#15;!����>��|�$ܞ�[�6O3�&amp#1;ϱ�:3)?�9	u�~��&amp#29;;v$]&amp#30;I&amp#0;sss���k&amp#22;�&amp#15;w}�A&amp#7;�yXϞ���D�*&amp#8;T��	�x,��&amp#0;�`���'�|2&amp#15;�&amp#25;(A&amp#15;&amp#17;��S&amp#30;�'��&amp#31;�~���&amp#20;ݺu+I1�l��1
(��&amp#2;
�&amp#7;&amp#1;����){�
(��&amp#2;
(��&amp#2;
(��&amp#2;
(��&amp#2;
(P|�Pk=&amp#28;?p���&�&amp#24;{&amp#8;��&amp#1;Dgc�6u&amp#8;�Z�̛o�y�?���]&amp#15;��&amp#24;~N��X{�~�B&amp#5;�Ԯ�&�·&amp#12;&amp#25;�ꌛ�T&amp#12;����&amp#4;�)�&amp#23;��~�E&amp#23;�a=z��ܹ3Q�1c�&amp#16;c~{�'�@�H9&amp#17;�̲�W_}5�~��&amp#23;�'O&T�<��$7i�nݚ�
1l����oj@Q7�5k�<$�s`��%&amp#20;09��+&amp#14;|2ǐkΫ&amp#12;����|б����_&amp#31;�����]�re&amp#30;(&amp#11;�s���~�и��Ky�"��&amp#2;
(��&amp#2;
&amp#20;U�7�*RP���9^&amp#1;&amp#5;&amp#20;P@&amp#1;&amp#5;&amp#20;P@&amp#1;&amp#5;&amp#20;P@&amp#1;&amp#5;&amp#20;P@&amp#1;&amp#5;&amp#20;(?&amp#2;&amp#5;�63&amp#29;H&&c��l�.��)&�裏&amp#22;\�>�&amp#29;�Fr��^&amp#15;��_~y�	�\d��ݟ{����/y�<یd��]&amp#4;��t��*�&amp#8;.&amp#23;O�7U�|��6c&amp#6;��&amp#15;&amp#29;:4��x?Y�&amp#20;�&amp#15;��S�I�7�~��S�\y����0���=���C#5Urd�&amp#29;�S���{&amp#0;ap��&amp#19;��!9[��&amp#30;��_x�{�gr&amp#24;�����2A߾}�&amp#27;&amp#24;�&amp#17;&amp#25;��	&amp#25;ٮ];B�1	��8y<]��W&amp#16;&amp#30;y�3�8#5	\&amp#20;��?&amp#12;�?�'&amp#12;�{c#&amp#30;hC&amp#1;&amp#5;&amp#20;P@��,�&amp#25;+�T���,�_&amp#2;�]&amp#1;&amp#5;&amp#20;P@&amp#1;&amp#5;&amp#20;P@&amp#1;&amp#5;&amp#20;P@&amp#1;&amp#5;&amp#20;P@&amp#1;&amp#5;և&amp#0;�N&amp#20;H����I&amp#24;��wb�&amp#27;�&amp#31;cI��z(*Nx���DC�H�O&amp#1;y&Y�x�&amp#21;+�T�R�N&amp#29;��&amp#23;<&amp#3;�Щ9�z䔠O&amp#5;��.X��ONv��Ľ�&amp#8;��)&O2}~��{�&��C(����������_�~��&amp#0;�)l���y^&amp#21;&amp#3;(�&amp#15;5ߟ�ի�W���c"ǝ32C�z�����&amp#2;�T@&amp#1;&amp#5;&amp#20;P@��&amp#5;��^&amp#5;��&amp#11;6r�&amp#2;
(��&amp#2;
(��&amp#2;
(��&amp#2;
(��&amp#2;
(���%�"�ԓ�I�fe�M��Z&amp#5;&amp#20;P@&amp#1;&amp#5;&amp#20;�T&amp#4;&amp#8;�W�T���T@&amp#1;&amp#5;&amp#20;P@&amp#1;&amp#5;&amp#20;P@&amp#1;&amp#5;&amp#20;P@&amp#1;&amp#5;&amp#20;P@&amp#1;&amp#5;&amp#20;P &amp#27;���?&amp#12;;餓�&amp#25;�&amp#24;&amp#5;&amp#20;P@&amp#1;&amp#5;&amp#20;P�&amp#24;&amp#2;k�픣)Ƒ&amp#30;��&amp#2;
(��&amp#2;
(��&amp#2;
(��&amp#2;
(��&amp#2;
(�@)&amp#20;x��wY��&amp#11;c1���^
/�KR@&amp#1;&amp#5;&amp#20;P@�2 �*-9��R&amp#6;&amp#30;����&amp#2;
(��&amp#2;
(��&amp#2;
(��&amp#2;
(��&amp#2;
�g&amp#1;��&amp#31;<x�[n���oO�<9P\}���&amp#3;xy�Vx�
(��&amp#2;
l&amp#0;��5�W��&amp#1;��)&amp#20;P@&amp#1;&amp#5;&amp#20;P@&amp#1;&amp#5;&amp#20;P@&amp#1;&amp#5;&amp#20;P@&amp#1;&amp#5;&amp#20;P@&amp#1;&amp#5;&amp#20;X&amp#31;&amp#2;&amp#11;&amp#22;,&amp#24;=ztr�뮻�&amp#3;&amp#14;H��V@&amp#1;&amp#5;&amp#20;P@&amp#1;&amp#5;ֹ@&amp#5;���|R'T@&amp#1;&amp#5;&amp#20;P@&amp#1;&amp#5;&amp#20;P@&amp#1;&amp#5;&amp#20;P@&amp#1;&amp#5;&amp#20;P@&amp#1;&amp#5;&amp#20;P`�	��N&amp#1;�Y�f���4j��裏�n��6��=�&amp#2;
(��&amp#2;
�[&amp#1;�����{�
(��&amp#2;
(��&amp#2;
(��&amp#2;
(��&amp#2;
(��&amp#2;
(��&amp#2;
(��&amp#2;�&amp#20; ��bnnn1��0&amp#5;&amp#20;P@&amp#1;&amp#5;&amp#20;P@&amp#1;&amp#5;&amp#20;P@&amp#1;&amp#5;&amp#20;P@&amp#1;&amp#5;&amp#20;P@&amp#1;&amp#5;&amp#20;P@&amp#1;&amp#5;&amp#20;P@&amp#1;&amp#5;ʥ&amp#0;����^.��7��&amp#2;
(��&amp#2;
(��&amp#2;
(��&amp#2;
(��&amp#2;
(��&amp#2;
(��&amp#2;
(P2��%;ܣ&amp#21;P@&amp#1;&amp#5;&amp#20;P@&amp#1;&amp#5;&amp#20;P@&amp#1;&amp#5;&amp#20;P@&amp#1;&amp#5;&amp#20;P@&amp#1;&amp#5;&amp#20;P@&amp#1;&amp#5;&amp#20;P@&amp#1;&amp#5;&amp#20;(w&amp#2;k�ɗ����&amp#21;P@&amp#1;&amp#5;&amp#20;P@&amp#1;&amp#5;&amp#20;P@&amp#1;&amp#5;&amp#20;P@&amp#1;&amp#5;&amp#20;P@&amp#1;&amp#5;&amp#20;P@&amp#1;&amp#5;&amp#20;P@&amp#1;&amp#5;&amp#20;(�&amp#0;�v�ɗ�У&amp#21;P@&amp#1;&amp#5;&amp#20;P@&amp#1;&amp#5;&amp#20;P@&amp#1;&amp#5;&amp#20;P@&amp#1;&amp#5;&amp#20;P@&amp#1;&amp#5;&amp#20;P@&amp#1;&amp#5;&amp#20;P@&amp#1;&amp#5;ʥ�����{�
(��&amp#2;
(��&amp#2;
(��&amp#2;
(��&amp#2;
(��&amp#2;
(��&amp#2;
(��&amp#2;%&amp#16;XSL���`&amp#6;&amp#15;U@&amp#1;&amp#5;&amp#20;P@&amp#1;&amp#5;&amp#20;P@&amp#1;&amp#5;&amp#20;P@&amp#1;&amp#5;&amp#20;P@&amp#1;&amp#5;&amp#20;P@&amp#1;&amp#5;&amp#20;P@&amp#1;&amp#5;&amp#20;P�<
XL�<>u�Y&amp#1;&amp#5;&amp#20;P@&amp#1;&amp#5;&amp#20;P@&amp#1;&amp#5;&amp#20;P@&amp#1;&amp#5;&amp#20;P@&amp#1;&amp#5;&amp#20;P@&amp#1;&amp#5;&amp#20;P@&amp#1;&amp#5;&amp#20;P��&amp#2;&amp#22;�/!��+��&amp#2;
(��&amp#2;
(��&amp#2;
(��&amp#2;
(��&amp#2;
(��&amp#2;
(��&amp#2;
�G&amp#1;����{�
(��&amp#2;
(��&amp#2;
(��&amp#2;
(��&amp#2;
(��&amp#2;
(��&amp#2;
(��&amp#2;%&amp#20;0�^B@&amp#15;W@&amp#1;&amp#5;&amp#20;P@&amp#1;&amp#5;&amp#20;P@&amp#1;&amp#5;&amp#20;P@&amp#1;&amp#5;&amp#20;P@&amp#1;&amp#5;&amp#20;P@&amp#1;&amp#5;&amp#20;P@&amp#1;&amp#5;&amp#20;(w&amp#2;�W�6�^7��&amp#2;
(��&amp#2;
(��&amp#2;
(��&amp#2;
(��&amp#2;
(��&amp#2;
(��&amp#2;
(PB&amp#1;��&amp#21;�_	g�p&amp#5;&amp#20;P@&amp#1;&amp#5;&amp#20;P@&amp#1;&amp#5;&amp#20;P@&amp#1;&amp#5;&amp#20;P@&amp#1;&amp#5;&amp#20;P@&amp#1;&amp#5;&amp#20;P@&amp#1;&amp#5;&amp#20;P@&amp#1;&amp#5;ʛ�����{�
(��&amp#2;
(��&amp#2;
(��&amp#2;
(��&amp#2;
(��&amp#2;
(��&amp#2;
(��&amp#2;�@�p�:@t
&amp#5;&amp#20;P@&amp#1;&amp#5;&amp#20;P@&amp#1;&amp#5;&amp#20;P@&amp#1;&amp#5;&amp#20;P@&amp#1;&amp#5;&amp#20;P@&amp#1;&amp#5;&amp#20;P@&amp#1;&amp#5;&amp#20;P@��&`���=q�W&amp#1;&amp#5;&amp#20;P@&amp#1;&amp#5;&amp#20;P@&amp#1;&amp#5;&amp#20;P@&amp#1;&amp#5;&amp#20;P@&amp#1;&amp#5;&amp#20;P@&amp#1;&amp#5;&amp#20;P@&amp#1;&amp#5;&amp#20;P��&amp#2;�����^RD�W@&amp#1;&amp#5;&amp#20;P@&amp#1;&amp#5;&amp#20;P@&amp#1;&amp#5;&amp#20;P@&amp#1;&amp#5;&amp#20;P@&amp#1;&amp#5;&amp#20;P@&amp#1;&amp#5;&amp#20;P@&amp#1;&amp#5;&amp#20;(�&amp#2;f��Ç�-+��&amp#2;
(��&amp#2;
(��&amp#2;
(��&amp#2;
(��&amp#2;
(��&amp#2;
(��&amp#2;
�T�p{I&amp#5;=^&amp#1;&amp#5;&amp#20;P@&amp#1;&amp#5;&amp#20;P@&amp#1;&amp#5;&amp#20;P@&amp#1;&amp#5;&amp#20;P@&amp#1;&amp#5;&amp#20;P@&amp#1;&amp#5;&amp#20;P@&amp#1;&amp#5;&amp#20;P�&amp#28;
&amp#24;n/�&amp#15;�[V@&amp#1;&amp#5;&amp#20;P@&amp#1;&amp#5;&amp#20;P@&amp#1;&amp#5;&amp#20;P@&amp#1;&amp#5;&amp#20;P@&amp#1;&amp#5;&amp#20;P@&amp#1;&amp#5;&amp#20;P@&amp#1;&amp#5;&amp#20;(���ի]��D�&amp#30;��&amp#2;
(��&amp#2;
(��&amp#2;
(��&amp#2;
(��&amp#2;
(��&amp#2;
(��&amp#2;
(P>&amp#5;�n/��ݻV@&amp#1;&amp#5;&amp#20;P@&amp#1;&amp#5;&amp#20;P@&amp#1;&amp#5;&amp#20;P@&amp#1;&amp#5;&amp#20;P@&amp#1;&amp#5;&amp#20;P@&amp#1;&amp#5;&amp#20;P@&amp#1;&amp#5;&amp#20;(����&amp#18;�y�&amp#2;
(��&amp#2;
(��&amp#2;
(��&amp#2;
(��&amp#2;
(��&amp#2;
(��&amp#2;
(�@9&amp#20;��ͭ��&amp#21;*�Û��&amp#21;P@&amp#1;&amp#5;&amp#20;P@&amp#1;&amp#5;&amp#20;P@&amp#1;&amp#5;&amp#20;P@&amp#1;&amp#5;&amp#20;P@&amp#1;&amp#5;&amp#20;P@&amp#1;&amp#5;&amp#20;P@&amp#1;&amp#5;&amp#20;(�@Κ���&amp#23;��&amp#3;&amp#21;P@&amp#1;&amp#5;&amp#20;P@&amp#1;&amp#5;&amp#20;P@&amp#1;&amp#5;&amp#20;P@&amp#1;&amp#5;&amp#20;P@&amp#1;&amp#5;6&amp#17;�Y�f�&amp#26;5���ر�;\����&amp#2;
(��&amp#2;�T�P{NŊ֓/����R@&amp#1;&amp#5;&amp#20;P@&amp#1;&amp#5;&amp#20;P@&amp#1;&amp#5;&amp#20;P@&amp#1;&amp#5;&amp#20;P@�R"�|�������b�-��o�&amp#2;�ꫯ��駟jԨ��n�&amp#21;0l������&amp#23;.\X�Z�=��s�\@�O��3�&amp#12;&amp#31;>��c��ܹs�'��y��&amp#28;9�F����|�}���&amp#31;~�!7ۦM��7�<?7�,[�,��/��[o]�z�?��999�]��'M��믿֮]{�w�o&amp#12;�?����~��7�̙3�N�:���o֬�V[mU�!��x��}�������&amp#7;�s��kڴi�F�2G�zV�Z��'�p&amp#20;g_�xq͚5��f�z����ޕ*U���������&amp#26;6lX�r�T��
(��&amp#2;
d�_J�&amp#20;P@&amp#1;&amp#5;&amp#20;P@&amp#1;&amp#5;&amp#20;P@&amp#1;&amp#5;&amp#20;P@&amp#1;&amp#5;&amp#20;P@��,@���K/&amp#2;��sO˖-��&amp#24;4h�k��FH�F~c6V�>}���&amp#11;&amp#2;�!�{c]F1����&amp#15;&amp#18;a��;u�e&amp#0;�&amp#24;g)c�&amp#12;&amp#27;6��&amp#30;�6�l�#�8"����꫉��w�-�<�cڵkW��#+W�&amp#28;0`&amp#0;�b&amp#6;�����=ϩ���{ｼ6���)���
ΒM&amp#21;�)S����|뭷R��ٶm�K.��&amp#16;~�.z~��7^�@#�;�&amp#26;ڷoߣG�p��&amp#15;?�y�a׶�n��.���G&amp#1;�&amp#1;�&amp#0;;&amp#21;P@&amp#1;&amp#5;ʪ&amp#0;��&amp#21;Y���ޞ���&amp#2;
(��&amp#2;
(��&amp#2;
(��&amp#2;
(��&amp#2;
�s�&amp#27;o�qɒ%�|Z',@ �QI�Nf!&amp#23;0�]K�.�v(ƌ&amp#25;S<&amp#16;�ԏ>��&amp#25;g���K/�9&amp#3;A�&amp#11;/�0���&amp#28;&amp#16;:Ǎ&amp#27;w��G�&amp#24;���oߪU+~��S�r�-O>�d&amp#1;��]��r�)��X{�$�ix��&amp#8;����Á3f�8��&amp#6;&amp#14;&amp#28;����]�g�&amp#26;��&amp#16;7&amp#11;h̝;��7��͛k��f���&amp#5;�t�&amp#2;
(�@9&amp#17;������ɳ�6&amp#21;P@&amp#1;&amp#5;&amp#20;P@&amp#1;&amp#5;&amp#20;P@&amp#1;&amp#5;&amp#20;P@&amp#1;&amp#5;&amp#20;P`�&amp#8;&amp#16;�#ŶgϞ�f:g�B��o~��7�&amp#0;�M&amp#14;t&amp#22;��!/��r����{o�̙�B�=�ҵ���&amp#23;�y����_�5Q�&amp#16;�&��駟N�S������)⚶��_O>��X����_����&amp#25;ٻw�?���&amp#20;lO&amp#30;�j�h��&amp#7;&amp#30;��}׮];t�@��0��&amp#19;7�p�&amp#7;&amp#31;|@��G&amp#30;y��s�M&amp#30;��?�~��&amp#4;��$��{����O�&amp#6;�{&amp#27;�.��+�&amp#16;�?�쳓G��ĉ&amp#19;C�����=U�?��S�?����'�>t��2�$A&�=
(��&amp#2;)��d����T@&amp#1;&amp#5;&amp#20;P@&amp#1;&amp#5;&amp#20;P@&amp#1;&amp#5;&amp#20;P@&amp#1;&amp#5;&amp#20;P@&amp#1;&amp#5;&amp#20;(@���&amp#31;&amp#15;�b&amp#23;0�]�P�@lǎ&amp#29;����9��T��׿�A�ȉ1ӈ����5&amp#17;q"��Â���&amp#15;=�����S�=&amp#28;��g�%�%u��w�&amp#23;��;X�<�7�&:N:����j�X;c&amp#8;�&amp#19;�&amp#14;�?����Q�ͽ�ڋ4�	&amp#19;&&amp#28;��1�Θ�u��
�,͞<��D�C��<x"�|�X��&amp#12;��^�p�	�&amp#7;&amp#15;�i���&amp#7;��<*�����~�G^y��8KE0�io��6�&amp#7;g�٣�&amp#2;
�7�&amp#28;_&amp#6;,o���U@&amp#1;&amp#5;&amp#20;P@&amp#1;&amp#5;&amp#20;P@&amp#1;&amp#5;&amp#20;P@&amp#1;&amp#5;&amp#20;P@�b&amp#11;��Np��o��ѣG'c��̹j�*J[��WӦM�f�m�4i�뮻��(�S�:&amp#4;&amp#29;�g���D��}�]~V�R����.�ӧO'��Ɓ&amp#7;&amp#30;&amp#24;C��1�n�&amp#28;�����eԬY�%���c��7�<���˗s1�$9��'1K��DC���O�<�X�&amp#14;;�P�^�&amp#21;+VL�:�x-3���O�Z��&amp#12;�YT�jժT&amp#8;��&amp#8;�ƽ�&amp#17;f�V�Z,&amp#30;N?&amp#23;��3UӦMٜ3g&amp#14;���7K�3&amp#15;&amp#23;O 65O�&amp#12;�ʩ&amp#25;ύ���y�xH��.&amp#14;K]&amp#21;����}.�x�!�&amp#28;�)�H&amp#18;�&amp#0;	&amp#15;�&amp#11;F�F�&amp#26;q&amp#18;&amp#26;�w��&{�osG!��b�LK����y�W��&amp#6;�������oNM�{�6m�5��N�o)9��?��CqW��N�:���A&amp#7;��o���&amp#0;�cbg~Kȓ�N�9w�&amp#31;�8�Ƌ/���G&amp#31;���&amp#24;&amp#21;)��%�&amp#22;�͉��>
��&amp#4;�w&amp#8;&amp#8;�&amp#23;o*�R@&amp#1;&amp#5;&amp#20;(&amp#27;&amp#2;9e�6�&amp#11;&amp#5;&amp#20;P@&amp#1;&amp#5;&amp#20;P@&amp#1;&amp#5;&amp#20;P@&amp#1;&amp#5;&amp#20;P@&amp#1;&amp#5;&amp#20;P`&amp#3;&amp#8;��&amp#4; Y������?�8gR��&amp#20;�Ne	&amp#19;)$Gv���g�Y�f�	�:묋/�893����Bک���w����o3���E�r�رcyu��x�Y���[oMF��$O���o&amp#15;&amp#25;���D4��Ν;��{ｗZ�d3&amp#31;u�Q&amp#23;]tQH���&amp#25;F}������W_}5��`&amp#30;^eHE^�lD�G�&amp#26;&amp#21;&amp#7;SЛ&amp#24;*!X&amp#30;ĵ�^���a�&amp#21;'&amp#3;;O&amp#16;��n�&amp#24;1"�&amp#22;&amp#26;$C����d��g&amp#23;&amp#15;	W�&amp#3;%(;|����&amp#31;q&amp#23;��&amp#16;n�&amp#26;�T*v&amp#28;&amp#22;&amp#26;}��=���S�Yn&amp#18;_&amp#15;#)��W�M��n�M��&amp#12;qX�#���+�l?���&amp#2;��&amp#27;&amp#24;�"5x�!�O��Q�&amp#25;&amp#24;�k(��i�
K�ؘ�߭[�u&amp#18;k&amp#15;��&amp#22;&amp#2;�݄��<�c�9���ym+��&amp#2;
�&amp#31;&amp#1;ޟ�h����S&amp#5;&amp#20;P@&amp#1;&amp#5;&amp#20;P@&amp#1;&amp#5;&amp#20;P@&amp#1;&amp#5;&amp#20;P@&amp#1;&amp#5;&amp#20;(�&amp#0;&amp#17;��.�,�&amp#24;)m=iҤ,'$����!�N&amp#24;���	&amp#30;s,q�&amp#11;/���&amp#23;^�MO�t�wRӾ��k�'��Hg��&amp#19;��3&amp#25;=&amp#30;�_���C���"?�y��J�&amp#21;W\������_}�a&amp#12;#�+��tff�&amp#19;{>�s��0s�N�"7�h��!F΍&amp#3;&amp#18;�ꪫX�;��M�&amp#3;KL=�C<����&amp#12;c(&amp#18;Λ&amp#4;��a��&amp#11;�v�&amp#5;��c-&amp#1;"���S�d��R�&amp#16;�g��&amp#24;k�,&amp#12;&amp#8;��I�g	�&amp#16;k�T;��/����e&amp#8;��k׎Lt
&amp#3;���r���&amp#19;O<�`^Y�����ʏ��iI�&amp#15;&amp#3;B	�8�&amp#0;s�.]�#�s�ʕqW�&amp#26;!L�!%Y) �Z��=�,���\$&amp#17;�"]U��y&amp#7;��&amp#14;c&amp#24;_�쿫�N�&amp#0;&amp#5;&amp#20;P@�MN�B�9�u��=6/X&amp#1;&amp#5;&amp#20;P@&amp#1;&amp#5;&amp#20;P@&amp#1;&amp#5;&amp#20;P@&amp#1;&amp#5;&amp#20;P@&amp#1;&amp#5;6�&amp#0;��I&amp#23;&��84�@t��m�An2�bF��7�L<5\�&amp#7;&amp#31;|p��&amp#19;����;���?&amp#17;&amp#22;��8)��&amp#19;,L��&amp#19;������/��t܌!�X�;�ʲqꩧR}�}��&amp#20;`&amp#15;ˏ&amp#18;�e=짞z�H9��c�=6L&amp#21;&amp#22;�&8=h� 
ȇNr�&amp#8;�&amp#19;�%ԝ:#&amp#1;{z�����&amp#6;&amp#29;vqkDǹeb��&amp#16;�$���M�3Y�!
>r�ȸ�w8�����	��(&amp#31;����&amp#14;u&amp#2;&amp#8;xS�;3������&amp#24;����O���&amp#14;&amp#29;J&amp#1;�xw�?��&amp#21;R��Dyzz��EL=�&amp#26;���&amp#15;svv�*��&amp#31;&amp#30;�"U�t���&amp#0;��:u�$g+R�73�&amp#11;&amp#14;	i�T���;�L>w���bA�s.]���g�&amp#29;0`&amp#0;#yO��߮&amp#2;N�mx3�1��C&amp#1;���ŝR'?���&amp#31;��O?=&amp#14;�&amp#17;�61�����	S����&amp#4;��(|�S&amp#3;�T@&amp#1;&amp#5;&amp#20;('&amp#2;&amp#21;��}z�
(��&amp#2;
(��&amp#2;
(��&amp#2;
(��&amp#2;
(�@�&amp#5;B��֭[�*6���K���i�t&amp#18;&amp#18;f&amp#24;��1��&y�dx� �&amp#26;2tcP��?��r�&amp#16;;$&amp#5;�NR�I��{c��&amp#1;&amp#7;&amp#28;&amp#16;;�� LND��w��s,/&amp#16;p�a��3g��Xk�6&amp#23;&amp#25;��l���B�g�yf��]��c���&amp#4;))�O#|���&amp#19;C�&amp#4;�);&amp#31;R�Y��?C
��	!3O��s&amp#0;P��r
±�%&amp#31;�s�=1��H֞��|8Yr%��]86�s���Dv��P=?Ig��v6��P��v�E�&amp#25;P���3&amp#3;`&amp#12;�&amp#22;��+&amp#23;��g���&amp#31;&amp#18;�&amp#15;&amp#31;�ֹl*���ݛ�|������f�S��W^y%���7$���y:��A�&amp#5;�x�"���^�F͚5�&amp#5;�w&amp#26;�佊ع&amp#14;&amp#27;q�&amp#24;�_��;�&amp#2;
(���"�����r�^�&amp#2;
(��&amp#2;
(��&amp#2;
(��&amp#2;
(��&amp#2;
(Pz&amp#4;(x&amp#30;&amp#2;��yg�z���&amp#24;�<��&amp#19;S�H}&amp#14;=S�L�Ѽy�&amp#25;��l�J�1PMZ|&amp#24;��P[��s�ƍcg�&amp#27;5j�&amp#8;��?��c���:�&amp#23;_|1�=&amp#16;�&amp#11;h�Z��&amp#27;KʓO_�v��^���&amp#30;��iӒ�&amp#5;�I�L_n֬Y8*y�q&amp#30;´�����g�&amp#16;��&amp#6;���]<$4&amp#8;rǧ��E%&amp#0;63�&amp#30;_;H�ߐ<0�6Ǿ��{�d�h��.��b����oyY�K���&amp#15;!�P��yڴi÷.Yh!���f&amp#12;�%&amp#20;&amp#0;��;�YdsH&amp#24;C�&amp#7;^)���&amp#18;xS�&amp#25;"`&amp#24;��O?�F����Y��U�V&amp#24;��&amp#1;Y&amp#30;�0&amp#5;&amp#20;P@��'@�=��ݕw��&amp#2;
(��&amp#2;
(��&amp#2;
(��&amp#2;
(��&amp#2;
�o&amp#1;b�d�S*�&amp#19;QR�&amp#28;�̊��&amp#26;BR8�kJ���T#,b�&amp#24;�fɗM.�&amp#30;��D�	E&amp#19;�'2J�u�]�&amp#29;���MMX�M����_�7o&amp#30;��I��&amp#14;9��X�"NE&amp#8;�h.'=�3�H&��Z�;���d&amp#30;|�)ȍ&amp#26;5��b#D1&amp#23;/^&amp#28;{
m4i�$sL��r��{c�?���~&amp#2;�<&amp#8;&amp#14;A�J�*����%���,��܅&amp#24;��_~�%�I;fcW�V-�+�M&amp#22;�&amp#15;�cF{�d9&amp#0;
&amp#0;PL�&amp#23;5�,��&amp#23;���a0&amp#11;�&amp#19;�&&amp#28;γ�Ǉdw�/�\�r�WR�H�f�t?�Xg!��v�S&amp#21;�����/*�&amp#11;x3��>c�&amp#0;�t�z����&amp#11;��Z�jh$���g���&amp#21;&��j�u2��(��&amp#2;
l�&amp#2;T1ܾ)>8�Y&amp#1;&amp#5;&amp#20;P@&amp#1;&amp#5;&amp#20;P@&amp#1;&amp#5;&amp#20;P@&amp#1;&amp#5;&amp#20;P@&amp#1;&amp#5;6���G&amp#31;ͺ�o��&amp#6;At
Y'׍N^&amp#28;��!�N��s�I�J�c�s�o&amp#31;6l&amp#24;�&amp#16;%�O�3&amp#4;�)�MD���s�=Ǣ�={��_xYq<Lr��&amp#7;&g+R�u�s���&amp#5;�&amp#16;&d9p&amp#6;��׏M2��&amp#16;�<餓���J���\&amp#1;E�C�|�RcA�T&amp#1;��2�qX���`|&amp#28;&amp#31;&amp#26;1۞�e�&amp#5;&amp#20;��%g��e&amp#2;&amp#6;�&amp#28;	��~����&amp#27;&amp#15;y��GC�%&amp#6;bg�&amp#26;��ǌ&amp#25;&amp#19;&amp#14;!��<��t�&amp#28;7n\��v2�v�<�6�Ib�|�9
�"堧�Jn.Z�����&amp#6;;	�I�����w^r&amp#23;�%(/O�;�\w�u&amp#15;<�@��Ÿ{��O&amp#30;U�v�!�߃.�)�A&amp#1;&amp#5;&amp#20;P��&amp#11;�)&��J��z�
(��&amp#2;
(��&amp#2;
(��&amp#2;
(��&amp#2;
(�@)&amp#20; �=\&amp#21;&amp#11;H��[f�wɒ%��	?�����&amp#4;;&amp#17;Y&amp#14;$�&amp#25;&amp#14;g�u&amp#26;&amp#4;��I���I�hĚ�Ŏђ&amp#25;|�a�&amp#17;��v.��܇&amp#30;zh*=�s�&amp#15;k�&amp#19;e?����&U�YE���p��&amp#25;��~Q�;dϧ&amp#14;)�f1J���&amp#0;2�&amp#21;S�		����.9a~W�&amp#19;&amp#12;g'�}�]wQ&amp#20;&amp#29;O��!R~�1���N�y�o���[1E�,��'Ɔy�"3�>�Sԭ[����J0`Ȑ!˗/�od��|u�u�&amp#22;�l=z��&amp#5;���s$u�Ij�;�^"��{&amp#24;k��{���bwΘ1#&amp#28;�Y���sz�&amp#2;
(���(�����M�6�f&amp#5;&amp#20;P@&amp#1;&amp#5;&amp#20;P@&amp#1;&amp#5;&amp#20;P@&amp#1;&amp#5;&amp#20;P@&amp#1;&amp#5;&amp#20;P`�&amp#11;ԩS�k�!$ɩo��&amp#22;�qg���e�Z�$����7�7s3,^N?�R��_x�&amp#5;�t���&amp#14;:(&amp#28;��o&amp#18;&amp#23;&amp#15;5�ٛ_p7s�d&amp#15;	�&amp#4;zC&amp#15;��b���&amp#25;�&amp#28;&amp#31;ڤ�^}��&amp#20;&amp#3;'T��#��=̰.]�&amp#12;&amp#24;0 �+�yT���/�&amp#28;&amp#23;�&amp#14;�E}v��#�&amp#5;&amp#12;&amp#31;>&amp#28;.B�1�=&amp#28;x�i�]p�&amp#5;�L�瘱cǆ~j�g&amp#14; ��x<�$�w��9s@�=�&amp#25;�3%H�^&amp#30;�&amp#14;;��,;��_r�%a�&amp#3;�o�_F����k
/��&amp#18;æM�&amp#22;^=	o	�C&amp#21;&amp#1;�&���ੲ��Z&amp#3;/��r&amp#24;ܠA�,�r�&amp#2;
(�@�&amp#19; �n1���X�#&amp#5;&amp#20;P@&amp#1;&amp#5;&amp#20;P@&amp#1;&amp#5;&amp#20;P@&amp#1;&amp#5;&amp#20;P@&amp#1;&amp#5;&amp#20;�p&amp#2;�xMIyB�Ւ�&amp#28;&amp#22;�N�����:Y���j&amp#15;G1&amp#3;��'N�H(���![7.&amp#4;NԐUۉ��9�S�ӟ�g̾M@�&amp#8;(�w��l�&amp#3;Y�:�X{&amp#28;Õ&amp#16;.e���C�&amp#14;&amp#28;8�~�6�T����ڬY���p{Q�]�)�A���e�&amp#24;Ӷm[*��&amp#4;!�=��#&d&amp#23;|x�{�~��k���X{�^�2�pF�E<�'�x�Hq�&amp#28;&amp#0;A��i���ԗ]vY�����&amp#25;g����������G&&amp#12;�م?)�wԨQ��P�$�&amp#15;x��&amp#7;�W��&amp#19;�䳟Ǒ
(��&amp#2;e@�b&amp#25;�&amp#7;oA&amp#1;&amp#5;&amp#20;P@&amp#1;&amp#5;&amp#20;P@&amp#1;&amp#5;&amp#20;P@&amp#1;&amp#5;&amp#20;P@&amp#1;&amp#5;&amp#20;�X&amp#2;&amp#4;#Y1:����c5���������}��d~�&amp#22;-Z��"�&amp#4;��&amp#24;&amp#22;���C�l�����j��s5�8��F|&amp#3; s�)S�&amp#20;p`ܕ��s��RЛ&amp#30;Vю���Aj2벧.��,��t֯_�R�JaoQ�]j�<7��p�3�<�*�TV?�s&amp#8;��$��Y�~��p�<S��U�re�&amp#23;����oYA &amp#12;.�'���&amp#0;9#�j�&amp#30;�9 ��û#�۱nc�.~]�{&amp#18;�&amp#2;�b�&amp#8;�:��WU�&amp#30;��&amp#31;~��p,���7�G)��&amp#2;
�&amp#25;&amp#1;��e�Qz#
(��&amp#2;
(��&amp#2;
(��&amp#2;
(��&amp#2;
(�q&amp#4;X����/&amp#15;�K�'/��&amp#19;O&amp#12;����믿&w���ի��1���C&amp#15;ѿ뮻&c�1��&amp#20;[�R�����ٷkԨ&amp#17;&amp#6;���ɣV�Zť&{B��kf'i���&amp#8;�f�-�=��&amp#16;_V�W8z���N&&amp#23;�����k̟??�&�J&amp#4;����&amp#11;&amp#22;,�g���3���&amp#3;��O�z�&amp#24;�&amp#28;&amp#16;z��&amp#30;&amp#26;�Ǐ�oL���&amp#1;'��<�|�H�O�;M�u���X{Ϟ=Su&amp#20;��g���oH�cy���&amp#12;����M���7&amp#12;h�L)&amp#8;&amp#17;�&amp#20;�'k�|��]�v3pS�?�Ş�&amp#3;&amp#21;P@&amp#1;&amp#5;6]&amp#1;�
g1�M��y�
(��&amp#2;
(��&amp#2;
(��&amp#2;
(��&amp#2;
(PZ&amp#4;N:�$2��8��&amp#8;�&amp#17;�{��H,>�&amp#19;X���%kK/Z��&amp#26;�D&amp#1;YN������+&amp#28;N�8At&amp#18;�C��XI>�%��*	�!&amp#14;J|1�b�y�&amp#2;:�4i&amp#18;��&amp#24;1�V�Z��'v��_���?&�'&amp#15;o׮&amp#29;&amp#11;c�+�2��'i�&amp#18;�!t�L�O&amp#30;U:�W]u&amp#21;�&amp#31;z�$m���&amp#19;&L&amp#8;/7 O��x�E}v���&amp#26;<w>TA�ӧ&amp#15;k��&amp#26;zx|�o�9�r�&amp#24;�@���)&amp#24;0l�0�b}��O?=�9��&amp#16;�*�&amp#29;w&amp#28;O0�a�&amp#11;&amp#31;��O>IV}ժU�H��,^&amp#16;6�j&amp#19;W��2,LK?u���"5��s��&amp#2;G�&amp#28;&amp#2;��9&amp#3;_-&amp#4;��E'&amp#23;@ؾC�&amp#14;&amp#7;&amp#29;tPݺu��v��˗� =/���	X&amp#24;�&amp#31;.l�3\x���B�� &amp#0;&amp#0;#�IDAT�&amp#1;T�?�#��g�&amp#29;wܑ�&amp#16;��&amp#25;3f��;&amp#31;��4�<�v(��;&amp#7;,1����3�%&amp#30;�&amp#24;�$����6&amp#20;P@&amp#1;&amp#5;ʧ�����ܽk&amp#5;&amp#20;P@&amp#1;&amp#5;&amp#20;P@&amp#1;&amp#5;&amp#20;P@&amp#1;&amp#5;&amp#20;P@&amp#1;&amp#5;&amp#20;X�&amp#2;DL����&amp#2;�o��������$��yz�z��h�!�&amp#28;&amp#18;
��ٺu�+4�'&amp#31;�&amp#19;�M��~����q&amp#18;
%r�*�Mܷq���&amp#26;�����O�)&amp#8;s�w�y�������ϧ���k?�+$�N&amp#20;<�&amp#26;w��]r�<ۄ�O;��M�{�tO�$">`���&amp#24;y����'Ǥ�cǎ=,&amp#6;�ڕ�$Hܻwo:����dw69&amp#17;o��&amp#6;�ML�~��$Ͻ�v&amp#18;&amp#20;&amp#15;�vFr��n�-�C�&amp#19;T@�����C&amp#21;�X�=5&amp#15;��+��2�I	&amp#1;��)�&amp#16;���}{C�>u,E�S=a�&amp#7;t��W��&amp#30;y�S&amp#1;&amp#5;&amp#20;P�\	�w6�ɗ�'��*��&amp#2;
(��&amp#2;
(��&amp#2;
(��&amp#2;
(�@q&amp#4;b�x&amp#1;��J�8A�0;)���T�V��u>a���^V
g�s�������M2q&amp#27;5j��E;�G޼y����6W�X����&amp#16;]&'8�O��r�&amp#3;&amp#7;&amp#14;&amp#12;װ�f�ŽW\q&amp#5;&amp#17;��&amp#25;&amp#26;�c�>��#G&��&amp#14;b�-yH4��<�&;�-&amp#30;�g>w�&amp#27;&amp#27;L&amp#24;F&amp#18;.�ҥ&amp#11;!m&amp#26;ɳ�A�]D���H�.�.ϫZ�x1&amp#21;�c��&amp#15;>�tm>���
&amp#2;d���8&amp#23;0iҤp&amp#25;�'&amp#30;/,4&amp#8;&amp#21;�&amp#26;&amp#7;m2�)Q�ڛ�lӦM�y��gS�R�D��<2{�T}��H6��b&amp#11;~&�*qL�&amp#14;qo���%&amp#14;���kY��/[��G&amp#25;:t�����<g��&amp#5;^p�{�0r��Q����jI��?����O�K�b�w�}7�&amp#6;���&amp#24;�T@&amp#1;&amp#5;ʳ@�Ԛ@���{W@&amp#1;&amp#5;&amp#20;P@&amp#1;&amp#5;&amp#20;P@&amp#1;&amp#5;&amp#20;P@&amp#1;&amp#5;&amp#20;P@&amp#1;&amp#5;6�&amp#0;+��M�d�&amp#18;�x��&amp#30;&amp#23;P_���p=�XNA��Z�s����&amp#20;T�'!��ի���6&amp#25;�B��&amp#5;�MJ�׬Y3ƘS#K�&�2s�Ln��r����-����r�-�ƍc�;ＳE�&amp#22;���	�w�ؑ&amp#28;n&amp#6;P���!��&����/u%�s�"&amp#16;���&amp#11;&&amp#20;Z@���P&amp#6; {����s�-
>|{�! ��8R&amp#1;&amp#5;&amp#20;P��&amp#8;�_�,?w�*��&amp#2;
(��&amp#2;
(��&amp#2;
(��&amp#2;
(��&amp#2;&amp#27;E���̄��}%��^8E����NN��&amp#23;p=&amp#12;nڴi&amp#1;&amp#3;6�]�K\�>��.ɳ#T&amp#31;b�zjx�!uF^� �>d�&amp#16;�Y=��r&amp#8;�w��95��n�
&amp#2;���d��R��Ya���8^&amp#1;&amp#5;&amp#20;P@� ���k��/�&amp#2;
(��&amp#2;
(��&amp#2;
(��&amp#2;
(��&amp#2;
(P6&amp#5;���&amp#5;&amp#11;&amp#22;&amp#16;��1cF߾}�MR!�l�m����&amp#11;&amp#23;�k,�~�����&amp#24;�����+�i&amp#20;PI>&amp#12;��&amp#2;
(��&amp#2;
l&amp#20;&amp#1;
�&amp#24;n�(�T&amp#1;&amp#5;&amp#20;P@&amp#1;&amp#5;&amp#20;P@&amp#1;&amp#5;&amp#20;P@&amp#1;&amp#5;&amp#20;P@&amp#1;&amp#5;&amp#20;X�&amp#2;O?�4��'O���ٯ��<�v�&amp#5;&amp#8;��!a��&amp#23;^ a}���J�Izܘ1cƏ&amp#31;O'&amp#5;�I��L��'�جY���ē&amp#7;�V@&amp#1;&amp#5;&amp#20;P@��(`�}#�{j&amp#5;&amp#20;P@&amp#1;&amp#5;&amp#20;P@&amp#1;&amp#5;&amp#20;P@&amp#1;&amp#5;&amp#20;P@&amp#1;&amp#5;&amp#20;P`=
�´&amp#23;]t�&amp#25;g��&amp#30;��ԅ	�p�	�&amp#6;�:uj�N�:t�иqc�ٳ&amp#24;��ٳ'L�&amp#16;J�S����.c�&amp#3;�~
���
(��&amp#2;
(�1&amp#5;*�^�zc��s+��&amp#2;
(��&amp#2;
(��&amp#2;
(��&amp#2;
(��&amp#2;
�&amp#31;&amp#1;�����[�dI͚5�ԩC���s&amp#30;g�V�'r��&amp#14;&amp#27;6,�&amp#3;ڶm{���7l�0�&amp#1;�+��&amp#2;
(�@�&amp#17;���K���J&amp#20;P@&amp#1;&amp#5;&amp#20;P@&amp#1;&amp#5;&amp#20;P@&amp#1;&amp#5;&amp#20;P@&amp#1;&amp#5;&amp#20;P@&amp#1;&amp#5;ʾ��9s�z�-r��͛W�B�m�~x&amp#31;�e˖�&amp#24;Q���;T@&amp#1;&amp#5;&amp#20;P�&amp#12;	&amp#24;n/C&amp#15;�[Q@&amp#1;&amp#5;&amp#20;P@&amp#1;&amp#5;&amp#20;P@&amp#1;&amp#5;&amp#20;P@&amp#1;&amp#5;&amp#20;P@&amp#1;&amp#5;&amp#20;P@&amp#1;&amp#5;&amp#20;P@&amp#1;&amp#5;&amp#20;�P&amp#2;�&amp#14;�PҞG&amp#1;&amp#5;&amp#20;P@&amp#1;&amp#5;&amp#20;P@&amp#1;&amp#5;&amp#20;P@&amp#1;&amp#5;&amp#20;P@&amp#1;&amp#5;&amp#20;P@&amp#1;&amp#5;&amp#20;P@&amp#1;&amp#5;&amp#20;P��&amp#8;���VX�
&amp#21;��&amp#29;y&amp#31;
(��&amp#2;
(��&amp#2;
(��&amp#2;
(��&amp#2;
(��&amp#2;
(��&amp#2;
(��&amp#2;
l&amp#8;���߾!��9&amp#20;P@&amp#1;&amp#5;&amp#20;P@&amp#1;&amp#5;&amp#20;P@&amp#1;&amp#5;&amp#20;P@&amp#1;&amp#5;&amp#20;P@&amp#1;&amp#5;&amp#20;P@&amp#1;&amp#5;&amp#20;P@&amp#1;&amp#5;&amp#20;(+&amp#2;��]���<L�C&amp#1;&amp#5;&amp#20;P@&amp#1;&amp#5;&amp#20;P@&amp#1;&amp#5;&amp#20;P@&amp#1;&amp#5;&amp#20;P@&amp#1;&amp#5;&amp#20;P@&amp#1;&amp#5;&amp#20;P@&amp#1;&amp#5;&amp#20;P`C	&amp#16;nw����y&amp#20;P@&amp#1;&amp#5;&amp#20;P@&amp#1;&amp#5;&amp#20;P@&amp#1;&amp#5;&amp#20;P@&amp#1;&amp#5;&amp#20;P@&amp#1;&amp#5;&amp#20;P@&amp#1;&amp#5;&amp#20;P@&amp#1;&amp#5;ʊ��p;k�����>&amp#20;P@&amp#1;&amp#5;&amp#20;P@&amp#1;&amp#5;&amp#20;P@&amp#1;&amp#5;&amp#20;P@&amp#1;&amp#5;&amp#20;P@&amp#1;&amp#5;&amp#20;P@&amp#1;&amp#5;&amp#20;P@&amp#1;&amp#5;&amp#20;�&amp#16;&amp#2;&amp#21;+V������&amp#28;
(��&amp#2;
(��&amp#2;
(��&amp#2;
(��&amp#2;
(��&amp#2;
(��&amp#2;
(��&amp#2;eL�"&amp#25;�e얼&amp#29;&amp#5;&amp#20;P@&amp#1;&amp#5;&amp#20;P@&amp#1;&amp#5;&amp#20;P@&amp#1;&amp#5;&amp#20;P@&amp#1;&amp#5;&amp#20;P@&amp#1;&amp#5;&amp#20;P@&amp#1;&amp#5;&amp#20;P@&amp#1;&amp#5;ַ����[��&amp#21;P@&amp#1;&amp#5;&amp#20;P@&amp#1;&amp#5;&amp#20;P@&amp#1;&amp#5;&amp#20;P@&amp#1;&amp#5;&amp#20;P@&amp#1;&amp#5;&amp#20;P@&amp#1;&amp#5;&amp#20;P@&amp#1;&amp#5;ʠ@�2xOޒ&amp#2;
(��&amp#2;
(��&amp#2;
(��&amp#2;
(��&amp#2;
(��&amp#2;
(��&amp#2;
(��&amp#2;�S�B�&amp#21;sss��)�[&amp#1;&amp#5;&amp#20;P@&amp#1;&amp#5;&amp#20;P@&amp#1;&amp#5;&amp#20;P@&amp#1;&amp#5;&amp#20;P@&amp#1;&amp#5;&amp#20;P@&amp#1;&amp#5;&amp#20;P@&amp#1;&amp#5;&amp#20;P@��&P��k������(��&amp#2;
(��&amp#2;
(��&amp#2;
(��&amp#2;
(��&amp#2;
(��&amp#2;
(��&amp#2;
�&amp#1;�ɯcϠ�&amp#2;
(��&amp#2;
(��&amp#2;
(��&amp#2;
(��&amp#2;
(��&amp#2;
(��&amp#2;
(P�&amp#4;�&amp#20;�/[w��(��&amp#2;
(��&amp#2;
(��&amp#2;
(��&amp#2;
(��&amp#2;
(��&amp#2;
(��&amp#2;
(��&amp#5;&amp#8;�[L~�+{&amp#2;&amp#5;&amp#20;P@&amp#1;&amp#5;&amp#20;P@&amp#1;&amp#5;&amp#20;P@&amp#1;&amp#5;&amp#20;P@&amp#1;&amp#5;&amp#20;P@&amp#1;&amp#5;&amp#20;P@&amp#1;&amp#5;&amp#20;P@��'`v{�{�ޑ&amp#2;
(��&amp#2;
(��&amp#2;
(��&amp#2;
(��&amp#2;
(��&amp#2;
(��&amp#2;
(���&amp#21;XSL���ߓ8�&amp#2;
(��&amp#2;
(��&amp#2;
(��&amp#2;
(��&amp#2;
(��&amp#2;
(��&amp#2;
(��&amp#2;eN�b�e�zC
(��&amp#2;
(��&amp#2;
(��&amp#2;
(��&amp#2;
(��&amp#2;
(��&amp#2;
(��&amp#2;�_�b����3(��&amp#2;
(��&amp#2;
(��&amp#2;
(��&amp#2;
(��&amp#2;
(��&amp#2;
(��&amp#2;
�9&amp#1;��e�zC
(��&amp#2;
(��&amp#2;
(��&amp#2;
(��&amp#2;
(��&amp#2;
(��&amp#2;
(��&amp#2;�_�p��7�&amp#12;
(��&amp#2;
(��&amp#2;
(��&amp#2;
(��&amp#2;
(��&amp#2;
(��&amp#2;
(��&amp#2;eK`��Ն���#�n&amp#20;P@&amp#1;&amp#5;&amp#20;P@&amp#1;&amp#5;&amp#20;P@&amp#1;&amp#5;&amp#20;P@&amp#1;&amp#5;&amp#20;P@&amp#1;&amp#5;&amp#20;P@&amp#1;&amp#5;&amp#20;P@&amp#1;&amp#5;ֿ&amp#0;��
�o���3(��&amp#2;
(��&amp#2;
(��&amp#2;
(��&amp#2;
(��&amp#2;
(��&amp#2;
(��&amp#2;
(P�&amp#4;�n/S�ӛQ@&amp#1;&amp#5;&amp#20;P@&amp#1;&amp#5;&amp#20;P@&amp#1;&amp#5;&amp#20;P@&amp#1;&amp#5;&amp#20;P@&amp#1;&amp#5;&amp#20;P@&amp#1;&amp#5;&amp#20;P@&amp#1;&amp#5;&amp#20;�0&amp#2;9&amp#27;�4�E&amp#1;&amp#5;&amp#20;P@&amp#1;&amp#5;&amp#20;P@&amp#1;&amp#5;&amp#20;P@&amp#1;&amp#5;&amp#20;P@&amp#1;&amp#5;&amp#20;P`S&amp#17;X�`�C&amp#15;=��&amp#30;u�Q����r�%��A�&amp#6;-Y����K8��+��&amp#2;
(�@9&amp#17;0�^N&amp#30;����&amp#2;
(��&amp#2;
(��&amp#2;
(��&amp#2;
(��&amp#2;�&amp#23;���'O���{���[o��D��ϟ2e
{��k����*�a��?��3Ç&amp#15;?��c;w���u;�_~&amp#25;9r$s6iҤ�p��y�N���f͚m�喙W�t�ҏ>������&amp#3;&amp#14;8��&amp#23;_|q��wo����z��X��&amp#20;a}�G~��v��&amp#25;n�|��(��&amp#2;
(�@�@nnni�{L��٣�&amp#2;
(��&amp#2;
(��&amp#2;
(��&amp#2;
(��&amp#2;
�&amp#18;�&amp#15;?��ҵ�&amp#16;W���}��0��o��oL��&amp#15;>� ��ӧ�ʕ+�<dc{���]O�6-�&amp#26;V�Xѳg�0��7�&amp#8;&amp#3;&L���'�<��S_~�e�!�(��&amp#2;
(��&amp#2;��&amp#0;o&amp#26;n�$��&amp#23;��&amp#2;
(��&amp#2;
(��&amp#2;
(��&amp#2;
(��&amp#2;�K�N�:�p���+U����~��]x�ɞ��&��[ny뭷��&amp#14;&amp#29;:t��-\�6�l&amp#19;&amp#26;�j�*���)��&amp#2;
(��&amp#2;&amp#5;&amp#11;XL�`&amp#31;�*��&amp#2;
(��&amp#2;
(��&amp#2;
(��&amp#2;
(��&amp#2;&amp#27;A��o~��7�7o^�B�x�e˖Q�<n��F������u�n���뮋	`'�|rݺu&amp#27;4h���&amp#23;^�&amp#2;
(��&amp#2;
(������d�W@&amp#1;&amp#5;&amp#20;P@&amp#1;&amp#5;&amp#20;P@&amp#1;&amp#5;&amp#20;P@&amp#1;&amp#5;&amp#20;P@&amp#1;&amp#5;6�@�ڵ;v�:=5�S=�ysȐ!a&amp#1;���ۯw���4�*U��Dzi�x�M&amp#1;&amp#5;&amp#20;P@&amp#1;&amp#5;&amp#20;(T`��Ն�&amp#11;Ur�&amp#2;
(��&amp#2;
(��&amp#2;
(��&amp#2;
(��&amp#2;
(P"&amp#1;�tg	�f͚m�喿��;����&amp#23;s���n���~�}��'&amp#25;�&amp#14;g�<y��?�\�Z�=��3��&amp#30;����C;�g&amp#15;������Y�fh������W_}5eʔ�~�m�&amp#29;w�y�&amp#27;5j�&amp#28;�l3��|8]�&M�6mJ�y2�>98��رc&amp#7;&amp#12;&amp#24;��]w�����b�-�����ӧO'�}�����&amp#30;:)/�50xΜ9(qa�m�&amp#25;J{�G~���K�g�}Ƅ���z��ըQ#y��w߽z�걇g��7�0�w�}װaCN��N;��&amp#20;��&amp#22;-�&amp#17;p�Y�(�&amp#21;G��@�66³�a�&amp#29;�&amp#18;���qsy&amp#11;&amp#23;.�I�I������?�6�V�&amp#26;�	[o�u�ǆ&amp#2;
(��&amp#2;
�r&amp#1;��T�_ J�xy
(��&amp#2;
(��&amp#2;
(��&amp#2;
(��&amp#2;
(�@)&amp#23; &amp#24;|�E&amp#23;q���s&amp#15;&amp#1;�/�8u���o��&amp#6;����{�w�ĉ�&amp#26;5j&amp#20;�}����ḁ�^&amp#26;&amp#7;�y睇&amp#30;zh�|����㎸&amp#25;&amp#26;��_���
�������{��Dܓ��ֵk�dOQ�/�����Q���뭶�*5���?��������1&amp#16;&amp#30;:w�m�����k�}��WSG�{�\X&amp#12;χ�&amp#4;�o���O>�$58����&amp#7;&amp#31;&amp#28;z&amp#8;���у�xr&amp#0;������LQ�1�Ǐ���&amp#12;<��oժU�?<���>������&amp#19;SO&amp#14;�ܹ3&amp#23;�[&amp#23;�\sM�&amp#30;��nJ>�䁶&amp#21;P@&amp#1;&amp#5;&amp#20;P�&amp#20;
&amp#24;n/�&amp#15;�KR@&amp#1;&amp#5;&amp#20;P@&amp#1;&amp#5;&amp#20;P@&amp#1;&amp#5;&amp#20;P@&amp#1;&amp#5;&amp#20;P@�2(0p�@�1��d9����/��&amp#18;0&�=f̘ʕ+�wۛo�9I�䬇x0�8��cl&amp#19;�}ꩧ���{�̈́�Usȸq�h��;��q��>۫W���$������&amp#16;,�4iR&amp#28;V��&amp#7;&amp#31;|p�UWq&amp#20;s�����l����z�"5�&amp#2;&amp#0;&amp#4;�I+����&amp#7;o���&amp#29;w\�������!�ݶm[B��,!|�"��d=3�h&amp#30;6�M'
&amp#30;&amp#12;y
T&amp#14;X�l&amp#25;�z��O=���&amp#31;'���
&amp#16;6�k'6σऌ�֭&amp#27;W�'&amp#14;�&amp#14;&amp#25;=z4c&amp#16;�	���M=��c&amp#20;-���O�{�=&amp#6;���&amp#3;BB<���0aB~y�qr&amp#27;
(��&amp#2;
(P&amp#26;&amp#4;rsssx���u�J��x
				(��&amp#2;
(��&amp#2;
(��&amp#2;
(��&amp#2;
(�@i&amp#22; �J��o���G&amp#31;&amp#29;��h1&amp#1;rR�),��O�|���]ȉ�9�&amp#15;<�@�H*̇X��&amp#7;&amp#30;x�7&amp#18;�e�ҥKIv'�K���'��� �ܯ_�0�u�]&amp#23;׉��;�傓�3O&amp#29;{�C���lr�$�&amp#23;/l&amp#12;&amp#20;��\�6�l&amp#19;f��BB?9�\jLp��C��{<����`&amp#2;ꤏ��q��u�ԉ�G���6���� B&amp#1;y(���&amp#15;N&amp#28;�l0O��&amp#19;e�*~��CDh��s��[�&amp#14;&amp#5;�&amp#7;���&amp#15;lr��~&amp#0;1u&amp#2;�\&amp#0;���`�m����&amp#0;�W�ZEN��&amp#17;#hSƀ�/h�Q@&amp#1;&amp#5;&amp#20;P@�R.@ᢊ��K�Uzy
(��&amp#2;
(��&amp#2;
(��&amp#2;
(��&amp#2;
(�@�&amp#16; @&amp#27;c��&amp#17;&amp#11;u&amp#19;��&amp#22;&amp#19;��w�$W&amp#17;��Xr�)�&amp#30;b�l��8q�b~�}��ly����!PMt<���Ep��v&amp#24;Sԟ3f��ҥK8�&amp#16;~�ƍ�:C&amp#24;O
{�>}b��Ζ-[�r�)4�UϞ=;N���I&amp#16;��v6	�Sv>�I�7��&amp#0;!&amp#6;��~�qyq�vj&amp#0;\}��t�ic���y�!l&amp#14;&amp#25;2$���x��A�®8&&amp#30;&amp#24;&amp#26;d��X;=�&amp#23;p�Yg�1�c����5Sv�w&amp#20;h��&amp#31;��P@&amp#1;&amp#5;&amp#20;P@��,@�}MĽ4_�צ�&amp#2;
(��&amp#2;
(��&amp#2;
(��&amp#2;
(��&amp#2;
�&amp#1;b�&amp#20;<O�&amp#11;AeҦ�$V��U�Mb�!`�i�Q�<y,��C@�X5��î�_=4:u�&amp#28;L�%�Cl;�_����_&amp#31;r�&amp#25;I�6��B&amp#15;�s&amp#0;��1&amp#22;&amp#30;&amp#7;4k�,��-&amp#31;;��O�A�&amp#6;�'4b&amp#24;{�̙q�;�&amp#19;��]f��<o��&amp#0;!I&amp#29;�&amp#26;5jĩB���&amp#17;G&amp#28;A������K�e3Ӗr�aX����+&amp#17;���D&amp#8;���i�B�?&amp#21;P@&amp#1;&amp#5;&amp#20;P��&amp#11;&amp#24;k/���+T@&amp#1;&amp#5;&amp#20;P@&amp#1;&amp#5;&amp#20;P@&amp#1;&amp#5;&amp#20;P@&amp#1;&amp#5;&amp#20;P@�� ��N;%�N��T�^=ڬ�&amp#29;{�шAhʒ�.x�x��0g&amp#12;?�Z9=Dkժ�y:�q��̦�W
��&amp#3;&amp#20;�'�>�C2�4i�$�3^g��3&�p��_R�C�>��7&amp#15;"����&amp#26;�&�癝!�N�&amp#1;&amp#7;&amp#28;����V�Z��8yrXÆ���k֬&amp#25;z&amp#26;5j���f����2&amp#7;أ�&amp#2;
(��&amp#2;�J���&amp#28;J&amp#12;��^���&amp#23;��&amp#2;
(��&amp#2;
(��&amp#2;
(��&amp#2;
(��&amp#2;eR ����ɿ��������&amp#20;���O?���|&amp#24;&amp#31;��S�����B7w�qG
�S��&amp#21;�	�&amp#15;&amp#27;6�y��ԁ/��Ԁd&amp#25;��+3&amp#31;�]��?Z����&amp#15;��w�8��G&amp#31;�d��&amp#16;&amp#17;�`{��&amp#30;&amp#7;�F&amp#12;�'������I}�dl�~F����&amp#11;�&amp#2;�l<0����=&&amp#7;�V@&amp#1;&amp#5;&amp#20;P@�R%��s
��}��V/F&amp#1;&amp#5;&amp#20;P@&amp#1;&amp#5;&amp#20;P@&amp#1;&amp#5;&amp#20;P@&amp#1;&amp#5;&amp#20;P@&amp#1;&amp#5;&amp#20;��&amp#2;�/&amp#21;�&amp#26;X����&amp#22;z`���a&amp#5;&amp#4;�C�yɒ%ad~�T�z�BϘ9�&amp#5;�Y����n��U�i�&�&amp#19;O<�gh9��ؓ�U�&amp#1;�q�!�<������v�z�I'���t�җ^zi�ĉ�9�c�(&amp#16;&amp#7;/X��6��cO�A-wp����y�[l�ErplW�Z5�#i�&amp#21;��cO��g���&amp#0;�
(��&amp#2;
(�I&amp#8;���&amp#27;s�ģ�"&amp#21;P@&amp#1;&amp#5;&amp#20;P@&amp#1;&amp#5;&amp#20;P@&amp#1;&amp#5;&amp#20;P@&amp#1;&amp#5;&amp#20;P`c	�&amp#0;v�Ktǫ�={vhW�R%vn�F�ss.r��&amp#2;���:�XO&amp#6;铃�WϼR�Ja�C&amp#15;=���G�&amp#28;I��W�^&amp#3;&amp#6;&amp#12;���g)y���Ç&amp#15;�ҥ&amp#11;��cF{����/����) �<y�ܹs���M�*�ή�^�&amp#11;��d#V�/8��<Ķ&amp#2;
(��&amp#2;
�%�&amp#28;�nQ�vms���C�^&amp#20;P@&amp#1;&amp#5;&amp#20;P@&amp#1;&amp#5;&amp#20;P@&amp#1;&amp#5;&amp#20;P@&amp#1;&amp#5;&amp#20;P`�
��șsƌ&amp#25;&amp#5;�<}����q��&amp#5;&amp#12;[&amp#31;�&amp#26;4h&amp#16;��
&amp#11;���E��o��6�&amp#21;Ǚg���%�ȋ/���?f&amp#5;�&amp#15;>�`Ȑ!D�K8a~��V�l�2��mۖ*�d�C���u��ׯ&amp#31;&!v��@��&amp#7;��y8d֬Y��{�5D��9�&amp#30;&amp#5;&amp#20;P@&amp#1;&amp#5;&amp#20;(�&amp#2;o��v�E�&amp#22;����&amp#20;P@&amp#1;&amp#5;&amp#20;P@&amp#1;&amp#5;&amp#20;P@&amp#1;&amp#5;&amp#20;P@&amp#1;&amp#5;&amp#20;P@�u"@&amp#28;7�a��'3ˆ�S����3��&ڽ�J��J�����1c�PӴлnذ!c�N���&amp#11;&amp#4;,�^�&amp#12;&amp#5;&amp#15;�6���&amp#30;�&amp#6;&amp#26;T�	�;&amp#29;&amp#21;��J?��3o���nݺ�s�9G&amp#30;ydf���c���W^ɜ��O?��d���9nܸ̽8�}&amp#8;�y�1�&amp#16;{&amp#20;P@&amp#1;&amp#5;&amp#20;P�,	����,Wcj{Yz�ދ&amp#2;
(��&amp#2;
(��&amp#2;
(��&amp#2;
(��&amp#2;
�&amp#15;&amp#1;��3-������=u
���v�m���c�M�]W�q&amp#17;�w�y'5'�Քp��>�1�Ԙd&amp#24;�C�&amp#14;a�СC��t����㏧�-�&&amp#17;�o�9&amp#28;�"�a��b�S�!d���w&amp#12;���&amp#11;&amp#24;|�a����r�n��&amp#21;+&amp#6;&amp#15;&amp#30;�y,��&amp#7;&amp#30;x �䮽�&amp#1;�?�<�+�y�������1n*��&amp#2;
(�@Y&amp#21;�oP3g��Y�t)��RdY�[�K&amp#1;&amp#5;&amp#20;P@&amp#1;&amp#5;&amp#20;P@&amp#1;&amp#5;&amp#20;P@&amp#1;&amp#5;&amp#20;P@&amp#1;&amp#5;&amp#20;(��Yg���s�&amp#17;�}ꩧ��&�z�&amp#29;v`Mw"��\&amp#31;x����w˖-;v�X�&amp#19;&amp#21;pl�F��އ&amp#30;z�e�ɽ&՞|��U���嗿���4z��M!�c�9�&amp#20;v��+�2e�K/�������&amp#25;&amp#14;>���wޙ+�v&amp#8;6�&amp#29;����&amp#11;&amp#7;�&&amp#30;Ɣ��!�&amp#28;&amp#18;&amp#22;q&amp#7;禛n�۷���&amp#15;���Ӈ��y"a�xr�I���&amp#0;�#���y�&amp#24;&amp#30;��۳g�]v�e�ʕ_�5&amp#23;&amp#22;&amp#2;癷|�&amp#21;Wt�ܙ��.���y��֭��&amp#15;?&amp#16;k硇�]�v�<�&amp#30;&amp#5;&amp#20;P@&amp#1;&amp#5;&amp#20;(�&amp#2;�-�ee&amp#8;��f��l?i�N&amp#1;&amp#5;&amp#20;P@&amp#1;&amp#5;&amp#20;P@&amp#1;&amp#5;&amp#20;P@&amp#1;&amp#5;&amp#20;P@&amp#1;&amp#5;J.@&amp#4;��n�^���&amp#18;m��[2�lժ&amp#21;&amp#3;�߿��h�"���5&amp#16;�&amp#23;УG�&amp#16;&amp#15;&���q(�NY�P�>y����$&amp#8;}�7^r�%Īy��O�E�w&amp#11;H&amp#1;O�&amp#20;��)�"�o��ƨQ�N=��bO�y �T&amp#29;��{�E&amp#16;�Oj̮��:`���R;Q�/���&amp#2;&amp#0;&amp#0;�w�y��ؒ���'�$;i&amp#3;~�w^u�U�yY!��&amp#16;�Q-�o&amp#5;!��Qn*��&amp#2;
(�@y&amp#16;��Ɗ�&amp#23;/���T���p�ޣ&amp#2;
(��&amp#2;
(��&amp#2;
(��&amp#2;
(��&amp#2;
(P$�&M��&amp#24;1�{��q��x8�����#&amp#22;[�V�ؙj���T'�!<��&amp#27;63;9K(o&amp#30;�I�&amp#19;O��رc۷o�&amp#25;&amp#0;nݺ5���(&amp#26;M�6&amp#29;=zt�6m��D������/���w�srr�{�l�1�������;&amp#23;&amp#31;���&amp#25;��W&amp#19;��g�{c�&amp#2;�$�X;øw*��9�#�&amp#5;�'O&�?NR�z���&amp#4;I&amp#31;J�&amp#19;�����{oF�ۉGQ��&amp#23;&amp#5;X&amp#18;>�� �ޮ];�&amp#15;:�d?�<�]&amp#24;&amp#19;/>6���ٙ&amp#28;`[&amp#1;&amp#5;&amp#20;P@&amp#1;&amp#5;J�&amp#0;U�	�W&amp#24;?~����_�Jϕy%
(��&amp#2;
(��&amp#2;
(��&amp#2;
(��&amp#2;
(�@)&amp#23;�&amp#8;9�C��n����&amp#3;�&amp#11;&amp#23;.�={6�����)1*�ϙ3�T+��&amp#19;]&;?5 n���r/ԥ��<Q��_�&amp#27;&amp#20;&amp#24;&amp#24;7n&amp#28;&amp#23;I�9��+WN^0��T�&amp#15;&amp#21;�'N���*�O?�4w�\&amp#22;}O�ޓ3d��Wuؗ-[�y&amp#1;�Ud&amp#30;h�&amp#2;
(��&amp#2;
�1&amp#1;��E���K/�aQ&amp#31;V�aI��[�e�n�&amp#29;&amp#5;&amp#20;P@&amp#1;&amp#5;&amp#20;P@&amp#1;&amp#5;&amp#20;P@&amp#1;&amp#5;&amp#20;P@&amp#1;&amp#5;&amp#20;P`�
�&amp#3;���nOQ�lTG�&amp#5;��&amp#27;F��O~{���+РA�dO�o�A��S�����&amp#11;�&amp#1;��C�&amp#12;a&amp#23;��̗&amp#18;��&amp#23;5d^�J&amp#21;�-=�\�(��&amp#2;
(�@�&amp#18;&amp#8;��)r�_�*��&amp#31;/-�)W&amp#4;ެ&amp#2;
(��&amp#2;
(��&amp#2;
(��&amp#2;
(��&amp#2;
(���+@~�x���w&amp#23;���&amp#15;���_�o*�&amp#21;P@&amp#1;&amp#5;&amp#20;P@��&amp#0;5r^�u&amp#18;�+RA�&amp#4;��>��ݔ&amp#12;J&amp#14;���&amp#2;
(��&amp#2;
(��&amp#2;
(��&amp#2;
(��&amp#2;
(�@)&amp#20; �&amp#30;��/��&amp#2;%�SWȿu?��&amp#19;�x��U�V�˱�ƻ��&amp#2;
(��&amp#2;
d)@j;Q�>}�Pk�����6۬r�-X�|��,��&amp#28;��&amp#2;
(��&amp#2;
(��&amp#2;
(��&amp#2;
(��&amp#2;
(��z&amp#18;8�&amp#19;&amp#6;&amp#26;4u��N�:u�Сq��[l�&amp#5;�����&amp#19;&L&amp#8;��SR���.[O&amp#23;�
(��&amp#2;
(P&amp#14;&amp#5;��O�<�Em��s�&amp#21;>���U�V͟7������w9&amp#20;�&amp#21;P@&amp#1;&amp#5;&amp#20;P@&amp#1;&amp#5;&amp#20;P@&amp#1;&amp#5;&amp#20;P@&amp#1;&amp#5;&amp#20;P@&amp#1;&amp#5;69&amp#1;r����aÆ�w�m۶=���&amp#27;6l��&amp#0;�&amp#21;P@&amp#1;&amp#5;&amp#20;P@��
�7����O�4)�ϩ@����_����k�nѢE�/꼎W@&amp#1;&amp#5;&amp#20;P@&amp#1;&amp#5;&amp#20;P@&amp#1;&amp#5;&amp#20;P@&amp#1;&amp#5;&amp#20;P@&amp#1;&amp#5;&amp#20;P`&amp#3;&amp#11;P�����"�}޼yd�m��S�N��-[֬Ys&amp#3;_��S@&amp#1;&amp#5;&amp#20;P@��-@$�W�^Ç&amp#15;'�Nv���:��,c�g��E����d�&{�g�V��&amp#20;P@&amp#1;&amp#5;&amp#20;P@&amp#1;&amp#5;&amp#20;P@&amp#1;&amp#5;&amp#20;P@&amp#1;&amp#5;&amp#20;P@&amp#1;&amp#5;&amp#20;P@&amp#1;&amp#5;&amp#20;P@&amp#1;&amp#5;&amp#20;(�����߻wo&amp#2;�|9&amp#21;*�!ll]���U�_}5�R�J��[��u�&amp#2;
(��&amp#2;
(��&amp#2;
(��&amp#2;
(��&amp#2;
(��&amp#2;
(��&amp#2;
(��&amp#2;eU`���w�q��P��U�	���&amp#15;9�P�R�
,߾zun�j��������ϭZ�*�&amp#16;ޗ&amp#2;
(��&amp#2;
(��&amp#2;
(��&amp#2;
(��&amp#2;
(��&amp#2;
(��&amp#2;
(��&amp#2;�
P1�R�7�pÈ&amp#17;#X�&浇&amp#3;�&amp#20;��+wU�&amp#31;*����ʕ+�.]�`�ό$���[��^�9&amp#28;��&amp#2;
(��&amp#2;
(��&amp#2;
(��&amp#2;
(��&amp#2;
(��&amp#2;
(��&amp#2;
(�@�&amp#16;X�.��������{�&amp#19;7O����
� &amp#26;&amp#31;v,_��Eݗ-[�bŊ�&amp#11;&amp#23;.X��~����_ժU��O�����](��&amp#2;
(��&amp#2;
(��&amp#2;
(��&amp#2;
(��&amp#2;
(��&amp#2;
(��&amp#2;
(�&amp#20; 8��&amp#15;?���o�رd�&amp#19;('�&amp#30;>�&amp#17;&amp#6;W�|�$R��&amp#14;�d�&amp#19;}��gɒ%&amp#11;&amp#23;-\�hq�ڵw�qǝvډc��g<>yJ�
(��&amp#2;
(��&amp#2;
(��&amp#2;
(��&amp#2;
(��&amp#2;
(��&amp#2;
(��&amp#2;
lB&amp#2;kc���yN�&amp#28;�g�}vܸq���:i�&amp#4;�C�=�Q2V^�/�`ǚ��s���J&amp#21;+-_��<�&amp#21;+W�\�*wՒ�~[�t�o��Ƽն�V�5�n�%��W�Re����pz&amp#26;�&��&amp#30;�A؞�|b'6����O���82�Ü_&amp#31;&amp#4;�&amp#26;&amp#4;���&amp#8;�&amp#19;�?�A&amp#31;��oB�>�ߨ��&amp#4;&amp#4;��&amp#17;��&amp#17;}�A�ߟ����&amp#28;��!������&amp#31;�����&amp#31;@�&amp#31;��&amp#16;(�������C��@��&amp#15;�~X�t��k�&amp#6;͗��&amp#15;�~�OD����&amp#7;?�&amp#29;X����&amp#15;k�
�~��C�&amp#19;���S&amp#16;J���^{m���3gΜ6mڔ�&amp#31;"��݆�?��c;���&amp#3;����f�ߥ&amp#0;&amp#0;&amp#0;&amp#0;IEND�B`�
Body:			<none>
  When I call "attachmentIssueResource" with "POST" http request # stepDefinitions.Test.i_call_with_post_http_request(java.lang.String,java.lang.String)
  Then I verify API call got success with staus code 200         # stepDefinitions.Test.i_verify_api_call_got_success_with_status_code(int)
]]></system-out>
  </testcase>
  <testcase name="Validate JIRA Issue Fields" classname="Validate E2E Jira Issue creation, modification and deletion" time="2.157">
    <system-out><![CDATA[
@JiraValidation @getIssue
Scenario: Validate JIRA Issue Fields                     # src/test/resources/features/JiraValidation.feature:22
  Given I set "issueId" path parameter with "id"         # stepDefinitions.Test.i_set_path_parameter(java.lang.String,java.lang.String)
  Given I build the request                              # stepDefinitions.Test.i_build_the_request()
Request method:	GET
Request URI:	https://aishwaryakandavel.atlassian.net/rest/api/3/issue/10090
Proxy:			<none>
Request params:	<none>
Query params:	<none>
Form params:	<none>
Path params:	issueId=10090
Headers:		Authorization=Basic YWlzaHdhcnlhLmthbmRhdmVsQGdtYWlsLmNvbTpBVEFUVDN4RmZHRjAzV05BaU5BMlo0RDVzek8wdnZlS29PeklQRXFLeW91OXF4UU5xS2RkZ1JkZVQ3S3VidV9iVFdmZ2V4TXAtS3B5Y2c0NU1qZmUzNVFMTlpyckZVTFplSG5ic0ItRTg3anVGbDIwdmxINFBmVHdOZ2t2UHotV2lPcHFsWU5aNVNjUUxOeklrWE5zM2pFMERvLV9ZcDc3YnptTmhTVXNzdTBub0F1MkZjdmszaW89RUFGMEJGREQ=
				Accept=*/*
Cookies:		<none>
Multiparts:		<none>
Body:			<none>
Request method:	GET
Request URI:	https://aishwaryakandavel.atlassian.net/rest/api/3/issue/10090
Proxy:			<none>
Request params:	<none>
Query params:	<none>
Form params:	<none>
Path params:	issueId=10090
Headers:		Authorization=Basic YWlzaHdhcnlhLmthbmRhdmVsQGdtYWlsLmNvbTpBVEFUVDN4RmZHRjAzV05BaU5BMlo0RDVzek8wdnZlS29PeklQRXFLeW91OXF4UU5xS2RkZ1JkZVQ3S3VidV9iVFdmZ2V4TXAtS3B5Y2c0NU1qZmUzNVFMTlpyckZVTFplSG5ic0ItRTg3anVGbDIwdmxINFBmVHdOZ2t2UHotV2lPcHFsWU5aNVNjUUxOeklrWE5zM2pFMERvLV9ZcDc3YnptTmhTVXNzdTBub0F1MkZjdmszaW89RUFGMEJGREQ=
				Accept=*/*
Cookies:		<none>
Multiparts:		<none>
Body:			<none>
  When I call "getIssueResource" with "GET" http request # stepDefinitions.Test.i_call_with_post_http_request(java.lang.String,java.lang.String)
  Then I verify API call got success with staus code 200 # stepDefinitions.Test.i_verify_api_call_got_success_with_status_code(int)
  Then I verify "id" value                               # stepDefinitions.Test.i_verify_value(java.lang.String)
  Then I verify "self" value                             # stepDefinitions.Test.i_verify_value(java.lang.String)
  Then I verify "key" value                              # stepDefinitions.Test.i_verify_value(java.lang.String)
]]></system-out>
  </testcase>
  <testcase name="Validate Jira Issue Updation" classname="Validate E2E Jira Issue creation, modification and deletion" time="0.463">
    <system-out><![CDATA[
@JiraValidation @updateAssignee
Scenario: Validate Jira Issue Updation                   # src/test/resources/features/JiraValidation.feature:32
  Given I add the payload for "PutAssigneeInJiraIssue"   # stepDefinitions.Test.i_add_the_payload_for(java.lang.String)
  Given I set "issueIdOrKey" path parameter with "id"    # stepDefinitions.Test.i_set_path_parameter(java.lang.String,java.lang.String)
  Given I build the request                              # stepDefinitions.Test.i_build_the_request()
Request method:	PUT
Request URI:	https://aishwaryakandavel.atlassian.net/rest/api/3/issue/10090/assignee
Proxy:			<none>
Request params:	<none>
Query params:	<none>
Form params:	<none>
Path params:	issueIdOrKey=10090
Headers:		Authorization=Basic YWlzaHdhcnlhLmthbmRhdmVsQGdtYWlsLmNvbTpBVEFUVDN4RmZHRjAzV05BaU5BMlo0RDVzek8wdnZlS29PeklQRXFLeW91OXF4UU5xS2RkZ1JkZVQ3S3VidV9iVFdmZ2V4TXAtS3B5Y2c0NU1qZmUzNVFMTlpyckZVTFplSG5ic0ItRTg3anVGbDIwdmxINFBmVHdOZ2t2UHotV2lPcHFsWU5aNVNjUUxOeklrWE5zM2pFMERvLV9ZcDc3YnptTmhTVXNzdTBub0F1MkZjdmszaW89RUFGMEJGREQ=
				Accept=*/*
				Content-Type=application/json
Cookies:		<none>
Multiparts:		<none>
Body:			<none>
Request method:	PUT
Request URI:	https://aishwaryakandavel.atlassian.net/rest/api/3/issue/10090/assignee
Proxy:			<none>
Request params:	<none>
Query params:	<none>
Form params:	<none>
Path params:	issueIdOrKey=10090
Headers:		Authorization=Basic YWlzaHdhcnlhLmthbmRhdmVsQGdtYWlsLmNvbTpBVEFUVDN4RmZHRjAzV05BaU5BMlo0RDVzek8wdnZlS29PeklQRXFLeW91OXF4UU5xS2RkZ1JkZVQ3S3VidV9iVFdmZ2V4TXAtS3B5Y2c0NU1qZmUzNVFMTlpyckZVTFplSG5ic0ItRTg3anVGbDIwdmxINFBmVHdOZ2t2UHotV2lPcHFsWU5aNVNjUUxOeklrWE5zM2pFMERvLV9ZcDc3YnptTmhTVXNzdTBub0F1MkZjdmszaW89RUFGMEJGREQ=
				Accept=*/*
				Content-Type=application/json
Cookies:		<none>
Multiparts:		<none>
Body:			<none>
  When I call "putIssueResource" with "PUT" http request # stepDefinitions.Test.i_call_with_post_http_request(java.lang.String,java.lang.String)
  Then I verify API call got success with staus code 204 # stepDefinitions.Test.i_verify_api_call_got_success_with_status_code(int)
]]></system-out>
  </testcase>
  <testcase name="Delete JIRA Issue" classname="Validate E2E Jira Issue creation, modification and deletion" time="0.678">
    <system-out><![CDATA[
@JiraValidation @deleteIssue
Scenario: Delete JIRA Issue                                    # src/test/resources/features/JiraValidation.feature:40
  Given I set "issueId" path parameter with "id"               # stepDefinitions.Test.i_set_path_parameter(java.lang.String,java.lang.String)
  Given I build the request                                    # stepDefinitions.Test.i_build_the_request()
Request method:	DELETE
Request URI:	https://aishwaryakandavel.atlassian.net/rest/api/3/issue/10090
Proxy:			<none>
Request params:	<none>
Query params:	<none>
Form params:	<none>
Path params:	issueId=10090
Headers:		Authorization=Basic YWlzaHdhcnlhLmthbmRhdmVsQGdtYWlsLmNvbTpBVEFUVDN4RmZHRjAzV05BaU5BMlo0RDVzek8wdnZlS29PeklQRXFLeW91OXF4UU5xS2RkZ1JkZVQ3S3VidV9iVFdmZ2V4TXAtS3B5Y2c0NU1qZmUzNVFMTlpyckZVTFplSG5ic0ItRTg3anVGbDIwdmxINFBmVHdOZ2t2UHotV2lPcHFsWU5aNVNjUUxOeklrWE5zM2pFMERvLV9ZcDc3YnptTmhTVXNzdTBub0F1MkZjdmszaW89RUFGMEJGREQ=
				Accept=*/*
Cookies:		<none>
Multiparts:		<none>
Body:			<none>
Request method:	DELETE
Request URI:	https://aishwaryakandavel.atlassian.net/rest/api/3/issue/10090
Proxy:			<none>
Request params:	<none>
Query params:	<none>
Form params:	<none>
Path params:	issueId=10090
Headers:		Authorization=Basic YWlzaHdhcnlhLmthbmRhdmVsQGdtYWlsLmNvbTpBVEFUVDN4RmZHRjAzV05BaU5BMlo0RDVzek8wdnZlS29PeklQRXFLeW91OXF4UU5xS2RkZ1JkZVQ3S3VidV9iVFdmZ2V4TXAtS3B5Y2c0NU1qZmUzNVFMTlpyckZVTFplSG5ic0ItRTg3anVGbDIwdmxINFBmVHdOZ2t2UHotV2lPcHFsWU5aNVNjUUxOeklrWE5zM2pFMERvLV9ZcDc3YnptTmhTVXNzdTBub0F1MkZjdmszaW89RUFGMEJGREQ=
				Accept=*/*
Cookies:		<none>
Multiparts:		<none>
Body:			<none>
  When I call "deleteIssueResource" with "DELETE" http request # stepDefinitions.Test.i_call_with_post_http_request(java.lang.String,java.lang.String)
  Then I verify API call got success with staus code 204       # stepDefinitions.Test.i_verify_api_call_got_success_with_status_code(int)
]]></system-out>
  </testcase>
</testsuite>